<?xml version="1.0" encoding="UTF-8"?>
<testsuite name="AntiFraudTest" tests="1" skipped="0" failures="1" errors="0" timestamp="2024-07-18T21:39:09" hostname="Carmens-MacBook-Pro-2.local" time="21.171">
  <properties/>
  <testcase name="start" classname="AntiFraudTest" time="21.171">
    <failure message="java.lang.AssertionError: Wrong answer in test #9&#10;&#10;GET /api/auth/list should respond with status code 200, responded: 401&#10;Response body:" type="java.lang.AssertionError">java.lang.AssertionError: Wrong answer in test #9

GET /api/auth/list should respond with status code 200, responded: 401
Response body:
	at org.junit.Assert.fail(Assert.java:89)
	at org.hyperskill.hstest.stage.StageTest.start(StageTest.java:203)
	at java.base/jdk.internal.reflect.NativeMethodAccessorImpl.invoke0(Native Method)
	at java.base/jdk.internal.reflect.NativeMethodAccessorImpl.invoke(NativeMethodAccessorImpl.java:77)
	at java.base/jdk.internal.reflect.DelegatingMethodAccessorImpl.invoke(DelegatingMethodAccessorImpl.java:43)
	at java.base/java.lang.reflect.Method.invoke(Method.java:568)
	at org.junit.runners.model.FrameworkMethod$1.runReflectiveCall(FrameworkMethod.java:59)
	at org.junit.internal.runners.model.ReflectiveCallable.run(ReflectiveCallable.java:12)
	at org.junit.runners.model.FrameworkMethod.invokeExplosively(FrameworkMethod.java:56)
	at org.junit.internal.runners.statements.InvokeMethod.evaluate(InvokeMethod.java:17)
	at org.junit.internal.runners.statements.RunAfters.evaluate(RunAfters.java:27)
	at org.junit.runners.ParentRunner$3.evaluate(ParentRunner.java:306)
	at org.junit.runners.BlockJUnit4ClassRunner$1.evaluate(BlockJUnit4ClassRunner.java:100)
	at org.junit.runners.ParentRunner.runLeaf(ParentRunner.java:366)
	at org.junit.runners.BlockJUnit4ClassRunner.runChild(BlockJUnit4ClassRunner.java:103)
	at org.junit.runners.BlockJUnit4ClassRunner.runChild(BlockJUnit4ClassRunner.java:63)
	at org.junit.runners.ParentRunner$4.run(ParentRunner.java:331)
	at org.junit.runners.ParentRunner$1.schedule(ParentRunner.java:79)
	at org.junit.runners.ParentRunner.runChildren(ParentRunner.java:329)
	at org.junit.runners.ParentRunner.access$100(ParentRunner.java:66)
	at org.junit.runners.ParentRunner$2.evaluate(ParentRunner.java:293)
	at org.junit.runners.ParentRunner$3.evaluate(ParentRunner.java:306)
	at org.junit.runners.ParentRunner.run(ParentRunner.java:413)
	at org.gradle.api.internal.tasks.testing.junit.JUnitTestClassExecutor.runTestClass(JUnitTestClassExecutor.java:108)
	at org.gradle.api.internal.tasks.testing.junit.JUnitTestClassExecutor.execute(JUnitTestClassExecutor.java:57)
	at org.gradle.api.internal.tasks.testing.junit.JUnitTestClassExecutor.execute(JUnitTestClassExecutor.java:39)
	at org.gradle.api.internal.tasks.testing.junit.AbstractJUnitTestClassProcessor.processTestClass(AbstractJUnitTestClassProcessor.java:62)
	at org.gradle.api.internal.tasks.testing.SuiteTestClassProcessor.processTestClass(SuiteTestClassProcessor.java:52)
	at java.base/jdk.internal.reflect.NativeMethodAccessorImpl.invoke0(Native Method)
	at java.base/jdk.internal.reflect.NativeMethodAccessorImpl.invoke(NativeMethodAccessorImpl.java:77)
	at java.base/jdk.internal.reflect.DelegatingMethodAccessorImpl.invoke(DelegatingMethodAccessorImpl.java:43)
	at java.base/java.lang.reflect.Method.invoke(Method.java:568)
	at org.gradle.internal.dispatch.ReflectionDispatch.dispatch(ReflectionDispatch.java:36)
	at org.gradle.internal.dispatch.ReflectionDispatch.dispatch(ReflectionDispatch.java:24)
	at org.gradle.internal.dispatch.ContextClassLoaderDispatch.dispatch(ContextClassLoaderDispatch.java:33)
	at org.gradle.internal.dispatch.ProxyDispatchAdapter$DispatchingInvocationHandler.invoke(ProxyDispatchAdapter.java:94)
	at jdk.proxy1/jdk.proxy1.$Proxy2.processTestClass(Unknown Source)
	at org.gradle.api.internal.tasks.testing.worker.TestWorker$2.run(TestWorker.java:176)
	at org.gradle.api.internal.tasks.testing.worker.TestWorker.executeAndMaintainThreadName(TestWorker.java:129)
	at org.gradle.api.internal.tasks.testing.worker.TestWorker.execute(TestWorker.java:100)
	at org.gradle.api.internal.tasks.testing.worker.TestWorker.execute(TestWorker.java:60)
	at org.gradle.process.internal.worker.child.ActionExecutionWorker.execute(ActionExecutionWorker.java:56)
	at org.gradle.process.internal.worker.child.SystemApplicationClassLoaderWorker.call(SystemApplicationClassLoaderWorker.java:113)
	at org.gradle.process.internal.worker.child.SystemApplicationClassLoaderWorker.call(SystemApplicationClassLoaderWorker.java:65)
	at worker.org.gradle.process.internal.worker.GradleWorkerMain.run(GradleWorkerMain.java:69)
	at worker.org.gradle.process.internal.worker.GradleWorkerMain.main(GradleWorkerMain.java:74)
</failure>
  </testcase>
  <system-out><![CDATA[?[1;31m
Start test 1?[0m
?[0;34m
?[0m?[0;34m  .   ____          _            __ _ _
?[0m?[0;34m /\\ / ___'_ __ _ _(_)_ __  __ _ \ \ \ \
?[0m?[0;34m( ( )\___ | '_ | '_| | '_ \/ _` | \ \ \ \
?[0m?[0;34m \\/  ___)| |_)| | | | | || (_| |  ) ) ) )
?[0m?[0;34m  '  |____| .__|_| |_|_| |_\__, | / / / /
?[0m?[0;34m =========|_|==============|___/=/_/_/_/
?[0m?[0;34m :: Spring Boot ::                (v3.0.2)
?[0m?[0;34m
?[0m?[0;34m2024-07-18T17:39:10.406-04:00  INFO 93785 --- [    Test worker] antifraud.AntiFraudApplication           : Starting AntiFraudApplication using Java 17.0.11 with PID 93785 (started by CarmenLaptop in /Users/CarmenLaptop/Desktop/coding/Anti-Fraud System/Anti-Fraud System/task)
?[0m?[0;34m2024-07-18T17:39:10.412-04:00 DEBUG 93785 --- [    Test worker] antifraud.AntiFraudApplication           : Running with Spring Boot v3.0.2, Spring v6.0.4
?[0m?[0;34m2024-07-18T17:39:10.413-04:00  INFO 93785 --- [    Test worker] antifraud.AntiFraudApplication           : No active profile set, falling back to 1 default profile: "default"
?[0m?[0;34m2024-07-18T17:39:10.415-04:00 DEBUG 93785 --- [    Test worker] o.s.boot.SpringApplication               : Loading source class antifraud.AntiFraudApplication
?[0m?[0;34m2024-07-18T17:39:10.478-04:00 DEBUG 93785 --- [    Test worker] ConfigServletWebServerApplicationContext : Refreshing org.springframework.boot.web.servlet.context.AnnotationConfigServletWebServerApplicationContext@721eb7df
?[0m?[0;34m2024-07-18T17:39:10.539-04:00 DEBUG 93785 --- [    Test worker] o.s.b.f.s.DefaultListableBeanFactory     : Creating shared instance of singleton bean 'org.springframework.context.annotation.internalConfigurationAnnotationProcessor'
?[0m?[0;34m2024-07-18T17:39:10.557-04:00 DEBUG 93785 --- [    Test worker] o.s.b.f.s.DefaultListableBeanFactory     : Creating shared instance of singleton bean 'org.springframework.boot.autoconfigure.internalCachingMetadataReaderFactory'
?[0m?[0;34m2024-07-18T17:39:10.639-04:00 DEBUG 93785 --- [    Test worker] o.s.c.a.ClassPathBeanDefinitionScanner   : Identified candidate component class: file [/Users/CarmenLaptop/Desktop/coding/Anti-Fraud System/Anti-Fraud System/task/build/classes/java/main/antifraud/config/PasswordConfig.class]
?[0m?[0;34m2024-07-18T17:39:10.640-04:00 DEBUG 93785 --- [    Test worker] o.s.c.a.ClassPathBeanDefinitionScanner   : Identified candidate component class: file [/Users/CarmenLaptop/Desktop/coding/Anti-Fraud System/Anti-Fraud System/task/build/classes/java/main/antifraud/config/RestAuthenticationEntryPoint.class]
?[0m?[0;34m2024-07-18T17:39:10.648-04:00 DEBUG 93785 --- [    Test worker] o.s.c.a.ClassPathBeanDefinitionScanner   : Identified candidate component class: file [/Users/CarmenLaptop/Desktop/coding/Anti-Fraud System/Anti-Fraud System/task/build/classes/java/main/antifraud/config/SecurityConfig.class]
?[0m?[0;34m2024-07-18T17:39:10.661-04:00 DEBUG 93785 --- [    Test worker] o.s.c.a.ClassPathBeanDefinitionScanner   : Identified candidate component class: file [/Users/CarmenLaptop/Desktop/coding/Anti-Fraud System/Anti-Fraud System/task/build/classes/java/main/antifraud/controller/AntiFraudController.class]
?[0m?[0;34m2024-07-18T17:39:10.666-04:00 DEBUG 93785 --- [    Test worker] o.s.c.a.ClassPathBeanDefinitionScanner   : Identified candidate component class: file [/Users/CarmenLaptop/Desktop/coding/Anti-Fraud System/Anti-Fraud System/task/build/classes/java/main/antifraud/controller/AuthController.class]
?[0m?[0;34m2024-07-18T17:39:10.670-04:00 DEBUG 93785 --- [    Test worker] o.s.c.a.ClassPathBeanDefinitionScanner   : Identified candidate component class: file [/Users/CarmenLaptop/Desktop/coding/Anti-Fraud System/Anti-Fraud System/task/build/classes/java/main/antifraud/service/CustomUserDetailsService.class]
?[0m?[0;34m2024-07-18T17:39:11.584-04:00  INFO 93785 --- [    Test worker] .s.d.r.c.RepositoryConfigurationDelegate : Bootstrapping Spring Data JPA repositories in DEFAULT mode.
?[0m?[0;34m2024-07-18T17:39:11.592-04:00 DEBUG 93785 --- [    Test worker] o.s.b.f.s.DefaultListableBeanFactory     : Creating shared instance of singleton bean 'org.springframework.boot.autoconfigure.AutoConfigurationPackages'
?[0m?[0;34m2024-07-18T17:39:11.599-04:00 DEBUG 93785 --- [    Test worker] o.s.b.a.AutoConfigurationPackages        : @EnableAutoConfiguration was declared on a class in the package 'antifraud'. Automatic @Repository and @Entity scanning is enabled.
?[0m?[0;34m2024-07-18T17:39:11.601-04:00 DEBUG 93785 --- [    Test worker] .s.d.r.c.RepositoryConfigurationDelegate : Scanning for JPA repositories in packages antifraud.
?[0m?[0;34m2024-07-18T17:39:11.611-04:00 DEBUG 93785 --- [    Test worker] o.s.d.r.c.RepositoryComponentProvider    : Identified candidate component class: file [/Users/CarmenLaptop/Desktop/coding/Anti-Fraud System/Anti-Fraud System/task/build/classes/java/main/antifraud/repository/UserRepository.class]
?[0m?[0;34m2024-07-18T17:39:11.641-04:00  INFO 93785 --- [    Test worker] .s.d.r.c.RepositoryConfigurationDelegate : Finished Spring Data repository scanning in 39 ms. Found 1 JPA repository interfaces.
?[0m?[0;34m2024-07-18T17:39:11.863-04:00 DEBUG 93785 --- [    Test worker] o.s.b.f.s.DefaultListableBeanFactory     : Creating shared instance of singleton bean 'propertySourcesPlaceholderConfigurer'
?[0m?[0;34m2024-07-18T17:39:11.871-04:00 DEBUG 93785 --- [    Test worker] o.s.b.f.s.DefaultListableBeanFactory     : Creating shared instance of singleton bean 'emBeanDefinitionRegistrarPostProcessor'
?[0m?[0;34m2024-07-18T17:39:11.872-04:00 DEBUG 93785 --- [    Test worker] o.s.b.f.s.DefaultListableBeanFactory     : Creating shared instance of singleton bean 'org.springframework.boot.sql.init.dependency.DatabaseInitializationDependencyConfigurer$DependsOnDatabaseInitializationPostProcessor'
?[0m?[0;34m2024-07-18T17:39:11.930-04:00 DEBUG 93785 --- [    Test worker] o.s.b.f.s.DefaultListableBeanFactory     : Creating shared instance of singleton bean 'org.springframework.context.event.internalEventListenerProcessor'
?[0m?[0;34m2024-07-18T17:39:11.932-04:00 DEBUG 93785 --- [    Test worker] o.s.b.f.s.DefaultListableBeanFactory     : Creating shared instance of singleton bean 'conversionServicePostProcessor'
?[0m?[0;34m2024-07-18T17:39:11.940-04:00 DEBUG 93785 --- [    Test worker] o.s.b.f.s.DefaultListableBeanFactory     : Creating shared instance of singleton bean 'preserveErrorControllerTargetClassPostProcessor'
?[0m?[0;34m2024-07-18T17:39:11.942-04:00 DEBUG 93785 --- [    Test worker] o.s.b.f.s.DefaultListableBeanFactory     : Creating shared instance of singleton bean 'org.springframework.context.event.internalEventListenerFactory'
?[0m?[0;34m2024-07-18T17:39:11.943-04:00 DEBUG 93785 --- [    Test worker] o.s.b.f.s.DefaultListableBeanFactory     : Creating shared instance of singleton bean 'org.springframework.transaction.config.internalTransactionalEventListenerFactory'
?[0m?[0;34m2024-07-18T17:39:11.950-04:00 DEBUG 93785 --- [    Test worker] o.s.b.f.s.DefaultListableBeanFactory     : Creating shared instance of singleton bean 'org.springframework.context.annotation.internalAutowiredAnnotationProcessor'
?[0m?[0;34m2024-07-18T17:39:11.952-04:00 DEBUG 93785 --- [    Test worker] o.s.b.f.s.DefaultListableBeanFactory     : Creating shared instance of singleton bean 'org.springframework.context.annotation.internalCommonAnnotationProcessor'
?[0m?[0;34m2024-07-18T17:39:11.955-04:00 DEBUG 93785 --- [    Test worker] o.s.b.f.s.DefaultListableBeanFactory     : Creating shared instance of singleton bean 'org.springframework.context.annotation.internalPersistenceAnnotationProcessor'
?[0m?[0;34m2024-07-18T17:39:11.956-04:00 DEBUG 93785 --- [    Test worker] o.s.b.f.s.DefaultListableBeanFactory     : Creating shared instance of singleton bean 'org.springframework.boot.context.properties.ConfigurationPropertiesBindingPostProcessor'
?[0m?[0;34m2024-07-18T17:39:11.957-04:00 DEBUG 93785 --- [    Test worker] o.s.b.f.s.DefaultListableBeanFactory     : Creating shared instance of singleton bean 'org.springframework.boot.context.internalConfigurationPropertiesBinder'
?[0m?[0;34m2024-07-18T17:39:11.960-04:00 DEBUG 93785 --- [    Test worker] o.s.b.f.s.DefaultListableBeanFactory     : Creating shared instance of singleton bean 'org.springframework.aop.config.internalAutoProxyCreator'
?[0m?[0;34m2024-07-18T17:39:11.986-04:00 DEBUG 93785 --- [    Test worker] o.s.b.f.s.DefaultListableBeanFactory     : Creating shared instance of singleton bean 'persistenceExceptionTranslationPostProcessor'
?[0m?[0;34m2024-07-18T17:39:11.998-04:00 DEBUG 93785 --- [    Test worker] o.s.b.f.s.DefaultListableBeanFactory     : Autowiring by type from bean name 'persistenceExceptionTranslationPostProcessor' via factory method to bean named 'environment'
?[0m?[0;34m2024-07-18T17:39:12.003-04:00 DEBUG 93785 --- [    Test worker] o.s.b.f.s.DefaultListableBeanFactory     : Creating shared instance of singleton bean 'webServerFactoryCustomizerBeanPostProcessor'
?[0m?[0;34m2024-07-18T17:39:12.004-04:00 DEBUG 93785 --- [    Test worker] o.s.b.f.s.DefaultListableBeanFactory     : Creating shared instance of singleton bean 'errorPageRegistrarBeanPostProcessor'
?[0m?[0;34m2024-07-18T17:39:12.005-04:00 DEBUG 93785 --- [    Test worker] o.s.b.f.s.DefaultListableBeanFactory     : Creating shared instance of singleton bean 'healthEndpointGroupsBeanPostProcessor'
?[0m?[0;34m2024-07-18T17:39:12.007-04:00 DEBUG 93785 --- [    Test worker] o.s.b.f.s.DefaultListableBeanFactory     : Creating shared instance of singleton bean 'org.springframework.transaction.config.internalTransactionAdvisor'
?[0m?[0;34m2024-07-18T17:39:12.008-04:00 DEBUG 93785 --- [    Test worker] o.s.b.f.s.DefaultListableBeanFactory     : Creating shared instance of singleton bean 'org.springframework.transaction.annotation.ProxyTransactionManagementConfiguration'
?[0m?[0;34m2024-07-18T17:39:12.023-04:00 DEBUG 93785 --- [    Test worker] o.s.b.f.s.DefaultListableBeanFactory     : Creating shared instance of singleton bean 'transactionAttributeSource'
?[0m?[0;34m2024-07-18T17:39:12.029-04:00 DEBUG 93785 --- [    Test worker] o.s.b.f.s.DefaultListableBeanFactory     : Creating shared instance of singleton bean 'transactionInterceptor'
?[0m?[0;34m2024-07-18T17:39:12.030-04:00 DEBUG 93785 --- [    Test worker] o.s.b.f.s.DefaultListableBeanFactory     : Autowiring by type from bean name 'transactionInterceptor' via factory method to bean named 'transactionAttributeSource'
?[0m?[0;34m2024-07-18T17:39:12.036-04:00 DEBUG 93785 --- [    Test worker] o.s.b.f.s.DefaultListableBeanFactory     : Autowiring by type from bean name 'org.springframework.transaction.config.internalTransactionAdvisor' via factory method to bean named 'transactionAttributeSource'
?[0m?[0;34m2024-07-18T17:39:12.037-04:00 DEBUG 93785 --- [    Test worker] o.s.b.f.s.DefaultListableBeanFactory     : Autowiring by type from bean name 'org.springframework.transaction.config.internalTransactionAdvisor' via factory method to bean named 'transactionInterceptor'
?[0m?[0;34m2024-07-18T17:39:12.042-04:00 DEBUG 93785 --- [    Test worker] o.s.b.f.s.DefaultListableBeanFactory     : Creating shared instance of singleton bean 'meterRegistryPostProcessor'
?[0m?[0;34m2024-07-18T17:39:12.044-04:00 DEBUG 93785 --- [    Test worker] o.s.b.f.s.DefaultListableBeanFactory     : Autowiring by type from bean name 'meterRegistryPostProcessor' via factory method to bean named 'org.springframework.boot.web.servlet.context.AnnotationConfigServletWebServerApplicationContext@721eb7df'
?[0m?[0;34m2024-07-18T17:39:12.046-04:00 DEBUG 93785 --- [    Test worker] o.s.b.f.s.DefaultListableBeanFactory     : Creating shared instance of singleton bean 'metricsRepositoryMethodInvocationListenerBeanPostProcessor'
?[0m?[0;34m2024-07-18T17:39:12.050-04:00 DEBUG 93785 --- [    Test worker] o.s.b.f.s.DefaultListableBeanFactory     : Creating shared instance of singleton bean 'observationRegistryPostProcessor'
?[0m?[0;34m2024-07-18T17:39:12.052-04:00 DEBUG 93785 --- [    Test worker] o.s.b.f.s.DefaultListableBeanFactory     : Creating shared instance of singleton bean 'projectingArgumentResolverBeanPostProcessor'
?[0m?[0;34m2024-07-18T17:39:12.084-04:00 DEBUG 93785 --- [    Test worker] o.s.u.c.s.UiApplicationContextUtils      : Unable to locate ThemeSource with name 'themeSource': using default [org.springframework.ui.context.support.ResourceBundleThemeSource@16e99306]
?[0m?[0;34m2024-07-18T17:39:12.085-04:00 DEBUG 93785 --- [    Test worker] o.s.b.f.s.DefaultListableBeanFactory     : Creating shared instance of singleton bean 'tomcatServletWebServerFactory'
?[0m?[0;34m2024-07-18T17:39:12.085-04:00 DEBUG 93785 --- [    Test worker] o.s.b.f.s.DefaultListableBeanFactory     : Creating shared instance of singleton bean 'org.springframework.boot.autoconfigure.web.servlet.ServletWebServerFactoryConfiguration$EmbeddedTomcat'
?[0m?[0;34m2024-07-18T17:39:12.127-04:00 DEBUG 93785 --- [    Test worker] o.a.catalina.core.AprLifecycleListener   : The Apache Tomcat Native library could not be found using names [tcnative-2, libtcnative-2, tcnative-1, libtcnative-1] on the java.library.path [/Users/CarmenLaptop/Library/Java/Extensions:/Library/Java/Extensions:/Network/Library/Java/Extensions:/System/Library/Java/Extensions:/usr/lib/java:.]. The errors reported were [Can't load library: /Users/CarmenLaptop/Desktop/coding/Anti-Fraud System/Anti-Fraud System/task/bin/libtcnative-2.dylib, Can't load library: /Users/CarmenLaptop/Desktop/coding/Anti-Fraud System/Anti-Fraud System/task/bin/liblibtcnative-2.dylib, Can't load library: /Users/CarmenLaptop/Desktop/coding/Anti-Fraud System/Anti-Fraud System/task/bin/libtcnative-1.dylib, Can't load library: /Users/CarmenLaptop/Desktop/coding/Anti-Fraud System/Anti-Fraud System/task/bin/liblibtcnative-1.dylib, no tcnative-2 in java.library.path: /Users/CarmenLaptop/Library/Java/Extensions:/Library/Java/Extensions:/Network/Library/Java/Extensions:/System/Library/Java/Extensions:/usr/lib/java:., no libtcnative-2 in java.library.path: /Users/CarmenLaptop/Library/Java/Extensions:/Library/Java/Extensions:/Network/Library/Java/Extensions:/System/Library/Java/Extensions:/usr/lib/java:., no tcnative-1 in java.library.path: /Users/CarmenLaptop/Library/Java/Extensions:/Library/Java/Extensions:/Network/Library/Java/Extensions:/System/Library/Java/Extensions:/usr/lib/java:., no libtcnative-1 in java.library.path: /Users/CarmenLaptop/Library/Java/Extensions:/Library/Java/Extensions:/Network/Library/Java/Extensions:/System/Library/Java/Extensions:/usr/lib/java:.]
?[0m?[0;34m
?[0m?[0;34morg.apache.tomcat.jni.LibraryNotFoundError: Can't load library: /Users/CarmenLaptop/Desktop/coding/Anti-Fraud System/Anti-Fraud System/task/bin/libtcnative-2.dylib, Can't load library: /Users/CarmenLaptop/Desktop/coding/Anti-Fraud System/Anti-Fraud System/task/bin/liblibtcnative-2.dylib, Can't load library: /Users/CarmenLaptop/Desktop/coding/Anti-Fraud System/Anti-Fraud System/task/bin/libtcnative-1.dylib, Can't load library: /Users/CarmenLaptop/Desktop/coding/Anti-Fraud System/Anti-Fraud System/task/bin/liblibtcnative-1.dylib, no tcnative-2 in java.library.path: /Users/CarmenLaptop/Library/Java/Extensions:/Library/Java/Extensions:/Network/Library/Java/Extensions:/System/Library/Java/Extensions:/usr/lib/java:., no libtcnative-2 in java.library.path: /Users/CarmenLaptop/Library/Java/Extensions:/Library/Java/Extensions:/Network/Library/Java/Extensions:/System/Library/Java/Extensions:/usr/lib/java:., no tcnative-1 in java.library.path: /Users/CarmenLaptop/Library/Java/Extensions:/Library/Java/Extensions:/Network/Library/Java/Extensions:/System/Library/Java/Extensions:/usr/lib/java:., no libtcnative-1 in java.library.path: /Users/CarmenLaptop/Library/Java/Extensions:/Library/Java/Extensions:/Network/Library/Java/Extensions:/System/Library/Java/Extensions:/usr/lib/java:.
?[0m?[0;34m	at org.apache.tomcat.jni.Library.<init>(Library.java:93) ~[tomcat-embed-core-10.1.5.jar:10.1.5]
?[0m?[0;34m	at org.apache.tomcat.jni.Library.initialize(Library.java:148) ~[tomcat-embed-core-10.1.5.jar:10.1.5]
?[0m?[0;34m	at org.apache.catalina.core.AprLifecycleListener.init(AprLifecycleListener.java:200) ~[tomcat-embed-core-10.1.5.jar:10.1.5]
?[0m?[0;34m	at org.apache.catalina.core.AprLifecycleListener.isAprAvailable(AprLifecycleListener.java:112) ~[tomcat-embed-core-10.1.5.jar:10.1.5]
?[0m?[0;34m	at org.springframework.boot.web.embedded.tomcat.TomcatServletWebServerFactory.getDefaultServerLifecycleListeners(TomcatServletWebServerFactory.java:181) ~[spring-boot-3.0.2.jar:3.0.2]
?[0m?[0;34m	at org.springframework.boot.web.embedded.tomcat.TomcatServletWebServerFactory.<init>(TomcatServletWebServerFactory.java:128) ~[spring-boot-3.0.2.jar:3.0.2]
?[0m?[0;34m	at org.springframework.boot.autoconfigure.web.servlet.ServletWebServerFactoryConfiguration$EmbeddedTomcat.tomcatServletWebServerFactory(ServletWebServerFactoryConfiguration.java:73) ~[spring-boot-autoconfigure-3.0.2.jar:3.0.2]
?[0m?[0;34m	at java.base/jdk.internal.reflect.NativeMethodAccessorImpl.invoke0(Native Method) ~[na:na]
?[0m?[0;34m	at java.base/jdk.internal.reflect.NativeMethodAccessorImpl.invoke(NativeMethodAccessorImpl.java:77) ~[na:na]
?[0m?[0;34m	at java.base/jdk.internal.reflect.DelegatingMethodAccessorImpl.invoke(DelegatingMethodAccessorImpl.java:43) ~[na:na]
?[0m?[0;34m	at java.base/java.lang.reflect.Method.invoke(Method.java:568) ~[na:na]
?[0m?[0;34m	at org.springframework.beans.factory.support.SimpleInstantiationStrategy.instantiate(SimpleInstantiationStrategy.java:139) ~[spring-beans-6.0.4.jar:6.0.4]
?[0m?[0;34m	at org.springframework.beans.factory.support.ConstructorResolver.instantiate(ConstructorResolver.java:653) ~[spring-beans-6.0.4.jar:6.0.4]
?[0m?[0;34m	at org.springframework.beans.factory.support.ConstructorResolver.instantiateUsingFactoryMethod(ConstructorResolver.java:645) ~[spring-beans-6.0.4.jar:6.0.4]
?[0m?[0;34m	at org.springframework.beans.factory.support.AbstractAutowireCapableBeanFactory.instantiateUsingFactoryMethod(AbstractAutowireCapableBeanFactory.java:1324) ~[spring-beans-6.0.4.jar:6.0.4]
?[0m?[0;34m	at org.springframework.beans.factory.support.AbstractAutowireCapableBeanFactory.createBeanInstance(AbstractAutowireCapableBeanFactory.java:1161) ~[spring-beans-6.0.4.jar:6.0.4]
?[0m?[0;34m	at org.springframework.beans.factory.support.AbstractAutowireCapableBeanFactory.doCreateBean(AbstractAutowireCapableBeanFactory.java:561) ~[spring-beans-6.0.4.jar:6.0.4]
?[0m?[0;34m	at org.springframework.beans.factory.support.AbstractAutowireCapableBeanFactory.createBean(AbstractAutowireCapableBeanFactory.java:521) ~[spring-beans-6.0.4.jar:6.0.4]
?[0m?[0;34m	at org.springframework.beans.factory.support.AbstractBeanFactory.lambda$doGetBean$0(AbstractBeanFactory.java:326) ~[spring-beans-6.0.4.jar:6.0.4]
?[0m?[0;34m	at org.springframework.beans.factory.support.DefaultSingletonBeanRegistry.getSingleton(DefaultSingletonBeanRegistry.java:234) ~[spring-beans-6.0.4.jar:6.0.4]
?[0m?[0;34m	at org.springframework.beans.factory.support.AbstractBeanFactory.doGetBean(AbstractBeanFactory.java:324) ~[spring-beans-6.0.4.jar:6.0.4]
?[0m?[0;34m	at org.springframework.beans.factory.support.AbstractBeanFactory.getBean(AbstractBeanFactory.java:205) ~[spring-beans-6.0.4.jar:6.0.4]
?[0m?[0;34m	at org.springframework.boot.web.servlet.context.ServletWebServerApplicationContext.getWebServerFactory(ServletWebServerApplicationContext.java:218) ~[spring-boot-3.0.2.jar:3.0.2]
?[0m?[0;34m	at org.springframework.boot.web.servlet.context.ServletWebServerApplicationContext.createWebServer(ServletWebServerApplicationContext.java:181) ~[spring-boot-3.0.2.jar:3.0.2]
?[0m?[0;34m	at org.springframework.boot.web.servlet.context.ServletWebServerApplicationContext.onRefresh(ServletWebServerApplicationContext.java:161) ~[spring-boot-3.0.2.jar:3.0.2]
?[0m?[0;34m	at org.springframework.context.support.AbstractApplicationContext.refresh(AbstractApplicationContext.java:578) ~[spring-context-6.0.4.jar:6.0.4]
?[0m?[0;34m	at org.springframework.boot.web.servlet.context.ServletWebServerApplicationContext.refresh(ServletWebServerApplicationContext.java:146) ~[spring-boot-3.0.2.jar:3.0.2]
?[0m?[0;34m	at org.springframework.boot.SpringApplication.refresh(SpringApplication.java:730) ~[spring-boot-3.0.2.jar:3.0.2]
?[0m?[0;34m	at org.springframework.boot.SpringApplication.refreshContext(SpringApplication.java:432) ~[spring-boot-3.0.2.jar:3.0.2]
?[0m?[0;34m	at org.springframework.boot.SpringApplication.run(SpringApplication.java:308) ~[spring-boot-3.0.2.jar:3.0.2]
?[0m?[0;34m	at org.springframework.boot.SpringApplication.run(SpringApplication.java:1302) ~[spring-boot-3.0.2.jar:3.0.2]
?[0m?[0;34m	at org.springframework.boot.SpringApplication.run(SpringApplication.java:1291) ~[spring-boot-3.0.2.jar:3.0.2]
?[0m?[0;34m	at antifraud.AntiFraudApplication.main(AntiFraudApplication.java:10) ~[main/:na]
?[0m?[0;34m	at java.base/jdk.internal.reflect.NativeMethodAccessorImpl.invoke0(Native Method) ~[na:na]
?[0m?[0;34m	at java.base/jdk.internal.reflect.NativeMethodAccessorImpl.invoke(NativeMethodAccessorImpl.java:77) ~[na:na]
?[0m?[0;34m	at java.base/jdk.internal.reflect.DelegatingMethodAccessorImpl.invoke(DelegatingMethodAccessorImpl.java:43) ~[na:na]
?[0m?[0;34m	at java.base/java.lang.reflect.Method.invoke(Method.java:568) ~[na:na]
?[0m?[0;34m	at org.hyperskill.hstest.stage.SpringTest.startSpring(SpringTest.java:187) ~[hs-test-release-SNAPSHOT.jar:na]
?[0m?[0;34m	at org.hyperskill.hstest.stage.SpringTest.launchSpring(SpringTest.java:49) ~[hs-test-release-SNAPSHOT.jar:na]
?[0m?[0;34m	at org.hyperskill.hstest.testing.runner.SpringApplicationRunner.launchSpringBootApplication(SpringApplicationRunner.java:20) ~[hs-test-release-SNAPSHOT.jar:na]
?[0m?[0;34m	at org.hyperskill.hstest.testing.runner.SpringApplicationRunner.setUp(SpringApplicationRunner.java:35) ~[hs-test-release-SNAPSHOT.jar:na]
?[0m?[0;34m	at org.hyperskill.hstest.testing.TestRun.setUp(TestRun.java:77) ~[hs-test-release-SNAPSHOT.jar:na]
?[0m?[0;34m	at org.hyperskill.hstest.stage.StageTest.start(StageTest.java:159) ~[hs-test-release-SNAPSHOT.jar:na]
?[0m?[0;34m	at java.base/jdk.internal.reflect.NativeMethodAccessorImpl.invoke0(Native Method) ~[na:na]
?[0m?[0;34m	at java.base/jdk.internal.reflect.NativeMethodAccessorImpl.invoke(NativeMethodAccessorImpl.java:77) ~[na:na]
?[0m?[0;34m	at java.base/jdk.internal.reflect.DelegatingMethodAccessorImpl.invoke(DelegatingMethodAccessorImpl.java:43) ~[na:na]
?[0m?[0;34m	at java.base/java.lang.reflect.Method.invoke(Method.java:568) ~[na:na]
?[0m?[0;34m	at org.junit.runners.model.FrameworkMethod$1.runReflectiveCall(FrameworkMethod.java:59) ~[junit-4.13.2.jar:4.13.2]
?[0m?[0;34m	at org.junit.internal.runners.model.ReflectiveCallable.run(ReflectiveCallable.java:12) ~[junit-4.13.2.jar:4.13.2]
?[0m?[0;34m	at org.junit.runners.model.FrameworkMethod.invokeExplosively(FrameworkMethod.java:56) ~[junit-4.13.2.jar:4.13.2]
?[0m?[0;34m	at org.junit.internal.runners.statements.InvokeMethod.evaluate(InvokeMethod.java:17) ~[junit-4.13.2.jar:4.13.2]
?[0m?[0;34m	at org.junit.internal.runners.statements.RunAfters.evaluate(RunAfters.java:27) ~[junit-4.13.2.jar:4.13.2]
?[0m?[0;34m	at org.junit.runners.ParentRunner$3.evaluate(ParentRunner.java:306) ~[junit-4.13.2.jar:4.13.2]
?[0m?[0;34m	at org.junit.runners.BlockJUnit4ClassRunner$1.evaluate(BlockJUnit4ClassRunner.java:100) ~[junit-4.13.2.jar:4.13.2]
?[0m?[0;34m	at org.junit.runners.ParentRunner.runLeaf(ParentRunner.java:366) ~[junit-4.13.2.jar:4.13.2]
?[0m?[0;34m	at org.junit.runners.BlockJUnit4ClassRunner.runChild(BlockJUnit4ClassRunner.java:103) ~[junit-4.13.2.jar:4.13.2]
?[0m?[0;34m	at org.junit.runners.BlockJUnit4ClassRunner.runChild(BlockJUnit4ClassRunner.java:63) ~[junit-4.13.2.jar:4.13.2]
?[0m?[0;34m	at org.junit.runners.ParentRunner$4.run(ParentRunner.java:331) ~[junit-4.13.2.jar:4.13.2]
?[0m?[0;34m	at org.junit.runners.ParentRunner$1.schedule(ParentRunner.java:79) ~[junit-4.13.2.jar:4.13.2]
?[0m?[0;34m	at org.junit.runners.ParentRunner.runChildren(ParentRunner.java:329) ~[junit-4.13.2.jar:4.13.2]
?[0m?[0;34m	at org.junit.runners.ParentRunner.access$100(ParentRunner.java:66) ~[junit-4.13.2.jar:4.13.2]
?[0m?[0;34m	at org.junit.runners.ParentRunner$2.evaluate(ParentRunner.java:293) ~[junit-4.13.2.jar:4.13.2]
?[0m?[0;34m	at org.junit.runners.ParentRunner$3.evaluate(ParentRunner.java:306) ~[junit-4.13.2.jar:4.13.2]
?[0m?[0;34m	at org.junit.runners.ParentRunner.run(ParentRunner.java:413) ~[junit-4.13.2.jar:4.13.2]
?[0m?[0;34m	at org.gradle.api.internal.tasks.testing.junit.JUnitTestClassExecutor.runTestClass(JUnitTestClassExecutor.java:108) ~[na:na]
?[0m?[0;34m	at org.gradle.api.internal.tasks.testing.junit.JUnitTestClassExecutor.execute(JUnitTestClassExecutor.java:57) ~[na:na]
?[0m?[0;34m	at org.gradle.api.internal.tasks.testing.junit.JUnitTestClassExecutor.execute(JUnitTestClassExecutor.java:39) ~[na:na]
?[0m?[0;34m	at org.gradle.api.internal.tasks.testing.junit.AbstractJUnitTestClassProcessor.processTestClass(AbstractJUnitTestClassProcessor.java:62) ~[na:na]
?[0m?[0;34m	at org.gradle.api.internal.tasks.testing.SuiteTestClassProcessor.processTestClass(SuiteTestClassProcessor.java:52) ~[na:na]
?[0m?[0;34m	at java.base/jdk.internal.reflect.NativeMethodAccessorImpl.invoke0(Native Method) ~[na:na]
?[0m?[0;34m	at java.base/jdk.internal.reflect.NativeMethodAccessorImpl.invoke(NativeMethodAccessorImpl.java:77) ~[na:na]
?[0m?[0;34m	at java.base/jdk.internal.reflect.DelegatingMethodAccessorImpl.invoke(DelegatingMethodAccessorImpl.java:43) ~[na:na]
?[0m?[0;34m	at java.base/java.lang.reflect.Method.invoke(Method.java:568) ~[na:na]
?[0m?[0;34m	at org.gradle.internal.dispatch.ReflectionDispatch.dispatch(ReflectionDispatch.java:36) ~[na:na]
?[0m?[0;34m	at org.gradle.internal.dispatch.ReflectionDispatch.dispatch(ReflectionDispatch.java:24) ~[na:na]
?[0m?[0;34m	at org.gradle.internal.dispatch.ContextClassLoaderDispatch.dispatch(ContextClassLoaderDispatch.java:33) ~[na:na]
?[0m?[0;34m	at org.gradle.internal.dispatch.ProxyDispatchAdapter$DispatchingInvocationHandler.invoke(ProxyDispatchAdapter.java:94) ~[na:na]
?[0m?[0;34m	at jdk.proxy1/jdk.proxy1.$Proxy2.processTestClass(Unknown Source) ~[na:na]
?[0m?[0;34m	at org.gradle.api.internal.tasks.testing.worker.TestWorker$2.run(TestWorker.java:176) ~[na:na]
?[0m?[0;34m	at org.gradle.api.internal.tasks.testing.worker.TestWorker.executeAndMaintainThreadName(TestWorker.java:129) ~[na:na]
?[0m?[0;34m	at org.gradle.api.internal.tasks.testing.worker.TestWorker.execute(TestWorker.java:100) ~[na:na]
?[0m?[0;34m	at org.gradle.api.internal.tasks.testing.worker.TestWorker.execute(TestWorker.java:60) ~[na:na]
?[0m?[0;34m	at org.gradle.process.internal.worker.child.ActionExecutionWorker.execute(ActionExecutionWorker.java:56) ~[na:na]
?[0m?[0;34m	at org.gradle.process.internal.worker.child.SystemApplicationClassLoaderWorker.call(SystemApplicationClassLoaderWorker.java:113) ~[na:na]
?[0m?[0;34m	at org.gradle.process.internal.worker.child.SystemApplicationClassLoaderWorker.call(SystemApplicationClassLoaderWorker.java:65) ~[na:na]
?[0m?[0;34m	at worker.org.gradle.process.internal.worker.GradleWorkerMain.run(GradleWorkerMain.java:69) ~[gradle-worker.jar:na]
?[0m?[0;34m	at worker.org.gradle.process.internal.worker.GradleWorkerMain.main(GradleWorkerMain.java:74) ~[gradle-worker.jar:na]
?[0m?[0;34m
?[0m?[0;34m2024-07-18T17:39:12.168-04:00 DEBUG 93785 --- [    Test worker] o.s.b.f.s.DefaultListableBeanFactory     : Creating shared instance of singleton bean 'websocketServletWebServerCustomizer'
?[0m?[0;34m2024-07-18T17:39:12.169-04:00 DEBUG 93785 --- [    Test worker] o.s.b.f.s.DefaultListableBeanFactory     : Creating shared instance of singleton bean 'org.springframework.boot.autoconfigure.websocket.servlet.WebSocketServletAutoConfiguration$TomcatWebSocketConfiguration'
?[0m?[0;34m2024-07-18T17:39:12.172-04:00 DEBUG 93785 --- [    Test worker] o.s.b.f.s.DefaultListableBeanFactory     : Creating shared instance of singleton bean 'servletWebServerFactoryCustomizer'
?[0m?[0;34m2024-07-18T17:39:12.172-04:00 DEBUG 93785 --- [    Test worker] o.s.b.f.s.DefaultListableBeanFactory     : Creating shared instance of singleton bean 'org.springframework.boot.autoconfigure.web.servlet.ServletWebServerFactoryAutoConfiguration'
?[0m?[0;34m2024-07-18T17:39:12.174-04:00 DEBUG 93785 --- [    Test worker] o.s.b.f.s.DefaultListableBeanFactory     : Creating shared instance of singleton bean 'server-org.springframework.boot.autoconfigure.web.ServerProperties'
?[0m?[0;34m2024-07-18T17:39:12.182-04:00 DEBUG 93785 --- [    Test worker] o.s.b.f.s.DefaultListableBeanFactory     : Creating shared instance of singleton bean 'org.springframework.boot.context.properties.BoundConfigurationProperties'
?[0m?[0;34m2024-07-18T17:39:12.207-04:00 DEBUG 93785 --- [    Test worker] o.s.b.f.s.DefaultListableBeanFactory     : Autowiring by type from bean name 'servletWebServerFactoryCustomizer' via factory method to bean named 'server-org.springframework.boot.autoconfigure.web.ServerProperties'
?[0m?[0;34m2024-07-18T17:39:12.209-04:00 DEBUG 93785 --- [    Test worker] o.s.b.f.s.DefaultListableBeanFactory     : Creating shared instance of singleton bean 'tomcatServletWebServerFactoryCustomizer'
?[0m?[0;34m2024-07-18T17:39:12.211-04:00 DEBUG 93785 --- [    Test worker] o.s.b.f.s.DefaultListableBeanFactory     : Autowiring by type from bean name 'tomcatServletWebServerFactoryCustomizer' via factory method to bean named 'server-org.springframework.boot.autoconfigure.web.ServerProperties'
?[0m?[0;34m2024-07-18T17:39:12.212-04:00 DEBUG 93785 --- [    Test worker] o.s.b.f.s.DefaultListableBeanFactory     : Creating shared instance of singleton bean 'tomcatWebServerFactoryCustomizer'
?[0m?[0;34m2024-07-18T17:39:12.212-04:00 DEBUG 93785 --- [    Test worker] o.s.b.f.s.DefaultListableBeanFactory     : Creating shared instance of singleton bean 'org.springframework.boot.autoconfigure.web.embedded.EmbeddedWebServerFactoryCustomizerAutoConfiguration$TomcatWebServerFactoryCustomizerConfiguration'
?[0m?[0;34m2024-07-18T17:39:12.214-04:00 DEBUG 93785 --- [    Test worker] o.s.b.f.s.DefaultListableBeanFactory     : Autowiring by type from bean name 'tomcatWebServerFactoryCustomizer' via factory method to bean named 'environment'
?[0m?[0;34m2024-07-18T17:39:12.214-04:00 DEBUG 93785 --- [    Test worker] o.s.b.f.s.DefaultListableBeanFactory     : Autowiring by type from bean name 'tomcatWebServerFactoryCustomizer' via factory method to bean named 'server-org.springframework.boot.autoconfigure.web.ServerProperties'
?[0m?[0;34m2024-07-18T17:39:12.216-04:00 DEBUG 93785 --- [    Test worker] o.s.b.f.s.DefaultListableBeanFactory     : Creating shared instance of singleton bean 'localeCharsetMappingsCustomizer'
?[0m?[0;34m2024-07-18T17:39:12.216-04:00 DEBUG 93785 --- [    Test worker] o.s.b.f.s.DefaultListableBeanFactory     : Creating shared instance of singleton bean 'org.springframework.boot.autoconfigure.web.servlet.HttpEncodingAutoConfiguration'
?[0m?[0;34m2024-07-18T17:39:12.218-04:00 DEBUG 93785 --- [    Test worker] o.s.b.f.s.DefaultListableBeanFactory     : Autowiring by type from bean name 'org.springframework.boot.autoconfigure.web.servlet.HttpEncodingAutoConfiguration' via constructor to bean named 'server-org.springframework.boot.autoconfigure.web.ServerProperties'
?[0m?[0;34m2024-07-18T17:39:12.257-04:00 DEBUG 93785 --- [    Test worker] o.s.b.f.s.DefaultListableBeanFactory     : Creating shared instance of singleton bean 'errorPageCustomizer'
?[0m?[0;34m2024-07-18T17:39:12.257-04:00 DEBUG 93785 --- [    Test worker] o.s.b.f.s.DefaultListableBeanFactory     : Creating shared instance of singleton bean 'org.springframework.boot.autoconfigure.web.servlet.error.ErrorMvcAutoConfiguration'
?[0m?[0;34m2024-07-18T17:39:12.258-04:00 DEBUG 93785 --- [    Test worker] o.s.b.f.s.DefaultListableBeanFactory     : Autowiring by type from bean name 'org.springframework.boot.autoconfigure.web.servlet.error.ErrorMvcAutoConfiguration' via constructor to bean named 'server-org.springframework.boot.autoconfigure.web.ServerProperties'
?[0m?[0;34m2024-07-18T17:39:12.260-04:00 DEBUG 93785 --- [    Test worker] o.s.b.f.s.DefaultListableBeanFactory     : Creating shared instance of singleton bean 'dispatcherServletRegistration'
?[0m?[0;34m2024-07-18T17:39:12.260-04:00 DEBUG 93785 --- [    Test worker] o.s.b.f.s.DefaultListableBeanFactory     : Creating shared instance of singleton bean 'org.springframework.boot.autoconfigure.web.servlet.DispatcherServletAutoConfiguration$DispatcherServletRegistrationConfiguration'
?[0m?[0;34m2024-07-18T17:39:12.262-04:00 DEBUG 93785 --- [    Test worker] o.s.b.f.s.DefaultListableBeanFactory     : Creating shared instance of singleton bean 'dispatcherServlet'
?[0m?[0;34m2024-07-18T17:39:12.262-04:00 DEBUG 93785 --- [    Test worker] o.s.b.f.s.DefaultListableBeanFactory     : Creating shared instance of singleton bean 'org.springframework.boot.autoconfigure.web.servlet.DispatcherServletAutoConfiguration$DispatcherServletConfiguration'
?[0m?[0;34m2024-07-18T17:39:12.263-04:00 DEBUG 93785 --- [    Test worker] o.s.b.f.s.DefaultListableBeanFactory     : Creating shared instance of singleton bean 'spring.mvc-org.springframework.boot.autoconfigure.web.servlet.WebMvcProperties'
?[0m?[0;34m2024-07-18T17:39:12.270-04:00 DEBUG 93785 --- [    Test worker] o.s.b.f.s.DefaultListableBeanFactory     : Autowiring by type from bean name 'dispatcherServlet' via factory method to bean named 'spring.mvc-org.springframework.boot.autoconfigure.web.servlet.WebMvcProperties'
?[0m?[0;34m2024-07-18T17:39:12.290-04:00 DEBUG 93785 --- [    Test worker] o.s.b.f.s.DefaultListableBeanFactory     : Autowiring by type from bean name 'dispatcherServletRegistration' via factory method to bean named 'dispatcherServlet'
?[0m?[0;34m2024-07-18T17:39:12.291-04:00 DEBUG 93785 --- [    Test worker] o.s.b.f.s.DefaultListableBeanFactory     : Autowiring by type from bean name 'dispatcherServletRegistration' via factory method to bean named 'spring.mvc-org.springframework.boot.autoconfigure.web.servlet.WebMvcProperties'
?[0m?[0;34m2024-07-18T17:39:12.295-04:00 DEBUG 93785 --- [    Test worker] o.s.b.f.s.DefaultListableBeanFactory     : Creating shared instance of singleton bean 'multipartConfigElement'
?[0m?[0;34m2024-07-18T17:39:12.296-04:00 DEBUG 93785 --- [    Test worker] o.s.b.f.s.DefaultListableBeanFactory     : Creating shared instance of singleton bean 'org.springframework.boot.autoconfigure.web.servlet.MultipartAutoConfiguration'
?[0m?[0;34m2024-07-18T17:39:12.298-04:00 DEBUG 93785 --- [    Test worker] o.s.b.f.s.DefaultListableBeanFactory     : Creating shared instance of singleton bean 'spring.servlet.multipart-org.springframework.boot.autoconfigure.web.servlet.MultipartProperties'
?[0m?[0;34m2024-07-18T17:39:12.303-04:00 DEBUG 93785 --- [    Test worker] o.s.b.f.s.DefaultListableBeanFactory     : Autowiring by type from bean name 'org.springframework.boot.autoconfigure.web.servlet.MultipartAutoConfiguration' via constructor to bean named 'spring.servlet.multipart-org.springframework.boot.autoconfigure.web.servlet.MultipartProperties'
?[0m?[0;34m2024-07-18T17:39:12.318-04:00 DEBUG 93785 --- [    Test worker] o.s.b.f.s.DefaultListableBeanFactory     : Autowiring by type from bean name 'errorPageCustomizer' via factory method to bean named 'dispatcherServletRegistration'
?[0m?[0;34m2024-07-18T17:39:12.345-04:00 DEBUG 93785 --- [    Test worker] o.apache.tomcat.util.compat.Jre19Compat  : Class not found so assuming code is running on a pre-Java 19 JVM
?[0m?[0;34m
?[0m?[0;34mjava.lang.ClassNotFoundException: java.lang.WrongThreadException
?[0m?[0;34m	at java.base/jdk.internal.loader.BuiltinClassLoader.loadClass(BuiltinClassLoader.java:641) ~[na:na]
?[0m?[0;34m	at java.base/jdk.internal.loader.ClassLoaders$AppClassLoader.loadClass(ClassLoaders.java:188) ~[na:na]
?[0m?[0;34m	at java.base/java.lang.ClassLoader.loadClass(ClassLoader.java:525) ~[na:na]
?[0m?[0;34m	at java.base/java.lang.Class.forName0(Native Method) ~[na:na]
?[0m?[0;34m	at java.base/java.lang.Class.forName(Class.java:375) ~[na:na]
?[0m?[0;34m	at org.apache.tomcat.util.compat.Jre19Compat.<clinit>(Jre19Compat.java:37) ~[tomcat-embed-core-10.1.5.jar:10.1.5]
?[0m?[0;34m	at org.apache.tomcat.util.compat.JreCompat.<clinit>(JreCompat.java:53) ~[tomcat-embed-core-10.1.5.jar:10.1.5]
?[0m?[0;34m	at org.apache.catalina.startup.Tomcat.<clinit>(Tomcat.java:1276) ~[tomcat-embed-core-10.1.5.jar:10.1.5]
?[0m?[0;34m	at org.springframework.boot.web.embedded.tomcat.TomcatServletWebServerFactory.getWebServer(TomcatServletWebServerFactory.java:193) ~[spring-boot-3.0.2.jar:3.0.2]
?[0m?[0;34m	at org.springframework.boot.web.servlet.context.ServletWebServerApplicationContext.createWebServer(ServletWebServerApplicationContext.java:183) ~[spring-boot-3.0.2.jar:3.0.2]
?[0m?[0;34m	at org.springframework.boot.web.servlet.context.ServletWebServerApplicationContext.onRefresh(ServletWebServerApplicationContext.java:161) ~[spring-boot-3.0.2.jar:3.0.2]
?[0m?[0;34m	at org.springframework.context.support.AbstractApplicationContext.refresh(AbstractApplicationContext.java:578) ~[spring-context-6.0.4.jar:6.0.4]
?[0m?[0;34m	at org.springframework.boot.web.servlet.context.ServletWebServerApplicationContext.refresh(ServletWebServerApplicationContext.java:146) ~[spring-boot-3.0.2.jar:3.0.2]
?[0m?[0;34m	at org.springframework.boot.SpringApplication.refresh(SpringApplication.java:730) ~[spring-boot-3.0.2.jar:3.0.2]
?[0m?[0;34m	at org.springframework.boot.SpringApplication.refreshContext(SpringApplication.java:432) ~[spring-boot-3.0.2.jar:3.0.2]
?[0m?[0;34m	at org.springframework.boot.SpringApplication.run(SpringApplication.java:308) ~[spring-boot-3.0.2.jar:3.0.2]
?[0m?[0;34m	at org.springframework.boot.SpringApplication.run(SpringApplication.java:1302) ~[spring-boot-3.0.2.jar:3.0.2]
?[0m?[0;34m	at org.springframework.boot.SpringApplication.run(SpringApplication.java:1291) ~[spring-boot-3.0.2.jar:3.0.2]
?[0m?[0;34m	at antifraud.AntiFraudApplication.main(AntiFraudApplication.java:10) ~[main/:na]
?[0m?[0;34m	at java.base/jdk.internal.reflect.NativeMethodAccessorImpl.invoke0(Native Method) ~[na:na]
?[0m?[0;34m	at java.base/jdk.internal.reflect.NativeMethodAccessorImpl.invoke(NativeMethodAccessorImpl.java:77) ~[na:na]
?[0m?[0;34m	at java.base/jdk.internal.reflect.DelegatingMethodAccessorImpl.invoke(DelegatingMethodAccessorImpl.java:43) ~[na:na]
?[0m?[0;34m	at java.base/java.lang.reflect.Method.invoke(Method.java:568) ~[na:na]
?[0m?[0;34m	at org.hyperskill.hstest.stage.SpringTest.startSpring(SpringTest.java:187) ~[hs-test-release-SNAPSHOT.jar:na]
?[0m?[0;34m	at org.hyperskill.hstest.stage.SpringTest.launchSpring(SpringTest.java:49) ~[hs-test-release-SNAPSHOT.jar:na]
?[0m?[0;34m	at org.hyperskill.hstest.testing.runner.SpringApplicationRunner.launchSpringBootApplication(SpringApplicationRunner.java:20) ~[hs-test-release-SNAPSHOT.jar:na]
?[0m?[0;34m	at org.hyperskill.hstest.testing.runner.SpringApplicationRunner.setUp(SpringApplicationRunner.java:35) ~[hs-test-release-SNAPSHOT.jar:na]
?[0m?[0;34m	at org.hyperskill.hstest.testing.TestRun.setUp(TestRun.java:77) ~[hs-test-release-SNAPSHOT.jar:na]
?[0m?[0;34m	at org.hyperskill.hstest.stage.StageTest.start(StageTest.java:159) ~[hs-test-release-SNAPSHOT.jar:na]
?[0m?[0;34m	at java.base/jdk.internal.reflect.NativeMethodAccessorImpl.invoke0(Native Method) ~[na:na]
?[0m?[0;34m	at java.base/jdk.internal.reflect.NativeMethodAccessorImpl.invoke(NativeMethodAccessorImpl.java:77) ~[na:na]
?[0m?[0;34m	at java.base/jdk.internal.reflect.DelegatingMethodAccessorImpl.invoke(DelegatingMethodAccessorImpl.java:43) ~[na:na]
?[0m?[0;34m	at java.base/java.lang.reflect.Method.invoke(Method.java:568) ~[na:na]
?[0m?[0;34m	at org.junit.runners.model.FrameworkMethod$1.runReflectiveCall(FrameworkMethod.java:59) ~[junit-4.13.2.jar:4.13.2]
?[0m?[0;34m	at org.junit.internal.runners.model.ReflectiveCallable.run(ReflectiveCallable.java:12) ~[junit-4.13.2.jar:4.13.2]
?[0m?[0;34m	at org.junit.runners.model.FrameworkMethod.invokeExplosively(FrameworkMethod.java:56) ~[junit-4.13.2.jar:4.13.2]
?[0m?[0;34m	at org.junit.internal.runners.statements.InvokeMethod.evaluate(InvokeMethod.java:17) ~[junit-4.13.2.jar:4.13.2]
?[0m?[0;34m	at org.junit.internal.runners.statements.RunAfters.evaluate(RunAfters.java:27) ~[junit-4.13.2.jar:4.13.2]
?[0m?[0;34m	at org.junit.runners.ParentRunner$3.evaluate(ParentRunner.java:306) ~[junit-4.13.2.jar:4.13.2]
?[0m?[0;34m	at org.junit.runners.BlockJUnit4ClassRunner$1.evaluate(BlockJUnit4ClassRunner.java:100) ~[junit-4.13.2.jar:4.13.2]
?[0m?[0;34m	at org.junit.runners.ParentRunner.runLeaf(ParentRunner.java:366) ~[junit-4.13.2.jar:4.13.2]
?[0m?[0;34m	at org.junit.runners.BlockJUnit4ClassRunner.runChild(BlockJUnit4ClassRunner.java:103) ~[junit-4.13.2.jar:4.13.2]
?[0m?[0;34m	at org.junit.runners.BlockJUnit4ClassRunner.runChild(BlockJUnit4ClassRunner.java:63) ~[junit-4.13.2.jar:4.13.2]
?[0m?[0;34m	at org.junit.runners.ParentRunner$4.run(ParentRunner.java:331) ~[junit-4.13.2.jar:4.13.2]
?[0m?[0;34m	at org.junit.runners.ParentRunner$1.schedule(ParentRunner.java:79) ~[junit-4.13.2.jar:4.13.2]
?[0m?[0;34m	at org.junit.runners.ParentRunner.runChildren(ParentRunner.java:329) ~[junit-4.13.2.jar:4.13.2]
?[0m?[0;34m	at org.junit.runners.ParentRunner.access$100(ParentRunner.java:66) ~[junit-4.13.2.jar:4.13.2]
?[0m?[0;34m	at org.junit.runners.ParentRunner$2.evaluate(ParentRunner.java:293) ~[junit-4.13.2.jar:4.13.2]
?[0m?[0;34m	at org.junit.runners.ParentRunner$3.evaluate(ParentRunner.java:306) ~[junit-4.13.2.jar:4.13.2]
?[0m?[0;34m	at org.junit.runners.ParentRunner.run(ParentRunner.java:413) ~[junit-4.13.2.jar:4.13.2]
?[0m?[0;34m	at org.gradle.api.internal.tasks.testing.junit.JUnitTestClassExecutor.runTestClass(JUnitTestClassExecutor.java:108) ~[na:na]
?[0m?[0;34m	at org.gradle.api.internal.tasks.testing.junit.JUnitTestClassExecutor.execute(JUnitTestClassExecutor.java:57) ~[na:na]
?[0m?[0;34m	at org.gradle.api.internal.tasks.testing.junit.JUnitTestClassExecutor.execute(JUnitTestClassExecutor.java:39) ~[na:na]
?[0m?[0;34m	at org.gradle.api.internal.tasks.testing.junit.AbstractJUnitTestClassProcessor.processTestClass(AbstractJUnitTestClassProcessor.java:62) ~[na:na]
?[0m?[0;34m	at org.gradle.api.internal.tasks.testing.SuiteTestClassProcessor.processTestClass(SuiteTestClassProcessor.java:52) ~[na:na]
?[0m?[0;34m	at java.base/jdk.internal.reflect.NativeMethodAccessorImpl.invoke0(Native Method) ~[na:na]
?[0m?[0;34m	at java.base/jdk.internal.reflect.NativeMethodAccessorImpl.invoke(NativeMethodAccessorImpl.java:77) ~[na:na]
?[0m?[0;34m	at java.base/jdk.internal.reflect.DelegatingMethodAccessorImpl.invoke(DelegatingMethodAccessorImpl.java:43) ~[na:na]
?[0m?[0;34m	at java.base/java.lang.reflect.Method.invoke(Method.java:568) ~[na:na]
?[0m?[0;34m	at org.gradle.internal.dispatch.ReflectionDispatch.dispatch(ReflectionDispatch.java:36) ~[na:na]
?[0m?[0;34m	at org.gradle.internal.dispatch.ReflectionDispatch.dispatch(ReflectionDispatch.java:24) ~[na:na]
?[0m?[0;34m	at org.gradle.internal.dispatch.ContextClassLoaderDispatch.dispatch(ContextClassLoaderDispatch.java:33) ~[na:na]
?[0m?[0;34m	at org.gradle.internal.dispatch.ProxyDispatchAdapter$DispatchingInvocationHandler.invoke(ProxyDispatchAdapter.java:94) ~[na:na]
?[0m?[0;34m	at jdk.proxy1/jdk.proxy1.$Proxy2.processTestClass(Unknown Source) ~[na:na]
?[0m?[0;34m	at org.gradle.api.internal.tasks.testing.worker.TestWorker$2.run(TestWorker.java:176) ~[na:na]
?[0m?[0;34m	at org.gradle.api.internal.tasks.testing.worker.TestWorker.executeAndMaintainThreadName(TestWorker.java:129) ~[na:na]
?[0m?[0;34m	at org.gradle.api.internal.tasks.testing.worker.TestWorker.execute(TestWorker.java:100) ~[na:na]
?[0m?[0;34m	at org.gradle.api.internal.tasks.testing.worker.TestWorker.execute(TestWorker.java:60) ~[na:na]
?[0m?[0;34m	at org.gradle.process.internal.worker.child.ActionExecutionWorker.execute(ActionExecutionWorker.java:56) ~[na:na]
?[0m?[0;34m	at org.gradle.process.internal.worker.child.SystemApplicationClassLoaderWorker.call(SystemApplicationClassLoaderWorker.java:113) ~[na:na]
?[0m?[0;34m	at org.gradle.process.internal.worker.child.SystemApplicationClassLoaderWorker.call(SystemApplicationClassLoaderWorker.java:65) ~[na:na]
?[0m?[0;34m	at worker.org.gradle.process.internal.worker.GradleWorkerMain.run(GradleWorkerMain.java:69) ~[gradle-worker.jar:na]
?[0m?[0;34m	at worker.org.gradle.process.internal.worker.GradleWorkerMain.main(GradleWorkerMain.java:74) ~[gradle-worker.jar:na]
?[0m?[0;34m
?[0m?[0;34m2024-07-18T17:39:12.417-04:00 DEBUG 93785 --- [    Test worker] o.apache.tomcat.util.IntrospectionUtils  : IntrospectionUtils: setProperty(class org.apache.coyote.http11.Http11NioProtocol port=28852)
?[0m?[0;34m2024-07-18T17:39:12.427-04:00 DEBUG 93785 --- [    Test worker] o.apache.tomcat.util.IntrospectionUtils  : IntrospectionUtils: setProperty(class org.apache.coyote.http11.Http11NioProtocol bindOnInit=false)
?[0m?[0;34m2024-07-18T17:39:12.428-04:00 DEBUG 93785 --- [    Test worker] o.apache.tomcat.util.IntrospectionUtils  : IntrospectionUtils: setProperty(class org.apache.tomcat.util.net.NioEndpoint bindOnInit=false)
?[0m?[0;34m2024-07-18T17:39:12.446-04:00 DEBUG 93785 --- [    Test worker] org.apache.catalina.core.ContainerBase   : Add child StandardHost[localhost] StandardEngine[Tomcat]
?[0m?[0;34m2024-07-18T17:39:12.447-04:00 DEBUG 93785 --- [    Test worker] .s.b.w.e.t.TomcatServletWebServerFactory : Code archive: /Users/CarmenLaptop/.gradle/caches/modules-2/files-2.1/org.springframework.boot/spring-boot/3.0.2/69d2e0a07f7df180a4aacdc47c47a3db656857dc/spring-boot-3.0.2.jar
?[0m?[0;34m2024-07-18T17:39:12.448-04:00 DEBUG 93785 --- [    Test worker] .s.b.w.e.t.TomcatServletWebServerFactory : Code archive: /Users/CarmenLaptop/.gradle/caches/modules-2/files-2.1/org.springframework.boot/spring-boot/3.0.2/69d2e0a07f7df180a4aacdc47c47a3db656857dc/spring-boot-3.0.2.jar
?[0m?[0;34m2024-07-18T17:39:12.449-04:00 DEBUG 93785 --- [    Test worker] .s.b.w.e.t.TomcatServletWebServerFactory : None of the document roots [src/main/webapp, public, static] point to a directory and will be ignored.
?[0m?[0;34m2024-07-18T17:39:12.478-04:00 DEBUG 93785 --- [    Test worker] org.apache.catalina.core.ContainerBase   : Add child TomcatEmbeddedContext[] StandardEngine[Tomcat].StandardHost[localhost]
?[0m?[0;34m2024-07-18T17:39:12.486-04:00  INFO 93785 --- [    Test worker] o.s.b.w.embedded.tomcat.TomcatWebServer  : Tomcat initialized with port(s): 28852 (http)
?[0m?[0;34m2024-07-18T17:39:12.505-04:00  INFO 93785 --- [    Test worker] o.apache.catalina.core.StandardService   : Starting service [Tomcat]
?[0m?[0;34m2024-07-18T17:39:12.505-04:00  INFO 93785 --- [    Test worker] o.apache.catalina.core.StandardEngine    : Starting Servlet engine: [Apache Tomcat/10.1.5]
?[0m?[0;34m2024-07-18T17:39:12.511-04:00 DEBUG 93785 --- [    Test worker] o.apache.catalina.core.StandardContext   : Starting ROOT
?[0m?[0;34m2024-07-18T17:39:12.531-04:00 DEBUG 93785 --- [    Test worker] o.apache.catalina.core.StandardContext   : Configuring default Resources
?[0m?[0;34m2024-07-18T17:39:12.568-04:00 DEBUG 93785 --- [    Test worker] o.apache.catalina.core.StandardContext   : Processing standard container startup
?[0m?[0;34m2024-07-18T17:39:12.569-04:00 DEBUG 93785 --- [    Test worker] o.apache.catalina.loader.WebappLoader    : Starting this Loader
?[0m?[0;34m2024-07-18T17:39:12.644-04:00 DEBUG 93785 --- [    Test worker] o.a.c.authenticator.AuthenticatorBase    : No SingleSignOn Valve is present
?[0m?[0;34m2024-07-18T17:39:12.645-04:00 DEBUG 93785 --- [    Test worker] o.apache.catalina.core.StandardContext   : No manager found. Checking if cluster manager should be used. Cluster configured: [false], Application distributable: [false]
?[0m?[0;34m2024-07-18T17:39:12.651-04:00 DEBUG 93785 --- [    Test worker] o.apache.catalina.core.StandardContext   : Configured a manager of class [org.apache.catalina.session.StandardManager]
?[0m?[0;34m2024-07-18T17:39:12.660-04:00  INFO 93785 --- [    Test worker] o.a.c.c.C.[Tomcat].[localhost].[/]       : Initializing Spring embedded WebApplicationContext
?[0m?[0;34m2024-07-18T17:39:12.660-04:00 DEBUG 93785 --- [    Test worker] w.s.c.ServletWebServerApplicationContext : Published root WebApplicationContext as ServletContext attribute with name [org.springframework.web.context.WebApplicationContext.ROOT]
?[0m?[0;34m2024-07-18T17:39:12.663-04:00  INFO 93785 --- [    Test worker] w.s.c.ServletWebServerApplicationContext : Root WebApplicationContext: initialization completed in 2184 ms
?[0m?[0;34m2024-07-18T17:39:12.666-04:00 DEBUG 93785 --- [    Test worker] o.s.b.f.s.DefaultListableBeanFactory     : Creating shared instance of singleton bean 'webMvcObservationFilter'
?[0m?[0;34m2024-07-18T17:39:12.666-04:00 DEBUG 93785 --- [    Test worker] o.s.b.f.s.DefaultListableBeanFactory     : Creating shared instance of singleton bean 'org.springframework.boot.actuate.autoconfigure.observation.web.servlet.WebMvcObservationAutoConfiguration'
?[0m?[0;34m2024-07-18T17:39:12.670-04:00 DEBUG 93785 --- [    Test worker] o.s.b.f.s.DefaultListableBeanFactory     : Creating shared instance of singleton bean 'management.observations-org.springframework.boot.actuate.autoconfigure.observation.ObservationProperties'
?[0m?[0;34m2024-07-18T17:39:12.675-04:00 DEBUG 93785 --- [    Test worker] o.s.b.f.s.DefaultListableBeanFactory     : Creating shared instance of singleton bean 'management.metrics-org.springframework.boot.actuate.autoconfigure.metrics.MetricsProperties'
?[0m?[0;34m2024-07-18T17:39:12.680-04:00 DEBUG 93785 --- [    Test worker] o.s.b.f.s.DefaultListableBeanFactory     : Autowiring by type from bean name 'org.springframework.boot.actuate.autoconfigure.observation.web.servlet.WebMvcObservationAutoConfiguration' via constructor to bean named 'management.observations-org.springframework.boot.actuate.autoconfigure.observation.ObservationProperties'
?[0m?[0;34m2024-07-18T17:39:12.681-04:00 DEBUG 93785 --- [    Test worker] o.s.b.f.s.DefaultListableBeanFactory     : Autowiring by type from bean name 'org.springframework.boot.actuate.autoconfigure.observation.web.servlet.WebMvcObservationAutoConfiguration' via constructor to bean named 'management.metrics-org.springframework.boot.actuate.autoconfigure.metrics.MetricsProperties'
?[0m?[0;34m2024-07-18T17:39:12.684-04:00 DEBUG 93785 --- [    Test worker] o.s.b.f.s.DefaultListableBeanFactory     : Creating shared instance of singleton bean 'observationRegistry'
?[0m?[0;34m2024-07-18T17:39:12.684-04:00 DEBUG 93785 --- [    Test worker] o.s.b.f.s.DefaultListableBeanFactory     : Creating shared instance of singleton bean 'org.springframework.boot.actuate.autoconfigure.observation.ObservationAutoConfiguration'
?[0m?[0;34m2024-07-18T17:39:12.691-04:00 DEBUG 93785 --- [    Test worker] o.s.b.f.s.DefaultListableBeanFactory     : Creating shared instance of singleton bean 'metricsObservationHandlerGrouping'
?[0m?[0;34m2024-07-18T17:39:12.692-04:00 DEBUG 93785 --- [    Test worker] o.s.b.f.s.DefaultListableBeanFactory     : Creating shared instance of singleton bean 'org.springframework.boot.actuate.autoconfigure.observation.ObservationAutoConfiguration$OnlyMetricsConfiguration'
?[0m?[0;34m2024-07-18T17:39:12.697-04:00 DEBUG 93785 --- [    Test worker] o.s.b.f.s.DefaultListableBeanFactory     : Creating shared instance of singleton bean 'defaultMeterObservationHandler'
?[0m?[0;34m2024-07-18T17:39:12.697-04:00 DEBUG 93785 --- [    Test worker] o.s.b.f.s.DefaultListableBeanFactory     : Creating shared instance of singleton bean 'org.springframework.boot.actuate.autoconfigure.observation.ObservationAutoConfiguration$MeterObservationHandlerConfiguration$OnlyMetricsMeterObservationHandlerConfiguration'
?[0m?[0;34m2024-07-18T17:39:12.699-04:00 DEBUG 93785 --- [    Test worker] o.s.b.f.s.DefaultListableBeanFactory     : Creating shared instance of singleton bean 'simpleMeterRegistry'
?[0m?[0;34m2024-07-18T17:39:12.699-04:00 DEBUG 93785 --- [    Test worker] o.s.b.f.s.DefaultListableBeanFactory     : Creating shared instance of singleton bean 'org.springframework.boot.actuate.autoconfigure.metrics.export.simple.SimpleMetricsExportAutoConfiguration'
?[0m?[0;34m2024-07-18T17:39:12.701-04:00 DEBUG 93785 --- [    Test worker] o.s.b.f.s.DefaultListableBeanFactory     : Creating shared instance of singleton bean 'simpleConfig'
?[0m?[0;34m2024-07-18T17:39:12.702-04:00 DEBUG 93785 --- [    Test worker] o.s.b.f.s.DefaultListableBeanFactory     : Creating shared instance of singleton bean 'management.simple.metrics.export-org.springframework.boot.actuate.autoconfigure.metrics.export.simple.SimpleProperties'
?[0m?[0;34m2024-07-18T17:39:12.704-04:00 DEBUG 93785 --- [    Test worker] o.s.b.f.s.DefaultListableBeanFactory     : Autowiring by type from bean name 'simpleConfig' via factory method to bean named 'management.simple.metrics.export-org.springframework.boot.actuate.autoconfigure.metrics.export.simple.SimpleProperties'
?[0m?[0;34m2024-07-18T17:39:12.716-04:00 DEBUG 93785 --- [    Test worker] o.s.b.f.s.DefaultListableBeanFactory     : Creating shared instance of singleton bean 'micrometerClock'
?[0m?[0;34m2024-07-18T17:39:12.716-04:00 DEBUG 93785 --- [    Test worker] o.s.b.f.s.DefaultListableBeanFactory     : Creating shared instance of singleton bean 'org.springframework.boot.actuate.autoconfigure.metrics.MetricsAutoConfiguration'
?[0m?[0;34m2024-07-18T17:39:12.719-04:00 DEBUG 93785 --- [    Test worker] o.s.b.f.s.DefaultListableBeanFactory     : Autowiring by type from bean name 'simpleMeterRegistry' via factory method to bean named 'simpleConfig'
?[0m?[0;34m2024-07-18T17:39:12.719-04:00 DEBUG 93785 --- [    Test worker] o.s.b.f.s.DefaultListableBeanFactory     : Autowiring by type from bean name 'simpleMeterRegistry' via factory method to bean named 'micrometerClock'
?[0m?[0;34m2024-07-18T17:39:12.750-04:00 DEBUG 93785 --- [    Test worker] o.s.b.f.s.DefaultListableBeanFactory     : Creating shared instance of singleton bean 'propertiesMeterFilter'
?[0m?[0;34m2024-07-18T17:39:12.751-04:00 DEBUG 93785 --- [    Test worker] o.s.b.f.s.DefaultListableBeanFactory     : Autowiring by type from bean name 'propertiesMeterFilter' via factory method to bean named 'management.metrics-org.springframework.boot.actuate.autoconfigure.metrics.MetricsProperties'
?[0m?[0;34m2024-07-18T17:39:12.755-04:00 DEBUG 93785 --- [    Test worker] o.s.b.f.s.DefaultListableBeanFactory     : Creating shared instance of singleton bean 'metricsHttpClientUriTagFilter'
?[0m?[0;34m2024-07-18T17:39:12.756-04:00 DEBUG 93785 --- [    Test worker] o.s.b.f.s.DefaultListableBeanFactory     : Creating shared instance of singleton bean 'org.springframework.boot.actuate.autoconfigure.observation.web.client.HttpClientObservationsAutoConfiguration$MeterFilterConfiguration'
?[0m?[0;34m2024-07-18T17:39:12.757-04:00 DEBUG 93785 --- [    Test worker] o.s.b.f.s.DefaultListableBeanFactory     : Autowiring by type from bean name 'metricsHttpClientUriTagFilter' via factory method to bean named 'management.observations-org.springframework.boot.actuate.autoconfigure.observation.ObservationProperties'
?[0m?[0;34m2024-07-18T17:39:12.758-04:00 DEBUG 93785 --- [    Test worker] o.s.b.f.s.DefaultListableBeanFactory     : Autowiring by type from bean name 'metricsHttpClientUriTagFilter' via factory method to bean named 'management.metrics-org.springframework.boot.actuate.autoconfigure.metrics.MetricsProperties'
?[0m?[0;34m2024-07-18T17:39:12.762-04:00 DEBUG 93785 --- [    Test worker] o.s.b.f.s.DefaultListableBeanFactory     : Creating shared instance of singleton bean 'metricsHttpServerUriTagFilter'
?[0m?[0;34m2024-07-18T17:39:12.762-04:00 DEBUG 93785 --- [    Test worker] o.s.b.f.s.DefaultListableBeanFactory     : Creating shared instance of singleton bean 'org.springframework.boot.actuate.autoconfigure.observation.web.servlet.WebMvcObservationAutoConfiguration$MeterFilterConfiguration'
?[0m?[0;34m2024-07-18T17:39:12.764-04:00 DEBUG 93785 --- [    Test worker] o.s.b.f.s.DefaultListableBeanFactory     : Autowiring by type from bean name 'metricsHttpServerUriTagFilter' via factory method to bean named 'management.metrics-org.springframework.boot.actuate.autoconfigure.metrics.MetricsProperties'
?[0m?[0;34m2024-07-18T17:39:12.764-04:00 DEBUG 93785 --- [    Test worker] o.s.b.f.s.DefaultListableBeanFactory     : Autowiring by type from bean name 'metricsHttpServerUriTagFilter' via factory method to bean named 'management.observations-org.springframework.boot.actuate.autoconfigure.observation.ObservationProperties'
?[0m?[0;34m2024-07-18T17:39:12.769-04:00 DEBUG 93785 --- [    Test worker] o.s.b.f.s.DefaultListableBeanFactory     : Autowiring by type from bean name 'defaultMeterObservationHandler' via factory method to bean named 'simpleMeterRegistry'
?[0m?[0;34m2024-07-18T17:39:12.773-04:00 DEBUG 93785 --- [    Test worker] o.s.b.f.s.DefaultListableBeanFactory     : Autowiring by type from bean name 'webMvcObservationFilter' via factory method to bean named 'observationRegistry'
?[0m?[0;34m2024-07-18T17:39:12.779-04:00 DEBUG 93785 --- [    Test worker] o.s.b.f.s.DefaultListableBeanFactory     : Creating shared instance of singleton bean 'h2Console'
?[0m?[0;34m2024-07-18T17:39:12.779-04:00 DEBUG 93785 --- [    Test worker] o.s.b.f.s.DefaultListableBeanFactory     : Creating shared instance of singleton bean 'org.springframework.boot.autoconfigure.h2.H2ConsoleAutoConfiguration'
?[0m?[0;34m2024-07-18T17:39:12.781-04:00 DEBUG 93785 --- [    Test worker] o.s.b.f.s.DefaultListableBeanFactory     : Creating shared instance of singleton bean 'spring.h2.console-org.springframework.boot.autoconfigure.h2.H2ConsoleProperties'
?[0m?[0;34m2024-07-18T17:39:12.783-04:00 DEBUG 93785 --- [    Test worker] o.s.b.f.s.DefaultListableBeanFactory     : Autowiring by type from bean name 'h2Console' via factory method to bean named 'spring.h2.console-org.springframework.boot.autoconfigure.h2.H2ConsoleProperties'
?[0m?[0;34m2024-07-18T17:39:12.785-04:00 DEBUG 93785 --- [    Test worker] o.s.b.f.s.DefaultListableBeanFactory     : Creating shared instance of singleton bean 'dataSource'
?[0m?[0;34m2024-07-18T17:39:12.785-04:00 DEBUG 93785 --- [    Test worker] o.s.b.f.s.DefaultListableBeanFactory     : Creating shared instance of singleton bean 'org.springframework.boot.autoconfigure.jdbc.DataSourceConfiguration$Hikari'
?[0m?[0;34m2024-07-18T17:39:12.786-04:00 DEBUG 93785 --- [    Test worker] o.s.b.f.s.DefaultListableBeanFactory     : Creating shared instance of singleton bean 'spring.datasource-org.springframework.boot.autoconfigure.jdbc.DataSourceProperties'
?[0m?[0;34m2024-07-18T17:39:12.793-04:00 DEBUG 93785 --- [    Test worker] o.s.b.f.s.DefaultListableBeanFactory     : Autowiring by type from bean name 'dataSource' via factory method to bean named 'spring.datasource-org.springframework.boot.autoconfigure.jdbc.DataSourceProperties'
?[0m?[0;34m2024-07-18T17:39:12.796-04:00 DEBUG 93785 --- [    Test worker] com.zaxxer.hikari.HikariConfig           : Driver class org.h2.Driver found in Thread context class loader jdk.internal.loader.ClassLoaders$AppClassLoader@5387f9e0
?[0m?[0;34m2024-07-18T17:39:12.824-04:00 DEBUG 93785 --- [    Test worker] com.zaxxer.hikari.HikariConfig           : HikariPool-1 - configuration:
?[0m?[0;34m2024-07-18T17:39:12.828-04:00 DEBUG 93785 --- [    Test worker] com.zaxxer.hikari.HikariConfig           : allowPoolSuspension.............false
?[0m?[0;34m2024-07-18T17:39:12.828-04:00 DEBUG 93785 --- [    Test worker] com.zaxxer.hikari.HikariConfig           : autoCommit......................true
?[0m?[0;34m2024-07-18T17:39:12.828-04:00 DEBUG 93785 --- [    Test worker] com.zaxxer.hikari.HikariConfig           : catalog.........................none
?[0m?[0;34m2024-07-18T17:39:12.828-04:00 DEBUG 93785 --- [    Test worker] com.zaxxer.hikari.HikariConfig           : connectionInitSql...............none
?[0m?[0;34m2024-07-18T17:39:12.829-04:00 DEBUG 93785 --- [    Test worker] com.zaxxer.hikari.HikariConfig           : connectionTestQuery.............none
?[0m?[0;34m2024-07-18T17:39:12.829-04:00 DEBUG 93785 --- [    Test worker] com.zaxxer.hikari.HikariConfig           : connectionTimeout...............30000
?[0m?[0;34m2024-07-18T17:39:12.829-04:00 DEBUG 93785 --- [    Test worker] com.zaxxer.hikari.HikariConfig           : dataSource......................none
?[0m?[0;34m2024-07-18T17:39:12.829-04:00 DEBUG 93785 --- [    Test worker] com.zaxxer.hikari.HikariConfig           : dataSourceClassName.............none
?[0m?[0;34m2024-07-18T17:39:12.829-04:00 DEBUG 93785 --- [    Test worker] com.zaxxer.hikari.HikariConfig           : dataSourceJNDI..................none
?[0m?[0;34m2024-07-18T17:39:12.830-04:00 DEBUG 93785 --- [    Test worker] com.zaxxer.hikari.HikariConfig           : dataSourceProperties............{password=<masked>}
?[0m?[0;34m2024-07-18T17:39:12.830-04:00 DEBUG 93785 --- [    Test worker] com.zaxxer.hikari.HikariConfig           : driverClassName................."org.h2.Driver"
?[0m?[0;34m2024-07-18T17:39:12.831-04:00 DEBUG 93785 --- [    Test worker] com.zaxxer.hikari.HikariConfig           : exceptionOverrideClassName......none
?[0m?[0;34m2024-07-18T17:39:12.831-04:00 DEBUG 93785 --- [    Test worker] com.zaxxer.hikari.HikariConfig           : healthCheckProperties...........{}
?[0m?[0;34m2024-07-18T17:39:12.831-04:00 DEBUG 93785 --- [    Test worker] com.zaxxer.hikari.HikariConfig           : healthCheckRegistry.............none
?[0m?[0;34m2024-07-18T17:39:12.831-04:00 DEBUG 93785 --- [    Test worker] com.zaxxer.hikari.HikariConfig           : idleTimeout.....................600000
?[0m?[0;34m2024-07-18T17:39:12.831-04:00 DEBUG 93785 --- [    Test worker] com.zaxxer.hikari.HikariConfig           : initializationFailTimeout.......1
?[0m?[0;34m2024-07-18T17:39:12.832-04:00 DEBUG 93785 --- [    Test worker] com.zaxxer.hikari.HikariConfig           : isolateInternalQueries..........false
?[0m?[0;34m2024-07-18T17:39:12.832-04:00 DEBUG 93785 --- [    Test worker] com.zaxxer.hikari.HikariConfig           : jdbcUrl.........................jdbc:h2:mem:testdb
?[0m?[0;34m2024-07-18T17:39:12.832-04:00 DEBUG 93785 --- [    Test worker] com.zaxxer.hikari.HikariConfig           : keepaliveTime...................0
?[0m?[0;34m2024-07-18T17:39:12.833-04:00 DEBUG 93785 --- [    Test worker] com.zaxxer.hikari.HikariConfig           : leakDetectionThreshold..........0
?[0m?[0;34m2024-07-18T17:39:12.833-04:00 DEBUG 93785 --- [    Test worker] com.zaxxer.hikari.HikariConfig           : maxLifetime.....................1800000
?[0m?[0;34m2024-07-18T17:39:12.833-04:00 DEBUG 93785 --- [    Test worker] com.zaxxer.hikari.HikariConfig           : maximumPoolSize.................10
?[0m?[0;34m2024-07-18T17:39:12.833-04:00 DEBUG 93785 --- [    Test worker] com.zaxxer.hikari.HikariConfig           : metricRegistry..................none
?[0m?[0;34m2024-07-18T17:39:12.833-04:00 DEBUG 93785 --- [    Test worker] com.zaxxer.hikari.HikariConfig           : metricsTrackerFactory...........none
?[0m?[0;34m2024-07-18T17:39:12.834-04:00 DEBUG 93785 --- [    Test worker] com.zaxxer.hikari.HikariConfig           : minimumIdle.....................10
?[0m?[0;34m2024-07-18T17:39:12.834-04:00 DEBUG 93785 --- [    Test worker] com.zaxxer.hikari.HikariConfig           : password........................<masked>
?[0m?[0;34m2024-07-18T17:39:12.834-04:00 DEBUG 93785 --- [    Test worker] com.zaxxer.hikari.HikariConfig           : poolName........................"HikariPool-1"
?[0m?[0;34m2024-07-18T17:39:12.834-04:00 DEBUG 93785 --- [    Test worker] com.zaxxer.hikari.HikariConfig           : readOnly........................false
?[0m?[0;34m2024-07-18T17:39:12.835-04:00 DEBUG 93785 --- [    Test worker] com.zaxxer.hikari.HikariConfig           : registerMbeans..................false
?[0m?[0;34m2024-07-18T17:39:12.835-04:00 DEBUG 93785 --- [    Test worker] com.zaxxer.hikari.HikariConfig           : scheduledExecutor...............none
?[0m?[0;34m2024-07-18T17:39:12.836-04:00 DEBUG 93785 --- [    Test worker] com.zaxxer.hikari.HikariConfig           : schema..........................none
?[0m?[0;34m2024-07-18T17:39:12.836-04:00 DEBUG 93785 --- [    Test worker] com.zaxxer.hikari.HikariConfig           : threadFactory...................internal
?[0m?[0;34m2024-07-18T17:39:12.836-04:00 DEBUG 93785 --- [    Test worker] com.zaxxer.hikari.HikariConfig           : transactionIsolation............default
?[0m?[0;34m2024-07-18T17:39:12.836-04:00 DEBUG 93785 --- [    Test worker] com.zaxxer.hikari.HikariConfig           : username........................"sa"
?[0m?[0;34m2024-07-18T17:39:12.837-04:00 DEBUG 93785 --- [    Test worker] com.zaxxer.hikari.HikariConfig           : validationTimeout...............5000
?[0m?[0;34m2024-07-18T17:39:12.837-04:00  INFO 93785 --- [    Test worker] com.zaxxer.hikari.HikariDataSource       : HikariPool-1 - Starting...
?[0m?[0;34m2024-07-18T17:39:13.095-04:00  INFO 93785 --- [    Test worker] com.zaxxer.hikari.pool.HikariPool        : HikariPool-1 - Added connection conn0: url=jdbc:h2:mem:testdb user=SA
?[0m?[0;34m2024-07-18T17:39:13.097-04:00  INFO 93785 --- [    Test worker] com.zaxxer.hikari.HikariDataSource       : HikariPool-1 - Start completed.
?[0m?[0;34m2024-07-18T17:39:13.110-04:00  INFO 93785 --- [    Test worker] o.s.b.a.h2.H2ConsoleAutoConfiguration    : H2 console available at '/h2-console'. Database available at 'jdbc:h2:mem:testdb'
?[0m?[0;34m2024-07-18T17:39:13.111-04:00 DEBUG 93785 --- [    Test worker] o.s.b.f.s.DefaultListableBeanFactory     : Creating shared instance of singleton bean 'securityFilterChainRegistration'
?[0m?[0;34m2024-07-18T17:39:13.112-04:00 DEBUG 93785 --- [    Test worker] o.s.b.f.s.DefaultListableBeanFactory     : Creating shared instance of singleton bean 'org.springframework.boot.autoconfigure.security.servlet.SecurityFilterAutoConfiguration'
?[0m?[0;34m2024-07-18T17:39:13.113-04:00 DEBUG 93785 --- [    Test worker] o.s.b.f.s.DefaultListableBeanFactory     : Creating shared instance of singleton bean 'spring.security-org.springframework.boot.autoconfigure.security.SecurityProperties'
?[0m?[0;34m2024-07-18T17:39:13.118-04:00 DEBUG 93785 --- [    Test worker] o.s.b.f.s.DefaultListableBeanFactory     : Autowiring by type from bean name 'securityFilterChainRegistration' via factory method to bean named 'spring.security-org.springframework.boot.autoconfigure.security.SecurityProperties'
?[0m?[0;34m2024-07-18T17:39:13.122-04:00 DEBUG 93785 --- [    Test worker] o.s.b.f.s.DefaultListableBeanFactory     : Creating shared instance of singleton bean 'servletEndpointRegistrar'
?[0m?[0;34m2024-07-18T17:39:13.123-04:00 DEBUG 93785 --- [    Test worker] o.s.b.f.s.DefaultListableBeanFactory     : Creating shared instance of singleton bean 'org.springframework.boot.actuate.autoconfigure.endpoint.web.ServletEndpointManagementContextConfiguration$WebMvcServletEndpointManagementContextConfiguration'
?[0m?[0;34m2024-07-18T17:39:13.124-04:00 DEBUG 93785 --- [    Test worker] o.s.b.f.s.DefaultListableBeanFactory     : Creating shared instance of singleton bean 'management.endpoints.web-org.springframework.boot.actuate.autoconfigure.endpoint.web.WebEndpointProperties'
?[0m?[0;34m2024-07-18T17:39:13.130-04:00 DEBUG 93785 --- [    Test worker] o.s.b.f.s.DefaultListableBeanFactory     : Creating shared instance of singleton bean 'servletEndpointDiscoverer'
?[0m?[0;34m2024-07-18T17:39:13.130-04:00 DEBUG 93785 --- [    Test worker] o.s.b.f.s.DefaultListableBeanFactory     : Creating shared instance of singleton bean 'org.springframework.boot.actuate.autoconfigure.endpoint.web.WebEndpointAutoConfiguration$WebEndpointServletConfiguration'
?[0m?[0;34m2024-07-18T17:39:13.131-04:00 DEBUG 93785 --- [    Test worker] o.s.b.f.s.DefaultListableBeanFactory     : Autowiring by type from bean name 'servletEndpointDiscoverer' via factory method to bean named 'org.springframework.boot.web.servlet.context.AnnotationConfigServletWebServerApplicationContext@721eb7df'
?[0m?[0;34m2024-07-18T17:39:13.134-04:00 DEBUG 93785 --- [    Test worker] o.s.b.f.s.DefaultListableBeanFactory     : Creating shared instance of singleton bean 'webEndpointPathMapper'
?[0m?[0;34m2024-07-18T17:39:13.134-04:00 DEBUG 93785 --- [    Test worker] o.s.b.f.s.DefaultListableBeanFactory     : Creating shared instance of singleton bean 'org.springframework.boot.actuate.autoconfigure.endpoint.web.WebEndpointAutoConfiguration'
?[0m?[0;34m2024-07-18T17:39:13.138-04:00 DEBUG 93785 --- [    Test worker] o.s.b.f.s.DefaultListableBeanFactory     : Autowiring by type from bean name 'org.springframework.boot.actuate.autoconfigure.endpoint.web.WebEndpointAutoConfiguration' via constructor to bean named 'org.springframework.boot.web.servlet.context.AnnotationConfigServletWebServerApplicationContext@721eb7df'
?[0m?[0;34m2024-07-18T17:39:13.138-04:00 DEBUG 93785 --- [    Test worker] o.s.b.f.s.DefaultListableBeanFactory     : Autowiring by type from bean name 'org.springframework.boot.actuate.autoconfigure.endpoint.web.WebEndpointAutoConfiguration' via constructor to bean named 'management.endpoints.web-org.springframework.boot.actuate.autoconfigure.endpoint.web.WebEndpointProperties'
?[0m?[0;34m2024-07-18T17:39:13.142-04:00 DEBUG 93785 --- [    Test worker] o.s.b.f.s.DefaultListableBeanFactory     : Creating shared instance of singleton bean 'servletExposeExcludePropertyEndpointFilter'
?[0m?[0;34m2024-07-18T17:39:13.142-04:00 DEBUG 93785 --- [    Test worker] o.s.b.f.s.DefaultListableBeanFactory     : Creating shared instance of singleton bean 'org.springframework.boot.actuate.autoconfigure.endpoint.web.ServletEndpointManagementContextConfiguration'
?[0m?[0;34m2024-07-18T17:39:13.144-04:00 DEBUG 93785 --- [    Test worker] o.s.b.f.s.DefaultListableBeanFactory     : Autowiring by type from bean name 'servletExposeExcludePropertyEndpointFilter' via factory method to bean named 'management.endpoints.web-org.springframework.boot.actuate.autoconfigure.endpoint.web.WebEndpointProperties'
?[0m?[0;34m2024-07-18T17:39:13.151-04:00 DEBUG 93785 --- [    Test worker] o.s.b.f.s.DefaultListableBeanFactory     : Autowiring by type from bean name 'servletEndpointRegistrar' via factory method to bean named 'management.endpoints.web-org.springframework.boot.actuate.autoconfigure.endpoint.web.WebEndpointProperties'
?[0m?[0;34m2024-07-18T17:39:13.151-04:00 DEBUG 93785 --- [    Test worker] o.s.b.f.s.DefaultListableBeanFactory     : Autowiring by type from bean name 'servletEndpointRegistrar' via factory method to bean named 'servletEndpointDiscoverer'
?[0m?[0;34m2024-07-18T17:39:13.152-04:00 DEBUG 93785 --- [    Test worker] o.s.b.f.s.DefaultListableBeanFactory     : Autowiring by type from bean name 'servletEndpointRegistrar' via factory method to bean named 'dispatcherServletRegistration'
?[0m?[0;34m2024-07-18T17:39:13.166-04:00 DEBUG 93785 --- [    Test worker] o.s.b.f.s.DefaultListableBeanFactory     : Creating shared instance of singleton bean 'requestContextFilter'
?[0m?[0;34m2024-07-18T17:39:13.169-04:00 DEBUG 93785 --- [    Test worker] o.s.b.f.s.DefaultListableBeanFactory     : Creating shared instance of singleton bean 'formContentFilter'
?[0m?[0;34m2024-07-18T17:39:13.169-04:00 DEBUG 93785 --- [    Test worker] o.s.b.f.s.DefaultListableBeanFactory     : Creating shared instance of singleton bean 'org.springframework.boot.autoconfigure.web.servlet.WebMvcAutoConfiguration'
?[0m?[0;34m2024-07-18T17:39:13.172-04:00 DEBUG 93785 --- [    Test worker] o.s.b.f.s.DefaultListableBeanFactory     : Creating shared instance of singleton bean 'characterEncodingFilter'
?[0m?[0;34m2024-07-18T17:39:13.178-04:00 DEBUG 93785 --- [    Test worker] o.s.b.w.s.ServletContextInitializerBeans : Mapping filters: filterRegistrationBean urls=[/*] order=-2147483647, springSecurityFilterChain urls=[/*] order=-100, characterEncodingFilter urls=[/*] order=-2147483648, formContentFilter urls=[/*] order=-9900, requestContextFilter urls=[/*] order=-105
?[0m?[0;34m2024-07-18T17:39:13.179-04:00 DEBUG 93785 --- [    Test worker] o.s.b.w.s.ServletContextInitializerBeans : Mapping servlets: dispatcherServlet urls=[/], jakartaWebServlet urls=[/h2-console/*]
?[0m?[0;34m2024-07-18T17:39:13.185-04:00 DEBUG 93785 --- [    Test worker] org.apache.catalina.core.ContainerBase   : Add child StandardWrapper[dispatcherServlet] StandardEngine[Tomcat].StandardHost[localhost].TomcatEmbeddedContext[]
?[0m?[0;34m2024-07-18T17:39:13.187-04:00 DEBUG 93785 --- [    Test worker] org.apache.catalina.core.ContainerBase   : Add child StandardWrapper[jakartaWebServlet] StandardEngine[Tomcat].StandardHost[localhost].TomcatEmbeddedContext[]
?[0;34m2024-07-18T17:39:13.201-04:00 DEBUG 93785 --- [l-1 housekeeper] com.zaxxer.hikari.pool.HikariPool        : HikariPool-1 - Pool stats (total=1, active=0, idle=1, waiting=0)
?[0;34m2024-07-18T17:39:13.203-04:00 DEBUG 93785 --- [onnection adder] com.zaxxer.hikari.pool.HikariPool        : HikariPool-1 - Added connection conn1: url=jdbc:h2:mem:testdb user=SA
?[0m?[0;34m2024-07-18T17:39:13.205-04:00 DEBUG 93785 --- [    Test worker] o.apache.catalina.core.StandardContext   : Configuring application event listeners
?[0m?[0;34m2024-07-18T17:39:13.206-04:00 DEBUG 93785 --- [    Test worker] o.a.c.c.C.[Tomcat].[localhost].[/]       : Sending application start events
?[0m?[0;34m2024-07-18T17:39:13.209-04:00 DEBUG 93785 --- [    Test worker] o.a.catalina.session.StandardManager     : Start: Loading persisted sessions
?[0m?[0;34m2024-07-18T17:39:13.209-04:00 DEBUG 93785 --- [    Test worker] o.a.c.c.C.[Tomcat].[localhost].[/]       : Starting filters
?[0m?[0;34m2024-07-18T17:39:13.210-04:00 DEBUG 93785 --- [    Test worker] o.a.c.c.C.[Tomcat].[localhost].[/]       :  Starting filter 'requestContextFilter'
?[0m?[0;34m2024-07-18T17:39:13.213-04:00 DEBUG 93785 --- [    Test worker] o.s.b.w.s.f.OrderedRequestContextFilter  : Filter 'requestContextFilter' configured for use
?[0m?[0;34m2024-07-18T17:39:13.215-04:00 DEBUG 93785 --- [onnection adder] com.zaxxer.hikari.pool.HikariPool        : HikariPool-1 - Added connection conn2: url=jdbc:h2:mem:testdb user=SA
?[0m?[0;34m2024-07-18T17:39:13.217-04:00 DEBUG 93785 --- [    Test worker] o.a.c.c.C.[Tomcat].[localhost].[/]       :  Starting filter 'Tomcat WebSocket (JSR356) Filter'
?[0m?[0;34m2024-07-18T17:39:13.218-04:00 DEBUG 93785 --- [    Test worker] o.a.c.c.C.[Tomcat].[localhost].[/]       :  Starting filter 'serverHttpObservationFilter'
?[0m?[0;34m2024-07-18T17:39:13.219-04:00 DEBUG 93785 --- [    Test worker] o.s.w.f.ServerHttpObservationFilter      : Filter 'serverHttpObservationFilter' configured for use
?[0m?[0;34m2024-07-18T17:39:13.220-04:00 DEBUG 93785 --- [    Test worker] o.a.c.c.C.[Tomcat].[localhost].[/]       :  Starting filter 'characterEncodingFilter'
?[0m?[0;34m2024-07-18T17:39:13.220-04:00 DEBUG 93785 --- [    Test worker] s.b.w.s.f.OrderedCharacterEncodingFilter : Filter 'characterEncodingFilter' configured for use
?[0m?[0;34m2024-07-18T17:39:13.221-04:00 DEBUG 93785 --- [    Test worker] o.a.c.c.C.[Tomcat].[localhost].[/]       :  Starting filter 'springSecurityFilterChain'
?[0m?[0;34m2024-07-18T17:39:13.221-04:00 DEBUG 93785 --- [    Test worker] .DelegatingFilterProxyRegistrationBean$1 : Filter 'springSecurityFilterChain' configured for use
?[0m?[0;34m2024-07-18T17:39:13.222-04:00 DEBUG 93785 --- [    Test worker] o.a.c.c.C.[Tomcat].[localhost].[/]       :  Starting filter 'formContentFilter'
?[0m?[0;34m2024-07-18T17:39:13.222-04:00 DEBUG 93785 --- [    Test worker] o.s.b.w.s.f.OrderedFormContentFilter     : Filter 'formContentFilter' configured for use
?[0m?[0;34m2024-07-18T17:39:13.223-04:00 DEBUG 93785 --- [    Test worker] o.apache.catalina.core.StandardContext   : Starting completed
?[0m?[0;34m2024-07-18T17:39:13.226-04:00 DEBUG 93785 --- [onnection adder] com.zaxxer.hikari.pool.HikariPool        : HikariPool-1 - Added connection conn3: url=jdbc:h2:mem:testdb user=SA
?[0m?[0;34m2024-07-18T17:39:13.227-04:00 DEBUG 93785 --- [    Test worker] org.apache.catalina.mapper.Mapper        : Registered host [localhost]
?[0m?[0;34m2024-07-18T17:39:13.228-04:00 DEBUG 93785 --- [    Test worker] o.apache.catalina.mapper.MapperListener  : Register Wrapper [dispatcherServlet] in Context [] for service [StandardService[Tomcat]]
?[0m?[0;34m2024-07-18T17:39:13.228-04:00 DEBUG 93785 --- [    Test worker] o.apache.catalina.mapper.MapperListener  : Register Wrapper [jakartaWebServlet] in Context [] for service [StandardService[Tomcat]]
?[0m?[0;34m2024-07-18T17:39:13.229-04:00 DEBUG 93785 --- [    Test worker] o.apache.catalina.mapper.MapperListener  : Register Context [] for service [StandardService[Tomcat]]
?[0m?[0;34m2024-07-18T17:39:13.229-04:00 DEBUG 93785 --- [    Test worker] o.apache.catalina.mapper.MapperListener  : Register host [localhost] at domain [null] for service [StandardService[Tomcat]]
?[0m?[0;34m2024-07-18T17:39:13.235-04:00 DEBUG 93785 --- [    Test worker] o.s.b.f.s.DefaultListableBeanFactory     : Creating shared instance of singleton bean 'dataSourceScriptDatabaseInitializer'
?[0m?[0;34m2024-07-18T17:39:13.235-04:00 DEBUG 93785 --- [    Test worker] o.s.b.f.s.DefaultListableBeanFactory     : Creating shared instance of singleton bean 'org.springframework.boot.autoconfigure.sql.init.DataSourceInitializationConfiguration'
?[0m?[0;34m2024-07-18T17:39:13.236-04:00 DEBUG 93785 --- [    Test worker] o.s.b.f.s.DefaultListableBeanFactory     : Creating shared instance of singleton bean 'spring.sql.init-org.springframework.boot.autoconfigure.sql.init.SqlInitializationProperties'
?[0m?[0;34m2024-07-18T17:39:13.237-04:00 DEBUG 93785 --- [onnection adder] com.zaxxer.hikari.pool.HikariPool        : HikariPool-1 - Added connection conn4: url=jdbc:h2:mem:testdb user=SA
?[0m?[0;34m2024-07-18T17:39:13.240-04:00 DEBUG 93785 --- [    Test worker] o.s.b.f.s.DefaultListableBeanFactory     : Autowiring by type from bean name 'dataSourceScriptDatabaseInitializer' via factory method to bean named 'dataSource'
?[0m?[0;34m2024-07-18T17:39:13.240-04:00 DEBUG 93785 --- [    Test worker] o.s.b.f.s.DefaultListableBeanFactory     : Autowiring by type from bean name 'dataSourceScriptDatabaseInitializer' via factory method to bean named 'spring.sql.init-org.springframework.boot.autoconfigure.sql.init.SqlInitializationProperties'
?[0m?[0;34m2024-07-18T17:39:13.244-04:00 DEBUG 93785 --- [    Test worker] o.s.b.f.s.DefaultListableBeanFactory     : Creating shared instance of singleton bean 'entityManagerFactory'
?[0m?[0;34m2024-07-18T17:39:13.244-04:00 DEBUG 93785 --- [    Test worker] o.s.b.f.s.DefaultListableBeanFactory     : Creating shared instance of singleton bean 'org.springframework.boot.autoconfigure.orm.jpa.HibernateJpaConfiguration'
?[0m?[0;34m2024-07-18T17:39:13.246-04:00 DEBUG 93785 --- [    Test worker] o.s.b.f.s.DefaultListableBeanFactory     : Creating shared instance of singleton bean 'spring.jpa-org.springframework.boot.autoconfigure.orm.jpa.JpaProperties'
?[0m?[0;34m2024-07-18T17:39:13.251-04:00 DEBUG 93785 --- [onnection adder] com.zaxxer.hikari.pool.HikariPool        : HikariPool-1 - Added connection conn5: url=jdbc:h2:mem:testdb user=SA
?[0m?[0;34m2024-07-18T17:39:13.251-04:00 DEBUG 93785 --- [    Test worker] o.s.b.f.s.DefaultListableBeanFactory     : Creating shared instance of singleton bean 'spring.jpa.hibernate-org.springframework.boot.autoconfigure.orm.jpa.HibernateProperties'
?[0m?[0;34m2024-07-18T17:39:13.254-04:00 DEBUG 93785 --- [    Test worker] o.s.b.f.s.DefaultListableBeanFactory     : Autowiring by type from bean name 'org.springframework.boot.autoconfigure.orm.jpa.HibernateJpaConfiguration' via constructor to bean named 'dataSource'
?[0m?[0;34m2024-07-18T17:39:13.254-04:00 DEBUG 93785 --- [    Test worker] o.s.b.f.s.DefaultListableBeanFactory     : Autowiring by type from bean name 'org.springframework.boot.autoconfigure.orm.jpa.HibernateJpaConfiguration' via constructor to bean named 'spring.jpa-org.springframework.boot.autoconfigure.orm.jpa.JpaProperties'
?[0m?[0;34m2024-07-18T17:39:13.254-04:00 DEBUG 93785 --- [    Test worker] o.s.b.f.s.DefaultListableBeanFactory     : Autowiring by type from bean name 'org.springframework.boot.autoconfigure.orm.jpa.HibernateJpaConfiguration' via constructor to bean named 'org.springframework.beans.factory.support.DefaultListableBeanFactory@54da32dc'
?[0m?[0;34m2024-07-18T17:39:13.254-04:00 DEBUG 93785 --- [    Test worker] o.s.b.f.s.DefaultListableBeanFactory     : Autowiring by type from bean name 'org.springframework.boot.autoconfigure.orm.jpa.HibernateJpaConfiguration' via constructor to bean named 'spring.jpa.hibernate-org.springframework.boot.autoconfigure.orm.jpa.HibernateProperties'
?[0m?[0;34m2024-07-18T17:39:13.257-04:00 DEBUG 93785 --- [    Test worker] o.s.b.f.s.DefaultListableBeanFactory     : Creating shared instance of singleton bean 'hikariPoolDataSourceMetadataProvider'
?[0m?[0;34m2024-07-18T17:39:13.257-04:00 DEBUG 93785 --- [    Test worker] o.s.b.f.s.DefaultListableBeanFactory     : Creating shared instance of singleton bean 'org.springframework.boot.autoconfigure.jdbc.metadata.DataSourcePoolMetadataProvidersConfiguration$HikariPoolDataSourceMetadataProviderConfiguration'
?[0m?[0;34m2024-07-18T17:39:13.262-04:00 DEBUG 93785 --- [    Test worker] o.s.b.f.s.DefaultListableBeanFactory     : Creating shared instance of singleton bean 'entityManagerFactoryBuilder'
?[0m?[0;34m2024-07-18T17:39:13.263-04:00 DEBUG 93785 --- [onnection adder] com.zaxxer.hikari.pool.HikariPool        : HikariPool-1 - Added connection conn6: url=jdbc:h2:mem:testdb user=SA
?[0m?[0;34m2024-07-18T17:39:13.264-04:00 DEBUG 93785 --- [    Test worker] o.s.b.f.s.DefaultListableBeanFactory     : Creating shared instance of singleton bean 'jpaVendorAdapter'
?[0m?[0;34m2024-07-18T17:39:13.275-04:00 DEBUG 93785 --- [onnection adder] com.zaxxer.hikari.pool.HikariPool        : HikariPool-1 - Added connection conn7: url=jdbc:h2:mem:testdb user=SA
?[0m?[0;34m2024-07-18T17:39:13.276-04:00 DEBUG 93785 --- [    Test worker] org.jboss.logging                        : Logging Provider: org.jboss.logging.Slf4jLoggerProvider found via system property
?[0m?[0;34m2024-07-18T17:39:13.278-04:00 DEBUG 93785 --- [    Test worker] o.s.b.f.s.DefaultListableBeanFactory     : Autowiring by type from bean name 'entityManagerFactoryBuilder' via factory method to bean named 'jpaVendorAdapter'
?[0m?[0;34m2024-07-18T17:39:13.288-04:00 DEBUG 93785 --- [onnection adder] com.zaxxer.hikari.pool.HikariPool        : HikariPool-1 - Added connection conn8: url=jdbc:h2:mem:testdb user=SA
?[0m?[0;34m2024-07-18T17:39:13.291-04:00 DEBUG 93785 --- [    Test worker] o.s.b.f.s.DefaultListableBeanFactory     : Creating shared instance of singleton bean 'persistenceManagedTypes'
?[0m?[0;34m2024-07-18T17:39:13.292-04:00 DEBUG 93785 --- [    Test worker] o.s.b.f.s.DefaultListableBeanFactory     : Autowiring by type from bean name 'persistenceManagedTypes' via factory method to bean named 'org.springframework.beans.factory.support.DefaultListableBeanFactory@54da32dc'
?[0m?[0;34m2024-07-18T17:39:13.292-04:00 DEBUG 93785 --- [    Test worker] o.s.b.f.s.DefaultListableBeanFactory     : Autowiring by type from bean name 'persistenceManagedTypes' via factory method to bean named 'org.springframework.boot.web.servlet.context.AnnotationConfigServletWebServerApplicationContext@721eb7df'
?[0m?[0;34m2024-07-18T17:39:13.299-04:00 DEBUG 93785 --- [    Test worker] o.s.b.f.s.DefaultListableBeanFactory     : Autowiring by type from bean name 'entityManagerFactory' via factory method to bean named 'entityManagerFactoryBuilder'
?[0m?[0;34m2024-07-18T17:39:13.299-04:00 DEBUG 93785 --- [    Test worker] o.s.b.f.s.DefaultListableBeanFactory     : Autowiring by type from bean name 'entityManagerFactory' via factory method to bean named 'persistenceManagedTypes'
?[0m?[0;34m2024-07-18T17:39:13.300-04:00 DEBUG 93785 --- [onnection adder] com.zaxxer.hikari.pool.HikariPool        : HikariPool-1 - Added connection conn9: url=jdbc:h2:mem:testdb user=SA
?[0m?[0;34m2024-07-18T17:39:13.313-04:00 DEBUG 93785 --- [onnection adder] com.zaxxer.hikari.pool.HikariPool        : HikariPool-1 - After adding stats (total=10, active=0, idle=10, waiting=0)
?[0m?[0;34m2024-07-18T17:39:13.316-04:00 DEBUG 93785 --- [    Test worker] j.LocalContainerEntityManagerFactoryBean : Building JPA container EntityManagerFactory for persistence unit 'default'
?[0m?[0;34m2024-07-18T17:39:13.332-04:00 DEBUG 93785 --- [    Test worker] o.hibernate.jpa.internal.util.LogHelper  : PersistenceUnitInfo [
?[0m?[0;34m	name: default
?[0m?[0;34m	persistence provider classname: null
?[0m?[0;34m	classloader: jdk.internal.loader.ClassLoaders$AppClassLoader@5387f9e0
?[0m?[0;34m	excludeUnlistedClasses: true
?[0m?[0;34m	JTA datasource: null
?[0m?[0;34m	Non JTA datasource: HikariDataSource (HikariPool-1)
?[0m?[0;34m	Transaction type: RESOURCE_LOCAL
?[0m?[0;34m	PU root URL: file:/Users/CarmenLaptop/Desktop/coding/Anti-Fraud%20System/Anti-Fraud%20System/task/build/classes/java/test/
?[0m?[0;34m	Shared Cache Mode: UNSPECIFIED
?[0m?[0;34m	Validation Mode: AUTO
?[0m?[0;34m	Jar files URLs []
?[0m?[0;34m	Managed classes names [
?[0m?[0;34m		antifraud.model.User]
?[0m?[0;34m	Mapping files names []
?[0m?[0;34m	Properties []
?[0m?[0;34m2024-07-18T17:39:13.349-04:00 DEBUG 93785 --- [    Test worker] o.h.i.internal.IntegratorServiceImpl     : Adding Integrator [org.hibernate.cfg.beanvalidation.BeanValidationIntegrator].
?[0m?[0;34m2024-07-18T17:39:13.351-04:00 DEBUG 93785 --- [    Test worker] o.h.i.internal.IntegratorServiceImpl     : Adding Integrator [org.hibernate.cache.internal.CollectionCacheInvalidator].
?[0m?[0;34m2024-07-18T17:39:13.402-04:00  INFO 93785 --- [    Test worker] org.hibernate.Version                    : HHH000412: Hibernate ORM core version 6.1.6.Final
?[0m?[0;34m2024-07-18T17:39:13.403-04:00 DEBUG 93785 --- [    Test worker] org.hibernate.cfg.Environment            : HHH000206: hibernate.properties not found
?[0m?[0;34m2024-07-18T17:39:13.614-04:00 DEBUG 93785 --- [    Test worker] org.hibernate.orm.idgen.factory          : Registering IdentifierGenerator strategy [uuid2] -> [org.hibernate.id.UUIDGenerator]
?[0m?[0;34m2024-07-18T17:39:13.615-04:00 DEBUG 93785 --- [    Test worker] org.hibernate.orm.idgen.factory          : Registering IdentifierGenerator strategy [guid] -> [org.hibernate.id.GUIDGenerator]
?[0m?[0;34m2024-07-18T17:39:13.616-04:00 DEBUG 93785 --- [    Test worker] org.hibernate.orm.idgen.factory          : Registering IdentifierGenerator strategy [uuid] -> [org.hibernate.id.UUIDHexGenerator]
?[0m?[0;34m2024-07-18T17:39:13.616-04:00 DEBUG 93785 --- [    Test worker] org.hibernate.orm.idgen.factory          : Registering IdentifierGenerator strategy [uuid.hex] -> [org.hibernate.id.UUIDHexGenerator]
?[0m?[0;34m2024-07-18T17:39:13.617-04:00 DEBUG 93785 --- [    Test worker] org.hibernate.orm.idgen.factory          : Registering IdentifierGenerator strategy [assigned] -> [org.hibernate.id.Assigned]
?[0m?[0;34m2024-07-18T17:39:13.618-04:00 DEBUG 93785 --- [    Test worker] org.hibernate.orm.idgen.factory          : Registering IdentifierGenerator strategy [identity] -> [org.hibernate.id.IdentityGenerator]
?[0m?[0;34m2024-07-18T17:39:13.618-04:00 DEBUG 93785 --- [    Test worker] org.hibernate.orm.idgen.factory          : Registering IdentifierGenerator strategy [select] -> [org.hibernate.id.SelectGenerator]
?[0m?[0;34m2024-07-18T17:39:13.620-04:00 DEBUG 93785 --- [    Test worker] org.hibernate.orm.idgen.factory          : Registering IdentifierGenerator strategy [sequence] -> [org.hibernate.id.enhanced.SequenceStyleGenerator]
?[0m?[0;34m2024-07-18T17:39:13.620-04:00 DEBUG 93785 --- [    Test worker] org.hibernate.orm.idgen.factory          : Registering IdentifierGenerator strategy [increment] -> [org.hibernate.id.IncrementGenerator]
?[0m?[0;34m2024-07-18T17:39:13.622-04:00 DEBUG 93785 --- [    Test worker] org.hibernate.orm.idgen.factory          : Registering IdentifierGenerator strategy [foreign] -> [org.hibernate.id.ForeignGenerator]
?[0m?[0;34m2024-07-18T17:39:13.622-04:00 DEBUG 93785 --- [    Test worker] org.hibernate.orm.idgen.factory          : Registering IdentifierGenerator strategy [enhanced-sequence] -> [org.hibernate.id.enhanced.SequenceStyleGenerator]
?[0m?[0;34m2024-07-18T17:39:13.623-04:00 DEBUG 93785 --- [    Test worker] org.hibernate.orm.idgen.factory          : Registering IdentifierGenerator strategy [enhanced-table] -> [org.hibernate.id.enhanced.TableGenerator]
?[0m?[0;34m2024-07-18T17:39:13.629-04:00  WARN 93785 --- [    Test worker] org.hibernate.orm.deprecation            : HHH90000021: Encountered deprecated setting [javax.persistence.sharedCache.mode], use [jakarta.persistence.sharedCache.mode] instead
?[0m?[0;34m2024-07-18T17:39:13.630-04:00 DEBUG 93785 --- [    Test worker] o.h.c.internal.RegionFactoryInitiator    : Cannot default RegionFactory based on registered strategies as `[]` RegionFactory strategies were registered
?[0m?[0;34m2024-07-18T17:39:13.631-04:00 DEBUG 93785 --- [    Test worker] o.h.c.internal.RegionFactoryInitiator    : Cache region factory : org.hibernate.cache.internal.NoCachingRegionFactory
?[0m?[0;34m2024-07-18T17:39:13.710-04:00 DEBUG 93785 --- [    Test worker] o.h.t.d.jdbc.spi.JdbcTypeRegistry        : addDescriptor(FloatTypeDescriptor) replaced previous registration(DoubleTypeDescriptor)
?[0m?[0;34m2024-07-18T17:39:13.724-04:00 DEBUG 93785 --- [    Test worker] org.hibernate.type.BasicTypeRegistry     : Adding type registration boolean -> org.hibernate.type.BasicTypeReference@154f8280
?[0m?[0;34m2024-07-18T17:39:13.725-04:00 DEBUG 93785 --- [    Test worker] org.hibernate.type.BasicTypeRegistry     : Adding type registration boolean -> org.hibernate.type.BasicTypeReference@154f8280
?[0m?[0;34m2024-07-18T17:39:13.725-04:00 DEBUG 93785 --- [    Test worker] org.hibernate.type.BasicTypeRegistry     : Adding type registration java.lang.Boolean -> org.hibernate.type.BasicTypeReference@154f8280
?[0m?[0;34m2024-07-18T17:39:13.725-04:00 DEBUG 93785 --- [    Test worker] org.hibernate.type.BasicTypeRegistry     : Adding type registration numeric_boolean -> org.hibernate.type.BasicTypeReference@24f90aff
?[0m?[0;34m2024-07-18T17:39:13.725-04:00 DEBUG 93785 --- [    Test worker] org.hibernate.type.BasicTypeRegistry     : Adding type registration org.hibernate.type.NumericBooleanConverter -> org.hibernate.type.BasicTypeReference@24f90aff
?[0m?[0;34m2024-07-18T17:39:13.725-04:00 DEBUG 93785 --- [    Test worker] org.hibernate.type.BasicTypeRegistry     : Adding type registration true_false -> org.hibernate.type.BasicTypeReference@7252bdb
?[0m?[0;34m2024-07-18T17:39:13.726-04:00 DEBUG 93785 --- [    Test worker] org.hibernate.type.BasicTypeRegistry     : Adding type registration org.hibernate.type.TrueFalseConverter -> org.hibernate.type.BasicTypeReference@7252bdb
?[0m?[0;34m2024-07-18T17:39:13.726-04:00 DEBUG 93785 --- [    Test worker] org.hibernate.type.BasicTypeRegistry     : Adding type registration yes_no -> org.hibernate.type.BasicTypeReference@25ea068e
?[0m?[0;34m2024-07-18T17:39:13.726-04:00 DEBUG 93785 --- [    Test worker] org.hibernate.type.BasicTypeRegistry     : Adding type registration org.hibernate.type.YesNoConverter -> org.hibernate.type.BasicTypeReference@25ea068e
?[0m?[0;34m2024-07-18T17:39:13.726-04:00 DEBUG 93785 --- [    Test worker] org.hibernate.type.BasicTypeRegistry     : Adding type registration byte -> org.hibernate.type.BasicTypeReference@4cd8db31
?[0m?[0;34m2024-07-18T17:39:13.726-04:00 DEBUG 93785 --- [    Test worker] org.hibernate.type.BasicTypeRegistry     : Adding type registration byte -> org.hibernate.type.BasicTypeReference@4cd8db31
?[0m?[0;34m2024-07-18T17:39:13.726-04:00 DEBUG 93785 --- [    Test worker] org.hibernate.type.BasicTypeRegistry     : Adding type registration java.lang.Byte -> org.hibernate.type.BasicTypeReference@4cd8db31
?[0m?[0;34m2024-07-18T17:39:13.726-04:00 DEBUG 93785 --- [    Test worker] org.hibernate.type.BasicTypeRegistry     : Adding type registration binary -> org.hibernate.type.BasicTypeReference@201a8ea7
?[0m?[0;34m2024-07-18T17:39:13.726-04:00 DEBUG 93785 --- [    Test worker] org.hibernate.type.BasicTypeRegistry     : Adding type registration byte[] -> org.hibernate.type.BasicTypeReference@201a8ea7
?[0m?[0;34m2024-07-18T17:39:13.727-04:00 DEBUG 93785 --- [    Test worker] org.hibernate.type.BasicTypeRegistry     : Adding type registration [B -> org.hibernate.type.BasicTypeReference@201a8ea7
?[0m?[0;34m2024-07-18T17:39:13.727-04:00 DEBUG 93785 --- [    Test worker] org.hibernate.type.BasicTypeRegistry     : Adding type registration binary_wrapper -> org.hibernate.type.BasicTypeReference@ecf028c
?[0m?[0;34m2024-07-18T17:39:13.727-04:00 DEBUG 93785 --- [    Test worker] org.hibernate.type.BasicTypeRegistry     : Adding type registration wrapper-binary -> org.hibernate.type.BasicTypeReference@ecf028c
?[0m?[0;34m2024-07-18T17:39:13.727-04:00 DEBUG 93785 --- [    Test worker] org.hibernate.type.BasicTypeRegistry     : Adding type registration Byte[] -> org.hibernate.type.BasicTypeReference@ecf028c
?[0m?[0;34m2024-07-18T17:39:13.727-04:00 DEBUG 93785 --- [    Test worker] org.hibernate.type.BasicTypeRegistry     : Adding type registration [Ljava.lang.Byte; -> org.hibernate.type.BasicTypeReference@ecf028c
?[0m?[0;34m2024-07-18T17:39:13.727-04:00 DEBUG 93785 --- [    Test worker] org.hibernate.type.BasicTypeRegistry     : Adding type registration image -> org.hibernate.type.BasicTypeReference@7b64bbad
?[0m?[0;34m2024-07-18T17:39:13.728-04:00 DEBUG 93785 --- [    Test worker] org.hibernate.type.BasicTypeRegistry     : Adding type registration blob -> org.hibernate.type.BasicTypeReference@71eff6a3
?[0m?[0;34m2024-07-18T17:39:13.728-04:00 DEBUG 93785 --- [    Test worker] org.hibernate.type.BasicTypeRegistry     : Adding type registration java.sql.Blob -> org.hibernate.type.BasicTypeReference@71eff6a3
?[0m?[0;34m2024-07-18T17:39:13.729-04:00 DEBUG 93785 --- [    Test worker] org.hibernate.type.BasicTypeRegistry     : Adding type registration materialized_blob -> org.hibernate.type.BasicTypeReference@574218f
?[0m?[0;34m2024-07-18T17:39:13.729-04:00 DEBUG 93785 --- [    Test worker] org.hibernate.type.BasicTypeRegistry     : Adding type registration materialized_blob_wrapper -> org.hibernate.type.BasicTypeReference@735988cf
?[0m?[0;34m2024-07-18T17:39:13.729-04:00 DEBUG 93785 --- [    Test worker] org.hibernate.type.BasicTypeRegistry     : Adding type registration short -> org.hibernate.type.BasicTypeReference@2d3eecda
?[0m?[0;34m2024-07-18T17:39:13.729-04:00 DEBUG 93785 --- [    Test worker] org.hibernate.type.BasicTypeRegistry     : Adding type registration short -> org.hibernate.type.BasicTypeReference@2d3eecda
?[0m?[0;34m2024-07-18T17:39:13.729-04:00 DEBUG 93785 --- [    Test worker] org.hibernate.type.BasicTypeRegistry     : Adding type registration java.lang.Short -> org.hibernate.type.BasicTypeReference@2d3eecda
?[0m?[0;34m2024-07-18T17:39:13.729-04:00 DEBUG 93785 --- [    Test worker] org.hibernate.type.BasicTypeRegistry     : Adding type registration integer -> org.hibernate.type.BasicTypeReference@236a4d30
?[0m?[0;34m2024-07-18T17:39:13.729-04:00 DEBUG 93785 --- [    Test worker] org.hibernate.type.BasicTypeRegistry     : Adding type registration int -> org.hibernate.type.BasicTypeReference@236a4d30
?[0m?[0;34m2024-07-18T17:39:13.729-04:00 DEBUG 93785 --- [    Test worker] org.hibernate.type.BasicTypeRegistry     : Adding type registration java.lang.Integer -> org.hibernate.type.BasicTypeReference@236a4d30
?[0m?[0;34m2024-07-18T17:39:13.729-04:00 DEBUG 93785 --- [    Test worker] org.hibernate.type.BasicTypeRegistry     : Adding type registration long -> org.hibernate.type.BasicTypeReference@736788b
?[0m?[0;34m2024-07-18T17:39:13.730-04:00 DEBUG 93785 --- [    Test worker] org.hibernate.type.BasicTypeRegistry     : Adding type registration long -> org.hibernate.type.BasicTypeReference@736788b
?[0m?[0;34m2024-07-18T17:39:13.730-04:00 DEBUG 93785 --- [    Test worker] org.hibernate.type.BasicTypeRegistry     : Adding type registration java.lang.Long -> org.hibernate.type.BasicTypeReference@736788b
?[0m?[0;34m2024-07-18T17:39:13.730-04:00 DEBUG 93785 --- [    Test worker] org.hibernate.type.BasicTypeRegistry     : Adding type registration float -> org.hibernate.type.BasicTypeReference@38968752
?[0m?[0;34m2024-07-18T17:39:13.730-04:00 DEBUG 93785 --- [    Test worker] org.hibernate.type.BasicTypeRegistry     : Adding type registration float -> org.hibernate.type.BasicTypeReference@38968752
?[0m?[0;34m2024-07-18T17:39:13.730-04:00 DEBUG 93785 --- [    Test worker] org.hibernate.type.BasicTypeRegistry     : Adding type registration java.lang.Float -> org.hibernate.type.BasicTypeReference@38968752
?[0m?[0;34m2024-07-18T17:39:13.730-04:00 DEBUG 93785 --- [    Test worker] org.hibernate.type.BasicTypeRegistry     : Adding type registration double -> org.hibernate.type.BasicTypeReference@6294e4a6
?[0m?[0;34m2024-07-18T17:39:13.730-04:00 DEBUG 93785 --- [    Test worker] org.hibernate.type.BasicTypeRegistry     : Adding type registration double -> org.hibernate.type.BasicTypeReference@6294e4a6
?[0m?[0;34m2024-07-18T17:39:13.730-04:00 DEBUG 93785 --- [    Test worker] org.hibernate.type.BasicTypeRegistry     : Adding type registration java.lang.Double -> org.hibernate.type.BasicTypeReference@6294e4a6
?[0m?[0;34m2024-07-18T17:39:13.730-04:00 DEBUG 93785 --- [    Test worker] org.hibernate.type.BasicTypeRegistry     : Adding type registration big_integer -> org.hibernate.type.BasicTypeReference@13662609
?[0m?[0;34m2024-07-18T17:39:13.730-04:00 DEBUG 93785 --- [    Test worker] org.hibernate.type.BasicTypeRegistry     : Adding type registration java.math.BigInteger -> org.hibernate.type.BasicTypeReference@13662609
?[0m?[0;34m2024-07-18T17:39:13.731-04:00 DEBUG 93785 --- [    Test worker] org.hibernate.type.BasicTypeRegistry     : Adding type registration big_decimal -> org.hibernate.type.BasicTypeReference@27a0e6ce
?[0m?[0;34m2024-07-18T17:39:13.731-04:00 DEBUG 93785 --- [    Test worker] org.hibernate.type.BasicTypeRegistry     : Adding type registration java.math.BigDecimal -> org.hibernate.type.BasicTypeReference@27a0e6ce
?[0m?[0;34m2024-07-18T17:39:13.731-04:00 DEBUG 93785 --- [    Test worker] org.hibernate.type.BasicTypeRegistry     : Adding type registration character -> org.hibernate.type.BasicTypeReference@2b80497f
?[0m?[0;34m2024-07-18T17:39:13.731-04:00 DEBUG 93785 --- [    Test worker] org.hibernate.type.BasicTypeRegistry     : Adding type registration char -> org.hibernate.type.BasicTypeReference@2b80497f
?[0m?[0;34m2024-07-18T17:39:13.731-04:00 DEBUG 93785 --- [    Test worker] org.hibernate.type.BasicTypeRegistry     : Adding type registration java.lang.Character -> org.hibernate.type.BasicTypeReference@2b80497f
?[0m?[0;34m2024-07-18T17:39:13.731-04:00 DEBUG 93785 --- [    Test worker] org.hibernate.type.BasicTypeRegistry     : Adding type registration character_nchar -> org.hibernate.type.BasicTypeReference@6ef4297d
?[0m?[0;34m2024-07-18T17:39:13.731-04:00 DEBUG 93785 --- [    Test worker] org.hibernate.type.BasicTypeRegistry     : Adding type registration string -> org.hibernate.type.BasicTypeReference@4c000cc4
?[0m?[0;34m2024-07-18T17:39:13.731-04:00 DEBUG 93785 --- [    Test worker] org.hibernate.type.BasicTypeRegistry     : Adding type registration java.lang.String -> org.hibernate.type.BasicTypeReference@4c000cc4
?[0m?[0;34m2024-07-18T17:39:13.731-04:00 DEBUG 93785 --- [    Test worker] org.hibernate.type.BasicTypeRegistry     : Adding type registration nstring -> org.hibernate.type.BasicTypeReference@6c36051c
?[0m?[0;34m2024-07-18T17:39:13.731-04:00 DEBUG 93785 --- [    Test worker] org.hibernate.type.BasicTypeRegistry     : Adding type registration characters -> org.hibernate.type.BasicTypeReference@45d46254
?[0m?[0;34m2024-07-18T17:39:13.731-04:00 DEBUG 93785 --- [    Test worker] org.hibernate.type.BasicTypeRegistry     : Adding type registration char[] -> org.hibernate.type.BasicTypeReference@45d46254
?[0m?[0;34m2024-07-18T17:39:13.731-04:00 DEBUG 93785 --- [    Test worker] org.hibernate.type.BasicTypeRegistry     : Adding type registration [C -> org.hibernate.type.BasicTypeReference@45d46254
?[0m?[0;34m2024-07-18T17:39:13.732-04:00 DEBUG 93785 --- [    Test worker] org.hibernate.type.BasicTypeRegistry     : Adding type registration wrapper-characters -> org.hibernate.type.BasicTypeReference@a240452
?[0m?[0;34m2024-07-18T17:39:13.732-04:00 DEBUG 93785 --- [    Test worker] org.hibernate.type.BasicTypeRegistry     : Adding type registration [Ljava.lang.Character; -> org.hibernate.type.BasicTypeReference@a240452
?[0m?[0;34m2024-07-18T17:39:13.732-04:00 DEBUG 93785 --- [    Test worker] org.hibernate.type.BasicTypeRegistry     : Adding type registration Character[] -> org.hibernate.type.BasicTypeReference@a240452
?[0m?[0;34m2024-07-18T17:39:13.732-04:00 DEBUG 93785 --- [    Test worker] org.hibernate.type.BasicTypeRegistry     : Adding type registration text -> org.hibernate.type.BasicTypeReference@460e5ffe
?[0m?[0;34m2024-07-18T17:39:13.732-04:00 DEBUG 93785 --- [    Test worker] org.hibernate.type.BasicTypeRegistry     : Adding type registration ntext -> org.hibernate.type.BasicTypeReference@1a4cbcc6
?[0m?[0;34m2024-07-18T17:39:13.732-04:00 DEBUG 93785 --- [    Test worker] org.hibernate.type.BasicTypeRegistry     : Adding type registration clob -> org.hibernate.type.BasicTypeReference@7cecab19
?[0m?[0;34m2024-07-18T17:39:13.732-04:00 DEBUG 93785 --- [    Test worker] org.hibernate.type.BasicTypeRegistry     : Adding type registration java.sql.Clob -> org.hibernate.type.BasicTypeReference@7cecab19
?[0m?[0;34m2024-07-18T17:39:13.732-04:00 DEBUG 93785 --- [    Test worker] org.hibernate.type.BasicTypeRegistry     : Adding type registration nclob -> org.hibernate.type.BasicTypeReference@56402642
?[0m?[0;34m2024-07-18T17:39:13.732-04:00 DEBUG 93785 --- [    Test worker] org.hibernate.type.BasicTypeRegistry     : Adding type registration java.sql.NClob -> org.hibernate.type.BasicTypeReference@56402642
?[0m?[0;34m2024-07-18T17:39:13.732-04:00 DEBUG 93785 --- [    Test worker] org.hibernate.type.BasicTypeRegistry     : Adding type registration materialized_clob -> org.hibernate.type.BasicTypeReference@620572db
?[0m?[0;34m2024-07-18T17:39:13.732-04:00 DEBUG 93785 --- [    Test worker] org.hibernate.type.BasicTypeRegistry     : Adding type registration materialized_clob_char_array -> org.hibernate.type.BasicTypeReference@1d5048d1
?[0m?[0;34m2024-07-18T17:39:13.733-04:00 DEBUG 93785 --- [    Test worker] org.hibernate.type.BasicTypeRegistry     : Adding type registration materialized_clob_character_array -> org.hibernate.type.BasicTypeReference@47d9c01
?[0m?[0;34m2024-07-18T17:39:13.733-04:00 DEBUG 93785 --- [    Test worker] org.hibernate.type.BasicTypeRegistry     : Adding type registration materialized_nclob -> org.hibernate.type.BasicTypeReference@5358c8fa
?[0m?[0;34m2024-07-18T17:39:13.733-04:00 DEBUG 93785 --- [    Test worker] org.hibernate.type.BasicTypeRegistry     : Adding type registration materialized_nclob_character_array -> org.hibernate.type.BasicTypeReference@1a02ebe0
?[0m?[0;34m2024-07-18T17:39:13.733-04:00 DEBUG 93785 --- [    Test worker] org.hibernate.type.BasicTypeRegistry     : Adding type registration materialized_nclob_char_array -> org.hibernate.type.BasicTypeReference@58b3eb1
?[0m?[0;34m2024-07-18T17:39:13.733-04:00 DEBUG 93785 --- [    Test worker] org.hibernate.type.BasicTypeRegistry     : Adding type registration Duration -> org.hibernate.type.BasicTypeReference@6d7e2795
?[0m?[0;34m2024-07-18T17:39:13.733-04:00 DEBUG 93785 --- [    Test worker] org.hibernate.type.BasicTypeRegistry     : Adding type registration java.time.Duration -> org.hibernate.type.BasicTypeReference@6d7e2795
?[0m?[0;34m2024-07-18T17:39:13.733-04:00 DEBUG 93785 --- [    Test worker] org.hibernate.type.BasicTypeRegistry     : Adding type registration LocalDateTime -> org.hibernate.type.BasicTypeReference@78743dd8
?[0m?[0;34m2024-07-18T17:39:13.733-04:00 DEBUG 93785 --- [    Test worker] org.hibernate.type.BasicTypeRegistry     : Adding type registration java.time.LocalDateTime -> org.hibernate.type.BasicTypeReference@78743dd8
?[0m?[0;34m2024-07-18T17:39:13.733-04:00 DEBUG 93785 --- [    Test worker] org.hibernate.type.BasicTypeRegistry     : Adding type registration LocalDate -> org.hibernate.type.BasicTypeReference@752494dd
?[0m?[0;34m2024-07-18T17:39:13.734-04:00 DEBUG 93785 --- [    Test worker] org.hibernate.type.BasicTypeRegistry     : Adding type registration java.time.LocalDate -> org.hibernate.type.BasicTypeReference@752494dd
?[0m?[0;34m2024-07-18T17:39:13.734-04:00 DEBUG 93785 --- [    Test worker] org.hibernate.type.BasicTypeRegistry     : Adding type registration LocalTime -> org.hibernate.type.BasicTypeReference@2986427e
?[0m?[0;34m2024-07-18T17:39:13.734-04:00 DEBUG 93785 --- [    Test worker] org.hibernate.type.BasicTypeRegistry     : Adding type registration java.time.LocalTime -> org.hibernate.type.BasicTypeReference@2986427e
?[0m?[0;34m2024-07-18T17:39:13.734-04:00 DEBUG 93785 --- [    Test worker] org.hibernate.type.BasicTypeRegistry     : Adding type registration OffsetDateTime -> org.hibernate.type.BasicTypeReference@35d88a54
?[0m?[0;34m2024-07-18T17:39:13.734-04:00 DEBUG 93785 --- [    Test worker] org.hibernate.type.BasicTypeRegistry     : Adding type registration java.time.OffsetDateTime -> org.hibernate.type.BasicTypeReference@35d88a54
?[0m?[0;34m2024-07-18T17:39:13.734-04:00 DEBUG 93785 --- [    Test worker] org.hibernate.type.BasicTypeRegistry     : Adding type registration OffsetDateTimeWithTimezone -> org.hibernate.type.BasicTypeReference@6c1bebca
?[0m?[0;34m2024-07-18T17:39:13.734-04:00 DEBUG 93785 --- [    Test worker] org.hibernate.type.BasicTypeRegistry     : Adding type registration OffsetDateTimeWithoutTimezone -> org.hibernate.type.BasicTypeReference@3d4818e8
?[0m?[0;34m2024-07-18T17:39:13.734-04:00 DEBUG 93785 --- [    Test worker] org.hibernate.type.BasicTypeRegistry     : Adding type registration OffsetTime -> org.hibernate.type.BasicTypeReference@26c6288d
?[0m?[0;34m2024-07-18T17:39:13.734-04:00 DEBUG 93785 --- [    Test worker] org.hibernate.type.BasicTypeRegistry     : Adding type registration java.time.OffsetTime -> org.hibernate.type.BasicTypeReference@26c6288d
?[0m?[0;34m2024-07-18T17:39:13.734-04:00 DEBUG 93785 --- [    Test worker] org.hibernate.type.BasicTypeRegistry     : Adding type registration ZonedDateTime -> org.hibernate.type.BasicTypeReference@57bd9c2b
?[0m?[0;34m2024-07-18T17:39:13.734-04:00 DEBUG 93785 --- [    Test worker] org.hibernate.type.BasicTypeRegistry     : Adding type registration java.time.ZonedDateTime -> org.hibernate.type.BasicTypeReference@57bd9c2b
?[0m?[0;34m2024-07-18T17:39:13.735-04:00 DEBUG 93785 --- [    Test worker] org.hibernate.type.BasicTypeRegistry     : Adding type registration ZonedDateTimeWithTimezone -> org.hibernate.type.BasicTypeReference@644b68ad
?[0m?[0;34m2024-07-18T17:39:13.735-04:00 DEBUG 93785 --- [    Test worker] org.hibernate.type.BasicTypeRegistry     : Adding type registration ZonedDateTimeWithoutTimezone -> org.hibernate.type.BasicTypeReference@1939a394
?[0m?[0;34m2024-07-18T17:39:13.735-04:00 DEBUG 93785 --- [    Test worker] org.hibernate.type.BasicTypeRegistry     : Adding type registration date -> org.hibernate.type.BasicTypeReference@e2c627e
?[0m?[0;34m2024-07-18T17:39:13.735-04:00 DEBUG 93785 --- [    Test worker] org.hibernate.type.BasicTypeRegistry     : Adding type registration java.sql.Date -> org.hibernate.type.BasicTypeReference@e2c627e
?[0m?[0;34m2024-07-18T17:39:13.735-04:00 DEBUG 93785 --- [    Test worker] org.hibernate.type.BasicTypeRegistry     : Adding type registration time -> org.hibernate.type.BasicTypeReference@35cbeb54
?[0m?[0;34m2024-07-18T17:39:13.735-04:00 DEBUG 93785 --- [    Test worker] org.hibernate.type.BasicTypeRegistry     : Adding type registration java.sql.Time -> org.hibernate.type.BasicTypeReference@35cbeb54
?[0m?[0;34m2024-07-18T17:39:13.735-04:00 DEBUG 93785 --- [    Test worker] org.hibernate.type.BasicTypeRegistry     : Adding type registration timestamp -> org.hibernate.type.BasicTypeReference@a7ae340
?[0m?[0;34m2024-07-18T17:39:13.735-04:00 DEBUG 93785 --- [    Test worker] org.hibernate.type.BasicTypeRegistry     : Adding type registration java.sql.Timestamp -> org.hibernate.type.BasicTypeReference@a7ae340
?[0m?[0;34m2024-07-18T17:39:13.735-04:00 DEBUG 93785 --- [    Test worker] org.hibernate.type.BasicTypeRegistry     : Adding type registration java.util.Date -> org.hibernate.type.BasicTypeReference@a7ae340
?[0m?[0;34m2024-07-18T17:39:13.735-04:00 DEBUG 93785 --- [    Test worker] org.hibernate.type.BasicTypeRegistry     : Adding type registration calendar -> org.hibernate.type.BasicTypeReference@5e8bd498
?[0m?[0;34m2024-07-18T17:39:13.735-04:00 DEBUG 93785 --- [    Test worker] org.hibernate.type.BasicTypeRegistry     : Adding type registration java.util.Calendar -> org.hibernate.type.BasicTypeReference@5e8bd498
?[0m?[0;34m2024-07-18T17:39:13.735-04:00 DEBUG 93785 --- [    Test worker] org.hibernate.type.BasicTypeRegistry     : Adding type registration java.util.GregorianCalendar -> org.hibernate.type.BasicTypeReference@5e8bd498
?[0m?[0;34m2024-07-18T17:39:13.736-04:00 DEBUG 93785 --- [    Test worker] org.hibernate.type.BasicTypeRegistry     : Adding type registration calendar_date -> org.hibernate.type.BasicTypeReference@335972a5
?[0m?[0;34m2024-07-18T17:39:13.736-04:00 DEBUG 93785 --- [    Test worker] org.hibernate.type.BasicTypeRegistry     : Adding type registration calendar_time -> org.hibernate.type.BasicTypeReference@59a2bed1
?[0m?[0;34m2024-07-18T17:39:13.736-04:00 DEBUG 93785 --- [    Test worker] org.hibernate.type.BasicTypeRegistry     : Adding type registration instant -> org.hibernate.type.BasicTypeReference@49f2646
?[0m?[0;34m2024-07-18T17:39:13.736-04:00 DEBUG 93785 --- [    Test worker] org.hibernate.type.BasicTypeRegistry     : Adding type registration java.time.Instant -> org.hibernate.type.BasicTypeReference@49f2646
?[0m?[0;34m2024-07-18T17:39:13.736-04:00 DEBUG 93785 --- [    Test worker] org.hibernate.type.BasicTypeRegistry     : Adding type registration uuid -> org.hibernate.type.BasicTypeReference@4b00d59
?[0m?[0;34m2024-07-18T17:39:13.736-04:00 DEBUG 93785 --- [    Test worker] org.hibernate.type.BasicTypeRegistry     : Adding type registration java.util.UUID -> org.hibernate.type.BasicTypeReference@4b00d59
?[0m?[0;34m2024-07-18T17:39:13.736-04:00 DEBUG 93785 --- [    Test worker] org.hibernate.type.BasicTypeRegistry     : Adding type registration pg-uuid -> org.hibernate.type.BasicTypeReference@4b00d59
?[0m?[0;34m2024-07-18T17:39:13.736-04:00 DEBUG 93785 --- [    Test worker] org.hibernate.type.BasicTypeRegistry     : Adding type registration uuid-binary -> org.hibernate.type.BasicTypeReference@7c048b30
?[0m?[0;34m2024-07-18T17:39:13.736-04:00 DEBUG 93785 --- [    Test worker] org.hibernate.type.BasicTypeRegistry     : Adding type registration uuid-char -> org.hibernate.type.BasicTypeReference@309cf657
?[0m?[0;34m2024-07-18T17:39:13.736-04:00 DEBUG 93785 --- [    Test worker] org.hibernate.type.BasicTypeRegistry     : Adding type registration class -> org.hibernate.type.BasicTypeReference@4d4c4b14
?[0m?[0;34m2024-07-18T17:39:13.736-04:00 DEBUG 93785 --- [    Test worker] org.hibernate.type.BasicTypeRegistry     : Adding type registration java.lang.Class -> org.hibernate.type.BasicTypeReference@4d4c4b14
?[0m?[0;34m2024-07-18T17:39:13.736-04:00 DEBUG 93785 --- [    Test worker] org.hibernate.type.BasicTypeRegistry     : Adding type registration currency -> org.hibernate.type.BasicTypeReference@49925d21
?[0m?[0;34m2024-07-18T17:39:13.737-04:00 DEBUG 93785 --- [    Test worker] org.hibernate.type.BasicTypeRegistry     : Adding type registration Currency -> org.hibernate.type.BasicTypeReference@49925d21
?[0m?[0;34m2024-07-18T17:39:13.737-04:00 DEBUG 93785 --- [    Test worker] org.hibernate.type.BasicTypeRegistry     : Adding type registration java.util.Currency -> org.hibernate.type.BasicTypeReference@49925d21
?[0m?[0;34m2024-07-18T17:39:13.737-04:00 DEBUG 93785 --- [    Test worker] org.hibernate.type.BasicTypeRegistry     : Adding type registration locale -> org.hibernate.type.BasicTypeReference@11170228
?[0m?[0;34m2024-07-18T17:39:13.737-04:00 DEBUG 93785 --- [    Test worker] org.hibernate.type.BasicTypeRegistry     : Adding type registration java.util.Locale -> org.hibernate.type.BasicTypeReference@11170228
?[0m?[0;34m2024-07-18T17:39:13.737-04:00 DEBUG 93785 --- [    Test worker] org.hibernate.type.BasicTypeRegistry     : Adding type registration serializable -> org.hibernate.type.BasicTypeReference@46ee7013
?[0m?[0;34m2024-07-18T17:39:13.737-04:00 DEBUG 93785 --- [    Test worker] org.hibernate.type.BasicTypeRegistry     : Adding type registration java.io.Serializable -> org.hibernate.type.BasicTypeReference@46ee7013
?[0m?[0;34m2024-07-18T17:39:13.737-04:00 DEBUG 93785 --- [    Test worker] org.hibernate.type.BasicTypeRegistry     : Adding type registration timezone -> org.hibernate.type.BasicTypeReference@69d58731
?[0m?[0;34m2024-07-18T17:39:13.738-04:00 DEBUG 93785 --- [    Test worker] org.hibernate.type.BasicTypeRegistry     : Adding type registration java.util.TimeZone -> org.hibernate.type.BasicTypeReference@69d58731
?[0m?[0;34m2024-07-18T17:39:13.738-04:00 DEBUG 93785 --- [    Test worker] org.hibernate.type.BasicTypeRegistry     : Adding type registration ZoneOffset -> org.hibernate.type.BasicTypeReference@3275a47f
?[0m?[0;34m2024-07-18T17:39:13.738-04:00 DEBUG 93785 --- [    Test worker] org.hibernate.type.BasicTypeRegistry     : Adding type registration java.time.ZoneOffset -> org.hibernate.type.BasicTypeReference@3275a47f
?[0m?[0;34m2024-07-18T17:39:13.738-04:00 DEBUG 93785 --- [    Test worker] org.hibernate.type.BasicTypeRegistry     : Adding type registration url -> org.hibernate.type.BasicTypeReference@1b5af65b
?[0m?[0;34m2024-07-18T17:39:13.738-04:00 DEBUG 93785 --- [    Test worker] org.hibernate.type.BasicTypeRegistry     : Adding type registration java.net.URL -> org.hibernate.type.BasicTypeReference@1b5af65b
?[0m?[0;34m2024-07-18T17:39:13.738-04:00 DEBUG 93785 --- [    Test worker] org.hibernate.type.BasicTypeRegistry     : Adding type registration row_version -> org.hibernate.type.BasicTypeReference@2e0163cb
?[0m?[0;34m2024-07-18T17:39:13.744-04:00 DEBUG 93785 --- [    Test worker] org.hibernate.type.BasicTypeRegistry     : Adding type registration dbtimestamp -> org.hibernate.type.DbTimestampType@7af9595d
?[0m?[0;34m2024-07-18T17:39:13.745-04:00 DEBUG 93785 --- [    Test worker] org.hibernate.type.BasicTypeRegistry     : Adding type registration dbtimestamp -> org.hibernate.type.DbTimestampType@7af9595d
?[0m?[0;34m2024-07-18T17:39:13.746-04:00 DEBUG 93785 --- [    Test worker] org.hibernate.type.BasicTypeRegistry     : Adding type registration object -> org.hibernate.type.JavaObjectType@3dea1ecc
?[0m?[0;34m2024-07-18T17:39:13.747-04:00 DEBUG 93785 --- [    Test worker] org.hibernate.type.BasicTypeRegistry     : Adding type registration java.lang.Object -> org.hibernate.type.JavaObjectType@3dea1ecc
?[0m?[0;34m2024-07-18T17:39:13.748-04:00 DEBUG 93785 --- [    Test worker] org.hibernate.type.BasicTypeRegistry     : Adding type registration null -> org.hibernate.type.NullType@6edd4fe2
?[0m?[0;34m2024-07-18T17:39:13.748-04:00 DEBUG 93785 --- [    Test worker] org.hibernate.type.BasicTypeRegistry     : Adding type registration imm_date -> org.hibernate.type.BasicTypeReference@53918b5e
?[0m?[0;34m2024-07-18T17:39:13.748-04:00 DEBUG 93785 --- [    Test worker] org.hibernate.type.BasicTypeRegistry     : Adding type registration imm_time -> org.hibernate.type.BasicTypeReference@5366575d
?[0m?[0;34m2024-07-18T17:39:13.748-04:00 DEBUG 93785 --- [    Test worker] org.hibernate.type.BasicTypeRegistry     : Adding type registration imm_timestamp -> org.hibernate.type.BasicTypeReference@1b6cad77
?[0m?[0;34m2024-07-18T17:39:13.748-04:00 DEBUG 93785 --- [    Test worker] org.hibernate.type.BasicTypeRegistry     : Adding type registration imm_calendar -> org.hibernate.type.BasicTypeReference@1fca53a7
?[0m?[0;34m2024-07-18T17:39:13.749-04:00 DEBUG 93785 --- [    Test worker] org.hibernate.type.BasicTypeRegistry     : Adding type registration imm_calendar_date -> org.hibernate.type.BasicTypeReference@40dee07b
?[0m?[0;34m2024-07-18T17:39:13.749-04:00 DEBUG 93785 --- [    Test worker] org.hibernate.type.BasicTypeRegistry     : Adding type registration imm_calendar_time -> org.hibernate.type.BasicTypeReference@21e39b82
?[0m?[0;34m2024-07-18T17:39:13.749-04:00 DEBUG 93785 --- [    Test worker] org.hibernate.type.BasicTypeRegistry     : Adding type registration imm_binary -> org.hibernate.type.BasicTypeReference@5f9a8ddc
?[0m?[0;34m2024-07-18T17:39:13.749-04:00 DEBUG 93785 --- [    Test worker] org.hibernate.type.BasicTypeRegistry     : Adding type registration imm_serializable -> org.hibernate.type.BasicTypeReference@1280bae3
?[0m?[0;34m2024-07-18T17:39:13.753-04:00 DEBUG 93785 --- [    Test worker] o.h.boot.internal.BootstrapContextImpl   : Injecting JPA temp ClassLoader [org.springframework.instrument.classloading.SimpleThrowawayClassLoader@2cd5b19c] into BootstrapContext; was [null]
?[0m?[0;34m2024-07-18T17:39:13.754-04:00 DEBUG 93785 --- [    Test worker] o.h.boot.internal.ClassLoaderAccessImpl  : ClassLoaderAccessImpl#injectTempClassLoader(org.springframework.instrument.classloading.SimpleThrowawayClassLoader@2cd5b19c) [was null]
?[0m?[0;34m2024-07-18T17:39:13.754-04:00 DEBUG 93785 --- [    Test worker] o.h.boot.internal.BootstrapContextImpl   : Injecting ScanEnvironment [org.hibernate.jpa.boot.internal.StandardJpaScanEnvironmentImpl@1468e880] into BootstrapContext; was [null]
?[0m?[0;34m2024-07-18T17:39:13.754-04:00 DEBUG 93785 --- [    Test worker] o.h.boot.internal.BootstrapContextImpl   : Injecting ScanOptions [org.hibernate.boot.archive.scan.internal.StandardScanOptions@508f4bb5] into BootstrapContext; was [org.hibernate.boot.archive.scan.internal.StandardScanOptions@5602e540]
?[0m?[0;34m2024-07-18T17:39:13.768-04:00 DEBUG 93785 --- [    Test worker] o.h.boot.internal.BootstrapContextImpl   : Injecting JPA temp ClassLoader [null] into BootstrapContext; was [org.springframework.instrument.classloading.SimpleThrowawayClassLoader@2cd5b19c]
?[0m?[0;34m2024-07-18T17:39:13.768-04:00 DEBUG 93785 --- [    Test worker] o.h.boot.internal.ClassLoaderAccessImpl  : ClassLoaderAccessImpl#injectTempClassLoader(null) [was org.springframework.instrument.classloading.SimpleThrowawayClassLoader@2cd5b19c]
?[0m?[0;34m2024-07-18T17:39:13.790-04:00 DEBUG 93785 --- [    Test worker] o.h.e.j.e.i.JdbcEnvironmentInitiator     : Database ->
?[0m?[0;34m       name : H2
?[0m?[0;34m    version : 2.1.214 (2022-06-13)
?[0m?[0;34m      major : 2
?[0m?[0;34m      minor : 1
?[0m?[0;34m2024-07-18T17:39:13.790-04:00 DEBUG 93785 --- [    Test worker] o.h.e.j.e.i.JdbcEnvironmentInitiator     : Driver ->
?[0m?[0;34m       name : H2 JDBC Driver
?[0m?[0;34m    version : 2.1.214 (2022-06-13)
?[0m?[0;34m      major : 2
?[0m?[0;34m      minor : 1
?[0m?[0;34m2024-07-18T17:39:13.791-04:00 DEBUG 93785 --- [    Test worker] o.h.e.j.e.i.JdbcEnvironmentInitiator     : JDBC version : 4.2
?[0m?[0;34m2024-07-18T17:39:13.807-04:00  INFO 93785 --- [    Test worker] SQL dialect                              : HHH000400: Using dialect: org.hibernate.dialect.H2Dialect
?[0m?[0;34m2024-07-18T17:39:13.815-04:00 DEBUG 93785 --- [    Test worker] o.h.e.j.env.spi.IdentifierHelperBuilder  : JDBC driver metadata reported database stores quoted identifiers in neither upper, lower nor mixed case
?[0m?[0;34m2024-07-18T17:39:13.837-04:00 DEBUG 93785 --- [    Test worker] o.h.t.d.jdbc.spi.JdbcTypeRegistry        : addDescriptor(NCharTypeDescriptor) replaced previous registration(CharTypeDescriptor)
?[0m?[0;34m2024-07-18T17:39:13.838-04:00 DEBUG 93785 --- [    Test worker] o.h.t.d.jdbc.spi.JdbcTypeRegistry        : addDescriptor(NVarcharTypeDescriptor) replaced previous registration(VarcharTypeDescriptor)
?[0m?[0;34m2024-07-18T17:39:13.838-04:00 DEBUG 93785 --- [    Test worker] o.h.t.d.jdbc.spi.JdbcTypeRegistry        : addDescriptor(LongNVarcharTypeDescriptor) replaced previous registration(LongVarcharTypeDescriptor)
?[0m?[0;34m2024-07-18T17:39:13.840-04:00 DEBUG 93785 --- [    Test worker] o.h.t.d.jdbc.spi.JdbcTypeRegistry        : addDescriptor(NClobTypeDescriptor(DEFAULT)) replaced previous registration(ClobTypeDescriptor(DEFAULT))
?[0m?[0;34m2024-07-18T17:39:13.840-04:00 DEBUG 93785 --- [    Test worker] o.h.t.d.jdbc.spi.JdbcTypeRegistry        : addDescriptor(2005, ClobTypeDescriptor(STREAM_BINDING)) replaced previous registration(ClobTypeDescriptor(DEFAULT))
?[0m?[0;34m2024-07-18T17:39:13.845-04:00 DEBUG 93785 --- [    Test worker] o.h.t.d.jdbc.spi.JdbcTypeRegistry        : addDescriptor(3003, TimestampUtcDescriptor) replaced previous registration(TimestampUtcDescriptor)
?[0m?[0;34m2024-07-18T17:39:13.851-04:00 DEBUG 93785 --- [    Test worker] org.hibernate.type.BasicTypeRegistry     : Adding type registration org.hibernate.type.OffsetDateTimeType -> basicType@1(java.time.OffsetDateTime,93)
?[0m?[0;34m2024-07-18T17:39:13.851-04:00 DEBUG 93785 --- [    Test worker] org.hibernate.type.BasicTypeRegistry     : Adding type registration OffsetDateTime -> basicType@1(java.time.OffsetDateTime,93)
?[0m?[0;34m2024-07-18T17:39:13.852-04:00 DEBUG 93785 --- [    Test worker] org.hibernate.type.BasicTypeRegistry     : Adding type registration java.time.OffsetDateTime -> basicType@1(java.time.OffsetDateTime,93)
?[0m?[0;34m2024-07-18T17:39:13.852-04:00 DEBUG 93785 --- [    Test worker] org.hibernate.type.BasicTypeRegistry     : Adding type registration org.hibernate.type.ZonedDateTimeType -> basicType@2(java.time.ZonedDateTime,93)
?[0m?[0;34m2024-07-18T17:39:13.852-04:00 DEBUG 93785 --- [    Test worker] org.hibernate.type.BasicTypeRegistry     : Adding type registration ZonedDateTime -> basicType@2(java.time.ZonedDateTime,93)
?[0m?[0;34m2024-07-18T17:39:13.852-04:00 DEBUG 93785 --- [    Test worker] org.hibernate.type.BasicTypeRegistry     : Adding type registration java.time.ZonedDateTime -> basicType@2(java.time.ZonedDateTime,93)
?[0m?[0;34m2024-07-18T17:39:13.853-04:00 DEBUG 93785 --- [    Test worker] o.h.type.spi.TypeConfiguration$Scope     : Scoping TypeConfiguration [org.hibernate.type.spi.TypeConfiguration@2411b935] to MetadataBuildingContext [org.hibernate.boot.internal.MetadataBuildingContextRootImpl@1425e531]
?[0m?[0;34m2024-07-18T17:39:13.892-04:00 DEBUG 93785 --- [    Test worker] o.h.boot.model.relational.Namespace      : Created database namespace [logicalName=Name{catalog=null, schema=null}, physicalName=Name{catalog=null, schema=null}]
?[0m?[0;34m2024-07-18T17:39:13.916-04:00 DEBUG 93785 --- [    Test worker] o.h.cfg.annotations.EntityBinder         : Binding entity from annotated class: antifraud.model.User
?[0m?[0;34m2024-07-18T17:39:13.922-04:00 DEBUG 93785 --- [    Test worker] org.hibernate.cfg.AnnotatedColumn        : Binding column: DiscriminatorColumn{logicalColumnName'DTYPE', discriminatorTypeName='string'}
?[0m?[0;34m2024-07-18T17:39:13.925-04:00 DEBUG 93785 --- [    Test worker] o.h.cfg.annotations.EntityBinder         : Import with entity name User
?[0m?[0;34m2024-07-18T17:39:13.930-04:00 DEBUG 93785 --- [    Test worker] o.h.cfg.annotations.EntityBinder         : Bind entity antifraud.model.User on table app_user
?[0m?[0;34m2024-07-18T17:39:13.945-04:00 DEBUG 93785 --- [    Test worker] org.hibernate.cfg.AnnotatedColumn        : Binding column: Column{table=Table(app_user), mappingColumn=id, insertable=true, updatable=true, unique=false}
?[0m?[0;34m2024-07-18T17:39:13.947-04:00 DEBUG 93785 --- [    Test worker] o.h.boot.internal.ClassLoaderAccessImpl  : Not known whether passed class name [antifraud.model.User] is safe
?[0m?[0;34m2024-07-18T17:39:13.947-04:00 DEBUG 93785 --- [    Test worker] o.h.boot.internal.ClassLoaderAccessImpl  : No temp ClassLoader provided; using live ClassLoader for loading potentially unsafe class : antifraud.model.User
?[0m?[0;34m2024-07-18T17:39:13.948-04:00 DEBUG 93785 --- [    Test worker] o.h.cfg.annotations.PropertyBinder       : MetadataSourceProcessor property id with lazy=false
?[0m?[0;34m2024-07-18T17:39:13.951-04:00 DEBUG 93785 --- [    Test worker] o.hibernate.cfg.AbstractPropertyHolder   : Attempting to locate auto-apply AttributeConverter for property [antifraud.model.User:id]
?[0m?[0;34m2024-07-18T17:39:13.955-04:00 DEBUG 93785 --- [    Test worker] o.h.cfg.annotations.BasicValueBinder     : building BasicValue for id
?[0m?[0;34m2024-07-18T17:39:13.957-04:00 DEBUG 93785 --- [    Test worker] org.hibernate.mapping.BasicValue         : Skipping column re-registration: app_user.id
?[0m?[0;34m2024-07-18T17:39:13.959-04:00 DEBUG 93785 --- [    Test worker] o.h.cfg.annotations.PropertyBinder       : Building property id
?[0m?[0;34m2024-07-18T17:39:13.961-04:00 DEBUG 93785 --- [    Test worker] org.hibernate.cfg.BinderHelper           : #makeIdGenerator(BasicValue([Column(id)]), id, identity, , ...)
?[0m?[0;34m2024-07-18T17:39:13.962-04:00 DEBUG 93785 --- [    Test worker] org.hibernate.cfg.AnnotatedColumn        : Binding column: Column{table=Table(app_user), mappingColumn=name, insertable=true, updatable=true, unique=false}
?[0m?[0;34m2024-07-18T17:39:13.962-04:00 DEBUG 93785 --- [    Test worker] o.h.cfg.annotations.PropertyBinder       : MetadataSourceProcessor property name with lazy=false
?[0m?[0;34m2024-07-18T17:39:13.962-04:00 DEBUG 93785 --- [    Test worker] o.hibernate.cfg.AbstractPropertyHolder   : Attempting to locate auto-apply AttributeConverter for property [antifraud.model.User:name]
?[0m?[0;34m2024-07-18T17:39:13.963-04:00 DEBUG 93785 --- [    Test worker] o.h.cfg.annotations.BasicValueBinder     : building BasicValue for name
?[0m?[0;34m2024-07-18T17:39:13.963-04:00 DEBUG 93785 --- [    Test worker] org.hibernate.mapping.BasicValue         : Skipping column re-registration: app_user.name
?[0m?[0;34m2024-07-18T17:39:13.963-04:00 DEBUG 93785 --- [    Test worker] o.h.cfg.annotations.PropertyBinder       : Building property name
?[0m?[0;34m2024-07-18T17:39:13.963-04:00 DEBUG 93785 --- [    Test worker] org.hibernate.cfg.AnnotatedColumn        : Binding column: Column{table=Table(app_user), mappingColumn=password, insertable=true, updatable=true, unique=false}
?[0m?[0;34m2024-07-18T17:39:13.963-04:00 DEBUG 93785 --- [    Test worker] o.h.cfg.annotations.PropertyBinder       : MetadataSourceProcessor property password with lazy=false
?[0m?[0;34m2024-07-18T17:39:13.964-04:00 DEBUG 93785 --- [    Test worker] o.hibernate.cfg.AbstractPropertyHolder   : Attempting to locate auto-apply AttributeConverter for property [antifraud.model.User:password]
?[0m?[0;34m2024-07-18T17:39:13.964-04:00 DEBUG 93785 --- [    Test worker] o.h.cfg.annotations.BasicValueBinder     : building BasicValue for password
?[0m?[0;34m2024-07-18T17:39:13.964-04:00 DEBUG 93785 --- [    Test worker] org.hibernate.mapping.BasicValue         : Skipping column re-registration: app_user.password
?[0m?[0;34m2024-07-18T17:39:13.964-04:00 DEBUG 93785 --- [    Test worker] o.h.cfg.annotations.PropertyBinder       : Building property password
?[0m?[0;34m2024-07-18T17:39:13.964-04:00 DEBUG 93785 --- [    Test worker] org.hibernate.cfg.AnnotatedColumn        : Binding column: Column{table=Table(app_user), mappingColumn=username, insertable=true, updatable=true, unique=false}
?[0m?[0;34m2024-07-18T17:39:13.964-04:00 DEBUG 93785 --- [    Test worker] o.h.cfg.annotations.PropertyBinder       : MetadataSourceProcessor property username with lazy=false
?[0m?[0;34m2024-07-18T17:39:13.964-04:00 DEBUG 93785 --- [    Test worker] o.hibernate.cfg.AbstractPropertyHolder   : Attempting to locate auto-apply AttributeConverter for property [antifraud.model.User:username]
?[0m?[0;34m2024-07-18T17:39:13.964-04:00 DEBUG 93785 --- [    Test worker] o.h.cfg.annotations.BasicValueBinder     : building BasicValue for username
?[0m?[0;34m2024-07-18T17:39:13.964-04:00 DEBUG 93785 --- [    Test worker] org.hibernate.mapping.BasicValue         : Skipping column re-registration: app_user.username
?[0m?[0;34m2024-07-18T17:39:13.964-04:00 DEBUG 93785 --- [    Test worker] o.h.cfg.annotations.PropertyBinder       : Building property username
?[0m?[0;34m2024-07-18T17:39:13.971-04:00 DEBUG 93785 --- [    Test worker] o.h.cfg.annotations.BasicValueBinder     : Starting `BasicValueBinder#fillSimpleValue` for id
?[0m?[0;34m2024-07-18T17:39:13.975-04:00 DEBUG 93785 --- [    Test worker] o.h.cfg.annotations.BasicValueBinder     : Starting `BasicValueBinder#fillSimpleValue` for name
?[0m?[0;34m2024-07-18T17:39:13.975-04:00 DEBUG 93785 --- [    Test worker] o.h.cfg.annotations.BasicValueBinder     : Starting `BasicValueBinder#fillSimpleValue` for password
?[0m?[0;34m2024-07-18T17:39:13.975-04:00 DEBUG 93785 --- [    Test worker] o.h.cfg.annotations.BasicValueBinder     : Starting `BasicValueBinder#fillSimpleValue` for username
?[0m?[0;34m2024-07-18T17:39:13.978-04:00 DEBUG 93785 --- [    Test worker] org.hibernate.mapping.PrimaryKey         : Forcing column [id] to be non-null as it is part of the primary key for table [app_user]
?[0m?[0;34m2024-07-18T17:39:14.012-04:00 DEBUG 93785 --- [    Test worker] o.hibernate.internal.SessionFactoryImpl  : Building session factory
?[0m?[0;34m2024-07-18T17:39:14.061-04:00 DEBUG 93785 --- [    Test worker] .h.s.i.SessionFactoryServiceRegistryImpl : EventListenerRegistry access via ServiceRegistry is deprecated.  Use `sessionFactory.getEventEngine().getListenerRegistry()` instead
?[0m?[0;34m2024-07-18T17:39:14.065-04:00 DEBUG 93785 --- [    Test worker] o.hibernate.internal.SessionFactoryImpl  : Session factory constructed with filter configurations : {}
?[0m?[0;34m2024-07-18T17:39:14.065-04:00 DEBUG 93785 --- [    Test worker] o.hibernate.internal.SessionFactoryImpl  : Instantiating session factory with properties: {java.specification.version=17, hibernate.resource.beans.container=org.springframework.orm.hibernate5.SpringBeanContainer@468f2a6f, hibernate.connection.handling_mode=DELAYED_ACQUISITION_AND_HOLD, sun.jnu.encoding=UTF-8, hibernate.dialect=org.hibernate.dialect.H2Dialect, org.gradle.test.worker=5, hibernate.implicit_naming_strategy=org.springframework.boot.orm.jpa.hibernate.SpringImplicitNamingStrategy, java.class.path=/Users/CarmenLaptop/.gradle/caches/7.6/workerMain/gradle-worker.jar:/Users/CarmenLaptop/Desktop/coding/Anti-Fraud System/Anti-Fraud System/task/build/classes/java/test:/Users/CarmenLaptop/Desktop/coding/Anti-Fraud System/Anti-Fraud System/task/build/classes/java/main:/Users/CarmenLaptop/Desktop/coding/Anti-Fraud System/Anti-Fraud System/task/build/resources/main:/Users/CarmenLaptop/.gradle/caches/modules-2/files-2.1/org.springframework.boot/spring-boot-starter-actuator/3.0.2/7d884d7edd505b6d419e86cfaa90c6ec7e847cc7/spring-boot-starter-actuator-3.0.2.jar:/Users/CarmenLaptop/.gradle/caches/modules-2/files-2.1/org.springframework.boot/spring-boot-starter-web/3.0.2/3f6a2cb4cb11bac3611f5a95e234589eb190dd29/spring-boot-starter-web-3.0.2.jar:/Users/CarmenLaptop/.gradle/caches/modules-2/files-2.1/org.springframework.boot/spring-boot-starter-security/3.0.2/9482177b76f34717dc85b20c650ab1248005ebb4/spring-boot-starter-security-3.0.2.jar:/Users/CarmenLaptop/.gradle/caches/modules-2/files-2.1/org.springframework.boot/spring-boot-starter-validation/3.0.2/19c672463a693c8a3cecaf458cd7e69f2971eea7/spring-boot-starter-validation-3.0.2.jar:/Users/CarmenLaptop/.gradle/caches/modules-2/files-2.1/org.springframework.boot/spring-boot-starter-json/3.0.2/11b9a2903af9014696d2576605bb73e8bca6ee19/spring-boot-starter-json-3.0.2.jar:/Users/CarmenLaptop/.gradle/caches/modules-2/files-2.1/org.springframework.boot/spring-boot-starter-data-jpa/3.0.2/fc0dbe82effb33d3d89b4cf2ec6b7968ad2af558/spring-boot-starter-data-jpa-3.0.2.jar:/Users/CarmenLaptop/.gradle/caches/modules-2/files-2.1/org.springframework.boot/spring-boot-starter-aop/3.0.2/cfb3ff6a7f8d47c9703f140387f39a837b81ab52/spring-boot-starter-aop-3.0.2.jar:/Users/CarmenLaptop/.gradle/caches/modules-2/files-2.1/org.springframework.boot/spring-boot-starter-jdbc/3.0.2/662285456edce14301de88fc0ab4937643a51b50/spring-boot-starter-jdbc-3.0.2.jar:/Users/CarmenLaptop/.gradle/caches/modules-2/files-2.1/org.springframework.boot/spring-boot-starter/3.0.2/a9426629b5a83ad64fbe4e1d24081cccf4cdab14/spring-boot-starter-3.0.2.jar:/Users/CarmenLaptop/.gradle/caches/modules-2/files-2.1/com.h2database/h2/2.1.214/d5c2005c9e3279201e12d4776c948578b16bf8b2/h2-2.1.214.jar:/Users/CarmenLaptop/.gradle/caches/modules-2/files-2.1/org.hibernate.validator/hibernate-validator/8.0.0.Final/8e0389f22a3a246915a3311877da4168256b95d2/hibernate-validator-8.0.0.Final.jar:/Users/CarmenLaptop/.gradle/caches/modules-2/files-2.1/jakarta.validation/jakarta.validation-api/2.0.2/5eacc6522521f7eacb081f95cee1e231648461e7/jakarta.validation-api-2.0.2.jar:/Users/CarmenLaptop/.gradle/caches/modules-2/files-2.1/javax.servlet/javax.servlet-api/3.1.0/3cd63d075497751784b2fa84be59432f4905bf7c/javax.servlet-api-3.1.0.jar:/Users/CarmenLaptop/.gradle/caches/modules-2/files-2.1/org.hibernate.orm/hibernate-core/6.1.6.Final/e2ff7dfc50d16377da7bedbf48a0a2e9db30ac66/hibernate-core-6.1.6.Final.jar:/Users/CarmenLaptop/.gradle/caches/modules-2/files-2.1/jakarta.persistence/jakarta.persistence-api/3.0.0/affc7884a85b6876d438a88b5d21ea29b1cc2dd8/jakarta.persistence-api-3.0.0.jar:/Users/CarmenLaptop/.gradle/caches/modules-2/files-2.1/com.github.hyperskill/hs-test/release-SNAPSHOT/bdee3c9f26ed2d246faa9890c328d426d37c3f08/hs-test-release-SNAPSHOT.jar:/Users/CarmenLaptop/.gradle/caches/modules-2/files-2.1/org.springframework.boot/spring-boot-actuator-autoconfigure/3.0.2/93b5dc38805cc247ae5f1eb4612fe06a12930184/spring-boot-actuator-autoconfigure-3.0.2.jar:/Users/CarmenLaptop/.gradle/caches/modules-2/files-2.1/org.springframework.boot/spring-boot-autoconfigure/3.0.2/42ad589ec930e05a2ed702a4940955ff97b16a8c/spring-boot-autoconfigure-3.0.2.jar:/Users/CarmenLaptop/.gradle/caches/modules-2/files-2.1/org.springframework.boot/spring-boot-actuator/3.0.2/24a6ef47c1eab1e010a2cba0b9877f0d2a515354/spring-boot-actuator-3.0.2.jar:/Users/CarmenLaptop/.gradle/caches/modules-2/files-2.1/org.springframework.boot/spring-boot/3.0.2/69d2e0a07f7df180a4aacdc47c47a3db656857dc/spring-boot-3.0.2.jar:/Users/CarmenLaptop/.gradle/caches/modules-2/files-2.1/org.springframework.boot/spring-boot-starter-logging/3.0.2/1c5c71058a0297534d5c5f33a5d125bbbdb6a390/spring-boot-starter-logging-3.0.2.jar:/Users/CarmenLaptop/.gradle/caches/modules-2/files-2.1/org.springframework.boot/spring-boot-starter-tomcat/3.0.2/4d50f0cdcb4b8f74221ae823dd77c18290473045/spring-boot-starter-tomcat-3.0.2.jar:/Users/CarmenLaptop/.gradle/caches/modules-2/files-2.1/org.springframework.data/spring-data-jpa/3.0.1/96f4ea7c780b6c902f83f4fd3c98dffe3ac5fbec/spring-data-jpa-3.0.1.jar:/Users/CarmenLaptop/.gradle/caches/modules-2/files-2.1/jakarta.annotation/jakarta.annotation-api/2.1.1/48b9bda22b091b1f48b13af03fe36db3be6e1ae3/jakarta.annotation-api-2.1.1.jar:/Users/CarmenLaptop/.gradle/caches/modules-2/files-2.1/org.springframework/spring-webmvc/6.0.4/84ee8a9107480c92186ef8216ba0e1dca6ee1665/spring-webmvc-6.0.4.jar:/Users/CarmenLaptop/.gradle/caches/modules-2/files-2.1/org.springframework.security/spring-security-web/6.0.1/3f0c00dcddb23941983f844cad3221141f1b873a/spring-security-web-6.0.1.jar:/Users/CarmenLaptop/.gradle/caches/modules-2/files-2.1/org.springframework/spring-web/6.0.4/de18e3e75a0e56534d9df5978bd2f43f950e1b4a/spring-web-6.0.4.jar:/Users/CarmenLaptop/.gradle/caches/modules-2/files-2.1/org.springframework.security/spring-security-config/6.0.1/30cbecc3573f430aa2fc25f5f6be5c1662184efe/spring-security-config-6.0.1.jar:/Users/CarmenLaptop/.gradle/caches/modules-2/files-2.1/org.springframework.security/spring-security-core/6.0.1/7d54b69c31cee7ff8d68dfb852cd904ed65af3cd/spring-security-core-6.0.1.jar:/Users/CarmenLaptop/.gradle/caches/modules-2/files-2.1/org.springframework/spring-context/6.0.4/4fffcbb7eb4f1e9f1a4c9d3ca60098f7c063fc05/spring-context-6.0.4.jar:/Users/CarmenLaptop/.gradle/caches/modules-2/files-2.1/org.springframework/spring-aop/6.0.4/c47b65c09a5a6fc41293b6aa981fcbe24a3adcd0/spring-aop-6.0.4.jar:/Users/CarmenLaptop/.gradle/caches/modules-2/files-2.1/org.springframework/spring-orm/6.0.4/c9958d0879bdc05f7221c0b49d90a1b8825da540/spring-orm-6.0.4.jar:/Users/CarmenLaptop/.gradle/caches/modules-2/files-2.1/org.springframework/spring-jdbc/6.0.4/97304a02dec542762c19a7b39e1124f1714f7be9/spring-jdbc-6.0.4.jar:/Users/CarmenLaptop/.gradle/caches/modules-2/files-2.1/org.springframework.data/spring-data-commons/3.0.1/a748e9d73fe23bec3a8604c68da74446a887d59/spring-data-commons-3.0.1.jar:/Users/CarmenLaptop/.gradle/caches/modules-2/files-2.1/org.springframework/spring-tx/6.0.4/f8a50c2547179328a5f2202591d6341e3cbf1708/spring-tx-6.0.4.jar:/Users/CarmenLaptop/.gradle/caches/modules-2/files-2.1/org.springframework/spring-beans/6.0.4/7d903607ecfcdefccd0d48aea8724632479b3e83/spring-beans-6.0.4.jar:/Users/CarmenLaptop/.gradle/caches/modules-2/files-2.1/org.springframework/spring-expression/6.0.4/a908e6d3c46fcd6b58221d8427bbaf284bbbee0c/spring-expression-6.0.4.jar:/Users/CarmenLaptop/.gradle/caches/modules-2/files-2.1/org.springframework/spring-core/6.0.4/8e24ad493887023cf5fac93541c72516f8ed9f6a/spring-core-6.0.4.jar:/Users/CarmenLaptop/.gradle/caches/modules-2/files-2.1/org.yaml/snakeyaml/1.33/2cd0a87ff7df953f810c344bdf2fe3340b954c69/snakeyaml-1.33.jar:/Users/CarmenLaptop/.gradle/caches/modules-2/files-2.1/io.micrometer/micrometer-core/1.10.3/278d3ce3ec0032829291ed88096831ae7be1054a/micrometer-core-1.10.3.jar:/Users/CarmenLaptop/.gradle/caches/modules-2/files-2.1/io.micrometer/micrometer-observation/1.10.3/32cc59dc8b5f00fba9fa88b7139898b0f7905db7/micrometer-observation-1.10.3.jar:/Users/CarmenLaptop/.gradle/caches/modules-2/files-2.1/org.springframework/spring-aspects/6.0.4/5baf7a2260278ca9748be9dd8278d6519ff2da00/spring-aspects-6.0.4.jar:/Users/CarmenLaptop/.gradle/caches/modules-2/files-2.1/org.apache.tomcat.embed/tomcat-embed-el/10.1.5/c125df13af42a0fc0cd342370449b1276181e2a1/tomcat-embed-el-10.1.5.jar:/Users/CarmenLaptop/.gradle/caches/modules-2/files-2.1/com.mysql/mysql-connector-j/8.0.32/41ec3f8cdaccf6c46a47d7cd628eeb59a926d9d4/mysql-connector-j-8.0.32.jar:/Users/CarmenLaptop/.gradle/caches/modules-2/files-2.1/org.assertj/assertj-swing-junit/3.17.1/cd7965b9f5abe57b5f9ef0f7058fd06cd7772dca/assertj-swing-junit-3.17.1.jar:/Users/CarmenLaptop/.gradle/caches/modules-2/files-2.1/junit/junit/4.13.2/8ac9e16d933b6fb43bc7f576336b8f4d7eb5ba12/junit-4.13.2.jar:/Users/CarmenLaptop/.gradle/caches/modules-2/files-2.1/org.apache.httpcomponents/httpclient/4.5.14/1194890e6f56ec29177673f2f12d0b8e627dec98/httpclient-4.5.14.jar:/Users/CarmenLaptop/.gradle/caches/modules-2/files-2.1/com.google.code.gson/gson/2.9.1/2cc2131b98ebfb04e2b2c7dfb84431f4045096b/gson-2.9.1.jar:/Users/CarmenLaptop/.gradle/caches/modules-2/files-2.1/ch.qos.logback/logback-classic/1.4.5/28e7dc0b208d6c3f15beefd73976e064b4ecfa9b/logback-classic-1.4.5.jar:/Users/CarmenLaptop/.gradle/caches/modules-2/files-2.1/org.apache.logging.log4j/log4j-to-slf4j/2.19.0/30f4812e43172ecca5041da2cb6b965cc4777c19/log4j-to-slf4j-2.19.0.jar:/Users/CarmenLaptop/.gradle/caches/modules-2/files-2.1/org.slf4j/jul-to-slf4j/2.0.6/c4d348977a83a0bfcf42fd6fd1fee6e7904f1a0c/jul-to-slf4j-2.0.6.jar:/Users/CarmenLaptop/.gradle/caches/modules-2/files-2.1/org.springframework/spring-jcl/6.0.4/2d6523d00fc40cdb2c2f409113447940d2c872b5/spring-jcl-6.0.4.jar:/Users/CarmenLaptop/.gradle/caches/modules-2/files-2.1/com.fasterxml.jackson.datatype/jackson-datatype-jdk8/2.14.1/da194197d187bf24a8699514344ebf0abd7c342a/jackson-datatype-jdk8-2.14.1.jar:/Users/CarmenLaptop/.gradle/caches/modules-2/files-2.1/com.fasterxml.jackson.module/jackson-module-parameter-names/2.14.1/2e05a86dba3d4b05074b6a313c4d5b7ff844c8dd/jackson-module-parameter-names-2.14.1.jar:/Users/CarmenLaptop/.gradle/caches/modules-2/files-2.1/com.fasterxml.jackson.core/jackson-annotations/2.14.1/2a6ad504d591a7903ffdec76b5b7252819a2d162/jackson-annotations-2.14.1.jar:/Users/CarmenLaptop/.gradle/caches/modules-2/files-2.1/com.fasterxml.jackson.core/jackson-core/2.14.1/7a07bc535ccf0b7f6929c4d0f2ab9b294ef7c4a3/jackson-core-2.14.1.jar:/Users/CarmenLaptop/.gradle/caches/modules-2/files-2.1/com.fasterxml.jackson.datatype/jackson-datatype-jsr310/2.14.1/f24e8cb1437e05149b7a3049ebd6700f42e664b1/jackson-datatype-jsr310-2.14.1.jar:/Users/CarmenLaptop/.gradle/caches/modules-2/files-2.1/com.fasterxml.jackson.core/jackson-databind/2.14.1/268524b9056cae1211b9f1f52560ef19347f4d17/jackson-databind-2.14.1.jar:/Users/CarmenLaptop/.gradle/caches/modules-2/files-2.1/io.micrometer/micrometer-commons/1.10.3/334080a1a6b849d09d3ef96d7b243fc3c16b2e5a/micrometer-commons-1.10.3.jar:/Users/CarmenLaptop/.gradle/caches/modules-2/files-2.1/org.hdrhistogram/HdrHistogram/2.1.12/6eb7552156e0d517ae80cc2247be1427c8d90452/HdrHistogram-2.1.12.jar:/Users/CarmenLaptop/.gradle/caches/modules-2/files-2.1/org.latencyutils/LatencyUtils/2.0.3/769c0b82cb2421c8256300e907298a9410a2a3d3/LatencyUtils-2.0.3.jar:/Users/CarmenLaptop/.gradle/caches/modules-2/files-2.1/org.apache.tomcat.embed/tomcat-embed-websocket/10.1.5/14529cbd593571dc9029272ddc9166b5ef113fc2/tomcat-embed-websocket-10.1.5.jar:/Users/CarmenLaptop/.gradle/caches/modules-2/files-2.1/org.apache.tomcat.embed/tomcat-embed-core/10.1.5/21417d3ef8189e2af05aae0a765ad9204d7211b5/tomcat-embed-core-10.1.5.jar:/Users/CarmenLaptop/.gradle/caches/modules-2/files-2.1/org.aspectj/aspectjweaver/1.9.19/afbffb1210239fbba5cad73093c5b216d515838f/aspectjweaver-1.9.19.jar:/Users/CarmenLaptop/.gradle/caches/modules-2/files-2.1/com.zaxxer/HikariCP/5.0.1/a74c7f0a37046846e88d54f7cb6ea6d565c65f9c/HikariCP-5.0.1.jar:/Users/CarmenLaptop/.gradle/caches/modules-2/files-2.1/jakarta.transaction/jakarta.transaction-api/2.0.1/51a520e3fae406abb84e2e1148e6746ce3f80a1a/jakarta.transaction-api-2.0.1.jar:/Users/CarmenLaptop/.gradle/caches/modules-2/files-2.1/org.jboss.logging/jboss-logging/3.5.0.Final/c19307cc11f28f5e2679347e633a3294d865334d/jboss-logging-3.5.0.Final.jar:/Users/CarmenLaptop/.gradle/caches/modules-2/files-2.1/org.hibernate.common/hibernate-commons-annotations/6.0.2.Final/fa5a14ef3d2e5c3c99b53a4bef756a3268d69187/hibernate-commons-annotations-6.0.2.Final.jar:/Users/CarmenLaptop/.gradle/caches/modules-2/files-2.1/org.jboss/jandex/2.4.2.Final/1e1c385990b258ff1a24c801e84aebbacf70eb39/jandex-2.4.2.Final.jar:/Users/CarmenLaptop/.gradle/caches/modules-2/files-2.1/com.fasterxml/classmate/1.5.1/3fe0bed568c62df5e89f4f174c101eab25345b6c/classmate-1.5.1.jar:/Users/CarmenLaptop/.gradle/caches/modules-2/files-2.1/org.assertj/assertj-swing/3.17.1/9b920f1edbd694d39a0fc212ad26ae3a79247305/assertj-swing-3.17.1.jar:/Users/CarmenLaptop/.gradle/caches/modules-2/files-2.1/org.assertj/assertj-core/3.23.1/d2bb60570f5b3d7ffa8f8000118c9c07b86eca93/assertj-core-3.23.1.jar:/Users/CarmenLaptop/.gradle/caches/modules-2/files-2.1/net.bytebuddy/byte-buddy/1.12.22/984e536b4f3fb668b21f15b90c1e8704292d4bdd/byte-buddy-1.12.22.jar:/Users/CarmenLaptop/.gradle/caches/modules-2/files-2.1/org.glassfish.jaxb/jaxb-runtime/4.0.1/7abfa1ee788a8f090dc598c45876ef068731e72b/jaxb-runtime-4.0.1.jar:/Users/CarmenLaptop/.gradle/caches/modules-2/files-2.1/org.glassfish.jaxb/jaxb-core/4.0.1/b4707bb31dfcf54ae424b930741f0cd62d672af9/jaxb-core-4.0.1.jar:/Users/CarmenLaptop/.gradle/caches/modules-2/files-2.1/jakarta.xml.bind/jakarta.xml.bind-api/4.0.0/bbb399208d288b15ec101fa4fcfc4bd77cedc97a/jakarta.xml.bind-api-4.0.0.jar:/Users/CarmenLaptop/.gradle/caches/modules-2/files-2.1/jakarta.inject/jakarta.inject-api/2.0.0/46fc8560b6fd17b78396d88f39c1a730457671f0/jakarta.inject-api-2.0.0.jar:/Users/CarmenLaptop/.gradle/caches/modules-2/files-2.1/org.antlr/antlr4-runtime/4.10.1/10839f875928f59c622d675091d51a43ea0dc5f7/antlr4-runtime-4.10.1.jar:/Users/CarmenLaptop/.gradle/caches/modules-2/files-2.1/org.slf4j/slf4j-api/2.0.6/88c40d8b4f33326f19a7d3c0aaf2c7e8721d4953/slf4j-api-2.0.6.jar:/Users/CarmenLaptop/.gradle/caches/modules-2/files-2.1/org.hamcrest/hamcrest-core/2.2/3f2bd07716a31c395e2837254f37f21f0f0ab24b/hamcrest-core-2.2.jar:/Users/CarmenLaptop/.gradle/caches/modules-2/files-2.1/org.easytesting/fest-reflect/1.4.1/2b92d5275e92a49e16c7ce6bd7e46b9080db0530/fest-reflect-1.4.1.jar:/Users/CarmenLaptop/.gradle/caches/modules-2/files-2.1/org.apache.httpcomponents/httpcore/4.4.16/51cf043c87253c9f58b539c9f7e44c8894223850/httpcore-4.4.16.jar:/Users/CarmenLaptop/.gradle/caches/modules-2/files-2.1/commons-codec/commons-codec/1.15/49d94806b6e3dc933dacbd8acb0fdbab8ebd1e5d/commons-codec-1.15.jar:/Users/CarmenLaptop/.gradle/caches/modules-2/files-2.1/ch.qos.logback/logback-core/1.4.5/e9bb2ea70f84401314da4300343b0a246c8954da/logback-core-1.4.5.jar:/Users/CarmenLaptop/.gradle/caches/modules-2/files-2.1/org.apache.logging.log4j/log4j-api/2.19.0/ea1b37f38c327596b216542bc636cfdc0b8036fa/log4j-api-2.19.0.jar:/Users/CarmenLaptop/.gradle/caches/modules-2/files-2.1/org.springframework.security/spring-security-crypto/6.0.1/2384513fec136174d4be8ebaf3a2cf9aecef5416/spring-security-crypto-6.0.1.jar:/Users/CarmenLaptop/.gradle/caches/modules-2/files-2.1/org.eclipse.angus/angus-activation/1.0.0/f0ceddd49f92109fbfad9125e958f5bfd3f2aa1/angus-activation-1.0.0.jar:/Users/CarmenLaptop/.gradle/caches/modules-2/files-2.1/jakarta.activation/jakarta.activation-api/2.1.1/88c774ab863a21fb2fc4219af95379fafe499a31/jakarta.activation-api-2.1.1.jar:/Users/CarmenLaptop/.gradle/caches/modules-2/files-2.1/org.hamcrest/hamcrest/2.2/1820c0968dba3a11a1b30669bb1f01978a91dedc/hamcrest-2.2.jar:/Users/CarmenLaptop/.gradle/caches/modules-2/files-2.1/org.easytesting/fest-util/1.2.5/c4a8d7305b23b8d043be12c979813b096df11f44/fest-util-1.2.5.jar:/Users/CarmenLaptop/.gradle/caches/modules-2/files-2.1/org.glassfish.jaxb/txw2/4.0.1/797720dfe2e15504f6014fb82eb873051a653c75/txw2-4.0.1.jar:/Users/CarmenLaptop/.gradle/caches/modules-2/files-2.1/com.sun.istack/istack-commons-runtime/4.1.1/9b3769c76235bc283b060da4fae2318c6d53f07e/istack-commons-runtime-4.1.1.jar, java.vm.vendor=JetBrains s.r.o., sun.arch.data.model=64, user.variant=, java.vendor.url=https://openjdk.java.net/, catalina.useNaming=false, user.timezone=America/New_York, jakarta.persistence.sharedCache.mode=UNSPECIFIED, org.jboss.logging.provider=slf4j, java.vm.specification.version=17, os.name=Mac OS X, javax.persistence.validation.mode=AUTO, jakarta.persistence.nonJtaDataSource=HikariDataSource (HikariPool-1), user.country=US, sun.java.launcher=SUN_STANDARD, sun.boot.library.path=/Applications/IntelliJ IDEA.app/Contents/jbr/Contents/Home/lib, sun.java.command=worker.org.gradle.process.internal.worker.GradleWorkerMain 'Gradle Test Executor 5', javax.persistence.nonJtaDataSource=HikariDataSource (HikariPool-1), hibernate.transaction.jta.platform=org.hibernate.engine.transaction.jta.platform.internal.NoJtaPlatform@6a3a56de, http.nonProxyHosts=local|*.local|169.254/16|*.169.254/16, javax.persistence.sharedCache.mode=UNSPECIFIED, jdk.debug=release, sun.cpu.endian=little, user.home=/Users/CarmenLaptop, user.language=en, java.specification.vendor=Oracle Corporation, org.gradle.native=false, java.version.date=2024-04-16, java.home=/Applications/IntelliJ IDEA.app/Contents/jbr/Contents/Home, file.separator=/, java.vm.compressedOopsMode=Zero based, line.separator=
?[0m?[0;34m, hibernate.persistenceUnitName=default, java.vm.specification.vendor=Oracle Corporation, java.specification.name=Java Platform API Specification, intellij.os.virtualization=none, FILE_LOG_CHARSET=UTF-8, hibernate.transaction.coordinator_class=class org.hibernate.resource.transaction.backend.jdbc.internal.JdbcResourceLocalTransactionCoordinatorBuilderImpl, java.awt.headless=true, jbr.virtualization.information=No virtualization detected, jakarta.persistence.validation.mode=AUTO, hibernate.hbm2ddl.auto=update, sun.management.compiler=HotSpot 64-Bit Tiered Compilers, ftp.nonProxyHosts=local|*.local|169.254/16|*.169.254/16, java.runtime.version=17.0.11+1-b1207.24, user.name=CarmenLaptop, path.separator=:, os.version=13.6.7, java.runtime.name=OpenJDK Runtime Environment, file.encoding=UTF-8, java.vm.name=OpenJDK 64-Bit Server VM, java.vendor.version=JBR-17.0.11+1-1207.24-jcef, java.vendor.url.bug=https://bugreport.java.com/bugreport/, java.io.tmpdir=/var/folders/jl/1w_rb7pj48g7kk6k9z3c97fw0000gp/T/, com.zaxxer.hikari.pool_number=1, catalina.home=/private/var/folders/jl/1w_rb7pj48g7kk6k9z3c97fw0000gp/T/tomcat.28852.866771147919001665, java.version=17.0.11, hibernate.physical_naming_strategy=org.hibernate.boot.model.naming.CamelCaseToUnderscoresNamingStrategy, user.dir=/Users/CarmenLaptop/Desktop/coding/Anti-Fraud System/Anti-Fraud System/task, os.arch=x86_64, java.vm.specification.name=Java Virtual Machine Specification, PID=93785, org.gradle.internal.worker.tmpdir=/Users/CarmenLaptop/Desktop/coding/Anti-Fraud System/Anti-Fraud System/task/build/tmp/test/work, CONSOLE_LOG_CHARSET=UTF-8, catalina.base=/private/var/folders/jl/1w_rb7pj48g7kk6k9z3c97fw0000gp/T/tomcat.28852.866771147919001665, hibernate.boot.CfgXmlAccessService.key=org.hibernate.boot.registry.StandardServiceRegistryBuilder$1@2ed84be9, native.encoding=UTF-8, java.library.path=/Users/CarmenLaptop/Library/Java/Extensions:/Library/Java/Extensions:/Network/Library/Java/Extensions:/System/Library/Java/Extensions:/usr/lib/java:., java.vendor=JetBrains s.r.o., java.vm.info=mixed mode, java.vm.version=17.0.11+1-b1207.24, hibernate.bytecode.use_reflection_optimizer=false, sun.io.unicode.encoding=UnicodeBig, hibernate.archive.scanner=org.hibernate.boot.archive.scan.internal.DisabledScanner, hibernate.connection.datasource=HikariDataSource (HikariPool-1), socksNonProxyHosts=local|*.local|169.254/16|*.169.254/16, java.class.version=61.0}
?[0m?[0;34m2024-07-18T17:39:14.073-04:00 DEBUG 93785 --- [    Test worker] o.hibernate.internal.SessionFactoryImpl  : Instantiated session factory
?[0m?[0;34m2024-07-18T17:39:14.100-04:00 DEBUG 93785 --- [    Test worker] org.hibernate.orm.query.plan.cache       : Starting QueryPlanCache(2048)
?[0m?[0;34m2024-07-18T17:39:14.187-04:00 DEBUG 93785 --- [    Test worker] o.h.q.sqm.function.SqmFunctionRegistry   : Registered SqmFunctionTemplate [NamedSqmFunctionTemplate(max)] under max; prior registration was null
?[0m?[0;34m2024-07-18T17:39:14.187-04:00 DEBUG 93785 --- [    Test worker] o.h.q.sqm.function.SqmFunctionRegistry   : Registered SqmFunctionTemplate [NamedSqmFunctionTemplate(min)] under min; prior registration was null
?[0m?[0;34m2024-07-18T17:39:14.190-04:00 DEBUG 93785 --- [    Test worker] o.h.q.sqm.function.SqmFunctionRegistry   : Registered SqmFunctionTemplate [NamedSqmFunctionTemplate(sum)] under sum; prior registration was null
?[0m?[0;34m2024-07-18T17:39:14.191-04:00 DEBUG 93785 --- [    Test worker] o.h.q.sqm.function.SqmFunctionRegistry   : Registered SqmFunctionTemplate [NamedSqmFunctionTemplate(avg)] under avg; prior registration was null
?[0m?[0;34m2024-07-18T17:39:14.192-04:00 DEBUG 93785 --- [    Test worker] o.h.q.sqm.function.SqmFunctionRegistry   : Registered SqmFunctionTemplate [org.hibernate.dialect.function.CountFunction@746f8520] under count; prior registration was null
?[0m?[0;34m2024-07-18T17:39:14.193-04:00 DEBUG 93785 --- [    Test worker] o.h.q.sqm.function.SqmFunctionRegistry   : Registered SqmFunctionTemplate [org.hibernate.dialect.function.EveryAnyEmulation@2dbb8da0] under every; prior registration was null
?[0m?[0;34m2024-07-18T17:39:14.193-04:00 DEBUG 93785 --- [    Test worker] o.h.q.sqm.function.SqmFunctionRegistry   : Registered SqmFunctionTemplate [org.hibernate.dialect.function.EveryAnyEmulation@3130ca39] under any; prior registration was null
?[0m?[0;34m2024-07-18T17:39:14.194-04:00 DEBUG 93785 --- [    Test worker] o.h.q.sqm.function.SqmFunctionRegistry   : Registered SqmFunctionTemplate [NamedSqmFunctionTemplate(round)] under round; prior registration was null
?[0m?[0;34m2024-07-18T17:39:14.194-04:00 DEBUG 93785 --- [    Test worker] o.h.q.sqm.function.SqmFunctionRegistry   : Registered SqmFunctionTemplate [NamedSqmFunctionTemplate(floor)] under floor; prior registration was null
?[0m?[0;34m2024-07-18T17:39:14.194-04:00 DEBUG 93785 --- [    Test worker] o.h.q.sqm.function.SqmFunctionRegistry   : Registered SqmFunctionTemplate [NamedSqmFunctionTemplate(ceiling)] under ceiling; prior registration was null
?[0m?[0;34m2024-07-18T17:39:14.194-04:00 DEBUG 93785 --- [    Test worker] o.h.q.sqm.function.SqmFunctionRegistry   : Registered SqmFunctionTemplate [NamedSqmFunctionTemplate(mod)] under mod; prior registration was null
?[0m?[0;34m2024-07-18T17:39:14.194-04:00 DEBUG 93785 --- [    Test worker] o.h.q.sqm.function.SqmFunctionRegistry   : Registered SqmFunctionTemplate [NamedSqmFunctionTemplate(abs)] under abs; prior registration was null
?[0m?[0;34m2024-07-18T17:39:14.194-04:00 DEBUG 93785 --- [    Test worker] o.h.q.sqm.function.SqmFunctionRegistry   : Registered SqmFunctionTemplate [NamedSqmFunctionTemplate(sign)] under sign; prior registration was null
?[0m?[0;34m2024-07-18T17:39:14.195-04:00 DEBUG 93785 --- [    Test worker] o.h.q.sqm.function.SqmFunctionRegistry   : Registered SqmFunctionTemplate [NamedSqmFunctionTemplate(sqrt)] under sqrt; prior registration was null
?[0m?[0;34m2024-07-18T17:39:14.195-04:00 DEBUG 93785 --- [    Test worker] o.h.q.sqm.function.SqmFunctionRegistry   : Registered SqmFunctionTemplate [NamedSqmFunctionTemplate(ln)] under ln; prior registration was null
?[0m?[0;34m2024-07-18T17:39:14.195-04:00 DEBUG 93785 --- [    Test worker] o.h.q.sqm.function.SqmFunctionRegistry   : Registered SqmFunctionTemplate [NamedSqmFunctionTemplate(exp)] under exp; prior registration was null
?[0m?[0;34m2024-07-18T17:39:14.195-04:00 DEBUG 93785 --- [    Test worker] o.h.q.sqm.function.SqmFunctionRegistry   : Registered SqmFunctionTemplate [NamedSqmFunctionTemplate(power)] under power; prior registration was null
?[0m?[0;34m2024-07-18T17:39:14.195-04:00 DEBUG 93785 --- [    Test worker] o.h.q.sqm.function.SqmFunctionRegistry   : Registered SqmFunctionTemplate [NamedSqmFunctionTemplate(sin)] under sin; prior registration was null
?[0m?[0;34m2024-07-18T17:39:14.195-04:00 DEBUG 93785 --- [    Test worker] o.h.q.sqm.function.SqmFunctionRegistry   : Registered SqmFunctionTemplate [NamedSqmFunctionTemplate(cos)] under cos; prior registration was null
?[0m?[0;34m2024-07-18T17:39:14.195-04:00 DEBUG 93785 --- [    Test worker] o.h.q.sqm.function.SqmFunctionRegistry   : Registered SqmFunctionTemplate [NamedSqmFunctionTemplate(tan)] under tan; prior registration was null
?[0m?[0;34m2024-07-18T17:39:14.195-04:00 DEBUG 93785 --- [    Test worker] o.h.q.sqm.function.SqmFunctionRegistry   : Registered SqmFunctionTemplate [NamedSqmFunctionTemplate(asin)] under asin; prior registration was null
?[0m?[0;34m2024-07-18T17:39:14.196-04:00 DEBUG 93785 --- [    Test worker] o.h.q.sqm.function.SqmFunctionRegistry   : Registered SqmFunctionTemplate [NamedSqmFunctionTemplate(acos)] under acos; prior registration was null
?[0m?[0;34m2024-07-18T17:39:14.196-04:00 DEBUG 93785 --- [    Test worker] o.h.q.sqm.function.SqmFunctionRegistry   : Registered SqmFunctionTemplate [NamedSqmFunctionTemplate(atan)] under atan; prior registration was null
?[0m?[0;34m2024-07-18T17:39:14.196-04:00 DEBUG 93785 --- [    Test worker] o.h.q.sqm.function.SqmFunctionRegistry   : Registered SqmFunctionTemplate [NamedSqmFunctionTemplate(atan2)] under atan2; prior registration was null
?[0m?[0;34m2024-07-18T17:39:14.197-04:00 DEBUG 93785 --- [    Test worker] o.h.q.sqm.function.SqmFunctionRegistry   : Registered SqmFunctionTemplate [NamedSqmFunctionTemplate(coalesce)] under coalesce; prior registration was null
?[0m?[0;34m2024-07-18T17:39:14.197-04:00 DEBUG 93785 --- [    Test worker] o.h.q.sqm.function.SqmFunctionRegistry   : Registered SqmFunctionTemplate [NamedSqmFunctionTemplate(nullif)] under nullif; prior registration was null
?[0m?[0;34m2024-07-18T17:39:14.197-04:00 DEBUG 93785 --- [    Test worker] o.h.q.sqm.function.SqmFunctionRegistry   : Registered SqmFunctionTemplate [NamedSqmFunctionTemplate(left)] under left; prior registration was null
?[0m?[0;34m2024-07-18T17:39:14.197-04:00 DEBUG 93785 --- [    Test worker] o.h.q.sqm.function.SqmFunctionRegistry   : Registered SqmFunctionTemplate [NamedSqmFunctionTemplate(right)] under right; prior registration was null
?[0m?[0;34m2024-07-18T17:39:14.197-04:00 DEBUG 93785 --- [    Test worker] o.h.q.sqm.function.SqmFunctionRegistry   : Registered SqmFunctionTemplate [NamedSqmFunctionTemplate(replace)] under replace; prior registration was null
?[0m?[0;34m2024-07-18T17:39:14.198-04:00 DEBUG 93785 --- [    Test worker] o.h.q.sqm.function.SqmFunctionRegistry   : Registered SqmFunctionTemplate [NamedSqmFunctionTemplate(concat)] under concat; prior registration was null
?[0m?[0;34m2024-07-18T17:39:14.198-04:00 DEBUG 93785 --- [    Test worker] o.h.q.sqm.function.SqmFunctionRegistry   : Registered SqmFunctionTemplate [NamedSqmFunctionTemplate(lower)] under lower; prior registration was null
?[0m?[0;34m2024-07-18T17:39:14.198-04:00 DEBUG 93785 --- [    Test worker] o.h.q.sqm.function.SqmFunctionRegistry   : Registered SqmFunctionTemplate [NamedSqmFunctionTemplate(upper)] under upper; prior registration was null
?[0m?[0;34m2024-07-18T17:39:14.199-04:00 DEBUG 93785 --- [    Test worker] o.h.q.sqm.function.SqmFunctionRegistry   : Registered SqmFunctionTemplate [NamedSqmFunctionTemplate(substring)] under substring; prior registration was null
?[0m?[0;34m2024-07-18T17:39:14.199-04:00 DEBUG 93785 --- [    Test worker] o.h.q.sqm.function.SqmFunctionRegistry   : Registered SqmFunctionTemplate [NamedSqmFunctionTemplate(locate)] under locate; prior registration was null
?[0m?[0;34m2024-07-18T17:39:14.199-04:00 DEBUG 93785 --- [    Test worker] o.h.q.sqm.function.SqmFunctionRegistry   : Registered SqmFunctionTemplate [NamedSqmFunctionTemplate(character_length)] under character_length; prior registration was null
?[0m?[0;34m2024-07-18T17:39:14.199-04:00 DEBUG 93785 --- [    Test worker] o.h.q.sqm.function.SqmFunctionRegistry   : Registering alternate key : length -> character_length
?[0m?[0;34m2024-07-18T17:39:14.200-04:00 DEBUG 93785 --- [    Test worker] o.h.q.sqm.function.SqmFunctionRegistry   : Registered SqmFunctionTemplate [org.hibernate.dialect.function.LocatePositionEmulation@3c9971af] under position; prior registration was null
?[0m?[0;34m2024-07-18T17:39:14.202-04:00 DEBUG 93785 --- [    Test worker] o.h.q.sqm.function.SqmFunctionRegistry   : Registered SqmFunctionTemplate [org.hibernate.dialect.function.InsertSubstringOverlayEmulation@c7cf8c4] under overlay; prior registration was null
?[0m?[0;34m2024-07-18T17:39:14.203-04:00 DEBUG 93785 --- [    Test worker] o.h.q.sqm.function.SqmFunctionRegistry   : Registered SqmFunctionTemplate [org.hibernate.dialect.function.TrimFunction@6fe9c048] under trim; prior registration was null
?[0m?[0;34m2024-07-18T17:39:14.204-04:00 DEBUG 93785 --- [    Test worker] o.h.q.sqm.function.SqmFunctionRegistry   : Registered SqmFunctionTemplate [org.hibernate.dialect.function.CastFunction@2b06681c] under cast; prior registration was null
?[0m?[0;34m2024-07-18T17:39:14.206-04:00 DEBUG 93785 --- [    Test worker] o.h.q.sqm.function.SqmFunctionRegistry   : Registered SqmFunctionTemplate [org.hibernate.query.sqm.function.PatternBasedSqmFunctionDescriptor@3cc817bd] under collate; prior registration was null
?[0m?[0;34m2024-07-18T17:39:14.207-04:00 DEBUG 93785 --- [    Test worker] o.h.q.sqm.function.SqmFunctionRegistry   : Registered SqmFunctionTemplate [org.hibernate.dialect.function.ExtractFunction@51aa2a58] under extract; prior registration was null
?[0m?[0;34m2024-07-18T17:39:14.207-04:00 DEBUG 93785 --- [    Test worker] o.h.q.sqm.function.SqmFunctionRegistry   : Registered SqmFunctionTemplate [NamedSqmFunctionTemplate(least)] under least; prior registration was null
?[0m?[0;34m2024-07-18T17:39:14.208-04:00 DEBUG 93785 --- [    Test worker] o.h.q.sqm.function.SqmFunctionRegistry   : Registered SqmFunctionTemplate [NamedSqmFunctionTemplate(greatest)] under greatest; prior registration was null
?[0m?[0;34m2024-07-18T17:39:14.208-04:00 DEBUG 93785 --- [    Test worker] o.h.q.sqm.function.SqmFunctionRegistry   : Registered SqmFunctionTemplate [org.hibernate.dialect.function.CoalesceIfnullEmulation@66130c3b] under ifnull; prior registration was null
?[0m?[0;34m2024-07-18T17:39:14.208-04:00 DEBUG 93785 --- [    Test worker] o.h.q.sqm.function.SqmFunctionRegistry   : Registered SqmFunctionTemplate [NamedSqmFunctionTemplate(lpad)] under lpad; prior registration was null
?[0m?[0;34m2024-07-18T17:39:14.208-04:00 DEBUG 93785 --- [    Test worker] o.h.q.sqm.function.SqmFunctionRegistry   : Registered SqmFunctionTemplate [NamedSqmFunctionTemplate(rpad)] under rpad; prior registration was null
?[0m?[0;34m2024-07-18T17:39:14.209-04:00 DEBUG 93785 --- [    Test worker] o.h.q.sqm.function.SqmFunctionRegistry   : Registered SqmFunctionTemplate [org.hibernate.dialect.function.LpadRpadPadEmulation@44e4cf8a] under pad; prior registration was null
?[0m?[0;34m2024-07-18T17:39:14.210-04:00 DEBUG 93785 --- [    Test worker] o.h.q.sqm.function.SqmFunctionRegistry   : Registered SqmFunctionTemplate [org.hibernate.dialect.function.CastStrEmulation@32f14274] under str; prior registration was null
?[0m?[0;34m2024-07-18T17:39:14.212-04:00 DEBUG 93785 --- [    Test worker] o.h.q.sqm.function.SqmFunctionRegistry   : Registered SqmFunctionTemplate [org.hibernate.dialect.function.FormatFunction@55c341d0] under format; prior registration was null
?[0m?[0;34m2024-07-18T17:39:14.212-04:00 DEBUG 93785 --- [    Test worker] o.h.q.sqm.function.SqmFunctionRegistry   : Registered SqmFunctionTemplate [org.hibernate.dialect.function.TimestampaddFunction@45cf0c15] under timestampadd; prior registration was null
?[0m?[0;34m2024-07-18T17:39:14.213-04:00 DEBUG 93785 --- [    Test worker] o.h.q.sqm.function.SqmFunctionRegistry   : Registered SqmFunctionTemplate [org.hibernate.dialect.function.TimestampdiffFunction@5dfec221] under timestampdiff; prior registration was null
?[0m?[0;34m2024-07-18T17:39:14.213-04:00 DEBUG 93785 --- [    Test worker] o.h.q.sqm.function.SqmFunctionRegistry   : Registering alternate key : dateadd -> timestampadd
?[0m?[0;34m2024-07-18T17:39:14.214-04:00 DEBUG 93785 --- [    Test worker] o.h.q.sqm.function.SqmFunctionRegistry   : Registering alternate key : datediff -> timestampdiff
?[0m?[0;34m2024-07-18T17:39:14.214-04:00 DEBUG 93785 --- [    Test worker] o.h.q.sqm.function.SqmFunctionRegistry   : Registered SqmFunctionTemplate [org.hibernate.dialect.function.CurrentFunction@52bc6fcf] under current_date; prior registration was null
?[0m?[0;34m2024-07-18T17:39:14.214-04:00 DEBUG 93785 --- [    Test worker] o.h.q.sqm.function.SqmFunctionRegistry   : Registered SqmFunctionTemplate [org.hibernate.dialect.function.CurrentFunction@1942a36e] under current_time; prior registration was null
?[0m?[0;34m2024-07-18T17:39:14.214-04:00 DEBUG 93785 --- [    Test worker] o.h.q.sqm.function.SqmFunctionRegistry   : Registered SqmFunctionTemplate [org.hibernate.dialect.function.CurrentFunction@24668b5b] under current_timestamp; prior registration was null
?[0m?[0;34m2024-07-18T17:39:14.215-04:00 DEBUG 93785 --- [    Test worker] o.h.q.sqm.function.SqmFunctionRegistry   : Registering alternate key : current date -> current_date
?[0m?[0;34m2024-07-18T17:39:14.215-04:00 DEBUG 93785 --- [    Test worker] o.h.q.sqm.function.SqmFunctionRegistry   : Registering alternate key : current time -> current_time
?[0m?[0;34m2024-07-18T17:39:14.215-04:00 DEBUG 93785 --- [    Test worker] o.h.q.sqm.function.SqmFunctionRegistry   : Registering alternate key : current timestamp -> current_timestamp
?[0m?[0;34m2024-07-18T17:39:14.215-04:00 DEBUG 93785 --- [    Test worker] o.h.q.sqm.function.SqmFunctionRegistry   : Registered SqmFunctionTemplate [org.hibernate.dialect.function.CurrentFunction@1f8d42d1] under local_date; prior registration was null
?[0m?[0;34m2024-07-18T17:39:14.215-04:00 DEBUG 93785 --- [    Test worker] o.h.q.sqm.function.SqmFunctionRegistry   : Registered SqmFunctionTemplate [org.hibernate.dialect.function.CurrentFunction@2e7e84f8] under local_time; prior registration was null
?[0m?[0;34m2024-07-18T17:39:14.215-04:00 DEBUG 93785 --- [    Test worker] o.h.q.sqm.function.SqmFunctionRegistry   : Registered SqmFunctionTemplate [org.hibernate.dialect.function.CurrentFunction@22ab1b8a] under local_datetime; prior registration was null
?[0m?[0;34m2024-07-18T17:39:14.215-04:00 DEBUG 93785 --- [    Test worker] o.h.q.sqm.function.SqmFunctionRegistry   : Registered SqmFunctionTemplate [org.hibernate.dialect.function.CurrentFunction@320770d7] under offset_datetime; prior registration was null
?[0m?[0;34m2024-07-18T17:39:14.216-04:00 DEBUG 93785 --- [    Test worker] o.h.q.sqm.function.SqmFunctionRegistry   : Registering alternate key : local date -> local_date
?[0m?[0;34m2024-07-18T17:39:14.216-04:00 DEBUG 93785 --- [    Test worker] o.h.q.sqm.function.SqmFunctionRegistry   : Registering alternate key : local time -> local_time
?[0m?[0;34m2024-07-18T17:39:14.216-04:00 DEBUG 93785 --- [    Test worker] o.h.q.sqm.function.SqmFunctionRegistry   : Registering alternate key : local datetime -> local_datetime
?[0m?[0;34m2024-07-18T17:39:14.216-04:00 DEBUG 93785 --- [    Test worker] o.h.q.sqm.function.SqmFunctionRegistry   : Registering alternate key : offset datetime -> offset_datetime
?[0m?[0;34m2024-07-18T17:39:14.216-04:00 DEBUG 93785 --- [    Test worker] o.h.q.sqm.function.SqmFunctionRegistry   : Registered SqmFunctionTemplate [org.hibernate.dialect.function.CurrentFunction@4769378c] under instant; prior registration was null
?[0m?[0;34m2024-07-18T17:39:14.216-04:00 DEBUG 93785 --- [    Test worker] o.h.q.sqm.function.SqmFunctionRegistry   : Registering alternate key : current_instant -> instant
?[0m?[0;34m2024-07-18T17:39:14.217-04:00 DEBUG 93785 --- [    Test worker] o.h.q.sqm.function.SqmFunctionRegistry   : Registered SqmFunctionTemplate [org.hibernate.dialect.function.SqlFunction@60b4c754] under sql; prior registration was null
?[0m?[0;34m2024-07-18T17:39:14.217-04:00 DEBUG 93785 --- [    Test worker] o.h.q.sqm.function.SqmFunctionRegistry   : Registered SqmFunctionTemplate [NamedSqmFunctionTemplate(max)] under max; prior registration was NamedSqmFunctionTemplate(max)
?[0m?[0;34m2024-07-18T17:39:14.217-04:00 DEBUG 93785 --- [    Test worker] o.h.q.sqm.function.SqmFunctionRegistry   : Registered SqmFunctionTemplate [NamedSqmFunctionTemplate(min)] under min; prior registration was NamedSqmFunctionTemplate(min)
?[0m?[0;34m2024-07-18T17:39:14.217-04:00 DEBUG 93785 --- [    Test worker] o.h.q.sqm.function.SqmFunctionRegistry   : Registered SqmFunctionTemplate [NamedSqmFunctionTemplate(sum)] under sum; prior registration was NamedSqmFunctionTemplate(sum)
?[0m?[0;34m2024-07-18T17:39:14.217-04:00 DEBUG 93785 --- [    Test worker] o.h.q.sqm.function.SqmFunctionRegistry   : Registered SqmFunctionTemplate [NamedSqmFunctionTemplate(avg)] under avg; prior registration was NamedSqmFunctionTemplate(avg)
?[0m?[0;34m2024-07-18T17:39:14.217-04:00 DEBUG 93785 --- [    Test worker] o.h.q.sqm.function.SqmFunctionRegistry   : Registered SqmFunctionTemplate [org.hibernate.dialect.function.CountFunction@2c846d55] under count; prior registration was org.hibernate.dialect.function.CountFunction@746f8520
?[0m?[0;34m2024-07-18T17:39:14.218-04:00 DEBUG 93785 --- [    Test worker] o.h.q.sqm.function.SqmFunctionRegistry   : Registered SqmFunctionTemplate [org.hibernate.dialect.function.AvgFunction@2ec156fb] under avg; prior registration was NamedSqmFunctionTemplate(avg)
?[0m?[0;34m2024-07-18T17:39:14.219-04:00 DEBUG 93785 --- [    Test worker] o.h.q.sqm.function.SqmFunctionRegistry   : Registered SqmFunctionTemplate [NamedSqmFunctionTemplate(pi)] under pi; prior registration was null
?[0m?[0;34m2024-07-18T17:39:14.219-04:00 DEBUG 93785 --- [    Test worker] o.h.q.sqm.function.SqmFunctionRegistry   : Registered SqmFunctionTemplate [NamedSqmFunctionTemplate(cot)] under cot; prior registration was null
?[0m?[0;34m2024-07-18T17:39:14.219-04:00 DEBUG 93785 --- [    Test worker] o.h.q.sqm.function.SqmFunctionRegistry   : Registered SqmFunctionTemplate [NamedSqmFunctionTemplate(radians)] under radians; prior registration was null
?[0m?[0;34m2024-07-18T17:39:14.219-04:00 DEBUG 93785 --- [    Test worker] o.h.q.sqm.function.SqmFunctionRegistry   : Registered SqmFunctionTemplate [NamedSqmFunctionTemplate(degrees)] under degrees; prior registration was null
?[0m?[0;34m2024-07-18T17:39:14.219-04:00 DEBUG 93785 --- [    Test worker] o.h.q.sqm.function.SqmFunctionRegistry   : Registered SqmFunctionTemplate [NamedSqmFunctionTemplate(log10)] under log10; prior registration was null
?[0m?[0;34m2024-07-18T17:39:14.219-04:00 DEBUG 93785 --- [    Test worker] o.h.q.sqm.function.SqmFunctionRegistry   : Registered SqmFunctionTemplate [NamedSqmFunctionTemplate(rand)] under rand; prior registration was null
?[0m?[0;34m2024-07-18T17:39:14.219-04:00 DEBUG 93785 --- [    Test worker] o.h.q.sqm.function.SqmFunctionRegistry   : Registered SqmFunctionTemplate [NamedSqmFunctionTemplate(truncate)] under truncate; prior registration was null
?[0m?[0;34m2024-07-18T17:39:14.219-04:00 DEBUG 93785 --- [    Test worker] o.h.q.sqm.function.SqmFunctionRegistry   : Registered SqmFunctionTemplate [NamedSqmFunctionTemplate(soundex)] under soundex; prior registration was null
?[0m?[0;34m2024-07-18T17:39:14.220-04:00 DEBUG 93785 --- [    Test worker] o.h.q.sqm.function.SqmFunctionRegistry   : Registered SqmFunctionTemplate [NamedSqmFunctionTemplate(translate)] under translate; prior registration was null
?[0m?[0;34m2024-07-18T17:39:14.220-04:00 DEBUG 93785 --- [    Test worker] o.h.q.sqm.function.SqmFunctionRegistry   : Registered SqmFunctionTemplate [NamedSqmFunctionTemplate(bitand)] under bitand; prior registration was null
?[0m?[0;34m2024-07-18T17:39:14.220-04:00 DEBUG 93785 --- [    Test worker] o.h.q.sqm.function.SqmFunctionRegistry   : Registered SqmFunctionTemplate [NamedSqmFunctionTemplate(bitor)] under bitor; prior registration was null
?[0m?[0;34m2024-07-18T17:39:14.220-04:00 DEBUG 93785 --- [    Test worker] o.h.q.sqm.function.SqmFunctionRegistry   : Registered SqmFunctionTemplate [NamedSqmFunctionTemplate(bitxor)] under bitxor; prior registration was null
?[0m?[0;34m2024-07-18T17:39:14.220-04:00 DEBUG 93785 --- [    Test worker] o.h.q.sqm.function.SqmFunctionRegistry   : Registered SqmFunctionTemplate [NamedSqmFunctionTemplate(bit_and)] under bit_and; prior registration was null
?[0m?[0;34m2024-07-18T17:39:14.220-04:00 DEBUG 93785 --- [    Test worker] o.h.q.sqm.function.SqmFunctionRegistry   : Registered SqmFunctionTemplate [NamedSqmFunctionTemplate(bit_or)] under bit_or; prior registration was null
?[0m?[0;34m2024-07-18T17:39:14.220-04:00 DEBUG 93785 --- [    Test worker] o.h.q.sqm.function.SqmFunctionRegistry   : Registered SqmFunctionTemplate [NamedSqmFunctionTemplate(day)] under day; prior registration was null
?[0m?[0;34m2024-07-18T17:39:14.220-04:00 DEBUG 93785 --- [    Test worker] o.h.q.sqm.function.SqmFunctionRegistry   : Registered SqmFunctionTemplate [NamedSqmFunctionTemplate(month)] under month; prior registration was null
?[0m?[0;34m2024-07-18T17:39:14.220-04:00 DEBUG 93785 --- [    Test worker] o.h.q.sqm.function.SqmFunctionRegistry   : Registered SqmFunctionTemplate [NamedSqmFunctionTemplate(year)] under year; prior registration was null
?[0m?[0;34m2024-07-18T17:39:14.221-04:00 DEBUG 93785 --- [    Test worker] o.h.q.sqm.function.SqmFunctionRegistry   : Registered SqmFunctionTemplate [NamedSqmFunctionTemplate(hour)] under hour; prior registration was null
?[0m?[0;34m2024-07-18T17:39:14.221-04:00 DEBUG 93785 --- [    Test worker] o.h.q.sqm.function.SqmFunctionRegistry   : Registered SqmFunctionTemplate [NamedSqmFunctionTemplate(minute)] under minute; prior registration was null
?[0m?[0;34m2024-07-18T17:39:14.221-04:00 DEBUG 93785 --- [    Test worker] o.h.q.sqm.function.SqmFunctionRegistry   : Registered SqmFunctionTemplate [NamedSqmFunctionTemplate(second)] under second; prior registration was null
?[0m?[0;34m2024-07-18T17:39:14.221-04:00 DEBUG 93785 --- [    Test worker] o.h.q.sqm.function.SqmFunctionRegistry   : Registered SqmFunctionTemplate [NamedSqmFunctionTemplate(microsecond)] under microsecond; prior registration was null
?[0m?[0;34m2024-07-18T17:39:14.221-04:00 DEBUG 93785 --- [    Test worker] o.h.q.sqm.function.SqmFunctionRegistry   : Registered SqmFunctionTemplate [NamedSqmFunctionTemplate(day_of_week)] under day_of_week; prior registration was null
?[0m?[0;34m2024-07-18T17:39:14.221-04:00 DEBUG 93785 --- [    Test worker] o.h.q.sqm.function.SqmFunctionRegistry   : Registered SqmFunctionTemplate [NamedSqmFunctionTemplate(day_of_month)] under day_of_month; prior registration was null
?[0m?[0;34m2024-07-18T17:39:14.221-04:00 DEBUG 93785 --- [    Test worker] o.h.q.sqm.function.SqmFunctionRegistry   : Registering alternate key : day -> day_of_month
?[0m?[0;34m2024-07-18T17:39:14.221-04:00 DEBUG 93785 --- [    Test worker] o.h.q.sqm.function.SqmFunctionRegistry   : Registered SqmFunctionTemplate [NamedSqmFunctionTemplate(day_of_year)] under day_of_year; prior registration was null
?[0m?[0;34m2024-07-18T17:39:14.221-04:00 DEBUG 93785 --- [    Test worker] o.h.q.sqm.function.SqmFunctionRegistry   : Registered SqmFunctionTemplate [NamedSqmFunctionTemplate(week)] under week; prior registration was null
?[0m?[0;34m2024-07-18T17:39:14.221-04:00 DEBUG 93785 --- [    Test worker] o.h.q.sqm.function.SqmFunctionRegistry   : Registered SqmFunctionTemplate [NamedSqmFunctionTemplate(quarter)] under quarter; prior registration was null
?[0m?[0;34m2024-07-18T17:39:14.222-04:00 DEBUG 93785 --- [    Test worker] o.h.q.sqm.function.SqmFunctionRegistry   : Registered SqmFunctionTemplate [NamedSqmFunctionTemplate(monthname)] under monthname; prior registration was null
?[0m?[0;34m2024-07-18T17:39:14.222-04:00 DEBUG 93785 --- [    Test worker] o.h.q.sqm.function.SqmFunctionRegistry   : Registered SqmFunctionTemplate [NamedSqmFunctionTemplate(dayname)] under dayname; prior registration was null
?[0m?[0;34m2024-07-18T17:39:14.222-04:00 DEBUG 93785 --- [    Test worker] o.h.q.sqm.function.SqmFunctionRegistry   : Registered SqmFunctionTemplate [NamedSqmFunctionTemplate(localtime)] under localtime; prior registration was null
?[0m?[0;34m2024-07-18T17:39:14.222-04:00 DEBUG 93785 --- [    Test worker] o.h.q.sqm.function.SqmFunctionRegistry   : Registered SqmFunctionTemplate [NamedSqmFunctionTemplate(localtimestamp)] under localtimestamp; prior registration was null
?[0m?[0;34m2024-07-18T17:39:14.222-04:00 DEBUG 93785 --- [    Test worker] o.h.q.sqm.function.SqmFunctionRegistry   : Registered SqmFunctionTemplate [NamedSqmFunctionTemplate(localtime)] under local_time; prior registration was org.hibernate.dialect.function.CurrentFunction@2e7e84f8
?[0m?[0;34m2024-07-18T17:39:14.222-04:00 DEBUG 93785 --- [    Test worker] o.h.q.sqm.function.SqmFunctionRegistry   : Registered SqmFunctionTemplate [NamedSqmFunctionTemplate(localtimestamp)] under local_datetime; prior registration was org.hibernate.dialect.function.CurrentFunction@22ab1b8a
?[0m?[0;34m2024-07-18T17:39:14.222-04:00 DEBUG 93785 --- [    Test worker] o.h.q.sqm.function.SqmFunctionRegistry   : Registered SqmFunctionTemplate [NamedSqmFunctionTemplate(bit_length)] under bit_length; prior registration was null
?[0m?[0;34m2024-07-18T17:39:14.222-04:00 DEBUG 93785 --- [    Test worker] o.h.q.sqm.function.SqmFunctionRegistry   : Registered SqmFunctionTemplate [NamedSqmFunctionTemplate(octet_length)] under octet_length; prior registration was null
?[0m?[0;34m2024-07-18T17:39:14.222-04:00 DEBUG 93785 --- [    Test worker] o.h.q.sqm.function.SqmFunctionRegistry   : Registered SqmFunctionTemplate [NamedSqmFunctionTemplate(ascii)] under ascii; prior registration was null
?[0m?[0;34m2024-07-18T17:39:14.223-04:00 DEBUG 93785 --- [    Test worker] o.h.q.sqm.function.SqmFunctionRegistry   : Registered SqmFunctionTemplate [NamedSqmFunctionTemplate(octet_length)] under octet_length; prior registration was NamedSqmFunctionTemplate(octet_length)
?[0m?[0;34m2024-07-18T17:39:14.223-04:00 DEBUG 93785 --- [    Test worker] o.h.q.sqm.function.SqmFunctionRegistry   : Registered SqmFunctionTemplate [NamedSqmFunctionTemplate(space)] under space; prior registration was null
?[0m?[0;34m2024-07-18T17:39:14.223-04:00 DEBUG 93785 --- [    Test worker] o.h.q.sqm.function.SqmFunctionRegistry   : Registered SqmFunctionTemplate [NamedSqmFunctionTemplate(repeat)] under repeat; prior registration was null
?[0m?[0;34m2024-07-18T17:39:14.223-04:00 DEBUG 93785 --- [    Test worker] o.h.q.sqm.function.SqmFunctionRegistry   : Registered SqmFunctionTemplate [NamedSqmFunctionTemplate(char)] under char; prior registration was null
?[0m?[0;34m2024-07-18T17:39:14.223-04:00 DEBUG 93785 --- [    Test worker] o.h.q.sqm.function.SqmFunctionRegistry   : Registering alternate key : chr -> char
?[0m?[0;34m2024-07-18T17:39:14.223-04:00 DEBUG 93785 --- [    Test worker] o.h.q.sqm.function.SqmFunctionRegistry   : Registered SqmFunctionTemplate [NamedSqmFunctionTemplate(instr)] under instr; prior registration was null
?[0m?[0;34m2024-07-18T17:39:14.223-04:00 DEBUG 93785 --- [    Test worker] o.h.q.sqm.function.SqmFunctionRegistry   : Registered SqmFunctionTemplate [NamedSqmFunctionTemplate(substr)] under substr; prior registration was null
?[0m?[0;34m2024-07-18T17:39:14.224-04:00 DEBUG 93785 --- [    Test worker] o.h.q.sqm.function.SqmFunctionRegistry   : Registered SqmFunctionTemplate [org.hibernate.query.sqm.function.PatternBasedSqmFunctionDescriptor@56d742ad] under position; prior registration was org.hibernate.dialect.function.LocatePositionEmulation@3c9971af
?[0m?[0;34m2024-07-18T17:39:14.224-04:00 DEBUG 93785 --- [    Test worker] o.h.q.sqm.function.SqmFunctionRegistry   : Registered SqmFunctionTemplate [NamedSqmFunctionTemplate(ltrim)] under ltrim; prior registration was null
?[0m?[0;34m2024-07-18T17:39:14.224-04:00 DEBUG 93785 --- [    Test worker] o.h.q.sqm.function.SqmFunctionRegistry   : Registered SqmFunctionTemplate [NamedSqmFunctionTemplate(rtrim)] under rtrim; prior registration was null
?[0m?[0;34m2024-07-18T17:39:14.224-04:00 DEBUG 93785 --- [    Test worker] o.h.q.sqm.function.SqmFunctionRegistry   : Registered SqmFunctionTemplate [org.hibernate.query.sqm.function.PatternBasedSqmFunctionDescriptor@75784062] under concat; prior registration was NamedSqmFunctionTemplate(concat)
?[0m?[0;34m2024-07-18T17:39:14.224-04:00 DEBUG 93785 --- [    Test worker] o.h.q.sqm.function.SqmFunctionRegistry   : Registered SqmFunctionTemplate [NamedSqmFunctionTemplate(curtime)] under curtime; prior registration was null
?[0m?[0;34m2024-07-18T17:39:14.224-04:00 DEBUG 93785 --- [    Test worker] o.h.q.sqm.function.SqmFunctionRegistry   : Registered SqmFunctionTemplate [NamedSqmFunctionTemplate(curdate)] under curdate; prior registration was null
?[0m?[0;34m2024-07-18T17:39:14.224-04:00 DEBUG 93785 --- [    Test worker] o.h.q.sqm.function.SqmFunctionRegistry   : Registered SqmFunctionTemplate [NamedSqmFunctionTemplate(now)] under now; prior registration was null
?[0m?[0;34m2024-07-18T17:39:14.224-04:00 DEBUG 93785 --- [    Test worker] o.h.q.sqm.function.SqmFunctionRegistry   : Registered SqmFunctionTemplate [NamedSqmFunctionTemplate(sysdate)] under sysdate; prior registration was null
?[0m?[0;34m2024-07-18T17:39:14.224-04:00 DEBUG 93785 --- [    Test worker] o.h.q.sqm.function.SqmFunctionRegistry   : Registered SqmFunctionTemplate [NamedSqmFunctionTemplate(insert)] under insert; prior registration was null
?[0m?[0;34m2024-07-18T17:39:14.224-04:00 DEBUG 93785 --- [    Test worker] o.h.q.sqm.function.SqmFunctionRegistry   : Registered SqmFunctionTemplate [NamedSqmFunctionTemplate(bool_and)] under bool_and; prior registration was null
?[0m?[0;34m2024-07-18T17:39:14.225-04:00 DEBUG 93785 --- [    Test worker] o.h.q.sqm.function.SqmFunctionRegistry   : Registering alternate key : every -> bool_and
?[0m?[0;34m2024-07-18T17:39:14.225-04:00 DEBUG 93785 --- [    Test worker] o.h.q.sqm.function.SqmFunctionRegistry   : Registered SqmFunctionTemplate [NamedSqmFunctionTemplate(bool_or)] under bool_or; prior registration was null
?[0m?[0;34m2024-07-18T17:39:14.225-04:00 DEBUG 93785 --- [    Test worker] o.h.q.sqm.function.SqmFunctionRegistry   : Registering alternate key : any -> bool_or
?[0m?[0;34m2024-07-18T17:39:14.225-04:00 DEBUG 93785 --- [    Test worker] o.h.q.sqm.function.SqmFunctionRegistry   : Registered SqmFunctionTemplate [NamedSqmFunctionTemplate(median)] under median; prior registration was null
?[0m?[0;34m2024-07-18T17:39:14.225-04:00 DEBUG 93785 --- [    Test worker] o.h.q.sqm.function.SqmFunctionRegistry   : Registered SqmFunctionTemplate [NamedSqmFunctionTemplate(stddev_pop)] under stddev_pop; prior registration was null
?[0m?[0;34m2024-07-18T17:39:14.225-04:00 DEBUG 93785 --- [    Test worker] o.h.q.sqm.function.SqmFunctionRegistry   : Registered SqmFunctionTemplate [NamedSqmFunctionTemplate(stddev_samp)] under stddev_samp; prior registration was null
?[0m?[0;34m2024-07-18T17:39:14.225-04:00 DEBUG 93785 --- [    Test worker] o.h.q.sqm.function.SqmFunctionRegistry   : Registered SqmFunctionTemplate [NamedSqmFunctionTemplate(var_pop)] under var_pop; prior registration was null
?[0m?[0;34m2024-07-18T17:39:14.226-04:00 DEBUG 93785 --- [    Test worker] o.h.q.sqm.function.SqmFunctionRegistry   : Registered SqmFunctionTemplate [NamedSqmFunctionTemplate(var_samp)] under var_samp; prior registration was null
?[0m?[0;34m2024-07-18T17:39:14.226-04:00 DEBUG 93785 --- [    Test worker] o.h.q.sqm.function.SqmFunctionRegistry   : Registered SqmFunctionTemplate [org.hibernate.dialect.function.FormatFunction@5730b513] under format; prior registration was org.hibernate.dialect.function.FormatFunction@55c341d0
?[0m?[0;34m2024-07-18T17:39:14.226-04:00 DEBUG 93785 --- [    Test worker] o.h.q.sqm.function.SqmFunctionRegistry   : Registered SqmFunctionTemplate [NamedSqmFunctionTemplate(rownum)] under rownum; prior registration was null
?[0m?[0;34m2024-07-18T17:39:14.227-04:00 DEBUG 93785 --- [    Test worker] o.h.q.sqm.function.SqmFunctionRegistry   : Registered SqmFunctionTemplate [NamedSqmFunctionTemplate(row_number)] under row_number; prior registration was null
?[0m?[0;34m2024-07-18T17:39:14.228-04:00 DEBUG 93785 --- [    Test worker] o.h.q.sqm.function.SqmFunctionRegistry   : Registered SqmFunctionTemplate [NamedSqmFunctionTemplate(lag)] under lag; prior registration was null
?[0m?[0;34m2024-07-18T17:39:14.228-04:00 DEBUG 93785 --- [    Test worker] o.h.q.sqm.function.SqmFunctionRegistry   : Registered SqmFunctionTemplate [NamedSqmFunctionTemplate(lead)] under lead; prior registration was null
?[0m?[0;34m2024-07-18T17:39:14.228-04:00 DEBUG 93785 --- [    Test worker] o.h.q.sqm.function.SqmFunctionRegistry   : Registered SqmFunctionTemplate [NamedSqmFunctionTemplate(first_value)] under first_value; prior registration was null
?[0m?[0;34m2024-07-18T17:39:14.228-04:00 DEBUG 93785 --- [    Test worker] o.h.q.sqm.function.SqmFunctionRegistry   : Registered SqmFunctionTemplate [NamedSqmFunctionTemplate(last_value)] under last_value; prior registration was null
?[0m?[0;34m2024-07-18T17:39:14.228-04:00 DEBUG 93785 --- [    Test worker] o.h.q.sqm.function.SqmFunctionRegistry   : Registered SqmFunctionTemplate [NamedSqmFunctionTemplate(nth_value)] under nth_value; prior registration was null
?[0m?[0;34m2024-07-18T17:39:14.229-04:00 DEBUG 93785 --- [    Test worker] o.h.q.sqm.function.SqmFunctionRegistry   : Registered SqmFunctionTemplate [org.hibernate.dialect.function.ListaggFunction@4da9da6c] under listagg; prior registration was null
?[0m?[0;34m2024-07-18T17:39:14.231-04:00 DEBUG 93785 --- [    Test worker] o.h.q.sqm.function.SqmFunctionRegistry   : Registered SqmFunctionTemplate [org.hibernate.dialect.function.InverseDistributionFunction@393bcd6b] under mode; prior registration was null
?[0m?[0;34m2024-07-18T17:39:14.231-04:00 DEBUG 93785 --- [    Test worker] o.h.q.sqm.function.SqmFunctionRegistry   : Registered SqmFunctionTemplate [org.hibernate.dialect.function.InverseDistributionFunction@64a8d575] under percentile_cont; prior registration was null
?[0m?[0;34m2024-07-18T17:39:14.231-04:00 DEBUG 93785 --- [    Test worker] o.h.q.sqm.function.SqmFunctionRegistry   : Registered SqmFunctionTemplate [org.hibernate.dialect.function.InverseDistributionFunction@74787609] under percentile_disc; prior registration was null
?[0m?[0;34m2024-07-18T17:39:14.232-04:00 DEBUG 93785 --- [    Test worker] o.h.q.sqm.function.SqmFunctionRegistry   : Registered SqmFunctionTemplate [org.hibernate.dialect.function.HypotheticalSetFunction@44a485bc] under rank; prior registration was null
?[0m?[0;34m2024-07-18T17:39:14.233-04:00 DEBUG 93785 --- [    Test worker] o.h.q.sqm.function.SqmFunctionRegistry   : Registered SqmFunctionTemplate [org.hibernate.dialect.function.HypotheticalSetFunction@1c66cd02] under dense_rank; prior registration was null
?[0m?[0;34m2024-07-18T17:39:14.233-04:00 DEBUG 93785 --- [    Test worker] o.h.q.sqm.function.SqmFunctionRegistry   : Registered SqmFunctionTemplate [org.hibernate.dialect.function.HypotheticalSetFunction@1d535b78] under percent_rank; prior registration was null
?[0m?[0;34m2024-07-18T17:39:14.233-04:00 DEBUG 93785 --- [    Test worker] o.h.q.sqm.function.SqmFunctionRegistry   : Registered SqmFunctionTemplate [org.hibernate.dialect.function.HypotheticalSetFunction@35cf91df] under cume_dist; prior registration was null
?[0m?[0;34m2024-07-18T17:39:14.237-04:00 DEBUG 93785 --- [    Test worker] org.hibernate.HQL_FUNCTIONS              : abs(NUMERIC arg)
?[0m?[0;34m2024-07-18T17:39:14.238-04:00 DEBUG 93785 --- [    Test worker] org.hibernate.HQL_FUNCTIONS              : Double acos(NUMERIC arg)
?[0m?[0;34m2024-07-18T17:39:14.238-04:00 DEBUG 93785 --- [    Test worker] org.hibernate.HQL_FUNCTIONS              : Boolean any(BOOLEAN arg)
?[0m?[0;34m2024-07-18T17:39:14.238-04:00 DEBUG 93785 --- [    Test worker] org.hibernate.HQL_FUNCTIONS              : Integer ascii(STRING arg)
?[0m?[0;34m2024-07-18T17:39:14.238-04:00 DEBUG 93785 --- [    Test worker] org.hibernate.HQL_FUNCTIONS              : Double asin(NUMERIC arg)
?[0m?[0;34m2024-07-18T17:39:14.238-04:00 DEBUG 93785 --- [    Test worker] org.hibernate.HQL_FUNCTIONS              : Double atan(NUMERIC arg)
?[0m?[0;34m2024-07-18T17:39:14.238-04:00 DEBUG 93785 --- [    Test worker] org.hibernate.HQL_FUNCTIONS              : Double atan2(NUMERIC arg0, NUMERIC arg1)
?[0m?[0;34m2024-07-18T17:39:14.238-04:00 DEBUG 93785 --- [    Test worker] org.hibernate.HQL_FUNCTIONS              : Double avg(NUMERIC arg)
?[0m?[0;34m2024-07-18T17:39:14.238-04:00 DEBUG 93785 --- [    Test worker] org.hibernate.HQL_FUNCTIONS              : bit_and(arg)
?[0m?[0;34m2024-07-18T17:39:14.238-04:00 DEBUG 93785 --- [    Test worker] org.hibernate.HQL_FUNCTIONS              : Integer bit_length(STRING_OR_CLOB arg)
?[0m?[0;34m2024-07-18T17:39:14.239-04:00 DEBUG 93785 --- [    Test worker] org.hibernate.HQL_FUNCTIONS              : bit_or(arg)
?[0m?[0;34m2024-07-18T17:39:14.239-04:00 DEBUG 93785 --- [    Test worker] org.hibernate.HQL_FUNCTIONS              : bitand(arg0, arg1)
?[0m?[0;34m2024-07-18T17:39:14.239-04:00 DEBUG 93785 --- [    Test worker] org.hibernate.HQL_FUNCTIONS              : bitor(arg0, arg1)
?[0m?[0;34m2024-07-18T17:39:14.239-04:00 DEBUG 93785 --- [    Test worker] org.hibernate.HQL_FUNCTIONS              : bitxor(arg0, arg1)
?[0m?[0;34m2024-07-18T17:39:14.239-04:00 DEBUG 93785 --- [    Test worker] org.hibernate.HQL_FUNCTIONS              : Boolean bool_and(BOOLEAN predicate)
?[0m?[0;34m2024-07-18T17:39:14.239-04:00 DEBUG 93785 --- [    Test worker] org.hibernate.HQL_FUNCTIONS              : Boolean bool_or(BOOLEAN predicate)
?[0m?[0;34m2024-07-18T17:39:14.239-04:00 DEBUG 93785 --- [    Test worker] org.hibernate.HQL_FUNCTIONS              : cast(arg as Type)
?[0m?[0;34m2024-07-18T17:39:14.239-04:00 DEBUG 93785 --- [    Test worker] org.hibernate.HQL_FUNCTIONS              : ceiling(NUMERIC arg)
?[0m?[0;34m2024-07-18T17:39:14.239-04:00 DEBUG 93785 --- [    Test worker] org.hibernate.HQL_FUNCTIONS              : Character char(INTEGER arg)
?[0m?[0;34m2024-07-18T17:39:14.239-04:00 DEBUG 93785 --- [    Test worker] org.hibernate.HQL_FUNCTIONS              : Integer character_length(STRING_OR_CLOB arg)
?[0m?[0;34m2024-07-18T17:39:14.239-04:00 DEBUG 93785 --- [    Test worker] org.hibernate.HQL_FUNCTIONS              : coalesce(arg0[, arg1[, ...]])
?[0m?[0;34m2024-07-18T17:39:14.239-04:00 DEBUG 93785 --- [    Test worker] org.hibernate.HQL_FUNCTIONS              : String collate(STRING string as COLLATION collation)
?[0m?[0;34m2024-07-18T17:39:14.239-04:00 DEBUG 93785 --- [    Test worker] org.hibernate.HQL_FUNCTIONS              : String concat(STRING string0[, STRING string1[, ...]])
?[0m?[0;34m2024-07-18T17:39:14.240-04:00 DEBUG 93785 --- [    Test worker] org.hibernate.HQL_FUNCTIONS              : Double cos(NUMERIC arg)
?[0m?[0;34m2024-07-18T17:39:14.240-04:00 DEBUG 93785 --- [    Test worker] org.hibernate.HQL_FUNCTIONS              : Double cot(NUMERIC arg)
?[0m?[0;34m2024-07-18T17:39:14.240-04:00 DEBUG 93785 --- [    Test worker] org.hibernate.HQL_FUNCTIONS              : Long count([distinct ]{arg|*})
?[0m?[0;34m2024-07-18T17:39:14.240-04:00 DEBUG 93785 --- [    Test worker] org.hibernate.HQL_FUNCTIONS              : Double cume_dist([arg0[, ...]])
?[0m?[0;34m2024-07-18T17:39:14.240-04:00 DEBUG 93785 --- [    Test worker] org.hibernate.HQL_FUNCTIONS              : Date curdate()
?[0m?[0;34m2024-07-18T17:39:14.240-04:00 DEBUG 93785 --- [    Test worker] org.hibernate.HQL_FUNCTIONS              : Date current_date
?[0m?[0;34m2024-07-18T17:39:14.240-04:00 DEBUG 93785 --- [    Test worker] org.hibernate.HQL_FUNCTIONS              : Time current_time
?[0m?[0;34m2024-07-18T17:39:14.240-04:00 DEBUG 93785 --- [    Test worker] org.hibernate.HQL_FUNCTIONS              : Timestamp current_timestamp
?[0m?[0;34m2024-07-18T17:39:14.240-04:00 DEBUG 93785 --- [    Test worker] org.hibernate.HQL_FUNCTIONS              : Time curtime()
?[0m?[0;34m2024-07-18T17:39:14.240-04:00 DEBUG 93785 --- [    Test worker] org.hibernate.HQL_FUNCTIONS              : Integer day(DATE arg)
?[0m?[0;34m2024-07-18T17:39:14.240-04:00 DEBUG 93785 --- [    Test worker] org.hibernate.HQL_FUNCTIONS              : Integer day_of_month(DATE arg)
?[0m?[0;34m2024-07-18T17:39:14.241-04:00 DEBUG 93785 --- [    Test worker] org.hibernate.HQL_FUNCTIONS              : Integer day_of_week(DATE arg)
?[0m?[0;34m2024-07-18T17:39:14.241-04:00 DEBUG 93785 --- [    Test worker] org.hibernate.HQL_FUNCTIONS              : Integer day_of_year(DATE arg)
?[0m?[0;34m2024-07-18T17:39:14.241-04:00 DEBUG 93785 --- [    Test worker] org.hibernate.HQL_FUNCTIONS              : String dayname(DATE arg)
?[0m?[0;34m2024-07-18T17:39:14.241-04:00 DEBUG 93785 --- [    Test worker] org.hibernate.HQL_FUNCTIONS              : Double degrees(NUMERIC arg)
?[0m?[0;34m2024-07-18T17:39:14.241-04:00 DEBUG 93785 --- [    Test worker] org.hibernate.HQL_FUNCTIONS              : Long dense_rank([arg0[, ...]])
?[0m?[0;34m2024-07-18T17:39:14.241-04:00 DEBUG 93785 --- [    Test worker] org.hibernate.HQL_FUNCTIONS              : Boolean every(BOOLEAN arg)
?[0m?[0;34m2024-07-18T17:39:14.241-04:00 DEBUG 93785 --- [    Test worker] org.hibernate.HQL_FUNCTIONS              : Double exp(NUMERIC arg)
?[0m?[0;34m2024-07-18T17:39:14.241-04:00 DEBUG 93785 --- [    Test worker] org.hibernate.HQL_FUNCTIONS              : extract(TEMPORAL_UNIT field from TEMPORAL arg)
?[0m?[0;34m2024-07-18T17:39:14.241-04:00 DEBUG 93785 --- [    Test worker] org.hibernate.HQL_FUNCTIONS              : first_valueANY value
?[0m?[0;34m2024-07-18T17:39:14.241-04:00 DEBUG 93785 --- [    Test worker] org.hibernate.HQL_FUNCTIONS              : floor(NUMERIC arg)
?[0m?[0;34m2024-07-18T17:39:14.241-04:00 DEBUG 93785 --- [    Test worker] org.hibernate.HQL_FUNCTIONS              : String format(TEMPORAL datetime as STRING pattern)
?[0m?[0;34m2024-07-18T17:39:14.242-04:00 DEBUG 93785 --- [    Test worker] org.hibernate.HQL_FUNCTIONS              : greatest(COMPARABLE arg0, COMPARABLE arg1[, arg2[, ...]])
?[0m?[0;34m2024-07-18T17:39:14.242-04:00 DEBUG 93785 --- [    Test worker] org.hibernate.HQL_FUNCTIONS              : Integer hour(TIME arg)
?[0m?[0;34m2024-07-18T17:39:14.242-04:00 DEBUG 93785 --- [    Test worker] org.hibernate.HQL_FUNCTIONS              : ifnull(arg0, arg1)
?[0m?[0;34m2024-07-18T17:39:14.242-04:00 DEBUG 93785 --- [    Test worker] org.hibernate.HQL_FUNCTIONS              : String insert(STRING string, INTEGER start, INTEGER length, STRING replacement)
?[0m?[0;34m2024-07-18T17:39:14.242-04:00 DEBUG 93785 --- [    Test worker] org.hibernate.HQL_FUNCTIONS              : Instant instant
?[0m?[0;34m2024-07-18T17:39:14.242-04:00 DEBUG 93785 --- [    Test worker] org.hibernate.HQL_FUNCTIONS              : Integer instr(STRING string, STRING pattern[, INTEGER start[, INTEGER occurrence]])
?[0m?[0;34m2024-07-18T17:39:14.242-04:00 DEBUG 93785 --- [    Test worker] org.hibernate.HQL_FUNCTIONS              : lagANY value[, INTEGER offset[, ANY default]]
?[0m?[0;34m2024-07-18T17:39:14.250-04:00 DEBUG 93785 --- [    Test worker] org.hibernate.HQL_FUNCTIONS              : last_valueANY value
?[0m?[0;34m2024-07-18T17:39:14.250-04:00 DEBUG 93785 --- [    Test worker] org.hibernate.HQL_FUNCTIONS              : leadANY value[, INTEGER offset[, ANY default]]
?[0m?[0;34m2024-07-18T17:39:14.250-04:00 DEBUG 93785 --- [    Test worker] org.hibernate.HQL_FUNCTIONS              : least(COMPARABLE arg0, COMPARABLE arg1[, arg2[, ...]])
?[0m?[0;34m2024-07-18T17:39:14.251-04:00 DEBUG 93785 --- [    Test worker] org.hibernate.HQL_FUNCTIONS              : String left(STRING string, INTEGER length)
?[0m?[0;34m2024-07-18T17:39:14.251-04:00 DEBUG 93785 --- [    Test worker] org.hibernate.HQL_FUNCTIONS              : String listagg(STRING arg0, STRING arg1)
?[0m?[0;34m2024-07-18T17:39:14.251-04:00 DEBUG 93785 --- [    Test worker] org.hibernate.HQL_FUNCTIONS              : Double ln(NUMERIC arg)
?[0m?[0;34m2024-07-18T17:39:14.252-04:00 DEBUG 93785 --- [    Test worker] org.hibernate.HQL_FUNCTIONS              : LocalDate local_date
?[0m?[0;34m2024-07-18T17:39:14.252-04:00 DEBUG 93785 --- [    Test worker] org.hibernate.HQL_FUNCTIONS              : LocalDateTime local_datetime
?[0m?[0;34m2024-07-18T17:39:14.252-04:00 DEBUG 93785 --- [    Test worker] org.hibernate.HQL_FUNCTIONS              : LocalTime local_time
?[0m?[0;34m2024-07-18T17:39:14.252-04:00 DEBUG 93785 --- [    Test worker] org.hibernate.HQL_FUNCTIONS              : Time localtime
?[0m?[0;34m2024-07-18T17:39:14.252-04:00 DEBUG 93785 --- [    Test worker] org.hibernate.HQL_FUNCTIONS              : Timestamp localtimestamp
?[0m?[0;34m2024-07-18T17:39:14.252-04:00 DEBUG 93785 --- [    Test worker] org.hibernate.HQL_FUNCTIONS              : Integer locate(STRING pattern, STRING string[, INTEGER start])
?[0m?[0;34m2024-07-18T17:39:14.252-04:00 DEBUG 93785 --- [    Test worker] org.hibernate.HQL_FUNCTIONS              : Double log10(NUMERIC arg)
?[0m?[0;34m2024-07-18T17:39:14.252-04:00 DEBUG 93785 --- [    Test worker] org.hibernate.HQL_FUNCTIONS              : String lower(STRING string)
?[0m?[0;34m2024-07-18T17:39:14.252-04:00 DEBUG 93785 --- [    Test worker] org.hibernate.HQL_FUNCTIONS              : String lpad(STRING string, INTEGER length[, STRING padding])
?[0m?[0;34m2024-07-18T17:39:14.252-04:00 DEBUG 93785 --- [    Test worker] org.hibernate.HQL_FUNCTIONS              : String ltrim(STRING string)
?[0m?[0;34m2024-07-18T17:39:14.252-04:00 DEBUG 93785 --- [    Test worker] org.hibernate.HQL_FUNCTIONS              : max(COMPARABLE arg)
?[0m?[0;34m2024-07-18T17:39:14.252-04:00 DEBUG 93785 --- [    Test worker] org.hibernate.HQL_FUNCTIONS              : Double median(NUMERIC arg)
?[0m?[0;34m2024-07-18T17:39:14.252-04:00 DEBUG 93785 --- [    Test worker] org.hibernate.HQL_FUNCTIONS              : Integer microsecond(TIME arg)
?[0m?[0;34m2024-07-18T17:39:14.253-04:00 DEBUG 93785 --- [    Test worker] org.hibernate.HQL_FUNCTIONS              : min(COMPARABLE arg)
?[0m?[0;34m2024-07-18T17:39:14.253-04:00 DEBUG 93785 --- [    Test worker] org.hibernate.HQL_FUNCTIONS              : Integer minute(TIME arg)
?[0m?[0;34m2024-07-18T17:39:14.253-04:00 DEBUG 93785 --- [    Test worker] org.hibernate.HQL_FUNCTIONS              : Integer mod(INTEGER arg0, INTEGER arg1)
?[0m?[0;34m2024-07-18T17:39:14.253-04:00 DEBUG 93785 --- [    Test worker] org.hibernate.HQL_FUNCTIONS              : mode()
?[0m?[0;34m2024-07-18T17:39:14.253-04:00 DEBUG 93785 --- [    Test worker] org.hibernate.HQL_FUNCTIONS              : Integer month(DATE arg)
?[0m?[0;34m2024-07-18T17:39:14.254-04:00 DEBUG 93785 --- [    Test worker] org.hibernate.HQL_FUNCTIONS              : String monthname(DATE arg)
?[0m?[0;34m2024-07-18T17:39:14.254-04:00 DEBUG 93785 --- [    Test worker] org.hibernate.HQL_FUNCTIONS              : Timestamp now()
?[0m?[0;34m2024-07-18T17:39:14.254-04:00 DEBUG 93785 --- [    Test worker] org.hibernate.HQL_FUNCTIONS              : nth_valueANY value, INTEGER nth
?[0m?[0;34m2024-07-18T17:39:14.254-04:00 DEBUG 93785 --- [    Test worker] org.hibernate.HQL_FUNCTIONS              : nullif(arg0, arg1)
?[0m?[0;34m2024-07-18T17:39:14.254-04:00 DEBUG 93785 --- [    Test worker] org.hibernate.HQL_FUNCTIONS              : Integer octet_length(STRING_OR_CLOB arg)
?[0m?[0;34m2024-07-18T17:39:14.254-04:00 DEBUG 93785 --- [    Test worker] org.hibernate.HQL_FUNCTIONS              : OffsetDateTime offset_datetime
?[0m?[0;34m2024-07-18T17:39:14.254-04:00 DEBUG 93785 --- [    Test worker] org.hibernate.HQL_FUNCTIONS              : String overlay(STRING string placing STRING replacement from INTEGER start[ for INTEGER length])
?[0m?[0;34m2024-07-18T17:39:14.254-04:00 DEBUG 93785 --- [    Test worker] org.hibernate.HQL_FUNCTIONS              : String pad(STRING string with INTEGER length {leading|trailing}[ STRING character])
?[0m?[0;34m2024-07-18T17:39:14.254-04:00 DEBUG 93785 --- [    Test worker] org.hibernate.HQL_FUNCTIONS              : Double percent_rank([arg0[, ...]])
?[0m?[0;34m2024-07-18T17:39:14.254-04:00 DEBUG 93785 --- [    Test worker] org.hibernate.HQL_FUNCTIONS              : percentile_cont(NUMERIC arg)
?[0m?[0;34m2024-07-18T17:39:14.254-04:00 DEBUG 93785 --- [    Test worker] org.hibernate.HQL_FUNCTIONS              : percentile_disc(NUMERIC arg)
?[0m?[0;34m2024-07-18T17:39:14.254-04:00 DEBUG 93785 --- [    Test worker] org.hibernate.HQL_FUNCTIONS              : Double pi()
?[0m?[0;34m2024-07-18T17:39:14.254-04:00 DEBUG 93785 --- [    Test worker] org.hibernate.HQL_FUNCTIONS              : Integer position(STRING pattern in STRING string)
?[0m?[0;34m2024-07-18T17:39:14.254-04:00 DEBUG 93785 --- [    Test worker] org.hibernate.HQL_FUNCTIONS              : Double power(NUMERIC arg0, NUMERIC arg1)
?[0m?[0;34m2024-07-18T17:39:14.254-04:00 DEBUG 93785 --- [    Test worker] org.hibernate.HQL_FUNCTIONS              : Integer quarter(DATE arg)
?[0m?[0;34m2024-07-18T17:39:14.255-04:00 DEBUG 93785 --- [    Test worker] org.hibernate.HQL_FUNCTIONS              : Double radians(NUMERIC arg)
?[0m?[0;34m2024-07-18T17:39:14.255-04:00 DEBUG 93785 --- [    Test worker] org.hibernate.HQL_FUNCTIONS              : Double rand([INTEGER seed])
?[0m?[0;34m2024-07-18T17:39:14.255-04:00 DEBUG 93785 --- [    Test worker] org.hibernate.HQL_FUNCTIONS              : Long rank([arg0[, ...]])
?[0m?[0;34m2024-07-18T17:39:14.255-04:00 DEBUG 93785 --- [    Test worker] org.hibernate.HQL_FUNCTIONS              : String repeat(STRING string, INTEGER times)
?[0m?[0;34m2024-07-18T17:39:14.255-04:00 DEBUG 93785 --- [    Test worker] org.hibernate.HQL_FUNCTIONS              : String replace(STRING string, STRING pattern, STRING replacement)
?[0m?[0;34m2024-07-18T17:39:14.255-04:00 DEBUG 93785 --- [    Test worker] org.hibernate.HQL_FUNCTIONS              : String right(STRING string, INTEGER length)
?[0m?[0;34m2024-07-18T17:39:14.255-04:00 DEBUG 93785 --- [    Test worker] org.hibernate.HQL_FUNCTIONS              : round(NUMERIC arg0, INTEGER arg1)
?[0m?[0;34m2024-07-18T17:39:14.255-04:00 DEBUG 93785 --- [    Test worker] org.hibernate.HQL_FUNCTIONS              : Long row_number()
?[0m?[0;34m2024-07-18T17:39:14.255-04:00 DEBUG 93785 --- [    Test worker] org.hibernate.HQL_FUNCTIONS              : Long rownum()
?[0m?[0;34m2024-07-18T17:39:14.255-04:00 DEBUG 93785 --- [    Test worker] org.hibernate.HQL_FUNCTIONS              : String rpad(STRING string, INTEGER length[, STRING padding])
?[0m?[0;34m2024-07-18T17:39:14.256-04:00 DEBUG 93785 --- [    Test worker] org.hibernate.HQL_FUNCTIONS              : String rtrim(STRING string)
?[0m?[0;34m2024-07-18T17:39:14.257-04:00 DEBUG 93785 --- [    Test worker] org.hibernate.HQL_FUNCTIONS              : Integer second(TIME arg)
?[0m?[0;34m2024-07-18T17:39:14.257-04:00 DEBUG 93785 --- [    Test worker] org.hibernate.HQL_FUNCTIONS              : Integer sign(NUMERIC arg)
?[0m?[0;34m2024-07-18T17:39:14.257-04:00 DEBUG 93785 --- [    Test worker] org.hibernate.HQL_FUNCTIONS              : Double sin(NUMERIC arg)
?[0m?[0;34m2024-07-18T17:39:14.257-04:00 DEBUG 93785 --- [    Test worker] org.hibernate.HQL_FUNCTIONS              : String soundex(arg)
?[0m?[0;34m2024-07-18T17:39:14.257-04:00 DEBUG 93785 --- [    Test worker] org.hibernate.HQL_FUNCTIONS              : String space(INTEGER arg)
?[0m?[0;34m2024-07-18T17:39:14.257-04:00 DEBUG 93785 --- [    Test worker] org.hibernate.HQL_FUNCTIONS              : Object sql
?[0m?[0;34m2024-07-18T17:39:14.257-04:00 DEBUG 93785 --- [    Test worker] org.hibernate.HQL_FUNCTIONS              : Double sqrt(NUMERIC arg)
?[0m?[0;34m2024-07-18T17:39:14.257-04:00 DEBUG 93785 --- [    Test worker] org.hibernate.HQL_FUNCTIONS              : Double stddev_pop(NUMERIC arg)
?[0m?[0;34m2024-07-18T17:39:14.258-04:00 DEBUG 93785 --- [    Test worker] org.hibernate.HQL_FUNCTIONS              : Double stddev_samp(NUMERIC arg)
?[0m?[0;34m2024-07-18T17:39:14.258-04:00 DEBUG 93785 --- [    Test worker] org.hibernate.HQL_FUNCTIONS              : String str(arg)
?[0m?[0;34m2024-07-18T17:39:14.258-04:00 DEBUG 93785 --- [    Test worker] org.hibernate.HQL_FUNCTIONS              : String substr(STRING string, INTEGER start[, INTEGER length])
?[0m?[0;34m2024-07-18T17:39:14.258-04:00 DEBUG 93785 --- [    Test worker] org.hibernate.HQL_FUNCTIONS              : String substring(STRING string{ from|,} INTEGER start[{ for|,} INTEGER length])
?[0m?[0;34m2024-07-18T17:39:14.258-04:00 DEBUG 93785 --- [    Test worker] org.hibernate.HQL_FUNCTIONS              : sum(arg)
?[0m?[0;34m2024-07-18T17:39:14.258-04:00 DEBUG 93785 --- [    Test worker] org.hibernate.HQL_FUNCTIONS              : Timestamp sysdate
?[0m?[0;34m2024-07-18T17:39:14.258-04:00 DEBUG 93785 --- [    Test worker] org.hibernate.HQL_FUNCTIONS              : Double tan(NUMERIC arg)
?[0m?[0;34m2024-07-18T17:39:14.258-04:00 DEBUG 93785 --- [    Test worker] org.hibernate.HQL_FUNCTIONS              : timestampadd(TEMPORAL_UNIT field, INTEGER magnitude, TEMPORAL datetime)
?[0m?[0;34m2024-07-18T17:39:14.258-04:00 DEBUG 93785 --- [    Test worker] org.hibernate.HQL_FUNCTIONS              : basicType@3(java.lang.Long,-5)|basicType@15(java.lang.Double,6) timestampdiff(TEMPORAL_UNIT field, TEMPORAL start, TEMPORAL end)
?[0m?[0;34m2024-07-18T17:39:14.259-04:00 DEBUG 93785 --- [    Test worker] org.hibernate.HQL_FUNCTIONS              : String translate(STRING arg0, STRING arg1, STRING arg2)
?[0m?[0;34m2024-07-18T17:39:14.259-04:00 DEBUG 93785 --- [    Test worker] org.hibernate.HQL_FUNCTIONS              : String trim([[{leading|trailing|both} ][STRING arg0 ]from] STRING arg1)
?[0m?[0;34m2024-07-18T17:39:14.259-04:00 DEBUG 93785 --- [    Test worker] org.hibernate.HQL_FUNCTIONS              : Double truncate(NUMERIC number, INTEGER places)
?[0m?[0;34m2024-07-18T17:39:14.259-04:00 DEBUG 93785 --- [    Test worker] org.hibernate.HQL_FUNCTIONS              : String upper(STRING string)
?[0m?[0;34m2024-07-18T17:39:14.259-04:00 DEBUG 93785 --- [    Test worker] org.hibernate.HQL_FUNCTIONS              : Double var_pop(NUMERIC arg)
?[0m?[0;34m2024-07-18T17:39:14.259-04:00 DEBUG 93785 --- [    Test worker] org.hibernate.HQL_FUNCTIONS              : Double var_samp(NUMERIC arg)
?[0m?[0;34m2024-07-18T17:39:14.259-04:00 DEBUG 93785 --- [    Test worker] org.hibernate.HQL_FUNCTIONS              : Integer week(DATE arg)
?[0m?[0;34m2024-07-18T17:39:14.259-04:00 DEBUG 93785 --- [    Test worker] org.hibernate.HQL_FUNCTIONS              : Integer year(DATE arg)
?[0m?[0;34m2024-07-18T17:39:14.259-04:00 DEBUG 93785 --- [    Test worker] org.hibernate.HQL_FUNCTIONS              : Boolean any(BOOLEAN predicate)
?[0m?[0;34m2024-07-18T17:39:14.259-04:00 DEBUG 93785 --- [    Test worker] org.hibernate.HQL_FUNCTIONS              : Character chr(INTEGER arg)
?[0m?[0;34m2024-07-18T17:39:14.260-04:00 DEBUG 93785 --- [    Test worker] org.hibernate.HQL_FUNCTIONS              : Date current date
?[0m?[0;34m2024-07-18T17:39:14.260-04:00 DEBUG 93785 --- [    Test worker] org.hibernate.HQL_FUNCTIONS              : Time current time
?[0m?[0;34m2024-07-18T17:39:14.260-04:00 DEBUG 93785 --- [    Test worker] org.hibernate.HQL_FUNCTIONS              : Timestamp current timestamp
?[0m?[0;34m2024-07-18T17:39:14.260-04:00 DEBUG 93785 --- [    Test worker] org.hibernate.HQL_FUNCTIONS              : Instant current_instant
?[0m?[0;34m2024-07-18T17:39:14.260-04:00 DEBUG 93785 --- [    Test worker] org.hibernate.HQL_FUNCTIONS              : dateadd(TEMPORAL_UNIT field, INTEGER magnitude, TEMPORAL datetime)
?[0m?[0;34m2024-07-18T17:39:14.260-04:00 DEBUG 93785 --- [    Test worker] org.hibernate.HQL_FUNCTIONS              : basicType@3(java.lang.Long,-5)|basicType@15(java.lang.Double,6) datediff(TEMPORAL_UNIT field, TEMPORAL start, TEMPORAL end)
?[0m?[0;34m2024-07-18T17:39:14.260-04:00 DEBUG 93785 --- [    Test worker] org.hibernate.HQL_FUNCTIONS              : Integer day(DATE arg)
?[0m?[0;34m2024-07-18T17:39:14.260-04:00 DEBUG 93785 --- [    Test worker] org.hibernate.HQL_FUNCTIONS              : Boolean every(BOOLEAN predicate)
?[0m?[0;34m2024-07-18T17:39:14.260-04:00 DEBUG 93785 --- [    Test worker] org.hibernate.HQL_FUNCTIONS              : Integer length(STRING_OR_CLOB arg)
?[0m?[0;34m2024-07-18T17:39:14.260-04:00 DEBUG 93785 --- [    Test worker] org.hibernate.HQL_FUNCTIONS              : LocalDate local date
?[0m?[0;34m2024-07-18T17:39:14.260-04:00 DEBUG 93785 --- [    Test worker] org.hibernate.HQL_FUNCTIONS              : LocalDateTime local datetime
?[0m?[0;34m2024-07-18T17:39:14.260-04:00 DEBUG 93785 --- [    Test worker] org.hibernate.HQL_FUNCTIONS              : LocalTime local time
?[0m?[0;34m2024-07-18T17:39:14.260-04:00 DEBUG 93785 --- [    Test worker] org.hibernate.HQL_FUNCTIONS              : OffsetDateTime offset datetime
?[0m?[0;34m2024-07-18T17:39:14.262-04:00 DEBUG 93785 --- [    Test worker] o.h.type.spi.TypeConfiguration$Scope     : Scoping TypeConfiguration [org.hibernate.type.spi.TypeConfiguration@2411b935] to SessionFactoryImplementor [org.hibernate.internal.SessionFactoryImpl@60484429]
?[0m?[0;34m2024-07-18T17:39:14.343-04:00 DEBUG 93785 --- [    Test worker] o.h.boot.internal.ClassLoaderAccessImpl  : Not known whether passed class name [antifraud.model.User] is safe
?[0m?[0;34m2024-07-18T17:39:14.343-04:00 DEBUG 93785 --- [    Test worker] o.h.boot.internal.ClassLoaderAccessImpl  : No temp ClassLoader provided; using live ClassLoader for loading potentially unsafe class : antifraud.model.User
?[0m?[0;34m2024-07-18T17:39:14.635-04:00 DEBUG 93785 --- [    Test worker] o.hibernate.orm.model.mapping.creation   : Starting post-init callbacks
?[0m?[0;34m2024-07-18T17:39:14.635-04:00 DEBUG 93785 --- [    Test worker] o.hibernate.orm.model.mapping.creation   : Starting PostInitCallbackEntry : Entity(antifraud.model.User) `staticFetchableList` generator
?[0m?[0;34m2024-07-18T17:39:14.640-04:00 DEBUG 93785 --- [    Test worker] o.h.p.entity.AbstractEntityPersister     : Static SQL for entity: antifraud.model.User
?[0m?[0;34m2024-07-18T17:39:14.641-04:00 DEBUG 93785 --- [    Test worker] o.h.p.entity.AbstractEntityPersister     :  Version select: select id from app_user where id =?
?[0m?[0;34m2024-07-18T17:39:14.641-04:00 DEBUG 93785 --- [    Test worker] o.h.p.entity.AbstractEntityPersister     :  Insert 0: insert into app_user (name, password, username, id) values (?, ?, ?, ?)
?[0m?[0;34m2024-07-18T17:39:14.641-04:00 DEBUG 93785 --- [    Test worker] o.h.p.entity.AbstractEntityPersister     :  Update 0: update app_user set name=?, password=?, username=? where id=?
?[0m?[0;34m2024-07-18T17:39:14.641-04:00 DEBUG 93785 --- [    Test worker] o.h.p.entity.AbstractEntityPersister     :  Delete 0: delete from app_user where id=?
?[0m?[0;34m2024-07-18T17:39:14.641-04:00 DEBUG 93785 --- [    Test worker] o.h.p.entity.AbstractEntityPersister     :  Identity insert: insert into app_user (id, name, password, username) values (default, ?, ?, ?)
?[0m?[0;34m2024-07-18T17:39:14.653-04:00 DEBUG 93785 --- [    Test worker] org.hibernate.orm.sql.ast.create         : Created new SQL alias : u1_0
?[0m?[0;34m2024-07-18T17:39:14.656-04:00 DEBUG 93785 --- [    Test worker] org.hibernate.orm.sql.ast.create         : Registration of TableGroup [StandardTableGroup(antifraud.model.User)] with identifierForTableGroup [antifraud.model.User] for NavigablePath [antifraud.model.User] 
?[0m?[0;34m2024-07-18T17:39:14.686-04:00 DEBUG 93785 --- [    Test worker] org.hibernate.orm.results.graph.AST      : DomainResult Graph:
?[0m?[0;34m \-EntityResultImpl [antifraud.model.User]
?[0m?[0;34m |  +-BasicFetch [antifraud.model.User.name]
?[0m?[0;34m |  +-BasicFetch [antifraud.model.User.password]
?[0m?[0;34m |  \-BasicFetch [antifraud.model.User.username]
?[0m?[0;34m
?[0m?[0;34m2024-07-18T17:39:14.693-04:00 DEBUG 93785 --- [    Test worker] org.hibernate.orm.sql.ast.tree           : SQL AST Tree:
?[0m?[0;34m    SelectStatement {
?[0m?[0;34m      FromClause {
?[0m?[0;34m        StandardTableGroup (u1 : antifraud.model.User) {
?[0m?[0;34m          primaryTableReference : app_user as u1_0
?[0m?[0;34m        }
?[0m?[0;34m      }
?[0m?[0;34m    }
?[0m?[0;34m
?[0m?[0;34m2024-07-18T17:39:14.719-04:00 DEBUG 93785 --- [    Test worker] o.h.query.named.NamedObjectRepository    : Checking 0 named HQL queries
?[0m?[0;34m2024-07-18T17:39:14.719-04:00 DEBUG 93785 --- [    Test worker] o.h.query.named.NamedObjectRepository    : Checking 0 named SQL queries
?[0m?[0;34m2024-07-18T17:39:14.769-04:00 DEBUG 93785 --- [    Test worker] org.hibernate.SQL                        : create table app_user (id bigint generated by default as identity, name varchar(255), password varchar(255), username varchar(255), primary key (id))
?[0m?[0;34m2024-07-18T17:39:14.778-04:00  INFO 93785 --- [    Test worker] o.h.e.t.j.p.i.JtaPlatformInitiator       : HHH000490: Using JtaPlatform implementation: [org.hibernate.engine.transaction.jta.platform.internal.NoJtaPlatform]
?[0m?[0;34m2024-07-18T17:39:14.782-04:00 DEBUG 93785 --- [    Test worker] .h.s.i.SessionFactoryServiceRegistryImpl : EventListenerRegistry access via ServiceRegistry is deprecated.  Use `sessionFactory.getEventEngine().getListenerRegistry()` instead
?[0m?[0;34m2024-07-18T17:39:14.782-04:00 DEBUG 93785 --- [    Test worker] h.e.i.EntityCopyObserverFactoryInitiator : Configured EntityCopyObserver strategy: disallow
?[0m?[0;34m2024-07-18T17:39:14.787-04:00 DEBUG 93785 --- [    Test worker] o.h.internal.SessionFactoryRegistry      : Initializing SessionFactoryRegistry : org.hibernate.internal.SessionFactoryRegistry@7010c9e4
?[0m?[0;34m2024-07-18T17:39:14.787-04:00 DEBUG 93785 --- [    Test worker] o.h.internal.SessionFactoryRegistry      : Registering SessionFactory: 2518113d-7473-428c-8603-f345fe1eba48 (<unnamed>)
?[0m?[0;34m2024-07-18T17:39:14.787-04:00 DEBUG 93785 --- [    Test worker] o.h.internal.SessionFactoryRegistry      : Not binding SessionFactory to JNDI, no JNDI name configured
?[0m?[0;34m2024-07-18T17:39:14.788-04:00  INFO 93785 --- [    Test worker] j.LocalContainerEntityManagerFactoryBean : Initialized JPA EntityManagerFactory for persistence unit 'default'
?[0m?[0;34m2024-07-18T17:39:14.792-04:00 DEBUG 93785 --- [    Test worker] o.s.b.f.s.DefaultListableBeanFactory     : Creating shared instance of singleton bean 'antiFraudApplication'
?[0m?[0;34m2024-07-18T17:39:14.793-04:00 DEBUG 93785 --- [    Test worker] o.s.b.f.s.DefaultListableBeanFactory     : Creating shared instance of singleton bean 'passwordConfig'
?[0m?[0;34m2024-07-18T17:39:14.794-04:00 DEBUG 93785 --- [    Test worker] o.s.b.f.s.DefaultListableBeanFactory     : Creating shared instance of singleton bean 'restAuthenticationEntryPoint'
?[0m?[0;34m2024-07-18T17:39:14.797-04:00 DEBUG 93785 --- [    Test worker] o.s.b.f.s.DefaultListableBeanFactory     : Creating shared instance of singleton bean 'securityConfig'
?[0m?[0;34m2024-07-18T17:39:14.799-04:00 DEBUG 93785 --- [    Test worker] o.s.b.f.s.DefaultListableBeanFactory     : Autowiring by type from bean name 'securityConfig' via constructor to bean named 'restAuthenticationEntryPoint'
?[0m?[0;34m2024-07-18T17:39:14.799-04:00 DEBUG 93785 --- [    Test worker] o.s.b.f.s.DefaultListableBeanFactory     : Creating shared instance of singleton bean 'antiFraudController'
?[0m?[0;34m2024-07-18T17:39:14.803-04:00 DEBUG 93785 --- [    Test worker] o.s.b.f.s.DefaultListableBeanFactory     : Creating shared instance of singleton bean 'authController'
?[0m?[0;34m2024-07-18T17:39:14.807-04:00 DEBUG 93785 --- [    Test worker] o.s.b.f.s.DefaultListableBeanFactory     : Creating shared instance of singleton bean 'userRepository'
?[0m?[0;34m2024-07-18T17:39:14.812-04:00 DEBUG 93785 --- [    Test worker] o.s.b.f.s.DefaultListableBeanFactory     : Creating shared instance of singleton bean 'jpa.named-queries#0'
?[0m?[0;34m2024-07-18T17:39:14.814-04:00 DEBUG 93785 --- [    Test worker] o.s.b.f.s.DefaultListableBeanFactory     : Creating shared instance of singleton bean 'jpa.UserRepository.fragments#0'
?[0m?[0;34m2024-07-18T17:39:14.818-04:00 DEBUG 93785 --- [    Test worker] o.s.b.f.s.DefaultListableBeanFactory     : Creating shared instance of singleton bean 'jpaSharedEM_entityManagerFactory'
?[0m?[0;34m2024-07-18T17:39:14.842-04:00 DEBUG 93785 --- [    Test worker] o.s.b.f.s.DefaultListableBeanFactory     : Creating shared instance of singleton bean 'jpaMappingContext'
?[0m?[0;34m2024-07-18T17:39:14.842-04:00 DEBUG 93785 --- [    Test worker] .c.JpaMetamodelMappingContextFactoryBean : Initializing JpaMetamodelMappingContext…
?[0m?[0;34m2024-07-18T17:39:14.858-04:00 DEBUG 93785 --- [    Test worker] .c.JpaMetamodelMappingContextFactoryBean : Finished initializing JpaMetamodelMappingContext
?[0m?[0;34m2024-07-18T17:39:14.884-04:00 DEBUG 93785 --- [    Test worker] tor$SharedEntityManagerInvocationHandler : Creating new EntityManager for shared EntityManager invocation
?[0m?[0;34m2024-07-18T17:39:14.922-04:00 DEBUG 93785 --- [    Test worker] o.h.stat.internal.StatisticsInitiator    : Statistics initialized [enabled=false]
?[0m?[0;34m2024-07-18T17:39:14.926-04:00 DEBUG 93785 --- [    Test worker] tor$SharedEntityManagerInvocationHandler : Creating new EntityManager for shared EntityManager invocation
?[0m?[0;34m2024-07-18T17:39:14.930-04:00 DEBUG 93785 --- [    Test worker] o.s.b.f.s.DefaultListableBeanFactory     : Creating shared instance of singleton bean 'metricsRepositoryMethodInvocationListener'
?[0m?[0;34m2024-07-18T17:39:14.930-04:00 DEBUG 93785 --- [    Test worker] o.s.b.f.s.DefaultListableBeanFactory     : Creating shared instance of singleton bean 'org.springframework.boot.actuate.autoconfigure.metrics.data.RepositoryMetricsAutoConfiguration'
?[0m?[0;34m2024-07-18T17:39:14.931-04:00 DEBUG 93785 --- [    Test worker] o.s.b.f.s.DefaultListableBeanFactory     : Autowiring by type from bean name 'org.springframework.boot.actuate.autoconfigure.metrics.data.RepositoryMetricsAutoConfiguration' via constructor to bean named 'management.metrics-org.springframework.boot.actuate.autoconfigure.metrics.MetricsProperties'
?[0m?[0;34m2024-07-18T17:39:14.932-04:00 DEBUG 93785 --- [    Test worker] o.s.b.f.s.DefaultListableBeanFactory     : Creating shared instance of singleton bean 'repositoryTagsProvider'
?[0m?[0;34m2024-07-18T17:39:14.934-04:00 DEBUG 93785 --- [    Test worker] o.s.b.f.s.DefaultListableBeanFactory     : Autowiring by type from bean name 'metricsRepositoryMethodInvocationListener' via factory method to bean named 'repositoryTagsProvider'
?[0m?[0;34m2024-07-18T17:39:14.967-04:00 DEBUG 93785 --- [    Test worker] o.s.d.r.c.s.RepositoryFactorySupport     : Initializing repository instance for antifraud.repository.UserRepository…
?[0m?[0;34m2024-07-18T17:39:14.984-04:00 DEBUG 93785 --- [    Test worker] tor$SharedEntityManagerInvocationHandler : Creating new EntityManager for shared EntityManager invocation
?[0m?[0;34m2024-07-18T17:39:15.044-04:00 DEBUG 93785 --- [    Test worker] o.s.d.jpa.repository.query.NamedQuery    : Looking up named query User.findByUsernameIgnoreCase
?[0m?[0;34m2024-07-18T17:39:15.048-04:00 DEBUG 93785 --- [    Test worker] cResourceLocalTransactionCoordinatorImpl : JDBC transaction marked for rollback-only (exception provided for stack trace)
?[0m?[0;34m
?[0m?[0;34mjava.lang.Exception: exception just for purpose of providing stack trace
?[0m?[0;34m	at org.hibernate.resource.transaction.backend.jdbc.internal.JdbcResourceLocalTransactionCoordinatorImpl$TransactionDriverControlImpl.markRollbackOnly(JdbcResourceLocalTransactionCoordinatorImpl.java:324) ~[hibernate-core-6.1.6.Final.jar:6.1.6.Final]
?[0m?[0;34m	at org.hibernate.internal.AbstractSharedSessionContract.buildNamedQuery(AbstractSharedSessionContract.java:1003) ~[hibernate-core-6.1.6.Final.jar:6.1.6.Final]
?[0m?[0;34m	at org.hibernate.internal.AbstractSharedSessionContract.createNamedQuery(AbstractSharedSessionContract.java:866) ~[hibernate-core-6.1.6.Final.jar:6.1.6.Final]
?[0m?[0;34m	at org.hibernate.internal.AbstractSharedSessionContract.createNamedQuery(AbstractSharedSessionContract.java:126) ~[hibernate-core-6.1.6.Final.jar:6.1.6.Final]
?[0m?[0;34m	at java.base/jdk.internal.reflect.NativeMethodAccessorImpl.invoke0(Native Method) ~[na:na]
?[0m?[0;34m	at java.base/jdk.internal.reflect.NativeMethodAccessorImpl.invoke(NativeMethodAccessorImpl.java:77) ~[na:na]
?[0m?[0;34m	at java.base/jdk.internal.reflect.DelegatingMethodAccessorImpl.invoke(DelegatingMethodAccessorImpl.java:43) ~[na:na]
?[0m?[0;34m	at java.base/java.lang.reflect.Method.invoke(Method.java:568) ~[na:na]
?[0m?[0;34m	at org.springframework.orm.jpa.ExtendedEntityManagerCreator$ExtendedEntityManagerInvocationHandler.invoke(ExtendedEntityManagerCreator.java:360) ~[spring-orm-6.0.4.jar:6.0.4]
?[0m?[0;34m	at jdk.proxy3/jdk.proxy3.$Proxy132.createNamedQuery(Unknown Source) ~[na:na]
?[0m?[0;34m	at org.springframework.data.jpa.repository.query.NamedQuery.hasNamedQuery(NamedQuery.java:115) ~[spring-data-jpa-3.0.1.jar:3.0.1]
?[0m?[0;34m	at org.springframework.data.jpa.repository.query.NamedQuery.lookupFrom(NamedQuery.java:144) ~[spring-data-jpa-3.0.1.jar:3.0.1]
?[0m?[0;34m	at org.springframework.data.jpa.repository.query.JpaQueryLookupStrategy$DeclaredQueryLookupStrategy.resolveQuery(JpaQueryLookupStrategy.java:180) ~[spring-data-jpa-3.0.1.jar:3.0.1]
?[0m?[0;34m	at org.springframework.data.jpa.repository.query.JpaQueryLookupStrategy$CreateIfNotFoundQueryLookupStrategy.resolveQuery(JpaQueryLookupStrategy.java:252) ~[spring-data-jpa-3.0.1.jar:3.0.1]
?[0m?[0;34m	at org.springframework.data.jpa.repository.query.JpaQueryLookupStrategy$AbstractQueryLookupStrategy.resolveQuery(JpaQueryLookupStrategy.java:95) ~[spring-data-jpa-3.0.1.jar:3.0.1]
?[0m?[0;34m	at org.springframework.data.repository.core.support.QueryExecutorMethodInterceptor.lookupQuery(QueryExecutorMethodInterceptor.java:111) ~[spring-data-commons-3.0.1.jar:3.0.1]
?[0m?[0;34m	at org.springframework.data.repository.core.support.QueryExecutorMethodInterceptor.mapMethodsToQuery(QueryExecutorMethodInterceptor.java:99) ~[spring-data-commons-3.0.1.jar:3.0.1]
?[0m?[0;34m	at org.springframework.data.repository.core.support.QueryExecutorMethodInterceptor.lambda$new$0(QueryExecutorMethodInterceptor.java:88) ~[spring-data-commons-3.0.1.jar:3.0.1]
?[0m?[0;34m	at java.base/java.util.Optional.map(Optional.java:260) ~[na:na]
?[0m?[0;34m	at org.springframework.data.repository.core.support.QueryExecutorMethodInterceptor.<init>(QueryExecutorMethodInterceptor.java:88) ~[spring-data-commons-3.0.1.jar:3.0.1]
?[0m?[0;34m	at org.springframework.data.repository.core.support.RepositoryFactorySupport.getRepository(RepositoryFactorySupport.java:357) ~[spring-data-commons-3.0.1.jar:3.0.1]
?[0m?[0;34m	at org.springframework.data.repository.core.support.RepositoryFactoryBeanSupport.lambda$afterPropertiesSet$5(RepositoryFactoryBeanSupport.java:279) ~[spring-data-commons-3.0.1.jar:3.0.1]
?[0m?[0;34m	at org.springframework.data.util.Lazy.getNullable(Lazy.java:245) ~[spring-data-commons-3.0.1.jar:3.0.1]
?[0m?[0;34m	at org.springframework.data.util.Lazy.get(Lazy.java:114) ~[spring-data-commons-3.0.1.jar:3.0.1]
?[0m?[0;34m	at org.springframework.data.repository.core.support.RepositoryFactoryBeanSupport.afterPropertiesSet(RepositoryFactoryBeanSupport.java:285) ~[spring-data-commons-3.0.1.jar:3.0.1]
?[0m?[0;34m	at org.springframework.data.jpa.repository.support.JpaRepositoryFactoryBean.afterPropertiesSet(JpaRepositoryFactoryBean.java:132) ~[spring-data-jpa-3.0.1.jar:3.0.1]
?[0m?[0;34m	at org.springframework.beans.factory.support.AbstractAutowireCapableBeanFactory.invokeInitMethods(AbstractAutowireCapableBeanFactory.java:1797) ~[spring-beans-6.0.4.jar:6.0.4]
?[0m?[0;34m	at org.springframework.beans.factory.support.AbstractAutowireCapableBeanFactory.initializeBean(AbstractAutowireCapableBeanFactory.java:1747) ~[spring-beans-6.0.4.jar:6.0.4]
?[0m?[0;34m	at org.springframework.beans.factory.support.AbstractAutowireCapableBeanFactory.doCreateBean(AbstractAutowireCapableBeanFactory.java:599) ~[spring-beans-6.0.4.jar:6.0.4]
?[0m?[0;34m	at org.springframework.beans.factory.support.AbstractAutowireCapableBeanFactory.createBean(AbstractAutowireCapableBeanFactory.java:521) ~[spring-beans-6.0.4.jar:6.0.4]
?[0m?[0;34m	at org.springframework.beans.factory.support.AbstractBeanFactory.lambda$doGetBean$0(AbstractBeanFactory.java:326) ~[spring-beans-6.0.4.jar:6.0.4]
?[0m?[0;34m	at org.springframework.beans.factory.support.DefaultSingletonBeanRegistry.getSingleton(DefaultSingletonBeanRegistry.java:234) ~[spring-beans-6.0.4.jar:6.0.4]
?[0m?[0;34m	at org.springframework.beans.factory.support.AbstractBeanFactory.doGetBean(AbstractBeanFactory.java:324) ~[spring-beans-6.0.4.jar:6.0.4]
?[0m?[0;34m	at org.springframework.beans.factory.support.AbstractBeanFactory.getBean(AbstractBeanFactory.java:200) ~[spring-beans-6.0.4.jar:6.0.4]
?[0m?[0;34m	at org.springframework.beans.factory.config.DependencyDescriptor.resolveCandidate(DependencyDescriptor.java:254) ~[spring-beans-6.0.4.jar:6.0.4]
?[0m?[0;34m	at org.springframework.beans.factory.support.DefaultListableBeanFactory.doResolveDependency(DefaultListableBeanFactory.java:1405) ~[spring-beans-6.0.4.jar:6.0.4]
?[0m?[0;34m	at org.springframework.beans.factory.support.DefaultListableBeanFactory.resolveDependency(DefaultListableBeanFactory.java:1325) ~[spring-beans-6.0.4.jar:6.0.4]
?[0m?[0;34m	at org.springframework.beans.factory.annotation.AutowiredAnnotationBeanPostProcessor$AutowiredFieldElement.resolveFieldValue(AutowiredAnnotationBeanPostProcessor.java:709) ~[spring-beans-6.0.4.jar:6.0.4]
?[0m?[0;34m	at org.springframework.beans.factory.annotation.AutowiredAnnotationBeanPostProcessor$AutowiredFieldElement.inject(AutowiredAnnotationBeanPostProcessor.java:692) ~[spring-beans-6.0.4.jar:6.0.4]
?[0m?[0;34m	at org.springframework.beans.factory.annotation.InjectionMetadata.inject(InjectionMetadata.java:133) ~[spring-beans-6.0.4.jar:6.0.4]
?[0m?[0;34m	at org.springframework.beans.factory.annotation.AutowiredAnnotationBeanPostProcessor.postProcessProperties(AutowiredAnnotationBeanPostProcessor.java:481) ~[spring-beans-6.0.4.jar:6.0.4]
?[0m?[0;34m	at org.springframework.beans.factory.support.AbstractAutowireCapableBeanFactory.populateBean(AbstractAutowireCapableBeanFactory.java:1397) ~[spring-beans-6.0.4.jar:6.0.4]
?[0m?[0;34m	at org.springframework.beans.factory.support.AbstractAutowireCapableBeanFactory.doCreateBean(AbstractAutowireCapableBeanFactory.java:598) ~[spring-beans-6.0.4.jar:6.0.4]
?[0m?[0;34m	at org.springframework.beans.factory.support.AbstractAutowireCapableBeanFactory.createBean(AbstractAutowireCapableBeanFactory.java:521) ~[spring-beans-6.0.4.jar:6.0.4]
?[0m?[0;34m	at org.springframework.beans.factory.support.AbstractBeanFactory.lambda$doGetBean$0(AbstractBeanFactory.java:326) ~[spring-beans-6.0.4.jar:6.0.4]
?[0m?[0;34m	at org.springframework.beans.factory.support.DefaultSingletonBeanRegistry.getSingleton(DefaultSingletonBeanRegistry.java:234) ~[spring-beans-6.0.4.jar:6.0.4]
?[0m?[0;34m	at org.springframework.beans.factory.support.AbstractBeanFactory.doGetBean(AbstractBeanFactory.java:324) ~[spring-beans-6.0.4.jar:6.0.4]
?[0m?[0;34m	at org.springframework.beans.factory.support.AbstractBeanFactory.getBean(AbstractBeanFactory.java:200) ~[spring-beans-6.0.4.jar:6.0.4]
?[0m?[0;34m	at org.springframework.beans.factory.support.DefaultListableBeanFactory.preInstantiateSingletons(DefaultListableBeanFactory.java:961) ~[spring-beans-6.0.4.jar:6.0.4]
?[0m?[0;34m	at org.springframework.context.support.AbstractApplicationContext.finishBeanFactoryInitialization(AbstractApplicationContext.java:915) ~[spring-context-6.0.4.jar:6.0.4]
?[0m?[0;34m	at org.springframework.context.support.AbstractApplicationContext.refresh(AbstractApplicationContext.java:584) ~[spring-context-6.0.4.jar:6.0.4]
?[0m?[0;34m	at org.springframework.boot.web.servlet.context.ServletWebServerApplicationContext.refresh(ServletWebServerApplicationContext.java:146) ~[spring-boot-3.0.2.jar:3.0.2]
?[0m?[0;34m	at org.springframework.boot.SpringApplication.refresh(SpringApplication.java:730) ~[spring-boot-3.0.2.jar:3.0.2]
?[0m?[0;34m	at org.springframework.boot.SpringApplication.refreshContext(SpringApplication.java:432) ~[spring-boot-3.0.2.jar:3.0.2]
?[0m?[0;34m	at org.springframework.boot.SpringApplication.run(SpringApplication.java:308) ~[spring-boot-3.0.2.jar:3.0.2]
?[0m?[0;34m	at org.springframework.boot.SpringApplication.run(SpringApplication.java:1302) ~[spring-boot-3.0.2.jar:3.0.2]
?[0m?[0;34m	at org.springframework.boot.SpringApplication.run(SpringApplication.java:1291) ~[spring-boot-3.0.2.jar:3.0.2]
?[0m?[0;34m	at antifraud.AntiFraudApplication.main(AntiFraudApplication.java:10) ~[main/:na]
?[0m?[0;34m	at java.base/jdk.internal.reflect.NativeMethodAccessorImpl.invoke0(Native Method) ~[na:na]
?[0m?[0;34m	at java.base/jdk.internal.reflect.NativeMethodAccessorImpl.invoke(NativeMethodAccessorImpl.java:77) ~[na:na]
?[0m?[0;34m	at java.base/jdk.internal.reflect.DelegatingMethodAccessorImpl.invoke(DelegatingMethodAccessorImpl.java:43) ~[na:na]
?[0m?[0;34m	at java.base/java.lang.reflect.Method.invoke(Method.java:568) ~[na:na]
?[0m?[0;34m	at org.hyperskill.hstest.stage.SpringTest.startSpring(SpringTest.java:187) ~[hs-test-release-SNAPSHOT.jar:na]
?[0m?[0;34m	at org.hyperskill.hstest.stage.SpringTest.launchSpring(SpringTest.java:49) ~[hs-test-release-SNAPSHOT.jar:na]
?[0m?[0;34m	at org.hyperskill.hstest.testing.runner.SpringApplicationRunner.launchSpringBootApplication(SpringApplicationRunner.java:20) ~[hs-test-release-SNAPSHOT.jar:na]
?[0m?[0;34m	at org.hyperskill.hstest.testing.runner.SpringApplicationRunner.setUp(SpringApplicationRunner.java:35) ~[hs-test-release-SNAPSHOT.jar:na]
?[0m?[0;34m	at org.hyperskill.hstest.testing.TestRun.setUp(TestRun.java:77) ~[hs-test-release-SNAPSHOT.jar:na]
?[0m?[0;34m	at org.hyperskill.hstest.stage.StageTest.start(StageTest.java:159) ~[hs-test-release-SNAPSHOT.jar:na]
?[0m?[0;34m	at java.base/jdk.internal.reflect.NativeMethodAccessorImpl.invoke0(Native Method) ~[na:na]
?[0m?[0;34m	at java.base/jdk.internal.reflect.NativeMethodAccessorImpl.invoke(NativeMethodAccessorImpl.java:77) ~[na:na]
?[0m?[0;34m	at java.base/jdk.internal.reflect.DelegatingMethodAccessorImpl.invoke(DelegatingMethodAccessorImpl.java:43) ~[na:na]
?[0m?[0;34m	at java.base/java.lang.reflect.Method.invoke(Method.java:568) ~[na:na]
?[0m?[0;34m	at org.junit.runners.model.FrameworkMethod$1.runReflectiveCall(FrameworkMethod.java:59) ~[junit-4.13.2.jar:4.13.2]
?[0m?[0;34m	at org.junit.internal.runners.model.ReflectiveCallable.run(ReflectiveCallable.java:12) ~[junit-4.13.2.jar:4.13.2]
?[0m?[0;34m	at org.junit.runners.model.FrameworkMethod.invokeExplosively(FrameworkMethod.java:56) ~[junit-4.13.2.jar:4.13.2]
?[0m?[0;34m	at org.junit.internal.runners.statements.InvokeMethod.evaluate(InvokeMethod.java:17) ~[junit-4.13.2.jar:4.13.2]
?[0m?[0;34m	at org.junit.internal.runners.statements.RunAfters.evaluate(RunAfters.java:27) ~[junit-4.13.2.jar:4.13.2]
?[0m?[0;34m	at org.junit.runners.ParentRunner$3.evaluate(ParentRunner.java:306) ~[junit-4.13.2.jar:4.13.2]
?[0m?[0;34m	at org.junit.runners.BlockJUnit4ClassRunner$1.evaluate(BlockJUnit4ClassRunner.java:100) ~[junit-4.13.2.jar:4.13.2]
?[0m?[0;34m	at org.junit.runners.ParentRunner.runLeaf(ParentRunner.java:366) ~[junit-4.13.2.jar:4.13.2]
?[0m?[0;34m	at org.junit.runners.BlockJUnit4ClassRunner.runChild(BlockJUnit4ClassRunner.java:103) ~[junit-4.13.2.jar:4.13.2]
?[0m?[0;34m	at org.junit.runners.BlockJUnit4ClassRunner.runChild(BlockJUnit4ClassRunner.java:63) ~[junit-4.13.2.jar:4.13.2]
?[0m?[0;34m	at org.junit.runners.ParentRunner$4.run(ParentRunner.java:331) ~[junit-4.13.2.jar:4.13.2]
?[0m?[0;34m	at org.junit.runners.ParentRunner$1.schedule(ParentRunner.java:79) ~[junit-4.13.2.jar:4.13.2]
?[0m?[0;34m	at org.junit.runners.ParentRunner.runChildren(ParentRunner.java:329) ~[junit-4.13.2.jar:4.13.2]
?[0m?[0;34m	at org.junit.runners.ParentRunner.access$100(ParentRunner.java:66) ~[junit-4.13.2.jar:4.13.2]
?[0m?[0;34m	at org.junit.runners.ParentRunner$2.evaluate(ParentRunner.java:293) ~[junit-4.13.2.jar:4.13.2]
?[0m?[0;34m	at org.junit.runners.ParentRunner$3.evaluate(ParentRunner.java:306) ~[junit-4.13.2.jar:4.13.2]
?[0m?[0;34m	at org.junit.runners.ParentRunner.run(ParentRunner.java:413) ~[junit-4.13.2.jar:4.13.2]
?[0m?[0;34m	at org.gradle.api.internal.tasks.testing.junit.JUnitTestClassExecutor.runTestClass(JUnitTestClassExecutor.java:108) ~[na:na]
?[0m?[0;34m	at org.gradle.api.internal.tasks.testing.junit.JUnitTestClassExecutor.execute(JUnitTestClassExecutor.java:57) ~[na:na]
?[0m?[0;34m	at org.gradle.api.internal.tasks.testing.junit.JUnitTestClassExecutor.execute(JUnitTestClassExecutor.java:39) ~[na:na]
?[0m?[0;34m	at org.gradle.api.internal.tasks.testing.junit.AbstractJUnitTestClassProcessor.processTestClass(AbstractJUnitTestClassProcessor.java:62) ~[na:na]
?[0m?[0;34m	at org.gradle.api.internal.tasks.testing.SuiteTestClassProcessor.processTestClass(SuiteTestClassProcessor.java:52) ~[na:na]
?[0m?[0;34m	at java.base/jdk.internal.reflect.NativeMethodAccessorImpl.invoke0(Native Method) ~[na:na]
?[0m?[0;34m	at java.base/jdk.internal.reflect.NativeMethodAccessorImpl.invoke(NativeMethodAccessorImpl.java:77) ~[na:na]
?[0m?[0;34m	at java.base/jdk.internal.reflect.DelegatingMethodAccessorImpl.invoke(DelegatingMethodAccessorImpl.java:43) ~[na:na]
?[0m?[0;34m	at java.base/java.lang.reflect.Method.invoke(Method.java:568) ~[na:na]
?[0m?[0;34m	at org.gradle.internal.dispatch.ReflectionDispatch.dispatch(ReflectionDispatch.java:36) ~[na:na]
?[0m?[0;34m	at org.gradle.internal.dispatch.ReflectionDispatch.dispatch(ReflectionDispatch.java:24) ~[na:na]
?[0m?[0;34m	at org.gradle.internal.dispatch.ContextClassLoaderDispatch.dispatch(ContextClassLoaderDispatch.java:33) ~[na:na]
?[0m?[0;34m	at org.gradle.internal.dispatch.ProxyDispatchAdapter$DispatchingInvocationHandler.invoke(ProxyDispatchAdapter.java:94) ~[na:na]
?[0m?[0;34m	at jdk.proxy1/jdk.proxy1.$Proxy2.processTestClass(Unknown Source) ~[na:na]
?[0m?[0;34m	at org.gradle.api.internal.tasks.testing.worker.TestWorker$2.run(TestWorker.java:176) ~[na:na]
?[0m?[0;34m	at org.gradle.api.internal.tasks.testing.worker.TestWorker.executeAndMaintainThreadName(TestWorker.java:129) ~[na:na]
?[0m?[0;34m	at org.gradle.api.internal.tasks.testing.worker.TestWorker.execute(TestWorker.java:100) ~[na:na]
?[0m?[0;34m	at org.gradle.api.internal.tasks.testing.worker.TestWorker.execute(TestWorker.java:60) ~[na:na]
?[0m?[0;34m	at org.gradle.process.internal.worker.child.ActionExecutionWorker.execute(ActionExecutionWorker.java:56) ~[na:na]
?[0m?[0;34m	at org.gradle.process.internal.worker.child.SystemApplicationClassLoaderWorker.call(SystemApplicationClassLoaderWorker.java:113) ~[na:na]
?[0m?[0;34m	at org.gradle.process.internal.worker.child.SystemApplicationClassLoaderWorker.call(SystemApplicationClassLoaderWorker.java:65) ~[na:na]
?[0m?[0;34m	at worker.org.gradle.process.internal.worker.GradleWorkerMain.run(GradleWorkerMain.java:69) ~[gradle-worker.jar:na]
?[0m?[0;34m	at worker.org.gradle.process.internal.worker.GradleWorkerMain.main(GradleWorkerMain.java:74) ~[gradle-worker.jar:na]
?[0m?[0;34m
?[0m?[0;34m2024-07-18T17:39:15.056-04:00 DEBUG 93785 --- [    Test worker] o.s.d.jpa.repository.query.NamedQuery    : Did not find named query User.findByUsernameIgnoreCase
?[0m?[0;34m2024-07-18T17:39:15.072-04:00 DEBUG 93785 --- [    Test worker] tor$SharedEntityManagerInvocationHandler : Creating new EntityManager for shared EntityManager invocation
?[0m?[0;34m2024-07-18T17:39:15.121-04:00 DEBUG 93785 --- [    Test worker] o.s.d.r.c.s.RepositoryFactorySupport     : Finished creation of repository instance for antifraud.repository.UserRepository.
?[0m?[0;34m2024-07-18T17:39:15.128-04:00 DEBUG 93785 --- [    Test worker] o.s.b.f.s.DefaultListableBeanFactory     : Creating shared instance of singleton bean 'passwordEncoder'
?[0m?[0;34m2024-07-18T17:39:15.132-04:00 DEBUG 93785 --- [    Test worker] o.s.b.f.s.DefaultListableBeanFactory     : Creating shared instance of singleton bean 'customUserDetailsService'
?[0m?[0;34m2024-07-18T17:39:15.134-04:00 DEBUG 93785 --- [    Test worker] o.s.b.f.s.DefaultListableBeanFactory     : Creating shared instance of singleton bean 'org.springframework.security.config.annotation.configuration.ObjectPostProcessorConfiguration'
?[0m?[0;34m2024-07-18T17:39:15.134-04:00 DEBUG 93785 --- [    Test worker] o.s.b.f.s.DefaultListableBeanFactory     : Creating shared instance of singleton bean 'objectPostProcessor'
?[0m?[0;34m2024-07-18T17:39:15.135-04:00 DEBUG 93785 --- [    Test worker] o.s.b.f.s.DefaultListableBeanFactory     : Autowiring by type from bean name 'objectPostProcessor' via factory method to bean named 'org.springframework.beans.factory.support.DefaultListableBeanFactory@54da32dc'
?[0m?[0;34m2024-07-18T17:39:15.137-04:00 DEBUG 93785 --- [    Test worker] o.s.b.f.s.DefaultListableBeanFactory     : Creating shared instance of singleton bean 'org.springframework.security.config.annotation.authentication.configuration.AuthenticationConfiguration'
?[0m?[0;34m2024-07-18T17:39:15.139-04:00 DEBUG 93785 --- [    Test worker] o.s.b.f.s.DefaultListableBeanFactory     : Creating shared instance of singleton bean 'enableGlobalAuthenticationAutowiredConfigurer'
?[0m?[0;34m2024-07-18T17:39:15.139-04:00 DEBUG 93785 --- [    Test worker] o.s.b.f.s.DefaultListableBeanFactory     : Autowiring by type from bean name 'enableGlobalAuthenticationAutowiredConfigurer' via factory method to bean named 'org.springframework.boot.web.servlet.context.AnnotationConfigServletWebServerApplicationContext@721eb7df'
?[0m?[0;34m2024-07-18T17:39:15.140-04:00 DEBUG 93785 --- [    Test worker] o.s.b.f.s.DefaultListableBeanFactory     : Creating shared instance of singleton bean 'initializeUserDetailsBeanManagerConfigurer'
?[0m?[0;34m2024-07-18T17:39:15.140-04:00 DEBUG 93785 --- [    Test worker] o.s.b.f.s.DefaultListableBeanFactory     : Autowiring by type from bean name 'initializeUserDetailsBeanManagerConfigurer' via factory method to bean named 'org.springframework.boot.web.servlet.context.AnnotationConfigServletWebServerApplicationContext@721eb7df'
?[0m?[0;34m2024-07-18T17:39:15.141-04:00 DEBUG 93785 --- [    Test worker] o.s.b.f.s.DefaultListableBeanFactory     : Creating shared instance of singleton bean 'initializeAuthenticationProviderBeanManagerConfigurer'
?[0m?[0;34m2024-07-18T17:39:15.142-04:00 DEBUG 93785 --- [    Test worker] o.s.b.f.s.DefaultListableBeanFactory     : Autowiring by type from bean name 'initializeAuthenticationProviderBeanManagerConfigurer' via factory method to bean named 'org.springframework.boot.web.servlet.context.AnnotationConfigServletWebServerApplicationContext@721eb7df'
?[0m?[0;34m2024-07-18T17:39:15.144-04:00 DEBUG 93785 --- [    Test worker] o.s.b.f.s.DefaultListableBeanFactory     : Creating shared instance of singleton bean 'authenticationManagerBuilder'
?[0m?[0;34m2024-07-18T17:39:15.145-04:00 DEBUG 93785 --- [    Test worker] o.s.b.f.s.DefaultListableBeanFactory     : Autowiring by type from bean name 'authenticationManagerBuilder' via factory method to bean named 'objectPostProcessor'
?[0m?[0;34m2024-07-18T17:39:15.145-04:00 DEBUG 93785 --- [    Test worker] o.s.b.f.s.DefaultListableBeanFactory     : Autowiring by type from bean name 'authenticationManagerBuilder' via factory method to bean named 'org.springframework.boot.web.servlet.context.AnnotationConfigServletWebServerApplicationContext@721eb7df'
?[0m?[0;34m2024-07-18T17:39:15.147-04:00 DEBUG 93785 --- [    Test worker] o.s.b.f.s.DefaultListableBeanFactory     : Creating shared instance of singleton bean 'authenticationEventPublisher'
?[0m?[0;34m2024-07-18T17:39:15.147-04:00 DEBUG 93785 --- [    Test worker] o.s.b.f.s.DefaultListableBeanFactory     : Creating shared instance of singleton bean 'org.springframework.boot.autoconfigure.security.servlet.SecurityAutoConfiguration'
?[0m?[0;34m2024-07-18T17:39:15.148-04:00 DEBUG 93785 --- [    Test worker] o.s.b.f.s.DefaultListableBeanFactory     : Autowiring by type from bean name 'authenticationEventPublisher' via factory method to bean named 'org.springframework.boot.web.servlet.context.AnnotationConfigServletWebServerApplicationContext@721eb7df'
?[0m?[0;34m2024-07-18T17:39:15.158-04:00 DEBUG 93785 --- [    Test worker] o.s.b.f.s.DefaultListableBeanFactory     : Creating shared instance of singleton bean 'org.springframework.security.config.annotation.web.configuration.WebSecurityConfiguration'
?[0m?[0;34m2024-07-18T17:39:15.161-04:00 DEBUG 93785 --- [    Test worker] o.s.b.f.s.DefaultListableBeanFactory     : Creating shared instance of singleton bean 'org.springframework.security.config.annotation.web.configuration.HttpSecurityConfiguration'
?[0m?[0;34m2024-07-18T17:39:15.165-04:00 DEBUG 93785 --- [    Test worker] o.s.b.f.s.DefaultListableBeanFactory     : Creating shared instance of singleton bean 'mvcContentNegotiationManager'
?[0m?[0;34m2024-07-18T17:39:15.165-04:00 DEBUG 93785 --- [    Test worker] o.s.b.f.s.DefaultListableBeanFactory     : Creating shared instance of singleton bean 'org.springframework.boot.autoconfigure.web.servlet.WebMvcAutoConfiguration$EnableWebMvcConfiguration'
?[0m?[0;34m2024-07-18T17:39:15.167-04:00 DEBUG 93785 --- [    Test worker] o.s.b.f.s.DefaultListableBeanFactory     : Creating shared instance of singleton bean 'spring.web-org.springframework.boot.autoconfigure.web.WebProperties'
?[0m?[0;34m2024-07-18T17:39:15.170-04:00 DEBUG 93785 --- [    Test worker] o.s.b.f.s.DefaultListableBeanFactory     : Autowiring by type from bean name 'org.springframework.boot.autoconfigure.web.servlet.WebMvcAutoConfiguration$EnableWebMvcConfiguration' via constructor to bean named 'spring.mvc-org.springframework.boot.autoconfigure.web.servlet.WebMvcProperties'
?[0m?[0;34m2024-07-18T17:39:15.170-04:00 DEBUG 93785 --- [    Test worker] o.s.b.f.s.DefaultListableBeanFactory     : Autowiring by type from bean name 'org.springframework.boot.autoconfigure.web.servlet.WebMvcAutoConfiguration$EnableWebMvcConfiguration' via constructor to bean named 'spring.web-org.springframework.boot.autoconfigure.web.WebProperties'
?[0m?[0;34m2024-07-18T17:39:15.170-04:00 DEBUG 93785 --- [    Test worker] o.s.b.f.s.DefaultListableBeanFactory     : Autowiring by type from bean name 'org.springframework.boot.autoconfigure.web.servlet.WebMvcAutoConfiguration$EnableWebMvcConfiguration' via constructor to bean named 'org.springframework.beans.factory.support.DefaultListableBeanFactory@54da32dc'
?[0m?[0;34m2024-07-18T17:39:15.174-04:00 DEBUG 93785 --- [    Test worker] o.s.b.f.s.DefaultListableBeanFactory     : Creating shared instance of singleton bean 'org.springframework.security.config.annotation.web.configuration.WebMvcSecurityConfiguration'
?[0m?[0;34m2024-07-18T17:39:15.175-04:00 DEBUG 93785 --- [    Test worker] o.s.b.f.s.DefaultListableBeanFactory     : Creating shared instance of singleton bean 'org.springframework.boot.autoconfigure.web.servlet.WebMvcAutoConfiguration$WebMvcAutoConfigurationAdapter'
?[0m?[0;34m2024-07-18T17:39:15.176-04:00 DEBUG 93785 --- [    Test worker] o.s.b.f.s.DefaultListableBeanFactory     : Autowiring by type from bean name 'org.springframework.boot.autoconfigure.web.servlet.WebMvcAutoConfiguration$WebMvcAutoConfigurationAdapter' via constructor to bean named 'spring.web-org.springframework.boot.autoconfigure.web.WebProperties'
?[0m?[0;34m2024-07-18T17:39:15.176-04:00 DEBUG 93785 --- [    Test worker] o.s.b.f.s.DefaultListableBeanFactory     : Autowiring by type from bean name 'org.springframework.boot.autoconfigure.web.servlet.WebMvcAutoConfiguration$WebMvcAutoConfigurationAdapter' via constructor to bean named 'spring.mvc-org.springframework.boot.autoconfigure.web.servlet.WebMvcProperties'
?[0m?[0;34m2024-07-18T17:39:15.176-04:00 DEBUG 93785 --- [    Test worker] o.s.b.f.s.DefaultListableBeanFactory     : Autowiring by type from bean name 'org.springframework.boot.autoconfigure.web.servlet.WebMvcAutoConfiguration$WebMvcAutoConfigurationAdapter' via constructor to bean named 'org.springframework.beans.factory.support.DefaultListableBeanFactory@54da32dc'
?[0m?[0;34m2024-07-18T17:39:15.178-04:00 DEBUG 93785 --- [    Test worker] o.s.b.f.s.DefaultListableBeanFactory     : Creating shared instance of singleton bean 'openEntityManagerInViewInterceptorConfigurer'
?[0m?[0;34m2024-07-18T17:39:15.178-04:00 DEBUG 93785 --- [    Test worker] o.s.b.f.s.DefaultListableBeanFactory     : Creating shared instance of singleton bean 'org.springframework.boot.autoconfigure.orm.jpa.JpaBaseConfiguration$JpaWebConfiguration'
?[0m?[0;34m2024-07-18T17:39:15.179-04:00 DEBUG 93785 --- [    Test worker] o.s.b.f.s.DefaultListableBeanFactory     : Autowiring by type from bean name 'org.springframework.boot.autoconfigure.orm.jpa.JpaBaseConfiguration$JpaWebConfiguration' via constructor to bean named 'spring.jpa-org.springframework.boot.autoconfigure.orm.jpa.JpaProperties'
?[0m?[0;34m2024-07-18T17:39:15.180-04:00 DEBUG 93785 --- [    Test worker] o.s.b.f.s.DefaultListableBeanFactory     : Creating shared instance of singleton bean 'openEntityManagerInViewInterceptor'
?[0m?[0;34m2024-07-18T17:39:15.180-04:00  WARN 93785 --- [    Test worker] JpaBaseConfiguration$JpaWebConfiguration : spring.jpa.open-in-view is enabled by default. Therefore, database queries may be performed during view rendering. Explicitly configure spring.jpa.open-in-view to disable this warning
?[0m?[0;34m2024-07-18T17:39:15.182-04:00 DEBUG 93785 --- [    Test worker] o.s.b.f.s.DefaultListableBeanFactory     : Autowiring by type from bean name 'openEntityManagerInViewInterceptorConfigurer' via factory method to bean named 'openEntityManagerInViewInterceptor'
?[0m?[0;34m2024-07-18T17:39:15.183-04:00 DEBUG 93785 --- [    Test worker] o.s.b.f.s.DefaultListableBeanFactory     : Creating shared instance of singleton bean 'org.springframework.data.web.config.SpringDataWebConfiguration'
?[0m?[0;34m2024-07-18T17:39:15.184-04:00 DEBUG 93785 --- [    Test worker] o.s.b.f.s.DefaultListableBeanFactory     : Autowiring by type from bean name 'org.springframework.data.web.config.SpringDataWebConfiguration' via constructor to bean named 'org.springframework.boot.web.servlet.context.AnnotationConfigServletWebServerApplicationContext@721eb7df'
?[0m?[0;34m2024-07-18T17:39:15.186-04:00 DEBUG 93785 --- [    Test worker] o.s.b.f.s.DefaultListableBeanFactory     : Creating shared instance of singleton bean 'endpointObjectMapperWebMvcConfigurer'
?[0m?[0;34m2024-07-18T17:39:15.187-04:00 DEBUG 93785 --- [    Test worker] o.s.b.f.s.DefaultListableBeanFactory     : Creating shared instance of singleton bean 'endpointObjectMapper'
?[0m?[0;34m2024-07-18T17:39:15.187-04:00 DEBUG 93785 --- [    Test worker] o.s.b.f.s.DefaultListableBeanFactory     : Creating shared instance of singleton bean 'org.springframework.boot.actuate.autoconfigure.endpoint.jackson.JacksonEndpointAutoConfiguration'
?[0m?[0;34m2024-07-18T17:39:15.189-04:00 DEBUG 93785 --- [    Test worker] o.s.b.f.s.DefaultListableBeanFactory     : Autowiring by type from bean name 'endpointObjectMapperWebMvcConfigurer' via factory method to bean named 'endpointObjectMapper'
?[0m?[0;34m2024-07-18T17:39:15.339-04:00 DEBUG 93785 --- [    Test worker] o.s.b.f.s.DefaultListableBeanFactory     : Creating shared instance of singleton bean 'securityFilterChain'
?[0m?[0;34m2024-07-18T17:39:15.340-04:00 DEBUG 93785 --- [    Test worker] o.s.b.f.s.DefaultListableBeanFactory     : Autowiring by type from bean name 'securityFilterChain' via factory method to bean named 'org.springframework.security.config.annotation.web.configuration.HttpSecurityConfiguration.httpSecurity'
?[0m?[0;34m2024-07-18T17:39:15.346-04:00 DEBUG 93785 --- [    Test worker] o.s.b.f.s.DefaultListableBeanFactory     : Creating shared instance of singleton bean 'mvcHandlerMappingIntrospector'
?[0m?[0;34m2024-07-18T17:39:15.349-04:00 DEBUG 93785 --- [    Test worker] o.s.b.f.s.DefaultListableBeanFactory     : Creating shared instance of singleton bean 'welcomePageHandlerMapping'
?[0m?[0;34m2024-07-18T17:39:15.350-04:00 DEBUG 93785 --- [    Test worker] o.s.b.f.s.DefaultListableBeanFactory     : Creating shared instance of singleton bean 'mvcConversionService'
?[0m?[0;34m2024-07-18T17:39:15.360-04:00 DEBUG 93785 --- [    Test worker] o.s.b.f.s.DefaultListableBeanFactory     : Creating shared instance of singleton bean 'mvcResourceUrlProvider'
?[0m?[0;34m2024-07-18T17:39:15.363-04:00 DEBUG 93785 --- [    Test worker] o.s.b.f.s.DefaultListableBeanFactory     : Autowiring by type from bean name 'welcomePageHandlerMapping' via factory method to bean named 'org.springframework.boot.web.servlet.context.AnnotationConfigServletWebServerApplicationContext@721eb7df'
?[0m?[0;34m2024-07-18T17:39:15.363-04:00 DEBUG 93785 --- [    Test worker] o.s.b.f.s.DefaultListableBeanFactory     : Autowiring by type from bean name 'welcomePageHandlerMapping' via factory method to bean named 'mvcConversionService'
?[0m?[0;34m2024-07-18T17:39:15.363-04:00 DEBUG 93785 --- [    Test worker] o.s.b.f.s.DefaultListableBeanFactory     : Autowiring by type from bean name 'welcomePageHandlerMapping' via factory method to bean named 'mvcResourceUrlProvider'
?[0m?[0;34m2024-07-18T17:39:15.377-04:00 DEBUG 93785 --- [    Test worker] o.s.b.f.s.DefaultListableBeanFactory     : Creating shared instance of singleton bean 'requestMappingHandlerMapping'
?[0m?[0;34m2024-07-18T17:39:15.378-04:00 DEBUG 93785 --- [    Test worker] o.s.b.f.s.DefaultListableBeanFactory     : Autowiring by type from bean name 'requestMappingHandlerMapping' via factory method to bean named 'mvcContentNegotiationManager'
?[0m?[0;34m2024-07-18T17:39:15.379-04:00 DEBUG 93785 --- [    Test worker] o.s.b.f.s.DefaultListableBeanFactory     : Autowiring by type from bean name 'requestMappingHandlerMapping' via factory method to bean named 'mvcConversionService'
?[0m?[0;34m2024-07-18T17:39:15.379-04:00 DEBUG 93785 --- [    Test worker] o.s.b.f.s.DefaultListableBeanFactory     : Autowiring by type from bean name 'requestMappingHandlerMapping' via factory method to bean named 'mvcResourceUrlProvider'
?[0m?[0;34m2024-07-18T17:39:15.415-04:00 DEBUG 93785 --- [    Test worker] _.s.web.servlet.HandlerMapping.Mappings  : 
?[0m?[0;34m	a.c.AntiFraudController:
?[0m?[0;34m	{POST [/api/antifraud/transaction]}: validateTransaction(Transaction)
?[0m?[0;34m2024-07-18T17:39:15.418-04:00 DEBUG 93785 --- [    Test worker] _.s.web.servlet.HandlerMapping.Mappings  : 
?[0m?[0;34m	a.c.AuthController:
?[0m?[0;34m	{POST [/api/auth/user]}: registerUser(User)
?[0m?[0;34m	{GET [/api/auth/list]}: listUsers()
?[0m?[0;34m	{DELETE [/api/auth/user/{username}]}: deleteUser(String)
?[0m?[0;34m2024-07-18T17:39:15.423-04:00 DEBUG 93785 --- [    Test worker] _.s.web.servlet.HandlerMapping.Mappings  : 
?[0m?[0;34m	o.s.b.a.w.s.e.BasicErrorController:
?[0m?[0;34m	{ [/error], produces [text/html]}: errorHtml(HttpServletRequest,HttpServletResponse)
?[0m?[0;34m	{ [/error]}: error(HttpServletRequest)
?[0m?[0;34m2024-07-18T17:39:15.427-04:00 DEBUG 93785 --- [    Test worker] s.w.s.m.m.a.RequestMappingHandlerMapping : 6 mappings in 'requestMappingHandlerMapping'
?[0m?[0;34m2024-07-18T17:39:15.430-04:00 DEBUG 93785 --- [    Test worker] o.s.b.f.s.DefaultListableBeanFactory     : Creating shared instance of singleton bean 'viewControllerHandlerMapping'
?[0m?[0;34m2024-07-18T17:39:15.431-04:00 DEBUG 93785 --- [    Test worker] o.s.b.f.s.DefaultListableBeanFactory     : Autowiring by type from bean name 'viewControllerHandlerMapping' via factory method to bean named 'mvcConversionService'
?[0m?[0;34m2024-07-18T17:39:15.431-04:00 DEBUG 93785 --- [    Test worker] o.s.b.f.s.DefaultListableBeanFactory     : Autowiring by type from bean name 'viewControllerHandlerMapping' via factory method to bean named 'mvcResourceUrlProvider'
?[0m?[0;34m2024-07-18T17:39:15.431-04:00 DEBUG 93785 --- [    Test worker] o.s.b.f.s.DefaultListableBeanFactory     : Creating shared instance of singleton bean 'beanNameHandlerMapping'
?[0m?[0;34m2024-07-18T17:39:15.432-04:00 DEBUG 93785 --- [    Test worker] o.s.b.f.s.DefaultListableBeanFactory     : Autowiring by type from bean name 'beanNameHandlerMapping' via factory method to bean named 'mvcConversionService'
?[0m?[0;34m2024-07-18T17:39:15.432-04:00 DEBUG 93785 --- [    Test worker] o.s.b.f.s.DefaultListableBeanFactory     : Autowiring by type from bean name 'beanNameHandlerMapping' via factory method to bean named 'mvcResourceUrlProvider'
?[0m?[0;34m2024-07-18T17:39:15.435-04:00 DEBUG 93785 --- [    Test worker] _.s.web.servlet.HandlerMapping.Mappings  : 'beanNameHandlerMapping' {}
?[0m?[0;34m2024-07-18T17:39:15.437-04:00 DEBUG 93785 --- [    Test worker] o.s.b.f.s.DefaultListableBeanFactory     : Creating shared instance of singleton bean 'routerFunctionMapping'
?[0m?[0;34m2024-07-18T17:39:15.438-04:00 DEBUG 93785 --- [    Test worker] o.s.b.f.s.DefaultListableBeanFactory     : Autowiring by type from bean name 'routerFunctionMapping' via factory method to bean named 'mvcConversionService'
?[0m?[0;34m2024-07-18T17:39:15.438-04:00 DEBUG 93785 --- [    Test worker] o.s.b.f.s.DefaultListableBeanFactory     : Autowiring by type from bean name 'routerFunctionMapping' via factory method to bean named 'mvcResourceUrlProvider'
?[0m?[0;34m2024-07-18T17:39:15.439-04:00 DEBUG 93785 --- [    Test worker] o.s.b.f.s.DefaultListableBeanFactory     : Creating shared instance of singleton bean 'messageConverters'
?[0m?[0;34m2024-07-18T17:39:15.439-04:00 DEBUG 93785 --- [    Test worker] o.s.b.f.s.DefaultListableBeanFactory     : Creating shared instance of singleton bean 'org.springframework.boot.autoconfigure.http.HttpMessageConvertersAutoConfiguration'
?[0m?[0;34m2024-07-18T17:39:15.443-04:00 DEBUG 93785 --- [    Test worker] o.s.b.f.s.DefaultListableBeanFactory     : Creating shared instance of singleton bean 'stringHttpMessageConverter'
?[0m?[0;34m2024-07-18T17:39:15.443-04:00 DEBUG 93785 --- [    Test worker] o.s.b.f.s.DefaultListableBeanFactory     : Creating shared instance of singleton bean 'org.springframework.boot.autoconfigure.http.HttpMessageConvertersAutoConfiguration$StringHttpMessageConverterConfiguration'
?[0m?[0;34m2024-07-18T17:39:15.445-04:00 DEBUG 93785 --- [    Test worker] o.s.b.f.s.DefaultListableBeanFactory     : Autowiring by type from bean name 'stringHttpMessageConverter' via factory method to bean named 'environment'
?[0m?[0;34m2024-07-18T17:39:15.448-04:00 DEBUG 93785 --- [    Test worker] o.s.b.f.s.DefaultListableBeanFactory     : Creating shared instance of singleton bean 'mappingJackson2HttpMessageConverter'
?[0m?[0;34m2024-07-18T17:39:15.448-04:00 DEBUG 93785 --- [    Test worker] o.s.b.f.s.DefaultListableBeanFactory     : Creating shared instance of singleton bean 'org.springframework.boot.autoconfigure.http.JacksonHttpMessageConvertersConfiguration$MappingJackson2HttpMessageConverterConfiguration'
?[0m?[0;34m2024-07-18T17:39:15.449-04:00 DEBUG 93785 --- [    Test worker] o.s.b.f.s.DefaultListableBeanFactory     : Creating shared instance of singleton bean 'jacksonObjectMapper'
?[0m?[0;34m2024-07-18T17:39:15.450-04:00 DEBUG 93785 --- [    Test worker] o.s.b.f.s.DefaultListableBeanFactory     : Creating shared instance of singleton bean 'org.springframework.boot.autoconfigure.jackson.JacksonAutoConfiguration$JacksonObjectMapperConfiguration'
?[0m?[0;34m2024-07-18T17:39:15.451-04:00 DEBUG 93785 --- [    Test worker] o.s.b.f.s.DefaultListableBeanFactory     : Creating shared instance of singleton bean 'org.springframework.boot.autoconfigure.jackson.JacksonAutoConfiguration$JacksonObjectMapperBuilderConfiguration'
?[0m?[0;34m2024-07-18T17:39:15.452-04:00 DEBUG 93785 --- [    Test worker] o.s.b.f.s.DefaultListableBeanFactory     : Creating shared instance of singleton bean 'standardJacksonObjectMapperBuilderCustomizer'
?[0m?[0;34m2024-07-18T17:39:15.452-04:00 DEBUG 93785 --- [    Test worker] o.s.b.f.s.DefaultListableBeanFactory     : Creating shared instance of singleton bean 'org.springframework.boot.autoconfigure.jackson.JacksonAutoConfiguration$Jackson2ObjectMapperBuilderCustomizerConfiguration'
?[0m?[0;34m2024-07-18T17:39:15.453-04:00 DEBUG 93785 --- [    Test worker] o.s.b.f.s.DefaultListableBeanFactory     : Creating shared instance of singleton bean 'spring.jackson-org.springframework.boot.autoconfigure.jackson.JacksonProperties'
?[0m?[0;34m2024-07-18T17:39:15.460-04:00 DEBUG 93785 --- [    Test worker] o.s.b.f.s.DefaultListableBeanFactory     : Autowiring by type from bean name 'standardJacksonObjectMapperBuilderCustomizer' via factory method to bean named 'spring.jackson-org.springframework.boot.autoconfigure.jackson.JacksonProperties'
?[0m?[0;34m2024-07-18T17:39:15.461-04:00 DEBUG 93785 --- [    Test worker] o.s.b.f.s.DefaultListableBeanFactory     : Creating shared instance of singleton bean 'parameterNamesModule'
?[0m?[0;34m2024-07-18T17:39:15.461-04:00 DEBUG 93785 --- [    Test worker] o.s.b.f.s.DefaultListableBeanFactory     : Creating shared instance of singleton bean 'org.springframework.boot.autoconfigure.jackson.JacksonAutoConfiguration$ParameterNamesModuleConfiguration'
?[0m?[0;34m2024-07-18T17:39:15.465-04:00 DEBUG 93785 --- [    Test worker] o.s.b.f.s.DefaultListableBeanFactory     : Creating shared instance of singleton bean 'jsonMixinModule'
?[0m?[0;34m2024-07-18T17:39:15.465-04:00 DEBUG 93785 --- [    Test worker] o.s.b.f.s.DefaultListableBeanFactory     : Creating shared instance of singleton bean 'org.springframework.boot.autoconfigure.jackson.JacksonAutoConfiguration$JacksonMixinConfiguration'
?[0m?[0;34m2024-07-18T17:39:15.466-04:00 DEBUG 93785 --- [    Test worker] o.s.b.f.s.DefaultListableBeanFactory     : Creating shared instance of singleton bean 'jsonMixinModuleEntries'
?[0m?[0;34m2024-07-18T17:39:15.467-04:00 DEBUG 93785 --- [    Test worker] o.s.b.f.s.DefaultListableBeanFactory     : Autowiring by type from bean name 'jsonMixinModuleEntries' via factory method to bean named 'org.springframework.boot.web.servlet.context.AnnotationConfigServletWebServerApplicationContext@721eb7df'
?[0m?[0;34m2024-07-18T17:39:15.472-04:00 DEBUG 93785 --- [    Test worker] o.s.b.f.s.DefaultListableBeanFactory     : Autowiring by type from bean name 'jsonMixinModule' via factory method to bean named 'org.springframework.boot.web.servlet.context.AnnotationConfigServletWebServerApplicationContext@721eb7df'
?[0m?[0;34m2024-07-18T17:39:15.472-04:00 DEBUG 93785 --- [    Test worker] o.s.b.f.s.DefaultListableBeanFactory     : Autowiring by type from bean name 'jsonMixinModule' via factory method to bean named 'jsonMixinModuleEntries'
?[0m?[0;34m2024-07-18T17:39:15.473-04:00 DEBUG 93785 --- [    Test worker] o.s.b.f.s.DefaultListableBeanFactory     : Creating shared instance of singleton bean 'jsonComponentModule'
?[0m?[0;34m2024-07-18T17:39:15.473-04:00 DEBUG 93785 --- [    Test worker] o.s.b.f.s.DefaultListableBeanFactory     : Creating shared instance of singleton bean 'org.springframework.boot.autoconfigure.jackson.JacksonAutoConfiguration'
?[0m?[0;34m2024-07-18T17:39:15.477-04:00 DEBUG 93785 --- [    Test worker] o.s.b.f.s.DefaultListableBeanFactory     : Creating shared instance of singleton bean 'jacksonGeoModule'
?[0m?[0;34m2024-07-18T17:39:15.477-04:00 DEBUG 93785 --- [    Test worker] o.s.b.f.s.DefaultListableBeanFactory     : Creating shared instance of singleton bean 'org.springframework.data.web.config.SpringDataJacksonConfiguration'
?[0m?[0;34m2024-07-18T17:39:15.481-04:00 DEBUG 93785 --- [    Test worker] o.s.b.f.s.DefaultListableBeanFactory     : Autowiring by type from bean name 'jacksonObjectMapperBuilder' via factory method to bean named 'org.springframework.boot.web.servlet.context.AnnotationConfigServletWebServerApplicationContext@721eb7df'
?[0m?[0;34m2024-07-18T17:39:15.481-04:00 DEBUG 93785 --- [    Test worker] o.s.b.f.s.DefaultListableBeanFactory     : Autowiring by type from bean name 'jacksonObjectMapperBuilder' via factory method to bean named 'standardJacksonObjectMapperBuilderCustomizer'
?[0m?[0;34m2024-07-18T17:39:15.483-04:00 DEBUG 93785 --- [    Test worker] o.s.b.f.s.DefaultListableBeanFactory     : Autowiring by type from bean name 'jacksonObjectMapper' via factory method to bean named 'jacksonObjectMapperBuilder'
?[0m?[0;34m2024-07-18T17:39:15.505-04:00 DEBUG 93785 --- [    Test worker] o.s.b.f.s.DefaultListableBeanFactory     : Autowiring by type from bean name 'mappingJackson2HttpMessageConverter' via factory method to bean named 'jacksonObjectMapper'
?[0m?[0;34m2024-07-18T17:39:15.516-04:00 DEBUG 93785 --- [    Test worker] o.s.b.f.s.DefaultListableBeanFactory     : Creating shared instance of singleton bean 'resourceHandlerMapping'
?[0m?[0;34m2024-07-18T17:39:15.517-04:00 DEBUG 93785 --- [    Test worker] o.s.b.f.s.DefaultListableBeanFactory     : Autowiring by type from bean name 'resourceHandlerMapping' via factory method to bean named 'mvcContentNegotiationManager'
?[0m?[0;34m2024-07-18T17:39:15.517-04:00 DEBUG 93785 --- [    Test worker] o.s.b.f.s.DefaultListableBeanFactory     : Autowiring by type from bean name 'resourceHandlerMapping' via factory method to bean named 'mvcConversionService'
?[0m?[0;34m2024-07-18T17:39:15.517-04:00 DEBUG 93785 --- [    Test worker] o.s.b.f.s.DefaultListableBeanFactory     : Autowiring by type from bean name 'resourceHandlerMapping' via factory method to bean named 'mvcResourceUrlProvider'
?[0m?[0;34m2024-07-18T17:39:15.528-04:00 DEBUG 93785 --- [    Test worker] _.s.web.servlet.HandlerMapping.Mappings  : 'resourceHandlerMapping' {/webjars/**=ResourceHttpRequestHandler [classpath [META-INF/resources/webjars/]], /**=ResourceHttpRequestHandler [classpath [META-INF/resources/], classpath [resources/], classpath [static/], classpath [public/], ServletContext [/]]}
?[0m?[0;34m2024-07-18T17:39:15.530-04:00 DEBUG 93785 --- [    Test worker] o.s.b.f.s.DefaultListableBeanFactory     : Creating shared instance of singleton bean 'defaultServletHandlerMapping'
?[0m?[0;34m2024-07-18T17:39:15.530-04:00 DEBUG 93785 --- [    Test worker] o.s.b.f.s.DefaultListableBeanFactory     : Creating shared instance of singleton bean 'healthEndpointWebMvcHandlerMapping'
?[0m?[0;34m2024-07-18T17:39:15.530-04:00 DEBUG 93785 --- [    Test worker] o.s.b.f.s.DefaultListableBeanFactory     : Creating shared instance of singleton bean 'org.springframework.boot.actuate.autoconfigure.health.HealthEndpointWebExtensionConfiguration$MvcAdditionalHealthEndpointPathsConfiguration'
?[0m?[0;34m2024-07-18T17:39:15.531-04:00 DEBUG 93785 --- [    Test worker] o.s.b.f.s.DefaultListableBeanFactory     : Creating shared instance of singleton bean 'webEndpointDiscoverer'
?[0m?[0;34m2024-07-18T17:39:15.532-04:00 DEBUG 93785 --- [    Test worker] o.s.b.f.s.DefaultListableBeanFactory     : Creating shared instance of singleton bean 'endpointOperationParameterMapper'
?[0m?[0;34m2024-07-18T17:39:15.532-04:00 DEBUG 93785 --- [    Test worker] o.s.b.f.s.DefaultListableBeanFactory     : Creating shared instance of singleton bean 'org.springframework.boot.actuate.autoconfigure.endpoint.EndpointAutoConfiguration'
?[0m?[0;34m2024-07-18T17:39:15.536-04:00 DEBUG 93785 --- [    Test worker] o.s.b.f.s.DefaultListableBeanFactory     : Creating shared instance of singleton bean 'endpointMediaTypes'
?[0m?[0;34m2024-07-18T17:39:15.538-04:00 DEBUG 93785 --- [    Test worker] o.s.b.f.s.DefaultListableBeanFactory     : Autowiring by type from bean name 'webEndpointDiscoverer' via factory method to bean named 'endpointOperationParameterMapper'
?[0m?[0;34m2024-07-18T17:39:15.538-04:00 DEBUG 93785 --- [    Test worker] o.s.b.f.s.DefaultListableBeanFactory     : Autowiring by type from bean name 'webEndpointDiscoverer' via factory method to bean named 'endpointMediaTypes'
?[0m?[0;34m2024-07-18T17:39:15.540-04:00 DEBUG 93785 --- [    Test worker] o.s.b.f.s.DefaultListableBeanFactory     : Creating shared instance of singleton bean 'endpointCachingOperationInvokerAdvisor'
?[0m?[0;34m2024-07-18T17:39:15.540-04:00 DEBUG 93785 --- [    Test worker] o.s.b.f.s.DefaultListableBeanFactory     : Autowiring by type from bean name 'endpointCachingOperationInvokerAdvisor' via factory method to bean named 'environment'
?[0m?[0;34m2024-07-18T17:39:15.542-04:00 DEBUG 93785 --- [    Test worker] o.s.b.f.s.DefaultListableBeanFactory     : Creating shared instance of singleton bean 'webExposeExcludePropertyEndpointFilter'
?[0m?[0;34m2024-07-18T17:39:15.548-04:00 DEBUG 93785 --- [    Test worker] o.s.b.f.s.DefaultListableBeanFactory     : Creating shared instance of singleton bean 'healthEndpointGroups'
?[0m?[0;34m2024-07-18T17:39:15.549-04:00 DEBUG 93785 --- [    Test worker] o.s.b.f.s.DefaultListableBeanFactory     : Creating shared instance of singleton bean 'org.springframework.boot.actuate.autoconfigure.health.HealthEndpointConfiguration'
?[0m?[0;34m2024-07-18T17:39:15.551-04:00 DEBUG 93785 --- [    Test worker] o.s.b.f.s.DefaultListableBeanFactory     : Creating shared instance of singleton bean 'management.endpoint.health-org.springframework.boot.actuate.autoconfigure.health.HealthEndpointProperties'
?[0m?[0;34m2024-07-18T17:39:15.554-04:00 DEBUG 93785 --- [    Test worker] o.s.b.f.s.DefaultListableBeanFactory     : Autowiring by type from bean name 'healthEndpointGroups' via factory method to bean named 'org.springframework.boot.web.servlet.context.AnnotationConfigServletWebServerApplicationContext@721eb7df'
?[0m?[0;34m2024-07-18T17:39:15.555-04:00 DEBUG 93785 --- [    Test worker] o.s.b.f.s.DefaultListableBeanFactory     : Autowiring by type from bean name 'healthEndpointGroups' via factory method to bean named 'management.endpoint.health-org.springframework.boot.actuate.autoconfigure.health.HealthEndpointProperties'
?[0m?[0;34m2024-07-18T17:39:15.557-04:00 DEBUG 93785 --- [    Test worker] o.s.b.f.s.DefaultListableBeanFactory     : Creating shared instance of singleton bean 'healthStatusAggregator'
?[0m?[0;34m2024-07-18T17:39:15.558-04:00 DEBUG 93785 --- [    Test worker] o.s.b.f.s.DefaultListableBeanFactory     : Autowiring by type from bean name 'healthStatusAggregator' via factory method to bean named 'management.endpoint.health-org.springframework.boot.actuate.autoconfigure.health.HealthEndpointProperties'
?[0m?[0;34m2024-07-18T17:39:15.560-04:00 DEBUG 93785 --- [    Test worker] o.s.b.f.s.DefaultListableBeanFactory     : Creating shared instance of singleton bean 'healthHttpCodeStatusMapper'
?[0m?[0;34m2024-07-18T17:39:15.560-04:00 DEBUG 93785 --- [    Test worker] o.s.b.f.s.DefaultListableBeanFactory     : Autowiring by type from bean name 'healthHttpCodeStatusMapper' via factory method to bean named 'management.endpoint.health-org.springframework.boot.actuate.autoconfigure.health.HealthEndpointProperties'
?[0m?[0;34m2024-07-18T17:39:15.565-04:00 DEBUG 93785 --- [    Test worker] o.s.b.f.s.DefaultListableBeanFactory     : Autowiring by type from bean name 'healthEndpointWebMvcHandlerMapping' via factory method to bean named 'webEndpointDiscoverer'
?[0m?[0;34m2024-07-18T17:39:15.566-04:00 DEBUG 93785 --- [    Test worker] o.s.b.f.s.DefaultListableBeanFactory     : Autowiring by type from bean name 'healthEndpointWebMvcHandlerMapping' via factory method to bean named 'healthEndpointGroups'
?[0m?[0;34m2024-07-18T17:39:15.570-04:00 DEBUG 93785 --- [    Test worker] o.s.b.f.s.DefaultListableBeanFactory     : Creating shared instance of singleton bean 'cachesEndpoint'
?[0m?[0;34m2024-07-18T17:39:15.570-04:00 DEBUG 93785 --- [    Test worker] o.s.b.f.s.DefaultListableBeanFactory     : Creating shared instance of singleton bean 'org.springframework.boot.actuate.autoconfigure.cache.CachesEndpointAutoConfiguration'
?[0m?[0;34m2024-07-18T17:39:15.579-04:00 DEBUG 93785 --- [    Test worker] o.s.b.f.s.DefaultListableBeanFactory     : Creating shared instance of singleton bean 'healthEndpoint'
?[0m?[0;34m2024-07-18T17:39:15.580-04:00 DEBUG 93785 --- [    Test worker] o.s.b.f.s.DefaultListableBeanFactory     : Creating shared instance of singleton bean 'healthContributorRegistry'
?[0m?[0;34m2024-07-18T17:39:15.581-04:00 DEBUG 93785 --- [    Test worker] o.s.b.f.s.DefaultListableBeanFactory     : Creating shared instance of singleton bean 'diskSpaceHealthIndicator'
?[0m?[0;34m2024-07-18T17:39:15.581-04:00 DEBUG 93785 --- [    Test worker] o.s.b.f.s.DefaultListableBeanFactory     : Creating shared instance of singleton bean 'org.springframework.boot.actuate.autoconfigure.system.DiskSpaceHealthContributorAutoConfiguration'
?[0m?[0;34m2024-07-18T17:39:15.582-04:00 DEBUG 93785 --- [    Test worker] o.s.b.f.s.DefaultListableBeanFactory     : Creating shared instance of singleton bean 'management.health.diskspace-org.springframework.boot.actuate.autoconfigure.system.DiskSpaceHealthIndicatorProperties'
?[0m?[0;34m2024-07-18T17:39:15.585-04:00 DEBUG 93785 --- [    Test worker] o.s.b.f.s.DefaultListableBeanFactory     : Autowiring by type from bean name 'diskSpaceHealthIndicator' via factory method to bean named 'management.health.diskspace-org.springframework.boot.actuate.autoconfigure.system.DiskSpaceHealthIndicatorProperties'
?[0m?[0;34m2024-07-18T17:39:15.586-04:00 DEBUG 93785 --- [    Test worker] o.s.b.f.s.DefaultListableBeanFactory     : Creating shared instance of singleton bean 'pingHealthContributor'
?[0m?[0;34m2024-07-18T17:39:15.587-04:00 DEBUG 93785 --- [    Test worker] o.s.b.f.s.DefaultListableBeanFactory     : Creating shared instance of singleton bean 'org.springframework.boot.actuate.autoconfigure.health.HealthContributorAutoConfiguration'
?[0m?[0;34m2024-07-18T17:39:15.588-04:00 DEBUG 93785 --- [    Test worker] o.s.b.f.s.DefaultListableBeanFactory     : Creating shared instance of singleton bean 'dbHealthContributor'
?[0m?[0;34m2024-07-18T17:39:15.588-04:00 DEBUG 93785 --- [    Test worker] o.s.b.f.s.DefaultListableBeanFactory     : Creating shared instance of singleton bean 'org.springframework.boot.actuate.autoconfigure.jdbc.DataSourceHealthContributorAutoConfiguration'
?[0m?[0;34m2024-07-18T17:39:15.591-04:00 DEBUG 93785 --- [    Test worker] o.s.b.f.s.DefaultListableBeanFactory     : Creating shared instance of singleton bean 'management.health.db-org.springframework.boot.actuate.autoconfigure.jdbc.DataSourceHealthIndicatorProperties'
?[0m?[0;34m2024-07-18T17:39:15.592-04:00 DEBUG 93785 --- [    Test worker] o.s.b.f.s.DefaultListableBeanFactory     : Autowiring by type from bean name 'dbHealthContributor' via factory method to bean named 'dataSource'
?[0m?[0;34m2024-07-18T17:39:15.592-04:00 DEBUG 93785 --- [    Test worker] o.s.b.f.s.DefaultListableBeanFactory     : Autowiring by type from bean name 'dbHealthContributor' via factory method to bean named 'management.health.db-org.springframework.boot.actuate.autoconfigure.jdbc.DataSourceHealthIndicatorProperties'
?[0m?[0;34m2024-07-18T17:39:15.609-04:00 DEBUG 93785 --- [    Test worker] o.s.b.f.s.DefaultListableBeanFactory     : Autowiring by type from bean name 'healthContributorRegistry' via factory method to bean named 'org.springframework.boot.web.servlet.context.AnnotationConfigServletWebServerApplicationContext@721eb7df'
?[0m?[0;34m2024-07-18T17:39:15.610-04:00 DEBUG 93785 --- [    Test worker] o.s.b.f.s.DefaultListableBeanFactory     : Autowiring by type from bean name 'healthContributorRegistry' via factory method to bean named 'healthEndpointGroups'
?[0m?[0;34m2024-07-18T17:39:15.610-04:00 DEBUG 93785 --- [    Test worker] o.s.b.f.s.DefaultListableBeanFactory     : Autowiring by type from bean name 'healthContributorRegistry' via factory method to bean named 'diskSpaceHealthIndicator'
?[0m?[0;34m2024-07-18T17:39:15.610-04:00 DEBUG 93785 --- [    Test worker] o.s.b.f.s.DefaultListableBeanFactory     : Autowiring by type from bean name 'healthContributorRegistry' via factory method to bean named 'pingHealthContributor'
?[0m?[0;34m2024-07-18T17:39:15.610-04:00 DEBUG 93785 --- [    Test worker] o.s.b.f.s.DefaultListableBeanFactory     : Autowiring by type from bean name 'healthContributorRegistry' via factory method to bean named 'dbHealthContributor'
?[0m?[0;34m2024-07-18T17:39:15.614-04:00 DEBUG 93785 --- [    Test worker] o.s.b.f.s.DefaultListableBeanFactory     : Autowiring by type from bean name 'healthEndpoint' via factory method to bean named 'healthContributorRegistry'
?[0m?[0;34m2024-07-18T17:39:15.614-04:00 DEBUG 93785 --- [    Test worker] o.s.b.f.s.DefaultListableBeanFactory     : Autowiring by type from bean name 'healthEndpoint' via factory method to bean named 'healthEndpointGroups'
?[0m?[0;34m2024-07-18T17:39:15.615-04:00 DEBUG 93785 --- [    Test worker] o.s.b.f.s.DefaultListableBeanFactory     : Autowiring by type from bean name 'healthEndpoint' via factory method to bean named 'management.endpoint.health-org.springframework.boot.actuate.autoconfigure.health.HealthEndpointProperties'
?[0m?[0;34m2024-07-18T17:39:15.618-04:00 DEBUG 93785 --- [    Test worker] o.s.b.f.s.DefaultListableBeanFactory     : Creating shared instance of singleton bean 'configurationPropertiesReportEndpoint'
?[0m?[0;34m2024-07-18T17:39:15.618-04:00 DEBUG 93785 --- [    Test worker] o.s.b.f.s.DefaultListableBeanFactory     : Creating shared instance of singleton bean 'org.springframework.boot.actuate.autoconfigure.context.properties.ConfigurationPropertiesReportEndpointAutoConfiguration'
?[0m?[0;34m2024-07-18T17:39:15.620-04:00 DEBUG 93785 --- [    Test worker] o.s.b.f.s.DefaultListableBeanFactory     : Creating shared instance of singleton bean 'management.endpoint.configprops-org.springframework.boot.actuate.autoconfigure.context.properties.ConfigurationPropertiesReportEndpointProperties'
?[0m?[0;34m2024-07-18T17:39:15.621-04:00 DEBUG 93785 --- [    Test worker] o.s.b.f.s.DefaultListableBeanFactory     : Autowiring by type from bean name 'configurationPropertiesReportEndpoint' via factory method to bean named 'management.endpoint.configprops-org.springframework.boot.actuate.autoconfigure.context.properties.ConfigurationPropertiesReportEndpointProperties'
?[0m?[0;34m2024-07-18T17:39:15.628-04:00 DEBUG 93785 --- [    Test worker] o.s.b.f.s.DefaultListableBeanFactory     : Creating shared instance of singleton bean 'environmentEndpoint'
?[0m?[0;34m2024-07-18T17:39:15.628-04:00 DEBUG 93785 --- [    Test worker] o.s.b.f.s.DefaultListableBeanFactory     : Creating shared instance of singleton bean 'org.springframework.boot.actuate.autoconfigure.env.EnvironmentEndpointAutoConfiguration'
?[0m?[0;34m2024-07-18T17:39:15.630-04:00 DEBUG 93785 --- [    Test worker] o.s.b.f.s.DefaultListableBeanFactory     : Creating shared instance of singleton bean 'management.endpoint.env-org.springframework.boot.actuate.autoconfigure.env.EnvironmentEndpointProperties'
?[0m?[0;34m2024-07-18T17:39:15.632-04:00 DEBUG 93785 --- [    Test worker] o.s.b.f.s.DefaultListableBeanFactory     : Autowiring by type from bean name 'environmentEndpoint' via factory method to bean named 'environment'
?[0m?[0;34m2024-07-18T17:39:15.632-04:00 DEBUG 93785 --- [    Test worker] o.s.b.f.s.DefaultListableBeanFactory     : Autowiring by type from bean name 'environmentEndpoint' via factory method to bean named 'management.endpoint.env-org.springframework.boot.actuate.autoconfigure.env.EnvironmentEndpointProperties'
?[0m?[0;34m2024-07-18T17:39:15.634-04:00 DEBUG 93785 --- [    Test worker] o.s.b.f.s.DefaultListableBeanFactory     : Creating shared instance of singleton bean 'beansEndpoint'
?[0m?[0;34m2024-07-18T17:39:15.634-04:00 DEBUG 93785 --- [    Test worker] o.s.b.f.s.DefaultListableBeanFactory     : Creating shared instance of singleton bean 'org.springframework.boot.actuate.autoconfigure.beans.BeansEndpointAutoConfiguration'
?[0m?[0;34m2024-07-18T17:39:15.635-04:00 DEBUG 93785 --- [    Test worker] o.s.b.f.s.DefaultListableBeanFactory     : Autowiring by type from bean name 'beansEndpoint' via factory method to bean named 'org.springframework.boot.web.servlet.context.AnnotationConfigServletWebServerApplicationContext@721eb7df'
?[0m?[0;34m2024-07-18T17:39:15.650-04:00 DEBUG 93785 --- [    Test worker] o.s.b.f.s.DefaultListableBeanFactory     : Creating shared instance of singleton bean 'cachesEndpointWebExtension'
?[0m?[0;34m2024-07-18T17:39:15.651-04:00 DEBUG 93785 --- [    Test worker] o.s.b.f.s.DefaultListableBeanFactory     : Autowiring by type from bean name 'cachesEndpointWebExtension' via factory method to bean named 'cachesEndpoint'
?[0m?[0;34m2024-07-18T17:39:15.653-04:00 DEBUG 93785 --- [    Test worker] o.s.b.f.s.DefaultListableBeanFactory     : Creating shared instance of singleton bean 'healthEndpointWebExtension'
?[0m?[0;34m2024-07-18T17:39:15.653-04:00 DEBUG 93785 --- [    Test worker] o.s.b.f.s.DefaultListableBeanFactory     : Creating shared instance of singleton bean 'org.springframework.boot.actuate.autoconfigure.health.HealthEndpointWebExtensionConfiguration'
?[0m?[0;34m2024-07-18T17:39:15.654-04:00 DEBUG 93785 --- [    Test worker] o.s.b.f.s.DefaultListableBeanFactory     : Autowiring by type from bean name 'healthEndpointWebExtension' via factory method to bean named 'healthContributorRegistry'
?[0m?[0;34m2024-07-18T17:39:15.654-04:00 DEBUG 93785 --- [    Test worker] o.s.b.f.s.DefaultListableBeanFactory     : Autowiring by type from bean name 'healthEndpointWebExtension' via factory method to bean named 'healthEndpointGroups'
?[0m?[0;34m2024-07-18T17:39:15.655-04:00 DEBUG 93785 --- [    Test worker] o.s.b.f.s.DefaultListableBeanFactory     : Autowiring by type from bean name 'healthEndpointWebExtension' via factory method to bean named 'management.endpoint.health-org.springframework.boot.actuate.autoconfigure.health.HealthEndpointProperties'
?[0m?[0;34m2024-07-18T17:39:15.658-04:00 DEBUG 93785 --- [    Test worker] o.s.b.f.s.DefaultListableBeanFactory     : Creating shared instance of singleton bean 'infoEndpoint'
?[0m?[0;34m2024-07-18T17:39:15.658-04:00 DEBUG 93785 --- [    Test worker] o.s.b.f.s.DefaultListableBeanFactory     : Creating shared instance of singleton bean 'org.springframework.boot.actuate.autoconfigure.info.InfoEndpointAutoConfiguration'
?[0m?[0;34m2024-07-18T17:39:15.660-04:00 DEBUG 93785 --- [    Test worker] o.s.b.f.s.DefaultListableBeanFactory     : Creating shared instance of singleton bean 'conditionsReportEndpoint'
?[0m?[0;34m2024-07-18T17:39:15.661-04:00 DEBUG 93785 --- [    Test worker] o.s.b.f.s.DefaultListableBeanFactory     : Creating shared instance of singleton bean 'org.springframework.boot.actuate.autoconfigure.condition.ConditionsReportEndpointAutoConfiguration'
?[0m?[0;34m2024-07-18T17:39:15.661-04:00 DEBUG 93785 --- [    Test worker] o.s.b.f.s.DefaultListableBeanFactory     : Autowiring by type from bean name 'conditionsReportEndpoint' via factory method to bean named 'org.springframework.boot.web.servlet.context.AnnotationConfigServletWebServerApplicationContext@721eb7df'
?[0m?[0;34m2024-07-18T17:39:15.663-04:00 DEBUG 93785 --- [    Test worker] o.s.b.f.s.DefaultListableBeanFactory     : Creating shared instance of singleton bean 'shutdownEndpoint'
?[0m?[0;34m2024-07-18T17:39:15.664-04:00 DEBUG 93785 --- [    Test worker] o.s.b.f.s.DefaultListableBeanFactory     : Creating shared instance of singleton bean 'org.springframework.boot.actuate.autoconfigure.context.ShutdownEndpointAutoConfiguration'
?[0m?[0;34m2024-07-18T17:39:15.668-04:00 DEBUG 93785 --- [    Test worker] o.s.b.f.s.DefaultListableBeanFactory     : Creating shared instance of singleton bean 'configurationPropertiesReportEndpointWebExtension'
?[0m?[0;34m2024-07-18T17:39:15.669-04:00 DEBUG 93785 --- [    Test worker] o.s.b.f.s.DefaultListableBeanFactory     : Autowiring by type from bean name 'configurationPropertiesReportEndpointWebExtension' via factory method to bean named 'configurationPropertiesReportEndpoint'
?[0m?[0;34m2024-07-18T17:39:15.669-04:00 DEBUG 93785 --- [    Test worker] o.s.b.f.s.DefaultListableBeanFactory     : Autowiring by type from bean name 'configurationPropertiesReportEndpointWebExtension' via factory method to bean named 'management.endpoint.configprops-org.springframework.boot.actuate.autoconfigure.context.properties.ConfigurationPropertiesReportEndpointProperties'
?[0m?[0;34m2024-07-18T17:39:15.672-04:00 DEBUG 93785 --- [    Test worker] o.s.b.f.s.DefaultListableBeanFactory     : Creating shared instance of singleton bean 'environmentEndpointWebExtension'
?[0m?[0;34m2024-07-18T17:39:15.673-04:00 DEBUG 93785 --- [    Test worker] o.s.b.f.s.DefaultListableBeanFactory     : Autowiring by type from bean name 'environmentEndpointWebExtension' via factory method to bean named 'environmentEndpoint'
?[0m?[0;34m2024-07-18T17:39:15.673-04:00 DEBUG 93785 --- [    Test worker] o.s.b.f.s.DefaultListableBeanFactory     : Autowiring by type from bean name 'environmentEndpointWebExtension' via factory method to bean named 'management.endpoint.env-org.springframework.boot.actuate.autoconfigure.env.EnvironmentEndpointProperties'
?[0m?[0;34m2024-07-18T17:39:15.677-04:00 DEBUG 93785 --- [    Test worker] o.s.b.f.s.DefaultListableBeanFactory     : Creating shared instance of singleton bean 'loggersEndpoint'
?[0m?[0;34m2024-07-18T17:39:15.678-04:00 DEBUG 93785 --- [    Test worker] o.s.b.f.s.DefaultListableBeanFactory     : Creating shared instance of singleton bean 'org.springframework.boot.actuate.autoconfigure.logging.LoggersEndpointAutoConfiguration'
?[0m?[0;34m2024-07-18T17:39:15.679-04:00 DEBUG 93785 --- [    Test worker] o.s.b.f.s.DefaultListableBeanFactory     : Autowiring by type from bean name 'loggersEndpoint' via factory method to bean named 'springBootLoggingSystem'
?[0m?[0;34m2024-07-18T17:39:15.682-04:00 DEBUG 93785 --- [    Test worker] o.s.b.f.s.DefaultListableBeanFactory     : Creating shared instance of singleton bean 'heapDumpWebEndpoint'
?[0m?[0;34m2024-07-18T17:39:15.683-04:00 DEBUG 93785 --- [    Test worker] o.s.b.f.s.DefaultListableBeanFactory     : Creating shared instance of singleton bean 'org.springframework.boot.actuate.autoconfigure.management.HeapDumpWebEndpointAutoConfiguration'
?[0m?[0;34m2024-07-18T17:39:15.686-04:00 DEBUG 93785 --- [    Test worker] o.s.b.f.s.DefaultListableBeanFactory     : Creating shared instance of singleton bean 'dumpEndpoint'
?[0m?[0;34m2024-07-18T17:39:15.686-04:00 DEBUG 93785 --- [    Test worker] o.s.b.f.s.DefaultListableBeanFactory     : Creating shared instance of singleton bean 'org.springframework.boot.actuate.autoconfigure.management.ThreadDumpEndpointAutoConfiguration'
?[0m?[0;34m2024-07-18T17:39:15.688-04:00 DEBUG 93785 --- [    Test worker] o.s.b.f.s.DefaultListableBeanFactory     : Creating shared instance of singleton bean 'metricsEndpoint'
?[0m?[0;34m2024-07-18T17:39:15.688-04:00 DEBUG 93785 --- [    Test worker] o.s.b.f.s.DefaultListableBeanFactory     : Creating shared instance of singleton bean 'org.springframework.boot.actuate.autoconfigure.metrics.MetricsEndpointAutoConfiguration'
?[0m?[0;34m2024-07-18T17:39:15.689-04:00 DEBUG 93785 --- [    Test worker] o.s.b.f.s.DefaultListableBeanFactory     : Autowiring by type from bean name 'metricsEndpoint' via factory method to bean named 'simpleMeterRegistry'
?[0m?[0;34m2024-07-18T17:39:15.692-04:00 DEBUG 93785 --- [    Test worker] o.s.b.f.s.DefaultListableBeanFactory     : Creating shared instance of singleton bean 'scheduledTasksEndpoint'
?[0m?[0;34m2024-07-18T17:39:15.692-04:00 DEBUG 93785 --- [    Test worker] o.s.b.f.s.DefaultListableBeanFactory     : Creating shared instance of singleton bean 'org.springframework.boot.actuate.autoconfigure.scheduling.ScheduledTasksEndpointAutoConfiguration'
?[0m?[0;34m2024-07-18T17:39:15.696-04:00 DEBUG 93785 --- [    Test worker] o.s.b.f.s.DefaultListableBeanFactory     : Creating shared instance of singleton bean 'mappingsEndpoint'
?[0m?[0;34m2024-07-18T17:39:15.697-04:00 DEBUG 93785 --- [    Test worker] o.s.b.f.s.DefaultListableBeanFactory     : Creating shared instance of singleton bean 'org.springframework.boot.actuate.autoconfigure.web.mappings.MappingsEndpointAutoConfiguration'
?[0m?[0;34m2024-07-18T17:39:15.698-04:00 DEBUG 93785 --- [    Test worker] o.s.b.f.s.DefaultListableBeanFactory     : Autowiring by type from bean name 'mappingsEndpoint' via factory method to bean named 'org.springframework.boot.web.servlet.context.AnnotationConfigServletWebServerApplicationContext@721eb7df'
?[0m?[0;34m2024-07-18T17:39:15.699-04:00 DEBUG 93785 --- [    Test worker] o.s.b.f.s.DefaultListableBeanFactory     : Creating shared instance of singleton bean 'dispatcherServletMappingDescriptionProvider'
?[0m?[0;34m2024-07-18T17:39:15.699-04:00 DEBUG 93785 --- [    Test worker] o.s.b.f.s.DefaultListableBeanFactory     : Creating shared instance of singleton bean 'org.springframework.boot.actuate.autoconfigure.web.mappings.MappingsEndpointAutoConfiguration$ServletWebConfiguration$SpringMvcConfiguration'
?[0m?[0;34m2024-07-18T17:39:15.702-04:00 DEBUG 93785 --- [    Test worker] o.s.b.f.s.DefaultListableBeanFactory     : Creating shared instance of singleton bean 'servletMappingDescriptionProvider'
?[0m?[0;34m2024-07-18T17:39:15.702-04:00 DEBUG 93785 --- [    Test worker] o.s.b.f.s.DefaultListableBeanFactory     : Creating shared instance of singleton bean 'org.springframework.boot.actuate.autoconfigure.web.mappings.MappingsEndpointAutoConfiguration$ServletWebConfiguration'
?[0m?[0;34m2024-07-18T17:39:15.704-04:00 DEBUG 93785 --- [    Test worker] o.s.b.f.s.DefaultListableBeanFactory     : Creating shared instance of singleton bean 'filterMappingDescriptionProvider'
?[0m?[0;34m2024-07-18T17:39:15.712-04:00 DEBUG 93785 --- [    Test worker] o.s.b.f.s.DefaultListableBeanFactory     : Creating shared instance of singleton bean 'webEndpointServletHandlerMapping'
?[0m?[0;34m2024-07-18T17:39:15.712-04:00 DEBUG 93785 --- [    Test worker] o.s.b.f.s.DefaultListableBeanFactory     : Creating shared instance of singleton bean 'org.springframework.boot.actuate.autoconfigure.endpoint.web.servlet.WebMvcEndpointManagementContextConfiguration'
?[0m?[0;34m2024-07-18T17:39:15.714-04:00 DEBUG 93785 --- [    Test worker] o.s.b.f.s.DefaultListableBeanFactory     : Creating shared instance of singleton bean 'controllerEndpointDiscoverer'
?[0m?[0;34m2024-07-18T17:39:15.716-04:00 DEBUG 93785 --- [    Test worker] o.s.b.f.s.DefaultListableBeanFactory     : Creating shared instance of singleton bean 'controllerExposeExcludePropertyEndpointFilter'
?[0m?[0;34m2024-07-18T17:39:15.718-04:00 DEBUG 93785 --- [    Test worker] o.s.b.f.s.DefaultListableBeanFactory     : Creating shared instance of singleton bean 'management.endpoints.web.cors-org.springframework.boot.actuate.autoconfigure.endpoint.web.CorsEndpointProperties'
?[0m?[0;34m2024-07-18T17:39:15.721-04:00 DEBUG 93785 --- [    Test worker] o.s.b.f.s.DefaultListableBeanFactory     : Autowiring by type from bean name 'webEndpointServletHandlerMapping' via factory method to bean named 'webEndpointDiscoverer'
?[0m?[0;34m2024-07-18T17:39:15.721-04:00 DEBUG 93785 --- [    Test worker] o.s.b.f.s.DefaultListableBeanFactory     : Autowiring by type from bean name 'webEndpointServletHandlerMapping' via factory method to bean named 'servletEndpointDiscoverer'
?[0m?[0;34m2024-07-18T17:39:15.721-04:00 DEBUG 93785 --- [    Test worker] o.s.b.f.s.DefaultListableBeanFactory     : Autowiring by type from bean name 'webEndpointServletHandlerMapping' via factory method to bean named 'controllerEndpointDiscoverer'
?[0m?[0;34m2024-07-18T17:39:15.722-04:00 DEBUG 93785 --- [    Test worker] o.s.b.f.s.DefaultListableBeanFactory     : Autowiring by type from bean name 'webEndpointServletHandlerMapping' via factory method to bean named 'endpointMediaTypes'
?[0m?[0;34m2024-07-18T17:39:15.723-04:00 DEBUG 93785 --- [    Test worker] o.s.b.f.s.DefaultListableBeanFactory     : Autowiring by type from bean name 'webEndpointServletHandlerMapping' via factory method to bean named 'management.endpoints.web.cors-org.springframework.boot.actuate.autoconfigure.endpoint.web.CorsEndpointProperties'
?[0m?[0;34m2024-07-18T17:39:15.723-04:00 DEBUG 93785 --- [    Test worker] o.s.b.f.s.DefaultListableBeanFactory     : Autowiring by type from bean name 'webEndpointServletHandlerMapping' via factory method to bean named 'management.endpoints.web-org.springframework.boot.actuate.autoconfigure.endpoint.web.WebEndpointProperties'
?[0m?[0;34m2024-07-18T17:39:15.723-04:00 DEBUG 93785 --- [    Test worker] o.s.b.f.s.DefaultListableBeanFactory     : Autowiring by type from bean name 'webEndpointServletHandlerMapping' via factory method to bean named 'environment'
?[0m?[0;34m2024-07-18T17:39:15.738-04:00  INFO 93785 --- [    Test worker] o.s.b.a.e.web.EndpointLinksResolver      : Exposing 14 endpoint(s) beneath base path '/actuator'
?[0m?[0;34m2024-07-18T17:39:15.754-04:00 DEBUG 93785 --- [    Test worker] o.s.b.f.s.DefaultListableBeanFactory     : Creating shared instance of singleton bean 'controllerEndpointHandlerMapping'
?[0m?[0;34m2024-07-18T17:39:15.755-04:00 DEBUG 93785 --- [    Test worker] o.s.b.f.s.DefaultListableBeanFactory     : Autowiring by type from bean name 'controllerEndpointHandlerMapping' via factory method to bean named 'controllerEndpointDiscoverer'
?[0m?[0;34m2024-07-18T17:39:15.755-04:00 DEBUG 93785 --- [    Test worker] o.s.b.f.s.DefaultListableBeanFactory     : Autowiring by type from bean name 'controllerEndpointHandlerMapping' via factory method to bean named 'management.endpoints.web.cors-org.springframework.boot.actuate.autoconfigure.endpoint.web.CorsEndpointProperties'
?[0m?[0;34m2024-07-18T17:39:15.755-04:00 DEBUG 93785 --- [    Test worker] o.s.b.f.s.DefaultListableBeanFactory     : Autowiring by type from bean name 'controllerEndpointHandlerMapping' via factory method to bean named 'management.endpoints.web-org.springframework.boot.actuate.autoconfigure.endpoint.web.WebEndpointProperties'
?[0m?[0;34m2024-07-18T17:39:15.811-04:00 DEBUG 93785 --- [    Test worker] edFilterInvocationSecurityMetadataSource : Adding web access control expression [permitAll] for Mvc [pattern='/api/auth/user', POST]
?[0m?[0;34m2024-07-18T17:39:15.830-04:00 DEBUG 93785 --- [    Test worker] edFilterInvocationSecurityMetadataSource : Adding web access control expression [permitAll] for Mvc [pattern='/api/auth/list', GET]
?[0m?[0;34m2024-07-18T17:39:15.830-04:00 DEBUG 93785 --- [    Test worker] edFilterInvocationSecurityMetadataSource : Adding web access control expression [permitAll] for Mvc [pattern='/actuator/shutdown']
?[0m?[0;34m2024-07-18T17:39:15.830-04:00 DEBUG 93785 --- [    Test worker] edFilterInvocationSecurityMetadataSource : Adding web access control expression [permitAll] for Mvc [pattern='/h2-console/**']
?[0m?[0;34m2024-07-18T17:39:15.831-04:00 DEBUG 93785 --- [    Test worker] edFilterInvocationSecurityMetadataSource : Adding web access control expression [authenticated] for any request
?[0m?[0;34m2024-07-18T17:39:15.839-04:00  INFO 93785 --- [    Test worker] o.s.s.web.DefaultSecurityFilterChain     : Will secure any request with [org.springframework.security.web.session.DisableEncodeUrlFilter@2c9430c6, org.springframework.security.web.context.request.async.WebAsyncManagerIntegrationFilter@66978c15, org.springframework.security.web.context.SecurityContextHolderFilter@6ccfce5a, org.springframework.security.web.header.HeaderWriterFilter@7859fc7, org.springframework.security.web.authentication.logout.LogoutFilter@5edd2170, org.springframework.security.web.authentication.www.BasicAuthenticationFilter@56897de0, org.springframework.security.web.savedrequest.RequestCacheAwareFilter@14f03f2, org.springframework.security.web.servletapi.SecurityContextHolderAwareRequestFilter@235b4aea, org.springframework.security.web.authentication.AnonymousAuthenticationFilter@6c96dc5c, org.springframework.security.web.session.SessionManagementFilter@147203c2, org.springframework.security.web.access.ExceptionTranslationFilter@36def543, org.springframework.security.web.access.intercept.FilterSecurityInterceptor@2f53e07d]
?[0m?[0;34m2024-07-18T17:39:15.841-04:00 DEBUG 93785 --- [    Test worker] o.s.b.f.s.DefaultListableBeanFactory     : Creating shared instance of singleton bean 'delegatingApplicationListener'
?[0m?[0;34m2024-07-18T17:39:15.842-04:00 DEBUG 93785 --- [    Test worker] o.s.b.f.s.DefaultListableBeanFactory     : Creating shared instance of singleton bean 'springSecurityFilterChain'
?[0m?[0;34m2024-07-18T17:39:15.849-04:00 DEBUG 93785 --- [    Test worker] o.s.b.f.s.DefaultListableBeanFactory     : Creating shared instance of singleton bean 'webSecurityExpressionHandler'
?[0m?[0;34m2024-07-18T17:39:15.849-04:00 DEBUG 93785 --- [    Test worker] o.s.b.f.s.DefaultListableBeanFactory     : Creating shared instance of singleton bean 'privilegeEvaluator'
?[0m?[0;34m2024-07-18T17:39:15.850-04:00 DEBUG 93785 --- [    Test worker] o.s.b.f.s.DefaultListableBeanFactory     : Creating shared instance of singleton bean 'requestDataValueProcessor'
?[0m?[0;34m2024-07-18T17:39:15.851-04:00 DEBUG 93785 --- [    Test worker] o.s.b.f.s.DefaultListableBeanFactory     : Creating shared instance of singleton bean 'org.springframework.boot.autoconfigure.context.PropertyPlaceholderAutoConfiguration'
?[0m?[0;34m2024-07-18T17:39:15.852-04:00 DEBUG 93785 --- [    Test worker] o.s.b.f.s.DefaultListableBeanFactory     : Creating shared instance of singleton bean 'org.springframework.boot.autoconfigure.websocket.servlet.WebSocketServletAutoConfiguration'
?[0m?[0;34m2024-07-18T17:39:15.852-04:00 DEBUG 93785 --- [    Test worker] o.s.b.f.s.DefaultListableBeanFactory     : Creating shared instance of singleton bean 'org.springframework.boot.context.properties.EnableConfigurationPropertiesRegistrar.methodValidationExcludeFilter'
?[0m?[0;34m2024-07-18T17:39:15.854-04:00 DEBUG 93785 --- [    Test worker] o.s.b.f.s.DefaultListableBeanFactory     : Creating shared instance of singleton bean 'org.springframework.boot.autoconfigure.web.servlet.DispatcherServletAutoConfiguration'
?[0m?[0;34m2024-07-18T17:39:15.855-04:00 DEBUG 93785 --- [    Test worker] o.s.b.f.s.DefaultListableBeanFactory     : Creating shared instance of singleton bean 'org.springframework.boot.autoconfigure.task.TaskExecutionAutoConfiguration'
?[0m?[0;34m2024-07-18T17:39:15.855-04:00 DEBUG 93785 --- [    Test worker] o.s.b.f.s.DefaultListableBeanFactory     : Creating shared instance of singleton bean 'taskExecutorBuilder'
?[0m?[0;34m2024-07-18T17:39:15.857-04:00 DEBUG 93785 --- [    Test worker] o.s.b.f.s.DefaultListableBeanFactory     : Creating shared instance of singleton bean 'spring.task.execution-org.springframework.boot.autoconfigure.task.TaskExecutionProperties'
?[0m?[0;34m2024-07-18T17:39:15.858-04:00 DEBUG 93785 --- [    Test worker] o.s.b.f.s.DefaultListableBeanFactory     : Autowiring by type from bean name 'taskExecutorBuilder' via factory method to bean named 'spring.task.execution-org.springframework.boot.autoconfigure.task.TaskExecutionProperties'
?[0m?[0;34m2024-07-18T17:39:15.861-04:00 DEBUG 93785 --- [    Test worker] o.s.b.f.s.DefaultListableBeanFactory     : Creating shared instance of singleton bean 'org.springframework.boot.autoconfigure.web.servlet.error.ErrorMvcAutoConfiguration$WhitelabelErrorViewConfiguration'
?[0m?[0;34m2024-07-18T17:39:15.862-04:00 DEBUG 93785 --- [    Test worker] o.s.b.f.s.DefaultListableBeanFactory     : Creating shared instance of singleton bean 'error'
?[0m?[0;34m2024-07-18T17:39:15.863-04:00 DEBUG 93785 --- [    Test worker] o.s.b.f.s.DefaultListableBeanFactory     : Creating shared instance of singleton bean 'beanNameViewResolver'
?[0m?[0;34m2024-07-18T17:39:15.865-04:00 DEBUG 93785 --- [    Test worker] o.s.b.f.s.DefaultListableBeanFactory     : Creating shared instance of singleton bean 'org.springframework.boot.autoconfigure.web.servlet.error.ErrorMvcAutoConfiguration$DefaultErrorViewResolverConfiguration'
?[0m?[0;34m2024-07-18T17:39:15.865-04:00 DEBUG 93785 --- [    Test worker] o.s.b.f.s.DefaultListableBeanFactory     : Autowiring by type from bean name 'org.springframework.boot.autoconfigure.web.servlet.error.ErrorMvcAutoConfiguration$DefaultErrorViewResolverConfiguration' via constructor to bean named 'org.springframework.boot.web.servlet.context.AnnotationConfigServletWebServerApplicationContext@721eb7df'
?[0m?[0;34m2024-07-18T17:39:15.865-04:00 DEBUG 93785 --- [    Test worker] o.s.b.f.s.DefaultListableBeanFactory     : Autowiring by type from bean name 'org.springframework.boot.autoconfigure.web.servlet.error.ErrorMvcAutoConfiguration$DefaultErrorViewResolverConfiguration' via constructor to bean named 'spring.web-org.springframework.boot.autoconfigure.web.WebProperties'
?[0m?[0;34m2024-07-18T17:39:15.866-04:00 DEBUG 93785 --- [    Test worker] o.s.b.f.s.DefaultListableBeanFactory     : Creating shared instance of singleton bean 'conventionErrorViewResolver'
?[0m?[0;34m2024-07-18T17:39:15.867-04:00 DEBUG 93785 --- [    Test worker] o.s.b.f.s.DefaultListableBeanFactory     : Creating shared instance of singleton bean 'errorAttributes'
?[0m?[0;34m2024-07-18T17:39:15.868-04:00 DEBUG 93785 --- [    Test worker] o.s.b.f.s.DefaultListableBeanFactory     : Creating shared instance of singleton bean 'basicErrorController'
?[0m?[0;34m2024-07-18T17:39:15.870-04:00 DEBUG 93785 --- [    Test worker] o.s.b.f.s.DefaultListableBeanFactory     : Autowiring by type from bean name 'basicErrorController' via factory method to bean named 'errorAttributes'
?[0m?[0;34m2024-07-18T17:39:15.872-04:00 DEBUG 93785 --- [    Test worker] o.s.b.f.s.DefaultListableBeanFactory     : Creating shared instance of singleton bean 'requestMappingHandlerAdapter'
?[0m?[0;34m2024-07-18T17:39:15.873-04:00 DEBUG 93785 --- [    Test worker] o.s.b.f.s.DefaultListableBeanFactory     : Creating shared instance of singleton bean 'mvcValidator'
?[0m?[0;34m2024-07-18T17:39:15.875-04:00 DEBUG 93785 --- [    Test worker] o.s.b.f.s.DefaultListableBeanFactory     : Autowiring by type from bean name 'requestMappingHandlerAdapter' via factory method to bean named 'mvcContentNegotiationManager'
?[0m?[0;34m2024-07-18T17:39:15.875-04:00 DEBUG 93785 --- [    Test worker] o.s.b.f.s.DefaultListableBeanFactory     : Autowiring by type from bean name 'requestMappingHandlerAdapter' via factory method to bean named 'mvcConversionService'
?[0m?[0;34m2024-07-18T17:39:15.876-04:00 DEBUG 93785 --- [    Test worker] o.s.b.f.s.DefaultListableBeanFactory     : Autowiring by type from bean name 'requestMappingHandlerAdapter' via factory method to bean named 'mvcValidator'
?[0m?[0;34m2024-07-18T17:39:15.884-04:00 DEBUG 93785 --- [    Test worker] o.s.b.f.s.DefaultListableBeanFactory     : Creating shared instance of singleton bean 'sortResolver'
?[0m?[0;34m2024-07-18T17:39:15.886-04:00 DEBUG 93785 --- [    Test worker] o.s.b.f.s.DefaultListableBeanFactory     : Creating shared instance of singleton bean 'sortCustomizer'
?[0m?[0;34m2024-07-18T17:39:15.886-04:00 DEBUG 93785 --- [    Test worker] o.s.b.f.s.DefaultListableBeanFactory     : Creating shared instance of singleton bean 'org.springframework.boot.autoconfigure.data.web.SpringDataWebAutoConfiguration'
?[0m?[0;34m2024-07-18T17:39:15.887-04:00 DEBUG 93785 --- [    Test worker] o.s.b.f.s.DefaultListableBeanFactory     : Creating shared instance of singleton bean 'spring.data.web-org.springframework.boot.autoconfigure.data.web.SpringDataWebProperties'
?[0m?[0;34m2024-07-18T17:39:15.888-04:00 DEBUG 93785 --- [    Test worker] o.s.b.f.s.DefaultListableBeanFactory     : Autowiring by type from bean name 'org.springframework.boot.autoconfigure.data.web.SpringDataWebAutoConfiguration' via constructor to bean named 'spring.data.web-org.springframework.boot.autoconfigure.data.web.SpringDataWebProperties'
?[0m?[0;34m2024-07-18T17:39:15.890-04:00 DEBUG 93785 --- [    Test worker] o.s.b.f.s.DefaultListableBeanFactory     : Creating shared instance of singleton bean 'pageableResolver'
?[0m?[0;34m2024-07-18T17:39:15.892-04:00 DEBUG 93785 --- [    Test worker] o.s.b.f.s.DefaultListableBeanFactory     : Creating shared instance of singleton bean 'pageableCustomizer'
?[0m?[0;34m2024-07-18T17:39:15.897-04:00 DEBUG 93785 --- [    Test worker] o.s.b.f.s.DefaultListableBeanFactory     : Creating shared instance of singleton bean 'applicationTaskExecutor'
?[0m?[0;34m2024-07-18T17:39:15.898-04:00 DEBUG 93785 --- [    Test worker] o.s.b.f.s.DefaultListableBeanFactory     : Autowiring by type from bean name 'applicationTaskExecutor' via factory method to bean named 'taskExecutorBuilder'
?[0m?[0;34m2024-07-18T17:39:15.902-04:00 DEBUG 93785 --- [    Test worker] o.s.s.concurrent.ThreadPoolTaskExecutor  : Initializing ExecutorService 'applicationTaskExecutor'
?[0m?[0;34m2024-07-18T17:39:15.911-04:00 DEBUG 93785 --- [    Test worker] s.w.s.m.m.a.RequestMappingHandlerAdapter : ControllerAdvice beans: 0 @ModelAttribute, 0 @InitBinder, 1 RequestBodyAdvice, 1 ResponseBodyAdvice
?[0m?[0;34m2024-07-18T17:39:15.938-04:00 DEBUG 93785 --- [    Test worker] o.s.b.f.s.DefaultListableBeanFactory     : Creating shared instance of singleton bean 'localeResolver'
?[0m?[0;34m2024-07-18T17:39:15.941-04:00 DEBUG 93785 --- [    Test worker] o.s.b.f.s.DefaultListableBeanFactory     : Creating shared instance of singleton bean 'themeResolver'
?[0m?[0;34m2024-07-18T17:39:15.942-04:00 DEBUG 93785 --- [    Test worker] o.s.b.f.s.DefaultListableBeanFactory     : Creating shared instance of singleton bean 'flashMapManager'
?[0m?[0;34m2024-07-18T17:39:15.946-04:00 DEBUG 93785 --- [    Test worker] o.s.b.f.s.DefaultListableBeanFactory     : Creating shared instance of singleton bean 'mvcPatternParser'
?[0m?[0;34m2024-07-18T17:39:15.946-04:00 DEBUG 93785 --- [    Test worker] o.s.b.f.s.DefaultListableBeanFactory     : Creating shared instance of singleton bean 'mvcUrlPathHelper'
?[0m?[0;34m2024-07-18T17:39:15.947-04:00 DEBUG 93785 --- [    Test worker] o.s.b.f.s.DefaultListableBeanFactory     : Creating shared instance of singleton bean 'mvcPathMatcher'
?[0m?[0;34m2024-07-18T17:39:15.948-04:00 DEBUG 93785 --- [    Test worker] o.s.b.f.s.DefaultListableBeanFactory     : Creating shared instance of singleton bean 'handlerFunctionAdapter'
?[0m?[0;34m2024-07-18T17:39:15.950-04:00 DEBUG 93785 --- [    Test worker] o.s.b.f.s.DefaultListableBeanFactory     : Creating shared instance of singleton bean 'mvcUriComponentsContributor'
?[0m?[0;34m2024-07-18T17:39:15.951-04:00 DEBUG 93785 --- [    Test worker] o.s.b.f.s.DefaultListableBeanFactory     : Autowiring by type from bean name 'mvcUriComponentsContributor' via factory method to bean named 'mvcConversionService'
?[0m?[0;34m2024-07-18T17:39:15.951-04:00 DEBUG 93785 --- [    Test worker] o.s.b.f.s.DefaultListableBeanFactory     : Autowiring by type from bean name 'mvcUriComponentsContributor' via factory method to bean named 'requestMappingHandlerAdapter'
?[0m?[0;34m2024-07-18T17:39:15.953-04:00 DEBUG 93785 --- [    Test worker] o.s.b.f.s.DefaultListableBeanFactory     : Creating shared instance of singleton bean 'httpRequestHandlerAdapter'
?[0m?[0;34m2024-07-18T17:39:15.954-04:00 DEBUG 93785 --- [    Test worker] o.s.b.f.s.DefaultListableBeanFactory     : Creating shared instance of singleton bean 'simpleControllerHandlerAdapter'
?[0m?[0;34m2024-07-18T17:39:15.954-04:00 DEBUG 93785 --- [    Test worker] o.s.b.f.s.DefaultListableBeanFactory     : Creating shared instance of singleton bean 'handlerExceptionResolver'
?[0m?[0;34m2024-07-18T17:39:15.956-04:00 DEBUG 93785 --- [    Test worker] o.s.b.f.s.DefaultListableBeanFactory     : Autowiring by type from bean name 'handlerExceptionResolver' via factory method to bean named 'mvcContentNegotiationManager'
?[0m?[0;34m2024-07-18T17:39:15.959-04:00 DEBUG 93785 --- [    Test worker] .m.m.a.ExceptionHandlerExceptionResolver : ControllerAdvice beans: 0 @ExceptionHandler, 1 ResponseBodyAdvice
?[0m?[0;34m2024-07-18T17:39:15.962-04:00 DEBUG 93785 --- [    Test worker] o.s.b.f.s.DefaultListableBeanFactory     : Creating shared instance of singleton bean 'mvcViewResolver'
?[0m?[0;34m2024-07-18T17:39:15.962-04:00 DEBUG 93785 --- [    Test worker] o.s.b.f.s.DefaultListableBeanFactory     : Autowiring by type from bean name 'mvcViewResolver' via factory method to bean named 'mvcContentNegotiationManager'
?[0m?[0;34m2024-07-18T17:39:15.964-04:00 DEBUG 93785 --- [    Test worker] o.s.b.f.s.DefaultListableBeanFactory     : Creating shared instance of singleton bean 'viewNameTranslator'
?[0m?[0;34m2024-07-18T17:39:15.965-04:00 DEBUG 93785 --- [    Test worker] o.s.b.f.s.DefaultListableBeanFactory     : Creating shared instance of singleton bean 'defaultViewResolver'
?[0m?[0;34m2024-07-18T17:39:15.971-04:00 DEBUG 93785 --- [    Test worker] o.s.b.f.s.DefaultListableBeanFactory     : Creating shared instance of singleton bean 'viewResolver'
?[0m?[0;34m2024-07-18T17:39:15.972-04:00 DEBUG 93785 --- [    Test worker] o.s.b.f.s.DefaultListableBeanFactory     : Autowiring by type from bean name 'viewResolver' via factory method to bean named 'org.springframework.beans.factory.support.DefaultListableBeanFactory@54da32dc'
?[0m?[0;34m2024-07-18T17:39:15.974-04:00 DEBUG 93785 --- [    Test worker] o.s.b.f.s.DefaultListableBeanFactory     : Creating shared instance of singleton bean 'viewResolver'
?[0m?[0;34m2024-07-18T17:39:15.975-04:00 DEBUG 93785 --- [    Test worker] o.s.b.f.s.DefaultListableBeanFactory     : Creating shared instance of singleton bean 'org.springframework.boot.actuate.autoconfigure.audit.AuditEventsEndpointAutoConfiguration'
?[0m?[0;34m2024-07-18T17:39:15.978-04:00 DEBUG 93785 --- [    Test worker] o.s.b.f.s.DefaultListableBeanFactory     : Creating shared instance of singleton bean 'org.springframework.boot.autoconfigure.availability.ApplicationAvailabilityAutoConfiguration'
?[0m?[0;34m2024-07-18T17:39:15.979-04:00 DEBUG 93785 --- [    Test worker] o.s.b.f.s.DefaultListableBeanFactory     : Creating shared instance of singleton bean 'applicationAvailability'
?[0m?[0;34m2024-07-18T17:39:15.980-04:00 DEBUG 93785 --- [    Test worker] o.s.b.f.s.DefaultListableBeanFactory     : Creating shared instance of singleton bean 'org.springframework.boot.actuate.autoconfigure.availability.AvailabilityHealthContributorAutoConfiguration'
?[0m?[0;34m2024-07-18T17:39:15.982-04:00 DEBUG 93785 --- [    Test worker] o.s.b.f.s.DefaultListableBeanFactory     : Creating shared instance of singleton bean 'org.springframework.boot.autoconfigure.transaction.jta.JtaAutoConfiguration'
?[0m?[0;34m2024-07-18T17:39:15.982-04:00 DEBUG 93785 --- [    Test worker] o.s.b.f.s.DefaultListableBeanFactory     : Creating shared instance of singleton bean 'org.springframework.boot.autoconfigure.jdbc.DataSourceJmxConfiguration$Hikari'
?[0m?[0;34m2024-07-18T17:39:15.983-04:00 DEBUG 93785 --- [    Test worker] o.s.b.f.s.DefaultListableBeanFactory     : Autowiring by type from bean name 'org.springframework.boot.autoconfigure.jdbc.DataSourceJmxConfiguration$Hikari' via constructor to bean named 'dataSource'
?[0m?[0;34m2024-07-18T17:39:15.983-04:00 DEBUG 93785 --- [    Test worker] o.s.b.f.s.DefaultListableBeanFactory     : Creating shared instance of singleton bean 'org.springframework.boot.autoconfigure.jdbc.DataSourceJmxConfiguration'
?[0m?[0;34m2024-07-18T17:39:15.984-04:00 DEBUG 93785 --- [    Test worker] o.s.b.f.s.DefaultListableBeanFactory     : Creating shared instance of singleton bean 'org.springframework.boot.autoconfigure.jdbc.DataSourceAutoConfiguration$PooledDataSourceConfiguration'
?[0m?[0;34m2024-07-18T17:39:15.984-04:00 DEBUG 93785 --- [    Test worker] o.s.b.f.s.DefaultListableBeanFactory     : Creating shared instance of singleton bean 'org.springframework.boot.autoconfigure.jdbc.metadata.DataSourcePoolMetadataProvidersConfiguration'
?[0m?[0;34m2024-07-18T17:39:15.985-04:00 DEBUG 93785 --- [    Test worker] o.s.b.f.s.DefaultListableBeanFactory     : Creating shared instance of singleton bean 'org.springframework.boot.autoconfigure.jdbc.DataSourceAutoConfiguration'
?[0m?[0;34m2024-07-18T17:39:15.985-04:00 DEBUG 93785 --- [    Test worker] o.s.b.f.s.DefaultListableBeanFactory     : Creating shared instance of singleton bean 'org.springframework.boot.autoconfigure.orm.jpa.JpaBaseConfiguration$PersistenceManagedTypesConfiguration'
?[0m?[0;34m2024-07-18T17:39:15.986-04:00 DEBUG 93785 --- [    Test worker] o.s.b.f.s.DefaultListableBeanFactory     : Creating shared instance of singleton bean 'transactionManager'
?[0m?[0;34m2024-07-18T17:39:15.989-04:00 DEBUG 93785 --- [    Test worker] o.s.b.f.s.DefaultListableBeanFactory     : Creating shared instance of singleton bean 'platformTransactionManagerCustomizers'
?[0m?[0;34m2024-07-18T17:39:15.990-04:00 DEBUG 93785 --- [    Test worker] o.s.b.f.s.DefaultListableBeanFactory     : Creating shared instance of singleton bean 'org.springframework.boot.autoconfigure.transaction.TransactionAutoConfiguration'
?[0m?[0;34m2024-07-18T17:39:15.991-04:00 DEBUG 93785 --- [    Test worker] o.s.b.f.s.DefaultListableBeanFactory     : Creating shared instance of singleton bean 'spring.transaction-org.springframework.boot.autoconfigure.transaction.TransactionProperties'
?[0m?[0;34m2024-07-18T17:39:15.996-04:00 DEBUG 93785 --- [    Test worker] o.s.b.f.s.DefaultListableBeanFactory     : Creating shared instance of singleton bean 'org.springframework.boot.autoconfigure.orm.jpa.HibernateJpaAutoConfiguration'
?[0m?[0;34m2024-07-18T17:39:15.996-04:00 DEBUG 93785 --- [    Test worker] o.s.b.f.s.DefaultListableBeanFactory     : Creating shared instance of singleton bean 'org.springframework.boot.actuate.autoconfigure.web.servlet.ServletManagementContextAutoConfiguration'
?[0m?[0;34m2024-07-18T17:39:15.997-04:00 DEBUG 93785 --- [    Test worker] o.s.b.f.s.DefaultListableBeanFactory     : Creating shared instance of singleton bean 'servletWebChildContextFactory'
?[0m?[0;34m2024-07-18T17:39:15.998-04:00 DEBUG 93785 --- [    Test worker] o.s.b.f.s.DefaultListableBeanFactory     : Creating shared instance of singleton bean 'managementServletContext'
?[0m?[0;34m2024-07-18T17:39:15.998-04:00 DEBUG 93785 --- [    Test worker] o.s.b.f.s.DefaultListableBeanFactory     : Autowiring by type from bean name 'managementServletContext' via factory method to bean named 'management.endpoints.web-org.springframework.boot.actuate.autoconfigure.endpoint.web.WebEndpointProperties'
?[0m?[0;34m2024-07-18T17:39:15.999-04:00 DEBUG 93785 --- [    Test worker] o.s.b.f.s.DefaultListableBeanFactory     : Creating shared instance of singleton bean 'org.springframework.boot.actuate.autoconfigure.health.HealthEndpointAutoConfiguration'
?[0m?[0;34m2024-07-18T17:39:15.999-04:00 DEBUG 93785 --- [    Test worker] o.s.b.f.s.DefaultListableBeanFactory     : Creating shared instance of singleton bean 'org.springframework.boot.autoconfigure.info.ProjectInfoAutoConfiguration'
?[0m?[0;34m2024-07-18T17:39:16.001-04:00 DEBUG 93785 --- [    Test worker] o.s.b.f.s.DefaultListableBeanFactory     : Creating shared instance of singleton bean 'spring.info-org.springframework.boot.autoconfigure.info.ProjectInfoProperties'
?[0m?[0;34m2024-07-18T17:39:16.006-04:00 DEBUG 93785 --- [    Test worker] o.s.b.f.s.DefaultListableBeanFactory     : Autowiring by type from bean name 'org.springframework.boot.autoconfigure.info.ProjectInfoAutoConfiguration' via constructor to bean named 'spring.info-org.springframework.boot.autoconfigure.info.ProjectInfoProperties'
?[0m?[0;34m2024-07-18T17:39:16.006-04:00 DEBUG 93785 --- [    Test worker] o.s.b.f.s.DefaultListableBeanFactory     : Creating shared instance of singleton bean 'org.springframework.boot.actuate.autoconfigure.info.InfoContributorAutoConfiguration'
?[0m?[0;34m2024-07-18T17:39:16.010-04:00 DEBUG 93785 --- [    Test worker] o.s.b.f.s.DefaultListableBeanFactory     : Creating shared instance of singleton bean 'management.info-org.springframework.boot.actuate.autoconfigure.info.InfoContributorProperties'
?[0m?[0;34m2024-07-18T17:39:16.012-04:00 DEBUG 93785 --- [    Test worker] o.s.b.f.s.DefaultListableBeanFactory     : Creating shared instance of singleton bean 'pathMappedEndpoints'
?[0m?[0;34m2024-07-18T17:39:16.014-04:00 DEBUG 93785 --- [    Test worker] o.s.b.f.s.DefaultListableBeanFactory     : Autowiring by type from bean name 'pathMappedEndpoints' via factory method to bean named 'servletEndpointDiscoverer'
?[0m?[0;34m2024-07-18T17:39:16.014-04:00 DEBUG 93785 --- [    Test worker] o.s.b.f.s.DefaultListableBeanFactory     : Autowiring by type from bean name 'pathMappedEndpoints' via factory method to bean named 'webEndpointDiscoverer'
?[0m?[0;34m2024-07-18T17:39:16.014-04:00 DEBUG 93785 --- [    Test worker] o.s.b.f.s.DefaultListableBeanFactory     : Autowiring by type from bean name 'pathMappedEndpoints' via factory method to bean named 'controllerEndpointDiscoverer'
?[0m?[0;34m2024-07-18T17:39:16.016-04:00 DEBUG 93785 --- [    Test worker] o.s.b.f.s.DefaultListableBeanFactory     : Creating shared instance of singleton bean 'org.springframework.boot.actuate.autoconfigure.logging.LogFileWebEndpointAutoConfiguration'
?[0m?[0;34m2024-07-18T17:39:16.017-04:00 DEBUG 93785 --- [    Test worker] o.s.b.f.s.DefaultListableBeanFactory     : Creating shared instance of singleton bean 'management.endpoint.logfile-org.springframework.boot.actuate.autoconfigure.logging.LogFileWebEndpointProperties'
?[0m?[0;34m2024-07-18T17:39:16.018-04:00 DEBUG 93785 --- [    Test worker] o.s.b.f.s.DefaultListableBeanFactory     : Creating shared instance of singleton bean 'org.springframework.boot.actuate.autoconfigure.metrics.CompositeMeterRegistryAutoConfiguration'
?[0m?[0;34m2024-07-18T17:39:16.018-04:00 DEBUG 93785 --- [    Test worker] o.s.b.f.s.DefaultListableBeanFactory     : Creating shared instance of singleton bean 'org.springframework.boot.actuate.autoconfigure.metrics.JvmMetricsAutoConfiguration'
?[0m?[0;34m2024-07-18T17:39:16.019-04:00 DEBUG 93785 --- [    Test worker] o.s.b.f.s.DefaultListableBeanFactory     : Creating shared instance of singleton bean 'jvmGcMetrics'
?[0m?[0;34m2024-07-18T17:39:16.022-04:00 DEBUG 93785 --- [    Test worker] i.m.c.u.i.logging.InternalLoggerFactory  : Using SLF4J as the default logging framework
?[0m?[0;34m2024-07-18T17:39:16.028-04:00 DEBUG 93785 --- [    Test worker] o.s.b.f.s.DefaultListableBeanFactory     : Creating shared instance of singleton bean 'jvmHeapPressureMetrics'
?[0m?[0;34m2024-07-18T17:39:16.035-04:00 DEBUG 93785 --- [    Test worker] o.s.b.f.s.DefaultListableBeanFactory     : Creating shared instance of singleton bean 'jvmMemoryMetrics'
?[0m?[0;34m2024-07-18T17:39:16.035-04:00 DEBUG 93785 --- [    Test worker] o.s.b.f.s.DefaultListableBeanFactory     : Creating shared instance of singleton bean 'jvmThreadMetrics'
?[0m?[0;34m2024-07-18T17:39:16.037-04:00 DEBUG 93785 --- [    Test worker] o.s.b.f.s.DefaultListableBeanFactory     : Creating shared instance of singleton bean 'classLoaderMetrics'
?[0m?[0;34m2024-07-18T17:39:16.038-04:00 DEBUG 93785 --- [    Test worker] o.s.b.f.s.DefaultListableBeanFactory     : Creating shared instance of singleton bean 'jvmInfoMetrics'
?[0m?[0;34m2024-07-18T17:39:16.038-04:00 DEBUG 93785 --- [    Test worker] o.s.b.f.s.DefaultListableBeanFactory     : Creating shared instance of singleton bean 'jvmCompilationMetrics'
?[0m?[0;34m2024-07-18T17:39:16.039-04:00 DEBUG 93785 --- [    Test worker] o.s.b.f.s.DefaultListableBeanFactory     : Creating shared instance of singleton bean 'org.springframework.boot.actuate.autoconfigure.metrics.LogbackMetricsAutoConfiguration'
?[0m?[0;34m2024-07-18T17:39:16.039-04:00 DEBUG 93785 --- [    Test worker] o.s.b.f.s.DefaultListableBeanFactory     : Creating shared instance of singleton bean 'logbackMetrics'
?[0m?[0;34m2024-07-18T17:39:16.041-04:00 DEBUG 93785 --- [    Test worker] o.s.b.f.s.DefaultListableBeanFactory     : Creating shared instance of singleton bean 'org.springframework.boot.actuate.autoconfigure.metrics.SystemMetricsAutoConfiguration'
?[0m?[0;34m2024-07-18T17:39:16.042-04:00 DEBUG 93785 --- [    Test worker] o.s.b.f.s.DefaultListableBeanFactory     : Creating shared instance of singleton bean 'uptimeMetrics'
?[0m?[0;34m2024-07-18T17:39:16.043-04:00 DEBUG 93785 --- [    Test worker] o.s.b.f.s.DefaultListableBeanFactory     : Creating shared instance of singleton bean 'processorMetrics'
?[0m?[0;34m2024-07-18T17:39:16.046-04:00 DEBUG 93785 --- [    Test worker] o.s.b.f.s.DefaultListableBeanFactory     : Creating shared instance of singleton bean 'fileDescriptorMetrics'
?[0m?[0;34m2024-07-18T17:39:16.046-04:00 DEBUG 93785 --- [    Test worker] o.s.b.f.s.DefaultListableBeanFactory     : Creating shared instance of singleton bean 'diskSpaceMetrics'
?[0m?[0;34m2024-07-18T17:39:16.047-04:00 DEBUG 93785 --- [    Test worker] o.s.b.f.s.DefaultListableBeanFactory     : Autowiring by type from bean name 'diskSpaceMetrics' via factory method to bean named 'management.metrics-org.springframework.boot.actuate.autoconfigure.metrics.MetricsProperties'
?[0m?[0;34m2024-07-18T17:39:16.048-04:00 DEBUG 93785 --- [    Test worker] o.s.b.f.s.DefaultListableBeanFactory     : Creating shared instance of singleton bean 'org.springframework.boot.actuate.autoconfigure.metrics.integration.IntegrationMetricsAutoConfiguration'
?[0m?[0;34m2024-07-18T17:39:16.048-04:00 DEBUG 93785 --- [    Test worker] o.s.b.f.s.DefaultListableBeanFactory     : Creating shared instance of singleton bean 'org.springframework.boot.actuate.autoconfigure.metrics.jdbc.DataSourcePoolMetricsAutoConfiguration$HikariDataSourceMetricsConfiguration'
?[0m?[0;34m2024-07-18T17:39:16.049-04:00 DEBUG 93785 --- [    Test worker] o.s.b.f.s.DefaultListableBeanFactory     : Creating shared instance of singleton bean 'hikariDataSourceMeterBinder'
?[0m?[0;34m2024-07-18T17:39:16.050-04:00 DEBUG 93785 --- [    Test worker] o.s.b.f.s.DefaultListableBeanFactory     : Creating shared instance of singleton bean 'org.springframework.boot.actuate.autoconfigure.metrics.jdbc.DataSourcePoolMetricsAutoConfiguration$DataSourcePoolMetadataMetricsConfiguration'
?[0m?[0;34m2024-07-18T17:39:16.050-04:00 DEBUG 93785 --- [    Test worker] o.s.b.f.s.DefaultListableBeanFactory     : Creating shared instance of singleton bean 'dataSourcePoolMetadataMeterBinder'
?[0m?[0;34m2024-07-18T17:39:16.051-04:00 DEBUG 93785 --- [    Test worker] o.s.b.f.s.DefaultListableBeanFactory     : Autowiring by type from bean name 'dataSourcePoolMetadataMeterBinder' via factory method to bean named 'dataSource'
?[0m?[0;34m2024-07-18T17:39:16.051-04:00 DEBUG 93785 --- [    Test worker] o.s.b.f.s.DefaultListableBeanFactory     : Creating shared instance of singleton bean 'org.springframework.boot.actuate.autoconfigure.metrics.jdbc.DataSourcePoolMetricsAutoConfiguration'
?[0m?[0;34m2024-07-18T17:39:16.052-04:00 DEBUG 93785 --- [    Test worker] o.s.b.f.s.DefaultListableBeanFactory     : Creating shared instance of singleton bean 'org.springframework.boot.actuate.autoconfigure.metrics.startup.StartupTimeMetricsListenerAutoConfiguration'
?[0m?[0;34m2024-07-18T17:39:16.052-04:00 DEBUG 93785 --- [    Test worker] o.s.b.f.s.DefaultListableBeanFactory     : Creating shared instance of singleton bean 'startupTimeMetrics'
?[0m?[0;34m2024-07-18T17:39:16.053-04:00 DEBUG 93785 --- [    Test worker] o.s.b.f.s.DefaultListableBeanFactory     : Autowiring by type from bean name 'startupTimeMetrics' via factory method to bean named 'simpleMeterRegistry'
?[0m?[0;34m2024-07-18T17:39:16.054-04:00 DEBUG 93785 --- [    Test worker] o.s.b.f.s.DefaultListableBeanFactory     : Creating shared instance of singleton bean 'org.springframework.boot.autoconfigure.task.TaskSchedulingAutoConfiguration'
?[0m?[0;34m2024-07-18T17:39:16.056-04:00 DEBUG 93785 --- [    Test worker] o.s.b.f.s.DefaultListableBeanFactory     : Creating shared instance of singleton bean 'taskSchedulerBuilder'
?[0m?[0;34m2024-07-18T17:39:16.057-04:00 DEBUG 93785 --- [    Test worker] o.s.b.f.s.DefaultListableBeanFactory     : Creating shared instance of singleton bean 'spring.task.scheduling-org.springframework.boot.autoconfigure.task.TaskSchedulingProperties'
?[0m?[0;34m2024-07-18T17:39:16.059-04:00 DEBUG 93785 --- [    Test worker] o.s.b.f.s.DefaultListableBeanFactory     : Autowiring by type from bean name 'taskSchedulerBuilder' via factory method to bean named 'spring.task.scheduling-org.springframework.boot.autoconfigure.task.TaskSchedulingProperties'
?[0m?[0;34m2024-07-18T17:39:16.060-04:00 DEBUG 93785 --- [    Test worker] o.s.b.f.s.DefaultListableBeanFactory     : Creating shared instance of singleton bean 'org.springframework.boot.actuate.autoconfigure.metrics.task.TaskExecutorMetricsAutoConfiguration'
?[0m?[0;34m2024-07-18T17:39:16.071-04:00 DEBUG 93785 --- [    Test worker] o.s.b.f.s.DefaultListableBeanFactory     : Creating shared instance of singleton bean 'org.springframework.boot.actuate.autoconfigure.metrics.web.tomcat.TomcatMetricsAutoConfiguration'
?[0m?[0;34m2024-07-18T17:39:16.071-04:00 DEBUG 93785 --- [    Test worker] o.s.b.f.s.DefaultListableBeanFactory     : Creating shared instance of singleton bean 'tomcatMetricsBinder'
?[0m?[0;34m2024-07-18T17:39:16.072-04:00 DEBUG 93785 --- [    Test worker] o.s.b.f.s.DefaultListableBeanFactory     : Autowiring by type from bean name 'tomcatMetricsBinder' via factory method to bean named 'simpleMeterRegistry'
?[0m?[0;34m2024-07-18T17:39:16.072-04:00 DEBUG 93785 --- [    Test worker] o.s.b.f.s.DefaultListableBeanFactory     : Creating shared instance of singleton bean 'org.springframework.boot.actuate.autoconfigure.observation.ObservationAutoConfiguration$MeterObservationHandlerConfiguration'
?[0m?[0;34m2024-07-18T17:39:16.073-04:00 DEBUG 93785 --- [    Test worker] o.s.b.f.s.DefaultListableBeanFactory     : Creating shared instance of singleton bean 'org.springframework.boot.autoconfigure.gson.GsonAutoConfiguration'
?[0m?[0;34m2024-07-18T17:39:16.073-04:00 DEBUG 93785 --- [    Test worker] o.s.b.f.s.DefaultListableBeanFactory     : Creating shared instance of singleton bean 'gsonBuilder'
?[0m?[0;34m2024-07-18T17:39:16.074-04:00 DEBUG 93785 --- [    Test worker] o.s.b.f.s.DefaultListableBeanFactory     : Creating shared instance of singleton bean 'standardGsonBuilderCustomizer'
?[0m?[0;34m2024-07-18T17:39:16.074-04:00 DEBUG 93785 --- [    Test worker] o.s.b.f.s.DefaultListableBeanFactory     : Creating shared instance of singleton bean 'spring.gson-org.springframework.boot.autoconfigure.gson.GsonProperties'
?[0m?[0;34m2024-07-18T17:39:16.078-04:00 DEBUG 93785 --- [    Test worker] o.s.b.f.s.DefaultListableBeanFactory     : Autowiring by type from bean name 'standardGsonBuilderCustomizer' via factory method to bean named 'spring.gson-org.springframework.boot.autoconfigure.gson.GsonProperties'
?[0m?[0;34m2024-07-18T17:39:16.079-04:00 DEBUG 93785 --- [    Test worker] o.s.b.f.s.DefaultListableBeanFactory     : Autowiring by type from bean name 'gsonBuilder' via factory method to bean named 'standardGsonBuilderCustomizer'
?[0m?[0;34m2024-07-18T17:39:16.099-04:00 DEBUG 93785 --- [    Test worker] o.s.b.f.s.DefaultListableBeanFactory     : Creating shared instance of singleton bean 'gson'
?[0m?[0;34m2024-07-18T17:39:16.100-04:00 DEBUG 93785 --- [    Test worker] o.s.b.f.s.DefaultListableBeanFactory     : Autowiring by type from bean name 'gson' via factory method to bean named 'gsonBuilder'
?[0m?[0;34m2024-07-18T17:39:16.120-04:00 DEBUG 93785 --- [    Test worker] o.s.b.f.s.DefaultListableBeanFactory     : Creating shared instance of singleton bean 'org.springframework.boot.autoconfigure.http.JacksonHttpMessageConvertersConfiguration'
?[0m?[0;34m2024-07-18T17:39:16.120-04:00 DEBUG 93785 --- [    Test worker] o.s.b.f.s.DefaultListableBeanFactory     : Creating shared instance of singleton bean 'org.springframework.boot.autoconfigure.http.GsonHttpMessageConvertersConfiguration'
?[0m?[0;34m2024-07-18T17:39:16.121-04:00 DEBUG 93785 --- [    Test worker] o.s.b.f.s.DefaultListableBeanFactory     : Creating shared instance of singleton bean 'org.springframework.boot.autoconfigure.web.client.RestTemplateAutoConfiguration'
?[0m?[0;34m2024-07-18T17:39:16.121-04:00 DEBUG 93785 --- [    Test worker] o.s.b.f.s.DefaultListableBeanFactory     : Creating shared instance of singleton bean 'org.springframework.boot.actuate.autoconfigure.observation.web.client.RestTemplateObservationConfiguration'
?[0m?[0;34m2024-07-18T17:39:16.123-04:00 DEBUG 93785 --- [    Test worker] o.s.b.f.s.DefaultListableBeanFactory     : Creating shared instance of singleton bean 'observationRestTemplateCustomizer'
?[0m?[0;34m2024-07-18T17:39:16.124-04:00 DEBUG 93785 --- [    Test worker] o.s.b.f.s.DefaultListableBeanFactory     : Autowiring by type from bean name 'observationRestTemplateCustomizer' via factory method to bean named 'observationRegistry'
?[0m?[0;34m2024-07-18T17:39:16.124-04:00 DEBUG 93785 --- [    Test worker] o.s.b.f.s.DefaultListableBeanFactory     : Autowiring by type from bean name 'observationRestTemplateCustomizer' via factory method to bean named 'management.observations-org.springframework.boot.actuate.autoconfigure.observation.ObservationProperties'
?[0m?[0;34m2024-07-18T17:39:16.124-04:00 DEBUG 93785 --- [    Test worker] o.s.b.f.s.DefaultListableBeanFactory     : Autowiring by type from bean name 'observationRestTemplateCustomizer' via factory method to bean named 'management.metrics-org.springframework.boot.actuate.autoconfigure.metrics.MetricsProperties'
?[0m?[0;34m2024-07-18T17:39:16.128-04:00 DEBUG 93785 --- [    Test worker] o.s.b.f.s.DefaultListableBeanFactory     : Creating shared instance of singleton bean 'org.springframework.boot.actuate.autoconfigure.observation.web.client.HttpClientObservationsAutoConfiguration'
?[0m?[0;34m2024-07-18T17:39:16.128-04:00 DEBUG 93785 --- [    Test worker] o.s.b.f.s.DefaultListableBeanFactory     : Creating shared instance of singleton bean 'org.springframework.boot.actuate.autoconfigure.web.exchanges.HttpExchangesEndpointAutoConfiguration'
?[0m?[0;34m2024-07-18T17:39:16.129-04:00 DEBUG 93785 --- [    Test worker] o.s.b.f.s.DefaultListableBeanFactory     : Creating shared instance of singleton bean 'org.springframework.boot.autoconfigure.aop.AopAutoConfiguration$AspectJAutoProxyingConfiguration$CglibAutoProxyConfiguration'
?[0m?[0;34m2024-07-18T17:39:16.129-04:00 DEBUG 93785 --- [    Test worker] o.s.b.f.s.DefaultListableBeanFactory     : Creating shared instance of singleton bean 'org.springframework.boot.autoconfigure.aop.AopAutoConfiguration$AspectJAutoProxyingConfiguration'
?[0m?[0;34m2024-07-18T17:39:16.130-04:00 DEBUG 93785 --- [    Test worker] o.s.b.f.s.DefaultListableBeanFactory     : Creating shared instance of singleton bean 'org.springframework.boot.autoconfigure.aop.AopAutoConfiguration'
?[0m?[0;34m2024-07-18T17:39:16.130-04:00 DEBUG 93785 --- [    Test worker] o.s.b.f.s.DefaultListableBeanFactory     : Creating shared instance of singleton bean 'org.springframework.boot.autoconfigure.context.ConfigurationPropertiesAutoConfiguration'
?[0m?[0;34m2024-07-18T17:39:16.131-04:00 DEBUG 93785 --- [    Test worker] o.s.b.f.s.DefaultListableBeanFactory     : Creating shared instance of singleton bean 'org.springframework.boot.autoconfigure.context.LifecycleAutoConfiguration'
?[0m?[0;34m2024-07-18T17:39:16.131-04:00 DEBUG 93785 --- [    Test worker] o.s.b.f.s.DefaultListableBeanFactory     : Creating shared instance of singleton bean 'lifecycleProcessor'
?[0m?[0;34m2024-07-18T17:39:16.132-04:00 DEBUG 93785 --- [    Test worker] o.s.b.f.s.DefaultListableBeanFactory     : Creating shared instance of singleton bean 'spring.lifecycle-org.springframework.boot.autoconfigure.context.LifecycleProperties'
?[0m?[0;34m2024-07-18T17:39:16.133-04:00 DEBUG 93785 --- [    Test worker] o.s.b.f.s.DefaultListableBeanFactory     : Autowiring by type from bean name 'lifecycleProcessor' via factory method to bean named 'spring.lifecycle-org.springframework.boot.autoconfigure.context.LifecycleProperties'
?[0m?[0;34m2024-07-18T17:39:16.135-04:00 DEBUG 93785 --- [    Test worker] o.s.b.f.s.DefaultListableBeanFactory     : Creating shared instance of singleton bean 'org.springframework.boot.autoconfigure.dao.PersistenceExceptionTranslationAutoConfiguration'
?[0m?[0;34m2024-07-18T17:39:16.135-04:00 DEBUG 93785 --- [    Test worker] o.s.b.f.s.DefaultListableBeanFactory     : Creating shared instance of singleton bean 'org.springframework.boot.autoconfigure.data.jpa.JpaRepositoriesAutoConfiguration'
?[0m?[0;34m2024-07-18T17:39:16.137-04:00 DEBUG 93785 --- [    Test worker] o.s.b.f.s.DefaultListableBeanFactory     : Creating shared instance of singleton bean 'org.springframework.data.jpa.util.JpaMetamodelCacheCleanup'
?[0m?[0;34m2024-07-18T17:39:16.137-04:00 DEBUG 93785 --- [    Test worker] o.s.b.f.s.DefaultListableBeanFactory     : Creating shared instance of singleton bean 'org.springframework.data.jpa.repository.support.JpaEvaluationContextExtension'
?[0m?[0;34m2024-07-18T17:39:16.138-04:00 DEBUG 93785 --- [    Test worker] o.s.b.f.s.DefaultListableBeanFactory     : Creating shared instance of singleton bean 'data-jpa.repository-aot-processor#0'
?[0m?[0;34m2024-07-18T17:39:16.141-04:00 DEBUG 93785 --- [    Test worker] o.s.b.f.s.DefaultListableBeanFactory     : Creating shared instance of singleton bean 'org.springframework.data.web.config.ProjectingArgumentResolverRegistrar'
?[0m?[0;34m2024-07-18T17:39:16.141-04:00 DEBUG 93785 --- [    Test worker] o.s.b.f.s.DefaultListableBeanFactory     : Creating shared instance of singleton bean 'org.springframework.boot.autoconfigure.jdbc.JdbcTemplateConfiguration'
?[0m?[0;34m2024-07-18T17:39:16.142-04:00 DEBUG 93785 --- [    Test worker] o.s.b.f.s.DefaultListableBeanFactory     : Creating shared instance of singleton bean 'jdbcTemplate'
?[0m?[0;34m2024-07-18T17:39:16.143-04:00 DEBUG 93785 --- [    Test worker] o.s.b.f.s.DefaultListableBeanFactory     : Creating shared instance of singleton bean 'spring.jdbc-org.springframework.boot.autoconfigure.jdbc.JdbcProperties'
?[0m?[0;34m2024-07-18T17:39:16.144-04:00 DEBUG 93785 --- [    Test worker] o.s.b.f.s.DefaultListableBeanFactory     : Autowiring by type from bean name 'jdbcTemplate' via factory method to bean named 'dataSource'
?[0m?[0;34m2024-07-18T17:39:16.144-04:00 DEBUG 93785 --- [    Test worker] o.s.b.f.s.DefaultListableBeanFactory     : Autowiring by type from bean name 'jdbcTemplate' via factory method to bean named 'spring.jdbc-org.springframework.boot.autoconfigure.jdbc.JdbcProperties'
?[0m?[0;34m2024-07-18T17:39:16.155-04:00 DEBUG 93785 --- [    Test worker] o.s.b.f.s.DefaultListableBeanFactory     : Creating shared instance of singleton bean 'org.springframework.boot.autoconfigure.jdbc.NamedParameterJdbcTemplateConfiguration'
?[0m?[0;34m2024-07-18T17:39:16.156-04:00 DEBUG 93785 --- [    Test worker] o.s.b.f.s.DefaultListableBeanFactory     : Creating shared instance of singleton bean 'namedParameterJdbcTemplate'
?[0m?[0;34m2024-07-18T17:39:16.157-04:00 DEBUG 93785 --- [    Test worker] o.s.b.f.s.DefaultListableBeanFactory     : Autowiring by type from bean name 'namedParameterJdbcTemplate' via factory method to bean named 'jdbcTemplate'
?[0m?[0;34m2024-07-18T17:39:16.167-04:00 DEBUG 93785 --- [    Test worker] o.s.b.f.s.DefaultListableBeanFactory     : Creating shared instance of singleton bean 'org.springframework.boot.autoconfigure.jdbc.JdbcTemplateAutoConfiguration'
?[0m?[0;34m2024-07-18T17:39:16.168-04:00 DEBUG 93785 --- [    Test worker] o.s.b.f.s.DefaultListableBeanFactory     : Creating shared instance of singleton bean 'org.springframework.boot.autoconfigure.security.servlet.SpringBootWebSecurityConfiguration'
?[0m?[0;34m2024-07-18T17:39:16.169-04:00 DEBUG 93785 --- [    Test worker] o.s.b.f.s.DefaultListableBeanFactory     : Creating shared instance of singleton bean 'org.springframework.boot.autoconfigure.sql.init.SqlInitializationAutoConfiguration'
?[0m?[0;34m2024-07-18T17:39:16.169-04:00 DEBUG 93785 --- [    Test worker] o.s.b.f.s.DefaultListableBeanFactory     : Creating shared instance of singleton bean 'org.springframework.boot.autoconfigure.jdbc.DataSourceTransactionManagerAutoConfiguration$JdbcTransactionManagerConfiguration'
?[0m?[0;34m2024-07-18T17:39:16.171-04:00 DEBUG 93785 --- [    Test worker] o.s.b.f.s.DefaultListableBeanFactory     : Creating shared instance of singleton bean 'org.springframework.boot.autoconfigure.jdbc.DataSourceTransactionManagerAutoConfiguration'
?[0m?[0;34m2024-07-18T17:39:16.171-04:00 DEBUG 93785 --- [    Test worker] o.s.b.f.s.DefaultListableBeanFactory     : Creating shared instance of singleton bean 'org.springframework.boot.autoconfigure.transaction.TransactionAutoConfiguration$EnableTransactionManagementConfiguration$CglibAutoProxyConfiguration'
?[0m?[0;34m2024-07-18T17:39:16.172-04:00 DEBUG 93785 --- [    Test worker] o.s.b.f.s.DefaultListableBeanFactory     : Creating shared instance of singleton bean 'org.springframework.boot.autoconfigure.transaction.TransactionAutoConfiguration$EnableTransactionManagementConfiguration'
?[0m?[0;34m2024-07-18T17:39:16.172-04:00 DEBUG 93785 --- [    Test worker] o.s.b.f.s.DefaultListableBeanFactory     : Creating shared instance of singleton bean 'org.springframework.boot.autoconfigure.transaction.TransactionAutoConfiguration$TransactionTemplateConfiguration'
?[0m?[0;34m2024-07-18T17:39:16.173-04:00 DEBUG 93785 --- [    Test worker] o.s.b.f.s.DefaultListableBeanFactory     : Creating shared instance of singleton bean 'transactionTemplate'
?[0m?[0;34m2024-07-18T17:39:16.174-04:00 DEBUG 93785 --- [    Test worker] o.s.b.f.s.DefaultListableBeanFactory     : Autowiring by type from bean name 'transactionTemplate' via factory method to bean named 'transactionManager'
?[0m?[0;34m2024-07-18T17:39:16.176-04:00 DEBUG 93785 --- [    Test worker] o.s.b.f.s.DefaultListableBeanFactory     : Creating shared instance of singleton bean 'org.springframework.boot.autoconfigure.web.embedded.EmbeddedWebServerFactoryCustomizerAutoConfiguration'
?[0m?[0;34m2024-07-18T17:39:16.176-04:00 DEBUG 93785 --- [    Test worker] o.s.b.f.s.DefaultListableBeanFactory     : Creating shared instance of singleton bean 'multipartResolver'
?[0m?[0;34m2024-07-18T17:39:16.178-04:00 DEBUG 93785 --- [    Test worker] o.s.b.f.s.DefaultListableBeanFactory     : Creating shared instance of singleton bean 'org.springframework.boot.actuate.autoconfigure.security.servlet.SecurityRequestMatchersManagementContextConfiguration$MvcRequestMatcherConfiguration'
?[0m?[0;34m2024-07-18T17:39:16.179-04:00 DEBUG 93785 --- [    Test worker] o.s.b.f.s.DefaultListableBeanFactory     : Creating shared instance of singleton bean 'requestMatcherProvider'
?[0m?[0;34m2024-07-18T17:39:16.180-04:00 DEBUG 93785 --- [    Test worker] o.s.b.f.s.DefaultListableBeanFactory     : Autowiring by type from bean name 'requestMatcherProvider' via factory method to bean named 'dispatcherServletRegistration'
?[0m?[0;34m2024-07-18T17:39:16.181-04:00 DEBUG 93785 --- [    Test worker] o.s.b.f.s.DefaultListableBeanFactory     : Creating shared instance of singleton bean 'org.springframework.boot.actuate.autoconfigure.security.servlet.SecurityRequestMatchersManagementContextConfiguration'
?[0m?[0;34m2024-07-18T17:39:16.181-04:00 DEBUG 93785 --- [    Test worker] o.s.b.f.s.DefaultListableBeanFactory     : Creating shared instance of singleton bean 'org.springframework.boot.actuate.autoconfigure.web.server.ManagementContextAutoConfiguration$SameManagementContextConfiguration$EnableSameManagementContextConfiguration'
?[0m?[0;34m2024-07-18T17:39:16.181-04:00 DEBUG 93785 --- [    Test worker] o.s.b.f.s.DefaultListableBeanFactory     : Creating shared instance of singleton bean 'org.springframework.boot.actuate.autoconfigure.web.server.ManagementContextAutoConfiguration$SameManagementContextConfiguration'
?[0m?[0;34m2024-07-18T17:39:16.182-04:00 DEBUG 93785 --- [    Test worker] o.s.b.f.s.DefaultListableBeanFactory     : Autowiring by type from bean name 'org.springframework.boot.actuate.autoconfigure.web.server.ManagementContextAutoConfiguration$SameManagementContextConfiguration' via constructor to bean named 'environment'
?[0m?[0;34m2024-07-18T17:39:16.183-04:00 DEBUG 93785 --- [    Test worker] o.s.b.f.s.DefaultListableBeanFactory     : Creating shared instance of singleton bean 'org.springframework.boot.actuate.autoconfigure.web.server.ManagementContextAutoConfiguration'
?[0m?[0;34m2024-07-18T17:39:16.183-04:00 DEBUG 93785 --- [    Test worker] o.s.b.f.s.DefaultListableBeanFactory     : Creating shared instance of singleton bean 'management.server-org.springframework.boot.actuate.autoconfigure.web.server.ManagementServerProperties'
?[0m?[0;34m2024-07-18T17:39:16.245-04:00 DEBUG 93785 --- [    Test worker] o.s.c.support.DefaultLifecycleProcessor  : Starting beans in phase -2147483647
?[0m?[0;34m2024-07-18T17:39:16.245-04:00 DEBUG 93785 --- [    Test worker] o.s.c.support.DefaultLifecycleProcessor  : Successfully started bean 'springBootLoggingLifecycle'
?[0m?[0;34m2024-07-18T17:39:16.246-04:00 DEBUG 93785 --- [    Test worker] o.s.c.support.DefaultLifecycleProcessor  : Starting beans in phase 2147481599
?[0;34m2024-07-18T17:39:16.260-04:00 DEBUG 93785 --- [-28852-Acceptor] o.apache.tomcat.util.threads.LimitLatch  : Counting up[http-nio-28852-Acceptor] latch=0
?[0m?[0;34m2024-07-18T17:39:16.260-04:00  INFO 93785 --- [    Test worker] o.s.b.w.embedded.tomcat.TomcatWebServer  : Tomcat started on port(s): 28852 (http) with context path ''
?[0m?[0;34m2024-07-18T17:39:16.262-04:00 DEBUG 93785 --- [    Test worker] o.s.c.support.DefaultLifecycleProcessor  : Successfully started bean 'webServerStartStop'
?[0m?[0;34m2024-07-18T17:39:16.262-04:00 DEBUG 93785 --- [    Test worker] o.s.c.support.DefaultLifecycleProcessor  : Starting beans in phase 2147482623
?[0m?[0;34m2024-07-18T17:39:16.263-04:00 DEBUG 93785 --- [    Test worker] o.s.c.support.DefaultLifecycleProcessor  : Successfully started bean 'webServerGracefulShutdown'
?[0m?[0;34m2024-07-18T17:39:16.286-04:00 DEBUG 93785 --- [    Test worker] .s.b.a.l.ConditionEvaluationReportLogger : 
?[0m?[0;34m
?[0m?[0;34m
?[0m?[0;34m============================
?[0m?[0;34mCONDITIONS EVALUATION REPORT
?[0m?[0;34m============================
?[0m?[0;34m
?[0m?[0;34m
?[0m?[0;34mPositive matches:
?[0m?[0;34m-----------------
?[0m?[0;34m
?[0m?[0;34m   AopAutoConfiguration matched:
?[0m?[0;34m      - @ConditionalOnProperty (spring.aop.auto=true) matched (OnPropertyCondition)
?[0m?[0;34m
?[0m?[0;34m   AopAutoConfiguration.AspectJAutoProxyingConfiguration matched:
?[0m?[0;34m      - @ConditionalOnClass found required class 'org.aspectj.weaver.Advice' (OnClassCondition)
?[0m?[0;34m
?[0m?[0;34m   AopAutoConfiguration.AspectJAutoProxyingConfiguration.CglibAutoProxyConfiguration matched:
?[0m?[0;34m      - @ConditionalOnProperty (spring.aop.proxy-target-class=true) matched (OnPropertyCondition)
?[0m?[0;34m
?[0m?[0;34m   AuditEventsEndpointAutoConfiguration matched:
?[0m?[0;34m      - @ConditionalOnAvailableEndpoint marked as exposed by a 'management.endpoints.web.exposure' property (OnAvailableEndpointCondition)
?[0m?[0;34m
?[0m?[0;34m   BeansEndpointAutoConfiguration matched:
?[0m?[0;34m      - @ConditionalOnAvailableEndpoint marked as exposed by a 'management.endpoints.web.exposure' property (OnAvailableEndpointCondition)
?[0m?[0;34m
?[0m?[0;34m   BeansEndpointAutoConfiguration#beansEndpoint matched:
?[0m?[0;34m      - @ConditionalOnMissingBean (types: org.springframework.boot.actuate.beans.BeansEndpoint; SearchStrategy: all) did not find any beans (OnBeanCondition)
?[0m?[0;34m
?[0m?[0;34m   CacheMeterBinderProvidersConfiguration matched:
?[0m?[0;34m      - @ConditionalOnClass found required class 'io.micrometer.core.instrument.binder.MeterBinder' (OnClassCondition)
?[0m?[0;34m
?[0m?[0;34m   CachesEndpointAutoConfiguration matched:
?[0m?[0;34m      - @ConditionalOnClass found required class 'org.springframework.cache.CacheManager' (OnClassCondition)
?[0m?[0;34m      - @ConditionalOnAvailableEndpoint marked as exposed by a 'management.endpoints.web.exposure' property (OnAvailableEndpointCondition)
?[0m?[0;34m
?[0m?[0;34m   CachesEndpointAutoConfiguration#cachesEndpoint matched:
?[0m?[0;34m      - @ConditionalOnMissingBean (types: org.springframework.boot.actuate.cache.CachesEndpoint; SearchStrategy: all) did not find any beans (OnBeanCondition)
?[0m?[0;34m
?[0m?[0;34m   CachesEndpointAutoConfiguration#cachesEndpointWebExtension matched:
?[0m?[0;34m      - @ConditionalOnBean (types: org.springframework.boot.actuate.cache.CachesEndpoint; SearchStrategy: all) found bean 'cachesEndpoint'; @ConditionalOnMissingBean (types: org.springframework.boot.actuate.cache.CachesEndpointWebExtension; SearchStrategy: all) did not find any beans (OnBeanCondition)
?[0m?[0;34m      - @ConditionalOnAvailableEndpoint marked as exposed by a 'management.endpoints.web.exposure' property (OnAvailableEndpointCondition)
?[0m?[0;34m
?[0m?[0;34m   CompositeMeterRegistryAutoConfiguration matched:
?[0m?[0;34m      - @ConditionalOnClass found required class 'io.micrometer.core.instrument.composite.CompositeMeterRegistry' (OnClassCondition)
?[0m?[0;34m
?[0m?[0;34m   ConditionsReportEndpointAutoConfiguration matched:
?[0m?[0;34m      - @ConditionalOnAvailableEndpoint marked as exposed by a 'management.endpoints.web.exposure' property (OnAvailableEndpointCondition)
?[0m?[0;34m
?[0m?[0;34m   ConditionsReportEndpointAutoConfiguration#conditionsReportEndpoint matched:
?[0m?[0;34m      - @ConditionalOnMissingBean (types: org.springframework.boot.actuate.autoconfigure.condition.ConditionsReportEndpoint; SearchStrategy: current) did not find any beans (OnBeanCondition)
?[0m?[0;34m
?[0m?[0;34m   ConfigurationPropertiesReportEndpointAutoConfiguration matched:
?[0m?[0;34m      - @ConditionalOnAvailableEndpoint marked as exposed by a 'management.endpoints.web.exposure' property (OnAvailableEndpointCondition)
?[0m?[0;34m
?[0m?[0;34m   ConfigurationPropertiesReportEndpointAutoConfiguration#configurationPropertiesReportEndpoint matched:
?[0m?[0;34m      - @ConditionalOnMissingBean (types: org.springframework.boot.actuate.context.properties.ConfigurationPropertiesReportEndpoint; SearchStrategy: all) did not find any beans (OnBeanCondition)
?[0m?[0;34m
?[0m?[0;34m   ConfigurationPropertiesReportEndpointAutoConfiguration#configurationPropertiesReportEndpointWebExtension matched:
?[0m?[0;34m      - @ConditionalOnBean (types: org.springframework.boot.actuate.context.properties.ConfigurationPropertiesReportEndpoint; SearchStrategy: all) found bean 'configurationPropertiesReportEndpoint'; @ConditionalOnMissingBean (types: org.springframework.boot.actuate.context.properties.ConfigurationPropertiesReportEndpointWebExtension; SearchStrategy: all) did not find any beans (OnBeanCondition)
?[0m?[0;34m      - @ConditionalOnAvailableEndpoint marked as exposed by a 'management.endpoints.web.exposure' property (OnAvailableEndpointCondition)
?[0m?[0;34m
?[0m?[0;34m   DataSourceAutoConfiguration matched:
?[0m?[0;34m      - @ConditionalOnClass found required classes 'javax.sql.DataSource', 'org.springframework.jdbc.datasource.embedded.EmbeddedDatabaseType' (OnClassCondition)
?[0m?[0;34m      - @ConditionalOnMissingBean (types: io.r2dbc.spi.ConnectionFactory; SearchStrategy: all) did not find any beans (OnBeanCondition)
?[0m?[0;34m
?[0m?[0;34m   DataSourceAutoConfiguration.PooledDataSourceConfiguration matched:
?[0m?[0;34m      - AnyNestedCondition 1 matched 1 did not; NestedCondition on DataSourceAutoConfiguration.PooledDataSourceCondition.PooledDataSourceAvailable PooledDataSource found supported DataSource; NestedCondition on DataSourceAutoConfiguration.PooledDataSourceCondition.ExplicitType @ConditionalOnProperty (spring.datasource.type) did not find property 'type' (DataSourceAutoConfiguration.PooledDataSourceCondition)
?[0m?[0;34m      - @ConditionalOnMissingBean (types: javax.sql.DataSource,javax.sql.XADataSource; SearchStrategy: all) did not find any beans (OnBeanCondition)
?[0m?[0;34m
?[0m?[0;34m   DataSourceConfiguration.Hikari matched:
?[0m?[0;34m      - @ConditionalOnClass found required class 'com.zaxxer.hikari.HikariDataSource' (OnClassCondition)
?[0m?[0;34m      - @ConditionalOnProperty (spring.datasource.type=com.zaxxer.hikari.HikariDataSource) matched (OnPropertyCondition)
?[0m?[0;34m      - @ConditionalOnMissingBean (types: javax.sql.DataSource; SearchStrategy: all) did not find any beans (OnBeanCondition)
?[0m?[0;34m
?[0m?[0;34m   DataSourceHealthContributorAutoConfiguration matched:
?[0m?[0;34m      - @ConditionalOnClass found required classes 'org.springframework.jdbc.core.JdbcTemplate', 'org.springframework.jdbc.datasource.lookup.AbstractRoutingDataSource' (OnClassCondition)
?[0m?[0;34m      - @ConditionalOnEnabledHealthIndicator management.health.defaults.enabled is considered true (OnEnabledHealthIndicatorCondition)
?[0m?[0;34m      - @ConditionalOnBean (types: javax.sql.DataSource; SearchStrategy: all) found bean 'dataSource' (OnBeanCondition)
?[0m?[0;34m
?[0m?[0;34m   DataSourceHealthContributorAutoConfiguration#dbHealthContributor matched:
?[0m?[0;34m      - @ConditionalOnMissingBean (names: dbHealthIndicator,dbHealthContributor; SearchStrategy: all) did not find any beans (OnBeanCondition)
?[0m?[0;34m
?[0m?[0;34m   DataSourceInitializationConfiguration matched:
?[0m?[0;34m      - @ConditionalOnClass found required class 'org.springframework.jdbc.datasource.init.DatabasePopulator' (OnClassCondition)
?[0m?[0;34m      - @ConditionalOnSingleCandidate (types: javax.sql.DataSource; SearchStrategy: all) found a single bean 'dataSource'; @ConditionalOnMissingBean (types: org.springframework.boot.autoconfigure.sql.init.SqlDataSourceScriptDatabaseInitializer,org.springframework.boot.autoconfigure.sql.init.SqlR2dbcScriptDatabaseInitializer; SearchStrategy: all) did not find any beans (OnBeanCondition)
?[0m?[0;34m
?[0m?[0;34m   DataSourceJmxConfiguration matched:
?[0m?[0;34m      - @ConditionalOnProperty (spring.jmx.enabled=true) matched (OnPropertyCondition)
?[0m?[0;34m
?[0m?[0;34m   DataSourceJmxConfiguration.Hikari matched:
?[0m?[0;34m      - @ConditionalOnClass found required class 'com.zaxxer.hikari.HikariDataSource' (OnClassCondition)
?[0m?[0;34m      - @ConditionalOnSingleCandidate (types: javax.sql.DataSource; SearchStrategy: all) found a single bean 'dataSource' (OnBeanCondition)
?[0m?[0;34m
?[0m?[0;34m   DataSourcePoolMetadataProvidersConfiguration.HikariPoolDataSourceMetadataProviderConfiguration matched:
?[0m?[0;34m      - @ConditionalOnClass found required class 'com.zaxxer.hikari.HikariDataSource' (OnClassCondition)
?[0m?[0;34m
?[0m?[0;34m   DataSourcePoolMetricsAutoConfiguration matched:
?[0m?[0;34m      - @ConditionalOnClass found required classes 'javax.sql.DataSource', 'io.micrometer.core.instrument.MeterRegistry' (OnClassCondition)
?[0m?[0;34m      - @ConditionalOnBean (types: javax.sql.DataSource,io.micrometer.core.instrument.MeterRegistry; SearchStrategy: all) found beans 'simpleMeterRegistry', 'dataSource' (OnBeanCondition)
?[0m?[0;34m
?[0m?[0;34m   DataSourcePoolMetricsAutoConfiguration.DataSourcePoolMetadataMetricsConfiguration matched:
?[0m?[0;34m      - @ConditionalOnBean (types: org.springframework.boot.jdbc.metadata.DataSourcePoolMetadataProvider; SearchStrategy: all) found bean 'hikariPoolDataSourceMetadataProvider' (OnBeanCondition)
?[0m?[0;34m
?[0m?[0;34m   DataSourcePoolMetricsAutoConfiguration.HikariDataSourceMetricsConfiguration matched:
?[0m?[0;34m      - @ConditionalOnClass found required class 'com.zaxxer.hikari.HikariDataSource' (OnClassCondition)
?[0m?[0;34m
?[0m?[0;34m   DataSourceTransactionManagerAutoConfiguration matched:
?[0m?[0;34m      - @ConditionalOnClass found required classes 'org.springframework.jdbc.core.JdbcTemplate', 'org.springframework.transaction.TransactionManager' (OnClassCondition)
?[0m?[0;34m
?[0m?[0;34m   DataSourceTransactionManagerAutoConfiguration.JdbcTransactionManagerConfiguration matched:
?[0m?[0;34m      - @ConditionalOnSingleCandidate (types: javax.sql.DataSource; SearchStrategy: all) found a single bean 'dataSource' (OnBeanCondition)
?[0m?[0;34m
?[0m?[0;34m   DiskSpaceHealthContributorAutoConfiguration matched:
?[0m?[0;34m      - @ConditionalOnEnabledHealthIndicator management.health.defaults.enabled is considered true (OnEnabledHealthIndicatorCondition)
?[0m?[0;34m
?[0m?[0;34m   DiskSpaceHealthContributorAutoConfiguration#diskSpaceHealthIndicator matched:
?[0m?[0;34m      - @ConditionalOnMissingBean (names: diskSpaceHealthIndicator; SearchStrategy: all) did not find any beans (OnBeanCondition)
?[0m?[0;34m
?[0m?[0;34m   DispatcherServletAutoConfiguration matched:
?[0m?[0;34m      - @ConditionalOnClass found required class 'org.springframework.web.servlet.DispatcherServlet' (OnClassCondition)
?[0m?[0;34m      - found 'session' scope (OnWebApplicationCondition)
?[0m?[0;34m
?[0m?[0;34m   DispatcherServletAutoConfiguration.DispatcherServletConfiguration matched:
?[0m?[0;34m      - @ConditionalOnClass found required class 'jakarta.servlet.ServletRegistration' (OnClassCondition)
?[0m?[0;34m      - Default DispatcherServlet did not find dispatcher servlet beans (DispatcherServletAutoConfiguration.DefaultDispatcherServletCondition)
?[0m?[0;34m
?[0m?[0;34m   DispatcherServletAutoConfiguration.DispatcherServletRegistrationConfiguration matched:
?[0m?[0;34m      - @ConditionalOnClass found required class 'jakarta.servlet.ServletRegistration' (OnClassCondition)
?[0m?[0;34m      - DispatcherServlet Registration did not find servlet registration bean (DispatcherServletAutoConfiguration.DispatcherServletRegistrationCondition)
?[0m?[0;34m
?[0m?[0;34m   DispatcherServletAutoConfiguration.DispatcherServletRegistrationConfiguration#dispatcherServletRegistration matched:
?[0m?[0;34m      - @ConditionalOnBean (names: dispatcherServlet types: org.springframework.web.servlet.DispatcherServlet; SearchStrategy: all) found bean 'dispatcherServlet' (OnBeanCondition)
?[0m?[0;34m
?[0m?[0;34m   EmbeddedWebServerFactoryCustomizerAutoConfiguration matched:
?[0m?[0;34m      - @ConditionalOnWebApplication (required) found 'session' scope (OnWebApplicationCondition)
?[0m?[0;34m
?[0m?[0;34m   EmbeddedWebServerFactoryCustomizerAutoConfiguration.TomcatWebServerFactoryCustomizerConfiguration matched:
?[0m?[0;34m      - @ConditionalOnClass found required classes 'org.apache.catalina.startup.Tomcat', 'org.apache.coyote.UpgradeProtocol' (OnClassCondition)
?[0m?[0;34m
?[0m?[0;34m   EndpointAutoConfiguration#endpointCachingOperationInvokerAdvisor matched:
?[0m?[0;34m      - @ConditionalOnMissingBean (types: org.springframework.boot.actuate.endpoint.invoker.cache.CachingOperationInvokerAdvisor; SearchStrategy: all) did not find any beans (OnBeanCondition)
?[0m?[0;34m
?[0m?[0;34m   EndpointAutoConfiguration#endpointOperationParameterMapper matched:
?[0m?[0;34m      - @ConditionalOnMissingBean (types: org.springframework.boot.actuate.endpoint.invoke.ParameterValueMapper; SearchStrategy: all) did not find any beans (OnBeanCondition)
?[0m?[0;34m
?[0m?[0;34m   EnvironmentEndpointAutoConfiguration matched:
?[0m?[0;34m      - @ConditionalOnAvailableEndpoint marked as exposed by a 'management.endpoints.web.exposure' property (OnAvailableEndpointCondition)
?[0m?[0;34m
?[0m?[0;34m   EnvironmentEndpointAutoConfiguration#environmentEndpoint matched:
?[0m?[0;34m      - @ConditionalOnMissingBean (types: org.springframework.boot.actuate.env.EnvironmentEndpoint; SearchStrategy: all) did not find any beans (OnBeanCondition)
?[0m?[0;34m
?[0m?[0;34m   EnvironmentEndpointAutoConfiguration#environmentEndpointWebExtension matched:
?[0m?[0;34m      - @ConditionalOnBean (types: org.springframework.boot.actuate.env.EnvironmentEndpoint; SearchStrategy: all) found bean 'environmentEndpoint'; @ConditionalOnMissingBean (types: org.springframework.boot.actuate.env.EnvironmentEndpointWebExtension; SearchStrategy: all) did not find any beans (OnBeanCondition)
?[0m?[0;34m      - @ConditionalOnAvailableEndpoint marked as exposed by a 'management.endpoints.web.exposure' property (OnAvailableEndpointCondition)
?[0m?[0;34m
?[0m?[0;34m   ErrorMvcAutoConfiguration matched:
?[0m?[0;34m      - @ConditionalOnClass found required classes 'jakarta.servlet.Servlet', 'org.springframework.web.servlet.DispatcherServlet' (OnClassCondition)
?[0m?[0;34m      - found 'session' scope (OnWebApplicationCondition)
?[0m?[0;34m
?[0m?[0;34m   ErrorMvcAutoConfiguration#basicErrorController matched:
?[0m?[0;34m      - @ConditionalOnMissingBean (types: org.springframework.boot.web.servlet.error.ErrorController; SearchStrategy: current) did not find any beans (OnBeanCondition)
?[0m?[0;34m
?[0m?[0;34m   ErrorMvcAutoConfiguration#errorAttributes matched:
?[0m?[0;34m      - @ConditionalOnMissingBean (types: org.springframework.boot.web.servlet.error.ErrorAttributes; SearchStrategy: current) did not find any beans (OnBeanCondition)
?[0m?[0;34m
?[0m?[0;34m   ErrorMvcAutoConfiguration.DefaultErrorViewResolverConfiguration#conventionErrorViewResolver matched:
?[0m?[0;34m      - @ConditionalOnBean (types: org.springframework.web.servlet.DispatcherServlet; SearchStrategy: all) found bean 'dispatcherServlet'; @ConditionalOnMissingBean (types: org.springframework.boot.autoconfigure.web.servlet.error.ErrorViewResolver; SearchStrategy: all) did not find any beans (OnBeanCondition)
?[0m?[0;34m
?[0m?[0;34m   ErrorMvcAutoConfiguration.WhitelabelErrorViewConfiguration matched:
?[0m?[0;34m      - @ConditionalOnProperty (server.error.whitelabel.enabled) matched (OnPropertyCondition)
?[0m?[0;34m      - ErrorTemplate Missing did not find error template view (ErrorMvcAutoConfiguration.ErrorTemplateMissingCondition)
?[0m?[0;34m
?[0m?[0;34m   ErrorMvcAutoConfiguration.WhitelabelErrorViewConfiguration#beanNameViewResolver matched:
?[0m?[0;34m      - @ConditionalOnMissingBean (types: org.springframework.web.servlet.view.BeanNameViewResolver; SearchStrategy: all) did not find any beans (OnBeanCondition)
?[0m?[0;34m
?[0m?[0;34m   ErrorMvcAutoConfiguration.WhitelabelErrorViewConfiguration#defaultErrorView matched:
?[0m?[0;34m      - @ConditionalOnMissingBean (names: error; SearchStrategy: all) did not find any beans (OnBeanCondition)
?[0m?[0;34m
?[0m?[0;34m   GenericCacheConfiguration matched:
?[0m?[0;34m      - Cache org.springframework.boot.autoconfigure.cache.GenericCacheConfiguration automatic cache type (CacheCondition)
?[0m?[0;34m
?[0m?[0;34m   GsonAutoConfiguration matched:
?[0m?[0;34m      - @ConditionalOnClass found required class 'com.google.gson.Gson' (OnClassCondition)
?[0m?[0;34m
?[0m?[0;34m   GsonAutoConfiguration#gson matched:
?[0m?[0;34m      - @ConditionalOnMissingBean (types: com.google.gson.Gson; SearchStrategy: all) did not find any beans (OnBeanCondition)
?[0m?[0;34m
?[0m?[0;34m   GsonAutoConfiguration#gsonBuilder matched:
?[0m?[0;34m      - @ConditionalOnMissingBean (types: com.google.gson.GsonBuilder; SearchStrategy: all) did not find any beans (OnBeanCondition)
?[0m?[0;34m
?[0m?[0;34m   GsonHttpMessageConvertersConfiguration matched:
?[0m?[0;34m      - @ConditionalOnClass found required class 'com.google.gson.Gson' (OnClassCondition)
?[0m?[0;34m
?[0m?[0;34m   H2ConsoleAutoConfiguration matched:
?[0m?[0;34m      - @ConditionalOnClass found required class 'org.h2.server.web.JakartaWebServlet' (OnClassCondition)
?[0m?[0;34m      - found 'session' scope (OnWebApplicationCondition)
?[0m?[0;34m      - @ConditionalOnProperty (spring.h2.console.enabled=true) matched (OnPropertyCondition)
?[0m?[0;34m
?[0m?[0;34m   HealthContributorAutoConfiguration#pingHealthContributor matched:
?[0m?[0;34m      - @ConditionalOnEnabledHealthIndicator management.health.defaults.enabled is considered true (OnEnabledHealthIndicatorCondition)
?[0m?[0;34m
?[0m?[0;34m   HealthEndpointAutoConfiguration matched:
?[0m?[0;34m      - @ConditionalOnAvailableEndpoint marked as exposed by a 'management.endpoints.web.exposure' property (OnAvailableEndpointCondition)
?[0m?[0;34m
?[0m?[0;34m   HealthEndpointConfiguration#healthContributorRegistry matched:
?[0m?[0;34m      - @ConditionalOnMissingBean (types: org.springframework.boot.actuate.health.HealthContributorRegistry; SearchStrategy: all) did not find any beans (OnBeanCondition)
?[0m?[0;34m
?[0m?[0;34m   HealthEndpointConfiguration#healthEndpoint matched:
?[0m?[0;34m      - @ConditionalOnMissingBean (types: org.springframework.boot.actuate.health.HealthEndpoint; SearchStrategy: all) did not find any beans (OnBeanCondition)
?[0m?[0;34m
?[0m?[0;34m   HealthEndpointConfiguration#healthEndpointGroups matched:
?[0m?[0;34m      - @ConditionalOnMissingBean (types: org.springframework.boot.actuate.health.HealthEndpointGroups; SearchStrategy: all) did not find any beans (OnBeanCondition)
?[0m?[0;34m
?[0m?[0;34m   HealthEndpointConfiguration#healthHttpCodeStatusMapper matched:
?[0m?[0;34m      - @ConditionalOnMissingBean (types: org.springframework.boot.actuate.health.HttpCodeStatusMapper; SearchStrategy: all) did not find any beans (OnBeanCondition)
?[0m?[0;34m
?[0m?[0;34m   HealthEndpointConfiguration#healthStatusAggregator matched:
?[0m?[0;34m      - @ConditionalOnMissingBean (types: org.springframework.boot.actuate.health.StatusAggregator; SearchStrategy: all) did not find any beans (OnBeanCondition)
?[0m?[0;34m
?[0m?[0;34m   HealthEndpointWebExtensionConfiguration matched:
?[0m?[0;34m      - found 'session' scope (OnWebApplicationCondition)
?[0m?[0;34m      - @ConditionalOnAvailableEndpoint marked as exposed by a 'management.endpoints.web.exposure' property (OnAvailableEndpointCondition)
?[0m?[0;34m      - @ConditionalOnBean (types: org.springframework.boot.actuate.health.HealthEndpoint; SearchStrategy: all) found bean 'healthEndpoint' (OnBeanCondition)
?[0m?[0;34m
?[0m?[0;34m   HealthEndpointWebExtensionConfiguration#healthEndpointWebExtension matched:
?[0m?[0;34m      - @ConditionalOnMissingBean (types: org.springframework.boot.actuate.health.HealthEndpointWebExtension; SearchStrategy: all) did not find any beans (OnBeanCondition)
?[0m?[0;34m
?[0m?[0;34m   HealthEndpointWebExtensionConfiguration.MvcAdditionalHealthEndpointPathsConfiguration matched:
?[0m?[0;34m      - @ConditionalOnAvailableEndpoint marked as exposed by a 'management.endpoints.web.exposure' property (OnAvailableEndpointCondition)
?[0m?[0;34m      - @ConditionalOnBean (types: org.springframework.web.servlet.DispatcherServlet; SearchStrategy: all) found bean 'dispatcherServlet' (OnBeanCondition)
?[0m?[0;34m
?[0m?[0;34m   HeapDumpWebEndpointAutoConfiguration matched:
?[0m?[0;34m      - @ConditionalOnAvailableEndpoint marked as exposed by a 'management.endpoints.web.exposure' property (OnAvailableEndpointCondition)
?[0m?[0;34m
?[0m?[0;34m   HeapDumpWebEndpointAutoConfiguration#heapDumpWebEndpoint matched:
?[0m?[0;34m      - @ConditionalOnMissingBean (types: org.springframework.boot.actuate.management.HeapDumpWebEndpoint; SearchStrategy: all) did not find any beans (OnBeanCondition)
?[0m?[0;34m
?[0m?[0;34m   HibernateJpaAutoConfiguration matched:
?[0m?[0;34m      - @ConditionalOnClass found required classes 'org.springframework.orm.jpa.LocalContainerEntityManagerFactoryBean', 'jakarta.persistence.EntityManager', 'org.hibernate.engine.spi.SessionImplementor' (OnClassCondition)
?[0m?[0;34m
?[0m?[0;34m   HibernateJpaConfiguration matched:
?[0m?[0;34m      - @ConditionalOnSingleCandidate (types: javax.sql.DataSource; SearchStrategy: all) found a single bean 'dataSource' (OnBeanCondition)
?[0m?[0;34m
?[0m?[0;34m   HttpClientObservationsAutoConfiguration matched:
?[0m?[0;34m      - @ConditionalOnClass found required class 'io.micrometer.observation.Observation' (OnClassCondition)
?[0m?[0;34m      - @ConditionalOnBean (types: io.micrometer.observation.ObservationRegistry; SearchStrategy: all) found bean 'observationRegistry' (OnBeanCondition)
?[0m?[0;34m
?[0m?[0;34m   HttpClientObservationsAutoConfiguration.MeterFilterConfiguration matched:
?[0m?[0;34m      - @ConditionalOnClass found required class 'io.micrometer.core.instrument.MeterRegistry' (OnClassCondition)
?[0m?[0;34m      - @ConditionalOnBean (types: io.micrometer.core.instrument.MeterRegistry; SearchStrategy: all) found bean 'simpleMeterRegistry' (OnBeanCondition)
?[0m?[0;34m
?[0m?[0;34m   HttpEncodingAutoConfiguration matched:
?[0m?[0;34m      - @ConditionalOnClass found required class 'org.springframework.web.filter.CharacterEncodingFilter' (OnClassCondition)
?[0m?[0;34m      - found 'session' scope (OnWebApplicationCondition)
?[0m?[0;34m      - @ConditionalOnProperty (server.servlet.encoding.enabled) matched (OnPropertyCondition)
?[0m?[0;34m
?[0m?[0;34m   HttpEncodingAutoConfiguration#characterEncodingFilter matched:
?[0m?[0;34m      - @ConditionalOnMissingBean (types: org.springframework.web.filter.CharacterEncodingFilter; SearchStrategy: all) did not find any beans (OnBeanCondition)
?[0m?[0;34m
?[0m?[0;34m   HttpExchangesEndpointAutoConfiguration matched:
?[0m?[0;34m      - @ConditionalOnAvailableEndpoint marked as exposed by a 'management.endpoints.web.exposure' property (OnAvailableEndpointCondition)
?[0m?[0;34m
?[0m?[0;34m   HttpMessageConvertersAutoConfiguration matched:
?[0m?[0;34m      - @ConditionalOnClass found required class 'org.springframework.http.converter.HttpMessageConverter' (OnClassCondition)
?[0m?[0;34m      - NoneNestedConditions 0 matched 1 did not; NestedCondition on HttpMessageConvertersAutoConfiguration.NotReactiveWebApplicationCondition.ReactiveWebApplication did not find reactive web application classes (HttpMessageConvertersAutoConfiguration.NotReactiveWebApplicationCondition)
?[0m?[0;34m
?[0m?[0;34m   HttpMessageConvertersAutoConfiguration#messageConverters matched:
?[0m?[0;34m      - @ConditionalOnMissingBean (types: org.springframework.boot.autoconfigure.http.HttpMessageConverters; SearchStrategy: all) did not find any beans (OnBeanCondition)
?[0m?[0;34m
?[0m?[0;34m   HttpMessageConvertersAutoConfiguration.StringHttpMessageConverterConfiguration matched:
?[0m?[0;34m      - @ConditionalOnClass found required class 'org.springframework.http.converter.StringHttpMessageConverter' (OnClassCondition)
?[0m?[0;34m
?[0m?[0;34m   HttpMessageConvertersAutoConfiguration.StringHttpMessageConverterConfiguration#stringHttpMessageConverter matched:
?[0m?[0;34m      - @ConditionalOnMissingBean (types: org.springframework.http.converter.StringHttpMessageConverter; SearchStrategy: all) did not find any beans (OnBeanCondition)
?[0m?[0;34m
?[0m?[0;34m   InfoEndpointAutoConfiguration matched:
?[0m?[0;34m      - @ConditionalOnAvailableEndpoint marked as exposed by a 'management.endpoints.web.exposure' property (OnAvailableEndpointCondition)
?[0m?[0;34m
?[0m?[0;34m   InfoEndpointAutoConfiguration#infoEndpoint matched:
?[0m?[0;34m      - @ConditionalOnMissingBean (types: org.springframework.boot.actuate.info.InfoEndpoint; SearchStrategy: all) did not find any beans (OnBeanCondition)
?[0m?[0;34m
?[0m?[0;34m   JacksonAutoConfiguration matched:
?[0m?[0;34m      - @ConditionalOnClass found required class 'com.fasterxml.jackson.databind.ObjectMapper' (OnClassCondition)
?[0m?[0;34m
?[0m?[0;34m   JacksonAutoConfiguration.Jackson2ObjectMapperBuilderCustomizerConfiguration matched:
?[0m?[0;34m      - @ConditionalOnClass found required class 'org.springframework.http.converter.json.Jackson2ObjectMapperBuilder' (OnClassCondition)
?[0m?[0;34m
?[0m?[0;34m   JacksonAutoConfiguration.JacksonObjectMapperBuilderConfiguration matched:
?[0m?[0;34m      - @ConditionalOnClass found required class 'org.springframework.http.converter.json.Jackson2ObjectMapperBuilder' (OnClassCondition)
?[0m?[0;34m
?[0m?[0;34m   JacksonAutoConfiguration.JacksonObjectMapperBuilderConfiguration#jacksonObjectMapperBuilder matched:
?[0m?[0;34m      - @ConditionalOnMissingBean (types: org.springframework.http.converter.json.Jackson2ObjectMapperBuilder; SearchStrategy: all) did not find any beans (OnBeanCondition)
?[0m?[0;34m
?[0m?[0;34m   JacksonAutoConfiguration.JacksonObjectMapperConfiguration matched:
?[0m?[0;34m      - @ConditionalOnClass found required class 'org.springframework.http.converter.json.Jackson2ObjectMapperBuilder' (OnClassCondition)
?[0m?[0;34m
?[0m?[0;34m   JacksonAutoConfiguration.JacksonObjectMapperConfiguration#jacksonObjectMapper matched:
?[0m?[0;34m      - @ConditionalOnMissingBean (types: com.fasterxml.jackson.databind.ObjectMapper; SearchStrategy: all) did not find any beans (OnBeanCondition)
?[0m?[0;34m
?[0m?[0;34m   JacksonAutoConfiguration.ParameterNamesModuleConfiguration matched:
?[0m?[0;34m      - @ConditionalOnClass found required class 'com.fasterxml.jackson.module.paramnames.ParameterNamesModule' (OnClassCondition)
?[0m?[0;34m
?[0m?[0;34m   JacksonAutoConfiguration.ParameterNamesModuleConfiguration#parameterNamesModule matched:
?[0m?[0;34m      - @ConditionalOnMissingBean (types: com.fasterxml.jackson.module.paramnames.ParameterNamesModule; SearchStrategy: all) did not find any beans (OnBeanCondition)
?[0m?[0;34m
?[0m?[0;34m   JacksonEndpointAutoConfiguration#endpointObjectMapper matched:
?[0m?[0;34m      - @ConditionalOnClass found required classes 'com.fasterxml.jackson.databind.ObjectMapper', 'org.springframework.http.converter.json.Jackson2ObjectMapperBuilder' (OnClassCondition)
?[0m?[0;34m      - @ConditionalOnProperty (management.endpoints.jackson.isolated-object-mapper) matched (OnPropertyCondition)
?[0m?[0;34m
?[0m?[0;34m   JacksonHttpMessageConvertersConfiguration.MappingJackson2HttpMessageConverterConfiguration matched:
?[0m?[0;34m      - @ConditionalOnClass found required class 'com.fasterxml.jackson.databind.ObjectMapper' (OnClassCondition)
?[0m?[0;34m      - @ConditionalOnProperty (spring.mvc.converters.preferred-json-mapper=jackson) matched (OnPropertyCondition)
?[0m?[0;34m      - @ConditionalOnBean (types: com.fasterxml.jackson.databind.ObjectMapper; SearchStrategy: all) found bean 'jacksonObjectMapper' (OnBeanCondition)
?[0m?[0;34m
?[0m?[0;34m   JacksonHttpMessageConvertersConfiguration.MappingJackson2HttpMessageConverterConfiguration#mappingJackson2HttpMessageConverter matched:
?[0m?[0;34m      - @ConditionalOnMissingBean (types: org.springframework.http.converter.json.MappingJackson2HttpMessageConverter ignored: org.springframework.hateoas.server.mvc.TypeConstrainedMappingJackson2HttpMessageConverter,org.springframework.data.rest.webmvc.alps.AlpsJsonHttpMessageConverter; SearchStrategy: all) did not find any beans (OnBeanCondition)
?[0m?[0;34m
?[0m?[0;34m   JdbcTemplateAutoConfiguration matched:
?[0m?[0;34m      - @ConditionalOnClass found required classes 'javax.sql.DataSource', 'org.springframework.jdbc.core.JdbcTemplate' (OnClassCondition)
?[0m?[0;34m      - @ConditionalOnSingleCandidate (types: javax.sql.DataSource; SearchStrategy: all) found a single bean 'dataSource' (OnBeanCondition)
?[0m?[0;34m
?[0m?[0;34m   JdbcTemplateConfiguration matched:
?[0m?[0;34m      - @ConditionalOnMissingBean (types: org.springframework.jdbc.core.JdbcOperations; SearchStrategy: all) did not find any beans (OnBeanCondition)
?[0m?[0;34m
?[0m?[0;34m   JpaBaseConfiguration#entityManagerFactory matched:
?[0m?[0;34m      - @ConditionalOnMissingBean (types: org.springframework.orm.jpa.LocalContainerEntityManagerFactoryBean,jakarta.persistence.EntityManagerFactory; SearchStrategy: all) did not find any beans (OnBeanCondition)
?[0m?[0;34m
?[0m?[0;34m   JpaBaseConfiguration#entityManagerFactoryBuilder matched:
?[0m?[0;34m      - @ConditionalOnMissingBean (types: org.springframework.boot.orm.jpa.EntityManagerFactoryBuilder; SearchStrategy: all) did not find any beans (OnBeanCondition)
?[0m?[0;34m
?[0m?[0;34m   JpaBaseConfiguration#jpaVendorAdapter matched:
?[0m?[0;34m      - @ConditionalOnMissingBean (types: org.springframework.orm.jpa.JpaVendorAdapter; SearchStrategy: all) did not find any beans (OnBeanCondition)
?[0m?[0;34m
?[0m?[0;34m   JpaBaseConfiguration#transactionManager matched:
?[0m?[0;34m      - @ConditionalOnMissingBean (types: org.springframework.transaction.TransactionManager; SearchStrategy: all) did not find any beans (OnBeanCondition)
?[0m?[0;34m
?[0m?[0;34m   JpaBaseConfiguration.JpaWebConfiguration matched:
?[0m?[0;34m      - @ConditionalOnClass found required class 'org.springframework.web.servlet.config.annotation.WebMvcConfigurer' (OnClassCondition)
?[0m?[0;34m      - found 'session' scope (OnWebApplicationCondition)
?[0m?[0;34m      - @ConditionalOnProperty (spring.jpa.open-in-view=true) matched (OnPropertyCondition)
?[0m?[0;34m      - @ConditionalOnMissingBean (types: org.springframework.orm.jpa.support.OpenEntityManagerInViewInterceptor,org.springframework.orm.jpa.support.OpenEntityManagerInViewFilter; SearchStrategy: all) did not find any beans (OnBeanCondition)
?[0m?[0;34m
?[0m?[0;34m   JpaBaseConfiguration.PersistenceManagedTypesConfiguration matched:
?[0m?[0;34m      - @ConditionalOnMissingBean (types: org.springframework.orm.jpa.LocalContainerEntityManagerFactoryBean,jakarta.persistence.EntityManagerFactory; SearchStrategy: all) did not find any beans (OnBeanCondition)
?[0m?[0;34m
?[0m?[0;34m   JpaBaseConfiguration.PersistenceManagedTypesConfiguration#persistenceManagedTypes matched:
?[0m?[0;34m      - @ConditionalOnMissingBean (types: org.springframework.orm.jpa.persistenceunit.PersistenceManagedTypes; SearchStrategy: all) did not find any beans (OnBeanCondition)
?[0m?[0;34m
?[0m?[0;34m   JpaRepositoriesAutoConfiguration matched:
?[0m?[0;34m      - @ConditionalOnClass found required class 'org.springframework.data.jpa.repository.JpaRepository' (OnClassCondition)
?[0m?[0;34m      - @ConditionalOnProperty (spring.data.jpa.repositories.enabled=true) matched (OnPropertyCondition)
?[0m?[0;34m      - @ConditionalOnBean (types: javax.sql.DataSource; SearchStrategy: all) found bean 'dataSource'; @ConditionalOnMissingBean (types: org.springframework.data.jpa.repository.support.JpaRepositoryFactoryBean,org.springframework.data.jpa.repository.config.JpaRepositoryConfigExtension; SearchStrategy: all) did not find any beans (OnBeanCondition)
?[0m?[0;34m
?[0m?[0;34m   JtaAutoConfiguration matched:
?[0m?[0;34m      - @ConditionalOnClass found required class 'jakarta.transaction.Transaction' (OnClassCondition)
?[0m?[0;34m      - @ConditionalOnProperty (spring.jta.enabled) matched (OnPropertyCondition)
?[0m?[0;34m
?[0m?[0;34m   JvmMetricsAutoConfiguration matched:
?[0m?[0;34m      - @ConditionalOnClass found required class 'io.micrometer.core.instrument.MeterRegistry' (OnClassCondition)
?[0m?[0;34m      - @ConditionalOnBean (types: io.micrometer.core.instrument.MeterRegistry; SearchStrategy: all) found bean 'simpleMeterRegistry' (OnBeanCondition)
?[0m?[0;34m
?[0m?[0;34m   JvmMetricsAutoConfiguration#classLoaderMetrics matched:
?[0m?[0;34m      - @ConditionalOnMissingBean (types: io.micrometer.core.instrument.binder.jvm.ClassLoaderMetrics; SearchStrategy: all) did not find any beans (OnBeanCondition)
?[0m?[0;34m
?[0m?[0;34m   JvmMetricsAutoConfiguration#jvmCompilationMetrics matched:
?[0m?[0;34m      - @ConditionalOnMissingBean (types: io.micrometer.core.instrument.binder.jvm.JvmCompilationMetrics; SearchStrategy: all) did not find any beans (OnBeanCondition)
?[0m?[0;34m
?[0m?[0;34m   JvmMetricsAutoConfiguration#jvmGcMetrics matched:
?[0m?[0;34m      - @ConditionalOnMissingBean (types: io.micrometer.core.instrument.binder.jvm.JvmGcMetrics; SearchStrategy: all) did not find any beans (OnBeanCondition)
?[0m?[0;34m
?[0m?[0;34m   JvmMetricsAutoConfiguration#jvmHeapPressureMetrics matched:
?[0m?[0;34m      - @ConditionalOnMissingBean (types: io.micrometer.core.instrument.binder.jvm.JvmHeapPressureMetrics; SearchStrategy: all) did not find any beans (OnBeanCondition)
?[0m?[0;34m
?[0m?[0;34m   JvmMetricsAutoConfiguration#jvmInfoMetrics matched:
?[0m?[0;34m      - @ConditionalOnMissingBean (types: io.micrometer.core.instrument.binder.jvm.JvmInfoMetrics; SearchStrategy: all) did not find any beans (OnBeanCondition)
?[0m?[0;34m
?[0m?[0;34m   JvmMetricsAutoConfiguration#jvmMemoryMetrics matched:
?[0m?[0;34m      - @ConditionalOnMissingBean (types: io.micrometer.core.instrument.binder.jvm.JvmMemoryMetrics; SearchStrategy: all) did not find any beans (OnBeanCondition)
?[0m?[0;34m
?[0m?[0;34m   JvmMetricsAutoConfiguration#jvmThreadMetrics matched:
?[0m?[0;34m      - @ConditionalOnMissingBean (types: io.micrometer.core.instrument.binder.jvm.JvmThreadMetrics; SearchStrategy: all) did not find any beans (OnBeanCondition)
?[0m?[0;34m
?[0m?[0;34m   LifecycleAutoConfiguration#defaultLifecycleProcessor matched:
?[0m?[0;34m      - @ConditionalOnMissingBean (names: lifecycleProcessor; SearchStrategy: current) did not find any beans (OnBeanCondition)
?[0m?[0;34m
?[0m?[0;34m   LogFileWebEndpointAutoConfiguration matched:
?[0m?[0;34m      - @ConditionalOnAvailableEndpoint marked as exposed by a 'management.endpoints.web.exposure' property (OnAvailableEndpointCondition)
?[0m?[0;34m
?[0m?[0;34m   LogbackMetricsAutoConfiguration matched:
?[0m?[0;34m      - @ConditionalOnClass found required classes 'io.micrometer.core.instrument.MeterRegistry', 'ch.qos.logback.classic.LoggerContext', 'org.slf4j.LoggerFactory' (OnClassCondition)
?[0m?[0;34m      - LogbackLoggingCondition ILoggerFactory is a Logback LoggerContext (LogbackMetricsAutoConfiguration.LogbackLoggingCondition)
?[0m?[0;34m      - @ConditionalOnBean (types: io.micrometer.core.instrument.MeterRegistry; SearchStrategy: all) found bean 'simpleMeterRegistry' (OnBeanCondition)
?[0m?[0;34m
?[0m?[0;34m   LogbackMetricsAutoConfiguration#logbackMetrics matched:
?[0m?[0;34m      - @ConditionalOnMissingBean (types: io.micrometer.core.instrument.binder.logging.LogbackMetrics; SearchStrategy: all) did not find any beans (OnBeanCondition)
?[0m?[0;34m
?[0m?[0;34m   LoggersEndpointAutoConfiguration matched:
?[0m?[0;34m      - @ConditionalOnAvailableEndpoint marked as exposed by a 'management.endpoints.web.exposure' property (OnAvailableEndpointCondition)
?[0m?[0;34m
?[0m?[0;34m   LoggersEndpointAutoConfiguration#loggersEndpoint matched:
?[0m?[0;34m      - Logging System enabled (LoggersEndpointAutoConfiguration.OnEnabledLoggingSystemCondition)
?[0m?[0;34m      - @ConditionalOnBean (types: org.springframework.boot.logging.LoggingSystem; SearchStrategy: all) found bean 'springBootLoggingSystem'; @ConditionalOnMissingBean (types: org.springframework.boot.actuate.logging.LoggersEndpoint; SearchStrategy: all) did not find any beans (OnBeanCondition)
?[0m?[0;34m
?[0m?[0;34m   ManagementContextAutoConfiguration.SameManagementContextConfiguration matched:
?[0m?[0;34m      - Management Port actual port type (SAME) matched required type (OnManagementPortCondition)
?[0m?[0;34m
?[0m?[0;34m   MappingsEndpointAutoConfiguration matched:
?[0m?[0;34m      - @ConditionalOnAvailableEndpoint marked as exposed by a 'management.endpoints.web.exposure' property (OnAvailableEndpointCondition)
?[0m?[0;34m
?[0m?[0;34m   MappingsEndpointAutoConfiguration.ServletWebConfiguration matched:
?[0m?[0;34m      - found 'session' scope (OnWebApplicationCondition)
?[0m?[0;34m
?[0m?[0;34m   MappingsEndpointAutoConfiguration.ServletWebConfiguration.SpringMvcConfiguration matched:
?[0m?[0;34m      - @ConditionalOnClass found required class 'org.springframework.web.servlet.DispatcherServlet' (OnClassCondition)
?[0m?[0;34m      - @ConditionalOnBean (types: org.springframework.web.servlet.DispatcherServlet; SearchStrategy: all) found bean 'dispatcherServlet' (OnBeanCondition)
?[0m?[0;34m
?[0m?[0;34m   MetricsAutoConfiguration matched:
?[0m?[0;34m      - @ConditionalOnClass found required class 'io.micrometer.core.annotation.Timed' (OnClassCondition)
?[0m?[0;34m
?[0m?[0;34m   MetricsAutoConfiguration#micrometerClock matched:
?[0m?[0;34m      - @ConditionalOnMissingBean (types: io.micrometer.core.instrument.Clock; SearchStrategy: all) did not find any beans (OnBeanCondition)
?[0m?[0;34m
?[0m?[0;34m   MetricsEndpointAutoConfiguration matched:
?[0m?[0;34m      - @ConditionalOnClass found required class 'io.micrometer.core.annotation.Timed' (OnClassCondition)
?[0m?[0;34m      - @ConditionalOnAvailableEndpoint marked as exposed by a 'management.endpoints.web.exposure' property (OnAvailableEndpointCondition)
?[0m?[0;34m
?[0m?[0;34m   MetricsEndpointAutoConfiguration#metricsEndpoint matched:
?[0m?[0;34m      - @ConditionalOnBean (types: io.micrometer.core.instrument.MeterRegistry; SearchStrategy: all) found bean 'simpleMeterRegistry'; @ConditionalOnMissingBean (types: org.springframework.boot.actuate.metrics.MetricsEndpoint; SearchStrategy: all) did not find any beans (OnBeanCondition)
?[0m?[0;34m
?[0m?[0;34m   MultipartAutoConfiguration matched:
?[0m?[0;34m      - @ConditionalOnClass found required classes 'jakarta.servlet.Servlet', 'org.springframework.web.multipart.support.StandardServletMultipartResolver', 'jakarta.servlet.MultipartConfigElement' (OnClassCondition)
?[0m?[0;34m      - found 'session' scope (OnWebApplicationCondition)
?[0m?[0;34m      - @ConditionalOnProperty (spring.servlet.multipart.enabled) matched (OnPropertyCondition)
?[0m?[0;34m
?[0m?[0;34m   MultipartAutoConfiguration#multipartConfigElement matched:
?[0m?[0;34m      - @ConditionalOnMissingBean (types: jakarta.servlet.MultipartConfigElement; SearchStrategy: all) did not find any beans (OnBeanCondition)
?[0m?[0;34m
?[0m?[0;34m   MultipartAutoConfiguration#multipartResolver matched:
?[0m?[0;34m      - @ConditionalOnMissingBean (types: org.springframework.web.multipart.MultipartResolver; SearchStrategy: all) did not find any beans (OnBeanCondition)
?[0m?[0;34m
?[0m?[0;34m   NamedParameterJdbcTemplateConfiguration matched:
?[0m?[0;34m      - @ConditionalOnSingleCandidate (types: org.springframework.jdbc.core.JdbcTemplate; SearchStrategy: all) found a single bean 'jdbcTemplate'; @ConditionalOnMissingBean (types: org.springframework.jdbc.core.namedparam.NamedParameterJdbcOperations; SearchStrategy: all) did not find any beans (OnBeanCondition)
?[0m?[0;34m
?[0m?[0;34m   NoOpCacheConfiguration matched:
?[0m?[0;34m      - Cache org.springframework.boot.autoconfigure.cache.NoOpCacheConfiguration automatic cache type (CacheCondition)
?[0m?[0;34m
?[0m?[0;34m   ObservationAutoConfiguration matched:
?[0m?[0;34m      - @ConditionalOnClass found required class 'io.micrometer.observation.ObservationRegistry' (OnClassCondition)
?[0m?[0;34m
?[0m?[0;34m   ObservationAutoConfiguration#observationRegistry matched:
?[0m?[0;34m      - @ConditionalOnMissingBean (types: io.micrometer.observation.ObservationRegistry; SearchStrategy: all) did not find any beans (OnBeanCondition)
?[0m?[0;34m
?[0m?[0;34m   ObservationAutoConfiguration.MeterObservationHandlerConfiguration matched:
?[0m?[0;34m      - @ConditionalOnBean (types: io.micrometer.core.instrument.MeterRegistry; SearchStrategy: all) found bean 'simpleMeterRegistry'; @ConditionalOnMissingBean (types: io.micrometer.core.instrument.observation.MeterObservationHandler; SearchStrategy: all) did not find any beans (OnBeanCondition)
?[0m?[0;34m
?[0m?[0;34m   ObservationAutoConfiguration.MeterObservationHandlerConfiguration.OnlyMetricsMeterObservationHandlerConfiguration matched:
?[0m?[0;34m      - @ConditionalOnMissingBean (types: io.micrometer.tracing.Tracer; SearchStrategy: all) did not find any beans (OnBeanCondition)
?[0m?[0;34m
?[0m?[0;34m   ObservationAutoConfiguration.OnlyMetricsConfiguration matched:
?[0m?[0;34m      - @ConditionalOnClass found required class 'io.micrometer.core.instrument.MeterRegistry'; @ConditionalOnMissingClass did not find unwanted class 'io.micrometer.tracing.Tracer' (OnClassCondition)
?[0m?[0;34m
?[0m?[0;34m   PersistenceExceptionTranslationAutoConfiguration matched:
?[0m?[0;34m      - @ConditionalOnClass found required class 'org.springframework.dao.annotation.PersistenceExceptionTranslationPostProcessor' (OnClassCondition)
?[0m?[0;34m
?[0m?[0;34m   PersistenceExceptionTranslationAutoConfiguration#persistenceExceptionTranslationPostProcessor matched:
?[0m?[0;34m      - @ConditionalOnProperty (spring.dao.exceptiontranslation.enabled) matched (OnPropertyCondition)
?[0m?[0;34m      - @ConditionalOnMissingBean (types: org.springframework.dao.annotation.PersistenceExceptionTranslationPostProcessor; SearchStrategy: all) did not find any beans (OnBeanCondition)
?[0m?[0;34m
?[0m?[0;34m   PropertyPlaceholderAutoConfiguration#propertySourcesPlaceholderConfigurer matched:
?[0m?[0;34m      - @ConditionalOnMissingBean (types: org.springframework.context.support.PropertySourcesPlaceholderConfigurer; SearchStrategy: current) did not find any beans (OnBeanCondition)
?[0m?[0;34m
?[0m?[0;34m   RepositoryMetricsAutoConfiguration matched:
?[0m?[0;34m      - @ConditionalOnClass found required class 'org.springframework.data.repository.Repository' (OnClassCondition)
?[0m?[0;34m      - @ConditionalOnBean (types: io.micrometer.core.instrument.MeterRegistry; SearchStrategy: all) found bean 'simpleMeterRegistry' (OnBeanCondition)
?[0m?[0;34m
?[0m?[0;34m   RepositoryMetricsAutoConfiguration#metricsRepositoryMethodInvocationListener matched:
?[0m?[0;34m      - @ConditionalOnMissingBean (types: org.springframework.boot.actuate.metrics.data.MetricsRepositoryMethodInvocationListener; SearchStrategy: all) did not find any beans (OnBeanCondition)
?[0m?[0;34m
?[0m?[0;34m   RepositoryMetricsAutoConfiguration#repositoryTagsProvider matched:
?[0m?[0;34m      - @ConditionalOnMissingBean (types: org.springframework.boot.actuate.metrics.data.RepositoryTagsProvider; SearchStrategy: all) did not find any beans (OnBeanCondition)
?[0m?[0;34m
?[0m?[0;34m   RestTemplateAutoConfiguration matched:
?[0m?[0;34m      - @ConditionalOnClass found required class 'org.springframework.web.client.RestTemplate' (OnClassCondition)
?[0m?[0;34m      - NoneNestedConditions 0 matched 1 did not; NestedCondition on RestTemplateAutoConfiguration.NotReactiveWebApplicationCondition.ReactiveWebApplication did not find reactive web application classes (RestTemplateAutoConfiguration.NotReactiveWebApplicationCondition)
?[0m?[0;34m
?[0m?[0;34m   RestTemplateAutoConfiguration#restTemplateBuilder matched:
?[0m?[0;34m      - @ConditionalOnMissingBean (types: org.springframework.boot.web.client.RestTemplateBuilder; SearchStrategy: all) did not find any beans (OnBeanCondition)
?[0m?[0;34m
?[0m?[0;34m   RestTemplateAutoConfiguration#restTemplateBuilderConfigurer matched:
?[0m?[0;34m      - @ConditionalOnMissingBean (types: org.springframework.boot.autoconfigure.web.client.RestTemplateBuilderConfigurer; SearchStrategy: all) did not find any beans (OnBeanCondition)
?[0m?[0;34m
?[0m?[0;34m   RestTemplateObservationConfiguration matched:
?[0m?[0;34m      - @ConditionalOnClass found required class 'org.springframework.web.client.RestTemplate' (OnClassCondition)
?[0m?[0;34m      - @ConditionalOnBean (types: org.springframework.boot.web.client.RestTemplateBuilder; SearchStrategy: all) found bean 'restTemplateBuilder' (OnBeanCondition)
?[0m?[0;34m
?[0m?[0;34m   ScheduledTasksEndpointAutoConfiguration matched:
?[0m?[0;34m      - @ConditionalOnAvailableEndpoint marked as exposed by a 'management.endpoints.web.exposure' property (OnAvailableEndpointCondition)
?[0m?[0;34m
?[0m?[0;34m   ScheduledTasksEndpointAutoConfiguration#scheduledTasksEndpoint matched:
?[0m?[0;34m      - @ConditionalOnMissingBean (types: org.springframework.boot.actuate.scheduling.ScheduledTasksEndpoint; SearchStrategy: all) did not find any beans (OnBeanCondition)
?[0m?[0;34m
?[0m?[0;34m   SecurityAutoConfiguration matched:
?[0m?[0;34m      - @ConditionalOnClass found required class 'org.springframework.security.authentication.DefaultAuthenticationEventPublisher' (OnClassCondition)
?[0m?[0;34m
?[0m?[0;34m   SecurityAutoConfiguration#authenticationEventPublisher matched:
?[0m?[0;34m      - @ConditionalOnMissingBean (types: org.springframework.security.authentication.AuthenticationEventPublisher; SearchStrategy: all) did not find any beans (OnBeanCondition)
?[0m?[0;34m
?[0m?[0;34m   SecurityFilterAutoConfiguration matched:
?[0m?[0;34m      - @ConditionalOnClass found required classes 'org.springframework.security.web.context.AbstractSecurityWebApplicationInitializer', 'org.springframework.security.config.http.SessionCreationPolicy' (OnClassCondition)
?[0m?[0;34m      - found 'session' scope (OnWebApplicationCondition)
?[0m?[0;34m
?[0m?[0;34m   SecurityFilterAutoConfiguration#securityFilterChainRegistration matched:
?[0m?[0;34m      - @ConditionalOnBean (names: springSecurityFilterChain; SearchStrategy: all) found bean 'springSecurityFilterChain' (OnBeanCondition)
?[0m?[0;34m
?[0m?[0;34m   SecurityRequestMatchersManagementContextConfiguration matched:
?[0m?[0;34m      - @ConditionalOnClass found required class 'org.springframework.security.web.util.matcher.RequestMatcher' (OnClassCondition)
?[0m?[0;34m      - found 'session' scope (OnWebApplicationCondition)
?[0m?[0;34m
?[0m?[0;34m   SecurityRequestMatchersManagementContextConfiguration.MvcRequestMatcherConfiguration matched:
?[0m?[0;34m      - @ConditionalOnClass found required class 'org.springframework.web.servlet.DispatcherServlet' (OnClassCondition)
?[0m?[0;34m      - @ConditionalOnBean (types: org.springframework.boot.autoconfigure.web.servlet.DispatcherServletPath; SearchStrategy: all) found bean 'dispatcherServletRegistration' (OnBeanCondition)
?[0m?[0;34m
?[0m?[0;34m   SecurityRequestMatchersManagementContextConfiguration.MvcRequestMatcherConfiguration#requestMatcherProvider matched:
?[0m?[0;34m      - @ConditionalOnClass found required class 'org.springframework.web.servlet.DispatcherServlet' (OnClassCondition)
?[0m?[0;34m      - @ConditionalOnMissingBean (types: org.springframework.boot.autoconfigure.security.servlet.RequestMatcherProvider; SearchStrategy: all) did not find any beans (OnBeanCondition)
?[0m?[0;34m
?[0m?[0;34m   ServletEndpointManagementContextConfiguration matched:
?[0m?[0;34m      - found 'session' scope (OnWebApplicationCondition)
?[0m?[0;34m
?[0m?[0;34m   ServletEndpointManagementContextConfiguration.WebMvcServletEndpointManagementContextConfiguration matched:
?[0m?[0;34m      - @ConditionalOnClass found required class 'org.springframework.web.servlet.DispatcherServlet' (OnClassCondition)
?[0m?[0;34m
?[0m?[0;34m   ServletManagementContextAutoConfiguration matched:
?[0m?[0;34m      - @ConditionalOnClass found required class 'jakarta.servlet.Servlet' (OnClassCondition)
?[0m?[0;34m      - found 'session' scope (OnWebApplicationCondition)
?[0m?[0;34m
?[0m?[0;34m   ServletWebServerFactoryAutoConfiguration matched:
?[0m?[0;34m      - @ConditionalOnClass found required class 'jakarta.servlet.ServletRequest' (OnClassCondition)
?[0m?[0;34m      - found 'session' scope (OnWebApplicationCondition)
?[0m?[0;34m
?[0m?[0;34m   ServletWebServerFactoryAutoConfiguration#tomcatServletWebServerFactoryCustomizer matched:
?[0m?[0;34m      - @ConditionalOnClass found required class 'org.apache.catalina.startup.Tomcat' (OnClassCondition)
?[0m?[0;34m
?[0m?[0;34m   ServletWebServerFactoryConfiguration.EmbeddedTomcat matched:
?[0m?[0;34m      - @ConditionalOnClass found required classes 'jakarta.servlet.Servlet', 'org.apache.catalina.startup.Tomcat', 'org.apache.coyote.UpgradeProtocol' (OnClassCondition)
?[0m?[0;34m      - @ConditionalOnMissingBean (types: org.springframework.boot.web.servlet.server.ServletWebServerFactory; SearchStrategy: current) did not find any beans (OnBeanCondition)
?[0m?[0;34m
?[0m?[0;34m   ShutdownEndpointAutoConfiguration matched:
?[0m?[0;34m      - @ConditionalOnAvailableEndpoint marked as exposed by a 'management.endpoints.web.exposure' property (OnAvailableEndpointCondition)
?[0m?[0;34m
?[0m?[0;34m   ShutdownEndpointAutoConfiguration#shutdownEndpoint matched:
?[0m?[0;34m      - @ConditionalOnMissingBean (types: org.springframework.boot.actuate.context.ShutdownEndpoint; SearchStrategy: all) did not find any beans (OnBeanCondition)
?[0m?[0;34m
?[0m?[0;34m   SimpleCacheConfiguration matched:
?[0m?[0;34m      - Cache org.springframework.boot.autoconfigure.cache.SimpleCacheConfiguration automatic cache type (CacheCondition)
?[0m?[0;34m
?[0m?[0;34m   SimpleMetricsExportAutoConfiguration matched:
?[0m?[0;34m      - @ConditionalOnEnabledMetricsExport management.defaults.metrics.export.enabled is considered true (OnMetricsExportEnabledCondition)
?[0m?[0;34m      - @ConditionalOnBean (types: io.micrometer.core.instrument.Clock; SearchStrategy: all) found bean 'micrometerClock'; @ConditionalOnMissingBean (types: io.micrometer.core.instrument.MeterRegistry; SearchStrategy: all) did not find any beans (OnBeanCondition)
?[0m?[0;34m
?[0m?[0;34m   SimpleMetricsExportAutoConfiguration#simpleConfig matched:
?[0m?[0;34m      - @ConditionalOnMissingBean (types: io.micrometer.core.instrument.simple.SimpleConfig; SearchStrategy: all) did not find any beans (OnBeanCondition)
?[0m?[0;34m
?[0m?[0;34m   SpringBootWebSecurityConfiguration matched:
?[0m?[0;34m      - found 'session' scope (OnWebApplicationCondition)
?[0m?[0;34m
?[0m?[0;34m   SpringDataWebAutoConfiguration matched:
?[0m?[0;34m      - @ConditionalOnClass found required classes 'org.springframework.data.web.PageableHandlerMethodArgumentResolver', 'org.springframework.web.servlet.config.annotation.WebMvcConfigurer' (OnClassCondition)
?[0m?[0;34m      - found 'session' scope (OnWebApplicationCondition)
?[0m?[0;34m      - @ConditionalOnMissingBean (types: org.springframework.data.web.PageableHandlerMethodArgumentResolver; SearchStrategy: all) did not find any beans (OnBeanCondition)
?[0m?[0;34m
?[0m?[0;34m   SpringDataWebAutoConfiguration#pageableCustomizer matched:
?[0m?[0;34m      - @ConditionalOnMissingBean (types: org.springframework.data.web.config.PageableHandlerMethodArgumentResolverCustomizer; SearchStrategy: all) did not find any beans (OnBeanCondition)
?[0m?[0;34m
?[0m?[0;34m   SpringDataWebAutoConfiguration#sortCustomizer matched:
?[0m?[0;34m      - @ConditionalOnMissingBean (types: org.springframework.data.web.config.SortHandlerMethodArgumentResolverCustomizer; SearchStrategy: all) did not find any beans (OnBeanCondition)
?[0m?[0;34m
?[0m?[0;34m   SqlInitializationAutoConfiguration matched:
?[0m?[0;34m      - @ConditionalOnProperty (spring.sql.init.enabled) matched (OnPropertyCondition)
?[0m?[0;34m      - NoneNestedConditions 0 matched 1 did not; NestedCondition on SqlInitializationAutoConfiguration.SqlInitializationModeCondition.ModeIsNever @ConditionalOnProperty (spring.sql.init.mode=never) did not find property 'mode' (SqlInitializationAutoConfiguration.SqlInitializationModeCondition)
?[0m?[0;34m
?[0m?[0;34m   StartupTimeMetricsListenerAutoConfiguration matched:
?[0m?[0;34m      - @ConditionalOnClass found required class 'io.micrometer.core.instrument.MeterRegistry' (OnClassCondition)
?[0m?[0;34m      - @ConditionalOnBean (types: io.micrometer.core.instrument.MeterRegistry; SearchStrategy: all) found bean 'simpleMeterRegistry' (OnBeanCondition)
?[0m?[0;34m
?[0m?[0;34m   StartupTimeMetricsListenerAutoConfiguration#startupTimeMetrics matched:
?[0m?[0;34m      - @ConditionalOnMissingBean (types: org.springframework.boot.actuate.metrics.startup.StartupTimeMetricsListener; SearchStrategy: all) did not find any beans (OnBeanCondition)
?[0m?[0;34m
?[0m?[0;34m   SystemMetricsAutoConfiguration matched:
?[0m?[0;34m      - @ConditionalOnClass found required class 'io.micrometer.core.instrument.MeterRegistry' (OnClassCondition)
?[0m?[0;34m      - @ConditionalOnBean (types: io.micrometer.core.instrument.MeterRegistry; SearchStrategy: all) found bean 'simpleMeterRegistry' (OnBeanCondition)
?[0m?[0;34m
?[0m?[0;34m   SystemMetricsAutoConfiguration#diskSpaceMetrics matched:
?[0m?[0;34m      - @ConditionalOnMissingBean (types: org.springframework.boot.actuate.metrics.system.DiskSpaceMetricsBinder; SearchStrategy: all) did not find any beans (OnBeanCondition)
?[0m?[0;34m
?[0m?[0;34m   SystemMetricsAutoConfiguration#fileDescriptorMetrics matched:
?[0m?[0;34m      - @ConditionalOnMissingBean (types: io.micrometer.core.instrument.binder.system.FileDescriptorMetrics; SearchStrategy: all) did not find any beans (OnBeanCondition)
?[0m?[0;34m
?[0m?[0;34m   SystemMetricsAutoConfiguration#processorMetrics matched:
?[0m?[0;34m      - @ConditionalOnMissingBean (types: io.micrometer.core.instrument.binder.system.ProcessorMetrics; SearchStrategy: all) did not find any beans (OnBeanCondition)
?[0m?[0;34m
?[0m?[0;34m   SystemMetricsAutoConfiguration#uptimeMetrics matched:
?[0m?[0;34m      - @ConditionalOnMissingBean (types: io.micrometer.core.instrument.binder.system.UptimeMetrics; SearchStrategy: all) did not find any beans (OnBeanCondition)
?[0m?[0;34m
?[0m?[0;34m   TaskExecutionAutoConfiguration matched:
?[0m?[0;34m      - @ConditionalOnClass found required class 'org.springframework.scheduling.concurrent.ThreadPoolTaskExecutor' (OnClassCondition)
?[0m?[0;34m
?[0m?[0;34m   TaskExecutionAutoConfiguration#applicationTaskExecutor matched:
?[0m?[0;34m      - @ConditionalOnMissingBean (types: java.util.concurrent.Executor; SearchStrategy: all) did not find any beans (OnBeanCondition)
?[0m?[0;34m
?[0m?[0;34m   TaskExecutionAutoConfiguration#taskExecutorBuilder matched:
?[0m?[0;34m      - @ConditionalOnMissingBean (types: org.springframework.boot.task.TaskExecutorBuilder; SearchStrategy: all) did not find any beans (OnBeanCondition)
?[0m?[0;34m
?[0m?[0;34m   TaskExecutorMetricsAutoConfiguration matched:
?[0m?[0;34m      - @ConditionalOnClass found required class 'io.micrometer.core.instrument.binder.jvm.ExecutorServiceMetrics' (OnClassCondition)
?[0m?[0;34m      - @ConditionalOnBean (types: java.util.concurrent.Executor,io.micrometer.core.instrument.MeterRegistry; SearchStrategy: all) found beans 'applicationTaskExecutor', 'simpleMeterRegistry' (OnBeanCondition)
?[0m?[0;34m
?[0m?[0;34m   TaskSchedulingAutoConfiguration matched:
?[0m?[0;34m      - @ConditionalOnClass found required class 'org.springframework.scheduling.concurrent.ThreadPoolTaskScheduler' (OnClassCondition)
?[0m?[0;34m
?[0m?[0;34m   TaskSchedulingAutoConfiguration#taskSchedulerBuilder matched:
?[0m?[0;34m      - @ConditionalOnMissingBean (types: org.springframework.boot.task.TaskSchedulerBuilder; SearchStrategy: all) did not find any beans (OnBeanCondition)
?[0m?[0;34m
?[0m?[0;34m   ThreadDumpEndpointAutoConfiguration matched:
?[0m?[0;34m      - @ConditionalOnAvailableEndpoint marked as exposed by a 'management.endpoints.web.exposure' property (OnAvailableEndpointCondition)
?[0m?[0;34m
?[0m?[0;34m   ThreadDumpEndpointAutoConfiguration#dumpEndpoint matched:
?[0m?[0;34m      - @ConditionalOnMissingBean (types: org.springframework.boot.actuate.management.ThreadDumpEndpoint; SearchStrategy: all) did not find any beans (OnBeanCondition)
?[0m?[0;34m
?[0m?[0;34m   TomcatMetricsAutoConfiguration matched:
?[0m?[0;34m      - @ConditionalOnClass found required classes 'io.micrometer.core.instrument.binder.tomcat.TomcatMetrics', 'org.apache.catalina.Manager' (OnClassCondition)
?[0m?[0;34m      - @ConditionalOnWebApplication (required) found 'session' scope (OnWebApplicationCondition)
?[0m?[0;34m
?[0m?[0;34m   TomcatMetricsAutoConfiguration#tomcatMetricsBinder matched:
?[0m?[0;34m      - @ConditionalOnBean (types: io.micrometer.core.instrument.MeterRegistry; SearchStrategy: all) found bean 'simpleMeterRegistry'; @ConditionalOnMissingBean (types: io.micrometer.core.instrument.binder.tomcat.TomcatMetrics,org.springframework.boot.actuate.metrics.web.tomcat.TomcatMetricsBinder; SearchStrategy: all) did not find any beans (OnBeanCondition)
?[0m?[0;34m
?[0m?[0;34m   TransactionAutoConfiguration matched:
?[0m?[0;34m      - @ConditionalOnClass found required class 'org.springframework.transaction.PlatformTransactionManager' (OnClassCondition)
?[0m?[0;34m
?[0m?[0;34m   TransactionAutoConfiguration#platformTransactionManagerCustomizers matched:
?[0m?[0;34m      - @ConditionalOnMissingBean (types: org.springframework.boot.autoconfigure.transaction.TransactionManagerCustomizers; SearchStrategy: all) did not find any beans (OnBeanCondition)
?[0m?[0;34m
?[0m?[0;34m   TransactionAutoConfiguration.EnableTransactionManagementConfiguration matched:
?[0m?[0;34m      - @ConditionalOnBean (types: org.springframework.transaction.TransactionManager; SearchStrategy: all) found bean 'transactionManager'; @ConditionalOnMissingBean (types: org.springframework.transaction.annotation.AbstractTransactionManagementConfiguration; SearchStrategy: all) did not find any beans (OnBeanCondition)
?[0m?[0;34m
?[0m?[0;34m   TransactionAutoConfiguration.EnableTransactionManagementConfiguration.CglibAutoProxyConfiguration matched:
?[0m?[0;34m      - @ConditionalOnProperty (spring.aop.proxy-target-class=true) matched (OnPropertyCondition)
?[0m?[0;34m
?[0m?[0;34m   TransactionAutoConfiguration.TransactionTemplateConfiguration matched:
?[0m?[0;34m      - @ConditionalOnSingleCandidate (types: org.springframework.transaction.PlatformTransactionManager; SearchStrategy: all) found a single bean 'transactionManager' (OnBeanCondition)
?[0m?[0;34m
?[0m?[0;34m   TransactionAutoConfiguration.TransactionTemplateConfiguration#transactionTemplate matched:
?[0m?[0;34m      - @ConditionalOnMissingBean (types: org.springframework.transaction.support.TransactionOperations; SearchStrategy: all) did not find any beans (OnBeanCondition)
?[0m?[0;34m
?[0m?[0;34m   WebEndpointAutoConfiguration matched:
?[0m?[0;34m      - @ConditionalOnWebApplication (required) found 'session' scope (OnWebApplicationCondition)
?[0m?[0;34m
?[0m?[0;34m   WebEndpointAutoConfiguration#controllerEndpointDiscoverer matched:
?[0m?[0;34m      - @ConditionalOnMissingBean (types: org.springframework.boot.actuate.endpoint.web.annotation.ControllerEndpointsSupplier; SearchStrategy: all) did not find any beans (OnBeanCondition)
?[0m?[0;34m
?[0m?[0;34m   WebEndpointAutoConfiguration#endpointMediaTypes matched:
?[0m?[0;34m      - @ConditionalOnMissingBean (types: org.springframework.boot.actuate.endpoint.web.EndpointMediaTypes; SearchStrategy: all) did not find any beans (OnBeanCondition)
?[0m?[0;34m
?[0m?[0;34m   WebEndpointAutoConfiguration#pathMappedEndpoints matched:
?[0m?[0;34m      - @ConditionalOnMissingBean (types: org.springframework.boot.actuate.endpoint.web.PathMappedEndpoints; SearchStrategy: all) did not find any beans (OnBeanCondition)
?[0m?[0;34m
?[0m?[0;34m   WebEndpointAutoConfiguration#webEndpointDiscoverer matched:
?[0m?[0;34m      - @ConditionalOnMissingBean (types: org.springframework.boot.actuate.endpoint.web.WebEndpointsSupplier; SearchStrategy: all) did not find any beans (OnBeanCondition)
?[0m?[0;34m
?[0m?[0;34m   WebEndpointAutoConfiguration.WebEndpointServletConfiguration matched:
?[0m?[0;34m      - found 'session' scope (OnWebApplicationCondition)
?[0m?[0;34m
?[0m?[0;34m   WebEndpointAutoConfiguration.WebEndpointServletConfiguration#servletEndpointDiscoverer matched:
?[0m?[0;34m      - @ConditionalOnMissingBean (types: org.springframework.boot.actuate.endpoint.web.annotation.ServletEndpointsSupplier; SearchStrategy: all) did not find any beans (OnBeanCondition)
?[0m?[0;34m
?[0m?[0;34m   WebMvcAutoConfiguration matched:
?[0m?[0;34m      - @ConditionalOnClass found required classes 'jakarta.servlet.Servlet', 'org.springframework.web.servlet.DispatcherServlet', 'org.springframework.web.servlet.config.annotation.WebMvcConfigurer' (OnClassCondition)
?[0m?[0;34m      - found 'session' scope (OnWebApplicationCondition)
?[0m?[0;34m      - @ConditionalOnMissingBean (types: org.springframework.web.servlet.config.annotation.WebMvcConfigurationSupport; SearchStrategy: all) did not find any beans (OnBeanCondition)
?[0m?[0;34m
?[0m?[0;34m   WebMvcAutoConfiguration#formContentFilter matched:
?[0m?[0;34m      - @ConditionalOnProperty (spring.mvc.formcontent.filter.enabled) matched (OnPropertyCondition)
?[0m?[0;34m      - @ConditionalOnMissingBean (types: org.springframework.web.filter.FormContentFilter; SearchStrategy: all) did not find any beans (OnBeanCondition)
?[0m?[0;34m
?[0m?[0;34m   WebMvcAutoConfiguration.EnableWebMvcConfiguration#flashMapManager matched:
?[0m?[0;34m      - @ConditionalOnMissingBean (names: flashMapManager; SearchStrategy: all) did not find any beans (OnBeanCondition)
?[0m?[0;34m
?[0m?[0;34m   WebMvcAutoConfiguration.EnableWebMvcConfiguration#localeResolver matched:
?[0m?[0;34m      - @ConditionalOnMissingBean (names: localeResolver; SearchStrategy: all) did not find any beans (OnBeanCondition)
?[0m?[0;34m
?[0m?[0;34m   WebMvcAutoConfiguration.EnableWebMvcConfiguration#themeResolver matched:
?[0m?[0;34m      - @ConditionalOnMissingBean (names: themeResolver; SearchStrategy: all) did not find any beans (OnBeanCondition)
?[0m?[0;34m
?[0m?[0;34m   WebMvcAutoConfiguration.WebMvcAutoConfigurationAdapter#defaultViewResolver matched:
?[0m?[0;34m      - @ConditionalOnMissingBean (types: org.springframework.web.servlet.view.InternalResourceViewResolver; SearchStrategy: all) did not find any beans (OnBeanCondition)
?[0m?[0;34m
?[0m?[0;34m   WebMvcAutoConfiguration.WebMvcAutoConfigurationAdapter#requestContextFilter matched:
?[0m?[0;34m      - @ConditionalOnMissingBean (types: org.springframework.web.context.request.RequestContextListener,org.springframework.web.filter.RequestContextFilter; SearchStrategy: all) did not find any beans (OnBeanCondition)
?[0m?[0;34m
?[0m?[0;34m   WebMvcAutoConfiguration.WebMvcAutoConfigurationAdapter#viewResolver matched:
?[0m?[0;34m      - @ConditionalOnBean (types: org.springframework.web.servlet.ViewResolver; SearchStrategy: all) found beans 'defaultViewResolver', 'beanNameViewResolver', 'mvcViewResolver'; @ConditionalOnMissingBean (names: viewResolver types: org.springframework.web.servlet.view.ContentNegotiatingViewResolver; SearchStrategy: all) did not find any beans (OnBeanCondition)
?[0m?[0;34m
?[0m?[0;34m   WebMvcEndpointManagementContextConfiguration matched:
?[0m?[0;34m      - @ConditionalOnClass found required class 'org.springframework.web.servlet.DispatcherServlet' (OnClassCondition)
?[0m?[0;34m      - found 'session' scope (OnWebApplicationCondition)
?[0m?[0;34m      - @ConditionalOnBean (types: org.springframework.web.servlet.DispatcherServlet,org.springframework.boot.actuate.endpoint.web.WebEndpointsSupplier; SearchStrategy: all) found beans 'webEndpointDiscoverer', 'dispatcherServlet' (OnBeanCondition)
?[0m?[0;34m
?[0m?[0;34m   WebMvcEndpointManagementContextConfiguration#controllerEndpointHandlerMapping matched:
?[0m?[0;34m      - @ConditionalOnMissingBean (types: org.springframework.boot.actuate.endpoint.web.servlet.ControllerEndpointHandlerMapping; SearchStrategy: all) did not find any beans (OnBeanCondition)
?[0m?[0;34m
?[0m?[0;34m   WebMvcEndpointManagementContextConfiguration#endpointObjectMapperWebMvcConfigurer matched:
?[0m?[0;34m      - @ConditionalOnBean (types: org.springframework.boot.actuate.endpoint.jackson.EndpointObjectMapper; SearchStrategy: all) found bean 'endpointObjectMapper' (OnBeanCondition)
?[0m?[0;34m
?[0m?[0;34m   WebMvcEndpointManagementContextConfiguration#webEndpointServletHandlerMapping matched:
?[0m?[0;34m      - @ConditionalOnMissingBean (types: org.springframework.boot.actuate.endpoint.web.servlet.WebMvcEndpointHandlerMapping; SearchStrategy: all) did not find any beans (OnBeanCondition)
?[0m?[0;34m
?[0m?[0;34m   WebMvcObservationAutoConfiguration matched:
?[0m?[0;34m      - @ConditionalOnClass found required classes 'org.springframework.web.servlet.DispatcherServlet', 'io.micrometer.observation.Observation' (OnClassCondition)
?[0m?[0;34m      - found 'session' scope (OnWebApplicationCondition)
?[0m?[0;34m      - @ConditionalOnBean (types: io.micrometer.observation.ObservationRegistry; SearchStrategy: all) found bean 'observationRegistry' (OnBeanCondition)
?[0m?[0;34m
?[0m?[0;34m   WebMvcObservationAutoConfiguration#webMvcObservationFilter matched:
?[0m?[0;34m      - @ConditionalOnMissingBean (types: org.springframework.web.filter.ServerHttpObservationFilter; SearchStrategy: all) did not find any beans (OnBeanCondition)
?[0m?[0;34m
?[0m?[0;34m   WebMvcObservationAutoConfiguration.MeterFilterConfiguration matched:
?[0m?[0;34m      - @ConditionalOnClass found required class 'io.micrometer.core.instrument.MeterRegistry' (OnClassCondition)
?[0m?[0;34m      - @ConditionalOnBean (types: io.micrometer.core.instrument.MeterRegistry; SearchStrategy: all) found bean 'simpleMeterRegistry' (OnBeanCondition)
?[0m?[0;34m
?[0m?[0;34m   WebSocketServletAutoConfiguration matched:
?[0m?[0;34m      - @ConditionalOnClass found required classes 'jakarta.servlet.Servlet', 'jakarta.websocket.server.ServerContainer' (OnClassCondition)
?[0m?[0;34m      - found 'session' scope (OnWebApplicationCondition)
?[0m?[0;34m
?[0m?[0;34m   WebSocketServletAutoConfiguration.TomcatWebSocketConfiguration matched:
?[0m?[0;34m      - @ConditionalOnClass found required classes 'org.apache.catalina.startup.Tomcat', 'org.apache.tomcat.websocket.server.WsSci' (OnClassCondition)
?[0m?[0;34m
?[0m?[0;34m   WebSocketServletAutoConfiguration.TomcatWebSocketConfiguration#websocketServletWebServerCustomizer matched:
?[0m?[0;34m      - @ConditionalOnMissingBean (names: websocketServletWebServerCustomizer; SearchStrategy: all) did not find any beans (OnBeanCondition)
?[0m?[0;34m
?[0m?[0;34m
?[0m?[0;34mNegative matches:
?[0m?[0;34m-----------------
?[0m?[0;34m
?[0m?[0;34m   AopAutoConfiguration.AspectJAutoProxyingConfiguration.JdkDynamicAutoProxyConfiguration:
?[0m?[0;34m      Did not match:
?[0m?[0;34m         - @ConditionalOnProperty (spring.aop.proxy-target-class=false) did not find property 'proxy-target-class' (OnPropertyCondition)
?[0m?[0;34m
?[0m?[0;34m   AopAutoConfiguration.ClassProxyingConfiguration:
?[0m?[0;34m      Did not match:
?[0m?[0;34m         - @ConditionalOnMissingClass found unwanted class 'org.aspectj.weaver.Advice' (OnClassCondition)
?[0m?[0;34m
?[0m?[0;34m   AppOpticsMetricsExportAutoConfiguration:
?[0m?[0;34m      Did not match:
?[0m?[0;34m         - @ConditionalOnClass did not find required class 'io.micrometer.appoptics.AppOpticsMeterRegistry' (OnClassCondition)
?[0m?[0;34m
?[0m?[0;34m   ArtemisAutoConfiguration:
?[0m?[0;34m      Did not match:
?[0m?[0;34m         - @ConditionalOnClass did not find required class 'jakarta.jms.ConnectionFactory' (OnClassCondition)
?[0m?[0;34m
?[0m?[0;34m   AtlasMetricsExportAutoConfiguration:
?[0m?[0;34m      Did not match:
?[0m?[0;34m         - @ConditionalOnClass did not find required class 'io.micrometer.atlas.AtlasMeterRegistry' (OnClassCondition)
?[0m?[0;34m
?[0m?[0;34m   AuditAutoConfiguration:
?[0m?[0;34m      Did not match:
?[0m?[0;34m         - @ConditionalOnBean (types: org.springframework.boot.actuate.audit.AuditEventRepository; SearchStrategy: all) did not find any beans of type org.springframework.boot.actuate.audit.AuditEventRepository (OnBeanCondition)
?[0m?[0;34m      Matched:
?[0m?[0;34m         - @ConditionalOnProperty (management.auditevents.enabled) matched (OnPropertyCondition)
?[0m?[0;34m
?[0m?[0;34m   AuditEventsEndpointAutoConfiguration#auditEventsEndpoint:
?[0m?[0;34m      Did not match:
?[0m?[0;34m         - @ConditionalOnBean (types: org.springframework.boot.actuate.audit.AuditEventRepository; SearchStrategy: all) did not find any beans of type org.springframework.boot.actuate.audit.AuditEventRepository (OnBeanCondition)
?[0m?[0;34m
?[0m?[0;34m   AvailabilityHealthContributorAutoConfiguration#livenessStateHealthIndicator:
?[0m?[0;34m      Did not match:
?[0m?[0;34m         - @ConditionalOnProperty (management.health.livenessstate.enabled=true) did not find property 'enabled' (OnPropertyCondition)
?[0m?[0;34m
?[0m?[0;34m   AvailabilityHealthContributorAutoConfiguration#readinessStateHealthIndicator:
?[0m?[0;34m      Did not match:
?[0m?[0;34m         - @ConditionalOnProperty (management.health.readinessstate.enabled=true) did not find property 'enabled' (OnPropertyCondition)
?[0m?[0;34m
?[0m?[0;34m   AvailabilityProbesAutoConfiguration:
?[0m?[0;34m      Did not match:
?[0m?[0;34m         - Probes availability not running on a supported cloud platform (AvailabilityProbesAutoConfiguration.ProbesCondition)
?[0m?[0;34m
?[0m?[0;34m   BatchAutoConfiguration:
?[0m?[0;34m      Did not match:
?[0m?[0;34m         - @ConditionalOnClass did not find required class 'org.springframework.batch.core.launch.JobLauncher' (OnClassCondition)
?[0m?[0;34m
?[0m?[0;34m   BraveAutoConfiguration:
?[0m?[0;34m      Did not match:
?[0m?[0;34m         - @ConditionalOnClass did not find required class 'brave.Tracer' (OnClassCondition)
?[0m?[0;34m
?[0m?[0;34m   Cache2kCacheConfiguration:
?[0m?[0;34m      Did not match:
?[0m?[0;34m         - @ConditionalOnClass did not find required class 'org.cache2k.Cache2kBuilder' (OnClassCondition)
?[0m?[0;34m
?[0m?[0;34m   CacheAutoConfiguration:
?[0m?[0;34m      Did not match:
?[0m?[0;34m         - @ConditionalOnBean (types: org.springframework.cache.interceptor.CacheAspectSupport; SearchStrategy: all) did not find any beans of type org.springframework.cache.interceptor.CacheAspectSupport (OnBeanCondition)
?[0m?[0;34m      Matched:
?[0m?[0;34m         - @ConditionalOnClass found required class 'org.springframework.cache.CacheManager' (OnClassCondition)
?[0m?[0;34m
?[0m?[0;34m   CacheAutoConfiguration.CacheManagerEntityManagerFactoryDependsOnPostProcessor:
?[0m?[0;34m      Did not match:
?[0m?[0;34m         - Ancestor org.springframework.boot.autoconfigure.cache.CacheAutoConfiguration did not match (ConditionEvaluationReport.AncestorsMatchedCondition)
?[0m?[0;34m      Matched:
?[0m?[0;34m         - @ConditionalOnClass found required class 'org.springframework.orm.jpa.LocalContainerEntityManagerFactoryBean' (OnClassCondition)
?[0m?[0;34m
?[0m?[0;34m   CacheMeterBinderProvidersConfiguration.Cache2kCacheMeterBinderProviderConfiguration:
?[0m?[0;34m      Did not match:
?[0m?[0;34m         - @ConditionalOnClass did not find required classes 'org.cache2k.Cache2kBuilder', 'org.cache2k.extra.spring.SpringCache2kCache', 'org.cache2k.extra.micrometer.Cache2kCacheMetrics' (OnClassCondition)
?[0m?[0;34m
?[0m?[0;34m   CacheMeterBinderProvidersConfiguration.CaffeineCacheMeterBinderProviderConfiguration:
?[0m?[0;34m      Did not match:
?[0m?[0;34m         - @ConditionalOnClass did not find required classes 'org.springframework.cache.caffeine.CaffeineCache', 'com.github.benmanes.caffeine.cache.Cache' (OnClassCondition)
?[0m?[0;34m
?[0m?[0;34m   CacheMeterBinderProvidersConfiguration.HazelcastCacheMeterBinderProviderConfiguration:
?[0m?[0;34m      Did not match:
?[0m?[0;34m         - @ConditionalOnClass did not find required classes 'com.hazelcast.spring.cache.HazelcastCache', 'com.hazelcast.core.Hazelcast' (OnClassCondition)
?[0m?[0;34m
?[0m?[0;34m   CacheMeterBinderProvidersConfiguration.JCacheCacheMeterBinderProviderConfiguration:
?[0m?[0;34m      Did not match:
?[0m?[0;34m         - @ConditionalOnClass did not find required classes 'org.springframework.cache.jcache.JCacheCache', 'javax.cache.CacheManager' (OnClassCondition)
?[0m?[0;34m
?[0m?[0;34m   CacheMeterBinderProvidersConfiguration.RedisCacheMeterBinderProviderConfiguration:
?[0m?[0;34m      Did not match:
?[0m?[0;34m         - @ConditionalOnClass did not find required class 'org.springframework.data.redis.cache.RedisCache' (OnClassCondition)
?[0m?[0;34m
?[0m?[0;34m   CacheMetricsAutoConfiguration:
?[0m?[0;34m      Did not match:
?[0m?[0;34m         - @ConditionalOnBean (types: org.springframework.cache.CacheManager; SearchStrategy: all) did not find any beans of type org.springframework.cache.CacheManager (OnBeanCondition)
?[0m?[0;34m
?[0m?[0;34m   CaffeineCacheConfiguration:
?[0m?[0;34m      Did not match:
?[0m?[0;34m         - @ConditionalOnClass did not find required class 'com.github.benmanes.caffeine.cache.Caffeine' (OnClassCondition)
?[0m?[0;34m
?[0m?[0;34m   CassandraAutoConfiguration:
?[0m?[0;34m      Did not match:
?[0m?[0;34m         - @ConditionalOnClass did not find required class 'com.datastax.oss.driver.api.core.CqlSession' (OnClassCondition)
?[0m?[0;34m
?[0m?[0;34m   CassandraDataAutoConfiguration:
?[0m?[0;34m      Did not match:
?[0m?[0;34m         - @ConditionalOnClass did not find required class 'com.datastax.oss.driver.api.core.CqlSession' (OnClassCondition)
?[0m?[0;34m
?[0m?[0;34m   CassandraHealthContributorAutoConfiguration:
?[0m?[0;34m      Did not match:
?[0m?[0;34m         - @ConditionalOnClass did not find required class 'com.datastax.oss.driver.api.core.CqlSession' (OnClassCondition)
?[0m?[0;34m
?[0m?[0;34m   CassandraReactiveDataAutoConfiguration:
?[0m?[0;34m      Did not match:
?[0m?[0;34m         - @ConditionalOnClass did not find required class 'com.datastax.oss.driver.api.core.CqlSession' (OnClassCondition)
?[0m?[0;34m
?[0m?[0;34m   CassandraReactiveHealthContributorAutoConfiguration:
?[0m?[0;34m      Did not match:
?[0m?[0;34m         - @ConditionalOnClass did not find required class 'com.datastax.oss.driver.api.core.CqlSession' (OnClassCondition)
?[0m?[0;34m
?[0m?[0;34m   CassandraReactiveRepositoriesAutoConfiguration:
?[0m?[0;34m      Did not match:
?[0m?[0;34m         - @ConditionalOnClass did not find required class 'org.springframework.data.cassandra.ReactiveSession' (OnClassCondition)
?[0m?[0;34m
?[0m?[0;34m   CassandraRepositoriesAutoConfiguration:
?[0m?[0;34m      Did not match:
?[0m?[0;34m         - @ConditionalOnClass did not find required class 'com.datastax.oss.driver.api.core.CqlSession' (OnClassCondition)
?[0m?[0;34m
?[0m?[0;34m   ClientHttpConnectorAutoConfiguration:
?[0m?[0;34m      Did not match:
?[0m?[0;34m         - @ConditionalOnClass did not find required class 'org.springframework.web.reactive.function.client.WebClient' (OnClassCondition)
?[0m?[0;34m
?[0m?[0;34m   CloudFoundryActuatorAutoConfiguration:
?[0m?[0;34m      Did not match:
?[0m?[0;34m         - @ConditionalOnCloudPlatform did not find CLOUD_FOUNDRY (OnCloudPlatformCondition)
?[0m?[0;34m      Matched:
?[0m?[0;34m         - @ConditionalOnClass found required class 'org.springframework.web.servlet.DispatcherServlet' (OnClassCondition)
?[0m?[0;34m         - found 'session' scope (OnWebApplicationCondition)
?[0m?[0;34m         - @ConditionalOnProperty (management.cloudfoundry.enabled) matched (OnPropertyCondition)
?[0m?[0;34m
?[0m?[0;34m   CodecsAutoConfiguration:
?[0m?[0;34m      Did not match:
?[0m?[0;34m         - @ConditionalOnClass did not find required class 'org.springframework.web.reactive.function.client.WebClient' (OnClassCondition)
?[0m?[0;34m
?[0m?[0;34m   CompositeMeterRegistryConfiguration:
?[0m?[0;34m      Did not match:
?[0m?[0;34m         - NoneNestedConditions 1 matched 1 did not; NestedCondition on CompositeMeterRegistryConfiguration.MultipleNonPrimaryMeterRegistriesCondition.SingleInjectableMeterRegistry @ConditionalOnSingleCandidate (types: io.micrometer.core.instrument.MeterRegistry; SearchStrategy: all) found a single bean 'simpleMeterRegistry'; NestedCondition on CompositeMeterRegistryConfiguration.MultipleNonPrimaryMeterRegistriesCondition.NoMeterRegistryCondition @ConditionalOnMissingBean (types: io.micrometer.core.instrument.MeterRegistry; SearchStrategy: all) found beans of type 'io.micrometer.core.instrument.MeterRegistry' simpleMeterRegistry (CompositeMeterRegistryConfiguration.MultipleNonPrimaryMeterRegistriesCondition)
?[0m?[0;34m
?[0m?[0;34m   ConnectionFactoryHealthContributorAutoConfiguration:
?[0m?[0;34m      Did not match:
?[0m?[0;34m         - @ConditionalOnClass did not find required class 'io.r2dbc.spi.ConnectionFactory' (OnClassCondition)
?[0m?[0;34m
?[0m?[0;34m   ConnectionPoolMetricsAutoConfiguration:
?[0m?[0;34m      Did not match:
?[0m?[0;34m         - @ConditionalOnClass did not find required class 'io.r2dbc.pool.ConnectionPool' (OnClassCondition)
?[0m?[0;34m
?[0m?[0;34m   CouchbaseAutoConfiguration:
?[0m?[0;34m      Did not match:
?[0m?[0;34m         - @ConditionalOnClass did not find required class 'com.couchbase.client.java.Cluster' (OnClassCondition)
?[0m?[0;34m
?[0m?[0;34m   CouchbaseCacheConfiguration:
?[0m?[0;34m      Did not match:
?[0m?[0;34m         - @ConditionalOnClass did not find required class 'com.couchbase.client.java.Cluster' (OnClassCondition)
?[0m?[0;34m
?[0m?[0;34m   CouchbaseDataAutoConfiguration:
?[0m?[0;34m      Did not match:
?[0m?[0;34m         - @ConditionalOnClass did not find required class 'com.couchbase.client.java.Bucket' (OnClassCondition)
?[0m?[0;34m
?[0m?[0;34m   CouchbaseHealthContributorAutoConfiguration:
?[0m?[0;34m      Did not match:
?[0m?[0;34m         - @ConditionalOnClass did not find required class 'com.couchbase.client.java.Cluster' (OnClassCondition)
?[0m?[0;34m
?[0m?[0;34m   CouchbaseReactiveDataAutoConfiguration:
?[0m?[0;34m      Did not match:
?[0m?[0;34m         - @ConditionalOnClass did not find required class 'com.couchbase.client.java.Cluster' (OnClassCondition)
?[0m?[0;34m
?[0m?[0;34m   CouchbaseReactiveHealthContributorAutoConfiguration:
?[0m?[0;34m      Did not match:
?[0m?[0;34m         - @ConditionalOnClass did not find required class 'com.couchbase.client.java.Cluster' (OnClassCondition)
?[0m?[0;34m
?[0m?[0;34m   CouchbaseReactiveRepositoriesAutoConfiguration:
?[0m?[0;34m      Did not match:
?[0m?[0;34m         - @ConditionalOnClass did not find required class 'com.couchbase.client.java.Cluster' (OnClassCondition)
?[0m?[0;34m
?[0m?[0;34m   CouchbaseRepositoriesAutoConfiguration:
?[0m?[0;34m      Did not match:
?[0m?[0;34m         - @ConditionalOnClass did not find required class 'com.couchbase.client.java.Bucket' (OnClassCondition)
?[0m?[0;34m
?[0m?[0;34m   DataSourceAutoConfiguration.EmbeddedDatabaseConfiguration:
?[0m?[0;34m      Did not match:
?[0m?[0;34m         - EmbeddedDataSource spring.datasource.url is set (DataSourceAutoConfiguration.EmbeddedDatabaseCondition)
?[0m?[0;34m
?[0m?[0;34m   DataSourceConfiguration.Dbcp2:
?[0m?[0;34m      Did not match:
?[0m?[0;34m         - @ConditionalOnClass did not find required class 'org.apache.commons.dbcp2.BasicDataSource' (OnClassCondition)
?[0m?[0;34m
?[0m?[0;34m   DataSourceConfiguration.Generic:
?[0m?[0;34m      Did not match:
?[0m?[0;34m         - @ConditionalOnProperty (spring.datasource.type) did not find property 'spring.datasource.type' (OnPropertyCondition)
?[0m?[0;34m
?[0m?[0;34m   DataSourceConfiguration.OracleUcp:
?[0m?[0;34m      Did not match:
?[0m?[0;34m         - @ConditionalOnClass did not find required classes 'oracle.ucp.jdbc.PoolDataSourceImpl', 'oracle.jdbc.OracleConnection' (OnClassCondition)
?[0m?[0;34m
?[0m?[0;34m   DataSourceConfiguration.Tomcat:
?[0m?[0;34m      Did not match:
?[0m?[0;34m         - @ConditionalOnClass did not find required class 'org.apache.tomcat.jdbc.pool.DataSource' (OnClassCondition)
?[0m?[0;34m
?[0m?[0;34m   DataSourceJmxConfiguration.TomcatDataSourceJmxConfiguration:
?[0m?[0;34m      Did not match:
?[0m?[0;34m         - @ConditionalOnClass did not find required class 'org.apache.tomcat.jdbc.pool.DataSourceProxy' (OnClassCondition)
?[0m?[0;34m
?[0m?[0;34m   DataSourcePoolMetadataProvidersConfiguration.CommonsDbcp2PoolDataSourceMetadataProviderConfiguration:
?[0m?[0;34m      Did not match:
?[0m?[0;34m         - @ConditionalOnClass did not find required class 'org.apache.commons.dbcp2.BasicDataSource' (OnClassCondition)
?[0m?[0;34m
?[0m?[0;34m   DataSourcePoolMetadataProvidersConfiguration.OracleUcpPoolDataSourceMetadataProviderConfiguration:
?[0m?[0;34m      Did not match:
?[0m?[0;34m         - @ConditionalOnClass did not find required classes 'oracle.ucp.jdbc.PoolDataSource', 'oracle.jdbc.OracleConnection' (OnClassCondition)
?[0m?[0;34m
?[0m?[0;34m   DataSourcePoolMetadataProvidersConfiguration.TomcatDataSourcePoolMetadataProviderConfiguration:
?[0m?[0;34m      Did not match:
?[0m?[0;34m         - @ConditionalOnClass did not find required class 'org.apache.tomcat.jdbc.pool.DataSource' (OnClassCondition)
?[0m?[0;34m
?[0m?[0;34m   DataSourceTransactionManagerAutoConfiguration.JdbcTransactionManagerConfiguration#transactionManager:
?[0m?[0;34m      Did not match:
?[0m?[0;34m         - @ConditionalOnMissingBean (types: org.springframework.transaction.TransactionManager; SearchStrategy: all) found beans of type 'org.springframework.transaction.TransactionManager' transactionManager (OnBeanCondition)
?[0m?[0;34m
?[0m?[0;34m   DatadogMetricsExportAutoConfiguration:
?[0m?[0;34m      Did not match:
?[0m?[0;34m         - @ConditionalOnClass did not find required class 'io.micrometer.datadog.DatadogMeterRegistry' (OnClassCondition)
?[0m?[0;34m
?[0m?[0;34m   DispatcherServletAutoConfiguration.DispatcherServletConfiguration#multipartResolver:
?[0m?[0;34m      Did not match:
?[0m?[0;34m         - @ConditionalOnBean (types: org.springframework.web.multipart.MultipartResolver; SearchStrategy: all) did not find any beans of type org.springframework.web.multipart.MultipartResolver (OnBeanCondition)
?[0m?[0;34m
?[0m?[0;34m   DynatraceMetricsExportAutoConfiguration:
?[0m?[0;34m      Did not match:
?[0m?[0;34m         - @ConditionalOnClass did not find required class 'io.micrometer.dynatrace.DynatraceMeterRegistry' (OnClassCondition)
?[0m?[0;34m
?[0m?[0;34m   ElasticMetricsExportAutoConfiguration:
?[0m?[0;34m      Did not match:
?[0m?[0;34m         - @ConditionalOnClass did not find required class 'io.micrometer.elastic.ElasticMeterRegistry' (OnClassCondition)
?[0m?[0;34m
?[0m?[0;34m   ElasticsearchClientAutoConfiguration:
?[0m?[0;34m      Did not match:
?[0m?[0;34m         - @ConditionalOnClass did not find required class 'co.elastic.clients.elasticsearch.ElasticsearchClient' (OnClassCondition)
?[0m?[0;34m
?[0m?[0;34m   ElasticsearchDataAutoConfiguration:
?[0m?[0;34m      Did not match:
?[0m?[0;34m         - @ConditionalOnClass did not find required class 'org.springframework.data.elasticsearch.client.elc.ElasticsearchTemplate' (OnClassCondition)
?[0m?[0;34m
?[0m?[0;34m   ElasticsearchReactiveHealthContributorAutoConfiguration:
?[0m?[0;34m      Did not match:
?[0m?[0;34m         - @ConditionalOnClass did not find required class 'reactor.core.publisher.Flux' (OnClassCondition)
?[0m?[0;34m
?[0m?[0;34m   ElasticsearchRepositoriesAutoConfiguration:
?[0m?[0;34m      Did not match:
?[0m?[0;34m         - @ConditionalOnClass did not find required class 'org.springframework.data.elasticsearch.repository.ElasticsearchRepository' (OnClassCondition)
?[0m?[0;34m
?[0m?[0;34m   ElasticsearchRestClientAutoConfiguration:
?[0m?[0;34m      Did not match:
?[0m?[0;34m         - @ConditionalOnClass did not find required class 'org.elasticsearch.client.RestClientBuilder' (OnClassCondition)
?[0m?[0;34m
?[0m?[0;34m   ElasticsearchRestHealthContributorAutoConfiguration:
?[0m?[0;34m      Did not match:
?[0m?[0;34m         - @ConditionalOnClass did not find required class 'org.elasticsearch.client.RestClient' (OnClassCondition)
?[0m?[0;34m
?[0m?[0;34m   EmbeddedLdapAutoConfiguration:
?[0m?[0;34m      Did not match:
?[0m?[0;34m         - @ConditionalOnClass did not find required class 'com.unboundid.ldap.listener.InMemoryDirectoryServer' (OnClassCondition)
?[0m?[0;34m
?[0m?[0;34m   EmbeddedWebServerFactoryCustomizerAutoConfiguration.JettyWebServerFactoryCustomizerConfiguration:
?[0m?[0;34m      Did not match:
?[0m?[0;34m         - @ConditionalOnClass did not find required classes 'org.eclipse.jetty.server.Server', 'org.eclipse.jetty.util.Loader', 'org.eclipse.jetty.webapp.WebAppContext' (OnClassCondition)
?[0m?[0;34m
?[0m?[0;34m   EmbeddedWebServerFactoryCustomizerAutoConfiguration.NettyWebServerFactoryCustomizerConfiguration:
?[0m?[0;34m      Did not match:
?[0m?[0;34m         - @ConditionalOnClass did not find required class 'reactor.netty.http.server.HttpServer' (OnClassCondition)
?[0m?[0;34m
?[0m?[0;34m   EmbeddedWebServerFactoryCustomizerAutoConfiguration.UndertowWebServerFactoryCustomizerConfiguration:
?[0m?[0;34m      Did not match:
?[0m?[0;34m         - @ConditionalOnClass did not find required classes 'io.undertow.Undertow', 'org.xnio.SslClientAuthMode' (OnClassCondition)
?[0m?[0;34m
?[0m?[0;34m   ErrorWebFluxAutoConfiguration:
?[0m?[0;34m      Did not match:
?[0m?[0;34m         - @ConditionalOnClass did not find required class 'org.springframework.web.reactive.config.WebFluxConfigurer' (OnClassCondition)
?[0m?[0;34m
?[0m?[0;34m   FlywayAutoConfiguration:
?[0m?[0;34m      Did not match:
?[0m?[0;34m         - @ConditionalOnClass did not find required class 'org.flywaydb.core.Flyway' (OnClassCondition)
?[0m?[0;34m
?[0m?[0;34m   FlywayEndpointAutoConfiguration:
?[0m?[0;34m      Did not match:
?[0m?[0;34m         - @ConditionalOnClass did not find required class 'org.flywaydb.core.Flyway' (OnClassCondition)
?[0m?[0;34m
?[0m?[0;34m   FreeMarkerAutoConfiguration:
?[0m?[0;34m      Did not match:
?[0m?[0;34m         - @ConditionalOnClass did not find required class 'freemarker.template.Configuration' (OnClassCondition)
?[0m?[0;34m
?[0m?[0;34m   GangliaMetricsExportAutoConfiguration:
?[0m?[0;34m      Did not match:
?[0m?[0;34m         - @ConditionalOnClass did not find required class 'io.micrometer.ganglia.GangliaMeterRegistry' (OnClassCondition)
?[0m?[0;34m
?[0m?[0;34m   GraphQlAutoConfiguration:
?[0m?[0;34m      Did not match:
?[0m?[0;34m         - @ConditionalOnClass did not find required class 'graphql.GraphQL' (OnClassCondition)
?[0m?[0;34m
?[0m?[0;34m   GraphQlObservationAutoConfiguration:
?[0m?[0;34m      Did not match:
?[0m?[0;34m         - @ConditionalOnClass did not find required class 'graphql.GraphQL' (OnClassCondition)
?[0m?[0;34m
?[0m?[0;34m   GraphQlQueryByExampleAutoConfiguration:
?[0m?[0;34m      Did not match:
?[0m?[0;34m         - @ConditionalOnClass did not find required class 'graphql.GraphQL' (OnClassCondition)
?[0m?[0;34m
?[0m?[0;34m   GraphQlQuerydslAutoConfiguration:
?[0m?[0;34m      Did not match:
?[0m?[0;34m         - @ConditionalOnClass did not find required class 'graphql.GraphQL' (OnClassCondition)
?[0m?[0;34m
?[0m?[0;34m   GraphQlRSocketAutoConfiguration:
?[0m?[0;34m      Did not match:
?[0m?[0;34m         - @ConditionalOnClass did not find required class 'graphql.GraphQL' (OnClassCondition)
?[0m?[0;34m
?[0m?[0;34m   GraphQlReactiveQueryByExampleAutoConfiguration:
?[0m?[0;34m      Did not match:
?[0m?[0;34m         - @ConditionalOnClass did not find required class 'graphql.GraphQL' (OnClassCondition)
?[0m?[0;34m
?[0m?[0;34m   GraphQlReactiveQuerydslAutoConfiguration:
?[0m?[0;34m      Did not match:
?[0m?[0;34m         - @ConditionalOnClass did not find required class 'graphql.GraphQL' (OnClassCondition)
?[0m?[0;34m
?[0m?[0;34m   GraphQlWebFluxAutoConfiguration:
?[0m?[0;34m      Did not match:
?[0m?[0;34m         - @ConditionalOnClass did not find required class 'graphql.GraphQL' (OnClassCondition)
?[0m?[0;34m
?[0m?[0;34m   GraphQlWebFluxSecurityAutoConfiguration:
?[0m?[0;34m      Did not match:
?[0m?[0;34m         - @ConditionalOnClass did not find required class 'graphql.GraphQL' (OnClassCondition)
?[0m?[0;34m
?[0m?[0;34m   GraphQlWebMvcAutoConfiguration:
?[0m?[0;34m      Did not match:
?[0m?[0;34m         - @ConditionalOnClass did not find required class 'graphql.GraphQL' (OnClassCondition)
?[0m?[0;34m
?[0m?[0;34m   GraphQlWebMvcSecurityAutoConfiguration:
?[0m?[0;34m      Did not match:
?[0m?[0;34m         - @ConditionalOnClass did not find required class 'graphql.GraphQL' (OnClassCondition)
?[0m?[0;34m
?[0m?[0;34m   GraphiteMetricsExportAutoConfiguration:
?[0m?[0;34m      Did not match:
?[0m?[0;34m         - @ConditionalOnClass did not find required class 'io.micrometer.graphite.GraphiteMeterRegistry' (OnClassCondition)
?[0m?[0;34m
?[0m?[0;34m   GroovyTemplateAutoConfiguration:
?[0m?[0;34m      Did not match:
?[0m?[0;34m         - @ConditionalOnClass did not find required class 'groovy.text.markup.MarkupTemplateEngine' (OnClassCondition)
?[0m?[0;34m
?[0m?[0;34m   GsonHttpMessageConvertersConfiguration.GsonHttpMessageConverterConfiguration:
?[0m?[0;34m      Did not match:
?[0m?[0;34m         - AnyNestedCondition 0 matched 2 did not; NestedCondition on GsonHttpMessageConvertersConfiguration.PreferGsonOrJacksonAndJsonbUnavailableCondition.JacksonJsonbUnavailable NoneNestedConditions 1 matched 1 did not; NestedCondition on GsonHttpMessageConvertersConfiguration.JacksonAndJsonbUnavailableCondition.JsonbPreferred @ConditionalOnProperty (spring.mvc.converters.preferred-json-mapper=jsonb) did not find property 'spring.mvc.converters.preferred-json-mapper'; NestedCondition on GsonHttpMessageConvertersConfiguration.JacksonAndJsonbUnavailableCondition.JacksonAvailable @ConditionalOnBean (types: org.springframework.http.converter.json.MappingJackson2HttpMessageConverter; SearchStrategy: all) found bean 'mappingJackson2HttpMessageConverter'; NestedCondition on GsonHttpMessageConvertersConfiguration.PreferGsonOrJacksonAndJsonbUnavailableCondition.GsonPreferred @ConditionalOnProperty (spring.mvc.converters.preferred-json-mapper=gson) did not find property 'spring.mvc.converters.preferred-json-mapper' (GsonHttpMessageConvertersConfiguration.PreferGsonOrJacksonAndJsonbUnavailableCondition)
?[0m?[0;34m
?[0m?[0;34m   HazelcastAutoConfiguration:
?[0m?[0;34m      Did not match:
?[0m?[0;34m         - @ConditionalOnClass did not find required class 'com.hazelcast.core.HazelcastInstance' (OnClassCondition)
?[0m?[0;34m
?[0m?[0;34m   HazelcastCacheConfiguration:
?[0m?[0;34m      Did not match:
?[0m?[0;34m         - @ConditionalOnClass did not find required class 'com.hazelcast.core.HazelcastInstance' (OnClassCondition)
?[0m?[0;34m
?[0m?[0;34m   HazelcastHealthContributorAutoConfiguration:
?[0m?[0;34m      Did not match:
?[0m?[0;34m         - @ConditionalOnClass did not find required class 'com.hazelcast.core.HazelcastInstance' (OnClassCondition)
?[0m?[0;34m
?[0m?[0;34m   HazelcastJpaDependencyAutoConfiguration:
?[0m?[0;34m      Did not match:
?[0m?[0;34m         - @ConditionalOnClass did not find required class 'com.hazelcast.core.HazelcastInstance' (OnClassCondition)
?[0m?[0;34m
?[0m?[0;34m   HealthEndpointReactiveWebExtensionConfiguration:
?[0m?[0;34m      Did not match:
?[0m?[0;34m         - did not find reactive web application classes (OnWebApplicationCondition)
?[0m?[0;34m
?[0m?[0;34m   HealthEndpointWebExtensionConfiguration.JerseyAdditionalHealthEndpointPathsConfiguration:
?[0m?[0;34m      Did not match:
?[0m?[0;34m         - @ConditionalOnClass did not find required class 'org.glassfish.jersey.server.ResourceConfig' (OnClassCondition)
?[0m?[0;34m
?[0m?[0;34m   HibernateMetricsAutoConfiguration:
?[0m?[0;34m      Did not match:
?[0m?[0;34m         - @ConditionalOnClass did not find required class 'org.hibernate.stat.HibernateMetrics' (OnClassCondition)
?[0m?[0;34m
?[0m?[0;34m   HttpExchangesAutoConfiguration:
?[0m?[0;34m      Did not match:
?[0m?[0;34m         - @ConditionalOnBean (types: org.springframework.boot.actuate.web.exchanges.HttpExchangeRepository; SearchStrategy: all) did not find any beans of type org.springframework.boot.actuate.web.exchanges.HttpExchangeRepository (OnBeanCondition)
?[0m?[0;34m      Matched:
?[0m?[0;34m         - @ConditionalOnWebApplication (required) found 'session' scope (OnWebApplicationCondition)
?[0m?[0;34m         - @ConditionalOnProperty (management.httpexchanges.recording.enabled) matched (OnPropertyCondition)
?[0m?[0;34m
?[0m?[0;34m   HttpExchangesAutoConfiguration.ReactiveHttpExchangesConfiguration:
?[0m?[0;34m      Did not match:
?[0m?[0;34m         - did not find reactive web application classes (OnWebApplicationCondition)
?[0m?[0;34m         - Ancestor org.springframework.boot.actuate.autoconfigure.web.exchanges.HttpExchangesAutoConfiguration did not match (ConditionEvaluationReport.AncestorsMatchedCondition)
?[0m?[0;34m
?[0m?[0;34m   HttpExchangesAutoConfiguration.ServletHttpExchangesConfiguration:
?[0m?[0;34m      Did not match:
?[0m?[0;34m         - Ancestor org.springframework.boot.actuate.autoconfigure.web.exchanges.HttpExchangesAutoConfiguration did not match (ConditionEvaluationReport.AncestorsMatchedCondition)
?[0m?[0;34m      Matched:
?[0m?[0;34m         - found 'session' scope (OnWebApplicationCondition)
?[0m?[0;34m
?[0m?[0;34m   HttpExchangesEndpointAutoConfiguration#httpExchangesEndpoint:
?[0m?[0;34m      Did not match:
?[0m?[0;34m         - @ConditionalOnBean (types: org.springframework.boot.actuate.web.exchanges.HttpExchangeRepository; SearchStrategy: all) did not find any beans of type org.springframework.boot.actuate.web.exchanges.HttpExchangeRepository (OnBeanCondition)
?[0m?[0;34m
?[0m?[0;34m   HttpHandlerAutoConfiguration:
?[0m?[0;34m      Did not match:
?[0m?[0;34m         - @ConditionalOnClass did not find required class 'org.springframework.web.reactive.DispatcherHandler' (OnClassCondition)
?[0m?[0;34m
?[0m?[0;34m   HumioMetricsExportAutoConfiguration:
?[0m?[0;34m      Did not match:
?[0m?[0;34m         - @ConditionalOnClass did not find required class 'io.micrometer.humio.HumioMeterRegistry' (OnClassCondition)
?[0m?[0;34m
?[0m?[0;34m   HypermediaAutoConfiguration:
?[0m?[0;34m      Did not match:
?[0m?[0;34m         - @ConditionalOnClass did not find required class 'org.springframework.hateoas.EntityModel' (OnClassCondition)
?[0m?[0;34m
?[0m?[0;34m   InfinispanCacheConfiguration:
?[0m?[0;34m      Did not match:
?[0m?[0;34m         - @ConditionalOnClass did not find required class 'org.infinispan.spring.embedded.provider.SpringEmbeddedCacheManager' (OnClassCondition)
?[0m?[0;34m
?[0m?[0;34m   InfluxDbAutoConfiguration:
?[0m?[0;34m      Did not match:
?[0m?[0;34m         - @ConditionalOnClass did not find required class 'org.influxdb.InfluxDB' (OnClassCondition)
?[0m?[0;34m
?[0m?[0;34m   InfluxDbHealthContributorAutoConfiguration:
?[0m?[0;34m      Did not match:
?[0m?[0;34m         - @ConditionalOnClass did not find required class 'org.influxdb.InfluxDB' (OnClassCondition)
?[0m?[0;34m
?[0m?[0;34m   InfluxMetricsExportAutoConfiguration:
?[0m?[0;34m      Did not match:
?[0m?[0;34m         - @ConditionalOnClass did not find required class 'io.micrometer.influx.InfluxMeterRegistry' (OnClassCondition)
?[0m?[0;34m
?[0m?[0;34m   InfoContributorAutoConfiguration#buildInfoContributor:
?[0m?[0;34m      Did not match:
?[0m?[0;34m         - @ConditionalOnSingleCandidate (types: org.springframework.boot.info.BuildProperties; SearchStrategy: all) did not find any beans (OnBeanCondition)
?[0m?[0;34m      Matched:
?[0m?[0;34m         - @ConditionalOnEnabledInfoContributor management.info.defaults.enabled is considered true (OnEnabledInfoContributorCondition)
?[0m?[0;34m
?[0m?[0;34m   InfoContributorAutoConfiguration#envInfoContributor:
?[0m?[0;34m      Did not match:
?[0m?[0;34m         - @ConditionalOnEnabledInfoContributor management.info.env.enabled is not true (OnEnabledInfoContributorCondition)
?[0m?[0;34m
?[0m?[0;34m   InfoContributorAutoConfiguration#gitInfoContributor:
?[0m?[0;34m      Did not match:
?[0m?[0;34m         - @ConditionalOnSingleCandidate (types: org.springframework.boot.info.GitProperties; SearchStrategy: all) did not find any beans (OnBeanCondition)
?[0m?[0;34m      Matched:
?[0m?[0;34m         - @ConditionalOnEnabledInfoContributor management.info.defaults.enabled is considered true (OnEnabledInfoContributorCondition)
?[0m?[0;34m
?[0m?[0;34m   InfoContributorAutoConfiguration#javaInfoContributor:
?[0m?[0;34m      Did not match:
?[0m?[0;34m         - @ConditionalOnEnabledInfoContributor management.info.java.enabled is not true (OnEnabledInfoContributorCondition)
?[0m?[0;34m
?[0m?[0;34m   InfoContributorAutoConfiguration#osInfoContributor:
?[0m?[0;34m      Did not match:
?[0m?[0;34m         - @ConditionalOnEnabledInfoContributor management.info.os.enabled is not true (OnEnabledInfoContributorCondition)
?[0m?[0;34m
?[0m?[0;34m   IntegrationAutoConfiguration:
?[0m?[0;34m      Did not match:
?[0m?[0;34m         - @ConditionalOnClass did not find required class 'org.springframework.integration.config.EnableIntegration' (OnClassCondition)
?[0m?[0;34m
?[0m?[0;34m   IntegrationGraphEndpointAutoConfiguration:
?[0m?[0;34m      Did not match:
?[0m?[0;34m         - @ConditionalOnClass did not find required class 'org.springframework.integration.graph.IntegrationGraphServer' (OnClassCondition)
?[0m?[0;34m
?[0m?[0;34m   JCacheCacheConfiguration:
?[0m?[0;34m      Did not match:
?[0m?[0;34m         - @ConditionalOnClass did not find required class 'javax.cache.Caching' (OnClassCondition)
?[0m?[0;34m
?[0m?[0;34m   JacksonHttpMessageConvertersConfiguration.MappingJackson2XmlHttpMessageConverterConfiguration:
?[0m?[0;34m      Did not match:
?[0m?[0;34m         - @ConditionalOnClass did not find required class 'com.fasterxml.jackson.dataformat.xml.XmlMapper' (OnClassCondition)
?[0m?[0;34m
?[0m?[0;34m   JdbcRepositoriesAutoConfiguration:
?[0m?[0;34m      Did not match:
?[0m?[0;34m         - @ConditionalOnClass did not find required class 'org.springframework.data.jdbc.repository.config.AbstractJdbcConfiguration' (OnClassCondition)
?[0m?[0;34m
?[0m?[0;34m   JerseyAutoConfiguration:
?[0m?[0;34m      Did not match:
?[0m?[0;34m         - @ConditionalOnClass did not find required class 'org.glassfish.jersey.server.spring.SpringComponentProvider' (OnClassCondition)
?[0m?[0;34m
?[0m?[0;34m   JerseySameManagementContextConfiguration:
?[0m?[0;34m      Did not match:
?[0m?[0;34m         - @ConditionalOnClass did not find required class 'org.glassfish.jersey.server.ResourceConfig' (OnClassCondition)
?[0m?[0;34m
?[0m?[0;34m   JerseyServerMetricsAutoConfiguration:
?[0m?[0;34m      Did not match:
?[0m?[0;34m         - @ConditionalOnClass did not find required class 'io.micrometer.core.instrument.binder.jersey.server.MetricsApplicationEventListener' (OnClassCondition)
?[0m?[0;34m
?[0m?[0;34m   JerseyWebEndpointManagementContextConfiguration:
?[0m?[0;34m      Did not match:
?[0m?[0;34m         - @ConditionalOnClass did not find required class 'org.glassfish.jersey.server.ResourceConfig' (OnClassCondition)
?[0m?[0;34m
?[0m?[0;34m   JettyMetricsAutoConfiguration:
?[0m?[0;34m      Did not match:
?[0m?[0;34m         - @ConditionalOnClass did not find required class 'org.eclipse.jetty.server.Server' (OnClassCondition)
?[0m?[0;34m
?[0m?[0;34m   JmsAutoConfiguration:
?[0m?[0;34m      Did not match:
?[0m?[0;34m         - @ConditionalOnClass did not find required class 'jakarta.jms.Message' (OnClassCondition)
?[0m?[0;34m
?[0m?[0;34m   JmsHealthContributorAutoConfiguration:
?[0m?[0;34m      Did not match:
?[0m?[0;34m         - @ConditionalOnClass did not find required class 'jakarta.jms.ConnectionFactory' (OnClassCondition)
?[0m?[0;34m
?[0m?[0;34m   JmxAutoConfiguration:
?[0m?[0;34m      Did not match:
?[0m?[0;34m         - @ConditionalOnProperty (spring.jmx.enabled=true) did not find property 'enabled' (OnPropertyCondition)
?[0m?[0;34m      Matched:
?[0m?[0;34m         - @ConditionalOnClass found required class 'org.springframework.jmx.export.MBeanExporter' (OnClassCondition)
?[0m?[0;34m
?[0m?[0;34m   JmxEndpointAutoConfiguration:
?[0m?[0;34m      Did not match:
?[0m?[0;34m         - @ConditionalOnProperty (spring.jmx.enabled=true) did not find property 'enabled' (OnPropertyCondition)
?[0m?[0;34m
?[0m?[0;34m   JmxMetricsExportAutoConfiguration:
?[0m?[0;34m      Did not match:
?[0m?[0;34m         - @ConditionalOnClass did not find required class 'io.micrometer.jmx.JmxMeterRegistry' (OnClassCondition)
?[0m?[0;34m
?[0m?[0;34m   JndiConnectionFactoryAutoConfiguration:
?[0m?[0;34m      Did not match:
?[0m?[0;34m         - @ConditionalOnClass did not find required class 'org.springframework.jms.core.JmsTemplate' (OnClassCondition)
?[0m?[0;34m
?[0m?[0;34m   JndiDataSourceAutoConfiguration:
?[0m?[0;34m      Did not match:
?[0m?[0;34m         - @ConditionalOnProperty (spring.datasource.jndi-name) did not find property 'jndi-name' (OnPropertyCondition)
?[0m?[0;34m      Matched:
?[0m?[0;34m         - @ConditionalOnClass found required classes 'javax.sql.DataSource', 'org.springframework.jdbc.datasource.embedded.EmbeddedDatabaseType' (OnClassCondition)
?[0m?[0;34m
?[0m?[0;34m   JndiJtaConfiguration:
?[0m?[0;34m      Did not match:
?[0m?[0;34m         - @ConditionalOnJndi JNDI environment is not available (OnJndiCondition)
?[0m?[0;34m      Matched:
?[0m?[0;34m         - @ConditionalOnClass found required class 'org.springframework.transaction.jta.JtaTransactionManager' (OnClassCondition)
?[0m?[0;34m
?[0m?[0;34m   JooqAutoConfiguration:
?[0m?[0;34m      Did not match:
?[0m?[0;34m         - @ConditionalOnClass did not find required class 'org.jooq.DSLContext' (OnClassCondition)
?[0m?[0;34m
?[0m?[0;34m   JpaRepositoriesAutoConfiguration#entityManagerFactoryBootstrapExecutorCustomizer:
?[0m?[0;34m      Did not match:
?[0m?[0;34m         - AnyNestedCondition 0 matched 2 did not; NestedCondition on JpaRepositoriesAutoConfiguration.BootstrapExecutorCondition.LazyBootstrapMode @ConditionalOnProperty (spring.data.jpa.repositories.bootstrap-mode=lazy) did not find property 'bootstrap-mode'; NestedCondition on JpaRepositoriesAutoConfiguration.BootstrapExecutorCondition.DeferredBootstrapMode @ConditionalOnProperty (spring.data.jpa.repositories.bootstrap-mode=deferred) did not find property 'bootstrap-mode' (JpaRepositoriesAutoConfiguration.BootstrapExecutorCondition)
?[0m?[0;34m
?[0m?[0;34m   JsonbAutoConfiguration:
?[0m?[0;34m      Did not match:
?[0m?[0;34m         - @ConditionalOnClass did not find required class 'jakarta.json.bind.Jsonb' (OnClassCondition)
?[0m?[0;34m
?[0m?[0;34m   JsonbHttpMessageConvertersConfiguration:
?[0m?[0;34m      Did not match:
?[0m?[0;34m         - @ConditionalOnClass did not find required class 'jakarta.json.bind.Jsonb' (OnClassCondition)
?[0m?[0;34m
?[0m?[0;34m   KafkaAutoConfiguration:
?[0m?[0;34m      Did not match:
?[0m?[0;34m         - @ConditionalOnClass did not find required class 'org.springframework.kafka.core.KafkaTemplate' (OnClassCondition)
?[0m?[0;34m
?[0m?[0;34m   KafkaMetricsAutoConfiguration:
?[0m?[0;34m      Did not match:
?[0m?[0;34m         - @ConditionalOnClass did not find required class 'org.springframework.kafka.core.ProducerFactory' (OnClassCondition)
?[0m?[0;34m
?[0m?[0;34m   KairosMetricsExportAutoConfiguration:
?[0m?[0;34m      Did not match:
?[0m?[0;34m         - @ConditionalOnClass did not find required class 'io.micrometer.kairos.KairosMeterRegistry' (OnClassCondition)
?[0m?[0;34m
?[0m?[0;34m   LdapAutoConfiguration:
?[0m?[0;34m      Did not match:
?[0m?[0;34m         - @ConditionalOnClass did not find required class 'org.springframework.ldap.core.ContextSource' (OnClassCondition)
?[0m?[0;34m
?[0m?[0;34m   LdapHealthContributorAutoConfiguration:
?[0m?[0;34m      Did not match:
?[0m?[0;34m         - @ConditionalOnClass did not find required class 'org.springframework.ldap.core.LdapOperations' (OnClassCondition)
?[0m?[0;34m
?[0m?[0;34m   LdapRepositoriesAutoConfiguration:
?[0m?[0;34m      Did not match:
?[0m?[0;34m         - @ConditionalOnClass did not find required class 'org.springframework.data.ldap.repository.LdapRepository' (OnClassCondition)
?[0m?[0;34m
?[0m?[0;34m   LettuceMetricsAutoConfiguration:
?[0m?[0;34m      Did not match:
?[0m?[0;34m         - @ConditionalOnClass did not find required class 'io.lettuce.core.metrics.MicrometerCommandLatencyRecorder' (OnClassCondition)
?[0m?[0;34m
?[0m?[0;34m   LiquibaseAutoConfiguration:
?[0m?[0;34m      Did not match:
?[0m?[0;34m         - @ConditionalOnClass did not find required class 'liquibase.change.DatabaseChange' (OnClassCondition)
?[0m?[0;34m
?[0m?[0;34m   LiquibaseEndpointAutoConfiguration:
?[0m?[0;34m      Did not match:
?[0m?[0;34m         - @ConditionalOnClass did not find required class 'liquibase.integration.spring.SpringLiquibase' (OnClassCondition)
?[0m?[0;34m
?[0m?[0;34m   Log4J2MetricsAutoConfiguration:
?[0m?[0;34m      Did not match:
?[0m?[0;34m         - @ConditionalOnClass did not find required class 'org.apache.logging.log4j.core.LoggerContext' (OnClassCondition)
?[0m?[0;34m
?[0m?[0;34m   LogFileWebEndpointAutoConfiguration#logFileWebEndpoint:
?[0m?[0;34m      Did not match:
?[0m?[0;34m         - Log File did not find logging file (LogFileWebEndpointAutoConfiguration.LogFileCondition)
?[0m?[0;34m
?[0m?[0;34m   MailHealthContributorAutoConfiguration:
?[0m?[0;34m      Did not match:
?[0m?[0;34m         - @ConditionalOnClass did not find required class 'org.springframework.mail.javamail.JavaMailSenderImpl' (OnClassCondition)
?[0m?[0;34m
?[0m?[0;34m   MailSenderAutoConfiguration:
?[0m?[0;34m      Did not match:
?[0m?[0;34m         - @ConditionalOnClass did not find required class 'jakarta.mail.internet.MimeMessage' (OnClassCondition)
?[0m?[0;34m
?[0m?[0;34m   MailSenderValidatorAutoConfiguration:
?[0m?[0;34m      Did not match:
?[0m?[0;34m         - @ConditionalOnSingleCandidate did not find required type 'org.springframework.mail.javamail.JavaMailSenderImpl' (OnBeanCondition)
?[0m?[0;34m
?[0m?[0;34m   ManagementContextAutoConfiguration.DifferentManagementContextConfiguration:
?[0m?[0;34m      Did not match:
?[0m?[0;34m         - Management Port actual port type (SAME) did not match required type (DIFFERENT) (OnManagementPortCondition)
?[0m?[0;34m
?[0m?[0;34m   ManagementWebSecurityAutoConfiguration:
?[0m?[0;34m      Did not match:
?[0m?[0;34m         - AllNestedConditions 1 matched 1 did not; NestedCondition on DefaultWebSecurityCondition.Beans @ConditionalOnMissingBean (types: org.springframework.security.web.SecurityFilterChain; SearchStrategy: all) found beans of type 'org.springframework.security.web.SecurityFilterChain' securityFilterChain; NestedCondition on DefaultWebSecurityCondition.Classes @ConditionalOnClass found required classes 'org.springframework.security.web.SecurityFilterChain', 'org.springframework.security.config.annotation.web.builders.HttpSecurity' (DefaultWebSecurityCondition)
?[0m?[0;34m      Matched:
?[0m?[0;34m         - found 'session' scope (OnWebApplicationCondition)
?[0m?[0;34m
?[0m?[0;34m   MappingsEndpointAutoConfiguration.ReactiveWebConfiguration:
?[0m?[0;34m      Did not match:
?[0m?[0;34m         - @ConditionalOnClass did not find required class 'org.springframework.web.reactive.DispatcherHandler' (OnClassCondition)
?[0m?[0;34m
?[0m?[0;34m   MessageSourceAutoConfiguration:
?[0m?[0;34m      Did not match:
?[0m?[0;34m         - ResourceBundle did not find bundle with basename messages (MessageSourceAutoConfiguration.ResourceBundleCondition)
?[0m?[0;34m
?[0m?[0;34m   MicrometerTracingAutoConfiguration:
?[0m?[0;34m      Did not match:
?[0m?[0;34m         - @ConditionalOnClass did not find required class 'io.micrometer.tracing.Tracer' (OnClassCondition)
?[0m?[0;34m
?[0m?[0;34m   MongoAutoConfiguration:
?[0m?[0;34m      Did not match:
?[0m?[0;34m         - @ConditionalOnClass did not find required class 'com.mongodb.client.MongoClient' (OnClassCondition)
?[0m?[0;34m
?[0m?[0;34m   MongoDataAutoConfiguration:
?[0m?[0;34m      Did not match:
?[0m?[0;34m         - @ConditionalOnClass did not find required class 'com.mongodb.client.MongoClient' (OnClassCondition)
?[0m?[0;34m
?[0m?[0;34m   MongoHealthContributorAutoConfiguration:
?[0m?[0;34m      Did not match:
?[0m?[0;34m         - @ConditionalOnClass did not find required class 'org.springframework.data.mongodb.core.MongoTemplate' (OnClassCondition)
?[0m?[0;34m
?[0m?[0;34m   MongoMetricsAutoConfiguration:
?[0m?[0;34m      Did not match:
?[0m?[0;34m         - @ConditionalOnClass did not find required class 'com.mongodb.MongoClientSettings' (OnClassCondition)
?[0m?[0;34m
?[0m?[0;34m   MongoReactiveAutoConfiguration:
?[0m?[0;34m      Did not match:
?[0m?[0;34m         - @ConditionalOnClass did not find required class 'com.mongodb.reactivestreams.client.MongoClient' (OnClassCondition)
?[0m?[0;34m
?[0m?[0;34m   MongoReactiveDataAutoConfiguration:
?[0m?[0;34m      Did not match:
?[0m?[0;34m         - @ConditionalOnClass did not find required class 'com.mongodb.reactivestreams.client.MongoClient' (OnClassCondition)
?[0m?[0;34m
?[0m?[0;34m   MongoReactiveHealthContributorAutoConfiguration:
?[0m?[0;34m      Did not match:
?[0m?[0;34m         - @ConditionalOnClass did not find required class 'reactor.core.publisher.Flux' (OnClassCondition)
?[0m?[0;34m
?[0m?[0;34m   MongoReactiveRepositoriesAutoConfiguration:
?[0m?[0;34m      Did not match:
?[0m?[0;34m         - @ConditionalOnClass did not find required class 'com.mongodb.reactivestreams.client.MongoClient' (OnClassCondition)
?[0m?[0;34m
?[0m?[0;34m   MongoRepositoriesAutoConfiguration:
?[0m?[0;34m      Did not match:
?[0m?[0;34m         - @ConditionalOnClass did not find required class 'com.mongodb.client.MongoClient' (OnClassCondition)
?[0m?[0;34m
?[0m?[0;34m   MustacheAutoConfiguration:
?[0m?[0;34m      Did not match:
?[0m?[0;34m         - @ConditionalOnClass did not find required class 'com.samskivert.mustache.Mustache' (OnClassCondition)
?[0m?[0;34m
?[0m?[0;34m   Neo4jAutoConfiguration:
?[0m?[0;34m      Did not match:
?[0m?[0;34m         - @ConditionalOnClass did not find required class 'org.neo4j.driver.Driver' (OnClassCondition)
?[0m?[0;34m
?[0m?[0;34m   Neo4jDataAutoConfiguration:
?[0m?[0;34m      Did not match:
?[0m?[0;34m         - @ConditionalOnClass did not find required class 'org.neo4j.driver.Driver' (OnClassCondition)
?[0m?[0;34m
?[0m?[0;34m   Neo4jHealthContributorAutoConfiguration:
?[0m?[0;34m      Did not match:
?[0m?[0;34m         - @ConditionalOnClass did not find required class 'org.neo4j.driver.Driver' (OnClassCondition)
?[0m?[0;34m
?[0m?[0;34m   Neo4jReactiveDataAutoConfiguration:
?[0m?[0;34m      Did not match:
?[0m?[0;34m         - @ConditionalOnClass did not find required class 'org.neo4j.driver.Driver' (OnClassCondition)
?[0m?[0;34m
?[0m?[0;34m   Neo4jReactiveRepositoriesAutoConfiguration:
?[0m?[0;34m      Did not match:
?[0m?[0;34m         - @ConditionalOnClass did not find required class 'org.neo4j.driver.Driver' (OnClassCondition)
?[0m?[0;34m
?[0m?[0;34m   Neo4jRepositoriesAutoConfiguration:
?[0m?[0;34m      Did not match:
?[0m?[0;34m         - @ConditionalOnClass did not find required class 'org.neo4j.driver.Driver' (OnClassCondition)
?[0m?[0;34m
?[0m?[0;34m   NettyAutoConfiguration:
?[0m?[0;34m      Did not match:
?[0m?[0;34m         - @ConditionalOnClass did not find required class 'io.netty.util.NettyRuntime' (OnClassCondition)
?[0m?[0;34m
?[0m?[0;34m   NewRelicMetricsExportAutoConfiguration:
?[0m?[0;34m      Did not match:
?[0m?[0;34m         - @ConditionalOnClass did not find required class 'io.micrometer.newrelic.NewRelicMeterRegistry' (OnClassCondition)
?[0m?[0;34m
?[0m?[0;34m   NoOpMeterRegistryConfiguration:
?[0m?[0;34m      Did not match:
?[0m?[0;34m         - @ConditionalOnMissingBean (types: io.micrometer.core.instrument.MeterRegistry; SearchStrategy: all) found beans of type 'io.micrometer.core.instrument.MeterRegistry' simpleMeterRegistry (OnBeanCondition)
?[0m?[0;34m
?[0m?[0;34m   OAuth2ClientAutoConfiguration:
?[0m?[0;34m      Did not match:
?[0m?[0;34m         - @ConditionalOnClass did not find required class 'org.springframework.security.oauth2.client.registration.ClientRegistration' (OnClassCondition)
?[0m?[0;34m
?[0m?[0;34m   OAuth2ResourceServerAutoConfiguration:
?[0m?[0;34m      Did not match:
?[0m?[0;34m         - @ConditionalOnClass did not find required class 'org.springframework.security.oauth2.server.resource.authentication.BearerTokenAuthenticationToken' (OnClassCondition)
?[0m?[0;34m
?[0m?[0;34m   ObservationAutoConfiguration.MeterObservationHandlerConfiguration.TracingAndMetricsObservationHandlerConfiguration:
?[0m?[0;34m      Did not match:
?[0m?[0;34m         - @ConditionalOnBean did not find required type 'io.micrometer.tracing.Tracer' (OnBeanCondition)
?[0m?[0;34m         - @ConditionalOnBean (types: io.micrometer.tracing.Tracer; SearchStrategy: all) did not find any beans of type io.micrometer.tracing.Tracer (OnBeanCondition)
?[0m?[0;34m
?[0m?[0;34m   ObservationAutoConfiguration.MetricsWithTracingConfiguration:
?[0m?[0;34m      Did not match:
?[0m?[0;34m         - @ConditionalOnClass did not find required class 'io.micrometer.tracing.Tracer' (OnClassCondition)
?[0m?[0;34m
?[0m?[0;34m   ObservationAutoConfiguration.OnlyTracingConfiguration:
?[0m?[0;34m      Did not match:
?[0m?[0;34m         - @ConditionalOnClass did not find required class 'io.micrometer.tracing.Tracer' (OnClassCondition)
?[0m?[0;34m
?[0m?[0;34m   OpenTelemetryAutoConfiguration:
?[0m?[0;34m      Did not match:
?[0m?[0;34m         - @ConditionalOnClass did not find required class 'io.micrometer.tracing.otel.bridge.OtelTracer' (OnClassCondition)
?[0m?[0;34m
?[0m?[0;34m   OtlpMetricsExportAutoConfiguration:
?[0m?[0;34m      Did not match:
?[0m?[0;34m         - @ConditionalOnClass did not find required class 'io.micrometer.registry.otlp.OtlpMeterRegistry' (OnClassCondition)
?[0m?[0;34m
?[0m?[0;34m   ProjectInfoAutoConfiguration#buildProperties:
?[0m?[0;34m      Did not match:
?[0m?[0;34m         - @ConditionalOnResource did not find resource '${spring.info.build.location:classpath:META-INF/build-info.properties}' (OnResourceCondition)
?[0m?[0;34m
?[0m?[0;34m   ProjectInfoAutoConfiguration#gitProperties:
?[0m?[0;34m      Did not match:
?[0m?[0;34m         - GitResource did not find git info at classpath:git.properties (ProjectInfoAutoConfiguration.GitResourceAvailableCondition)
?[0m?[0;34m
?[0m?[0;34m   PrometheusExemplarsAutoConfiguration:
?[0m?[0;34m      Did not match:
?[0m?[0;34m         - @ConditionalOnClass did not find required class 'io.micrometer.tracing.Tracer' (OnClassCondition)
?[0m?[0;34m
?[0m?[0;34m   PrometheusMetricsExportAutoConfiguration:
?[0m?[0;34m      Did not match:
?[0m?[0;34m         - @ConditionalOnClass did not find required class 'io.micrometer.prometheus.PrometheusMeterRegistry' (OnClassCondition)
?[0m?[0;34m
?[0m?[0;34m   QuartzAutoConfiguration:
?[0m?[0;34m      Did not match:
?[0m?[0;34m         - @ConditionalOnClass did not find required class 'org.quartz.Scheduler' (OnClassCondition)
?[0m?[0;34m
?[0m?[0;34m   QuartzEndpointAutoConfiguration:
?[0m?[0;34m      Did not match:
?[0m?[0;34m         - @ConditionalOnClass did not find required class 'org.quartz.Scheduler' (OnClassCondition)
?[0m?[0;34m
?[0m?[0;34m   R2dbcAutoConfiguration:
?[0m?[0;34m      Did not match:
?[0m?[0;34m         - @ConditionalOnClass did not find required class 'io.r2dbc.spi.ConnectionFactory' (OnClassCondition)
?[0m?[0;34m
?[0m?[0;34m   R2dbcDataAutoConfiguration:
?[0m?[0;34m      Did not match:
?[0m?[0;34m         - @ConditionalOnClass did not find required class 'org.springframework.data.r2dbc.core.R2dbcEntityTemplate' (OnClassCondition)
?[0m?[0;34m
?[0m?[0;34m   R2dbcInitializationConfiguration:
?[0m?[0;34m      Did not match:
?[0m?[0;34m         - @ConditionalOnClass did not find required classes 'io.r2dbc.spi.ConnectionFactory', 'org.springframework.r2dbc.connection.init.DatabasePopulator' (OnClassCondition)
?[0m?[0;34m
?[0m?[0;34m   R2dbcRepositoriesAutoConfiguration:
?[0m?[0;34m      Did not match:
?[0m?[0;34m         - @ConditionalOnClass did not find required class 'io.r2dbc.spi.ConnectionFactory' (OnClassCondition)
?[0m?[0;34m
?[0m?[0;34m   R2dbcTransactionManagerAutoConfiguration:
?[0m?[0;34m      Did not match:
?[0m?[0;34m         - @ConditionalOnClass did not find required class 'org.springframework.r2dbc.connection.R2dbcTransactionManager' (OnClassCondition)
?[0m?[0;34m
?[0m?[0;34m   RSocketGraphQlClientAutoConfiguration:
?[0m?[0;34m      Did not match:
?[0m?[0;34m         - @ConditionalOnClass did not find required class 'graphql.GraphQL' (OnClassCondition)
?[0m?[0;34m
?[0m?[0;34m   RSocketMessagingAutoConfiguration:
?[0m?[0;34m      Did not match:
?[0m?[0;34m         - @ConditionalOnClass did not find required class 'io.rsocket.RSocket' (OnClassCondition)
?[0m?[0;34m
?[0m?[0;34m   RSocketRequesterAutoConfiguration:
?[0m?[0;34m      Did not match:
?[0m?[0;34m         - @ConditionalOnClass did not find required class 'io.rsocket.RSocket' (OnClassCondition)
?[0m?[0;34m
?[0m?[0;34m   RSocketSecurityAutoConfiguration:
?[0m?[0;34m      Did not match:
?[0m?[0;34m         - @ConditionalOnClass did not find required class 'org.springframework.security.rsocket.core.SecuritySocketAcceptorInterceptor' (OnClassCondition)
?[0m?[0;34m
?[0m?[0;34m   RSocketServerAutoConfiguration:
?[0m?[0;34m      Did not match:
?[0m?[0;34m         - @ConditionalOnClass did not find required class 'io.rsocket.core.RSocketServer' (OnClassCondition)
?[0m?[0;34m
?[0m?[0;34m   RSocketStrategiesAutoConfiguration:
?[0m?[0;34m      Did not match:
?[0m?[0;34m         - @ConditionalOnClass did not find required class 'io.netty.buffer.PooledByteBufAllocator' (OnClassCondition)
?[0m?[0;34m
?[0m?[0;34m   RabbitAutoConfiguration:
?[0m?[0;34m      Did not match:
?[0m?[0;34m         - @ConditionalOnClass did not find required class 'com.rabbitmq.client.Channel' (OnClassCondition)
?[0m?[0;34m
?[0m?[0;34m   RabbitHealthContributorAutoConfiguration:
?[0m?[0;34m      Did not match:
?[0m?[0;34m         - @ConditionalOnClass did not find required class 'org.springframework.amqp.rabbit.core.RabbitTemplate' (OnClassCondition)
?[0m?[0;34m
?[0m?[0;34m   RabbitMetricsAutoConfiguration:
?[0m?[0;34m      Did not match:
?[0m?[0;34m         - @ConditionalOnClass did not find required class 'com.rabbitmq.client.ConnectionFactory' (OnClassCondition)
?[0m?[0;34m
?[0m?[0;34m   ReactiveCloudFoundryActuatorAutoConfiguration:
?[0m?[0;34m      Did not match:
?[0m?[0;34m         - @ConditionalOnWebApplication did not find reactive web application classes (OnWebApplicationCondition)
?[0m?[0;34m
?[0m?[0;34m   ReactiveElasticsearchClientAutoConfiguration:
?[0m?[0;34m      Did not match:
?[0m?[0;34m         - @ConditionalOnClass did not find required class 'co.elastic.clients.transport.ElasticsearchTransport' (OnClassCondition)
?[0m?[0;34m
?[0m?[0;34m   ReactiveElasticsearchRepositoriesAutoConfiguration:
?[0m?[0;34m      Did not match:
?[0m?[0;34m         - @ConditionalOnClass did not find required class 'org.springframework.data.elasticsearch.client.elc.ReactiveElasticsearchClient' (OnClassCondition)
?[0m?[0;34m
?[0m?[0;34m   ReactiveHealthEndpointConfiguration:
?[0m?[0;34m      Did not match:
?[0m?[0;34m         - @ConditionalOnClass did not find required class 'reactor.core.publisher.Flux' (OnClassCondition)
?[0m?[0;34m
?[0m?[0;34m   ReactiveManagementContextAutoConfiguration:
?[0m?[0;34m      Did not match:
?[0m?[0;34m         - @ConditionalOnClass did not find required class 'reactor.core.publisher.Flux' (OnClassCondition)
?[0m?[0;34m
?[0m?[0;34m   ReactiveManagementWebSecurityAutoConfiguration:
?[0m?[0;34m      Did not match:
?[0m?[0;34m         - @ConditionalOnWebApplication did not find reactive web application classes (OnWebApplicationCondition)
?[0m?[0;34m
?[0m?[0;34m   ReactiveMultipartAutoConfiguration:
?[0m?[0;34m      Did not match:
?[0m?[0;34m         - @ConditionalOnClass did not find required class 'org.springframework.web.reactive.config.WebFluxConfigurer' (OnClassCondition)
?[0m?[0;34m
?[0m?[0;34m   ReactiveOAuth2ClientAutoConfiguration:
?[0m?[0;34m      Did not match:
?[0m?[0;34m         - @ConditionalOnClass did not find required class 'reactor.core.publisher.Flux' (OnClassCondition)
?[0m?[0;34m
?[0m?[0;34m   ReactiveOAuth2ResourceServerAutoConfiguration:
?[0m?[0;34m      Did not match:
?[0m?[0;34m         - @ConditionalOnWebApplication did not find reactive web application classes (OnWebApplicationCondition)
?[0m?[0;34m
?[0m?[0;34m   ReactiveSecurityAutoConfiguration:
?[0m?[0;34m      Did not match:
?[0m?[0;34m         - @ConditionalOnClass did not find required class 'reactor.core.publisher.Flux' (OnClassCondition)
?[0m?[0;34m
?[0m?[0;34m   ReactiveUserDetailsServiceAutoConfiguration:
?[0m?[0;34m      Did not match:
?[0m?[0;34m         - AnyNestedCondition 0 matched 2 did not; NestedCondition on ReactiveUserDetailsServiceAutoConfiguration.ReactiveUserDetailsServiceCondition.ReactiveWebApplicationCondition did not find reactive web application classes; NestedCondition on ReactiveUserDetailsServiceAutoConfiguration.ReactiveUserDetailsServiceCondition.RSocketSecurityEnabledCondition @ConditionalOnBean (types: org.springframework.messaging.rsocket.annotation.support.RSocketMessageHandler; SearchStrategy: all) did not find any beans of type org.springframework.messaging.rsocket.annotation.support.RSocketMessageHandler (ReactiveUserDetailsServiceAutoConfiguration.ReactiveUserDetailsServiceCondition)
?[0m?[0;34m      Matched:
?[0m?[0;34m         - @ConditionalOnClass found required class 'org.springframework.security.authentication.ReactiveAuthenticationManager' (OnClassCondition)
?[0m?[0;34m
?[0m?[0;34m   ReactiveWebServerFactoryAutoConfiguration:
?[0m?[0;34m      Did not match:
?[0m?[0;34m         - @ConditionalOnWebApplication did not find reactive web application classes (OnWebApplicationCondition)
?[0m?[0;34m
?[0m?[0;34m   RedisAutoConfiguration:
?[0m?[0;34m      Did not match:
?[0m?[0;34m         - @ConditionalOnClass did not find required class 'org.springframework.data.redis.core.RedisOperations' (OnClassCondition)
?[0m?[0;34m
?[0m?[0;34m   RedisCacheConfiguration:
?[0m?[0;34m      Did not match:
?[0m?[0;34m         - @ConditionalOnClass did not find required class 'org.springframework.data.redis.connection.RedisConnectionFactory' (OnClassCondition)
?[0m?[0;34m
?[0m?[0;34m   RedisHealthContributorAutoConfiguration:
?[0m?[0;34m      Did not match:
?[0m?[0;34m         - @ConditionalOnClass did not find required class 'org.springframework.data.redis.connection.RedisConnectionFactory' (OnClassCondition)
?[0m?[0;34m
?[0m?[0;34m   RedisReactiveAutoConfiguration:
?[0m?[0;34m      Did not match:
?[0m?[0;34m         - @ConditionalOnClass did not find required class 'reactor.core.publisher.Flux' (OnClassCondition)
?[0m?[0;34m
?[0m?[0;34m   RedisReactiveHealthContributorAutoConfiguration:
?[0m?[0;34m      Did not match:
?[0m?[0;34m         - @ConditionalOnClass did not find required class 'reactor.core.publisher.Flux' (OnClassCondition)
?[0m?[0;34m
?[0m?[0;34m   RedisRepositoriesAutoConfiguration:
?[0m?[0;34m      Did not match:
?[0m?[0;34m         - @ConditionalOnClass did not find required class 'org.springframework.data.redis.repository.configuration.EnableRedisRepositories' (OnClassCondition)
?[0m?[0;34m
?[0m?[0;34m   RepositoryRestMvcAutoConfiguration:
?[0m?[0;34m      Did not match:
?[0m?[0;34m         - @ConditionalOnClass did not find required class 'org.springframework.data.rest.webmvc.config.RepositoryRestMvcConfiguration' (OnClassCondition)
?[0m?[0;34m
?[0m?[0;34m   Saml2RelyingPartyAutoConfiguration:
?[0m?[0;34m      Did not match:
?[0m?[0;34m         - @ConditionalOnClass did not find required class 'org.springframework.security.saml2.provider.service.registration.RelyingPartyRegistrationRepository' (OnClassCondition)
?[0m?[0;34m
?[0m?[0;34m   SecurityDataConfiguration:
?[0m?[0;34m      Did not match:
?[0m?[0;34m         - @ConditionalOnClass did not find required class 'org.springframework.security.data.repository.query.SecurityEvaluationContextExtension' (OnClassCondition)
?[0m?[0;34m
?[0m?[0;34m   SecurityRequestMatchersManagementContextConfiguration.JerseyRequestMatcherConfiguration:
?[0m?[0;34m      Did not match:
?[0m?[0;34m         - @ConditionalOnClass did not find required class 'org.glassfish.jersey.server.ResourceConfig' (OnClassCondition)
?[0m?[0;34m
?[0m?[0;34m   SendGridAutoConfiguration:
?[0m?[0;34m      Did not match:
?[0m?[0;34m         - @ConditionalOnClass did not find required class 'com.sendgrid.SendGrid' (OnClassCondition)
?[0m?[0;34m
?[0m?[0;34m   ServletEndpointManagementContextConfiguration.JerseyServletEndpointManagementContextConfiguration:
?[0m?[0;34m      Did not match:
?[0m?[0;34m         - @ConditionalOnClass did not find required class 'org.glassfish.jersey.server.ResourceConfig' (OnClassCondition)
?[0m?[0;34m
?[0m?[0;34m   ServletManagementContextAutoConfiguration.ApplicationContextFilterConfiguration:
?[0m?[0;34m      Did not match:
?[0m?[0;34m         - @ConditionalOnProperty (management.server.add-application-context-header=true) did not find property 'add-application-context-header' (OnPropertyCondition)
?[0m?[0;34m
?[0m?[0;34m   ServletWebServerFactoryAutoConfiguration.ForwardedHeaderFilterConfiguration:
?[0m?[0;34m      Did not match:
?[0m?[0;34m         - @ConditionalOnProperty (server.forward-headers-strategy=framework) did not find property 'server.forward-headers-strategy' (OnPropertyCondition)
?[0m?[0;34m
?[0m?[0;34m   ServletWebServerFactoryConfiguration.EmbeddedJetty:
?[0m?[0;34m      Did not match:
?[0m?[0;34m         - @ConditionalOnClass did not find required classes 'org.eclipse.jetty.server.Server', 'org.eclipse.jetty.util.Loader', 'org.eclipse.jetty.webapp.WebAppContext' (OnClassCondition)
?[0m?[0;34m
?[0m?[0;34m   ServletWebServerFactoryConfiguration.EmbeddedUndertow:
?[0m?[0;34m      Did not match:
?[0m?[0;34m         - @ConditionalOnClass did not find required classes 'io.undertow.Undertow', 'org.xnio.SslClientAuthMode' (OnClassCondition)
?[0m?[0;34m
?[0m?[0;34m   SessionAutoConfiguration:
?[0m?[0;34m      Did not match:
?[0m?[0;34m         - @ConditionalOnClass did not find required class 'org.springframework.session.Session' (OnClassCondition)
?[0m?[0;34m
?[0m?[0;34m   SessionsEndpointAutoConfiguration:
?[0m?[0;34m      Did not match:
?[0m?[0;34m         - @ConditionalOnClass did not find required class 'org.springframework.session.FindByIndexNameSessionRepository' (OnClassCondition)
?[0m?[0;34m
?[0m?[0;34m   SignalFxMetricsExportAutoConfiguration:
?[0m?[0;34m      Did not match:
?[0m?[0;34m         - @ConditionalOnClass did not find required class 'io.micrometer.signalfx.SignalFxMeterRegistry' (OnClassCondition)
?[0m?[0;34m
?[0m?[0;34m   SpringApplicationAdminJmxAutoConfiguration:
?[0m?[0;34m      Did not match:
?[0m?[0;34m         - @ConditionalOnProperty (spring.application.admin.enabled=true) did not find property 'enabled' (OnPropertyCondition)
?[0m?[0;34m
?[0m?[0;34m   SpringBootWebSecurityConfiguration.SecurityFilterChainConfiguration:
?[0m?[0;34m      Did not match:
?[0m?[0;34m         - AllNestedConditions 1 matched 1 did not; NestedCondition on DefaultWebSecurityCondition.Beans @ConditionalOnMissingBean (types: org.springframework.security.web.SecurityFilterChain; SearchStrategy: all) found beans of type 'org.springframework.security.web.SecurityFilterChain' securityFilterChain; NestedCondition on DefaultWebSecurityCondition.Classes @ConditionalOnClass found required classes 'org.springframework.security.web.SecurityFilterChain', 'org.springframework.security.config.annotation.web.builders.HttpSecurity' (DefaultWebSecurityCondition)
?[0m?[0;34m
?[0m?[0;34m   SpringBootWebSecurityConfiguration.WebSecurityEnablerConfiguration:
?[0m?[0;34m      Did not match:
?[0m?[0;34m         - @ConditionalOnMissingBean (names: springSecurityFilterChain; SearchStrategy: all) found beans named springSecurityFilterChain (OnBeanCondition)
?[0m?[0;34m      Matched:
?[0m?[0;34m         - @ConditionalOnClass found required class 'org.springframework.security.config.annotation.web.configuration.EnableWebSecurity' (OnClassCondition)
?[0m?[0;34m
?[0m?[0;34m   StackdriverMetricsExportAutoConfiguration:
?[0m?[0;34m      Did not match:
?[0m?[0;34m         - @ConditionalOnClass did not find required class 'io.micrometer.stackdriver.StackdriverMeterRegistry' (OnClassCondition)
?[0m?[0;34m
?[0m?[0;34m   StartupEndpointAutoConfiguration:
?[0m?[0;34m      Did not match:
?[0m?[0;34m         - ApplicationStartup configured applicationStartup is of type class org.springframework.core.metrics.DefaultApplicationStartup, expected BufferingApplicationStartup. (StartupEndpointAutoConfiguration.ApplicationStartupCondition)
?[0m?[0;34m
?[0m?[0;34m   StatsdMetricsExportAutoConfiguration:
?[0m?[0;34m      Did not match:
?[0m?[0;34m         - @ConditionalOnClass did not find required class 'io.micrometer.statsd.StatsdMeterRegistry' (OnClassCondition)
?[0m?[0;34m
?[0m?[0;34m   TaskSchedulingAutoConfiguration#scheduledBeanLazyInitializationExcludeFilter:
?[0m?[0;34m      Did not match:
?[0m?[0;34m         - @ConditionalOnBean (names: org.springframework.context.annotation.internalScheduledAnnotationProcessor; SearchStrategy: all) did not find any beans named org.springframework.context.annotation.internalScheduledAnnotationProcessor (OnBeanCondition)
?[0m?[0;34m
?[0m?[0;34m   TaskSchedulingAutoConfiguration#taskScheduler:
?[0m?[0;34m      Did not match:
?[0m?[0;34m         - @ConditionalOnBean (names: org.springframework.context.annotation.internalScheduledAnnotationProcessor; SearchStrategy: all) did not find any beans named org.springframework.context.annotation.internalScheduledAnnotationProcessor (OnBeanCondition)
?[0m?[0;34m
?[0m?[0;34m   ThymeleafAutoConfiguration:
?[0m?[0;34m      Did not match:
?[0m?[0;34m         - @ConditionalOnClass did not find required class 'org.thymeleaf.spring6.SpringTemplateEngine' (OnClassCondition)
?[0m?[0;34m
?[0m?[0;34m   TransactionAutoConfiguration#transactionalOperator:
?[0m?[0;34m      Did not match:
?[0m?[0;34m         - @ConditionalOnSingleCandidate (types: org.springframework.transaction.ReactiveTransactionManager; SearchStrategy: all) did not find any beans (OnBeanCondition)
?[0m?[0;34m
?[0m?[0;34m   TransactionAutoConfiguration.EnableTransactionManagementConfiguration.JdkDynamicAutoProxyConfiguration:
?[0m?[0;34m      Did not match:
?[0m?[0;34m         - @ConditionalOnProperty (spring.aop.proxy-target-class=false) did not find property 'proxy-target-class' (OnPropertyCondition)
?[0m?[0;34m
?[0m?[0;34m   UserDetailsServiceAutoConfiguration:
?[0m?[0;34m      Did not match:
?[0m?[0;34m         - @ConditionalOnMissingBean (types: org.springframework.security.authentication.AuthenticationManager,org.springframework.security.authentication.AuthenticationProvider,org.springframework.security.core.userdetails.UserDetailsService,org.springframework.security.authentication.AuthenticationManagerResolver,org.springframework.security.oauth2.jwt.JwtDecoder,org.springframework.security.oauth2.server.resource.introspection.OpaqueTokenIntrospector,org.springframework.security.oauth2.client.registration.ClientRegistrationRepository,org.springframework.security.saml2.provider.service.registration.RelyingPartyRegistrationRepository; SearchStrategy: all) found beans of type 'org.springframework.security.core.userdetails.UserDetailsService' customUserDetailsService (OnBeanCondition)
?[0m?[0;34m      Matched:
?[0m?[0;34m         - @ConditionalOnClass found required class 'org.springframework.security.authentication.AuthenticationManager' (OnClassCondition)
?[0m?[0;34m
?[0m?[0;34m   ValidationAutoConfiguration:
?[0m?[0;34m      Did not match:
?[0m?[0;34m         - @ConditionalOnClass did not find required class 'jakarta.validation.executable.ExecutableValidator' (OnClassCondition)
?[0m?[0;34m
?[0m?[0;34m   WavefrontAutoConfiguration:
?[0m?[0;34m      Did not match:
?[0m?[0;34m         - @ConditionalOnClass did not find required class 'com.wavefront.sdk.common.application.ApplicationTags' (OnClassCondition)
?[0m?[0;34m
?[0m?[0;34m   WavefrontMetricsExportAutoConfiguration:
?[0m?[0;34m      Did not match:
?[0m?[0;34m         - @ConditionalOnClass did not find required class 'com.wavefront.sdk.common.WavefrontSender' (OnClassCondition)
?[0m?[0;34m
?[0m?[0;34m   WavefrontTracingAutoConfiguration:
?[0m?[0;34m      Did not match:
?[0m?[0;34m         - @ConditionalOnClass did not find required class 'com.wavefront.sdk.common.WavefrontSender' (OnClassCondition)
?[0m?[0;34m
?[0m?[0;34m   WebClientAutoConfiguration:
?[0m?[0;34m      Did not match:
?[0m?[0;34m         - @ConditionalOnClass did not find required class 'org.springframework.web.reactive.function.client.WebClient' (OnClassCondition)
?[0m?[0;34m
?[0m?[0;34m   WebClientObservationConfiguration:
?[0m?[0;34m      Did not match:
?[0m?[0;34m         - @ConditionalOnClass did not find required class 'org.springframework.web.reactive.function.client.WebClient' (OnClassCondition)
?[0m?[0;34m
?[0m?[0;34m   WebFluxAutoConfiguration:
?[0m?[0;34m      Did not match:
?[0m?[0;34m         - @ConditionalOnClass did not find required class 'org.springframework.web.reactive.config.WebFluxConfigurer' (OnClassCondition)
?[0m?[0;34m
?[0m?[0;34m   WebFluxEndpointManagementContextConfiguration:
?[0m?[0;34m      Did not match:
?[0m?[0;34m         - @ConditionalOnClass did not find required class 'org.springframework.web.reactive.DispatcherHandler' (OnClassCondition)
?[0m?[0;34m
?[0m?[0;34m   WebFluxObservationAutoConfiguration:
?[0m?[0;34m      Did not match:
?[0m?[0;34m         - @ConditionalOnWebApplication did not find reactive web application classes (OnWebApplicationCondition)
?[0m?[0;34m
?[0m?[0;34m   WebMvcAutoConfiguration#hiddenHttpMethodFilter:
?[0m?[0;34m      Did not match:
?[0m?[0;34m         - @ConditionalOnProperty (spring.mvc.hiddenmethod.filter.enabled) did not find property 'enabled' (OnPropertyCondition)
?[0m?[0;34m
?[0m?[0;34m   WebMvcAutoConfiguration.ProblemDetailsErrorHandlingConfiguration:
?[0m?[0;34m      Did not match:
?[0m?[0;34m         - @ConditionalOnProperty (spring.mvc.problemdetails.enabled=true) did not find property 'enabled' (OnPropertyCondition)
?[0m?[0;34m
?[0m?[0;34m   WebMvcAutoConfiguration.ResourceChainCustomizerConfiguration:
?[0m?[0;34m      Did not match:
?[0m?[0;34m         - @ConditionalOnEnabledResourceChain did not find class org.webjars.WebJarAssetLocator (OnEnabledResourceChainCondition)
?[0m?[0;34m
?[0m?[0;34m   WebMvcAutoConfiguration.WebMvcAutoConfigurationAdapter#beanNameViewResolver:
?[0m?[0;34m      Did not match:
?[0m?[0;34m         - @ConditionalOnMissingBean (types: org.springframework.web.servlet.view.BeanNameViewResolver; SearchStrategy: all) found beans of type 'org.springframework.web.servlet.view.BeanNameViewResolver' beanNameViewResolver (OnBeanCondition)
?[0m?[0;34m
?[0m?[0;34m   WebMvcEndpointManagementContextConfiguration#managementHealthEndpointWebMvcHandlerMapping:
?[0m?[0;34m      Did not match:
?[0m?[0;34m         - Management Port actual port type (SAME) did not match required type (DIFFERENT) (OnManagementPortCondition)
?[0m?[0;34m
?[0m?[0;34m   WebServiceTemplateAutoConfiguration:
?[0m?[0;34m      Did not match:
?[0m?[0;34m         - @ConditionalOnClass did not find required class 'org.springframework.oxm.Marshaller' (OnClassCondition)
?[0m?[0;34m
?[0m?[0;34m   WebServicesAutoConfiguration:
?[0m?[0;34m      Did not match:
?[0m?[0;34m         - @ConditionalOnClass did not find required class 'org.springframework.ws.transport.http.MessageDispatcherServlet' (OnClassCondition)
?[0m?[0;34m
?[0m?[0;34m   WebSessionIdResolverAutoConfiguration:
?[0m?[0;34m      Did not match:
?[0m?[0;34m         - @ConditionalOnClass did not find required class 'reactor.core.publisher.Mono' (OnClassCondition)
?[0m?[0;34m
?[0m?[0;34m   WebSocketMessagingAutoConfiguration:
?[0m?[0;34m      Did not match:
?[0m?[0;34m         - @ConditionalOnClass did not find required class 'org.springframework.web.socket.config.annotation.WebSocketMessageBrokerConfigurer' (OnClassCondition)
?[0m?[0;34m
?[0m?[0;34m   WebSocketReactiveAutoConfiguration:
?[0m?[0;34m      Did not match:
?[0m?[0;34m         - @ConditionalOnWebApplication did not find reactive web application classes (OnWebApplicationCondition)
?[0m?[0;34m
?[0m?[0;34m   WebSocketServletAutoConfiguration.JettyWebSocketConfiguration:
?[0m?[0;34m      Did not match:
?[0m?[0;34m         - @ConditionalOnClass did not find required class 'org.eclipse.jetty.websocket.jakarta.server.config.JakartaWebSocketServletContainerInitializer' (OnClassCondition)
?[0m?[0;34m
?[0m?[0;34m   WebSocketServletAutoConfiguration.UndertowWebSocketConfiguration:
?[0m?[0;34m      Did not match:
?[0m?[0;34m         - @ConditionalOnClass did not find required class 'io.undertow.websockets.jsr.Bootstrap' (OnClassCondition)
?[0m?[0;34m
?[0m?[0;34m   XADataSourceAutoConfiguration:
?[0m?[0;34m      Did not match:
?[0m?[0;34m         - @ConditionalOnBean (types: org.springframework.boot.jdbc.XADataSourceWrapper; SearchStrategy: all) did not find any beans of type org.springframework.boot.jdbc.XADataSourceWrapper (OnBeanCondition)
?[0m?[0;34m      Matched:
?[0m?[0;34m         - @ConditionalOnClass found required classes 'javax.sql.DataSource', 'jakarta.transaction.TransactionManager', 'org.springframework.jdbc.datasource.embedded.EmbeddedDatabaseType' (OnClassCondition)
?[0m?[0;34m
?[0m?[0;34m   ZipkinAutoConfiguration:
?[0m?[0;34m      Did not match:
?[0m?[0;34m         - @ConditionalOnClass did not find required class 'zipkin2.reporter.Sender' (OnClassCondition)
?[0m?[0;34m
?[0m?[0;34m
?[0m?[0;34mExclusions:
?[0m?[0;34m-----------
?[0m?[0;34m
?[0m?[0;34m    None
?[0m?[0;34m
?[0m?[0;34m
?[0m?[0;34mUnconditional classes:
?[0m?[0;34m----------------------
?[0m?[0;34m
?[0m?[0;34m    org.springframework.boot.autoconfigure.context.ConfigurationPropertiesAutoConfiguration
?[0m?[0;34m
?[0m?[0;34m    org.springframework.boot.actuate.autoconfigure.availability.AvailabilityHealthContributorAutoConfiguration
?[0m?[0;34m
?[0m?[0;34m    org.springframework.boot.actuate.autoconfigure.info.InfoContributorAutoConfiguration
?[0m?[0;34m
?[0m?[0;34m    org.springframework.boot.autoconfigure.context.PropertyPlaceholderAutoConfiguration
?[0m?[0;34m
?[0m?[0;34m    org.springframework.boot.autoconfigure.context.LifecycleAutoConfiguration
?[0m?[0;34m
?[0m?[0;34m    org.springframework.boot.actuate.autoconfigure.metrics.integration.IntegrationMetricsAutoConfiguration
?[0m?[0;34m
?[0m?[0;34m    org.springframework.boot.actuate.autoconfigure.endpoint.EndpointAutoConfiguration
?[0m?[0;34m
?[0m?[0;34m    org.springframework.boot.actuate.autoconfigure.web.server.ManagementContextAutoConfiguration
?[0m?[0;34m
?[0m?[0;34m    org.springframework.boot.actuate.autoconfigure.health.HealthContributorAutoConfiguration
?[0m?[0;34m
?[0m?[0;34m    org.springframework.boot.actuate.autoconfigure.endpoint.jackson.JacksonEndpointAutoConfiguration
?[0m?[0;34m
?[0m?[0;34m    org.springframework.boot.autoconfigure.availability.ApplicationAvailabilityAutoConfiguration
?[0m?[0;34m
?[0m?[0;34m    org.springframework.boot.autoconfigure.info.ProjectInfoAutoConfiguration
?[0m?[0;34m
?[0m?[0;34m
?[0m?[0;34m
?[0m?[0;34m2024-07-18T17:39:16.369-04:00  INFO 93785 --- [    Test worker] antifraud.AntiFraudApplication           : Started AntiFraudApplication in 6.502 seconds (process running for 7.776)
?[0m?[0;34m2024-07-18T17:39:16.441-04:00 DEBUG 93785 --- [    Test worker] o.s.b.a.ApplicationAvailabilityBean      : Application availability state LivenessState changed to CORRECT
?[0m?[0;34m2024-07-18T17:39:16.444-04:00 DEBUG 93785 --- [    Test worker] o.s.b.a.ApplicationAvailabilityBean      : Application availability state ReadinessState changed to ACCEPTING_TRAFFIC
?[0m?[0;34mTest case
?[0m?[0;34mTesting api: '/api/auth/user'
?[0m?[0;34mrequest: '{
?[0m?[0;34m   "name": "John Doe 1",
?[0m?[0;34m   "password": "oa3VvqnLxW"
?[0m?[0;34m}'
?[0m?[0;34mExpectations: 'In case of wrong data in request, endpoint must respond with BAD REQUEST  status (400).'
?[0m?[0;34m-----
?[0m?[0;34m2024-07-18T17:39:16.546-04:00 DEBUG 93785 --- [    Test worker] jdk.event.security                       : X509Certificate: Alg:SHA256withRSA, Serial:570a119742c4e3cc, Subject:CN=Actalis Authentication Root CA, O=Actalis S.p.A./03358520967, L=Milan, C=IT, Issuer:CN=Actalis Authentication Root CA, O=Actalis S.p.A./03358520967, L=Milan, C=IT, Key type:RSA, Length:4096, Cert Id:1729119956, Valid from:9/22/11, 7:22 AM, Valid until:9/22/30, 7:22 AM
?[0m?[0;34m2024-07-18T17:39:16.548-04:00 DEBUG 93785 --- [    Test worker] jdk.event.security                       : X509Certificate: Alg:SHA1withRSA, Serial:1, Subject:CN=AddTrust External CA Root, OU=AddTrust External TTP Network, O=AddTrust AB, C=SE, Issuer:CN=AddTrust External CA Root, OU=AddTrust External TTP Network, O=AddTrust AB, C=SE, Key type:RSA, Length:2048, Cert Id:-326352672, Valid from:5/30/00, 6:48 AM, Valid until:5/30/20, 6:48 AM
?[0m?[0;34m2024-07-18T17:39:16.549-04:00 DEBUG 93785 --- [    Test worker] jdk.event.security                       : X509Certificate: Alg:SHA1withRSA, Serial:1, Subject:CN=AddTrust Qualified CA Root, OU=AddTrust TTP Network, O=AddTrust AB, C=SE, Issuer:CN=AddTrust Qualified CA Root, OU=AddTrust TTP Network, O=AddTrust AB, C=SE, Key type:RSA, Length:2048, Cert Id:607365522, Valid from:5/30/00, 6:44 AM, Valid until:5/30/20, 6:44 AM
?[0m?[0;34m2024-07-18T17:39:16.551-04:00 DEBUG 93785 --- [    Test worker] jdk.event.security                       : X509Certificate: Alg:SHA256withRSA, Serial:7777062726a9b17c, Subject:CN=AffirmTrust Commercial, O=AffirmTrust, C=US, Issuer:CN=AffirmTrust Commercial, O=AffirmTrust, C=US, Key type:RSA, Length:2048, Cert Id:630485644, Valid from:1/29/10, 9:06 AM, Valid until:12/31/30, 9:06 AM
?[0m?[0;34m2024-07-18T17:39:16.552-04:00 DEBUG 93785 --- [    Test worker] jdk.event.security                       : X509Certificate: Alg:SHA1withRSA, Serial:7c4f04391cd4992d, Subject:CN=AffirmTrust Networking, O=AffirmTrust, C=US, Issuer:CN=AffirmTrust Networking, O=AffirmTrust, C=US, Key type:RSA, Length:2048, Cert Id:651670175, Valid from:1/29/10, 9:08 AM, Valid until:12/31/30, 9:08 AM
?[0m?[0;34m2024-07-18T17:39:16.554-04:00 DEBUG 93785 --- [    Test worker] jdk.event.security                       : X509Certificate: Alg:SHA384withRSA, Serial:6d8c1446b1a60aee, Subject:CN=AffirmTrust Premium, O=AffirmTrust, C=US, Issuer:CN=AffirmTrust Premium, O=AffirmTrust, C=US, Key type:RSA, Length:4096, Cert Id:-2130283955, Valid from:1/29/10, 9:10 AM, Valid until:12/31/40, 9:10 AM
?[0m?[0;34m2024-07-18T17:39:16.556-04:00 DEBUG 93785 --- [    Test worker] jdk.event.security                       : X509Certificate: Alg:SHA384withECDSA, Serial:7497258ac73f7a54, Subject:CN=AffirmTrust Premium ECC, O=AffirmTrust, C=US, Issuer:CN=AffirmTrust Premium ECC, O=AffirmTrust, C=US, Key type:EC, Length:384, Cert Id:-2080363786, Valid from:1/29/10, 9:20 AM, Valid until:12/31/40, 9:20 AM
?[0m?[0;34m2024-07-18T17:39:16.558-04:00 DEBUG 93785 --- [    Test worker] jdk.event.security                       : X509Certificate: Alg:SHA256withRSA, Serial:66c9fcf99bf8c0a39e2f0788a43e696365bca, Subject:CN=Amazon Root CA 1, O=Amazon, C=US, Issuer:CN=Amazon Root CA 1, O=Amazon, C=US, Key type:RSA, Length:2048, Cert Id:-1472444962, Valid from:5/25/15, 8:00 PM, Valid until:1/16/38, 7:00 PM
?[0m?[0;34m2024-07-18T17:39:16.558-04:00 DEBUG 93785 --- [    Test worker] jdk.event.security                       : X509Certificate: Alg:SHA384withRSA, Serial:66c9fd29635869f0a0fe58678f85b26bb8a37, Subject:CN=Amazon Root CA 2, O=Amazon, C=US, Issuer:CN=Amazon Root CA 2, O=Amazon, C=US, Key type:RSA, Length:4096, Cert Id:-1766132388, Valid from:5/25/15, 8:00 PM, Valid until:5/25/40, 8:00 PM
?[0m?[0;34m2024-07-18T17:39:16.559-04:00 DEBUG 93785 --- [    Test worker] jdk.event.security                       : X509Certificate: Alg:SHA256withECDSA, Serial:66c9fd5749736663f3b0b9ad9e89e7603f24a, Subject:CN=Amazon Root CA 3, O=Amazon, C=US, Issuer:CN=Amazon Root CA 3, O=Amazon, C=US, Key type:EC, Length:256, Cert Id:-1562287523, Valid from:5/25/15, 8:00 PM, Valid until:5/25/40, 8:00 PM
?[0m?[0;34m2024-07-18T17:39:16.560-04:00 DEBUG 93785 --- [    Test worker] jdk.event.security                       : X509Certificate: Alg:SHA384withECDSA, Serial:66c9fd7c1bb104c2943e5717b7b2cc81ac10e, Subject:CN=Amazon Root CA 4, O=Amazon, C=US, Issuer:CN=Amazon Root CA 4, O=Amazon, C=US, Key type:EC, Length:384, Cert Id:-1654272513, Valid from:5/25/15, 8:00 PM, Valid until:5/25/40, 8:00 PM
?[0m?[0;34m2024-07-18T17:39:16.562-04:00 DEBUG 93785 --- [    Test worker] jdk.event.security                       : X509Certificate: Alg:SHA1withRSA, Serial:20000b9, Subject:CN=Baltimore CyberTrust Root, OU=CyberTrust, O=Baltimore, C=IE, Issuer:CN=Baltimore CyberTrust Root, OU=CyberTrust, O=Baltimore, C=IE, Key type:RSA, Length:2048, Cert Id:1425294543, Valid from:5/12/00, 2:46 PM, Valid until:5/12/25, 7:59 PM
?[0m?[0;34m2024-07-18T17:39:16.563-04:00 DEBUG 93785 --- [    Test worker] jdk.event.security                       : X509Certificate: Alg:SHA256withRSA, Serial:2, Subject:CN=Buypass Class 2 Root CA, O=Buypass AS-983163327, C=NO, Issuer:CN=Buypass Class 2 Root CA, O=Buypass AS-983163327, C=NO, Key type:RSA, Length:4096, Cert Id:969960563, Valid from:10/26/10, 4:38 AM, Valid until:10/26/40, 4:38 AM
?[0m?[0;34m2024-07-18T17:39:16.563-04:00 DEBUG 93785 --- [    Test worker] jdk.event.security                       : X509Certificate: Alg:SHA256withRSA, Serial:2, Subject:CN=Buypass Class 3 Root CA, O=Buypass AS-983163327, C=NO, Issuer:CN=Buypass Class 3 Root CA, O=Buypass AS-983163327, C=NO, Key type:RSA, Length:4096, Cert Id:1264269967, Valid from:10/26/10, 4:28 AM, Valid until:10/26/40, 4:28 AM
?[0m?[0;34m2024-07-18T17:39:16.566-04:00 DEBUG 93785 --- [    Test worker] jdk.event.security                       : X509Certificate: Alg:SHA1withRSA, Serial:a3da427ea4b1aeda, Subject:CN=Chambers of Commerce Root - 2008, O=AC Camerfirma S.A., SERIALNUMBER=A82743287, L=Madrid (see current address at www.camerfirma.com/address), C=EU, Issuer:CN=Chambers of Commerce Root - 2008, O=AC Camerfirma S.A., SERIALNUMBER=A82743287, L=Madrid (see current address at www.camerfirma.com/address), C=EU, Key type:RSA, Length:4096, Cert Id:-28263924, Valid from:8/1/08, 8:29 AM, Valid until:7/31/38, 8:29 AM
?[0m?[0;34m2024-07-18T17:39:16.571-04:00 DEBUG 93785 --- [    Test worker] jdk.event.security                       : X509Certificate: Alg:SHA1withRSA, Serial:0, Subject:CN=Chambers of Commerce Root, OU=http://www.chambersign.org, O=AC Camerfirma SA CIF A82743287, C=EU, Issuer:CN=Chambers of Commerce Root, OU=http://www.chambersign.org, O=AC Camerfirma SA CIF A82743287, C=EU, Key type:RSA, Length:2048, Cert Id:1827306452, Valid from:9/30/03, 12:13 PM, Valid until:9/30/37, 12:13 PM
?[0m?[0;34m2024-07-18T17:39:16.573-04:00 DEBUG 93785 --- [    Test worker] jdk.event.security                       : X509Certificate: Alg:SHA1withRSA, Serial:c9cdd3e9d57d23ce, Subject:CN=Global Chambersign Root - 2008, O=AC Camerfirma S.A., SERIALNUMBER=A82743287, L=Madrid (see current address at www.camerfirma.com/address), C=EU, Issuer:CN=Global Chambersign Root - 2008, O=AC Camerfirma S.A., SERIALNUMBER=A82743287, L=Madrid (see current address at www.camerfirma.com/address), C=EU, Key type:RSA, Length:4096, Cert Id:1271252776, Valid from:8/1/08, 8:31 AM, Valid until:7/31/38, 8:31 AM
?[0m?[0;34m2024-07-18T17:39:16.575-04:00 DEBUG 93785 --- [    Test worker] jdk.event.security                       : X509Certificate: Alg:SHA384withECDSA, Serial:62533b1470333275cf98d9ab9bfccf8, Subject:CN=Certainly Root E1, O=Certainly, C=US, Issuer:CN=Certainly Root E1, O=Certainly, C=US, Key type:EC, Length:384, Cert Id:792571453, Valid from:3/31/21, 8:00 PM, Valid until:3/31/46, 8:00 PM
?[0m?[0;34m2024-07-18T17:39:16.579-04:00 DEBUG 93785 --- [    Test worker] jdk.event.security                       : X509Certificate: Alg:SHA256withRSA, Serial:8e0ff94b907168653354f4d44439b7e0, Subject:CN=Certainly Root R1, O=Certainly, C=US, Issuer:CN=Certainly Root R1, O=Certainly, C=US, Key type:RSA, Length:4096, Cert Id:-2039008761, Valid from:3/31/21, 8:00 PM, Valid until:3/31/46, 8:00 PM
?[0m?[0;34m2024-07-18T17:39:16.581-04:00 DEBUG 93785 --- [    Test worker] jdk.event.security                       : X509Certificate: Alg:SHA1withRSA, Serial:fedce3010fc948ff, Subject:CN=Certigna, O=Dhimyotis, C=FR, Issuer:CN=Certigna, O=Dhimyotis, C=FR, Key type:RSA, Length:2048, Cert Id:-788091456, Valid from:6/29/07, 11:13 AM, Valid until:6/29/27, 11:13 AM
?[0m?[0;34m2024-07-18T17:39:16.582-04:00 DEBUG 93785 --- [    Test worker] jdk.event.security                       : X509Certificate: Alg:SHA256withRSA, Serial:cae91b89f155030da3e6416dc4e3a6e1, Subject:CN=Certigna Root CA, OU=0002 48146308100036, O=Dhimyotis, C=FR, Issuer:CN=Certigna Root CA, OU=0002 48146308100036, O=Dhimyotis, C=FR, Key type:RSA, Length:4096, Cert Id:356684591, Valid from:10/1/13, 4:32 AM, Valid until:10/1/33, 4:32 AM
?[0m?[0;34m2024-07-18T17:39:16.584-04:00 DEBUG 93785 --- [    Test worker] jdk.event.security                       : X509Certificate: Alg:SHA1withRSA, Serial:10020, Subject:CN=Certum CA, O=Unizeto Sp. z o.o., C=PL, Issuer:CN=Certum CA, O=Unizeto Sp. z o.o., C=PL, Key type:RSA, Length:2048, Cert Id:-744451266, Valid from:6/11/02, 6:46 AM, Valid until:6/11/27, 6:46 AM
?[0m?[0;34m2024-07-18T17:39:16.586-04:00 DEBUG 93785 --- [    Test worker] jdk.event.security                       : X509Certificate: Alg:SHA1withRSA, Serial:444c0, Subject:CN=Certum Trusted Network CA, OU=Certum Certification Authority, O=Unizeto Technologies S.A., C=PL, Issuer:CN=Certum Trusted Network CA, OU=Certum Certification Authority, O=Unizeto Technologies S.A., C=PL, Key type:RSA, Length:2048, Cert Id:2014002193, Valid from:10/22/08, 8:07 AM, Valid until:12/31/29, 7:07 AM
?[0m?[0;34m2024-07-18T17:39:16.587-04:00 DEBUG 93785 --- [    Test worker] jdk.event.security                       : X509Certificate: Alg:SHA1withRSA, Serial:15c8bd65475cafb897005ee406d2bc9d, Subject:OU=ePKI Root Certification Authority, O="Chunghwa Telecom Co., Ltd.", C=TW, Issuer:OU=ePKI Root Certification Authority, O="Chunghwa Telecom Co., Ltd.", C=TW, Key type:RSA, Length:4096, Cert Id:-662636137, Valid from:12/19/04, 9:31 PM, Valid until:12/19/34, 9:31 PM
?[0m?[0;34m2024-07-18T17:39:16.589-04:00 DEBUG 93785 --- [    Test worker] jdk.event.security                       : X509Certificate: Alg:SHA1withRSA, Serial:1, Subject:CN=AAA Certificate Services, O=Comodo CA Limited, L=Salford, ST=Greater Manchester, C=GB, Issuer:CN=AAA Certificate Services, O=Comodo CA Limited, L=Salford, ST=Greater Manchester, C=GB, Key type:RSA, Length:2048, Cert Id:-1197580894, Valid from:12/31/03, 7:00 PM, Valid until:12/31/28, 6:59 PM
?[0m?[0;34m2024-07-18T17:39:16.590-04:00 DEBUG 93785 --- [    Test worker] jdk.event.security                       : X509Certificate: Alg:SHA384withECDSA, Serial:1f47afaa62007050544c019e9b63992a, Subject:CN=COMODO ECC Certification Authority, O=COMODO CA Limited, L=Salford, ST=Greater Manchester, C=GB, Issuer:CN=COMODO ECC Certification Authority, O=COMODO CA Limited, L=Salford, ST=Greater Manchester, C=GB, Key type:EC, Length:384, Cert Id:1146488932, Valid from:3/5/08, 7:00 PM, Valid until:1/18/38, 6:59 PM
?[0m?[0;34m2024-07-18T17:39:16.592-04:00 DEBUG 93785 --- [    Test worker] jdk.event.security                       : X509Certificate: Alg:SHA384withRSA, Serial:4caaf9cadb636fe01ff74ed85b03869d, Subject:CN=COMODO RSA Certification Authority, O=COMODO CA Limited, L=Salford, ST=Greater Manchester, C=GB, Issuer:CN=COMODO RSA Certification Authority, O=COMODO CA Limited, L=Salford, ST=Greater Manchester, C=GB, Key type:RSA, Length:4096, Cert Id:1769425049, Valid from:1/18/10, 7:00 PM, Valid until:1/18/38, 6:59 PM
?[0m?[0;34m2024-07-18T17:39:16.593-04:00 DEBUG 93785 --- [    Test worker] jdk.event.security                       : X509Certificate: Alg:SHA256withRSA, Serial:b931c3ad63967ea6723bfc3af9af44b, Subject:CN=DigiCert Assured ID Root G2, OU=www.digicert.com, O=DigiCert Inc, C=US, Issuer:CN=DigiCert Assured ID Root G2, OU=www.digicert.com, O=DigiCert Inc, C=US, Key type:RSA, Length:2048, Cert Id:-385398383, Valid from:8/1/13, 8:00 AM, Valid until:1/15/38, 7:00 AM
?[0m?[0;34m2024-07-18T17:39:16.594-04:00 DEBUG 93785 --- [    Test worker] jdk.event.security                       : X509Certificate: Alg:SHA384withECDSA, Serial:ba15afa1ddfa0b54944afcd24a06cec, Subject:CN=DigiCert Assured ID Root G3, OU=www.digicert.com, O=DigiCert Inc, C=US, Issuer:CN=DigiCert Assured ID Root G3, OU=www.digicert.com, O=DigiCert Inc, C=US, Key type:EC, Length:384, Cert Id:-645537245, Valid from:8/1/13, 8:00 AM, Valid until:1/15/38, 7:00 AM
?[0m?[0;34m2024-07-18T17:39:16.595-04:00 DEBUG 93785 --- [    Test worker] jdk.event.security                       : X509Certificate: Alg:SHA1withRSA, Serial:ce7e0e517d846fe8fe560fc1bf03039, Subject:CN=DigiCert Assured ID Root CA, OU=www.digicert.com, O=DigiCert Inc, C=US, Issuer:CN=DigiCert Assured ID Root CA, OU=www.digicert.com, O=DigiCert Inc, C=US, Key type:RSA, Length:2048, Cert Id:-860404528, Valid from:11/9/06, 7:00 PM, Valid until:11/9/31, 7:00 PM
?[0m?[0;34m2024-07-18T17:39:16.597-04:00 DEBUG 93785 --- [    Test worker] jdk.event.security                       : X509Certificate: Alg:SHA384withECDSA, Serial:3698fe712d519f3ced0fdb7b1643011, Subject:CN=DigiCert CS ECC P384 Root G5, O="DigiCert, Inc.", C=US, Issuer:CN=DigiCert CS ECC P384 Root G5, O="DigiCert, Inc.", C=US, Key type:EC, Length:384, Cert Id:381797637, Valid from:1/14/21, 7:00 PM, Valid until:1/14/46, 6:59 PM
?[0m?[0;34m2024-07-18T17:39:16.599-04:00 DEBUG 93785 --- [    Test worker] jdk.event.security                       : X509Certificate: Alg:SHA384withRSA, Serial:6cee131be6d55c807f7c0c7fb44e620, Subject:CN=DigiCert CS RSA4096 Root G5, O="DigiCert, Inc.", C=US, Issuer:CN=DigiCert CS RSA4096 Root G5, O="DigiCert, Inc.", C=US, Key type:RSA, Length:4096, Cert Id:1193514382, Valid from:1/14/21, 7:00 PM, Valid until:1/14/46, 6:59 PM
?[0m?[0;34m2024-07-18T17:39:16.601-04:00 DEBUG 93785 --- [    Test worker] jdk.event.security                       : X509Certificate: Alg:SHA1withRSA, Serial:83be056904246b1a1756ac95991c74a, Subject:CN=DigiCert Global Root CA, OU=www.digicert.com, O=DigiCert Inc, C=US, Issuer:CN=DigiCert Global Root CA, OU=www.digicert.com, O=DigiCert Inc, C=US, Key type:RSA, Length:2048, Cert Id:1341898239, Valid from:11/9/06, 7:00 PM, Valid until:11/9/31, 7:00 PM
?[0m?[0;34m2024-07-18T17:39:16.602-04:00 DEBUG 93785 --- [    Test worker] jdk.event.security                       : X509Certificate: Alg:SHA256withRSA, Serial:33af1e6a711a9a0bb2864b11d09fae5, Subject:CN=DigiCert Global Root G2, OU=www.digicert.com, O=DigiCert Inc, C=US, Issuer:CN=DigiCert Global Root G2, OU=www.digicert.com, O=DigiCert Inc, C=US, Key type:RSA, Length:2048, Cert Id:1136084297, Valid from:8/1/13, 8:00 AM, Valid until:1/15/38, 7:00 AM
?[0m?[0;34m2024-07-18T17:39:16.614-04:00 DEBUG 93785 --- [    Test worker] jdk.event.security                       : X509Certificate: Alg:SHA384withECDSA, Serial:55556bcf25ea43535c3a40fd5ab4572, Subject:CN=DigiCert Global Root G3, OU=www.digicert.com, O=DigiCert Inc, C=US, Issuer:CN=DigiCert Global Root G3, OU=www.digicert.com, O=DigiCert Inc, C=US, Key type:EC, Length:384, Cert Id:-795968543, Valid from:8/1/13, 8:00 AM, Valid until:1/15/38, 7:00 AM
?[0m?[0;34m2024-07-18T17:39:16.615-04:00 DEBUG 93785 --- [    Test worker] jdk.event.security                       : X509Certificate: Alg:SHA1withRSA, Serial:2ac5c266a0b409b8f0b79f2ae462577, Subject:CN=DigiCert High Assurance EV Root CA, OU=www.digicert.com, O=DigiCert Inc, C=US, Issuer:CN=DigiCert High Assurance EV Root CA, OU=www.digicert.com, O=DigiCert Inc, C=US, Key type:RSA, Length:2048, Cert Id:-1410680354, Valid from:11/9/06, 7:00 PM, Valid until:11/9/31, 7:00 PM
?[0m?[0;34m2024-07-18T17:39:16.616-04:00 DEBUG 93785 --- [    Test worker] jdk.event.security                       : X509Certificate: Alg:SHA384withECDSA, Serial:9e09365acf7d9c8b93e1c0b042a2ef3, Subject:CN=DigiCert TLS ECC P384 Root G5, O="DigiCert, Inc.", C=US, Issuer:CN=DigiCert TLS ECC P384 Root G5, O="DigiCert, Inc.", C=US, Key type:EC, Length:384, Cert Id:-354195278, Valid from:1/14/21, 7:00 PM, Valid until:1/14/46, 6:59 PM
?[0m?[0;34m2024-07-18T17:39:16.617-04:00 DEBUG 93785 --- [    Test worker] jdk.event.security                       : X509Certificate: Alg:SHA384withRSA, Serial:8f9b478a8fa7eda6a333789de7ccf8a, Subject:CN=DigiCert TLS RSA4096 Root G5, O="DigiCert, Inc.", C=US, Issuer:CN=DigiCert TLS RSA4096 Root G5, O="DigiCert, Inc.", C=US, Key type:RSA, Length:4096, Cert Id:165956757, Valid from:1/14/21, 7:00 PM, Valid until:1/14/46, 6:59 PM
?[0m?[0;34m2024-07-18T17:39:16.618-04:00 DEBUG 93785 --- [    Test worker] jdk.event.security                       : X509Certificate: Alg:SHA384withRSA, Serial:59b1b579e8e2132e23907bda777755c, Subject:CN=DigiCert Trusted Root G4, OU=www.digicert.com, O=DigiCert Inc, C=US, Issuer:CN=DigiCert Trusted Root G4, OU=www.digicert.com, O=DigiCert Inc, C=US, Key type:RSA, Length:4096, Cert Id:1057369358, Valid from:8/1/13, 8:00 AM, Valid until:1/15/38, 7:00 AM
?[0m?[0;34m2024-07-18T17:39:16.619-04:00 DEBUG 93785 --- [    Test worker] jdk.event.security                       : X509Certificate: Alg:SHA256withRSA, Serial:983f3, Subject:CN=D-TRUST Root Class 3 CA 2 2009, O=D-Trust GmbH, C=DE, Issuer:CN=D-TRUST Root Class 3 CA 2 2009, O=D-Trust GmbH, C=DE, Key type:RSA, Length:2048, Cert Id:1430153102, Valid from:11/5/09, 3:35 AM, Valid until:11/5/29, 3:35 AM
?[0m?[0;34m2024-07-18T17:39:16.620-04:00 DEBUG 93785 --- [    Test worker] jdk.event.security                       : X509Certificate: Alg:SHA256withRSA, Serial:983f4, Subject:CN=D-TRUST Root Class 3 CA 2 EV 2009, O=D-Trust GmbH, C=DE, Issuer:CN=D-TRUST Root Class 3 CA 2 EV 2009, O=D-Trust GmbH, C=DE, Key type:RSA, Length:2048, Cert Id:971313728, Valid from:11/5/09, 3:50 AM, Valid until:11/5/29, 3:50 AM
?[0m?[0;34m2024-07-18T17:39:16.621-04:00 DEBUG 93785 --- [    Test worker] jdk.event.security                       : X509Certificate: Alg:SHA384withECDSA, Serial:3cf607a968700eda8b84, Subject:CN=emSign ECC Root CA - G3, O=eMudhra Technologies Limited, OU=emSign PKI, C=IN, Issuer:CN=emSign ECC Root CA - G3, O=eMudhra Technologies Limited, OU=emSign PKI, C=IN, Key type:EC, Length:384, Cert Id:-462931589, Valid from:2/18/18, 1:30 PM, Valid until:2/18/43, 1:30 PM
?[0m?[0;34m2024-07-18T17:39:16.623-04:00 DEBUG 93785 --- [    Test worker] jdk.event.security                       : X509Certificate: Alg:SHA256withRSA, Serial:31f5e4620c6c58edd6d8, Subject:CN=emSign Root CA - G1, O=eMudhra Technologies Limited, OU=emSign PKI, C=IN, Issuer:CN=emSign Root CA - G1, O=eMudhra Technologies Limited, OU=emSign PKI, C=IN, Key type:RSA, Length:2048, Cert Id:392709196, Valid from:2/18/18, 1:30 PM, Valid until:2/18/43, 1:30 PM
?[0m?[0;34m2024-07-18T17:39:16.625-04:00 DEBUG 93785 --- [    Test worker] jdk.event.security                       : X509Certificate: Alg:SHA384withRSA, Serial:864dbf0fe35ed77d8ed8, Subject:CN=emSign Root CA - G2, O=eMudhra Technologies Limited, OU=emSign PKI, C=IN, Issuer:CN=emSign Root CA - G2, O=eMudhra Technologies Limited, OU=emSign PKI, C=IN, Key type:RSA, Length:4096, Cert Id:-921027170, Valid from:2/18/18, 1:30 PM, Valid until:2/18/43, 1:30 PM
?[0m?[0;34m2024-07-18T17:39:16.627-04:00 DEBUG 93785 --- [    Test worker] jdk.event.security                       : X509Certificate: Alg:SHA1withRSA, Serial:3863def8, Subject:CN=Entrust.net Certification Authority (2048), OU=(c) 1999 Entrust.net Limited, OU=www.entrust.net/CPS_2048 incorp. by ref. (limits liab.), O=Entrust.net, Issuer:CN=Entrust.net Certification Authority (2048), OU=(c) 1999 Entrust.net Limited, OU=www.entrust.net/CPS_2048 incorp. by ref. (limits liab.), O=Entrust.net, Key type:RSA, Length:2048, Cert Id:-328536082, Valid from:12/24/99, 12:50 PM, Valid until:7/24/29, 10:15 AM
?[0m?[0;34m2024-07-18T17:39:16.631-04:00 DEBUG 93785 --- [    Test worker] jdk.event.security                       : X509Certificate: Alg:SHA1withRSA, Serial:456b5054, Subject:CN=Entrust Root Certification Authority, OU="(c) 2006 Entrust, Inc.", OU=www.entrust.net/CPS is incorporated by reference, O="Entrust, Inc.", C=US, Issuer:CN=Entrust Root Certification Authority, OU="(c) 2006 Entrust, Inc.", OU=www.entrust.net/CPS is incorporated by reference, O="Entrust, Inc.", C=US, Key type:RSA, Length:2048, Cert Id:-1261404096, Valid from:11/27/06, 3:23 PM, Valid until:11/27/26, 3:53 PM
?[0m?[0;34m2024-07-18T17:39:16.632-04:00 DEBUG 93785 --- [    Test worker] jdk.event.security                       : X509Certificate: Alg:SHA384withECDSA, Serial:a68b79290000000050d091f9, Subject:CN=Entrust Root Certification Authority - EC1, OU="(c) 2012 Entrust, Inc. - for authorized use only", OU=See www.entrust.net/legal-terms, O="Entrust, Inc.", C=US, Issuer:CN=Entrust Root Certification Authority - EC1, OU="(c) 2012 Entrust, Inc. - for authorized use only", OU=See www.entrust.net/legal-terms, O="Entrust, Inc.", C=US, Key type:EC, Length:384, Cert Id:924514073, Valid from:12/18/12, 10:25 AM, Valid until:12/18/37, 10:55 AM
?[0m?[0;34m2024-07-18T17:39:16.633-04:00 DEBUG 93785 --- [    Test worker] jdk.event.security                       : X509Certificate: Alg:SHA256withRSA, Serial:4a538c28, Subject:CN=Entrust Root Certification Authority - G2, OU="(c) 2009 Entrust, Inc. - for authorized use only", OU=See www.entrust.net/legal-terms, O="Entrust, Inc.", C=US, Issuer:CN=Entrust Root Certification Authority - G2, OU="(c) 2009 Entrust, Inc. - for authorized use only", OU=See www.entrust.net/legal-terms, O="Entrust, Inc.", C=US, Key type:RSA, Length:2048, Cert Id:1936920337, Valid from:7/7/09, 1:25 PM, Valid until:12/7/30, 12:55 PM
?[0m?[0;34m2024-07-18T17:39:16.635-04:00 DEBUG 93785 --- [    Test worker] jdk.event.security                       : X509Certificate: Alg:SHA256withRSA, Serial:d9b5437fafa9390f000000005565ad58, Subject:CN=Entrust Root Certification Authority - G4, OU="(c) 2015 Entrust, Inc. - for authorized use only", OU=See www.entrust.net/legal-terms, O="Entrust, Inc.", C=US, Issuer:CN=Entrust Root Certification Authority - G4, OU="(c) 2015 Entrust, Inc. - for authorized use only", OU=See www.entrust.net/legal-terms, O="Entrust, Inc.", C=US, Key type:RSA, Length:4096, Cert Id:1368037548, Valid from:5/27/15, 7:11 AM, Valid until:12/27/37, 6:41 AM
?[0m?[0;34m2024-07-18T17:39:16.636-04:00 DEBUG 93785 --- [    Test worker] jdk.event.security                       : X509Certificate: Alg:SHA1withRSA, Serial:23456, Subject:CN=GeoTrust Global CA, O=GeoTrust Inc., C=US, Issuer:CN=GeoTrust Global CA, O=GeoTrust Inc., C=US, Key type:RSA, Length:2048, Cert Id:-2028617374, Valid from:5/21/02, 12:00 AM, Valid until:5/21/22, 12:00 AM
?[0m?[0;34m2024-07-18T17:39:16.637-04:00 DEBUG 93785 --- [    Test worker] jdk.event.security                       : X509Certificate: Alg:SHA1withRSA, Serial:18acb56afd69b6153a636cafdafac4a1, Subject:CN=GeoTrust Primary Certification Authority, O=GeoTrust Inc., C=US, Issuer:CN=GeoTrust Primary Certification Authority, O=GeoTrust Inc., C=US, Key type:RSA, Length:2048, Cert Id:-965345157, Valid from:11/26/06, 7:00 PM, Valid until:7/16/36, 7:59 PM
?[0m?[0;34m2024-07-18T17:39:16.638-04:00 DEBUG 93785 --- [    Test worker] jdk.event.security                       : X509Certificate: Alg:SHA384withECDSA, Serial:3cb2f4480a00e2feeb243b5e603ec36b, Subject:CN=GeoTrust Primary Certification Authority - G2, OU=(c) 2007 GeoTrust Inc. - For authorized use only, O=GeoTrust Inc., C=US, Issuer:CN=GeoTrust Primary Certification Authority - G2, OU=(c) 2007 GeoTrust Inc. - For authorized use only, O=GeoTrust Inc., C=US, Key type:EC, Length:384, Cert Id:-1114303822, Valid from:11/4/07, 7:00 PM, Valid until:1/18/38, 6:59 PM
?[0m?[0;34m2024-07-18T17:39:16.639-04:00 DEBUG 93785 --- [    Test worker] jdk.event.security                       : X509Certificate: Alg:SHA256withRSA, Serial:15ac6e9419b2794b41f627a9c3180f1f, Subject:CN=GeoTrust Primary Certification Authority - G3, OU=(c) 2008 GeoTrust Inc. - For authorized use only, O=GeoTrust Inc., C=US, Issuer:CN=GeoTrust Primary Certification Authority - G3, OU=(c) 2008 GeoTrust Inc. - For authorized use only, O=GeoTrust Inc., C=US, Key type:RSA, Length:2048, Cert Id:-1330153758, Valid from:4/1/08, 8:00 PM, Valid until:12/1/37, 6:59 PM
?[0m?[0;34m2024-07-18T17:39:16.641-04:00 DEBUG 93785 --- [    Test worker] jdk.event.security                       : X509Certificate: Alg:SHA1withRSA, Serial:1, Subject:CN=GeoTrust Universal CA, O=GeoTrust Inc., C=US, Issuer:CN=GeoTrust Universal CA, O=GeoTrust Inc., C=US, Key type:RSA, Length:4096, Cert Id:313566089, Valid from:3/4/04, 12:00 AM, Valid until:3/4/29, 12:00 AM
?[0m?[0;34m2024-07-18T17:39:16.643-04:00 DEBUG 93785 --- [    Test worker] jdk.event.security                       : X509Certificate: Alg:SHA1withRSA, Serial:40000000001154b5ac394, Subject:CN=GlobalSign Root CA, OU=Root CA, O=GlobalSign nv-sa, C=BE, Issuer:CN=GlobalSign Root CA, OU=Root CA, O=GlobalSign nv-sa, C=BE, Key type:RSA, Length:2048, Cert Id:536948034, Valid from:9/1/98, 8:00 AM, Valid until:1/28/28, 7:00 AM
?[0m?[0;34m2024-07-18T17:39:16.644-04:00 DEBUG 93785 --- [    Test worker] jdk.event.security                       : X509Certificate: Alg:SHA256withECDSA, Serial:2a38a41c960a04de42b228a50be8349802, Subject:CN=GlobalSign, O=GlobalSign, OU=GlobalSign ECC Root CA - R4, Issuer:CN=GlobalSign, O=GlobalSign, OU=GlobalSign ECC Root CA - R4, Key type:EC, Length:256, Cert Id:-1923273545, Valid from:11/12/12, 7:00 PM, Valid until:1/18/38, 10:14 PM
?[0m?[0;34m2024-07-18T17:39:16.646-04:00 DEBUG 93785 --- [    Test worker] jdk.event.security                       : X509Certificate: Alg:SHA384withECDSA, Serial:605949e0262ebb55f90a778a71f94ad86c, Subject:CN=GlobalSign, O=GlobalSign, OU=GlobalSign ECC Root CA - R5, Issuer:CN=GlobalSign, O=GlobalSign, OU=GlobalSign ECC Root CA - R5, Key type:EC, Length:384, Cert Id:1997048439, Valid from:11/12/12, 7:00 PM, Valid until:1/18/38, 10:14 PM
?[0m?[0;34m2024-07-18T17:39:16.647-04:00 DEBUG 93785 --- [    Test worker] jdk.event.security                       : X509Certificate: Alg:SHA256withRSA, Serial:4000000000121585308a2, Subject:CN=GlobalSign, O=GlobalSign, OU=GlobalSign Root CA - R3, Issuer:CN=GlobalSign, O=GlobalSign, OU=GlobalSign Root CA - R3, Key type:RSA, Length:2048, Cert Id:733875591, Valid from:3/18/09, 6:00 AM, Valid until:3/18/29, 6:00 AM
?[0m?[0;34m2024-07-18T17:39:16.649-04:00 DEBUG 93785 --- [    Test worker] jdk.event.security                       : X509Certificate: Alg:SHA384withRSA, Serial:45e6bb038333c3856548e6ff4551, Subject:CN=GlobalSign, O=GlobalSign, OU=GlobalSign Root CA - R6, Issuer:CN=GlobalSign, O=GlobalSign, OU=GlobalSign Root CA - R6, Key type:RSA, Length:4096, Cert Id:-506627753, Valid from:12/9/14, 7:00 PM, Valid until:12/9/34, 7:00 PM
?[0m?[0;34m2024-07-18T17:39:16.651-04:00 DEBUG 93785 --- [    Test worker] jdk.event.security                       : X509Certificate: Alg:SHA1withRSA, Serial:0, Subject:OU=Go Daddy Class 2 Certification Authority, O="The Go Daddy Group, Inc.", C=US, Issuer:OU=Go Daddy Class 2 Certification Authority, O="The Go Daddy Group, Inc.", C=US, Key type:RSA, Length:2048, Cert Id:-271444299, Valid from:6/29/04, 1:06 PM, Valid until:6/29/34, 1:06 PM
?[0m?[0;34m2024-07-18T17:39:16.653-04:00 DEBUG 93785 --- [    Test worker] jdk.event.security                       : X509Certificate: Alg:SHA256withRSA, Serial:0, Subject:CN=Go Daddy Root Certificate Authority - G2, O="GoDaddy.com, Inc.", L=Scottsdale, ST=Arizona, C=US, Issuer:CN=Go Daddy Root Certificate Authority - G2, O="GoDaddy.com, Inc.", L=Scottsdale, ST=Arizona, C=US, Key type:RSA, Length:2048, Cert Id:439600313, Valid from:8/31/09, 8:00 PM, Valid until:12/31/37, 6:59 PM
?[0m?[0;34m2024-07-18T17:39:16.654-04:00 DEBUG 93785 --- [    Test worker] jdk.event.security                       : X509Certificate: Alg:SHA384withRSA, Serial:203e5936f31b01349886ba217, Subject:CN=GTS Root R1, O=Google Trust Services LLC, C=US, Issuer:CN=GTS Root R1, O=Google Trust Services LLC, C=US, Key type:RSA, Length:4096, Cert Id:657172038, Valid from:6/21/16, 8:00 PM, Valid until:6/21/36, 8:00 PM
?[0m?[0;34m2024-07-18T17:39:16.655-04:00 DEBUG 93785 --- [    Test worker] jdk.event.security                       : X509Certificate: Alg:SHA384withRSA, Serial:203e5aec58d04251aab1125aa, Subject:CN=GTS Root R2, O=Google Trust Services LLC, C=US, Issuer:CN=GTS Root R2, O=Google Trust Services LLC, C=US, Key type:RSA, Length:4096, Cert Id:948387669, Valid from:6/21/16, 8:00 PM, Valid until:6/21/36, 8:00 PM
?[0m?[0;34m2024-07-18T17:39:16.657-04:00 DEBUG 93785 --- [    Test worker] jdk.event.security                       : X509Certificate: Alg:SHA384withECDSA, Serial:203e5b882eb20f825276d3d66, Subject:CN=GTS Root R3, O=Google Trust Services LLC, C=US, Issuer:CN=GTS Root R3, O=Google Trust Services LLC, C=US, Key type:EC, Length:384, Cert Id:1163081155, Valid from:6/21/16, 8:00 PM, Valid until:6/21/36, 8:00 PM
?[0m?[0;34m2024-07-18T17:39:16.658-04:00 DEBUG 93785 --- [    Test worker] jdk.event.security                       : X509Certificate: Alg:SHA384withECDSA, Serial:203e5c068ef631a9c72905052, Subject:CN=GTS Root R4, O=Google Trust Services LLC, C=US, Issuer:CN=GTS Root R4, O=Google Trust Services LLC, C=US, Key type:EC, Length:384, Cert Id:1326433111, Valid from:6/21/16, 8:00 PM, Valid until:6/21/36, 8:00 PM
?[0m?[0;34m2024-07-18T17:39:16.660-04:00 DEBUG 93785 --- [    Test worker] jdk.event.security                       : X509Certificate: Alg:SHA256withECDSA, Serial:0, Subject:CN=Hellenic Academic and Research Institutions ECC RootCA 2015, O=Hellenic Academic and Research Institutions Cert. Authority, L=Athens, C=GR, Issuer:CN=Hellenic Academic and Research Institutions ECC RootCA 2015, O=Hellenic Academic and Research Institutions Cert. Authority, L=Athens, C=GR, Key type:EC, Length:384, Cert Id:513613456, Valid from:7/7/15, 6:37 AM, Valid until:6/30/40, 6:37 AM
?[0m?[0;34m2024-07-18T17:39:16.661-04:00 DEBUG 93785 --- [    Test worker] jdk.event.security                       : X509Certificate: Alg:SHA256withRSA, Serial:0, Subject:CN=Hellenic Academic and Research Institutions RootCA 2015, O=Hellenic Academic and Research Institutions Cert. Authority, L=Athens, C=GR, Issuer:CN=Hellenic Academic and Research Institutions RootCA 2015, O=Hellenic Academic and Research Institutions Cert. Authority, L=Athens, C=GR, Key type:RSA, Length:4096, Cert Id:-802976731, Valid from:7/7/15, 6:11 AM, Valid until:6/30/40, 6:11 AM
?[0m?[0;34m2024-07-18T17:39:16.662-04:00 DEBUG 93785 --- [    Test worker] jdk.event.security                       : X509Certificate: Alg:SHA256withRSA, Serial:a0142800000014523c844b500000002, Subject:CN=IdenTrust Commercial Root CA 1, O=IdenTrust, C=US, Issuer:CN=IdenTrust Commercial Root CA 1, O=IdenTrust, C=US, Key type:RSA, Length:4096, Cert Id:1232565210, Valid from:1/16/14, 1:12 PM, Valid until:1/16/34, 1:12 PM
?[0m?[0;34m2024-07-18T17:39:16.663-04:00 DEBUG 93785 --- [    Test worker] jdk.event.security                       : X509Certificate: Alg:SHA256withRSA, Serial:a0142800000014523cf467c00000002, Subject:CN=IdenTrust Public Sector Root CA 1, O=IdenTrust, C=US, Issuer:CN=IdenTrust Public Sector Root CA 1, O=IdenTrust, C=US, Key type:RSA, Length:4096, Cert Id:2123370772, Valid from:1/16/14, 12:53 PM, Valid until:1/16/34, 12:53 PM
?[0m?[0;34m2024-07-18T17:39:16.664-04:00 DEBUG 93785 --- [    Test worker] jdk.event.security                       : X509Certificate: Alg:SHA256withRSA, Serial:8210cfb0d240e3594463e0bb63828b00, Subject:CN=ISRG Root X1, O=Internet Security Research Group, C=US, Issuer:CN=ISRG Root X1, O=Internet Security Research Group, C=US, Key type:RSA, Length:4096, Cert Id:1521974916, Valid from:6/4/15, 7:04 AM, Valid until:6/4/35, 7:04 AM
?[0m?[0;34m2024-07-18T17:39:16.665-04:00 DEBUG 93785 --- [    Test worker] jdk.event.security                       : X509Certificate: Alg:SHA384withECDSA, Serial:41d29dd172eaeea780c12c6ce92f8752, Subject:CN=ISRG Root X2, O=Internet Security Research Group, C=US, Issuer:CN=ISRG Root X2, O=Internet Security Research Group, C=US, Key type:EC, Length:384, Cert Id:-896325052, Valid from:9/3/20, 8:00 PM, Valid until:9/17/40, 12:00 PM
?[0m?[0;34m2024-07-18T17:39:16.667-04:00 DEBUG 93785 --- [    Test worker] jdk.event.security                       : X509Certificate: Alg:SHA256withRSA, Serial:a7ea6df4b449eda6a24859ee6b815d3167fbbb1, Subject:CN=LuxTrust Global Root 2, O=LuxTrust S.A., C=LU, Issuer:CN=LuxTrust Global Root 2, O=LuxTrust S.A., C=LU, Key type:RSA, Length:4096, Cert Id:-1239330694, Valid from:3/5/15, 8:21 AM, Valid until:3/5/35, 8:21 AM
?[0m?[0;34m2024-07-18T17:39:16.668-04:00 DEBUG 93785 --- [    Test worker] jdk.event.security                       : X509Certificate: Alg:SHA256withRSA, Serial:bb8, Subject:CN=LuxTrust Global Root, O=LuxTrust s.a., C=LU, Issuer:CN=LuxTrust Global Root, O=LuxTrust s.a., C=LU, Key type:RSA, Length:2048, Cert Id:1714819687, Valid from:3/17/11, 5:51 AM, Valid until:3/17/21, 5:51 AM
?[0m?[0;34m2024-07-18T17:39:16.669-04:00 DEBUG 93785 --- [    Test worker] jdk.event.security                       : X509Certificate: Alg:SHA384withECDSA, Serial:66f23daf87de8bb14aea0c573101c2ec, Subject:CN=Microsoft ECC Root Certificate Authority 2017, O=Microsoft Corporation, C=US, Issuer:CN=Microsoft ECC Root Certificate Authority 2017, O=Microsoft Corporation, C=US, Key type:EC, Length:384, Cert Id:-1054206011, Valid from:12/18/19, 6:06 PM, Valid until:7/18/42, 7:16 PM
?[0m?[0;34m2024-07-18T17:39:16.670-04:00 DEBUG 93785 --- [    Test worker] jdk.event.security                       : X509Certificate: Alg:SHA384withRSA, Serial:1ed397095fd8b4b347701eaabe7f45b3, Subject:CN=Microsoft RSA Root Certificate Authority 2017, O=Microsoft Corporation, C=US, Issuer:CN=Microsoft RSA Root Certificate Authority 2017, O=Microsoft Corporation, C=US, Key type:RSA, Length:4096, Cert Id:-1446618248, Valid from:12/18/19, 5:51 PM, Valid until:7/18/42, 7:00 PM
?[0m?[0;34m2024-07-18T17:39:16.672-04:00 DEBUG 93785 --- [    Test worker] jdk.event.security                       : X509Certificate: Alg:SHA1withRSA, Serial:3ab6508b, Subject:CN=QuoVadis Root Certification Authority, OU=Root Certification Authority, O=QuoVadis Limited, C=BM, Issuer:CN=QuoVadis Root Certification Authority, OU=Root Certification Authority, O=QuoVadis Limited, C=BM, Key type:RSA, Length:2048, Cert Id:-1882405602, Valid from:3/19/01, 1:33 PM, Valid until:3/17/21, 2:33 PM
?[0m?[0;34m2024-07-18T17:39:16.673-04:00 DEBUG 93785 --- [    Test worker] jdk.event.security                       : X509Certificate: Alg:SHA256withRSA, Serial:78585f2ead2c194be3370735341328b596d46593, Subject:CN=QuoVadis Root CA 1 G3, O=QuoVadis Limited, C=BM, Issuer:CN=QuoVadis Root CA 1 G3, O=QuoVadis Limited, C=BM, Key type:RSA, Length:4096, Cert Id:-762436034, Valid from:1/12/12, 12:27 PM, Valid until:1/12/42, 12:27 PM
?[0m?[0;34m2024-07-18T17:39:16.674-04:00 DEBUG 93785 --- [    Test worker] jdk.event.security                       : X509Certificate: Alg:SHA1withRSA, Serial:509, Subject:CN=QuoVadis Root CA 2, O=QuoVadis Limited, C=BM, Issuer:CN=QuoVadis Root CA 2, O=QuoVadis Limited, C=BM, Key type:RSA, Length:4096, Cert Id:338250116, Valid from:11/24/06, 1:27 PM, Valid until:11/24/31, 1:23 PM
?[0m?[0;34m2024-07-18T17:39:16.675-04:00 DEBUG 93785 --- [    Test worker] jdk.event.security                       : X509Certificate: Alg:SHA256withRSA, Serial:445734245b81899b35f2ceb82b3b5ba726f07528, Subject:CN=QuoVadis Root CA 2 G3, O=QuoVadis Limited, C=BM, Issuer:CN=QuoVadis Root CA 2 G3, O=QuoVadis Limited, C=BM, Key type:RSA, Length:4096, Cert Id:696763521, Valid from:1/12/12, 1:59 PM, Valid until:1/12/42, 1:59 PM
?[0m?[0;34m2024-07-18T17:39:16.676-04:00 DEBUG 93785 --- [    Test worker] jdk.event.security                       : X509Certificate: Alg:SHA1withRSA, Serial:5c6, Subject:CN=QuoVadis Root CA 3, O=QuoVadis Limited, C=BM, Issuer:CN=QuoVadis Root CA 3, O=QuoVadis Limited, C=BM, Key type:RSA, Length:4096, Cert Id:1470392860, Valid from:11/24/06, 2:11 PM, Valid until:11/24/31, 2:06 PM
?[0m?[0;34m2024-07-18T17:39:16.676-04:00 DEBUG 93785 --- [    Test worker] jdk.event.security                       : X509Certificate: Alg:SHA256withRSA, Serial:2ef59b0228a7db7affd5a3a9eebd03a0cf126a1d, Subject:CN=QuoVadis Root CA 3 G3, O=QuoVadis Limited, C=BM, Issuer:CN=QuoVadis Root CA 3 G3, O=QuoVadis Limited, C=BM, Key type:RSA, Length:4096, Cert Id:-705622991, Valid from:1/12/12, 3:26 PM, Valid until:1/12/42, 3:26 PM
?[0m?[0;34m2024-07-18T17:39:16.677-04:00 DEBUG 93785 --- [    Test worker] jdk.event.security                       : X509Certificate: Alg:SHA256withRSA, Serial:0, Subject:OU=Security Communication RootCA2, O="SECOM Trust Systems CO.,LTD.", C=JP, Issuer:OU=Security Communication RootCA2, O="SECOM Trust Systems CO.,LTD.", C=JP, Key type:RSA, Length:2048, Cert Id:1521072570, Valid from:5/29/09, 1:00 AM, Valid until:5/29/29, 1:00 AM
?[0m?[0;34m2024-07-18T17:39:16.678-04:00 DEBUG 93785 --- [    Test worker] jdk.event.security                       : X509Certificate: Alg:SHA1withRSA, Serial:cf08e5c0816a5ad427ff0eb271859d0, Subject:CN=SecureTrust CA, O=SecureTrust Corporation, C=US, Issuer:CN=SecureTrust CA, O=SecureTrust Corporation, C=US, Key type:RSA, Length:2048, Cert Id:2034155325, Valid from:11/7/06, 2:31 PM, Valid until:12/31/29, 2:40 PM
?[0m?[0;34m2024-07-18T17:39:16.680-04:00 DEBUG 93785 --- [    Test worker] jdk.event.security                       : X509Certificate: Alg:SHA256withECDSA, Serial:75e6dfcbc1685ba8, Subject:CN=SSL.com Root Certification Authority ECC, O=SSL Corporation, L=Houston, ST=Texas, C=US, Issuer:CN=SSL.com Root Certification Authority ECC, O=SSL Corporation, L=Houston, ST=Texas, C=US, Key type:EC, Length:384, Cert Id:-1368293613, Valid from:2/12/16, 1:14 PM, Valid until:2/12/41, 1:14 PM
?[0m?[0;34m2024-07-18T17:39:16.681-04:00 DEBUG 93785 --- [    Test worker] jdk.event.security                       : X509Certificate: Alg:SHA256withRSA, Serial:56b629cd34bc78f6, Subject:CN=SSL.com EV Root Certification Authority RSA R2, O=SSL Corporation, L=Houston, ST=Texas, C=US, Issuer:CN=SSL.com EV Root Certification Authority RSA R2, O=SSL Corporation, L=Houston, ST=Texas, C=US, Key type:RSA, Length:4096, Cert Id:1381862403, Valid from:5/31/17, 2:14 PM, Valid until:5/30/42, 2:14 PM
?[0m?[0;34m2024-07-18T17:39:16.682-04:00 DEBUG 93785 --- [    Test worker] jdk.event.security                       : X509Certificate: Alg:SHA256withRSA, Serial:7b2c9bd316803299, Subject:CN=SSL.com Root Certification Authority RSA, O=SSL Corporation, L=Houston, ST=Texas, C=US, Issuer:CN=SSL.com Root Certification Authority RSA, O=SSL Corporation, L=Houston, ST=Texas, C=US, Key type:RSA, Length:4096, Cert Id:156725711, Valid from:2/12/16, 12:39 PM, Valid until:2/12/41, 12:39 PM
?[0m?[0;34m2024-07-18T17:39:16.683-04:00 DEBUG 93785 --- [    Test worker] jdk.event.security                       : X509Certificate: Alg:SHA1withRSA, Serial:0, Subject:OU=Starfield Class 2 Certification Authority, O="Starfield Technologies, Inc.", C=US, Issuer:OU=Starfield Class 2 Certification Authority, O="Starfield Technologies, Inc.", C=US, Key type:RSA, Length:2048, Cert Id:1825617644, Valid from:6/29/04, 1:39 PM, Valid until:6/29/34, 1:39 PM
?[0m?[0;34m2024-07-18T17:39:16.684-04:00 DEBUG 93785 --- [    Test worker] jdk.event.security                       : X509Certificate: Alg:SHA256withRSA, Serial:0, Subject:CN=Starfield Root Certificate Authority - G2, O="Starfield Technologies, Inc.", L=Scottsdale, ST=Arizona, C=US, Issuer:CN=Starfield Root Certificate Authority - G2, O="Starfield Technologies, Inc.", L=Scottsdale, ST=Arizona, C=US, Key type:RSA, Length:2048, Cert Id:-1026641587, Valid from:8/31/09, 8:00 PM, Valid until:12/31/37, 6:59 PM
?[0m?[0;34m2024-07-18T17:39:16.685-04:00 DEBUG 93785 --- [    Test worker] jdk.event.security                       : X509Certificate: Alg:SHA256withRSA, Serial:0, Subject:CN=Starfield Services Root Certificate Authority - G2, O="Starfield Technologies, Inc.", L=Scottsdale, ST=Arizona, C=US, Issuer:CN=Starfield Services Root Certificate Authority - G2, O="Starfield Technologies, Inc.", L=Scottsdale, ST=Arizona, C=US, Key type:RSA, Length:2048, Cert Id:1964785574, Valid from:8/31/09, 8:00 PM, Valid until:12/31/37, 6:59 PM
?[0m?[0;34m2024-07-18T17:39:16.686-04:00 DEBUG 93785 --- [    Test worker] jdk.event.security                       : X509Certificate: Alg:SHA1withRSA, Serial:bb401c43f55e4fb0, Subject:CN=SwissSign Gold CA - G2, O=SwissSign AG, C=CH, Issuer:CN=SwissSign Gold CA - G2, O=SwissSign AG, C=CH, Key type:RSA, Length:4096, Cert Id:1516221943, Valid from:10/25/06, 4:30 AM, Valid until:10/25/36, 4:30 AM
?[0m?[0;34m2024-07-18T17:39:16.687-04:00 DEBUG 93785 --- [    Test worker] jdk.event.security                       : X509Certificate: Alg:SHA1withRSA, Serial:4eb200670c035d4f, Subject:CN=SwissSign Platinum CA - G2, O=SwissSign AG, C=CH, Issuer:CN=SwissSign Platinum CA - G2, O=SwissSign AG, C=CH, Key type:RSA, Length:4096, Cert Id:771312514, Valid from:10/25/06, 4:36 AM, Valid until:10/25/36, 4:36 AM
?[0m?[0;34m2024-07-18T17:39:16.688-04:00 DEBUG 93785 --- [    Test worker] jdk.event.security                       : X509Certificate: Alg:SHA1withRSA, Serial:4f1bd42f54bb2f4b, Subject:CN=SwissSign Silver CA - G2, O=SwissSign AG, C=CH, Issuer:CN=SwissSign Silver CA - G2, O=SwissSign AG, C=CH, Key type:RSA, Length:4096, Cert Id:126726124, Valid from:10/25/06, 4:32 AM, Valid until:10/25/36, 4:32 AM
?[0m?[0;34m2024-07-18T17:39:16.689-04:00 DEBUG 93785 --- [    Test worker] jdk.event.security                       : X509Certificate: Alg:SHA256withRSA, Serial:1675f27d6fe7ae3e4acbe095b059e, Subject:CN=Telia Root CA v2, O=Telia Finland Oyj, C=FI, Issuer:CN=Telia Root CA v2, O=Telia Finland Oyj, C=FI, Key type:RSA, Length:4096, Cert Id:-821903320, Valid from:11/29/18, 6:55 AM, Valid until:11/29/43, 6:55 AM
?[0m?[0;34m2024-07-18T17:39:16.689-04:00 DEBUG 93785 --- [    Test worker] jdk.event.security                       : X509Certificate: Alg:SHA1withRSA, Serial:95be16a0f72e46f17b398272fa8bcd96, Subject:CN=TeliaSonera Root CA v1, O=TeliaSonera, Issuer:CN=TeliaSonera Root CA v1, O=TeliaSonera, Key type:RSA, Length:4096, Cert Id:1495358374, Valid from:10/18/07, 8:00 AM, Valid until:10/18/32, 8:00 AM
?[0m?[0;34m2024-07-18T17:39:16.690-04:00 DEBUG 93785 --- [    Test worker] jdk.event.security                       : X509Certificate: Alg:SHA1withRSA, Serial:344ed55720d5edec49f42fce37db2b6d, Subject:CN=thawte Primary Root CA, OU="(c) 2006 thawte, Inc. - For authorized use only", OU=Certification Services Division, O="thawte, Inc.", C=US, Issuer:CN=thawte Primary Root CA, OU="(c) 2006 thawte, Inc. - For authorized use only", OU=Certification Services Division, O="thawte, Inc.", C=US, Key type:RSA, Length:2048, Cert Id:643000026, Valid from:11/16/06, 7:00 PM, Valid until:7/16/36, 7:59 PM
?[0m?[0;34m2024-07-18T17:39:16.691-04:00 DEBUG 93785 --- [    Test worker] jdk.event.security                       : X509Certificate: Alg:SHA384withECDSA, Serial:35fc265cd9844fc93d263d579baed756, Subject:CN=thawte Primary Root CA - G2, OU="(c) 2007 thawte, Inc. - For authorized use only", O="thawte, Inc.", C=US, Issuer:CN=thawte Primary Root CA - G2, OU="(c) 2007 thawte, Inc. - For authorized use only", O="thawte, Inc.", C=US, Key type:EC, Length:384, Cert Id:2068083090, Valid from:11/4/07, 7:00 PM, Valid until:1/18/38, 6:59 PM
?[0m?[0;34m2024-07-18T17:39:16.692-04:00 DEBUG 93785 --- [    Test worker] jdk.event.security                       : X509Certificate: Alg:SHA256withRSA, Serial:600197b746a7eab4b49ad64b2ff790fb, Subject:CN=thawte Primary Root CA - G3, OU="(c) 2008 thawte, Inc. - For authorized use only", OU=Certification Services Division, O="thawte, Inc.", C=US, Issuer:CN=thawte Primary Root CA - G3, OU="(c) 2008 thawte, Inc. - For authorized use only", OU=Certification Services Division, O="thawte, Inc.", C=US, Key type:RSA, Length:2048, Cert Id:1032730720, Valid from:4/1/08, 8:00 PM, Valid until:12/1/37, 6:59 PM
?[0m?[0;34m2024-07-18T17:39:16.693-04:00 DEBUG 93785 --- [    Test worker] jdk.event.security                       : X509Certificate: Alg:SHA256withRSA, Serial:1, Subject:CN=T-TeleSec GlobalRoot Class 2, OU=T-Systems Trust Center, O=T-Systems Enterprise Services GmbH, C=DE, Issuer:CN=T-TeleSec GlobalRoot Class 2, OU=T-Systems Trust Center, O=T-Systems Enterprise Services GmbH, C=DE, Key type:RSA, Length:2048, Cert Id:-1238464039, Valid from:10/1/08, 6:40 AM, Valid until:10/1/33, 7:59 PM
?[0m?[0;34m2024-07-18T17:39:16.694-04:00 DEBUG 93785 --- [    Test worker] jdk.event.security                       : X509Certificate: Alg:SHA256withRSA, Serial:1, Subject:CN=T-TeleSec GlobalRoot Class 3, OU=T-Systems Trust Center, O=T-Systems Enterprise Services GmbH, C=DE, Issuer:CN=T-TeleSec GlobalRoot Class 3, OU=T-Systems Trust Center, O=T-Systems Enterprise Services GmbH, C=DE, Key type:RSA, Length:2048, Cert Id:1894096264, Valid from:10/1/08, 6:29 AM, Valid until:10/1/33, 7:59 PM
?[0m?[0;34m2024-07-18T17:39:16.696-04:00 DEBUG 93785 --- [    Test worker] jdk.event.security                       : X509Certificate: Alg:SHA256withRSA, Serial:cbe, Subject:CN=TWCA Global Root CA, OU=Root CA, O=TAIWAN-CA, C=TW, Issuer:CN=TWCA Global Root CA, OU=Root CA, O=TAIWAN-CA, C=TW, Key type:RSA, Length:4096, Cert Id:861175838, Valid from:6/27/12, 2:28 AM, Valid until:12/31/30, 10:59 AM
?[0m?[0;34m2024-07-18T17:39:16.697-04:00 DEBUG 93785 --- [    Test worker] jdk.event.security                       : X509Certificate: Alg:SHA384withECDSA, Serial:5c8b99c55a94c5d27156decd8980cc26, Subject:CN=USERTrust ECC Certification Authority, O=The USERTRUST Network, L=Jersey City, ST=New Jersey, C=US, Issuer:CN=USERTrust ECC Certification Authority, O=The USERTRUST Network, L=Jersey City, ST=New Jersey, C=US, Key type:EC, Length:384, Cert Id:-965679910, Valid from:1/31/10, 7:00 PM, Valid until:1/18/38, 6:59 PM
?[0m?[0;34m2024-07-18T17:39:16.698-04:00 DEBUG 93785 --- [    Test worker] jdk.event.security                       : X509Certificate: Alg:SHA384withRSA, Serial:1fd6d30fca3ca51a81bbc640e35032d, Subject:CN=USERTrust RSA Certification Authority, O=The USERTRUST Network, L=Jersey City, ST=New Jersey, C=US, Issuer:CN=USERTrust RSA Certification Authority, O=The USERTRUST Network, L=Jersey City, ST=New Jersey, C=US, Key type:RSA, Length:4096, Cert Id:-347365895, Valid from:1/31/10, 7:00 PM, Valid until:1/18/38, 6:59 PM
?[0m?[0;34m2024-07-18T17:39:16.699-04:00 DEBUG 93785 --- [    Test worker] jdk.event.security                       : X509Certificate: Alg:SHA1withRSA, Serial:44be0c8b500024b411d3362de0b35f1b, Subject:CN=UTN-USERFirst-Object, OU=http://www.usertrust.com, O=The USERTRUST Network, L=Salt Lake City, ST=UT, C=US, Issuer:CN=UTN-USERFirst-Object, OU=http://www.usertrust.com, O=The USERTRUST Network, L=Salt Lake City, ST=UT, C=US, Key type:RSA, Length:2048, Cert Id:-297053428, Valid from:7/9/99, 2:31 PM, Valid until:7/9/19, 2:40 PM
?[0m?[0;34m2024-07-18T17:39:16.700-04:00 DEBUG 93785 --- [    Test worker] jdk.event.security                       : X509Certificate: Alg:SHA1withRSA, Serial:9b7e0649a33e62b9d5ee90487129ef57, Subject:CN=VeriSign Class 3 Public Primary Certification Authority - G3, OU="(c) 1999 VeriSign, Inc. - For authorized use only", OU=VeriSign Trust Network, O="VeriSign, Inc.", C=US, Issuer:CN=VeriSign Class 3 Public Primary Certification Authority - G3, OU="(c) 1999 VeriSign, Inc. - For authorized use only", OU=VeriSign Trust Network, O="VeriSign, Inc.", C=US, Key type:RSA, Length:2048, Cert Id:2057300190, Valid from:9/30/99, 8:00 PM, Valid until:7/16/36, 7:59 PM
?[0m?[0;34m2024-07-18T17:39:16.701-04:00 DEBUG 93785 --- [    Test worker] jdk.event.security                       : X509Certificate: Alg:SHA384withECDSA, Serial:2f80fe238c0e220f486712289187acb3, Subject:CN=VeriSign Class 3 Public Primary Certification Authority - G4, OU="(c) 2007 VeriSign, Inc. - For authorized use only", OU=VeriSign Trust Network, O="VeriSign, Inc.", C=US, Issuer:CN=VeriSign Class 3 Public Primary Certification Authority - G4, OU="(c) 2007 VeriSign, Inc. - For authorized use only", OU=VeriSign Trust Network, O="VeriSign, Inc.", C=US, Key type:EC, Length:384, Cert Id:-131493977, Valid from:11/4/07, 7:00 PM, Valid until:1/18/38, 6:59 PM
?[0m?[0;34m2024-07-18T17:39:16.701-04:00 DEBUG 93785 --- [    Test worker] jdk.event.security                       : X509Certificate: Alg:SHA1withRSA, Serial:18dad19e267de8bb4a2158cdcc6b3b4a, Subject:CN=VeriSign Class 3 Public Primary Certification Authority - G5, OU="(c) 2006 VeriSign, Inc. - For authorized use only", OU=VeriSign Trust Network, O="VeriSign, Inc.", C=US, Issuer:CN=VeriSign Class 3 Public Primary Certification Authority - G5, OU="(c) 2006 VeriSign, Inc. - For authorized use only", OU=VeriSign Trust Network, O="VeriSign, Inc.", C=US, Key type:RSA, Length:2048, Cert Id:303010488, Valid from:11/7/06, 7:00 PM, Valid until:7/16/36, 7:59 PM
?[0m?[0;34m2024-07-18T17:39:16.702-04:00 DEBUG 93785 --- [    Test worker] jdk.event.security                       : X509Certificate: Alg:SHA256withRSA, Serial:401ac46421b31321030ebbe4121ac51d, Subject:CN=VeriSign Universal Root Certification Authority, OU="(c) 2008 VeriSign, Inc. - For authorized use only", OU=VeriSign Trust Network, O="VeriSign, Inc.", C=US, Issuer:CN=VeriSign Universal Root Certification Authority, OU="(c) 2008 VeriSign, Inc. - For authorized use only", OU=VeriSign Trust Network, O="VeriSign, Inc.", C=US, Key type:RSA, Length:2048, Cert Id:-1976681486, Valid from:4/1/08, 8:00 PM, Valid until:12/1/37, 6:59 PM
?[0m?[0;34m2024-07-18T17:39:16.703-04:00 DEBUG 93785 --- [    Test worker] jdk.event.security                       : X509Certificate: Alg:SHA1withRSA, Serial:50946cec18ead59c4dd597ef758fa0ad, Subject:CN=XRamp Global Certification Authority, O=XRamp Security Services Inc, OU=www.xrampsecurity.com, C=US, Issuer:CN=XRamp Global Certification Authority, O=XRamp Security Services Inc, OU=www.xrampsecurity.com, C=US, Key type:RSA, Length:2048, Cert Id:-952474086, Valid from:11/1/04, 12:14 PM, Valid until:1/1/35, 12:37 AM
?[0m?[0;34m2024-07-18T17:39:16.763-04:00 DEBUG 93785 --- [    Test worker] o.a.h.client.protocol.RequestAddCookies  : CookieSpec selected: default
?[0m?[0;34m2024-07-18T17:39:16.771-04:00 DEBUG 93785 --- [    Test worker] o.a.h.client.protocol.RequestAuthCache   : Auth cache not set in the context
?[0m?[0;34m2024-07-18T17:39:16.772-04:00 DEBUG 93785 --- [    Test worker] h.i.c.PoolingHttpClientConnectionManager : Connection request: [route: {}->http://localhost:28852][total available: 0; route allocated: 0 of 2; total allocated: 0 of 20]
?[0m?[0;34m2024-07-18T17:39:16.783-04:00 DEBUG 93785 --- [    Test worker] h.i.c.PoolingHttpClientConnectionManager : Connection leased: [id: 0][route: {}->http://localhost:28852][total available: 0; route allocated: 1 of 2; total allocated: 1 of 20]
?[0m?[0;34m2024-07-18T17:39:16.784-04:00 DEBUG 93785 --- [    Test worker] o.a.http.impl.execchain.MainClientExec   : Opening connection {}->http://localhost:28852
?[0m?[0;34m2024-07-18T17:39:16.790-04:00 DEBUG 93785 --- [    Test worker] .i.c.DefaultHttpClientConnectionOperator : Connecting to localhost/127.0.0.1:28852
?[0m?[0;34m2024-07-18T17:39:16.792-04:00 DEBUG 93785 --- [    Test worker] .i.c.DefaultHttpClientConnectionOperator : Connection established 127.0.0.1:62446<->127.0.0.1:28852
?[0m?[0;34m2024-07-18T17:39:16.792-04:00 DEBUG 93785 --- [    Test worker] o.a.http.impl.execchain.MainClientExec   : Executing request POST /api/auth/user HTTP/1.1
?[0m?[0;34m2024-07-18T17:39:16.793-04:00 DEBUG 93785 --- [    Test worker] o.a.http.impl.execchain.MainClientExec   : Target auth state: UNCHALLENGED
?[0m?[0;34m2024-07-18T17:39:16.793-04:00 DEBUG 93785 --- [    Test worker] o.a.http.impl.execchain.MainClientExec   : Proxy auth state: UNCHALLENGED
?[0m?[0;34m2024-07-18T17:39:16.795-04:00 DEBUG 93785 --- [    Test worker] org.apache.http.headers                  : http-outgoing-0 >> POST /api/auth/user HTTP/1.1
?[0m?[0;34m2024-07-18T17:39:16.796-04:00 DEBUG 93785 --- [    Test worker] org.apache.http.headers                  : http-outgoing-0 >> Content-Type: application/json
?[0m?[0;34m2024-07-18T17:39:16.796-04:00 DEBUG 93785 --- [    Test worker] org.apache.http.headers                  : http-outgoing-0 >> Content-Length: 56
?[0m?[0;34m2024-07-18T17:39:16.796-04:00 DEBUG 93785 --- [    Test worker] org.apache.http.headers                  : http-outgoing-0 >> Host: localhost:28852
?[0m?[0;34m2024-07-18T17:39:16.796-04:00 DEBUG 93785 --- [    Test worker] org.apache.http.headers                  : http-outgoing-0 >> Connection: Keep-Alive
?[0m?[0;34m2024-07-18T17:39:16.796-04:00 DEBUG 93785 --- [    Test worker] org.apache.http.headers                  : http-outgoing-0 >> User-Agent: Apache-HttpClient/4.5.14 (Java/17.0.11)
?[0m?[0;34m2024-07-18T17:39:16.796-04:00 DEBUG 93785 --- [    Test worker] org.apache.http.headers                  : http-outgoing-0 >> Accept-Encoding: gzip,deflate
?[0m?[0;34m2024-07-18T17:39:16.797-04:00 DEBUG 93785 --- [    Test worker] org.apache.http.wire                     : http-outgoing-0 >> "POST /api/auth/user HTTP/1.1[\r][\n]"
?[0m?[0;34m2024-07-18T17:39:16.797-04:00 DEBUG 93785 --- [    Test worker] org.apache.http.wire                     : http-outgoing-0 >> "Content-Type: application/json[\r][\n]"
?[0m?[0;34m2024-07-18T17:39:16.797-04:00 DEBUG 93785 --- [    Test worker] org.apache.http.wire                     : http-outgoing-0 >> "Content-Length: 56[\r][\n]"
?[0m?[0;34m2024-07-18T17:39:16.797-04:00 DEBUG 93785 --- [    Test worker] org.apache.http.wire                     : http-outgoing-0 >> "Host: localhost:28852[\r][\n]"
?[0m?[0;34m2024-07-18T17:39:16.797-04:00 DEBUG 93785 --- [    Test worker] org.apache.http.wire                     : http-outgoing-0 >> "Connection: Keep-Alive[\r][\n]"
?[0m?[0;34m2024-07-18T17:39:16.797-04:00 DEBUG 93785 --- [    Test worker] org.apache.http.wire                     : http-outgoing-0 >> "User-Agent: Apache-HttpClient/4.5.14 (Java/17.0.11)[\r][\n]"
?[0m?[0;34m2024-07-18T17:39:16.797-04:00 DEBUG 93785 --- [    Test worker] org.apache.http.wire                     : http-outgoing-0 >> "Accept-Encoding: gzip,deflate[\r][\n]"
?[0m?[0;34m2024-07-18T17:39:16.797-04:00 DEBUG 93785 --- [    Test worker] org.apache.http.wire                     : http-outgoing-0 >> "[\r][\n]"
?[0m?[0;34m2024-07-18T17:39:16.797-04:00 DEBUG 93785 --- [    Test worker] org.apache.http.wire                     : http-outgoing-0 >> "{[\n]"
?[0m?[0;34m2024-07-18T17:39:16.797-04:00 DEBUG 93785 --- [    Test worker] org.apache.http.wire                     : http-outgoing-0 >> "   "name": "John Doe 1",[\n]"
?[0m?[0;34m2024-07-18T17:39:16.798-04:00 DEBUG 93785 --- [    Test worker] org.apache.http.wire                     : http-outgoing-0 >> "   "password": "oa3VvqnLxW"[\n]"
?[0m?[0;34m2024-07-18T17:39:16.798-04:00 DEBUG 93785 --- [    Test worker] org.apache.http.wire                     : http-outgoing-0 >> "}"
?[0m?[0;34m2024-07-18T17:39:16.802-04:00 DEBUG 93785 --- [-28852-Acceptor] o.apache.tomcat.util.threads.LimitLatch  : Counting up[http-nio-28852-Acceptor] latch=1
?[0;34m2024-07-18T17:39:16.834-04:00 DEBUG 93785 --- [io-28852-exec-1] o.a.coyote.http11.Http11InputBuffer      : Before fill(): parsingHeader: [true], parsingRequestLine: [true], parsingRequestLinePhase: [0], parsingRequestLineStart: [0], byteBuffer.position(): [0], byteBuffer.limit(): [0], end: [0]
?[0m?[0;34m2024-07-18T17:39:16.839-04:00 DEBUG 93785 --- [io-28852-exec-1] o.a.tomcat.util.net.SocketWrapperBase    : Socket: [org.apache.tomcat.util.net.NioEndpoint$NioSocketWrapper@3f2e0606:org.apache.tomcat.util.net.NioChannel@703fd98c:java.nio.channels.SocketChannel[connected local=localhost/127.0.0.1:28852 remote=/127.0.0.1:62446]], Read from buffer: [0]
?[0m?[0;34m2024-07-18T17:39:16.840-04:00 DEBUG 93785 --- [io-28852-exec-1] org.apache.tomcat.util.net.NioEndpoint   : Socket: [org.apache.tomcat.util.net.NioEndpoint$NioSocketWrapper@3f2e0606:org.apache.tomcat.util.net.NioChannel@703fd98c:java.nio.channels.SocketChannel[connected local=localhost/127.0.0.1:28852 remote=/127.0.0.1:62446]], Read direct from socket: [271]
?[0m?[0;34m2024-07-18T17:39:16.840-04:00 DEBUG 93785 --- [io-28852-exec-1] o.a.coyote.http11.Http11InputBuffer      : Received [POST /api/auth/user HTTP/1.1
?[0m?[0;34mContent-Type: application/json
?[0m?[0;34mContent-Length: 56
?[0m?[0;34mHost: localhost:28852
?[0m?[0;34mConnection: Keep-Alive
?[0m?[0;34mUser-Agent: Apache-HttpClient/4.5.14 (Java/17.0.11)
?[0m?[0;34mAccept-Encoding: gzip,deflate
?[0m?[0;34m
?[0m?[0;34m{
?[0m?[0;34m   "name": "John Doe 1",
?[0m?[0;34m   "password": "oa3VvqnLxW"
?[0m?[0;34m}]
?[0m?[0;34m2024-07-18T17:39:16.859-04:00 DEBUG 93785 --- [io-28852-exec-1] org.apache.tomcat.util.http.Parameters   : Set query string encoding to UTF-8
?[0m?[0;34m2024-07-18T17:39:16.861-04:00 DEBUG 93785 --- [io-28852-exec-1] o.a.c.authenticator.AuthenticatorBase    : Security checking request POST /api/auth/user
?[0m?[0;34m2024-07-18T17:39:16.861-04:00 DEBUG 93785 --- [io-28852-exec-1] org.apache.catalina.realm.RealmBase      :   No applicable constraints defined
?[0m?[0;34m2024-07-18T17:39:16.866-04:00 DEBUG 93785 --- [io-28852-exec-1] o.a.c.a.jaspic.AuthConfigFactoryImpl     : Loading persistent provider registrations from [/private/var/folders/jl/1w_rb7pj48g7kk6k9z3c97fw0000gp/T/tomcat.28852.866771147919001665/conf/jaspic-providers.xml]
?[0m?[0;34m2024-07-18T17:39:16.866-04:00 DEBUG 93785 --- [io-28852-exec-1] o.a.c.authenticator.AuthenticatorBase    : Not subject to any constraint
?[0m?[0;34m2024-07-18T17:39:16.870-04:00  INFO 93785 --- [io-28852-exec-1] o.a.c.c.C.[Tomcat].[localhost].[/]       : Initializing Spring DispatcherServlet 'dispatcherServlet'
?[0m?[0;34m2024-07-18T17:39:16.871-04:00  INFO 93785 --- [io-28852-exec-1] o.s.web.servlet.DispatcherServlet        : Initializing Servlet 'dispatcherServlet'
?[0m?[0;34m2024-07-18T17:39:16.871-04:00 DEBUG 93785 --- [io-28852-exec-1] o.s.web.servlet.DispatcherServlet        : Detected StandardServletMultipartResolver
?[0m?[0;34m2024-07-18T17:39:16.871-04:00 DEBUG 93785 --- [io-28852-exec-1] o.s.web.servlet.DispatcherServlet        : Detected AcceptHeaderLocaleResolver
?[0m?[0;34m2024-07-18T17:39:16.871-04:00 DEBUG 93785 --- [io-28852-exec-1] o.s.web.servlet.DispatcherServlet        : Detected FixedThemeResolver
?[0m?[0;34m2024-07-18T17:39:16.873-04:00 DEBUG 93785 --- [io-28852-exec-1] o.s.web.servlet.DispatcherServlet        : Detected org.springframework.web.servlet.view.DefaultRequestToViewNameTranslator@44b99467
?[0m?[0;34m2024-07-18T17:39:16.874-04:00 DEBUG 93785 --- [io-28852-exec-1] o.s.web.servlet.DispatcherServlet        : Detected org.springframework.web.servlet.support.SessionFlashMapManager@3f2bf80d
?[0m?[0;34m2024-07-18T17:39:16.874-04:00 DEBUG 93785 --- [io-28852-exec-1] o.s.web.servlet.DispatcherServlet        : enableLoggingRequestDetails='false': request parameters and headers will be masked to prevent unsafe logging of potentially sensitive data
?[0m?[0;34m2024-07-18T17:39:16.874-04:00  INFO 93785 --- [io-28852-exec-1] o.s.web.servlet.DispatcherServlet        : Completed initialization in 3 ms
?[0m?[0;34m2024-07-18T17:39:16.894-04:00 DEBUG 93785 --- [io-28852-exec-1] o.s.security.web.FilterChainProxy        : Securing POST /api/auth/user
?[0m?[0;34m2024-07-18T17:39:16.908-04:00 DEBUG 93785 --- [io-28852-exec-1] org.apache.tomcat.util.http.Parameters   : Set encoding to UTF-8
?[0m?[0;34m2024-07-18T17:39:16.910-04:00 DEBUG 93785 --- [io-28852-exec-1] o.s.s.w.a.AnonymousAuthenticationFilter  : Set SecurityContextHolder to anonymous SecurityContext
?[0m?[0;34m2024-07-18T17:39:16.920-04:00 DEBUG 93785 --- [io-28852-exec-1] s.w.s.m.m.a.RequestMappingHandlerMapping : Mapped to antifraud.controller.AuthController#registerUser(User)
?[0m?[0;34m2024-07-18T17:39:16.929-04:00 DEBUG 93785 --- [io-28852-exec-1] o.s.s.w.a.i.FilterSecurityInterceptor    : Authorized filter invocation [POST /api/auth/user] with attributes [permitAll]
?[0m?[0;34m2024-07-18T17:39:16.933-04:00 DEBUG 93785 --- [io-28852-exec-1] o.s.security.web.FilterChainProxy        : Secured POST /api/auth/user
?[0m?[0;34m2024-07-18T17:39:16.936-04:00 DEBUG 93785 --- [io-28852-exec-1] o.s.web.servlet.DispatcherServlet        : POST "/api/auth/user", parameters={}
?[0m?[0;34m2024-07-18T17:39:16.938-04:00 DEBUG 93785 --- [io-28852-exec-1] s.w.s.m.m.a.RequestMappingHandlerMapping : Mapped to antifraud.controller.AuthController#registerUser(User)
?[0m?[0;34m2024-07-18T17:39:16.939-04:00 DEBUG 93785 --- [io-28852-exec-1] o.j.s.OpenEntityManagerInViewInterceptor : Opening JPA EntityManager in OpenEntityManagerInViewInterceptor
?[0m?[0;34m2024-07-18T17:39:17.043-04:00 DEBUG 93785 --- [io-28852-exec-1] m.m.a.RequestResponseBodyMethodProcessor : Read "application/json;charset=UTF-8" to [antifraud.model.User@4e1cd526]
?[0m?[0;34m2024-07-18T17:39:17.058-04:00 DEBUG 93785 --- [io-28852-exec-1] o.s.w.s.m.m.a.HttpEntityMethodProcessor  : Using 'application/octet-stream', given [*/*] and supported [*/*]
?[0m?[0;34m2024-07-18T17:39:17.060-04:00 DEBUG 93785 --- [io-28852-exec-1] o.j.s.OpenEntityManagerInViewInterceptor : Closing JPA EntityManager in OpenEntityManagerInViewInterceptor
?[0m?[0;34m2024-07-18T17:39:17.060-04:00 DEBUG 93785 --- [io-28852-exec-1] o.s.web.servlet.DispatcherServlet        : Completed 400 BAD_REQUEST
?[0m?[0;34m2024-07-18T17:39:17.064-04:00 DEBUG 93785 --- [    Test worker] org.apache.http.wire                     : http-outgoing-0 << "HTTP/1.1 400 [\r][\n]"
?[0m?[0;34m2024-07-18T17:39:17.064-04:00 DEBUG 93785 --- [    Test worker] org.apache.http.wire                     : http-outgoing-0 << "X-Content-Type-Options: nosniff[\r][\n]"
?[0m?[0;34m2024-07-18T17:39:17.064-04:00 DEBUG 93785 --- [    Test worker] org.apache.http.wire                     : http-outgoing-0 << "X-XSS-Protection: 0[\r][\n]"
?[0m?[0;34m2024-07-18T17:39:17.064-04:00 DEBUG 93785 --- [    Test worker] org.apache.http.wire                     : http-outgoing-0 << "Cache-Control: no-cache, no-store, max-age=0, must-revalidate[\r][\n]"
?[0m?[0;34m2024-07-18T17:39:17.064-04:00 DEBUG 93785 --- [    Test worker] org.apache.http.wire                     : http-outgoing-0 << "Pragma: no-cache[\r][\n]"
?[0m?[0;34m2024-07-18T17:39:17.064-04:00 DEBUG 93785 --- [    Test worker] org.apache.http.wire                     : http-outgoing-0 << "Expires: 0[\r][\n]"
?[0m?[0;34m2024-07-18T17:39:17.064-04:00 DEBUG 93785 --- [    Test worker] org.apache.http.wire                     : http-outgoing-0 << "Content-Length: 0[\r][\n]"
?[0m?[0;34m2024-07-18T17:39:17.064-04:00 DEBUG 93785 --- [    Test worker] org.apache.http.wire                     : http-outgoing-0 << "Date: Thu, 18 Jul 2024 21:39:17 GMT[\r][\n]"
?[0m?[0;34m2024-07-18T17:39:17.065-04:00 DEBUG 93785 --- [    Test worker] org.apache.http.wire                     : http-outgoing-0 << "Connection: close[\r][\n]"
?[0m?[0;34m2024-07-18T17:39:17.065-04:00 DEBUG 93785 --- [    Test worker] org.apache.http.wire                     : http-outgoing-0 << "[\r][\n]"
?[0m?[0;34m2024-07-18T17:39:17.065-04:00 DEBUG 93785 --- [io-28852-exec-1] o.apache.coyote.http11.Http11Processor   : Socket: [org.apache.tomcat.util.net.NioEndpoint$NioSocketWrapper@3f2e0606:org.apache.tomcat.util.net.NioChannel@703fd98c:java.nio.channels.SocketChannel[connected local=localhost/127.0.0.1:28852 remote=/127.0.0.1:62446]], Status in: [OPEN_READ], State out: [CLOSED]
?[0m?[0;34m2024-07-18T17:39:17.066-04:00 DEBUG 93785 --- [io-28852-exec-1] o.apache.tomcat.util.threads.LimitLatch  : Counting down[http-nio-28852-exec-1] latch=1
?[0m?[0;34m2024-07-18T17:39:17.066-04:00 DEBUG 93785 --- [io-28852-exec-1] org.apache.tomcat.util.net.NioEndpoint   : Calling [org.apache.tomcat.util.net.NioEndpoint@6adae3fa].closeSocket([org.apache.tomcat.util.net.NioEndpoint$NioSocketWrapper@3f2e0606:org.apache.tomcat.util.net.NioChannel@703fd98c:java.nio.channels.SocketChannel[connected local=localhost/127.0.0.1:28852 remote=/127.0.0.1:62446]])
?[0m?[0;34m2024-07-18T17:39:17.067-04:00 DEBUG 93785 --- [    Test worker] org.apache.http.headers                  : http-outgoing-0 << HTTP/1.1 400 
?[0m?[0;34m2024-07-18T17:39:17.067-04:00 DEBUG 93785 --- [    Test worker] org.apache.http.headers                  : http-outgoing-0 << X-Content-Type-Options: nosniff
?[0m?[0;34m2024-07-18T17:39:17.067-04:00 DEBUG 93785 --- [    Test worker] org.apache.http.headers                  : http-outgoing-0 << X-XSS-Protection: 0
?[0m?[0;34m2024-07-18T17:39:17.067-04:00 DEBUG 93785 --- [    Test worker] org.apache.http.headers                  : http-outgoing-0 << Cache-Control: no-cache, no-store, max-age=0, must-revalidate
?[0m?[0;34m2024-07-18T17:39:17.067-04:00 DEBUG 93785 --- [    Test worker] org.apache.http.headers                  : http-outgoing-0 << Pragma: no-cache
?[0m?[0;34m2024-07-18T17:39:17.067-04:00 DEBUG 93785 --- [    Test worker] org.apache.http.headers                  : http-outgoing-0 << Expires: 0
?[0m?[0;34m2024-07-18T17:39:17.067-04:00 DEBUG 93785 --- [    Test worker] org.apache.http.headers                  : http-outgoing-0 << Content-Length: 0
?[0m?[0;34m2024-07-18T17:39:17.067-04:00 DEBUG 93785 --- [    Test worker] org.apache.http.headers                  : http-outgoing-0 << Date: Thu, 18 Jul 2024 21:39:17 GMT
?[0m?[0;34m2024-07-18T17:39:17.067-04:00 DEBUG 93785 --- [    Test worker] org.apache.http.headers                  : http-outgoing-0 << Connection: close
?[0m?[0;34m2024-07-18T17:39:17.071-04:00 DEBUG 93785 --- [    Test worker] h.i.c.DefaultManagedHttpClientConnection : http-outgoing-0: Close connection
?[0m?[0;34m2024-07-18T17:39:17.071-04:00 DEBUG 93785 --- [    Test worker] o.a.http.impl.execchain.MainClientExec   : Connection discarded
?[0m?[0;34m2024-07-18T17:39:17.072-04:00 DEBUG 93785 --- [    Test worker] h.i.c.PoolingHttpClientConnectionManager : Connection released: [id: 0][route: {}->http://localhost:28852][total available: 0; route allocated: 0 of 2; total allocated: 0 of 20]
?[0m?[0;34m2024-07-18T17:39:17.073-04:00 DEBUG 93785 --- [    Test worker] o.a.http.impl.execchain.MainClientExec   : Cancelling request execution
?[0m?[1;31m
Start test 2?[0m
?[0;34mTest case
?[0m?[0;34mTesting api: '/api/auth/user'
?[0m?[0;34mrequest: '{
?[0m?[0;34m   "name": "John Doe 2",
?[0m?[0;34m   "username": "johndoe1"
?[0m?[0;34m}'
?[0m?[0;34mExpectations: 'In case of wrong data in request, endpoint must respond with BAD REQUEST  status (400).'
?[0m?[0;34m-----
?[0m?[0;34m2024-07-18T17:39:17.077-04:00 DEBUG 93785 --- [    Test worker] o.a.h.client.protocol.RequestAddCookies  : CookieSpec selected: default
?[0m?[0;34m2024-07-18T17:39:17.078-04:00 DEBUG 93785 --- [    Test worker] o.a.h.client.protocol.RequestAuthCache   : Auth cache not set in the context
?[0m?[0;34m2024-07-18T17:39:17.078-04:00 DEBUG 93785 --- [    Test worker] h.i.c.PoolingHttpClientConnectionManager : Connection request: [route: {}->http://localhost:28852][total available: 0; route allocated: 0 of 2; total allocated: 0 of 20]
?[0m?[0;34m2024-07-18T17:39:17.078-04:00 DEBUG 93785 --- [    Test worker] h.i.c.PoolingHttpClientConnectionManager : Connection leased: [id: 1][route: {}->http://localhost:28852][total available: 0; route allocated: 1 of 2; total allocated: 1 of 20]
?[0m?[0;34m2024-07-18T17:39:17.078-04:00 DEBUG 93785 --- [    Test worker] o.a.http.impl.execchain.MainClientExec   : Opening connection {}->http://localhost:28852
?[0m?[0;34m2024-07-18T17:39:17.078-04:00 DEBUG 93785 --- [    Test worker] .i.c.DefaultHttpClientConnectionOperator : Connecting to localhost/127.0.0.1:28852
?[0m?[0;34m2024-07-18T17:39:17.079-04:00 DEBUG 93785 --- [    Test worker] .i.c.DefaultHttpClientConnectionOperator : Connection established 127.0.0.1:62448<->127.0.0.1:28852
?[0m?[0;34m2024-07-18T17:39:17.079-04:00 DEBUG 93785 --- [    Test worker] o.a.http.impl.execchain.MainClientExec   : Executing request POST /api/auth/user HTTP/1.1
?[0m?[0;34m2024-07-18T17:39:17.079-04:00 DEBUG 93785 --- [    Test worker] o.a.http.impl.execchain.MainClientExec   : Target auth state: UNCHALLENGED
?[0m?[0;34m2024-07-18T17:39:17.079-04:00 DEBUG 93785 --- [    Test worker] o.a.http.impl.execchain.MainClientExec   : Proxy auth state: UNCHALLENGED
?[0m?[0;34m2024-07-18T17:39:17.079-04:00 DEBUG 93785 --- [-28852-Acceptor] o.apache.tomcat.util.threads.LimitLatch  : Counting up[http-nio-28852-Acceptor] latch=1
?[0m?[0;34m2024-07-18T17:39:17.079-04:00 DEBUG 93785 --- [    Test worker] org.apache.http.headers                  : http-outgoing-1 >> POST /api/auth/user HTTP/1.1
?[0m?[0;34m2024-07-18T17:39:17.079-04:00 DEBUG 93785 --- [    Test worker] org.apache.http.headers                  : http-outgoing-1 >> Content-Type: application/json
?[0m?[0;34m2024-07-18T17:39:17.080-04:00 DEBUG 93785 --- [    Test worker] org.apache.http.headers                  : http-outgoing-1 >> Content-Length: 54
?[0m?[0;34m2024-07-18T17:39:17.080-04:00 DEBUG 93785 --- [    Test worker] org.apache.http.headers                  : http-outgoing-1 >> Host: localhost:28852
?[0m?[0;34m2024-07-18T17:39:17.080-04:00 DEBUG 93785 --- [    Test worker] org.apache.http.headers                  : http-outgoing-1 >> Connection: Keep-Alive
?[0m?[0;34m2024-07-18T17:39:17.080-04:00 DEBUG 93785 --- [    Test worker] org.apache.http.headers                  : http-outgoing-1 >> User-Agent: Apache-HttpClient/4.5.14 (Java/17.0.11)
?[0m?[0;34m2024-07-18T17:39:17.080-04:00 DEBUG 93785 --- [    Test worker] org.apache.http.headers                  : http-outgoing-1 >> Accept-Encoding: gzip,deflate
?[0m?[0;34m2024-07-18T17:39:17.080-04:00 DEBUG 93785 --- [    Test worker] org.apache.http.wire                     : http-outgoing-1 >> "POST /api/auth/user HTTP/1.1[\r][\n]"
?[0m?[0;34m2024-07-18T17:39:17.080-04:00 DEBUG 93785 --- [    Test worker] org.apache.http.wire                     : http-outgoing-1 >> "Content-Type: application/json[\r][\n]"
?[0m?[0;34m2024-07-18T17:39:17.080-04:00 DEBUG 93785 --- [    Test worker] org.apache.http.wire                     : http-outgoing-1 >> "Content-Length: 54[\r][\n]"
?[0m?[0;34m2024-07-18T17:39:17.080-04:00 DEBUG 93785 --- [    Test worker] org.apache.http.wire                     : http-outgoing-1 >> "Host: localhost:28852[\r][\n]"
?[0m?[0;34m2024-07-18T17:39:17.080-04:00 DEBUG 93785 --- [    Test worker] org.apache.http.wire                     : http-outgoing-1 >> "Connection: Keep-Alive[\r][\n]"
?[0m?[0;34m2024-07-18T17:39:17.080-04:00 DEBUG 93785 --- [    Test worker] org.apache.http.wire                     : http-outgoing-1 >> "User-Agent: Apache-HttpClient/4.5.14 (Java/17.0.11)[\r][\n]"
?[0m?[0;34m2024-07-18T17:39:17.080-04:00 DEBUG 93785 --- [    Test worker] org.apache.http.wire                     : http-outgoing-1 >> "Accept-Encoding: gzip,deflate[\r][\n]"
?[0m?[0;34m2024-07-18T17:39:17.080-04:00 DEBUG 93785 --- [    Test worker] org.apache.http.wire                     : http-outgoing-1 >> "[\r][\n]"
?[0m?[0;34m2024-07-18T17:39:17.080-04:00 DEBUG 93785 --- [    Test worker] org.apache.http.wire                     : http-outgoing-1 >> "{[\n]"
?[0m?[0;34m2024-07-18T17:39:17.081-04:00 DEBUG 93785 --- [    Test worker] org.apache.http.wire                     : http-outgoing-1 >> "   "name": "John Doe 2",[\n]"
?[0m?[0;34m2024-07-18T17:39:17.081-04:00 DEBUG 93785 --- [    Test worker] org.apache.http.wire                     : http-outgoing-1 >> "   "username": "johndoe1"[\n]"
?[0m?[0;34m2024-07-18T17:39:17.081-04:00 DEBUG 93785 --- [    Test worker] org.apache.http.wire                     : http-outgoing-1 >> "}"
?[0;34m2024-07-18T17:39:17.083-04:00 DEBUG 93785 --- [io-28852-exec-2] o.a.coyote.http11.Http11InputBuffer      : Before fill(): parsingHeader: [true], parsingRequestLine: [true], parsingRequestLinePhase: [0], parsingRequestLineStart: [0], byteBuffer.position(): [0], byteBuffer.limit(): [0], end: [215]
?[0m?[0;34m2024-07-18T17:39:17.083-04:00 DEBUG 93785 --- [io-28852-exec-2] o.a.tomcat.util.net.SocketWrapperBase    : Socket: [org.apache.tomcat.util.net.NioEndpoint$NioSocketWrapper@2a213c36:org.apache.tomcat.util.net.NioChannel@24e6c702:java.nio.channels.SocketChannel[connected local=localhost/127.0.0.1:28852 remote=/127.0.0.1:62448]], Read from buffer: [0]
?[0m?[0;34m2024-07-18T17:39:17.084-04:00 DEBUG 93785 --- [io-28852-exec-2] org.apache.tomcat.util.net.NioEndpoint   : Socket: [org.apache.tomcat.util.net.NioEndpoint$NioSocketWrapper@2a213c36:org.apache.tomcat.util.net.NioChannel@24e6c702:java.nio.channels.SocketChannel[connected local=localhost/127.0.0.1:28852 remote=/127.0.0.1:62448]], Read direct from socket: [269]
?[0m?[0;34m2024-07-18T17:39:17.084-04:00 DEBUG 93785 --- [io-28852-exec-2] o.a.coyote.http11.Http11InputBuffer      : Received [POST /api/auth/user HTTP/1.1
?[0m?[0;34mContent-Type: application/json
?[0m?[0;34mContent-Length: 54
?[0m?[0;34mHost: localhost:28852
?[0m?[0;34mConnection: Keep-Alive
?[0m?[0;34mUser-Agent: Apache-HttpClient/4.5.14 (Java/17.0.11)
?[0m?[0;34mAccept-Encoding: gzip,deflate
?[0m?[0;34m
?[0m?[0;34m{
?[0m?[0;34m   "name": "John Doe 2",
?[0m?[0;34m   "username": "johndoe1"
?[0m?[0;34m}]
?[0m?[0;34m2024-07-18T17:39:17.085-04:00 DEBUG 93785 --- [io-28852-exec-2] o.a.c.authenticator.AuthenticatorBase    : Security checking request POST /api/auth/user
?[0m?[0;34m2024-07-18T17:39:17.085-04:00 DEBUG 93785 --- [io-28852-exec-2] org.apache.catalina.realm.RealmBase      :   No applicable constraints defined
?[0m?[0;34m2024-07-18T17:39:17.085-04:00 DEBUG 93785 --- [io-28852-exec-2] o.a.c.authenticator.AuthenticatorBase    : Not subject to any constraint
?[0m?[0;34m2024-07-18T17:39:17.086-04:00 DEBUG 93785 --- [io-28852-exec-2] o.s.security.web.FilterChainProxy        : Securing POST /api/auth/user
?[0m?[0;34m2024-07-18T17:39:17.088-04:00 DEBUG 93785 --- [io-28852-exec-2] org.apache.tomcat.util.http.Parameters   : Set encoding to UTF-8
?[0m?[0;34m2024-07-18T17:39:17.088-04:00 DEBUG 93785 --- [io-28852-exec-2] o.s.s.w.a.AnonymousAuthenticationFilter  : Set SecurityContextHolder to anonymous SecurityContext
?[0m?[0;34m2024-07-18T17:39:17.089-04:00 DEBUG 93785 --- [io-28852-exec-2] s.w.s.m.m.a.RequestMappingHandlerMapping : Mapped to antifraud.controller.AuthController#registerUser(User)
?[0m?[0;34m2024-07-18T17:39:17.090-04:00 DEBUG 93785 --- [io-28852-exec-2] o.s.s.w.a.i.FilterSecurityInterceptor    : Authorized filter invocation [POST /api/auth/user] with attributes [permitAll]
?[0m?[0;34m2024-07-18T17:39:17.090-04:00 DEBUG 93785 --- [io-28852-exec-2] o.s.security.web.FilterChainProxy        : Secured POST /api/auth/user
?[0m?[0;34m2024-07-18T17:39:17.091-04:00 DEBUG 93785 --- [io-28852-exec-2] o.s.web.servlet.DispatcherServlet        : POST "/api/auth/user", parameters={}
?[0m?[0;34m2024-07-18T17:39:17.091-04:00 DEBUG 93785 --- [io-28852-exec-2] s.w.s.m.m.a.RequestMappingHandlerMapping : Mapped to antifraud.controller.AuthController#registerUser(User)
?[0m?[0;34m2024-07-18T17:39:17.091-04:00 DEBUG 93785 --- [io-28852-exec-2] o.j.s.OpenEntityManagerInViewInterceptor : Opening JPA EntityManager in OpenEntityManagerInViewInterceptor
?[0m?[0;34m2024-07-18T17:39:17.092-04:00 DEBUG 93785 --- [io-28852-exec-2] m.m.a.RequestResponseBodyMethodProcessor : Read "application/json;charset=UTF-8" to [antifraud.model.User@20d95746]
?[0m?[0;34m2024-07-18T17:39:17.093-04:00 DEBUG 93785 --- [io-28852-exec-2] o.s.w.s.m.m.a.HttpEntityMethodProcessor  : Using 'application/octet-stream', given [*/*] and supported [*/*]
?[0m?[0;34m2024-07-18T17:39:17.094-04:00 DEBUG 93785 --- [io-28852-exec-2] o.j.s.OpenEntityManagerInViewInterceptor : Closing JPA EntityManager in OpenEntityManagerInViewInterceptor
?[0m?[0;34m2024-07-18T17:39:17.094-04:00 DEBUG 93785 --- [io-28852-exec-2] o.s.web.servlet.DispatcherServlet        : Completed 400 BAD_REQUEST
?[0m?[0;34m2024-07-18T17:39:17.096-04:00 DEBUG 93785 --- [io-28852-exec-2] o.apache.coyote.http11.Http11Processor   : Socket: [org.apache.tomcat.util.net.NioEndpoint$NioSocketWrapper@2a213c36:org.apache.tomcat.util.net.NioChannel@24e6c702:java.nio.channels.SocketChannel[connected local=localhost/127.0.0.1:28852 remote=/127.0.0.1:62448]], Status in: [OPEN_READ], State out: [CLOSED]
?[0m?[0;34m2024-07-18T17:39:17.096-04:00 DEBUG 93785 --- [io-28852-exec-2] o.apache.tomcat.util.threads.LimitLatch  : Counting down[http-nio-28852-exec-2] latch=1
?[0m?[0;34m2024-07-18T17:39:17.096-04:00 DEBUG 93785 --- [io-28852-exec-2] org.apache.tomcat.util.net.NioEndpoint   : Calling [org.apache.tomcat.util.net.NioEndpoint@6adae3fa].closeSocket([org.apache.tomcat.util.net.NioEndpoint$NioSocketWrapper@2a213c36:org.apache.tomcat.util.net.NioChannel@24e6c702:java.nio.channels.SocketChannel[connected local=localhost/127.0.0.1:28852 remote=/127.0.0.1:62448]])
?[0m?[0;34m2024-07-18T17:39:17.098-04:00 DEBUG 93785 --- [    Test worker] org.apache.http.wire                     : http-outgoing-1 << "HTTP/1.1 400 [\r][\n]"
?[0m?[0;34m2024-07-18T17:39:17.098-04:00 DEBUG 93785 --- [    Test worker] org.apache.http.wire                     : http-outgoing-1 << "X-Content-Type-Options: nosniff[\r][\n]"
?[0m?[0;34m2024-07-18T17:39:17.098-04:00 DEBUG 93785 --- [    Test worker] org.apache.http.wire                     : http-outgoing-1 << "X-XSS-Protection: 0[\r][\n]"
?[0m?[0;34m2024-07-18T17:39:17.098-04:00 DEBUG 93785 --- [    Test worker] org.apache.http.wire                     : http-outgoing-1 << "Cache-Control: no-cache, no-store, max-age=0, must-revalidate[\r][\n]"
?[0m?[0;34m2024-07-18T17:39:17.098-04:00 DEBUG 93785 --- [    Test worker] org.apache.http.wire                     : http-outgoing-1 << "Pragma: no-cache[\r][\n]"
?[0m?[0;34m2024-07-18T17:39:17.098-04:00 DEBUG 93785 --- [    Test worker] org.apache.http.wire                     : http-outgoing-1 << "Expires: 0[\r][\n]"
?[0m?[0;34m2024-07-18T17:39:17.098-04:00 DEBUG 93785 --- [    Test worker] org.apache.http.wire                     : http-outgoing-1 << "Content-Length: 0[\r][\n]"
?[0m?[0;34m2024-07-18T17:39:17.098-04:00 DEBUG 93785 --- [    Test worker] org.apache.http.wire                     : http-outgoing-1 << "Date: Thu, 18 Jul 2024 21:39:17 GMT[\r][\n]"
?[0m?[0;34m2024-07-18T17:39:17.099-04:00 DEBUG 93785 --- [    Test worker] org.apache.http.wire                     : http-outgoing-1 << "Connection: close[\r][\n]"
?[0m?[0;34m2024-07-18T17:39:17.099-04:00 DEBUG 93785 --- [    Test worker] org.apache.http.wire                     : http-outgoing-1 << "[\r][\n]"
?[0m?[0;34m2024-07-18T17:39:17.099-04:00 DEBUG 93785 --- [    Test worker] org.apache.http.headers                  : http-outgoing-1 << HTTP/1.1 400 
?[0m?[0;34m2024-07-18T17:39:17.099-04:00 DEBUG 93785 --- [    Test worker] org.apache.http.headers                  : http-outgoing-1 << X-Content-Type-Options: nosniff
?[0m?[0;34m2024-07-18T17:39:17.099-04:00 DEBUG 93785 --- [    Test worker] org.apache.http.headers                  : http-outgoing-1 << X-XSS-Protection: 0
?[0m?[0;34m2024-07-18T17:39:17.099-04:00 DEBUG 93785 --- [    Test worker] org.apache.http.headers                  : http-outgoing-1 << Cache-Control: no-cache, no-store, max-age=0, must-revalidate
?[0m?[0;34m2024-07-18T17:39:17.099-04:00 DEBUG 93785 --- [    Test worker] org.apache.http.headers                  : http-outgoing-1 << Pragma: no-cache
?[0m?[0;34m2024-07-18T17:39:17.099-04:00 DEBUG 93785 --- [    Test worker] org.apache.http.headers                  : http-outgoing-1 << Expires: 0
?[0m?[0;34m2024-07-18T17:39:17.099-04:00 DEBUG 93785 --- [    Test worker] org.apache.http.headers                  : http-outgoing-1 << Content-Length: 0
?[0m?[0;34m2024-07-18T17:39:17.099-04:00 DEBUG 93785 --- [    Test worker] org.apache.http.headers                  : http-outgoing-1 << Date: Thu, 18 Jul 2024 21:39:17 GMT
?[0m?[0;34m2024-07-18T17:39:17.099-04:00 DEBUG 93785 --- [    Test worker] org.apache.http.headers                  : http-outgoing-1 << Connection: close
?[0m?[0;34m2024-07-18T17:39:17.100-04:00 DEBUG 93785 --- [    Test worker] h.i.c.DefaultManagedHttpClientConnection : http-outgoing-1: Close connection
?[0m?[0;34m2024-07-18T17:39:17.100-04:00 DEBUG 93785 --- [    Test worker] o.a.http.impl.execchain.MainClientExec   : Connection discarded
?[0m?[0;34m2024-07-18T17:39:17.100-04:00 DEBUG 93785 --- [    Test worker] h.i.c.PoolingHttpClientConnectionManager : Connection released: [id: 1][route: {}->http://localhost:28852][total available: 0; route allocated: 0 of 2; total allocated: 0 of 20]
?[0m?[0;34m2024-07-18T17:39:17.100-04:00 DEBUG 93785 --- [    Test worker] o.a.http.impl.execchain.MainClientExec   : Cancelling request execution
?[0m?[1;31m
Start test 3?[0m
?[0;34mTest case
?[0m?[0;34mTesting api: '/api/auth/user'
?[0m?[0;34mrequest: '{
?[0m?[0;34m   "name": "John Doe 1",
?[0m?[0;34m   "username": "johndoe1",
?[0m?[0;34m   "password": "oMoa3VvqnLxW"
?[0m?[0;34m}'
?[0m?[0;34mExpectations: 'If user successfully added, endpoint must respond with HTTP CREATED status (201) '
?[0m?[0;34m-----
?[0m?[0;34m2024-07-18T17:39:17.103-04:00 DEBUG 93785 --- [    Test worker] o.a.h.client.protocol.RequestAddCookies  : CookieSpec selected: default
?[0m?[0;34m2024-07-18T17:39:17.103-04:00 DEBUG 93785 --- [    Test worker] o.a.h.client.protocol.RequestAuthCache   : Auth cache not set in the context
?[0m?[0;34m2024-07-18T17:39:17.103-04:00 DEBUG 93785 --- [    Test worker] h.i.c.PoolingHttpClientConnectionManager : Connection request: [route: {}->http://localhost:28852][total available: 0; route allocated: 0 of 2; total allocated: 0 of 20]
?[0m?[0;34m2024-07-18T17:39:17.104-04:00 DEBUG 93785 --- [    Test worker] h.i.c.PoolingHttpClientConnectionManager : Connection leased: [id: 2][route: {}->http://localhost:28852][total available: 0; route allocated: 1 of 2; total allocated: 1 of 20]
?[0m?[0;34m2024-07-18T17:39:17.104-04:00 DEBUG 93785 --- [    Test worker] o.a.http.impl.execchain.MainClientExec   : Opening connection {}->http://localhost:28852
?[0m?[0;34m2024-07-18T17:39:17.105-04:00 DEBUG 93785 --- [    Test worker] .i.c.DefaultHttpClientConnectionOperator : Connecting to localhost/127.0.0.1:28852
?[0m?[0;34m2024-07-18T17:39:17.105-04:00 DEBUG 93785 --- [    Test worker] .i.c.DefaultHttpClientConnectionOperator : Connection established 127.0.0.1:62449<->127.0.0.1:28852
?[0m?[0;34m2024-07-18T17:39:17.105-04:00 DEBUG 93785 --- [    Test worker] o.a.http.impl.execchain.MainClientExec   : Executing request POST /api/auth/user HTTP/1.1
?[0m?[0;34m2024-07-18T17:39:17.105-04:00 DEBUG 93785 --- [-28852-Acceptor] o.apache.tomcat.util.threads.LimitLatch  : Counting up[http-nio-28852-Acceptor] latch=1
?[0m?[0;34m2024-07-18T17:39:17.105-04:00 DEBUG 93785 --- [    Test worker] o.a.http.impl.execchain.MainClientExec   : Target auth state: UNCHALLENGED
?[0m?[0;34m2024-07-18T17:39:17.105-04:00 DEBUG 93785 --- [    Test worker] o.a.http.impl.execchain.MainClientExec   : Proxy auth state: UNCHALLENGED
?[0m?[0;34m2024-07-18T17:39:17.106-04:00 DEBUG 93785 --- [    Test worker] org.apache.http.headers                  : http-outgoing-2 >> POST /api/auth/user HTTP/1.1
?[0m?[0;34m2024-07-18T17:39:17.106-04:00 DEBUG 93785 --- [    Test worker] org.apache.http.headers                  : http-outgoing-2 >> Content-Type: application/json
?[0m?[0;34m2024-07-18T17:39:17.106-04:00 DEBUG 93785 --- [    Test worker] org.apache.http.headers                  : http-outgoing-2 >> Content-Length: 85
?[0m?[0;34m2024-07-18T17:39:17.106-04:00 DEBUG 93785 --- [    Test worker] org.apache.http.headers                  : http-outgoing-2 >> Host: localhost:28852
?[0m?[0;34m2024-07-18T17:39:17.106-04:00 DEBUG 93785 --- [    Test worker] org.apache.http.headers                  : http-outgoing-2 >> Connection: Keep-Alive
?[0m?[0;34m2024-07-18T17:39:17.106-04:00 DEBUG 93785 --- [    Test worker] org.apache.http.headers                  : http-outgoing-2 >> User-Agent: Apache-HttpClient/4.5.14 (Java/17.0.11)
?[0m?[0;34m2024-07-18T17:39:17.106-04:00 DEBUG 93785 --- [    Test worker] org.apache.http.headers                  : http-outgoing-2 >> Accept-Encoding: gzip,deflate
?[0m?[0;34m2024-07-18T17:39:17.106-04:00 DEBUG 93785 --- [    Test worker] org.apache.http.wire                     : http-outgoing-2 >> "POST /api/auth/user HTTP/1.1[\r][\n]"
?[0m?[0;34m2024-07-18T17:39:17.106-04:00 DEBUG 93785 --- [    Test worker] org.apache.http.wire                     : http-outgoing-2 >> "Content-Type: application/json[\r][\n]"
?[0m?[0;34m2024-07-18T17:39:17.106-04:00 DEBUG 93785 --- [    Test worker] org.apache.http.wire                     : http-outgoing-2 >> "Content-Length: 85[\r][\n]"
?[0m?[0;34m2024-07-18T17:39:17.107-04:00 DEBUG 93785 --- [    Test worker] org.apache.http.wire                     : http-outgoing-2 >> "Host: localhost:28852[\r][\n]"
?[0m?[0;34m2024-07-18T17:39:17.107-04:00 DEBUG 93785 --- [    Test worker] org.apache.http.wire                     : http-outgoing-2 >> "Connection: Keep-Alive[\r][\n]"
?[0m?[0;34m2024-07-18T17:39:17.107-04:00 DEBUG 93785 --- [    Test worker] org.apache.http.wire                     : http-outgoing-2 >> "User-Agent: Apache-HttpClient/4.5.14 (Java/17.0.11)[\r][\n]"
?[0m?[0;34m2024-07-18T17:39:17.107-04:00 DEBUG 93785 --- [    Test worker] org.apache.http.wire                     : http-outgoing-2 >> "Accept-Encoding: gzip,deflate[\r][\n]"
?[0m?[0;34m2024-07-18T17:39:17.107-04:00 DEBUG 93785 --- [    Test worker] org.apache.http.wire                     : http-outgoing-2 >> "[\r][\n]"
?[0m?[0;34m2024-07-18T17:39:17.107-04:00 DEBUG 93785 --- [    Test worker] org.apache.http.wire                     : http-outgoing-2 >> "{[\n]"
?[0m?[0;34m2024-07-18T17:39:17.107-04:00 DEBUG 93785 --- [    Test worker] org.apache.http.wire                     : http-outgoing-2 >> "   "name": "John Doe 1",[\n]"
?[0m?[0;34m2024-07-18T17:39:17.107-04:00 DEBUG 93785 --- [    Test worker] org.apache.http.wire                     : http-outgoing-2 >> "   "username": "johndoe1",[\n]"
?[0m?[0;34m2024-07-18T17:39:17.107-04:00 DEBUG 93785 --- [    Test worker] org.apache.http.wire                     : http-outgoing-2 >> "   "password": "oMoa3VvqnLxW"[\n]"
?[0m?[0;34m2024-07-18T17:39:17.107-04:00 DEBUG 93785 --- [    Test worker] org.apache.http.wire                     : http-outgoing-2 >> "}"
?[0;34m2024-07-18T17:39:17.108-04:00 DEBUG 93785 --- [io-28852-exec-3] o.a.coyote.http11.Http11InputBuffer      : Before fill(): parsingHeader: [true], parsingRequestLine: [true], parsingRequestLinePhase: [0], parsingRequestLineStart: [0], byteBuffer.position(): [0], byteBuffer.limit(): [0], end: [215]
?[0m?[0;34m2024-07-18T17:39:17.108-04:00 DEBUG 93785 --- [io-28852-exec-3] o.a.tomcat.util.net.SocketWrapperBase    : Socket: [org.apache.tomcat.util.net.NioEndpoint$NioSocketWrapper@f0d9f49:org.apache.tomcat.util.net.NioChannel@1ca70d8:java.nio.channels.SocketChannel[connected local=localhost/127.0.0.1:28852 remote=/127.0.0.1:62449]], Read from buffer: [0]
?[0m?[0;34m2024-07-18T17:39:17.108-04:00 DEBUG 93785 --- [io-28852-exec-3] org.apache.tomcat.util.net.NioEndpoint   : Socket: [org.apache.tomcat.util.net.NioEndpoint$NioSocketWrapper@f0d9f49:org.apache.tomcat.util.net.NioChannel@1ca70d8:java.nio.channels.SocketChannel[connected local=localhost/127.0.0.1:28852 remote=/127.0.0.1:62449]], Read direct from socket: [300]
?[0m?[0;34m2024-07-18T17:39:17.109-04:00 DEBUG 93785 --- [io-28852-exec-3] o.a.coyote.http11.Http11InputBuffer      : Received [POST /api/auth/user HTTP/1.1
?[0m?[0;34mContent-Type: application/json
?[0m?[0;34mContent-Length: 85
?[0m?[0;34mHost: localhost:28852
?[0m?[0;34mConnection: Keep-Alive
?[0m?[0;34mUser-Agent: Apache-HttpClient/4.5.14 (Java/17.0.11)
?[0m?[0;34mAccept-Encoding: gzip,deflate
?[0m?[0;34m
?[0m?[0;34m{
?[0m?[0;34m   "name": "John Doe 1",
?[0m?[0;34m   "username": "johndoe1",
?[0m?[0;34m   "password": "oMoa3VvqnLxW"
?[0m?[0;34m}]
?[0m?[0;34m2024-07-18T17:39:17.109-04:00 DEBUG 93785 --- [io-28852-exec-3] o.a.c.authenticator.AuthenticatorBase    : Security checking request POST /api/auth/user
?[0m?[0;34m2024-07-18T17:39:17.110-04:00 DEBUG 93785 --- [io-28852-exec-3] org.apache.catalina.realm.RealmBase      :   No applicable constraints defined
?[0m?[0;34m2024-07-18T17:39:17.110-04:00 DEBUG 93785 --- [io-28852-exec-3] o.a.c.authenticator.AuthenticatorBase    : Not subject to any constraint
?[0m?[0;34m2024-07-18T17:39:17.111-04:00 DEBUG 93785 --- [io-28852-exec-3] o.s.security.web.FilterChainProxy        : Securing POST /api/auth/user
?[0m?[0;34m2024-07-18T17:39:17.112-04:00 DEBUG 93785 --- [io-28852-exec-3] org.apache.tomcat.util.http.Parameters   : Set encoding to UTF-8
?[0m?[0;34m2024-07-18T17:39:17.113-04:00 DEBUG 93785 --- [io-28852-exec-3] o.s.s.w.a.AnonymousAuthenticationFilter  : Set SecurityContextHolder to anonymous SecurityContext
?[0m?[0;34m2024-07-18T17:39:17.114-04:00 DEBUG 93785 --- [io-28852-exec-3] s.w.s.m.m.a.RequestMappingHandlerMapping : Mapped to antifraud.controller.AuthController#registerUser(User)
?[0m?[0;34m2024-07-18T17:39:17.114-04:00 DEBUG 93785 --- [io-28852-exec-3] o.s.s.w.a.i.FilterSecurityInterceptor    : Authorized filter invocation [POST /api/auth/user] with attributes [permitAll]
?[0m?[0;34m2024-07-18T17:39:17.115-04:00 DEBUG 93785 --- [io-28852-exec-3] o.s.security.web.FilterChainProxy        : Secured POST /api/auth/user
?[0m?[0;34m2024-07-18T17:39:17.115-04:00 DEBUG 93785 --- [io-28852-exec-3] o.s.web.servlet.DispatcherServlet        : POST "/api/auth/user", parameters={}
?[0m?[0;34m2024-07-18T17:39:17.116-04:00 DEBUG 93785 --- [io-28852-exec-3] s.w.s.m.m.a.RequestMappingHandlerMapping : Mapped to antifraud.controller.AuthController#registerUser(User)
?[0m?[0;34m2024-07-18T17:39:17.116-04:00 DEBUG 93785 --- [io-28852-exec-3] o.j.s.OpenEntityManagerInViewInterceptor : Opening JPA EntityManager in OpenEntityManagerInViewInterceptor
?[0m?[0;34m2024-07-18T17:39:17.117-04:00 DEBUG 93785 --- [io-28852-exec-3] m.m.a.RequestResponseBodyMethodProcessor : Read "application/json;charset=UTF-8" to [antifraud.model.User@23e35263]
?[0m?[0;34m2024-07-18T17:39:17.227-04:00 DEBUG 93785 --- [io-28852-exec-3] org.hibernate.orm.sql.ast.create         : Created new SQL alias : u1_0
?[0m?[0;34m2024-07-18T17:39:17.227-04:00 DEBUG 93785 --- [io-28852-exec-3] org.hibernate.orm.sql.ast.create         : Registration of TableGroup [StandardTableGroup(antifraud.model.User(214991696174674))] with identifierForTableGroup [antifraud.model.User] for NavigablePath [antifraud.model.User] 
?[0m?[0;34m2024-07-18T17:39:17.240-04:00 DEBUG 93785 --- [io-28852-exec-3] o.h.q.sqm.sql.BaseSqmToSqlAstConverter   : Determining mapping-model type for SqmParameter : org.hibernate.query.sqm.tree.expression.SqmJpaCriteriaParameterWrapper@70adae14
?[0m?[0;34m2024-07-18T17:39:17.246-04:00 DEBUG 93785 --- [io-28852-exec-3] org.hibernate.orm.results.graph.AST      : DomainResult Graph:
?[0m?[0;34m \-EntityResultImpl [antifraud.model.User(214991696174674)]
?[0m?[0;34m |  +-BasicFetch [antifraud.model.User(214991696174674).name]
?[0m?[0;34m |  +-BasicFetch [antifraud.model.User(214991696174674).password]
?[0m?[0;34m |  \-BasicFetch [antifraud.model.User(214991696174674).username]
?[0m?[0;34m
?[0m?[0;34m2024-07-18T17:39:17.246-04:00 DEBUG 93785 --- [io-28852-exec-3] org.hibernate.orm.sql.ast.tree           : SQL AST Tree:
?[0m?[0;34m    SelectStatement {
?[0m?[0;34m      FromClause {
?[0m?[0;34m        StandardTableGroup (u1 : antifraud.model.User(214991696174674)) {
?[0m?[0;34m          primaryTableReference : app_user as u1_0
?[0m?[0;34m        }
?[0m?[0;34m      }
?[0m?[0;34m    }
?[0m?[0;34m
?[0m?[0;34m2024-07-18T17:39:17.261-04:00 DEBUG 93785 --- [io-28852-exec-3] org.hibernate.orm.sql.exec               : Skipping reading Query result cache data: cache-enabled = false, cache-mode = NORMAL
?[0m?[0;34m2024-07-18T17:39:17.274-04:00 DEBUG 93785 --- [io-28852-exec-3] org.hibernate.orm.results                : Initializer list
?[0m?[0;34m2024-07-18T17:39:17.275-04:00 DEBUG 93785 --- [io-28852-exec-3] org.hibernate.orm.results                :     antifraud.model.User(214991696174674) -> EntityResultInitializer(antifraud.model.User(214991696174674))@2093295976 (SingleTableEntityPersister(antifraud.model.User))
?[0m?[0;34m2024-07-18T17:39:17.279-04:00 DEBUG 93785 --- [io-28852-exec-3] org.hibernate.SQL                        : select u1_0.id,u1_0.name,u1_0.password,u1_0.username from app_user u1_0 where upper(u1_0.username)=upper(?)
?[0m?[0;34m2024-07-18T17:39:17.412-04:00 DEBUG 93785 --- [io-28852-exec-3] o.s.orm.jpa.JpaTransactionManager        : Found thread-bound EntityManager [SessionImpl(1943533335<open>)] for JPA transaction
?[0m?[0;34m2024-07-18T17:39:17.412-04:00 DEBUG 93785 --- [io-28852-exec-3] o.s.orm.jpa.JpaTransactionManager        : Creating new transaction with name [org.springframework.data.jpa.repository.support.SimpleJpaRepository.save]: PROPAGATION_REQUIRED,ISOLATION_DEFAULT
?[0m?[0;34m2024-07-18T17:39:17.414-04:00 DEBUG 93785 --- [io-28852-exec-3] o.h.e.t.internal.TransactionImpl         : On TransactionImpl creation, JpaCompliance#isJpaTransactionComplianceEnabled == false
?[0m?[0;34m2024-07-18T17:39:17.414-04:00 DEBUG 93785 --- [io-28852-exec-3] o.h.e.t.internal.TransactionImpl         : begin
?[0m?[0;34m2024-07-18T17:39:17.416-04:00 DEBUG 93785 --- [io-28852-exec-3] o.s.orm.jpa.JpaTransactionManager        : Exposing JPA transaction as JDBC [org.springframework.orm.jpa.vendor.HibernateJpaDialect$HibernateConnectionHandle@1690fc55]
?[0m?[0;34m2024-07-18T17:39:17.418-04:00 DEBUG 93785 --- [io-28852-exec-3] o.h.j.internal.PersistenceUnitUtilImpl   : jakarta.persistence.PersistenceUnitUtil.getIdentifier is only intended to work with enhanced entities (although Hibernate also adapts this support to its proxies); however the passed entity was not enhanced (nor a proxy).. may not be able to read identifier
?[0m?[0;34m2024-07-18T17:39:17.437-04:00 DEBUG 93785 --- [io-28852-exec-3] org.hibernate.engine.spi.ActionQueue     : Executing identity-insert immediately
?[0m?[0;34m2024-07-18T17:39:17.439-04:00 DEBUG 93785 --- [io-28852-exec-3] org.hibernate.SQL                        : insert into app_user (id, name, password, username) values (default, ?, ?, ?)
?[0m?[0;34m2024-07-18T17:39:17.444-04:00 DEBUG 93785 --- [io-28852-exec-3] o.h.id.IdentifierGeneratorHelper         : Natively generated identity: 1
?[0m?[0;34m2024-07-18T17:39:17.447-04:00 DEBUG 93785 --- [io-28852-exec-3] o.s.orm.jpa.JpaTransactionManager        : Initiating transaction commit
?[0m?[0;34m2024-07-18T17:39:17.448-04:00 DEBUG 93785 --- [io-28852-exec-3] o.s.orm.jpa.JpaTransactionManager        : Committing JPA transaction on EntityManager [SessionImpl(1943533335<open>)]
?[0m?[0;34m2024-07-18T17:39:17.448-04:00 DEBUG 93785 --- [io-28852-exec-3] o.h.e.t.internal.TransactionImpl         : committing
?[0m?[0;34m2024-07-18T17:39:17.448-04:00 DEBUG 93785 --- [io-28852-exec-3] o.h.e.i.AbstractFlushingEventListener    : Processing flush-time cascades
?[0m?[0;34m2024-07-18T17:39:17.450-04:00 DEBUG 93785 --- [io-28852-exec-3] o.h.e.i.AbstractFlushingEventListener    : Dirty checking collections
?[0m?[0;34m2024-07-18T17:39:17.454-04:00 DEBUG 93785 --- [io-28852-exec-3] o.h.e.i.AbstractFlushingEventListener    : Flushed: 0 insertions, 0 updates, 0 deletions to 1 objects
?[0m?[0;34m2024-07-18T17:39:17.455-04:00 DEBUG 93785 --- [io-28852-exec-3] o.h.e.i.AbstractFlushingEventListener    : Flushed: 0 (re)creations, 0 updates, 0 removals to 0 collections
?[0m?[0;34m2024-07-18T17:39:17.458-04:00 DEBUG 93785 --- [io-28852-exec-3] o.hibernate.internal.util.EntityPrinter  : Listing entities:
?[0m?[0;34m2024-07-18T17:39:17.458-04:00 DEBUG 93785 --- [io-28852-exec-3] o.hibernate.internal.util.EntityPrinter  : antifraud.model.User{password=$2a$10$hnZ1JsgV1lXNrqzvEy4Q3eg1l13RhiZ3889ddJlK9mpsHVO3CWfEm, name=John Doe 1, id=1, username=johndoe1}
?[0m?[0;34m2024-07-18T17:39:17.460-04:00 DEBUG 93785 --- [io-28852-exec-3] o.s.orm.jpa.JpaTransactionManager        : Not closing pre-bound JPA EntityManager after transaction
?[0m?[0;34m2024-07-18T17:39:17.471-04:00 DEBUG 93785 --- [io-28852-exec-3] o.s.w.s.m.m.a.HttpEntityMethodProcessor  : Using 'application/json', given [*/*] and supported [application/json, application/*+json]
?[0m?[0;34m2024-07-18T17:39:17.472-04:00 DEBUG 93785 --- [io-28852-exec-3] o.s.w.s.m.m.a.HttpEntityMethodProcessor  : Writing [antifraud.model.UserDTO@42cafe93]
?[0m?[0;34m2024-07-18T17:39:17.481-04:00 DEBUG 93785 --- [    Test worker] org.apache.http.wire                     : http-outgoing-2 << "HTTP/1.1 201 [\r][\n]"
?[0m?[0;34m2024-07-18T17:39:17.482-04:00 DEBUG 93785 --- [    Test worker] org.apache.http.wire                     : http-outgoing-2 << "X-Content-Type-Options: nosniff[\r][\n]"
?[0m?[0;34m2024-07-18T17:39:17.482-04:00 DEBUG 93785 --- [    Test worker] org.apache.http.wire                     : http-outgoing-2 << "X-XSS-Protection: 0[\r][\n]"
?[0m?[0;34m2024-07-18T17:39:17.482-04:00 DEBUG 93785 --- [io-28852-exec-3] o.j.s.OpenEntityManagerInViewInterceptor : Closing JPA EntityManager in OpenEntityManagerInViewInterceptor
?[0m?[0;34m2024-07-18T17:39:17.483-04:00 DEBUG 93785 --- [io-28852-exec-3] o.s.web.servlet.DispatcherServlet        : Completed 201 CREATED
?[0m?[0;34m2024-07-18T17:39:17.482-04:00 DEBUG 93785 --- [    Test worker] org.apache.http.wire                     : http-outgoing-2 << "Cache-Control: no-cache, no-store, max-age=0, must-revalidate[\r][\n]"
?[0m?[0;34m2024-07-18T17:39:17.483-04:00 DEBUG 93785 --- [    Test worker] org.apache.http.wire                     : http-outgoing-2 << "Pragma: no-cache[\r][\n]"
?[0m?[0;34m2024-07-18T17:39:17.483-04:00 DEBUG 93785 --- [    Test worker] org.apache.http.wire                     : http-outgoing-2 << "Expires: 0[\r][\n]"
?[0m?[0;34m2024-07-18T17:39:17.483-04:00 DEBUG 93785 --- [    Test worker] org.apache.http.wire                     : http-outgoing-2 << "Content-Type: application/json[\r][\n]"
?[0m?[0;34m2024-07-18T17:39:17.484-04:00 DEBUG 93785 --- [    Test worker] org.apache.http.wire                     : http-outgoing-2 << "Transfer-Encoding: chunked[\r][\n]"
?[0m?[0;34m2024-07-18T17:39:17.484-04:00 DEBUG 93785 --- [    Test worker] org.apache.http.wire                     : http-outgoing-2 << "Date: Thu, 18 Jul 2024 21:39:17 GMT[\r][\n]"
?[0m?[0;34m2024-07-18T17:39:17.484-04:00 DEBUG 93785 --- [    Test worker] org.apache.http.wire                     : http-outgoing-2 << "Keep-Alive: timeout=60[\r][\n]"
?[0m?[0;34m2024-07-18T17:39:17.484-04:00 DEBUG 93785 --- [    Test worker] org.apache.http.wire                     : http-outgoing-2 << "Connection: keep-alive[\r][\n]"
?[0m?[0;34m2024-07-18T17:39:17.484-04:00 DEBUG 93785 --- [    Test worker] org.apache.http.wire                     : http-outgoing-2 << "[\r][\n]"
?[0m?[0;34m2024-07-18T17:39:17.484-04:00 DEBUG 93785 --- [    Test worker] org.apache.http.wire                     : http-outgoing-2 << "42[\r][\n]"
?[0m?[0;34m2024-07-18T17:39:17.484-04:00 DEBUG 93785 --- [    Test worker] org.apache.http.wire                     : http-outgoing-2 << "{[\n]"
?[0m?[0;34m2024-07-18T17:39:17.484-04:00 DEBUG 93785 --- [    Test worker] org.apache.http.wire                     : http-outgoing-2 << "  "name" : "John Doe 1",[\n]"
?[0m?[0;34m2024-07-18T17:39:17.484-04:00 DEBUG 93785 --- [    Test worker] org.apache.http.wire                     : http-outgoing-2 << "  "username" : "johndoe1",[\n]"
?[0m?[0;34m2024-07-18T17:39:17.484-04:00 DEBUG 93785 --- [    Test worker] org.apache.http.wire                     : http-outgoing-2 << "  "id" : 1[\n]"
?[0m?[0;34m2024-07-18T17:39:17.484-04:00 DEBUG 93785 --- [    Test worker] org.apache.http.wire                     : http-outgoing-2 << "}[\r][\n]"
?[0m?[0;34m2024-07-18T17:39:17.484-04:00 DEBUG 93785 --- [    Test worker] org.apache.http.headers                  : http-outgoing-2 << HTTP/1.1 201 
?[0m?[0;34m2024-07-18T17:39:17.484-04:00 DEBUG 93785 --- [    Test worker] org.apache.http.headers                  : http-outgoing-2 << X-Content-Type-Options: nosniff
?[0m?[0;34m2024-07-18T17:39:17.484-04:00 DEBUG 93785 --- [    Test worker] org.apache.http.headers                  : http-outgoing-2 << X-XSS-Protection: 0
?[0m?[0;34m2024-07-18T17:39:17.484-04:00 DEBUG 93785 --- [    Test worker] org.apache.http.headers                  : http-outgoing-2 << Cache-Control: no-cache, no-store, max-age=0, must-revalidate
?[0m?[0;34m2024-07-18T17:39:17.484-04:00 DEBUG 93785 --- [    Test worker] org.apache.http.headers                  : http-outgoing-2 << Pragma: no-cache
?[0m?[0;34m2024-07-18T17:39:17.484-04:00 DEBUG 93785 --- [    Test worker] org.apache.http.headers                  : http-outgoing-2 << Expires: 0
?[0m?[0;34m2024-07-18T17:39:17.484-04:00 DEBUG 93785 --- [    Test worker] org.apache.http.headers                  : http-outgoing-2 << Content-Type: application/json
?[0m?[0;34m2024-07-18T17:39:17.484-04:00 DEBUG 93785 --- [    Test worker] org.apache.http.headers                  : http-outgoing-2 << Transfer-Encoding: chunked
?[0m?[0;34m2024-07-18T17:39:17.484-04:00 DEBUG 93785 --- [    Test worker] org.apache.http.headers                  : http-outgoing-2 << Date: Thu, 18 Jul 2024 21:39:17 GMT
?[0m?[0;34m2024-07-18T17:39:17.484-04:00 DEBUG 93785 --- [    Test worker] org.apache.http.headers                  : http-outgoing-2 << Keep-Alive: timeout=60
?[0m?[0;34m2024-07-18T17:39:17.484-04:00 DEBUG 93785 --- [    Test worker] org.apache.http.headers                  : http-outgoing-2 << Connection: keep-alive
?[0m?[0;34m2024-07-18T17:39:17.484-04:00 DEBUG 93785 --- [io-28852-exec-3] o.a.coyote.http11.Http11InputBuffer      : Before fill(): parsingHeader: [true], parsingRequestLine: [true], parsingRequestLinePhase: [0], parsingRequestLineStart: [0], byteBuffer.position(): [0], byteBuffer.limit(): [0], end: [215]
?[0m?[0;34m2024-07-18T17:39:17.485-04:00 DEBUG 93785 --- [io-28852-exec-3] o.a.tomcat.util.net.SocketWrapperBase    : Socket: [org.apache.tomcat.util.net.NioEndpoint$NioSocketWrapper@f0d9f49:org.apache.tomcat.util.net.NioChannel@1ca70d8:java.nio.channels.SocketChannel[connected local=localhost/127.0.0.1:28852 remote=/127.0.0.1:62449]], Read from buffer: [0]
?[0m?[0;34m2024-07-18T17:39:17.485-04:00 DEBUG 93785 --- [io-28852-exec-3] org.apache.tomcat.util.net.NioEndpoint   : Socket: [org.apache.tomcat.util.net.NioEndpoint$NioSocketWrapper@f0d9f49:org.apache.tomcat.util.net.NioChannel@1ca70d8:java.nio.channels.SocketChannel[connected local=localhost/127.0.0.1:28852 remote=/127.0.0.1:62449]], Read direct from socket: [0]
?[0m?[0;34m2024-07-18T17:39:17.485-04:00 DEBUG 93785 --- [io-28852-exec-3] o.a.coyote.http11.Http11InputBuffer      : Received []
?[0m?[0;34m2024-07-18T17:39:17.485-04:00 DEBUG 93785 --- [io-28852-exec-3] o.apache.coyote.http11.Http11Processor   : Socket: [org.apache.tomcat.util.net.NioEndpoint$NioSocketWrapper@f0d9f49:org.apache.tomcat.util.net.NioChannel@1ca70d8:java.nio.channels.SocketChannel[connected local=localhost/127.0.0.1:28852 remote=/127.0.0.1:62449]], Status in: [OPEN_READ], State out: [OPEN]
?[0m?[0;34m2024-07-18T17:39:17.485-04:00 DEBUG 93785 --- [io-28852-exec-3] org.apache.tomcat.util.net.NioEndpoint   : Registered read interest for [org.apache.tomcat.util.net.NioEndpoint$NioSocketWrapper@f0d9f49:org.apache.tomcat.util.net.NioChannel@1ca70d8:java.nio.channels.SocketChannel[connected local=localhost/127.0.0.1:28852 remote=/127.0.0.1:62449]]
?[0m?[0;34m2024-07-18T17:39:17.489-04:00 DEBUG 93785 --- [    Test worker] o.a.http.impl.execchain.MainClientExec   : Connection can be kept alive for 60000 MILLISECONDS
?[0m?[0;34m2024-07-18T17:39:17.490-04:00 DEBUG 93785 --- [    Test worker] org.apache.http.wire                     : http-outgoing-2 << "0[\r][\n]"
?[0m?[0;34m2024-07-18T17:39:17.490-04:00 DEBUG 93785 --- [    Test worker] org.apache.http.wire                     : http-outgoing-2 << "[\r][\n]"
?[0m?[0;34m2024-07-18T17:39:17.490-04:00 DEBUG 93785 --- [    Test worker] h.i.c.PoolingHttpClientConnectionManager : Connection [id: 2][route: {}->http://localhost:28852] can be kept alive for 60.0 seconds
?[0m?[0;34m2024-07-18T17:39:17.491-04:00 DEBUG 93785 --- [    Test worker] h.i.c.DefaultManagedHttpClientConnection : http-outgoing-2: set socket timeout to 0
?[0m?[0;34m2024-07-18T17:39:17.491-04:00 DEBUG 93785 --- [    Test worker] h.i.c.PoolingHttpClientConnectionManager : Connection released: [id: 2][route: {}->http://localhost:28852][total available: 1; route allocated: 1 of 2; total allocated: 1 of 20]
?[0m?[0;34m2024-07-18T17:39:17.491-04:00 DEBUG 93785 --- [    Test worker] o.a.http.impl.execchain.MainClientExec   : Cancelling request execution
?[0;34m2024-07-18T17:39:17.500-04:00 DEBUG 93785 --- [      Finalizer] h.i.c.PoolingHttpClientConnectionManager : Connection manager is shutting down
?[0m?[0;34m2024-07-18T17:39:17.500-04:00 DEBUG 93785 --- [      Finalizer] h.i.c.DefaultManagedHttpClientConnection : http-outgoing-2: Close connection
?[0m?[0;34m2024-07-18T17:39:17.501-04:00 DEBUG 93785 --- [      Finalizer] h.i.c.PoolingHttpClientConnectionManager : Connection manager shut down
?[0m?[0;34m2024-07-18T17:39:17.501-04:00 DEBUG 93785 --- [      Finalizer] h.i.c.PoolingHttpClientConnectionManager : Connection manager is shutting down
?[0m?[0;34m2024-07-18T17:39:17.501-04:00 DEBUG 93785 --- [      Finalizer] h.i.c.PoolingHttpClientConnectionManager : Connection manager shut down
?[0m?[0;34m2024-07-18T17:39:17.501-04:00 DEBUG 93785 --- [      Finalizer] h.i.c.PoolingHttpClientConnectionManager : Connection manager is shutting down
?[0m?[0;34m2024-07-18T17:39:17.501-04:00 DEBUG 93785 --- [      Finalizer] h.i.c.PoolingHttpClientConnectionManager : Connection manager shut down
?[0;34m2024-07-18T17:39:17.501-04:00 DEBUG 93785 --- [io-28852-exec-4] o.a.coyote.http11.Http11InputBuffer      : Before fill(): parsingHeader: [true], parsingRequestLine: [true], parsingRequestLinePhase: [0], parsingRequestLineStart: [0], byteBuffer.position(): [0], byteBuffer.limit(): [0], end: [215]
?[0m?[0;34m2024-07-18T17:39:17.502-04:00 DEBUG 93785 --- [io-28852-exec-4] o.a.tomcat.util.net.SocketWrapperBase    : Socket: [org.apache.tomcat.util.net.NioEndpoint$NioSocketWrapper@f0d9f49:org.apache.tomcat.util.net.NioChannel@1ca70d8:java.nio.channels.SocketChannel[connected local=localhost/127.0.0.1:28852 remote=/127.0.0.1:62449]], Read from buffer: [0]
?[0m?[0;34m2024-07-18T17:39:17.502-04:00 DEBUG 93785 --- [io-28852-exec-4] o.apache.coyote.http11.Http11Processor   : Error parsing HTTP request header
?[0m?[0;34m
?[0m?[0;34mjava.io.EOFException: null
?[0m?[0;34m	at org.apache.tomcat.util.net.NioEndpoint$NioSocketWrapper.fillReadBuffer(NioEndpoint.java:1290) ~[tomcat-embed-core-10.1.5.jar:10.1.5]
?[0m?[0;34m	at org.apache.tomcat.util.net.NioEndpoint$NioSocketWrapper.read(NioEndpoint.java:1177) ~[tomcat-embed-core-10.1.5.jar:10.1.5]
?[0m?[0;34m	at org.apache.coyote.http11.Http11InputBuffer.fill(Http11InputBuffer.java:805) ~[tomcat-embed-core-10.1.5.jar:10.1.5]
?[0m?[0;34m	at org.apache.coyote.http11.Http11InputBuffer.parseRequestLine(Http11InputBuffer.java:360) ~[tomcat-embed-core-10.1.5.jar:10.1.5]
?[0m?[0;34m	at org.apache.coyote.http11.Http11Processor.service(Http11Processor.java:272) ~[tomcat-embed-core-10.1.5.jar:10.1.5]
?[0m?[0;34m	at org.apache.coyote.AbstractProcessorLight.process(AbstractProcessorLight.java:65) ~[tomcat-embed-core-10.1.5.jar:10.1.5]
?[0m?[0;34m	at org.apache.coyote.AbstractProtocol$ConnectionHandler.process(AbstractProtocol.java:859) ~[tomcat-embed-core-10.1.5.jar:10.1.5]
?[0m?[0;34m	at org.apache.tomcat.util.net.NioEndpoint$SocketProcessor.doRun(NioEndpoint.java:1734) ~[tomcat-embed-core-10.1.5.jar:10.1.5]
?[0m?[0;34m	at org.apache.tomcat.util.net.SocketProcessorBase.run(SocketProcessorBase.java:52) ~[tomcat-embed-core-10.1.5.jar:10.1.5]
?[0m?[0;34m	at org.apache.tomcat.util.threads.ThreadPoolExecutor.runWorker(ThreadPoolExecutor.java:1191) ~[tomcat-embed-core-10.1.5.jar:10.1.5]
?[0m?[0;34m	at org.apache.tomcat.util.threads.ThreadPoolExecutor$Worker.run(ThreadPoolExecutor.java:659) ~[tomcat-embed-core-10.1.5.jar:10.1.5]
?[0m?[0;34m	at org.apache.tomcat.util.threads.TaskThread$WrappingRunnable.run(TaskThread.java:61) ~[tomcat-embed-core-10.1.5.jar:10.1.5]
?[0m?[0;34m	at java.base/java.lang.Thread.run(Thread.java:840) ~[na:na]
?[0m?[0;34m
?[0m?[0;34m2024-07-18T17:39:17.502-04:00 DEBUG 93785 --- [io-28852-exec-4] o.apache.coyote.http11.Http11Processor   : Error state [CLOSE_CONNECTION_NOW] reported while processing request
?[0m?[0;34m
?[0m?[0;34mjava.io.EOFException: null
?[0m?[0;34m	at org.apache.tomcat.util.net.NioEndpoint$NioSocketWrapper.fillReadBuffer(NioEndpoint.java:1290) ~[tomcat-embed-core-10.1.5.jar:10.1.5]
?[0m?[0;34m	at org.apache.tomcat.util.net.NioEndpoint$NioSocketWrapper.read(NioEndpoint.java:1177) ~[tomcat-embed-core-10.1.5.jar:10.1.5]
?[0m?[0;34m	at org.apache.coyote.http11.Http11InputBuffer.fill(Http11InputBuffer.java:805) ~[tomcat-embed-core-10.1.5.jar:10.1.5]
?[0m?[0;34m	at org.apache.coyote.http11.Http11InputBuffer.parseRequestLine(Http11InputBuffer.java:360) ~[tomcat-embed-core-10.1.5.jar:10.1.5]
?[0m?[0;34m	at org.apache.coyote.http11.Http11Processor.service(Http11Processor.java:272) ~[tomcat-embed-core-10.1.5.jar:10.1.5]
?[0m?[0;34m	at org.apache.coyote.AbstractProcessorLight.process(AbstractProcessorLight.java:65) ~[tomcat-embed-core-10.1.5.jar:10.1.5]
?[0m?[0;34m	at org.apache.coyote.AbstractProtocol$ConnectionHandler.process(AbstractProtocol.java:859) ~[tomcat-embed-core-10.1.5.jar:10.1.5]
?[0m?[0;34m	at org.apache.tomcat.util.net.NioEndpoint$SocketProcessor.doRun(NioEndpoint.java:1734) ~[tomcat-embed-core-10.1.5.jar:10.1.5]
?[0m?[0;34m	at org.apache.tomcat.util.net.SocketProcessorBase.run(SocketProcessorBase.java:52) ~[tomcat-embed-core-10.1.5.jar:10.1.5]
?[0m?[0;34m	at org.apache.tomcat.util.threads.ThreadPoolExecutor.runWorker(ThreadPoolExecutor.java:1191) ~[tomcat-embed-core-10.1.5.jar:10.1.5]
?[0m?[0;34m	at org.apache.tomcat.util.threads.ThreadPoolExecutor$Worker.run(ThreadPoolExecutor.java:659) ~[tomcat-embed-core-10.1.5.jar:10.1.5]
?[0m?[0;34m	at org.apache.tomcat.util.threads.TaskThread$WrappingRunnable.run(TaskThread.java:61) ~[tomcat-embed-core-10.1.5.jar:10.1.5]
?[0m?[0;34m	at java.base/java.lang.Thread.run(Thread.java:840) ~[na:na]
?[0m?[0;34m
?[0m?[0;34m2024-07-18T17:39:17.503-04:00 DEBUG 93785 --- [io-28852-exec-4] o.apache.coyote.http11.Http11Processor   : Socket: [org.apache.tomcat.util.net.NioEndpoint$NioSocketWrapper@f0d9f49:org.apache.tomcat.util.net.NioChannel@1ca70d8:java.nio.channels.SocketChannel[connected local=localhost/127.0.0.1:28852 remote=/127.0.0.1:62449]], Status in: [OPEN_READ], State out: [CLOSED]
?[0m?[0;34m2024-07-18T17:39:17.503-04:00 DEBUG 93785 --- [io-28852-exec-4] o.apache.tomcat.util.threads.LimitLatch  : Counting down[http-nio-28852-exec-4] latch=1
?[0m?[0;34m2024-07-18T17:39:17.503-04:00 DEBUG 93785 --- [io-28852-exec-4] org.apache.tomcat.util.net.NioEndpoint   : Calling [org.apache.tomcat.util.net.NioEndpoint@6adae3fa].closeSocket([org.apache.tomcat.util.net.NioEndpoint$NioSocketWrapper@f0d9f49:org.apache.tomcat.util.net.NioChannel@1ca70d8:java.nio.channels.SocketChannel[connected local=localhost/127.0.0.1:28852 remote=/127.0.0.1:62449]])
?[0m?[1;31m
Start test 4?[0m
?[0;34mTest case
?[0m?[0;34mTesting api: '/api/auth/list'
?[0m?[0;34mExpectations: 'Endpoint must respond with HTTP OK status (200) and body with array of objects representing the users sorted by ID in ascending order.'
?[0m?[0;34m-----
?[0m?[0;34m2024-07-18T17:39:17.517-04:00 DEBUG 93785 --- [    Test worker] o.a.h.client.protocol.RequestAddCookies  : CookieSpec selected: default
?[0m?[0;34m2024-07-18T17:39:17.517-04:00 DEBUG 93785 --- [    Test worker] o.a.h.client.protocol.RequestAuthCache   : Auth cache not set in the context
?[0m?[0;34m2024-07-18T17:39:17.517-04:00 DEBUG 93785 --- [    Test worker] h.i.c.PoolingHttpClientConnectionManager : Connection request: [route: {}->http://localhost:28852][total available: 0; route allocated: 0 of 2; total allocated: 0 of 20]
?[0m?[0;34m2024-07-18T17:39:17.517-04:00 DEBUG 93785 --- [    Test worker] h.i.c.PoolingHttpClientConnectionManager : Connection leased: [id: 3][route: {}->http://localhost:28852][total available: 0; route allocated: 1 of 2; total allocated: 1 of 20]
?[0m?[0;34m2024-07-18T17:39:17.517-04:00 DEBUG 93785 --- [    Test worker] o.a.http.impl.execchain.MainClientExec   : Opening connection {}->http://localhost:28852
?[0m?[0;34m2024-07-18T17:39:17.518-04:00 DEBUG 93785 --- [    Test worker] .i.c.DefaultHttpClientConnectionOperator : Connecting to localhost/127.0.0.1:28852
?[0m?[0;34m2024-07-18T17:39:17.518-04:00 DEBUG 93785 --- [    Test worker] .i.c.DefaultHttpClientConnectionOperator : Connection established 127.0.0.1:62451<->127.0.0.1:28852
?[0m?[0;34m2024-07-18T17:39:17.519-04:00 DEBUG 93785 --- [    Test worker] o.a.http.impl.execchain.MainClientExec   : Executing request GET /api/auth/list HTTP/1.1
?[0m?[0;34m2024-07-18T17:39:17.519-04:00 DEBUG 93785 --- [    Test worker] o.a.http.impl.execchain.MainClientExec   : Proxy auth state: UNCHALLENGED
?[0m?[0;34m2024-07-18T17:39:17.519-04:00 DEBUG 93785 --- [    Test worker] org.apache.http.headers                  : http-outgoing-3 >> GET /api/auth/list HTTP/1.1
?[0m?[0;34m2024-07-18T17:39:17.519-04:00 DEBUG 93785 --- [    Test worker] org.apache.http.headers                  : http-outgoing-3 >> Authorization: Basic am9obmRvZTE6b01vYTNWdnFuTHhX
?[0m?[0;34m2024-07-18T17:39:17.519-04:00 DEBUG 93785 --- [    Test worker] org.apache.http.headers                  : http-outgoing-3 >> Host: localhost:28852
?[0m?[0;34m2024-07-18T17:39:17.519-04:00 DEBUG 93785 --- [    Test worker] org.apache.http.headers                  : http-outgoing-3 >> Connection: Keep-Alive
?[0m?[0;34m2024-07-18T17:39:17.519-04:00 DEBUG 93785 --- [    Test worker] org.apache.http.headers                  : http-outgoing-3 >> User-Agent: Apache-HttpClient/4.5.14 (Java/17.0.11)
?[0m?[0;34m2024-07-18T17:39:17.519-04:00 DEBUG 93785 --- [    Test worker] org.apache.http.headers                  : http-outgoing-3 >> Accept-Encoding: gzip,deflate
?[0m?[0;34m2024-07-18T17:39:17.519-04:00 DEBUG 93785 --- [    Test worker] org.apache.http.wire                     : http-outgoing-3 >> "GET /api/auth/list HTTP/1.1[\r][\n]"
?[0m?[0;34m2024-07-18T17:39:17.519-04:00 DEBUG 93785 --- [    Test worker] org.apache.http.wire                     : http-outgoing-3 >> "Authorization: Basic am9obmRvZTE6b01vYTNWdnFuTHhX[\r][\n]"
?[0m?[0;34m2024-07-18T17:39:17.519-04:00 DEBUG 93785 --- [    Test worker] org.apache.http.wire                     : http-outgoing-3 >> "Host: localhost:28852[\r][\n]"
?[0m?[0;34m2024-07-18T17:39:17.519-04:00 DEBUG 93785 --- [    Test worker] org.apache.http.wire                     : http-outgoing-3 >> "Connection: Keep-Alive[\r][\n]"
?[0m?[0;34m2024-07-18T17:39:17.519-04:00 DEBUG 93785 --- [    Test worker] org.apache.http.wire                     : http-outgoing-3 >> "User-Agent: Apache-HttpClient/4.5.14 (Java/17.0.11)[\r][\n]"
?[0m?[0;34m2024-07-18T17:39:17.519-04:00 DEBUG 93785 --- [    Test worker] org.apache.http.wire                     : http-outgoing-3 >> "Accept-Encoding: gzip,deflate[\r][\n]"
?[0m?[0;34m2024-07-18T17:39:17.519-04:00 DEBUG 93785 --- [    Test worker] org.apache.http.wire                     : http-outgoing-3 >> "[\r][\n]"
?[0m?[0;34m2024-07-18T17:39:17.519-04:00 DEBUG 93785 --- [-28852-Acceptor] o.apache.tomcat.util.threads.LimitLatch  : Counting up[http-nio-28852-Acceptor] latch=1
?[0;34m2024-07-18T17:39:17.520-04:00 DEBUG 93785 --- [io-28852-exec-5] o.a.coyote.http11.Http11InputBuffer      : Before fill(): parsingHeader: [true], parsingRequestLine: [true], parsingRequestLinePhase: [0], parsingRequestLineStart: [0], byteBuffer.position(): [0], byteBuffer.limit(): [0], end: [215]
?[0m?[0;34m2024-07-18T17:39:17.520-04:00 DEBUG 93785 --- [io-28852-exec-5] o.a.tomcat.util.net.SocketWrapperBase    : Socket: [org.apache.tomcat.util.net.NioEndpoint$NioSocketWrapper@7d3b55ce:org.apache.tomcat.util.net.NioChannel@73fca419:java.nio.channels.SocketChannel[connected local=localhost/127.0.0.1:28852 remote=/127.0.0.1:62451]], Read from buffer: [0]
?[0m?[0;34m2024-07-18T17:39:17.520-04:00 DEBUG 93785 --- [io-28852-exec-5] org.apache.tomcat.util.net.NioEndpoint   : Socket: [org.apache.tomcat.util.net.NioEndpoint$NioSocketWrapper@7d3b55ce:org.apache.tomcat.util.net.NioChannel@73fca419:java.nio.channels.SocketChannel[connected local=localhost/127.0.0.1:28852 remote=/127.0.0.1:62451]], Read direct from socket: [213]
?[0m?[0;34m2024-07-18T17:39:17.520-04:00 DEBUG 93785 --- [io-28852-exec-5] o.a.coyote.http11.Http11InputBuffer      : Received [GET /api/auth/list HTTP/1.1
?[0m?[0;34mAuthorization: Basic am9obmRvZTE6b01vYTNWdnFuTHhX
?[0m?[0;34mHost: localhost:28852
?[0m?[0;34mConnection: Keep-Alive
?[0m?[0;34mUser-Agent: Apache-HttpClient/4.5.14 (Java/17.0.11)
?[0m?[0;34mAccept-Encoding: gzip,deflate
?[0m?[0;34m
?[0m?[0;34m]
?[0m?[0;34m2024-07-18T17:39:17.521-04:00 DEBUG 93785 --- [io-28852-exec-5] o.a.c.authenticator.AuthenticatorBase    : Security checking request GET /api/auth/list
?[0m?[0;34m2024-07-18T17:39:17.521-04:00 DEBUG 93785 --- [io-28852-exec-5] org.apache.catalina.realm.RealmBase      :   No applicable constraints defined
?[0m?[0;34m2024-07-18T17:39:17.521-04:00 DEBUG 93785 --- [io-28852-exec-5] o.a.c.authenticator.AuthenticatorBase    : Not subject to any constraint
?[0m?[0;34m2024-07-18T17:39:17.522-04:00 DEBUG 93785 --- [io-28852-exec-5] o.s.security.web.FilterChainProxy        : Securing GET /api/auth/list
?[0m?[0;34m2024-07-18T17:39:17.626-04:00 DEBUG 93785 --- [io-28852-exec-5] tor$SharedEntityManagerInvocationHandler : Creating new EntityManager for shared EntityManager invocation
?[0m?[0;34m2024-07-18T17:39:17.652-04:00 DEBUG 93785 --- [io-28852-exec-5] org.hibernate.orm.sql.ast.create         : Created new SQL alias : u1_0
?[0m?[0;34m2024-07-18T17:39:17.652-04:00 DEBUG 93785 --- [io-28852-exec-5] org.hibernate.orm.sql.ast.create         : Registration of TableGroup [StandardTableGroup(antifraud.model.User(214991696174674))] with identifierForTableGroup [antifraud.model.User] for NavigablePath [antifraud.model.User] 
?[0m?[0;34m2024-07-18T17:39:17.652-04:00 DEBUG 93785 --- [io-28852-exec-5] o.h.q.sqm.sql.BaseSqmToSqlAstConverter   : Determining mapping-model type for SqmParameter : org.hibernate.query.sqm.tree.expression.SqmJpaCriteriaParameterWrapper@6be66a3a
?[0m?[0;34m2024-07-18T17:39:17.653-04:00 DEBUG 93785 --- [io-28852-exec-5] org.hibernate.orm.results.graph.AST      : DomainResult Graph:
?[0m?[0;34m \-EntityResultImpl [antifraud.model.User(214991696174674)]
?[0m?[0;34m |  +-BasicFetch [antifraud.model.User(214991696174674).name]
?[0m?[0;34m |  +-BasicFetch [antifraud.model.User(214991696174674).password]
?[0m?[0;34m |  \-BasicFetch [antifraud.model.User(214991696174674).username]
?[0m?[0;34m
?[0m?[0;34m2024-07-18T17:39:17.653-04:00 DEBUG 93785 --- [io-28852-exec-5] org.hibernate.orm.sql.ast.tree           : SQL AST Tree:
?[0m?[0;34m    SelectStatement {
?[0m?[0;34m      FromClause {
?[0m?[0;34m        StandardTableGroup (u1 : antifraud.model.User(214991696174674)) {
?[0m?[0;34m          primaryTableReference : app_user as u1_0
?[0m?[0;34m        }
?[0m?[0;34m      }
?[0m?[0;34m    }
?[0m?[0;34m
?[0m?[0;34m2024-07-18T17:39:17.653-04:00 DEBUG 93785 --- [io-28852-exec-5] org.hibernate.orm.sql.exec               : Skipping reading Query result cache data: cache-enabled = false, cache-mode = NORMAL
?[0m?[0;34m2024-07-18T17:39:17.653-04:00 DEBUG 93785 --- [io-28852-exec-5] org.hibernate.orm.results                : Initializer list
?[0m?[0;34m2024-07-18T17:39:17.653-04:00 DEBUG 93785 --- [io-28852-exec-5] org.hibernate.orm.results                :     antifraud.model.User(214991696174674) -> EntityResultInitializer(antifraud.model.User(214991696174674))@312982483 (SingleTableEntityPersister(antifraud.model.User))
?[0m?[0;34m2024-07-18T17:39:17.654-04:00 DEBUG 93785 --- [io-28852-exec-5] org.hibernate.SQL                        : select u1_0.id,u1_0.name,u1_0.password,u1_0.username from app_user u1_0 where upper(u1_0.username)=upper(?)
?[0m?[0;34m2024-07-18T17:39:17.658-04:00 DEBUG 93785 --- [io-28852-exec-5] org.hibernate.orm.results                : Extracted JDBC value [0] - [1]
?[0m?[0;34m2024-07-18T17:39:17.659-04:00 DEBUG 93785 --- [io-28852-exec-5] o.hibernate.orm.results.loading.entity   : (EntityResultInitializer) Hydrated EntityKey (antifraud.model.User(214991696174674)): 1
?[0m?[0;34m2024-07-18T17:39:17.661-04:00 DEBUG 93785 --- [io-28852-exec-5] o.hibernate.orm.results.loading.entity   : (EntityResultInitializer) Created new entity instance [antifraud.model.User(214991696174674)#1] : antifraud.model.User@313f49be
?[0m?[0;34m2024-07-18T17:39:17.661-04:00 DEBUG 93785 --- [io-28852-exec-5] org.hibernate.orm.results                : Extracted JDBC value [1] - [John Doe 1]
?[0m?[0;34m2024-07-18T17:39:17.661-04:00 DEBUG 93785 --- [io-28852-exec-5] org.hibernate.orm.results                : Extracted JDBC value [2] - [$2a$10$hnZ1JsgV1lXNrqzvEy4Q3eg1l13RhiZ3889ddJlK9mpsHVO3CWfEm]
?[0m?[0;34m2024-07-18T17:39:17.661-04:00 DEBUG 93785 --- [io-28852-exec-5] org.hibernate.orm.results                : Extracted JDBC value [3] - [johndoe1]
?[0m?[0;34m2024-07-18T17:39:17.662-04:00 DEBUG 93785 --- [io-28852-exec-5] o.hibernate.orm.results.loading.entity   : (EntityResultInitializer) Done materializing entityInstance : antifraud.model.User(214991696174674)#1
?[0m?[0;34m2024-07-18T17:39:17.662-04:00 DEBUG 93785 --- [io-28852-exec-5] org.hibernate.orm.results.loading        : Calling top-level assembler (0 / 1) : org.hibernate.sql.results.graph.entity.internal.EntityAssembler@ce1d4f
?[0m?[0;34m2024-07-18T17:39:17.663-04:00 DEBUG 93785 --- [io-28852-exec-5] o.hibernate.orm.results.loading.entity   : (EntityResultInitializer) Found existing loading entry [antifraud.model.User(214991696174674)#1] - using loading instance
?[0m?[0;34m2024-07-18T17:39:17.745-04:00 DEBUG 93785 --- [io-28852-exec-5] o.s.s.a.dao.DaoAuthenticationProvider    : Authenticated user
?[0m?[0;34m2024-07-18T17:39:17.746-04:00 DEBUG 93785 --- [io-28852-exec-5] o.s.s.w.a.www.BasicAuthenticationFilter  : Set SecurityContextHolder to UsernamePasswordAuthenticationToken [Principal=org.springframework.security.core.userdetails.User [Username=johndoe1, Password=[PROTECTED], Enabled=true, AccountNonExpired=true, credentialsNonExpired=true, AccountNonLocked=true, Granted Authorities=[USER]], Credentials=[PROTECTED], Authenticated=true, Details=WebAuthenticationDetails [RemoteIpAddress=127.0.0.1, SessionId=null], Granted Authorities=[USER]]
?[0m?[0;34m2024-07-18T17:39:17.747-04:00 DEBUG 93785 --- [io-28852-exec-5] org.apache.tomcat.util.http.Parameters   : Set encoding to UTF-8
?[0m?[0;34m2024-07-18T17:39:17.764-04:00 DEBUG 93785 --- [io-28852-exec-5] w.c.HttpSessionSecurityContextRepository : Created HttpSession as SecurityContext is non-default
?[0m?[0;34m2024-07-18T17:39:17.765-04:00 DEBUG 93785 --- [io-28852-exec-5] w.c.HttpSessionSecurityContextRepository : Stored SecurityContextImpl [Authentication=UsernamePasswordAuthenticationToken [Principal=org.springframework.security.core.userdetails.User [Username=johndoe1, Password=[PROTECTED], Enabled=true, AccountNonExpired=true, credentialsNonExpired=true, AccountNonLocked=true, Granted Authorities=[USER]], Credentials=[PROTECTED], Authenticated=true, Details=WebAuthenticationDetails [RemoteIpAddress=127.0.0.1, SessionId=null], Granted Authorities=[USER]]] to HttpSession [org.apache.catalina.session.StandardSessionFacade@44f9be38]
?[0m?[0;34m2024-07-18T17:39:17.766-04:00 DEBUG 93785 --- [io-28852-exec-5] s.w.s.m.m.a.RequestMappingHandlerMapping : Mapped to antifraud.controller.AuthController#listUsers()
?[0m?[0;34m2024-07-18T17:39:17.766-04:00 DEBUG 93785 --- [io-28852-exec-5] o.s.s.w.a.i.FilterSecurityInterceptor    : Authorized filter invocation [GET /api/auth/list] with attributes [permitAll]
?[0m?[0;34m2024-07-18T17:39:17.767-04:00 DEBUG 93785 --- [io-28852-exec-5] o.s.security.web.FilterChainProxy        : Secured GET /api/auth/list
?[0m?[0;34m2024-07-18T17:39:17.767-04:00 DEBUG 93785 --- [io-28852-exec-5] o.s.web.servlet.DispatcherServlet        : GET "/api/auth/list", parameters={}
?[0m?[0;34m2024-07-18T17:39:17.768-04:00 DEBUG 93785 --- [io-28852-exec-5] s.w.s.m.m.a.RequestMappingHandlerMapping : Mapped to antifraud.controller.AuthController#listUsers()
?[0m?[0;34m2024-07-18T17:39:17.768-04:00 DEBUG 93785 --- [io-28852-exec-5] o.j.s.OpenEntityManagerInViewInterceptor : Opening JPA EntityManager in OpenEntityManagerInViewInterceptor
?[0m?[0;34m2024-07-18T17:39:17.770-04:00 DEBUG 93785 --- [io-28852-exec-5] o.s.orm.jpa.JpaTransactionManager        : Found thread-bound EntityManager [SessionImpl(571789427<open>)] for JPA transaction
?[0m?[0;34m2024-07-18T17:39:17.770-04:00 DEBUG 93785 --- [io-28852-exec-5] o.s.orm.jpa.JpaTransactionManager        : Creating new transaction with name [org.springframework.data.jpa.repository.support.SimpleJpaRepository.findAll]: PROPAGATION_REQUIRED,ISOLATION_DEFAULT,readOnly
?[0m?[0;34m2024-07-18T17:39:17.775-04:00 DEBUG 93785 --- [io-28852-exec-5] o.s.jdbc.datasource.DataSourceUtils      : Setting JDBC Connection [HikariProxyConnection@1329205433 wrapping conn0: url=jdbc:h2:mem:testdb user=SA] read-only
?[0m?[0;34m2024-07-18T17:39:17.775-04:00 DEBUG 93785 --- [io-28852-exec-5] o.h.e.t.internal.TransactionImpl         : On TransactionImpl creation, JpaCompliance#isJpaTransactionComplianceEnabled == false
?[0m?[0;34m2024-07-18T17:39:17.777-04:00 DEBUG 93785 --- [io-28852-exec-5] o.h.e.t.internal.TransactionImpl         : begin
?[0m?[0;34m2024-07-18T17:39:17.778-04:00 DEBUG 93785 --- [io-28852-exec-5] o.s.orm.jpa.JpaTransactionManager        : Exposing JPA transaction as JDBC [org.springframework.orm.jpa.vendor.HibernateJpaDialect$HibernateConnectionHandle@c208b01]
?[0m?[0;34m2024-07-18T17:39:17.781-04:00 DEBUG 93785 --- [io-28852-exec-5] org.hibernate.orm.sql.ast.create         : Created new SQL alias : u1_0
?[0m?[0;34m2024-07-18T17:39:17.781-04:00 DEBUG 93785 --- [io-28852-exec-5] org.hibernate.orm.sql.ast.create         : Registration of TableGroup [StandardTableGroup(antifraud.model.User(214994357141625))] with identifierForTableGroup [antifraud.model.User] for NavigablePath [antifraud.model.User] 
?[0m?[0;34m2024-07-18T17:39:17.782-04:00 DEBUG 93785 --- [io-28852-exec-5] org.hibernate.orm.results.graph.AST      : DomainResult Graph:
?[0m?[0;34m \-EntityResultImpl [antifraud.model.User(214994357141625)]
?[0m?[0;34m |  +-BasicFetch [antifraud.model.User(214994357141625).name]
?[0m?[0;34m |  +-BasicFetch [antifraud.model.User(214994357141625).password]
?[0m?[0;34m |  \-BasicFetch [antifraud.model.User(214994357141625).username]
?[0m?[0;34m
?[0m?[0;34m2024-07-18T17:39:17.782-04:00 DEBUG 93785 --- [io-28852-exec-5] org.hibernate.orm.sql.ast.tree           : SQL AST Tree:
?[0m?[0;34m    SelectStatement {
?[0m?[0;34m      FromClause {
?[0m?[0;34m        StandardTableGroup (u1 : antifraud.model.User(214994357141625)) {
?[0m?[0;34m          primaryTableReference : app_user as u1_0
?[0m?[0;34m        }
?[0m?[0;34m      }
?[0m?[0;34m    }
?[0m?[0;34m
?[0m?[0;34m2024-07-18T17:39:17.785-04:00 DEBUG 93785 --- [io-28852-exec-5] org.hibernate.orm.sql.exec               : Skipping reading Query result cache data: cache-enabled = false, cache-mode = NORMAL
?[0m?[0;34m2024-07-18T17:39:17.785-04:00 DEBUG 93785 --- [io-28852-exec-5] org.hibernate.orm.results                : Initializer list
?[0m?[0;34m2024-07-18T17:39:17.785-04:00 DEBUG 93785 --- [io-28852-exec-5] org.hibernate.orm.results                :     antifraud.model.User(214994357141625) -> EntityResultInitializer(antifraud.model.User(214994357141625))@1368947490 (SingleTableEntityPersister(antifraud.model.User))
?[0m?[0;34m2024-07-18T17:39:17.785-04:00 DEBUG 93785 --- [io-28852-exec-5] org.hibernate.SQL                        : select u1_0.id,u1_0.name,u1_0.password,u1_0.username from app_user u1_0
?[0m?[0;34m2024-07-18T17:39:17.786-04:00 DEBUG 93785 --- [io-28852-exec-5] org.hibernate.orm.results                : Extracted JDBC value [0] - [1]
?[0m?[0;34m2024-07-18T17:39:17.786-04:00 DEBUG 93785 --- [io-28852-exec-5] o.hibernate.orm.results.loading.entity   : (EntityResultInitializer) Hydrated EntityKey (antifraud.model.User(214994357141625)): 1
?[0m?[0;34m2024-07-18T17:39:17.786-04:00 DEBUG 93785 --- [io-28852-exec-5] o.hibernate.orm.results.loading.entity   : (EntityResultInitializer) Created new entity instance [antifraud.model.User(214994357141625)#1] : antifraud.model.User@39af8045
?[0m?[0;34m2024-07-18T17:39:17.786-04:00 DEBUG 93785 --- [io-28852-exec-5] org.hibernate.orm.results                : Extracted JDBC value [1] - [John Doe 1]
?[0m?[0;34m2024-07-18T17:39:17.787-04:00 DEBUG 93785 --- [io-28852-exec-5] org.hibernate.orm.results                : Extracted JDBC value [2] - [$2a$10$hnZ1JsgV1lXNrqzvEy4Q3eg1l13RhiZ3889ddJlK9mpsHVO3CWfEm]
?[0m?[0;34m2024-07-18T17:39:17.787-04:00 DEBUG 93785 --- [io-28852-exec-5] org.hibernate.orm.results                : Extracted JDBC value [3] - [johndoe1]
?[0m?[0;34m2024-07-18T17:39:17.787-04:00 DEBUG 93785 --- [io-28852-exec-5] o.hibernate.orm.results.loading.entity   : (EntityResultInitializer) Done materializing entityInstance : antifraud.model.User(214994357141625)#1
?[0m?[0;34m2024-07-18T17:39:17.787-04:00 DEBUG 93785 --- [io-28852-exec-5] org.hibernate.orm.results.loading        : Calling top-level assembler (0 / 1) : org.hibernate.sql.results.graph.entity.internal.EntityAssembler@2b7cad39
?[0m?[0;34m2024-07-18T17:39:17.788-04:00 DEBUG 93785 --- [io-28852-exec-5] o.hibernate.orm.results.loading.entity   : (EntityResultInitializer) Found existing loading entry [antifraud.model.User(214994357141625)#1] - using loading instance
?[0m?[0;34m2024-07-18T17:39:17.789-04:00 DEBUG 93785 --- [io-28852-exec-5] o.s.orm.jpa.JpaTransactionManager        : Initiating transaction commit
?[0m?[0;34m2024-07-18T17:39:17.789-04:00 DEBUG 93785 --- [io-28852-exec-5] o.s.orm.jpa.JpaTransactionManager        : Committing JPA transaction on EntityManager [SessionImpl(571789427<open>)]
?[0m?[0;34m2024-07-18T17:39:17.789-04:00 DEBUG 93785 --- [io-28852-exec-5] o.h.e.t.internal.TransactionImpl         : committing
?[0m?[0;34m2024-07-18T17:39:17.790-04:00 DEBUG 93785 --- [io-28852-exec-5] o.s.jdbc.datasource.DataSourceUtils      : Resetting read-only flag of JDBC Connection [HikariProxyConnection@1329205433 wrapping conn0: url=jdbc:h2:mem:testdb user=SA]
?[0m?[0;34m2024-07-18T17:39:17.790-04:00 DEBUG 93785 --- [io-28852-exec-5] o.s.orm.jpa.JpaTransactionManager        : Not closing pre-bound JPA EntityManager after transaction
?[0m?[0;34mUser: John Doe 1 - johndoe1
?[0m?[0;34m2024-07-18T17:39:17.794-04:00 DEBUG 93785 --- [io-28852-exec-5] o.s.w.s.m.m.a.HttpEntityMethodProcessor  : Using 'application/json', given [*/*] and supported [application/json, application/*+json]
?[0m?[0;34m2024-07-18T17:39:17.794-04:00 DEBUG 93785 --- [io-28852-exec-5] o.s.w.s.m.m.a.HttpEntityMethodProcessor  : Writing [[antifraud.model.UserDTO@45b019cc]]
?[0m?[0;34m2024-07-18T17:39:17.796-04:00 DEBUG 93785 --- [    Test worker] org.apache.http.wire                     : http-outgoing-3 << "HTTP/1.1 200 [\r][\n]"
?[0m?[0;34m2024-07-18T17:39:17.796-04:00 DEBUG 93785 --- [    Test worker] org.apache.http.wire                     : http-outgoing-3 << "Set-Cookie: JSESSIONID=80F4E8BFDC0EDD2C72EB3C57BABA90B2; Path=/; HttpOnly[\r][\n]"
?[0m?[0;34m2024-07-18T17:39:17.796-04:00 DEBUG 93785 --- [    Test worker] org.apache.http.wire                     : http-outgoing-3 << "X-Content-Type-Options: nosniff[\r][\n]"
?[0m?[0;34m2024-07-18T17:39:17.796-04:00 DEBUG 93785 --- [    Test worker] org.apache.http.wire                     : http-outgoing-3 << "X-XSS-Protection: 0[\r][\n]"
?[0m?[0;34m2024-07-18T17:39:17.796-04:00 DEBUG 93785 --- [    Test worker] org.apache.http.wire                     : http-outgoing-3 << "Cache-Control: no-cache, no-store, max-age=0, must-revalidate[\r][\n]"
?[0m?[0;34m2024-07-18T17:39:17.796-04:00 DEBUG 93785 --- [    Test worker] org.apache.http.wire                     : http-outgoing-3 << "Pragma: no-cache[\r][\n]"
?[0m?[0;34m2024-07-18T17:39:17.796-04:00 DEBUG 93785 --- [    Test worker] org.apache.http.wire                     : http-outgoing-3 << "Expires: 0[\r][\n]"
?[0m?[0;34m2024-07-18T17:39:17.796-04:00 DEBUG 93785 --- [    Test worker] org.apache.http.wire                     : http-outgoing-3 << "Content-Type: application/json[\r][\n]"
?[0m?[0;34m2024-07-18T17:39:17.796-04:00 DEBUG 93785 --- [    Test worker] org.apache.http.wire                     : http-outgoing-3 << "Transfer-Encoding: chunked[\r][\n]"
?[0m?[0;34m2024-07-18T17:39:17.797-04:00 DEBUG 93785 --- [    Test worker] org.apache.http.wire                     : http-outgoing-3 << "Date: Thu, 18 Jul 2024 21:39:17 GMT[\r][\n]"
?[0m?[0;34m2024-07-18T17:39:17.797-04:00 DEBUG 93785 --- [    Test worker] org.apache.http.wire                     : http-outgoing-3 << "Keep-Alive: timeout=60[\r][\n]"
?[0m?[0;34m2024-07-18T17:39:17.797-04:00 DEBUG 93785 --- [    Test worker] org.apache.http.wire                     : http-outgoing-3 << "Connection: keep-alive[\r][\n]"
?[0m?[0;34m2024-07-18T17:39:17.797-04:00 DEBUG 93785 --- [    Test worker] org.apache.http.wire                     : http-outgoing-3 << "[\r][\n]"
?[0m?[0;34m2024-07-18T17:39:17.797-04:00 DEBUG 93785 --- [    Test worker] org.apache.http.wire                     : http-outgoing-3 << "46[\r][\n]"
?[0m?[0;34m2024-07-18T17:39:17.797-04:00 DEBUG 93785 --- [    Test worker] org.apache.http.wire                     : http-outgoing-3 << "[ {[\n]"
?[0m?[0;34m2024-07-18T17:39:17.797-04:00 DEBUG 93785 --- [    Test worker] org.apache.http.wire                     : http-outgoing-3 << "  "name" : "John Doe 1",[\n]"
?[0m?[0;34m2024-07-18T17:39:17.797-04:00 DEBUG 93785 --- [    Test worker] org.apache.http.wire                     : http-outgoing-3 << "  "username" : "johndoe1",[\n]"
?[0m?[0;34m2024-07-18T17:39:17.797-04:00 DEBUG 93785 --- [    Test worker] org.apache.http.wire                     : http-outgoing-3 << "  "id" : 1[\n]"
?[0m?[0;34m2024-07-18T17:39:17.797-04:00 DEBUG 93785 --- [    Test worker] org.apache.http.wire                     : http-outgoing-3 << "} ][\r][\n]"
?[0m?[0;34m2024-07-18T17:39:17.797-04:00 DEBUG 93785 --- [    Test worker] org.apache.http.headers                  : http-outgoing-3 << HTTP/1.1 200 
?[0m?[0;34m2024-07-18T17:39:17.797-04:00 DEBUG 93785 --- [    Test worker] org.apache.http.headers                  : http-outgoing-3 << Set-Cookie: JSESSIONID=80F4E8BFDC0EDD2C72EB3C57BABA90B2; Path=/; HttpOnly
?[0m?[0;34m2024-07-18T17:39:17.797-04:00 DEBUG 93785 --- [    Test worker] org.apache.http.headers                  : http-outgoing-3 << X-Content-Type-Options: nosniff
?[0m?[0;34m2024-07-18T17:39:17.797-04:00 DEBUG 93785 --- [    Test worker] org.apache.http.headers                  : http-outgoing-3 << X-XSS-Protection: 0
?[0m?[0;34m2024-07-18T17:39:17.797-04:00 DEBUG 93785 --- [    Test worker] org.apache.http.headers                  : http-outgoing-3 << Cache-Control: no-cache, no-store, max-age=0, must-revalidate
?[0m?[0;34m2024-07-18T17:39:17.797-04:00 DEBUG 93785 --- [    Test worker] org.apache.http.headers                  : http-outgoing-3 << Pragma: no-cache
?[0m?[0;34m2024-07-18T17:39:17.797-04:00 DEBUG 93785 --- [    Test worker] org.apache.http.headers                  : http-outgoing-3 << Expires: 0
?[0m?[0;34m2024-07-18T17:39:17.797-04:00 DEBUG 93785 --- [    Test worker] org.apache.http.headers                  : http-outgoing-3 << Content-Type: application/json
?[0m?[0;34m2024-07-18T17:39:17.797-04:00 DEBUG 93785 --- [    Test worker] org.apache.http.headers                  : http-outgoing-3 << Transfer-Encoding: chunked
?[0m?[0;34m2024-07-18T17:39:17.797-04:00 DEBUG 93785 --- [    Test worker] org.apache.http.headers                  : http-outgoing-3 << Date: Thu, 18 Jul 2024 21:39:17 GMT
?[0m?[0;34m2024-07-18T17:39:17.797-04:00 DEBUG 93785 --- [    Test worker] org.apache.http.headers                  : http-outgoing-3 << Keep-Alive: timeout=60
?[0m?[0;34m2024-07-18T17:39:17.797-04:00 DEBUG 93785 --- [    Test worker] org.apache.http.headers                  : http-outgoing-3 << Connection: keep-alive
?[0m?[0;34m2024-07-18T17:39:17.798-04:00 DEBUG 93785 --- [    Test worker] o.a.http.impl.execchain.MainClientExec   : Connection can be kept alive for 60000 MILLISECONDS
?[0m?[0;34m2024-07-18T17:39:17.800-04:00 DEBUG 93785 --- [    Test worker] o.a.h.c.protocol.ResponseProcessCookies  : Cookie accepted [JSESSIONID="80F4E8BFDC0EDD2C72EB3C57BABA90B2", version:0, domain:localhost, path:/, expiry:null]
?[0m?[0;34m2024-07-18T17:39:17.800-04:00 DEBUG 93785 --- [io-28852-exec-5] o.j.s.OpenEntityManagerInViewInterceptor : Closing JPA EntityManager in OpenEntityManagerInViewInterceptor
?[0m?[0;34m2024-07-18T17:39:17.800-04:00 DEBUG 93785 --- [io-28852-exec-5] o.s.web.servlet.DispatcherServlet        : Completed 200 OK
?[0m?[0;34m2024-07-18T17:39:17.802-04:00 DEBUG 93785 --- [    Test worker] org.apache.http.wire                     : http-outgoing-3 << "0[\r][\n]"
?[0m?[0;34m2024-07-18T17:39:17.802-04:00 DEBUG 93785 --- [    Test worker] org.apache.http.wire                     : http-outgoing-3 << "[\r][\n]"
?[0m?[0;34m2024-07-18T17:39:17.802-04:00 DEBUG 93785 --- [    Test worker] h.i.c.PoolingHttpClientConnectionManager : Connection [id: 3][route: {}->http://localhost:28852] can be kept alive for 60.0 seconds
?[0m?[0;34m2024-07-18T17:39:17.802-04:00 DEBUG 93785 --- [    Test worker] h.i.c.DefaultManagedHttpClientConnection : http-outgoing-3: set socket timeout to 0
?[0m?[0;34m2024-07-18T17:39:17.802-04:00 DEBUG 93785 --- [    Test worker] h.i.c.PoolingHttpClientConnectionManager : Connection released: [id: 3][route: {}->http://localhost:28852][total available: 1; route allocated: 1 of 2; total allocated: 1 of 20]
?[0m?[0;34m2024-07-18T17:39:17.802-04:00 DEBUG 93785 --- [    Test worker] o.a.http.impl.execchain.MainClientExec   : Cancelling request execution
?[0m?[0;34m2024-07-18T17:39:17.803-04:00 DEBUG 93785 --- [io-28852-exec-5] o.a.coyote.http11.Http11InputBuffer      : Before fill(): parsingHeader: [true], parsingRequestLine: [true], parsingRequestLinePhase: [0], parsingRequestLineStart: [0], byteBuffer.position(): [0], byteBuffer.limit(): [0], end: [213]
?[0m?[0;34m2024-07-18T17:39:17.803-04:00 DEBUG 93785 --- [io-28852-exec-5] o.a.tomcat.util.net.SocketWrapperBase    : Socket: [org.apache.tomcat.util.net.NioEndpoint$NioSocketWrapper@7d3b55ce:org.apache.tomcat.util.net.NioChannel@73fca419:java.nio.channels.SocketChannel[connected local=localhost/127.0.0.1:28852 remote=/127.0.0.1:62451]], Read from buffer: [0]
?[0m?[0;34m2024-07-18T17:39:17.803-04:00 DEBUG 93785 --- [io-28852-exec-5] org.apache.tomcat.util.net.NioEndpoint   : Socket: [org.apache.tomcat.util.net.NioEndpoint$NioSocketWrapper@7d3b55ce:org.apache.tomcat.util.net.NioChannel@73fca419:java.nio.channels.SocketChannel[connected local=localhost/127.0.0.1:28852 remote=/127.0.0.1:62451]], Read direct from socket: [0]
?[0m?[0;34m2024-07-18T17:39:17.804-04:00 DEBUG 93785 --- [io-28852-exec-5] o.a.coyote.http11.Http11InputBuffer      : Received []
?[0m?[1;31m
Start test 5?[0m
?[0m?[0;34m2024-07-18T17:39:17.805-04:00 DEBUG 93785 --- [io-28852-exec-5] o.apache.coyote.http11.Http11Processor   : Socket: [org.apache.tomcat.util.net.NioEndpoint$NioSocketWrapper@7d3b55ce:org.apache.tomcat.util.net.NioChannel@73fca419:java.nio.channels.SocketChannel[connected local=localhost/127.0.0.1:28852 remote=/127.0.0.1:62451]], Status in: [OPEN_READ], State out: [OPEN]
?[0;34mTest case
?[0m?[0;34mTesting api: '/api/auth/list'
?[0m?[0;34mExpectations: 'A user with incorrect credentials is not allowed'
?[0m?[0;34m-----
?[0m?[0;34m2024-07-18T17:39:17.806-04:00 DEBUG 93785 --- [    Test worker] o.a.h.client.protocol.RequestAddCookies  : CookieSpec selected: default
?[0m?[0;34m2024-07-18T17:39:17.806-04:00 DEBUG 93785 --- [    Test worker] o.a.h.client.protocol.RequestAuthCache   : Auth cache not set in the context
?[0m?[0;34m2024-07-18T17:39:17.806-04:00 DEBUG 93785 --- [    Test worker] h.i.c.PoolingHttpClientConnectionManager : Connection request: [route: {}->http://localhost:28852][total available: 0; route allocated: 0 of 2; total allocated: 0 of 20]
?[0m?[0;34m2024-07-18T17:39:17.806-04:00 DEBUG 93785 --- [    Test worker] h.i.c.PoolingHttpClientConnectionManager : Connection leased: [id: 4][route: {}->http://localhost:28852][total available: 0; route allocated: 1 of 2; total allocated: 1 of 20]
?[0m?[0;34m2024-07-18T17:39:17.806-04:00 DEBUG 93785 --- [    Test worker] o.a.http.impl.execchain.MainClientExec   : Opening connection {}->http://localhost:28852
?[0m?[0;34m2024-07-18T17:39:17.806-04:00 DEBUG 93785 --- [    Test worker] .i.c.DefaultHttpClientConnectionOperator : Connecting to localhost/127.0.0.1:28852
?[0m?[0;34m2024-07-18T17:39:17.807-04:00 DEBUG 93785 --- [    Test worker] .i.c.DefaultHttpClientConnectionOperator : Connection established 127.0.0.1:62452<->127.0.0.1:28852
?[0m?[0;34m2024-07-18T17:39:17.807-04:00 DEBUG 93785 --- [    Test worker] o.a.http.impl.execchain.MainClientExec   : Executing request GET /api/auth/list HTTP/1.1
?[0m?[0;34m2024-07-18T17:39:17.807-04:00 DEBUG 93785 --- [    Test worker] o.a.http.impl.execchain.MainClientExec   : Proxy auth state: UNCHALLENGED
?[0m?[0;34m2024-07-18T17:39:17.807-04:00 DEBUG 93785 --- [-28852-Acceptor] o.apache.tomcat.util.threads.LimitLatch  : Counting up[http-nio-28852-Acceptor] latch=2
?[0m?[0;34m2024-07-18T17:39:17.807-04:00 DEBUG 93785 --- [    Test worker] org.apache.http.headers                  : http-outgoing-4 >> GET /api/auth/list HTTP/1.1
?[0m?[0;34m2024-07-18T17:39:17.807-04:00 DEBUG 93785 --- [    Test worker] org.apache.http.headers                  : http-outgoing-4 >> Authorization: Basic am9obmRvZTE6b2EzVnZxbkx4Vw==
?[0m?[0;34m2024-07-18T17:39:17.807-04:00 DEBUG 93785 --- [    Test worker] org.apache.http.headers                  : http-outgoing-4 >> Host: localhost:28852
?[0m?[0;34m2024-07-18T17:39:17.807-04:00 DEBUG 93785 --- [    Test worker] org.apache.http.headers                  : http-outgoing-4 >> Connection: Keep-Alive
?[0m?[0;34m2024-07-18T17:39:17.807-04:00 DEBUG 93785 --- [    Test worker] org.apache.http.headers                  : http-outgoing-4 >> User-Agent: Apache-HttpClient/4.5.14 (Java/17.0.11)
?[0m?[0;34m2024-07-18T17:39:17.808-04:00 DEBUG 93785 --- [    Test worker] org.apache.http.headers                  : http-outgoing-4 >> Accept-Encoding: gzip,deflate
?[0m?[0;34m2024-07-18T17:39:17.808-04:00 DEBUG 93785 --- [    Test worker] org.apache.http.wire                     : http-outgoing-4 >> "GET /api/auth/list HTTP/1.1[\r][\n]"
?[0m?[0;34m2024-07-18T17:39:17.808-04:00 DEBUG 93785 --- [    Test worker] org.apache.http.wire                     : http-outgoing-4 >> "Authorization: Basic am9obmRvZTE6b2EzVnZxbkx4Vw==[\r][\n]"
?[0m?[0;34m2024-07-18T17:39:17.808-04:00 DEBUG 93785 --- [    Test worker] org.apache.http.wire                     : http-outgoing-4 >> "Host: localhost:28852[\r][\n]"
?[0m?[0;34m2024-07-18T17:39:17.808-04:00 DEBUG 93785 --- [    Test worker] org.apache.http.wire                     : http-outgoing-4 >> "Connection: Keep-Alive[\r][\n]"
?[0m?[0;34m2024-07-18T17:39:17.808-04:00 DEBUG 93785 --- [    Test worker] org.apache.http.wire                     : http-outgoing-4 >> "User-Agent: Apache-HttpClient/4.5.14 (Java/17.0.11)[\r][\n]"
?[0m?[0;34m2024-07-18T17:39:17.808-04:00 DEBUG 93785 --- [    Test worker] org.apache.http.wire                     : http-outgoing-4 >> "Accept-Encoding: gzip,deflate[\r][\n]"
?[0m?[0;34m2024-07-18T17:39:17.808-04:00 DEBUG 93785 --- [    Test worker] org.apache.http.wire                     : http-outgoing-4 >> "[\r][\n]"
?[0;34m2024-07-18T17:39:17.808-04:00 DEBUG 93785 --- [io-28852-exec-6] o.a.coyote.http11.Http11InputBuffer      : Before fill(): parsingHeader: [true], parsingRequestLine: [true], parsingRequestLinePhase: [0], parsingRequestLineStart: [0], byteBuffer.position(): [0], byteBuffer.limit(): [0], end: [0]
?[0m?[0;34m2024-07-18T17:39:17.809-04:00 DEBUG 93785 --- [io-28852-exec-6] o.a.tomcat.util.net.SocketWrapperBase    : Socket: [org.apache.tomcat.util.net.NioEndpoint$NioSocketWrapper@55edce9b:org.apache.tomcat.util.net.NioChannel@5b2a2a56:java.nio.channels.SocketChannel[connected local=localhost/127.0.0.1:28852 remote=/127.0.0.1:62452]], Read from buffer: [0]
?[0m?[0;34m2024-07-18T17:39:17.809-04:00 DEBUG 93785 --- [io-28852-exec-6] org.apache.tomcat.util.net.NioEndpoint   : Socket: [org.apache.tomcat.util.net.NioEndpoint$NioSocketWrapper@55edce9b:org.apache.tomcat.util.net.NioChannel@5b2a2a56:java.nio.channels.SocketChannel[connected local=localhost/127.0.0.1:28852 remote=/127.0.0.1:62452]], Read direct from socket: [213]
?[0m?[0;34m2024-07-18T17:39:17.809-04:00 DEBUG 93785 --- [io-28852-exec-6] o.a.coyote.http11.Http11InputBuffer      : Received [GET /api/auth/list HTTP/1.1
?[0m?[0;34mAuthorization: Basic am9obmRvZTE6b2EzVnZxbkx4Vw==
?[0m?[0;34mHost: localhost:28852
?[0m?[0;34mConnection: Keep-Alive
?[0m?[0;34mUser-Agent: Apache-HttpClient/4.5.14 (Java/17.0.11)
?[0m?[0;34mAccept-Encoding: gzip,deflate
?[0m?[0;34m
?[0m?[0;34m]
?[0m?[0;34m2024-07-18T17:39:17.810-04:00 DEBUG 93785 --- [io-28852-exec-6] org.apache.tomcat.util.http.Parameters   : Set query string encoding to UTF-8
?[0m?[0;34m2024-07-18T17:39:17.810-04:00 DEBUG 93785 --- [io-28852-exec-6] o.a.c.authenticator.AuthenticatorBase    : Security checking request GET /api/auth/list
?[0m?[0;34m2024-07-18T17:39:17.810-04:00 DEBUG 93785 --- [io-28852-exec-6] org.apache.catalina.realm.RealmBase      :   No applicable constraints defined
?[0m?[0;34m2024-07-18T17:39:17.811-04:00 DEBUG 93785 --- [io-28852-exec-6] o.a.c.authenticator.AuthenticatorBase    : Not subject to any constraint
?[0m?[0;34m2024-07-18T17:39:17.811-04:00 DEBUG 93785 --- [io-28852-exec-6] o.s.security.web.FilterChainProxy        : Securing GET /api/auth/list
?[0m?[0;34m2024-07-18T17:39:17.812-04:00 DEBUG 93785 --- [io-28852-exec-5] org.apache.tomcat.util.net.NioEndpoint   : Registered read interest for [org.apache.tomcat.util.net.NioEndpoint$NioSocketWrapper@7d3b55ce:org.apache.tomcat.util.net.NioChannel@73fca419:java.nio.channels.SocketChannel[connected local=localhost/127.0.0.1:28852 remote=/127.0.0.1:62451]]
?[0m?[0;34m2024-07-18T17:39:17.813-04:00 DEBUG 93785 --- [io-28852-exec-6] tor$SharedEntityManagerInvocationHandler : Creating new EntityManager for shared EntityManager invocation
?[0m?[0;34m2024-07-18T17:39:17.813-04:00 DEBUG 93785 --- [io-28852-exec-6] org.hibernate.orm.sql.ast.create         : Created new SQL alias : u1_0
?[0m?[0;34m2024-07-18T17:39:17.814-04:00 DEBUG 93785 --- [io-28852-exec-6] org.hibernate.orm.sql.ast.create         : Registration of TableGroup [StandardTableGroup(antifraud.model.User(214991696174674))] with identifierForTableGroup [antifraud.model.User] for NavigablePath [antifraud.model.User] 
?[0m?[0;34m2024-07-18T17:39:17.814-04:00 DEBUG 93785 --- [io-28852-exec-6] o.h.q.sqm.sql.BaseSqmToSqlAstConverter   : Determining mapping-model type for SqmParameter : org.hibernate.query.sqm.tree.expression.SqmJpaCriteriaParameterWrapper@5f15a5eb
?[0m?[0;34m2024-07-18T17:39:17.814-04:00 DEBUG 93785 --- [io-28852-exec-6] org.hibernate.orm.results.graph.AST      : DomainResult Graph:
?[0m?[0;34m \-EntityResultImpl [antifraud.model.User(214991696174674)]
?[0m?[0;34m |  +-BasicFetch [antifraud.model.User(214991696174674).name]
?[0m?[0;34m |  +-BasicFetch [antifraud.model.User(214991696174674).password]
?[0m?[0;34m |  \-BasicFetch [antifraud.model.User(214991696174674).username]
?[0m?[0;34m
?[0m?[0;34m2024-07-18T17:39:17.814-04:00 DEBUG 93785 --- [io-28852-exec-6] org.hibernate.orm.sql.ast.tree           : SQL AST Tree:
?[0m?[0;34m    SelectStatement {
?[0m?[0;34m      FromClause {
?[0m?[0;34m        StandardTableGroup (u1 : antifraud.model.User(214991696174674)) {
?[0m?[0;34m          primaryTableReference : app_user as u1_0
?[0m?[0;34m        }
?[0m?[0;34m      }
?[0m?[0;34m    }
?[0m?[0;34m
?[0m?[0;34m2024-07-18T17:39:17.815-04:00 DEBUG 93785 --- [io-28852-exec-6] org.hibernate.orm.sql.exec               : Skipping reading Query result cache data: cache-enabled = false, cache-mode = NORMAL
?[0m?[0;34m2024-07-18T17:39:17.815-04:00 DEBUG 93785 --- [io-28852-exec-6] org.hibernate.orm.results                : Initializer list
?[0m?[0;34m2024-07-18T17:39:17.815-04:00 DEBUG 93785 --- [io-28852-exec-6] org.hibernate.orm.results                :     antifraud.model.User(214991696174674) -> EntityResultInitializer(antifraud.model.User(214991696174674))@726096456 (SingleTableEntityPersister(antifraud.model.User))
?[0m?[0;34m2024-07-18T17:39:17.815-04:00 DEBUG 93785 --- [io-28852-exec-6] org.hibernate.SQL                        : select u1_0.id,u1_0.name,u1_0.password,u1_0.username from app_user u1_0 where upper(u1_0.username)=upper(?)
?[0m?[0;34m2024-07-18T17:39:17.816-04:00 DEBUG 93785 --- [io-28852-exec-6] org.hibernate.orm.results                : Extracted JDBC value [0] - [1]
?[0m?[0;34m2024-07-18T17:39:17.816-04:00 DEBUG 93785 --- [io-28852-exec-6] o.hibernate.orm.results.loading.entity   : (EntityResultInitializer) Hydrated EntityKey (antifraud.model.User(214991696174674)): 1
?[0m?[0;34m2024-07-18T17:39:17.816-04:00 DEBUG 93785 --- [io-28852-exec-6] o.hibernate.orm.results.loading.entity   : (EntityResultInitializer) Created new entity instance [antifraud.model.User(214991696174674)#1] : antifraud.model.User@76642c7b
?[0m?[0;34m2024-07-18T17:39:17.816-04:00 DEBUG 93785 --- [io-28852-exec-6] org.hibernate.orm.results                : Extracted JDBC value [1] - [John Doe 1]
?[0m?[0;34m2024-07-18T17:39:17.816-04:00 DEBUG 93785 --- [io-28852-exec-6] org.hibernate.orm.results                : Extracted JDBC value [2] - [$2a$10$hnZ1JsgV1lXNrqzvEy4Q3eg1l13RhiZ3889ddJlK9mpsHVO3CWfEm]
?[0m?[0;34m2024-07-18T17:39:17.816-04:00 DEBUG 93785 --- [io-28852-exec-6] org.hibernate.orm.results                : Extracted JDBC value [3] - [johndoe1]
?[0m?[0;34m2024-07-18T17:39:17.816-04:00 DEBUG 93785 --- [io-28852-exec-6] o.hibernate.orm.results.loading.entity   : (EntityResultInitializer) Done materializing entityInstance : antifraud.model.User(214991696174674)#1
?[0m?[0;34m2024-07-18T17:39:17.817-04:00 DEBUG 93785 --- [io-28852-exec-6] org.hibernate.orm.results.loading        : Calling top-level assembler (0 / 1) : org.hibernate.sql.results.graph.entity.internal.EntityAssembler@6760bde5
?[0m?[0;34m2024-07-18T17:39:17.817-04:00 DEBUG 93785 --- [io-28852-exec-6] o.hibernate.orm.results.loading.entity   : (EntityResultInitializer) Found existing loading entry [antifraud.model.User(214991696174674)#1] - using loading instance
?[0m?[0;34m2024-07-18T17:39:17.896-04:00 DEBUG 93785 --- [io-28852-exec-6] o.s.s.a.dao.DaoAuthenticationProvider    : Failed to authenticate since password does not match stored value
?[0m?[0;34m2024-07-18T17:39:17.903-04:00 DEBUG 93785 --- [io-28852-exec-6] o.a.c.loader.WebappClassLoaderBase       :     findClass(jdk.internal.reflect.GeneratedMethodAccessor12)
?[0m?[0;34m2024-07-18T17:39:17.904-04:00 DEBUG 93785 --- [io-28852-exec-6] o.a.c.loader.WebappClassLoaderBase       :     --> Returning ClassNotFoundException
?[0m?[0;34m2024-07-18T17:39:17.902-04:00 DEBUG 93785 --- [io-28852-exec-6] o.s.s.w.a.www.BasicAuthenticationFilter  : Failed to process authentication request
?[0m?[0;34m
?[0m?[0;34morg.springframework.security.authentication.BadCredentialsException: Bad credentials
?[0m?[0;34m	at org.springframework.security.authentication.dao.DaoAuthenticationProvider.additionalAuthenticationChecks(DaoAuthenticationProvider.java:80) ~[spring-security-core-6.0.1.jar:6.0.1]
?[0m?[0;34m	at org.springframework.security.authentication.dao.AbstractUserDetailsAuthenticationProvider.authenticate(AbstractUserDetailsAuthenticationProvider.java:147) ~[spring-security-core-6.0.1.jar:6.0.1]
?[0m?[0;34m	at org.springframework.security.authentication.ProviderManager.authenticate(ProviderManager.java:182) ~[spring-security-core-6.0.1.jar:6.0.1]
?[0m?[0;34m	at org.springframework.security.authentication.ProviderManager.authenticate(ProviderManager.java:201) ~[spring-security-core-6.0.1.jar:6.0.1]
?[0m?[0;34m	at org.springframework.security.authentication.ObservationAuthenticationManager.lambda$authenticate$1(ObservationAuthenticationManager.java:53) ~[spring-security-core-6.0.1.jar:6.0.1]
?[0m?[0;34m	at io.micrometer.observation.Observation.observe(Observation.java:559) ~[micrometer-observation-1.10.3.jar:1.10.3]
?[0m?[0;34m	at org.springframework.security.authentication.ObservationAuthenticationManager.authenticate(ObservationAuthenticationManager.java:52) ~[spring-security-core-6.0.1.jar:6.0.1]
?[0m?[0;34m	at org.springframework.security.web.authentication.www.BasicAuthenticationFilter.doFilterInternal(BasicAuthenticationFilter.java:176) ~[spring-security-web-6.0.1.jar:6.0.1]
?[0m?[0;34m	at org.springframework.web.filter.OncePerRequestFilter.doFilter(OncePerRequestFilter.java:116) ~[spring-web-6.0.4.jar:6.0.4]
?[0m?[0;34m	at org.springframework.security.web.ObservationFilterChainDecorator$ObservationFilter.wrapFilter(ObservationFilterChainDecorator.java:186) ~[spring-security-web-6.0.1.jar:6.0.1]
?[0m?[0;34m	at org.springframework.security.web.ObservationFilterChainDecorator$ObservationFilter.doFilter(ObservationFilterChainDecorator.java:173) ~[spring-security-web-6.0.1.jar:6.0.1]
?[0m?[0;34m	at org.springframework.security.web.ObservationFilterChainDecorator$VirtualFilterChain.doFilter(ObservationFilterChainDecorator.java:134) ~[spring-security-web-6.0.1.jar:6.0.1]
?[0m?[0;34m	at org.springframework.security.web.authentication.logout.LogoutFilter.doFilter(LogoutFilter.java:107) ~[spring-security-web-6.0.1.jar:6.0.1]
?[0m?[0;34m	at org.springframework.security.web.authentication.logout.LogoutFilter.doFilter(LogoutFilter.java:93) ~[spring-security-web-6.0.1.jar:6.0.1]
?[0m?[0;34m	at org.springframework.security.web.ObservationFilterChainDecorator$ObservationFilter.wrapFilter(ObservationFilterChainDecorator.java:186) ~[spring-security-web-6.0.1.jar:6.0.1]
?[0m?[0;34m	at org.springframework.security.web.ObservationFilterChainDecorator$ObservationFilter.doFilter(ObservationFilterChainDecorator.java:173) ~[spring-security-web-6.0.1.jar:6.0.1]
?[0m?[0;34m	at org.springframework.security.web.ObservationFilterChainDecorator$VirtualFilterChain.doFilter(ObservationFilterChainDecorator.java:134) ~[spring-security-web-6.0.1.jar:6.0.1]
?[0m?[0;34m	at org.springframework.security.web.header.HeaderWriterFilter.doHeadersAfter(HeaderWriterFilter.java:90) ~[spring-security-web-6.0.1.jar:6.0.1]
?[0m?[0;34m	at org.springframework.security.web.header.HeaderWriterFilter.doFilterInternal(HeaderWriterFilter.java:75) ~[spring-security-web-6.0.1.jar:6.0.1]
?[0m?[0;34m	at org.springframework.web.filter.OncePerRequestFilter.doFilter(OncePerRequestFilter.java:116) ~[spring-web-6.0.4.jar:6.0.4]
?[0m?[0;34m	at org.springframework.security.web.ObservationFilterChainDecorator$ObservationFilter.wrapFilter(ObservationFilterChainDecorator.java:186) ~[spring-security-web-6.0.1.jar:6.0.1]
?[0m?[0;34m	at org.springframework.security.web.ObservationFilterChainDecorator$ObservationFilter.doFilter(ObservationFilterChainDecorator.java:173) ~[spring-security-web-6.0.1.jar:6.0.1]
?[0m?[0;34m	at org.springframework.security.web.ObservationFilterChainDecorator$VirtualFilterChain.doFilter(ObservationFilterChainDecorator.java:134) ~[spring-security-web-6.0.1.jar:6.0.1]
?[0m?[0;34m	at org.springframework.security.web.context.SecurityContextHolderFilter.doFilter(SecurityContextHolderFilter.java:82) ~[spring-security-web-6.0.1.jar:6.0.1]
?[0m?[0;34m	at org.springframework.security.web.context.SecurityContextHolderFilter.doFilter(SecurityContextHolderFilter.java:69) ~[spring-security-web-6.0.1.jar:6.0.1]
?[0m?[0;34m	at org.springframework.security.web.ObservationFilterChainDecorator$ObservationFilter.wrapFilter(ObservationFilterChainDecorator.java:186) ~[spring-security-web-6.0.1.jar:6.0.1]
?[0m?[0;34m	at org.springframework.security.web.ObservationFilterChainDecorator$ObservationFilter.doFilter(ObservationFilterChainDecorator.java:173) ~[spring-security-web-6.0.1.jar:6.0.1]
?[0m?[0;34m	at org.springframework.security.web.ObservationFilterChainDecorator$VirtualFilterChain.doFilter(ObservationFilterChainDecorator.java:134) ~[spring-security-web-6.0.1.jar:6.0.1]
?[0m?[0;34m	at org.springframework.security.web.context.request.async.WebAsyncManagerIntegrationFilter.doFilterInternal(WebAsyncManagerIntegrationFilter.java:62) ~[spring-security-web-6.0.1.jar:6.0.1]
?[0m?[0;34m	at org.springframework.web.filter.OncePerRequestFilter.doFilter(OncePerRequestFilter.java:116) ~[spring-web-6.0.4.jar:6.0.4]
?[0m?[0;34m	at org.springframework.security.web.ObservationFilterChainDecorator$ObservationFilter.wrapFilter(ObservationFilterChainDecorator.java:186) ~[spring-security-web-6.0.1.jar:6.0.1]
?[0m?[0;34m	at org.springframework.security.web.ObservationFilterChainDecorator$ObservationFilter.doFilter(ObservationFilterChainDecorator.java:173) ~[spring-security-web-6.0.1.jar:6.0.1]
?[0m?[0;34m	at org.springframework.security.web.ObservationFilterChainDecorator$VirtualFilterChain.doFilter(ObservationFilterChainDecorator.java:134) ~[spring-security-web-6.0.1.jar:6.0.1]
?[0m?[0;34m	at org.springframework.security.web.session.DisableEncodeUrlFilter.doFilterInternal(DisableEncodeUrlFilter.java:42) ~[spring-security-web-6.0.1.jar:6.0.1]
?[0m?[0;34m	at org.springframework.web.filter.OncePerRequestFilter.doFilter(OncePerRequestFilter.java:116) ~[spring-web-6.0.4.jar:6.0.4]
?[0m?[0;34m	at org.springframework.security.web.ObservationFilterChainDecorator$ObservationFilter.wrapFilter(ObservationFilterChainDecorator.java:186) ~[spring-security-web-6.0.1.jar:6.0.1]
?[0m?[0;34m	at org.springframework.security.web.ObservationFilterChainDecorator$AroundFilterObservation$SimpleAroundFilterObservation.lambda$wrap$0(ObservationFilterChainDecorator.java:280) ~[spring-security-web-6.0.1.jar:6.0.1]
?[0m?[0;34m	at org.springframework.security.web.ObservationFilterChainDecorator$ObservationFilter.doFilter(ObservationFilterChainDecorator.java:170) ~[spring-security-web-6.0.1.jar:6.0.1]
?[0m?[0;34m	at org.springframework.security.web.ObservationFilterChainDecorator$VirtualFilterChain.doFilter(ObservationFilterChainDecorator.java:134) ~[spring-security-web-6.0.1.jar:6.0.1]
?[0m?[0;34m	at org.springframework.security.web.FilterChainProxy.doFilterInternal(FilterChainProxy.java:233) ~[spring-security-web-6.0.1.jar:6.0.1]
?[0m?[0;34m	at org.springframework.security.web.FilterChainProxy.doFilter(FilterChainProxy.java:191) ~[spring-security-web-6.0.1.jar:6.0.1]
?[0m?[0;34m	at org.springframework.web.filter.DelegatingFilterProxy.invokeDelegate(DelegatingFilterProxy.java:351) ~[spring-web-6.0.4.jar:6.0.4]
?[0m?[0;34m	at org.springframework.web.filter.DelegatingFilterProxy.doFilter(DelegatingFilterProxy.java:267) ~[spring-web-6.0.4.jar:6.0.4]
?[0m?[0;34m	at jdk.internal.reflect.GeneratedMethodAccessor12.invoke(Unknown Source) ~[na:na]
?[0m?[0;34m	at java.base/jdk.internal.reflect.DelegatingMethodAccessorImpl.invoke(DelegatingMethodAccessorImpl.java:43) ~[na:na]
?[0m?[0;34m	at java.base/java.lang.reflect.Method.invoke(Method.java:568) ~[na:na]
?[0m?[0;34m	at org.apache.catalina.security.SecurityUtil.lambda$execute$0(SecurityUtil.java:281) ~[tomcat-embed-core-10.1.5.jar:10.1.5]
?[0m?[0;34m	at java.base/java.security.AccessController.doPrivileged(AccessController.java:712) ~[na:na]
?[0m?[0;34m	at java.base/javax.security.auth.Subject.doAsPrivileged(Subject.java:584) ~[na:na]
?[0m?[0;34m	at org.apache.catalina.security.SecurityUtil.execute(SecurityUtil.java:312) ~[tomcat-embed-core-10.1.5.jar:10.1.5]
?[0m?[0;34m	at org.apache.catalina.security.SecurityUtil.doAsPrivilege(SecurityUtil.java:254) ~[tomcat-embed-core-10.1.5.jar:10.1.5]
?[0m?[0;34m	at org.apache.catalina.core.ApplicationFilterChain.internalDoFilter(ApplicationFilterChain.java:183) ~[tomcat-embed-core-10.1.5.jar:10.1.5]
?[0m?[0;34m	at org.apache.catalina.core.ApplicationFilterChain.lambda$doFilter$0(ApplicationFilterChain.java:141) ~[tomcat-embed-core-10.1.5.jar:10.1.5]
?[0m?[0;34m	at java.base/java.security.AccessController.doPrivileged(AccessController.java:569) ~[na:na]
?[0m?[0;34m	at org.apache.catalina.core.ApplicationFilterChain.doFilter(ApplicationFilterChain.java:139) ~[tomcat-embed-core-10.1.5.jar:10.1.5]
?[0m?[0;34m	at org.springframework.web.filter.RequestContextFilter.doFilterInternal(RequestContextFilter.java:100) ~[spring-web-6.0.4.jar:6.0.4]
?[0m?[0;34m	at org.springframework.web.filter.OncePerRequestFilter.doFilter(OncePerRequestFilter.java:116) ~[spring-web-6.0.4.jar:6.0.4]
?[0m?[0;34m	at jdk.internal.reflect.GeneratedMethodAccessor12.invoke(Unknown Source) ~[na:na]
?[0m?[0;34m	at java.base/jdk.internal.reflect.DelegatingMethodAccessorImpl.invoke(DelegatingMethodAccessorImpl.java:43) ~[na:na]
?[0m?[0;34m	at java.base/java.lang.reflect.Method.invoke(Method.java:568) ~[na:na]
?[0m?[0;34m	at org.apache.catalina.security.SecurityUtil.lambda$execute$0(SecurityUtil.java:281) ~[tomcat-embed-core-10.1.5.jar:10.1.5]
?[0m?[0;34m	at java.base/java.security.AccessController.doPrivileged(AccessController.java:712) ~[na:na]
?[0m?[0;34m	at java.base/javax.security.auth.Subject.doAsPrivileged(Subject.java:584) ~[na:na]
?[0m?[0;34m	at org.apache.catalina.security.SecurityUtil.execute(SecurityUtil.java:312) ~[tomcat-embed-core-10.1.5.jar:10.1.5]
?[0m?[0;34m	at org.apache.catalina.security.SecurityUtil.doAsPrivilege(SecurityUtil.java:254) ~[tomcat-embed-core-10.1.5.jar:10.1.5]
?[0m?[0;34m	at org.apache.catalina.core.ApplicationFilterChain.internalDoFilter(ApplicationFilterChain.java:183) ~[tomcat-embed-core-10.1.5.jar:10.1.5]
?[0m?[0;34m	at org.apache.catalina.core.ApplicationFilterChain.lambda$doFilter$0(ApplicationFilterChain.java:141) ~[tomcat-embed-core-10.1.5.jar:10.1.5]
?[0m?[0;34m	at java.base/java.security.AccessController.doPrivileged(AccessController.java:569) ~[na:na]
?[0m?[0;34m	at org.apache.catalina.core.ApplicationFilterChain.doFilter(ApplicationFilterChain.java:139) ~[tomcat-embed-core-10.1.5.jar:10.1.5]
?[0m?[0;34m	at org.springframework.web.filter.FormContentFilter.doFilterInternal(FormContentFilter.java:93) ~[spring-web-6.0.4.jar:6.0.4]
?[0m?[0;34m	at org.springframework.web.filter.OncePerRequestFilter.doFilter(OncePerRequestFilter.java:116) ~[spring-web-6.0.4.jar:6.0.4]
?[0m?[0;34m	at jdk.internal.reflect.GeneratedMethodAccessor12.invoke(Unknown Source) ~[na:na]
?[0m?[0;34m	at java.base/jdk.internal.reflect.DelegatingMethodAccessorImpl.invoke(DelegatingMethodAccessorImpl.java:43) ~[na:na]
?[0m?[0;34m	at java.base/java.lang.reflect.Method.invoke(Method.java:568) ~[na:na]
?[0m?[0;34m	at org.apache.catalina.security.SecurityUtil.lambda$execute$0(SecurityUtil.java:281) ~[tomcat-embed-core-10.1.5.jar:10.1.5]
?[0m?[0;34m	at java.base/java.security.AccessController.doPrivileged(AccessController.java:712) ~[na:na]
?[0m?[0;34m	at java.base/javax.security.auth.Subject.doAsPrivileged(Subject.java:584) ~[na:na]
?[0m?[0;34m	at org.apache.catalina.security.SecurityUtil.execute(SecurityUtil.java:312) ~[tomcat-embed-core-10.1.5.jar:10.1.5]
?[0m?[0;34m	at org.apache.catalina.security.SecurityUtil.doAsPrivilege(SecurityUtil.java:254) ~[tomcat-embed-core-10.1.5.jar:10.1.5]
?[0m?[0;34m	at org.apache.catalina.core.ApplicationFilterChain.internalDoFilter(ApplicationFilterChain.java:183) ~[tomcat-embed-core-10.1.5.jar:10.1.5]
?[0m?[0;34m	at org.apache.catalina.core.ApplicationFilterChain.lambda$doFilter$0(ApplicationFilterChain.java:141) ~[tomcat-embed-core-10.1.5.jar:10.1.5]
?[0m?[0;34m	at java.base/java.security.AccessController.doPrivileged(AccessController.java:569) ~[na:na]
?[0m?[0;34m	at org.apache.catalina.core.ApplicationFilterChain.doFilter(ApplicationFilterChain.java:139) ~[tomcat-embed-core-10.1.5.jar:10.1.5]
?[0m?[0;34m	at org.springframework.web.filter.ServerHttpObservationFilter.doFilterInternal(ServerHttpObservationFilter.java:109) ~[spring-web-6.0.4.jar:6.0.4]
?[0m?[0;34m	at org.springframework.web.filter.OncePerRequestFilter.doFilter(OncePerRequestFilter.java:116) ~[spring-web-6.0.4.jar:6.0.4]
?[0m?[0;34m	at jdk.internal.reflect.GeneratedMethodAccessor12.invoke(Unknown Source) ~[na:na]
?[0m?[0;34m	at java.base/jdk.internal.reflect.DelegatingMethodAccessorImpl.invoke(DelegatingMethodAccessorImpl.java:43) ~[na:na]
?[0m?[0;34m	at java.base/java.lang.reflect.Method.invoke(Method.java:568) ~[na:na]
?[0m?[0;34m	at org.apache.catalina.security.SecurityUtil.lambda$execute$0(SecurityUtil.java:281) ~[tomcat-embed-core-10.1.5.jar:10.1.5]
?[0m?[0;34m	at java.base/java.security.AccessController.doPrivileged(AccessController.java:712) ~[na:na]
?[0m?[0;34m	at java.base/javax.security.auth.Subject.doAsPrivileged(Subject.java:584) ~[na:na]
?[0m?[0;34m	at org.apache.catalina.security.SecurityUtil.execute(SecurityUtil.java:312) ~[tomcat-embed-core-10.1.5.jar:10.1.5]
?[0m?[0;34m	at org.apache.catalina.security.SecurityUtil.doAsPrivilege(SecurityUtil.java:254) ~[tomcat-embed-core-10.1.5.jar:10.1.5]
?[0m?[0;34m	at org.apache.catalina.core.ApplicationFilterChain.internalDoFilter(ApplicationFilterChain.java:183) ~[tomcat-embed-core-10.1.5.jar:10.1.5]
?[0m?[0;34m	at org.apache.catalina.core.ApplicationFilterChain.lambda$doFilter$0(ApplicationFilterChain.java:141) ~[tomcat-embed-core-10.1.5.jar:10.1.5]
?[0m?[0;34m	at java.base/java.security.AccessController.doPrivileged(AccessController.java:569) ~[na:na]
?[0m?[0;34m	at org.apache.catalina.core.ApplicationFilterChain.doFilter(ApplicationFilterChain.java:139) ~[tomcat-embed-core-10.1.5.jar:10.1.5]
?[0m?[0;34m	at org.springframework.web.filter.CharacterEncodingFilter.doFilterInternal(CharacterEncodingFilter.java:201) ~[spring-web-6.0.4.jar:6.0.4]
?[0m?[0;34m	at org.springframework.web.filter.OncePerRequestFilter.doFilter(OncePerRequestFilter.java:116) ~[spring-web-6.0.4.jar:6.0.4]
?[0m?[0;34m	at jdk.internal.reflect.GeneratedMethodAccessor12.invoke(Unknown Source) ~[na:na]
?[0m?[0;34m	at java.base/jdk.internal.reflect.DelegatingMethodAccessorImpl.invoke(DelegatingMethodAccessorImpl.java:43) ~[na:na]
?[0m?[0;34m	at java.base/java.lang.reflect.Method.invoke(Method.java:568) ~[na:na]
?[0m?[0;34m	at org.apache.catalina.security.SecurityUtil.lambda$execute$0(SecurityUtil.java:281) ~[tomcat-embed-core-10.1.5.jar:10.1.5]
?[0m?[0;34m	at java.base/java.security.AccessController.doPrivileged(AccessController.java:712) ~[na:na]
?[0m?[0;34m	at java.base/javax.security.auth.Subject.doAsPrivileged(Subject.java:584) ~[na:na]
?[0m?[0;34m	at org.apache.catalina.security.SecurityUtil.execute(SecurityUtil.java:312) ~[tomcat-embed-core-10.1.5.jar:10.1.5]
?[0m?[0;34m	at org.apache.catalina.security.SecurityUtil.doAsPrivilege(SecurityUtil.java:254) ~[tomcat-embed-core-10.1.5.jar:10.1.5]
?[0m?[0;34m	at org.apache.catalina.core.ApplicationFilterChain.internalDoFilter(ApplicationFilterChain.java:183) ~[tomcat-embed-core-10.1.5.jar:10.1.5]
?[0m?[0;34m	at org.apache.catalina.core.ApplicationFilterChain.lambda$doFilter$0(ApplicationFilterChain.java:141) ~[tomcat-embed-core-10.1.5.jar:10.1.5]
?[0m?[0;34m	at java.base/java.security.AccessController.doPrivileged(AccessController.java:569) ~[na:na]
?[0m?[0;34m	at org.apache.catalina.core.ApplicationFilterChain.doFilter(ApplicationFilterChain.java:139) ~[tomcat-embed-core-10.1.5.jar:10.1.5]
?[0m?[0;34m	at org.apache.catalina.core.StandardWrapperValve.invoke(StandardWrapperValve.java:177) ~[tomcat-embed-core-10.1.5.jar:10.1.5]
?[0m?[0;34m	at org.apache.catalina.core.StandardContextValve.invoke(StandardContextValve.java:97) ~[tomcat-embed-core-10.1.5.jar:10.1.5]
?[0m?[0;34m	at org.apache.catalina.authenticator.AuthenticatorBase.invoke(AuthenticatorBase.java:542) ~[tomcat-embed-core-10.1.5.jar:10.1.5]
?[0m?[0;34m	at org.apache.catalina.core.StandardHostValve.invoke(StandardHostValve.java:119) ~[tomcat-embed-core-10.1.5.jar:10.1.5]
?[0m?[0;34m	at org.apache.catalina.valves.ErrorReportValve.invoke(ErrorReportValve.java:92) ~[tomcat-embed-core-10.1.5.jar:10.1.5]
?[0m?[0;34m	at org.apache.catalina.core.StandardEngineValve.invoke(StandardEngineValve.java:78) ~[tomcat-embed-core-10.1.5.jar:10.1.5]
?[0m?[0;34m	at org.apache.catalina.connector.CoyoteAdapter.service(CoyoteAdapter.java:357) ~[tomcat-embed-core-10.1.5.jar:10.1.5]
?[0m?[0;34m	at org.apache.coyote.http11.Http11Processor.service(Http11Processor.java:400) ~[tomcat-embed-core-10.1.5.jar:10.1.5]
?[0m?[0;34m	at org.apache.coyote.AbstractProcessorLight.process(AbstractProcessorLight.java:65) ~[tomcat-embed-core-10.1.5.jar:10.1.5]
?[0m?[0;34m	at org.apache.coyote.AbstractProtocol$ConnectionHandler.process(AbstractProtocol.java:859) ~[tomcat-embed-core-10.1.5.jar:10.1.5]
?[0m?[0;34m	at org.apache.tomcat.util.net.NioEndpoint$SocketProcessor.doRun(NioEndpoint.java:1734) ~[tomcat-embed-core-10.1.5.jar:10.1.5]
?[0m?[0;34m	at org.apache.tomcat.util.net.SocketProcessorBase.run(SocketProcessorBase.java:52) ~[tomcat-embed-core-10.1.5.jar:10.1.5]
?[0m?[0;34m	at org.apache.tomcat.util.threads.ThreadPoolExecutor.runWorker(ThreadPoolExecutor.java:1191) ~[tomcat-embed-core-10.1.5.jar:10.1.5]
?[0m?[0;34m	at org.apache.tomcat.util.threads.ThreadPoolExecutor$Worker.run(ThreadPoolExecutor.java:659) ~[tomcat-embed-core-10.1.5.jar:10.1.5]
?[0m?[0;34m	at org.apache.tomcat.util.threads.TaskThread$WrappingRunnable.run(TaskThread.java:61) ~[tomcat-embed-core-10.1.5.jar:10.1.5]
?[0m?[0;34m	at java.base/java.lang.Thread.run(Thread.java:840) ~[na:na]
?[0m?[0;34m
?[0m?[0;34m2024-07-18T17:39:17.916-04:00 DEBUG 93785 --- [io-28852-exec-6] s.w.a.DelegatingAuthenticationEntryPoint : Trying to match using RequestHeaderRequestMatcher [expectedHeaderName=X-Requested-With, expectedHeaderValue=XMLHttpRequest]
?[0m?[0;34m2024-07-18T17:39:17.917-04:00 DEBUG 93785 --- [io-28852-exec-6] s.w.a.DelegatingAuthenticationEntryPoint : No match found. Using default entry point org.springframework.security.web.authentication.www.BasicAuthenticationEntryPoint@4eaf4cde
?[0m?[0;34m2024-07-18T17:39:17.921-04:00 DEBUG 93785 --- [io-28852-exec-6] o.a.c.c.C.[Tomcat].[localhost]           : Processing ErrorPage[errorCode=0, location=/error]
?[0m?[0;34m2024-07-18T17:39:17.927-04:00 DEBUG 93785 --- [io-28852-exec-6] o.s.security.web.FilterChainProxy        : Securing GET /error
?[0m?[0;34m2024-07-18T17:39:17.928-04:00 DEBUG 93785 --- [io-28852-exec-6] org.apache.tomcat.util.http.Parameters   : Set encoding to UTF-8
?[0m?[0;34m2024-07-18T17:39:17.929-04:00 DEBUG 93785 --- [io-28852-exec-6] o.s.s.w.a.AnonymousAuthenticationFilter  : Set SecurityContextHolder to anonymous SecurityContext
?[0m?[0;34m2024-07-18T17:39:17.931-04:00 DEBUG 93785 --- [io-28852-exec-6] s.w.s.m.m.a.RequestMappingHandlerMapping : Mapped to org.springframework.boot.autoconfigure.web.servlet.error.BasicErrorController#error(HttpServletRequest)
?[0m?[0;34m2024-07-18T17:39:17.931-04:00 DEBUG 93785 --- [io-28852-exec-6] s.w.s.m.m.a.RequestMappingHandlerMapping : Mapped to org.springframework.boot.autoconfigure.web.servlet.error.BasicErrorController#error(HttpServletRequest)
?[0m?[0;34m2024-07-18T17:39:17.932-04:00 DEBUG 93785 --- [io-28852-exec-6] s.w.s.m.m.a.RequestMappingHandlerMapping : Mapped to org.springframework.boot.autoconfigure.web.servlet.error.BasicErrorController#error(HttpServletRequest)
?[0m?[0;34m2024-07-18T17:39:17.933-04:00 DEBUG 93785 --- [io-28852-exec-6] o.s.s.w.a.i.FilterSecurityInterceptor    : Failed to authorize filter invocation [GET /error] with attributes [authenticated]
?[0m?[0;34m2024-07-18T17:39:17.936-04:00 DEBUG 93785 --- [io-28852-exec-6] o.s.s.w.s.HttpSessionRequestCache        : Saved request http://localhost:28852/error?continue to session
?[0m?[0;34m2024-07-18T17:39:17.937-04:00 DEBUG 93785 --- [io-28852-exec-6] o.a.c.c.C.[.[.[/].[dispatcherServlet]    :  Disabling the response for further output
?[0m?[0;34m2024-07-18T17:39:17.938-04:00 DEBUG 93785 --- [    Test worker] org.apache.http.wire                     : http-outgoing-4 << "HTTP/1.1 401 [\r][\n]"
?[0m?[0;34m2024-07-18T17:39:17.938-04:00 DEBUG 93785 --- [    Test worker] org.apache.http.wire                     : http-outgoing-4 << "WWW-Authenticate: Basic realm="Realm"[\r][\n]"
?[0m?[0;34m2024-07-18T17:39:17.938-04:00 DEBUG 93785 --- [    Test worker] org.apache.http.wire                     : http-outgoing-4 << "X-Content-Type-Options: nosniff[\r][\n]"
?[0m?[0;34m2024-07-18T17:39:17.938-04:00 DEBUG 93785 --- [    Test worker] org.apache.http.wire                     : http-outgoing-4 << "X-XSS-Protection: 0[\r][\n]"
?[0m?[0;34m2024-07-18T17:39:17.938-04:00 DEBUG 93785 --- [    Test worker] org.apache.http.wire                     : http-outgoing-4 << "Cache-Control: no-cache, no-store, max-age=0, must-revalidate[\r][\n]"
?[0m?[0;34m2024-07-18T17:39:17.938-04:00 DEBUG 93785 --- [    Test worker] org.apache.http.wire                     : http-outgoing-4 << "Pragma: no-cache[\r][\n]"
?[0m?[0;34m2024-07-18T17:39:17.938-04:00 DEBUG 93785 --- [    Test worker] org.apache.http.wire                     : http-outgoing-4 << "Expires: 0[\r][\n]"
?[0m?[0;34m2024-07-18T17:39:17.938-04:00 DEBUG 93785 --- [    Test worker] org.apache.http.wire                     : http-outgoing-4 << "Set-Cookie: JSESSIONID=8724B9E15019A96FB1E850D958071CC7; Path=/; HttpOnly[\r][\n]"
?[0m?[0;34m2024-07-18T17:39:17.938-04:00 DEBUG 93785 --- [    Test worker] org.apache.http.wire                     : http-outgoing-4 << "Content-Length: 0[\r][\n]"
?[0m?[0;34m2024-07-18T17:39:17.938-04:00 DEBUG 93785 --- [    Test worker] org.apache.http.wire                     : http-outgoing-4 << "Date: Thu, 18 Jul 2024 21:39:17 GMT[\r][\n]"
?[0m?[0;34m2024-07-18T17:39:17.938-04:00 DEBUG 93785 --- [    Test worker] org.apache.http.wire                     : http-outgoing-4 << "Keep-Alive: timeout=60[\r][\n]"
?[0m?[0;34m2024-07-18T17:39:17.938-04:00 DEBUG 93785 --- [    Test worker] org.apache.http.wire                     : http-outgoing-4 << "Connection: keep-alive[\r][\n]"
?[0m?[0;34m2024-07-18T17:39:17.938-04:00 DEBUG 93785 --- [    Test worker] org.apache.http.wire                     : http-outgoing-4 << "[\r][\n]"
?[0m?[0;34m2024-07-18T17:39:17.938-04:00 DEBUG 93785 --- [    Test worker] org.apache.http.headers                  : http-outgoing-4 << HTTP/1.1 401 
?[0m?[0;34m2024-07-18T17:39:17.938-04:00 DEBUG 93785 --- [    Test worker] org.apache.http.headers                  : http-outgoing-4 << WWW-Authenticate: Basic realm="Realm"
?[0m?[0;34m2024-07-18T17:39:17.939-04:00 DEBUG 93785 --- [    Test worker] org.apache.http.headers                  : http-outgoing-4 << X-Content-Type-Options: nosniff
?[0m?[0;34m2024-07-18T17:39:17.939-04:00 DEBUG 93785 --- [    Test worker] org.apache.http.headers                  : http-outgoing-4 << X-XSS-Protection: 0
?[0m?[0;34m2024-07-18T17:39:17.939-04:00 DEBUG 93785 --- [    Test worker] org.apache.http.headers                  : http-outgoing-4 << Cache-Control: no-cache, no-store, max-age=0, must-revalidate
?[0m?[0;34m2024-07-18T17:39:17.939-04:00 DEBUG 93785 --- [    Test worker] org.apache.http.headers                  : http-outgoing-4 << Pragma: no-cache
?[0m?[0;34m2024-07-18T17:39:17.939-04:00 DEBUG 93785 --- [    Test worker] org.apache.http.headers                  : http-outgoing-4 << Expires: 0
?[0m?[0;34m2024-07-18T17:39:17.939-04:00 DEBUG 93785 --- [    Test worker] org.apache.http.headers                  : http-outgoing-4 << Set-Cookie: JSESSIONID=8724B9E15019A96FB1E850D958071CC7; Path=/; HttpOnly
?[0m?[0;34m2024-07-18T17:39:17.939-04:00 DEBUG 93785 --- [    Test worker] org.apache.http.headers                  : http-outgoing-4 << Content-Length: 0
?[0m?[0;34m2024-07-18T17:39:17.939-04:00 DEBUG 93785 --- [    Test worker] org.apache.http.headers                  : http-outgoing-4 << Date: Thu, 18 Jul 2024 21:39:17 GMT
?[0m?[0;34m2024-07-18T17:39:17.939-04:00 DEBUG 93785 --- [    Test worker] org.apache.http.headers                  : http-outgoing-4 << Keep-Alive: timeout=60
?[0m?[0;34m2024-07-18T17:39:17.939-04:00 DEBUG 93785 --- [    Test worker] org.apache.http.headers                  : http-outgoing-4 << Connection: keep-alive
?[0m?[0;34m2024-07-18T17:39:17.939-04:00 DEBUG 93785 --- [    Test worker] o.a.http.impl.execchain.MainClientExec   : Connection can be kept alive for 60000 MILLISECONDS
?[0m?[0;34m2024-07-18T17:39:17.939-04:00 DEBUG 93785 --- [    Test worker] o.a.http.impl.auth.HttpAuthenticator     : Authentication required
?[0m?[0;34m2024-07-18T17:39:17.939-04:00 DEBUG 93785 --- [    Test worker] o.a.http.impl.auth.HttpAuthenticator     : localhost:28852 requested authentication
?[0m?[0;34m2024-07-18T17:39:17.939-04:00 DEBUG 93785 --- [    Test worker] o.a.h.i.c.TargetAuthenticationStrategy   : Authentication schemes in the order of preference: [Negotiate, Kerberos, NTLM, CredSSP, Digest, Basic]
?[0m?[0;34m2024-07-18T17:39:17.939-04:00 DEBUG 93785 --- [    Test worker] o.a.h.i.c.TargetAuthenticationStrategy   : Challenge for Negotiate authentication scheme not available
?[0m?[0;34m2024-07-18T17:39:17.939-04:00 DEBUG 93785 --- [    Test worker] o.a.h.i.c.TargetAuthenticationStrategy   : Challenge for Kerberos authentication scheme not available
?[0m?[0;34m2024-07-18T17:39:17.940-04:00 DEBUG 93785 --- [    Test worker] o.a.h.i.c.TargetAuthenticationStrategy   : Challenge for NTLM authentication scheme not available
?[0m?[0;34m2024-07-18T17:39:17.940-04:00 DEBUG 93785 --- [    Test worker] o.a.h.i.c.TargetAuthenticationStrategy   : Challenge for CredSSP authentication scheme not available
?[0m?[0;34m2024-07-18T17:39:17.940-04:00 DEBUG 93785 --- [    Test worker] o.a.h.i.c.TargetAuthenticationStrategy   : Challenge for Digest authentication scheme not available
?[0m?[0;34m2024-07-18T17:39:17.939-04:00 DEBUG 93785 --- [io-28852-exec-6] o.a.coyote.http11.Http11InputBuffer      : Before fill(): parsingHeader: [true], parsingRequestLine: [true], parsingRequestLinePhase: [0], parsingRequestLineStart: [0], byteBuffer.position(): [0], byteBuffer.limit(): [0], end: [213]
?[0m?[0;34m2024-07-18T17:39:17.940-04:00 DEBUG 93785 --- [io-28852-exec-6] o.a.tomcat.util.net.SocketWrapperBase    : Socket: [org.apache.tomcat.util.net.NioEndpoint$NioSocketWrapper@55edce9b:org.apache.tomcat.util.net.NioChannel@5b2a2a56:java.nio.channels.SocketChannel[connected local=localhost/127.0.0.1:28852 remote=/127.0.0.1:62452]], Read from buffer: [0]
?[0m?[0;34m2024-07-18T17:39:17.941-04:00 DEBUG 93785 --- [io-28852-exec-6] org.apache.tomcat.util.net.NioEndpoint   : Socket: [org.apache.tomcat.util.net.NioEndpoint$NioSocketWrapper@55edce9b:org.apache.tomcat.util.net.NioChannel@5b2a2a56:java.nio.channels.SocketChannel[connected local=localhost/127.0.0.1:28852 remote=/127.0.0.1:62452]], Read direct from socket: [0]
?[0m?[0;34m2024-07-18T17:39:17.941-04:00 DEBUG 93785 --- [io-28852-exec-6] o.a.coyote.http11.Http11InputBuffer      : Received []
?[0m?[0;34m2024-07-18T17:39:17.941-04:00 DEBUG 93785 --- [io-28852-exec-6] o.apache.coyote.http11.Http11Processor   : Socket: [org.apache.tomcat.util.net.NioEndpoint$NioSocketWrapper@55edce9b:org.apache.tomcat.util.net.NioChannel@5b2a2a56:java.nio.channels.SocketChannel[connected local=localhost/127.0.0.1:28852 remote=/127.0.0.1:62452]], Status in: [OPEN_READ], State out: [OPEN]
?[0m?[0;34m2024-07-18T17:39:17.942-04:00 DEBUG 93785 --- [io-28852-exec-6] org.apache.tomcat.util.net.NioEndpoint   : Registered read interest for [org.apache.tomcat.util.net.NioEndpoint$NioSocketWrapper@55edce9b:org.apache.tomcat.util.net.NioChannel@5b2a2a56:java.nio.channels.SocketChannel[connected local=localhost/127.0.0.1:28852 remote=/127.0.0.1:62452]]
?[0m?[0;34m2024-07-18T17:39:17.943-04:00 DEBUG 93785 --- [    Test worker] h.i.c.PoolingHttpClientConnectionManager : Connection [id: 4][route: {}->http://localhost:28852] can be kept alive for 60.0 seconds
?[0m?[0;34m2024-07-18T17:39:17.943-04:00 DEBUG 93785 --- [    Test worker] h.i.c.DefaultManagedHttpClientConnection : http-outgoing-4: set socket timeout to 0
?[0m?[0;34m2024-07-18T17:39:17.943-04:00 DEBUG 93785 --- [    Test worker] h.i.c.PoolingHttpClientConnectionManager : Connection released: [id: 4][route: {}->http://localhost:28852][total available: 1; route allocated: 1 of 2; total allocated: 1 of 20]
?[0m?[0;34m2024-07-18T17:39:17.943-04:00 DEBUG 93785 --- [    Test worker] o.a.h.c.protocol.ResponseProcessCookies  : Cookie accepted [JSESSIONID="8724B9E15019A96FB1E850D958071CC7", version:0, domain:localhost, path:/, expiry:null]
?[0m?[0;34m2024-07-18T17:39:17.949-04:00 DEBUG 93785 --- [    Test worker] o.a.http.impl.execchain.MainClientExec   : Cancelling request execution
?[0m?[1;31m
Start test 6?[0m
?[0;34mTest case
?[0m?[0;34mTesting api: '/api/auth/list'
?[0m?[0;34mExpectations: 'A user with incorrect credentials is not allowed'
?[0m?[0;34m-----
?[0m?[0;34m2024-07-18T17:39:17.951-04:00 DEBUG 93785 --- [    Test worker] o.a.h.client.protocol.RequestAddCookies  : CookieSpec selected: default
?[0m?[0;34m2024-07-18T17:39:17.951-04:00 DEBUG 93785 --- [    Test worker] o.a.h.client.protocol.RequestAuthCache   : Auth cache not set in the context
?[0m?[0;34m2024-07-18T17:39:17.951-04:00 DEBUG 93785 --- [    Test worker] h.i.c.PoolingHttpClientConnectionManager : Connection request: [route: {}->http://localhost:28852][total available: 0; route allocated: 0 of 2; total allocated: 0 of 20]
?[0m?[0;34m2024-07-18T17:39:17.952-04:00 DEBUG 93785 --- [    Test worker] h.i.c.PoolingHttpClientConnectionManager : Connection leased: [id: 5][route: {}->http://localhost:28852][total available: 0; route allocated: 1 of 2; total allocated: 1 of 20]
?[0m?[0;34m2024-07-18T17:39:17.952-04:00 DEBUG 93785 --- [    Test worker] o.a.http.impl.execchain.MainClientExec   : Opening connection {}->http://localhost:28852
?[0m?[0;34m2024-07-18T17:39:17.952-04:00 DEBUG 93785 --- [    Test worker] .i.c.DefaultHttpClientConnectionOperator : Connecting to localhost/127.0.0.1:28852
?[0m?[0;34m2024-07-18T17:39:17.952-04:00 DEBUG 93785 --- [    Test worker] .i.c.DefaultHttpClientConnectionOperator : Connection established 127.0.0.1:62453<->127.0.0.1:28852
?[0m?[0;34m2024-07-18T17:39:17.953-04:00 DEBUG 93785 --- [    Test worker] o.a.http.impl.execchain.MainClientExec   : Executing request GET /api/auth/list HTTP/1.1
?[0m?[0;34m2024-07-18T17:39:17.953-04:00 DEBUG 93785 --- [    Test worker] o.a.http.impl.execchain.MainClientExec   : Proxy auth state: UNCHALLENGED
?[0m?[0;34m2024-07-18T17:39:17.953-04:00 DEBUG 93785 --- [-28852-Acceptor] o.apache.tomcat.util.threads.LimitLatch  : Counting up[http-nio-28852-Acceptor] latch=3
?[0m?[0;34m2024-07-18T17:39:17.953-04:00 DEBUG 93785 --- [    Test worker] org.apache.http.headers                  : http-outgoing-5 >> GET /api/auth/list HTTP/1.1
?[0m?[0;34m2024-07-18T17:39:17.953-04:00 DEBUG 93785 --- [    Test worker] org.apache.http.headers                  : http-outgoing-5 >> Authorization: Basic am9obmRvOm9Nb2EzVnZxbkx4Vw==
?[0m?[0;34m2024-07-18T17:39:17.953-04:00 DEBUG 93785 --- [    Test worker] org.apache.http.headers                  : http-outgoing-5 >> Host: localhost:28852
?[0m?[0;34m2024-07-18T17:39:17.954-04:00 DEBUG 93785 --- [    Test worker] org.apache.http.headers                  : http-outgoing-5 >> Connection: Keep-Alive
?[0m?[0;34m2024-07-18T17:39:17.954-04:00 DEBUG 93785 --- [    Test worker] org.apache.http.headers                  : http-outgoing-5 >> User-Agent: Apache-HttpClient/4.5.14 (Java/17.0.11)
?[0m?[0;34m2024-07-18T17:39:17.954-04:00 DEBUG 93785 --- [    Test worker] org.apache.http.headers                  : http-outgoing-5 >> Accept-Encoding: gzip,deflate
?[0m?[0;34m2024-07-18T17:39:17.954-04:00 DEBUG 93785 --- [    Test worker] org.apache.http.wire                     : http-outgoing-5 >> "GET /api/auth/list HTTP/1.1[\r][\n]"
?[0m?[0;34m2024-07-18T17:39:17.954-04:00 DEBUG 93785 --- [    Test worker] org.apache.http.wire                     : http-outgoing-5 >> "Authorization: Basic am9obmRvOm9Nb2EzVnZxbkx4Vw==[\r][\n]"
?[0m?[0;34m2024-07-18T17:39:17.954-04:00 DEBUG 93785 --- [    Test worker] org.apache.http.wire                     : http-outgoing-5 >> "Host: localhost:28852[\r][\n]"
?[0m?[0;34m2024-07-18T17:39:17.954-04:00 DEBUG 93785 --- [    Test worker] org.apache.http.wire                     : http-outgoing-5 >> "Connection: Keep-Alive[\r][\n]"
?[0m?[0;34m2024-07-18T17:39:17.954-04:00 DEBUG 93785 --- [    Test worker] org.apache.http.wire                     : http-outgoing-5 >> "User-Agent: Apache-HttpClient/4.5.14 (Java/17.0.11)[\r][\n]"
?[0m?[0;34m2024-07-18T17:39:17.954-04:00 DEBUG 93785 --- [    Test worker] org.apache.http.wire                     : http-outgoing-5 >> "Accept-Encoding: gzip,deflate[\r][\n]"
?[0m?[0;34m2024-07-18T17:39:17.954-04:00 DEBUG 93785 --- [    Test worker] org.apache.http.wire                     : http-outgoing-5 >> "[\r][\n]"
?[0;34m2024-07-18T17:39:17.955-04:00 DEBUG 93785 --- [io-28852-exec-7] o.a.coyote.http11.Http11InputBuffer      : Before fill(): parsingHeader: [true], parsingRequestLine: [true], parsingRequestLinePhase: [0], parsingRequestLineStart: [0], byteBuffer.position(): [0], byteBuffer.limit(): [0], end: [213]
?[0m?[0;34m2024-07-18T17:39:17.955-04:00 DEBUG 93785 --- [io-28852-exec-7] o.a.tomcat.util.net.SocketWrapperBase    : Socket: [org.apache.tomcat.util.net.NioEndpoint$NioSocketWrapper@5dfbfab1:org.apache.tomcat.util.net.NioChannel@533c1f7e:java.nio.channels.SocketChannel[connected local=localhost/127.0.0.1:28852 remote=/127.0.0.1:62453]], Read from buffer: [0]
?[0m?[0;34m2024-07-18T17:39:17.955-04:00 DEBUG 93785 --- [io-28852-exec-7] org.apache.tomcat.util.net.NioEndpoint   : Socket: [org.apache.tomcat.util.net.NioEndpoint$NioSocketWrapper@5dfbfab1:org.apache.tomcat.util.net.NioChannel@533c1f7e:java.nio.channels.SocketChannel[connected local=localhost/127.0.0.1:28852 remote=/127.0.0.1:62453]], Read direct from socket: [213]
?[0m?[0;34m2024-07-18T17:39:17.955-04:00 DEBUG 93785 --- [io-28852-exec-7] o.a.coyote.http11.Http11InputBuffer      : Received [GET /api/auth/list HTTP/1.1
?[0m?[0;34mAuthorization: Basic am9obmRvOm9Nb2EzVnZxbkx4Vw==
?[0m?[0;34mHost: localhost:28852
?[0m?[0;34mConnection: Keep-Alive
?[0m?[0;34mUser-Agent: Apache-HttpClient/4.5.14 (Java/17.0.11)
?[0m?[0;34mAccept-Encoding: gzip,deflate
?[0m?[0;34m
?[0m?[0;34m]
?[0m?[0;34m2024-07-18T17:39:17.956-04:00 DEBUG 93785 --- [io-28852-exec-7] o.a.c.authenticator.AuthenticatorBase    : Security checking request GET /api/auth/list
?[0m?[0;34m2024-07-18T17:39:17.956-04:00 DEBUG 93785 --- [io-28852-exec-7] org.apache.catalina.realm.RealmBase      :   No applicable constraints defined
?[0m?[0;34m2024-07-18T17:39:17.956-04:00 DEBUG 93785 --- [io-28852-exec-7] o.a.c.authenticator.AuthenticatorBase    : Not subject to any constraint
?[0m?[0;34m2024-07-18T17:39:17.957-04:00 DEBUG 93785 --- [io-28852-exec-7] o.s.security.web.FilterChainProxy        : Securing GET /api/auth/list
?[0m?[0;34m2024-07-18T17:39:17.958-04:00 DEBUG 93785 --- [io-28852-exec-7] tor$SharedEntityManagerInvocationHandler : Creating new EntityManager for shared EntityManager invocation
?[0m?[0;34m2024-07-18T17:39:17.959-04:00 DEBUG 93785 --- [io-28852-exec-7] org.hibernate.orm.sql.ast.create         : Created new SQL alias : u1_0
?[0m?[0;34m2024-07-18T17:39:17.959-04:00 DEBUG 93785 --- [io-28852-exec-7] org.hibernate.orm.sql.ast.create         : Registration of TableGroup [StandardTableGroup(antifraud.model.User(214991696174674))] with identifierForTableGroup [antifraud.model.User] for NavigablePath [antifraud.model.User] 
?[0m?[0;34m2024-07-18T17:39:17.959-04:00 DEBUG 93785 --- [io-28852-exec-7] o.h.q.sqm.sql.BaseSqmToSqlAstConverter   : Determining mapping-model type for SqmParameter : org.hibernate.query.sqm.tree.expression.SqmJpaCriteriaParameterWrapper@570391c1
?[0m?[0;34m2024-07-18T17:39:17.959-04:00 DEBUG 93785 --- [io-28852-exec-7] org.hibernate.orm.results.graph.AST      : DomainResult Graph:
?[0m?[0;34m \-EntityResultImpl [antifraud.model.User(214991696174674)]
?[0m?[0;34m |  +-BasicFetch [antifraud.model.User(214991696174674).name]
?[0m?[0;34m |  +-BasicFetch [antifraud.model.User(214991696174674).password]
?[0m?[0;34m |  \-BasicFetch [antifraud.model.User(214991696174674).username]
?[0m?[0;34m
?[0m?[0;34m2024-07-18T17:39:17.960-04:00 DEBUG 93785 --- [io-28852-exec-7] org.hibernate.orm.sql.ast.tree           : SQL AST Tree:
?[0m?[0;34m    SelectStatement {
?[0m?[0;34m      FromClause {
?[0m?[0;34m        StandardTableGroup (u1 : antifraud.model.User(214991696174674)) {
?[0m?[0;34m          primaryTableReference : app_user as u1_0
?[0m?[0;34m        }
?[0m?[0;34m      }
?[0m?[0;34m    }
?[0m?[0;34m
?[0m?[0;34m2024-07-18T17:39:17.960-04:00 DEBUG 93785 --- [io-28852-exec-7] org.hibernate.orm.sql.exec               : Skipping reading Query result cache data: cache-enabled = false, cache-mode = NORMAL
?[0m?[0;34m2024-07-18T17:39:17.960-04:00 DEBUG 93785 --- [io-28852-exec-7] org.hibernate.orm.results                : Initializer list
?[0m?[0;34m2024-07-18T17:39:17.960-04:00 DEBUG 93785 --- [io-28852-exec-7] org.hibernate.orm.results                :     antifraud.model.User(214991696174674) -> EntityResultInitializer(antifraud.model.User(214991696174674))@593060178 (SingleTableEntityPersister(antifraud.model.User))
?[0m?[0;34m2024-07-18T17:39:17.960-04:00 DEBUG 93785 --- [io-28852-exec-7] org.hibernate.SQL                        : select u1_0.id,u1_0.name,u1_0.password,u1_0.username from app_user u1_0 where upper(u1_0.username)=upper(?)
?[0m?[0;34m2024-07-18T17:39:18.033-04:00 DEBUG 93785 --- [io-28852-exec-7] o.s.s.a.dao.DaoAuthenticationProvider    : Failed to find user 'johndo'
?[0m?[0;34m2024-07-18T17:39:18.035-04:00 DEBUG 93785 --- [io-28852-exec-7] o.a.c.loader.WebappClassLoaderBase       :     findClass(jdk.internal.reflect.GeneratedMethodAccessor12)
?[0m?[0;34m2024-07-18T17:39:18.035-04:00 DEBUG 93785 --- [io-28852-exec-7] o.a.c.loader.WebappClassLoaderBase       :     --> Returning ClassNotFoundException
?[0m?[0;34m2024-07-18T17:39:18.034-04:00 DEBUG 93785 --- [io-28852-exec-7] o.s.s.w.a.www.BasicAuthenticationFilter  : Failed to process authentication request
?[0m?[0;34m
?[0m?[0;34morg.springframework.security.authentication.BadCredentialsException: Bad credentials
?[0m?[0;34m	at org.springframework.security.authentication.dao.AbstractUserDetailsAuthenticationProvider.authenticate(AbstractUserDetailsAuthenticationProvider.java:141) ~[spring-security-core-6.0.1.jar:6.0.1]
?[0m?[0;34m	at org.springframework.security.authentication.ProviderManager.authenticate(ProviderManager.java:182) ~[spring-security-core-6.0.1.jar:6.0.1]
?[0m?[0;34m	at org.springframework.security.authentication.ProviderManager.authenticate(ProviderManager.java:201) ~[spring-security-core-6.0.1.jar:6.0.1]
?[0m?[0;34m	at org.springframework.security.authentication.ObservationAuthenticationManager.lambda$authenticate$1(ObservationAuthenticationManager.java:53) ~[spring-security-core-6.0.1.jar:6.0.1]
?[0m?[0;34m	at io.micrometer.observation.Observation.observe(Observation.java:559) ~[micrometer-observation-1.10.3.jar:1.10.3]
?[0m?[0;34m	at org.springframework.security.authentication.ObservationAuthenticationManager.authenticate(ObservationAuthenticationManager.java:52) ~[spring-security-core-6.0.1.jar:6.0.1]
?[0m?[0;34m	at org.springframework.security.web.authentication.www.BasicAuthenticationFilter.doFilterInternal(BasicAuthenticationFilter.java:176) ~[spring-security-web-6.0.1.jar:6.0.1]
?[0m?[0;34m	at org.springframework.web.filter.OncePerRequestFilter.doFilter(OncePerRequestFilter.java:116) ~[spring-web-6.0.4.jar:6.0.4]
?[0m?[0;34m	at org.springframework.security.web.ObservationFilterChainDecorator$ObservationFilter.wrapFilter(ObservationFilterChainDecorator.java:186) ~[spring-security-web-6.0.1.jar:6.0.1]
?[0m?[0;34m	at org.springframework.security.web.ObservationFilterChainDecorator$ObservationFilter.doFilter(ObservationFilterChainDecorator.java:173) ~[spring-security-web-6.0.1.jar:6.0.1]
?[0m?[0;34m	at org.springframework.security.web.ObservationFilterChainDecorator$VirtualFilterChain.doFilter(ObservationFilterChainDecorator.java:134) ~[spring-security-web-6.0.1.jar:6.0.1]
?[0m?[0;34m	at org.springframework.security.web.authentication.logout.LogoutFilter.doFilter(LogoutFilter.java:107) ~[spring-security-web-6.0.1.jar:6.0.1]
?[0m?[0;34m	at org.springframework.security.web.authentication.logout.LogoutFilter.doFilter(LogoutFilter.java:93) ~[spring-security-web-6.0.1.jar:6.0.1]
?[0m?[0;34m	at org.springframework.security.web.ObservationFilterChainDecorator$ObservationFilter.wrapFilter(ObservationFilterChainDecorator.java:186) ~[spring-security-web-6.0.1.jar:6.0.1]
?[0m?[0;34m	at org.springframework.security.web.ObservationFilterChainDecorator$ObservationFilter.doFilter(ObservationFilterChainDecorator.java:173) ~[spring-security-web-6.0.1.jar:6.0.1]
?[0m?[0;34m	at org.springframework.security.web.ObservationFilterChainDecorator$VirtualFilterChain.doFilter(ObservationFilterChainDecorator.java:134) ~[spring-security-web-6.0.1.jar:6.0.1]
?[0m?[0;34m	at org.springframework.security.web.header.HeaderWriterFilter.doHeadersAfter(HeaderWriterFilter.java:90) ~[spring-security-web-6.0.1.jar:6.0.1]
?[0m?[0;34m	at org.springframework.security.web.header.HeaderWriterFilter.doFilterInternal(HeaderWriterFilter.java:75) ~[spring-security-web-6.0.1.jar:6.0.1]
?[0m?[0;34m	at org.springframework.web.filter.OncePerRequestFilter.doFilter(OncePerRequestFilter.java:116) ~[spring-web-6.0.4.jar:6.0.4]
?[0m?[0;34m	at org.springframework.security.web.ObservationFilterChainDecorator$ObservationFilter.wrapFilter(ObservationFilterChainDecorator.java:186) ~[spring-security-web-6.0.1.jar:6.0.1]
?[0m?[0;34m	at org.springframework.security.web.ObservationFilterChainDecorator$ObservationFilter.doFilter(ObservationFilterChainDecorator.java:173) ~[spring-security-web-6.0.1.jar:6.0.1]
?[0m?[0;34m	at org.springframework.security.web.ObservationFilterChainDecorator$VirtualFilterChain.doFilter(ObservationFilterChainDecorator.java:134) ~[spring-security-web-6.0.1.jar:6.0.1]
?[0m?[0;34m	at org.springframework.security.web.context.SecurityContextHolderFilter.doFilter(SecurityContextHolderFilter.java:82) ~[spring-security-web-6.0.1.jar:6.0.1]
?[0m?[0;34m	at org.springframework.security.web.context.SecurityContextHolderFilter.doFilter(SecurityContextHolderFilter.java:69) ~[spring-security-web-6.0.1.jar:6.0.1]
?[0m?[0;34m	at org.springframework.security.web.ObservationFilterChainDecorator$ObservationFilter.wrapFilter(ObservationFilterChainDecorator.java:186) ~[spring-security-web-6.0.1.jar:6.0.1]
?[0m?[0;34m	at org.springframework.security.web.ObservationFilterChainDecorator$ObservationFilter.doFilter(ObservationFilterChainDecorator.java:173) ~[spring-security-web-6.0.1.jar:6.0.1]
?[0m?[0;34m	at org.springframework.security.web.ObservationFilterChainDecorator$VirtualFilterChain.doFilter(ObservationFilterChainDecorator.java:134) ~[spring-security-web-6.0.1.jar:6.0.1]
?[0m?[0;34m	at org.springframework.security.web.context.request.async.WebAsyncManagerIntegrationFilter.doFilterInternal(WebAsyncManagerIntegrationFilter.java:62) ~[spring-security-web-6.0.1.jar:6.0.1]
?[0m?[0;34m	at org.springframework.web.filter.OncePerRequestFilter.doFilter(OncePerRequestFilter.java:116) ~[spring-web-6.0.4.jar:6.0.4]
?[0m?[0;34m	at org.springframework.security.web.ObservationFilterChainDecorator$ObservationFilter.wrapFilter(ObservationFilterChainDecorator.java:186) ~[spring-security-web-6.0.1.jar:6.0.1]
?[0m?[0;34m	at org.springframework.security.web.ObservationFilterChainDecorator$ObservationFilter.doFilter(ObservationFilterChainDecorator.java:173) ~[spring-security-web-6.0.1.jar:6.0.1]
?[0m?[0;34m	at org.springframework.security.web.ObservationFilterChainDecorator$VirtualFilterChain.doFilter(ObservationFilterChainDecorator.java:134) ~[spring-security-web-6.0.1.jar:6.0.1]
?[0m?[0;34m	at org.springframework.security.web.session.DisableEncodeUrlFilter.doFilterInternal(DisableEncodeUrlFilter.java:42) ~[spring-security-web-6.0.1.jar:6.0.1]
?[0m?[0;34m	at org.springframework.web.filter.OncePerRequestFilter.doFilter(OncePerRequestFilter.java:116) ~[spring-web-6.0.4.jar:6.0.4]
?[0m?[0;34m	at org.springframework.security.web.ObservationFilterChainDecorator$ObservationFilter.wrapFilter(ObservationFilterChainDecorator.java:186) ~[spring-security-web-6.0.1.jar:6.0.1]
?[0m?[0;34m	at org.springframework.security.web.ObservationFilterChainDecorator$AroundFilterObservation$SimpleAroundFilterObservation.lambda$wrap$0(ObservationFilterChainDecorator.java:280) ~[spring-security-web-6.0.1.jar:6.0.1]
?[0m?[0;34m	at org.springframework.security.web.ObservationFilterChainDecorator$ObservationFilter.doFilter(ObservationFilterChainDecorator.java:170) ~[spring-security-web-6.0.1.jar:6.0.1]
?[0m?[0;34m	at org.springframework.security.web.ObservationFilterChainDecorator$VirtualFilterChain.doFilter(ObservationFilterChainDecorator.java:134) ~[spring-security-web-6.0.1.jar:6.0.1]
?[0m?[0;34m	at org.springframework.security.web.FilterChainProxy.doFilterInternal(FilterChainProxy.java:233) ~[spring-security-web-6.0.1.jar:6.0.1]
?[0m?[0;34m	at org.springframework.security.web.FilterChainProxy.doFilter(FilterChainProxy.java:191) ~[spring-security-web-6.0.1.jar:6.0.1]
?[0m?[0;34m	at org.springframework.web.filter.DelegatingFilterProxy.invokeDelegate(DelegatingFilterProxy.java:351) ~[spring-web-6.0.4.jar:6.0.4]
?[0m?[0;34m	at org.springframework.web.filter.DelegatingFilterProxy.doFilter(DelegatingFilterProxy.java:267) ~[spring-web-6.0.4.jar:6.0.4]
?[0m?[0;34m	at jdk.internal.reflect.GeneratedMethodAccessor12.invoke(Unknown Source) ~[na:na]
?[0m?[0;34m	at java.base/jdk.internal.reflect.DelegatingMethodAccessorImpl.invoke(DelegatingMethodAccessorImpl.java:43) ~[na:na]
?[0m?[0;34m	at java.base/java.lang.reflect.Method.invoke(Method.java:568) ~[na:na]
?[0m?[0;34m	at org.apache.catalina.security.SecurityUtil.lambda$execute$0(SecurityUtil.java:281) ~[tomcat-embed-core-10.1.5.jar:10.1.5]
?[0m?[0;34m	at java.base/java.security.AccessController.doPrivileged(AccessController.java:712) ~[na:na]
?[0m?[0;34m	at java.base/javax.security.auth.Subject.doAsPrivileged(Subject.java:584) ~[na:na]
?[0m?[0;34m	at org.apache.catalina.security.SecurityUtil.execute(SecurityUtil.java:312) ~[tomcat-embed-core-10.1.5.jar:10.1.5]
?[0m?[0;34m	at org.apache.catalina.security.SecurityUtil.doAsPrivilege(SecurityUtil.java:254) ~[tomcat-embed-core-10.1.5.jar:10.1.5]
?[0m?[0;34m	at org.apache.catalina.core.ApplicationFilterChain.internalDoFilter(ApplicationFilterChain.java:183) ~[tomcat-embed-core-10.1.5.jar:10.1.5]
?[0m?[0;34m	at org.apache.catalina.core.ApplicationFilterChain.lambda$doFilter$0(ApplicationFilterChain.java:141) ~[tomcat-embed-core-10.1.5.jar:10.1.5]
?[0m?[0;34m	at java.base/java.security.AccessController.doPrivileged(AccessController.java:569) ~[na:na]
?[0m?[0;34m	at org.apache.catalina.core.ApplicationFilterChain.doFilter(ApplicationFilterChain.java:139) ~[tomcat-embed-core-10.1.5.jar:10.1.5]
?[0m?[0;34m	at org.springframework.web.filter.RequestContextFilter.doFilterInternal(RequestContextFilter.java:100) ~[spring-web-6.0.4.jar:6.0.4]
?[0m?[0;34m	at org.springframework.web.filter.OncePerRequestFilter.doFilter(OncePerRequestFilter.java:116) ~[spring-web-6.0.4.jar:6.0.4]
?[0m?[0;34m	at jdk.internal.reflect.GeneratedMethodAccessor12.invoke(Unknown Source) ~[na:na]
?[0m?[0;34m	at java.base/jdk.internal.reflect.DelegatingMethodAccessorImpl.invoke(DelegatingMethodAccessorImpl.java:43) ~[na:na]
?[0m?[0;34m	at java.base/java.lang.reflect.Method.invoke(Method.java:568) ~[na:na]
?[0m?[0;34m	at org.apache.catalina.security.SecurityUtil.lambda$execute$0(SecurityUtil.java:281) ~[tomcat-embed-core-10.1.5.jar:10.1.5]
?[0m?[0;34m	at java.base/java.security.AccessController.doPrivileged(AccessController.java:712) ~[na:na]
?[0m?[0;34m	at java.base/javax.security.auth.Subject.doAsPrivileged(Subject.java:584) ~[na:na]
?[0m?[0;34m	at org.apache.catalina.security.SecurityUtil.execute(SecurityUtil.java:312) ~[tomcat-embed-core-10.1.5.jar:10.1.5]
?[0m?[0;34m	at org.apache.catalina.security.SecurityUtil.doAsPrivilege(SecurityUtil.java:254) ~[tomcat-embed-core-10.1.5.jar:10.1.5]
?[0m?[0;34m	at org.apache.catalina.core.ApplicationFilterChain.internalDoFilter(ApplicationFilterChain.java:183) ~[tomcat-embed-core-10.1.5.jar:10.1.5]
?[0m?[0;34m	at org.apache.catalina.core.ApplicationFilterChain.lambda$doFilter$0(ApplicationFilterChain.java:141) ~[tomcat-embed-core-10.1.5.jar:10.1.5]
?[0m?[0;34m	at java.base/java.security.AccessController.doPrivileged(AccessController.java:569) ~[na:na]
?[0m?[0;34m	at org.apache.catalina.core.ApplicationFilterChain.doFilter(ApplicationFilterChain.java:139) ~[tomcat-embed-core-10.1.5.jar:10.1.5]
?[0m?[0;34m	at org.springframework.web.filter.FormContentFilter.doFilterInternal(FormContentFilter.java:93) ~[spring-web-6.0.4.jar:6.0.4]
?[0m?[0;34m	at org.springframework.web.filter.OncePerRequestFilter.doFilter(OncePerRequestFilter.java:116) ~[spring-web-6.0.4.jar:6.0.4]
?[0m?[0;34m	at jdk.internal.reflect.GeneratedMethodAccessor12.invoke(Unknown Source) ~[na:na]
?[0m?[0;34m	at java.base/jdk.internal.reflect.DelegatingMethodAccessorImpl.invoke(DelegatingMethodAccessorImpl.java:43) ~[na:na]
?[0m?[0;34m	at java.base/java.lang.reflect.Method.invoke(Method.java:568) ~[na:na]
?[0m?[0;34m	at org.apache.catalina.security.SecurityUtil.lambda$execute$0(SecurityUtil.java:281) ~[tomcat-embed-core-10.1.5.jar:10.1.5]
?[0m?[0;34m	at java.base/java.security.AccessController.doPrivileged(AccessController.java:712) ~[na:na]
?[0m?[0;34m	at java.base/javax.security.auth.Subject.doAsPrivileged(Subject.java:584) ~[na:na]
?[0m?[0;34m	at org.apache.catalina.security.SecurityUtil.execute(SecurityUtil.java:312) ~[tomcat-embed-core-10.1.5.jar:10.1.5]
?[0m?[0;34m	at org.apache.catalina.security.SecurityUtil.doAsPrivilege(SecurityUtil.java:254) ~[tomcat-embed-core-10.1.5.jar:10.1.5]
?[0m?[0;34m	at org.apache.catalina.core.ApplicationFilterChain.internalDoFilter(ApplicationFilterChain.java:183) ~[tomcat-embed-core-10.1.5.jar:10.1.5]
?[0m?[0;34m	at org.apache.catalina.core.ApplicationFilterChain.lambda$doFilter$0(ApplicationFilterChain.java:141) ~[tomcat-embed-core-10.1.5.jar:10.1.5]
?[0m?[0;34m	at java.base/java.security.AccessController.doPrivileged(AccessController.java:569) ~[na:na]
?[0m?[0;34m	at org.apache.catalina.core.ApplicationFilterChain.doFilter(ApplicationFilterChain.java:139) ~[tomcat-embed-core-10.1.5.jar:10.1.5]
?[0m?[0;34m	at org.springframework.web.filter.ServerHttpObservationFilter.doFilterInternal(ServerHttpObservationFilter.java:109) ~[spring-web-6.0.4.jar:6.0.4]
?[0m?[0;34m	at org.springframework.web.filter.OncePerRequestFilter.doFilter(OncePerRequestFilter.java:116) ~[spring-web-6.0.4.jar:6.0.4]
?[0m?[0;34m	at jdk.internal.reflect.GeneratedMethodAccessor12.invoke(Unknown Source) ~[na:na]
?[0m?[0;34m	at java.base/jdk.internal.reflect.DelegatingMethodAccessorImpl.invoke(DelegatingMethodAccessorImpl.java:43) ~[na:na]
?[0m?[0;34m	at java.base/java.lang.reflect.Method.invoke(Method.java:568) ~[na:na]
?[0m?[0;34m	at org.apache.catalina.security.SecurityUtil.lambda$execute$0(SecurityUtil.java:281) ~[tomcat-embed-core-10.1.5.jar:10.1.5]
?[0m?[0;34m	at java.base/java.security.AccessController.doPrivileged(AccessController.java:712) ~[na:na]
?[0m?[0;34m	at java.base/javax.security.auth.Subject.doAsPrivileged(Subject.java:584) ~[na:na]
?[0m?[0;34m	at org.apache.catalina.security.SecurityUtil.execute(SecurityUtil.java:312) ~[tomcat-embed-core-10.1.5.jar:10.1.5]
?[0m?[0;34m	at org.apache.catalina.security.SecurityUtil.doAsPrivilege(SecurityUtil.java:254) ~[tomcat-embed-core-10.1.5.jar:10.1.5]
?[0m?[0;34m	at org.apache.catalina.core.ApplicationFilterChain.internalDoFilter(ApplicationFilterChain.java:183) ~[tomcat-embed-core-10.1.5.jar:10.1.5]
?[0m?[0;34m	at org.apache.catalina.core.ApplicationFilterChain.lambda$doFilter$0(ApplicationFilterChain.java:141) ~[tomcat-embed-core-10.1.5.jar:10.1.5]
?[0m?[0;34m	at java.base/java.security.AccessController.doPrivileged(AccessController.java:569) ~[na:na]
?[0m?[0;34m	at org.apache.catalina.core.ApplicationFilterChain.doFilter(ApplicationFilterChain.java:139) ~[tomcat-embed-core-10.1.5.jar:10.1.5]
?[0m?[0;34m	at org.springframework.web.filter.CharacterEncodingFilter.doFilterInternal(CharacterEncodingFilter.java:201) ~[spring-web-6.0.4.jar:6.0.4]
?[0m?[0;34m	at org.springframework.web.filter.OncePerRequestFilter.doFilter(OncePerRequestFilter.java:116) ~[spring-web-6.0.4.jar:6.0.4]
?[0m?[0;34m	at jdk.internal.reflect.GeneratedMethodAccessor12.invoke(Unknown Source) ~[na:na]
?[0m?[0;34m	at java.base/jdk.internal.reflect.DelegatingMethodAccessorImpl.invoke(DelegatingMethodAccessorImpl.java:43) ~[na:na]
?[0m?[0;34m	at java.base/java.lang.reflect.Method.invoke(Method.java:568) ~[na:na]
?[0m?[0;34m	at org.apache.catalina.security.SecurityUtil.lambda$execute$0(SecurityUtil.java:281) ~[tomcat-embed-core-10.1.5.jar:10.1.5]
?[0m?[0;34m	at java.base/java.security.AccessController.doPrivileged(AccessController.java:712) ~[na:na]
?[0m?[0;34m	at java.base/javax.security.auth.Subject.doAsPrivileged(Subject.java:584) ~[na:na]
?[0m?[0;34m	at org.apache.catalina.security.SecurityUtil.execute(SecurityUtil.java:312) ~[tomcat-embed-core-10.1.5.jar:10.1.5]
?[0m?[0;34m	at org.apache.catalina.security.SecurityUtil.doAsPrivilege(SecurityUtil.java:254) ~[tomcat-embed-core-10.1.5.jar:10.1.5]
?[0m?[0;34m	at org.apache.catalina.core.ApplicationFilterChain.internalDoFilter(ApplicationFilterChain.java:183) ~[tomcat-embed-core-10.1.5.jar:10.1.5]
?[0m?[0;34m	at org.apache.catalina.core.ApplicationFilterChain.lambda$doFilter$0(ApplicationFilterChain.java:141) ~[tomcat-embed-core-10.1.5.jar:10.1.5]
?[0m?[0;34m	at java.base/java.security.AccessController.doPrivileged(AccessController.java:569) ~[na:na]
?[0m?[0;34m	at org.apache.catalina.core.ApplicationFilterChain.doFilter(ApplicationFilterChain.java:139) ~[tomcat-embed-core-10.1.5.jar:10.1.5]
?[0m?[0;34m	at org.apache.catalina.core.StandardWrapperValve.invoke(StandardWrapperValve.java:177) ~[tomcat-embed-core-10.1.5.jar:10.1.5]
?[0m?[0;34m	at org.apache.catalina.core.StandardContextValve.invoke(StandardContextValve.java:97) ~[tomcat-embed-core-10.1.5.jar:10.1.5]
?[0m?[0;34m	at org.apache.catalina.authenticator.AuthenticatorBase.invoke(AuthenticatorBase.java:542) ~[tomcat-embed-core-10.1.5.jar:10.1.5]
?[0m?[0;34m	at org.apache.catalina.core.StandardHostValve.invoke(StandardHostValve.java:119) ~[tomcat-embed-core-10.1.5.jar:10.1.5]
?[0m?[0;34m	at org.apache.catalina.valves.ErrorReportValve.invoke(ErrorReportValve.java:92) ~[tomcat-embed-core-10.1.5.jar:10.1.5]
?[0m?[0;34m	at org.apache.catalina.core.StandardEngineValve.invoke(StandardEngineValve.java:78) ~[tomcat-embed-core-10.1.5.jar:10.1.5]
?[0m?[0;34m	at org.apache.catalina.connector.CoyoteAdapter.service(CoyoteAdapter.java:357) ~[tomcat-embed-core-10.1.5.jar:10.1.5]
?[0m?[0;34m	at org.apache.coyote.http11.Http11Processor.service(Http11Processor.java:400) ~[tomcat-embed-core-10.1.5.jar:10.1.5]
?[0m?[0;34m	at org.apache.coyote.AbstractProcessorLight.process(AbstractProcessorLight.java:65) ~[tomcat-embed-core-10.1.5.jar:10.1.5]
?[0m?[0;34m	at org.apache.coyote.AbstractProtocol$ConnectionHandler.process(AbstractProtocol.java:859) ~[tomcat-embed-core-10.1.5.jar:10.1.5]
?[0m?[0;34m	at org.apache.tomcat.util.net.NioEndpoint$SocketProcessor.doRun(NioEndpoint.java:1734) ~[tomcat-embed-core-10.1.5.jar:10.1.5]
?[0m?[0;34m	at org.apache.tomcat.util.net.SocketProcessorBase.run(SocketProcessorBase.java:52) ~[tomcat-embed-core-10.1.5.jar:10.1.5]
?[0m?[0;34m	at org.apache.tomcat.util.threads.ThreadPoolExecutor.runWorker(ThreadPoolExecutor.java:1191) ~[tomcat-embed-core-10.1.5.jar:10.1.5]
?[0m?[0;34m	at org.apache.tomcat.util.threads.ThreadPoolExecutor$Worker.run(ThreadPoolExecutor.java:659) ~[tomcat-embed-core-10.1.5.jar:10.1.5]
?[0m?[0;34m	at org.apache.tomcat.util.threads.TaskThread$WrappingRunnable.run(TaskThread.java:61) ~[tomcat-embed-core-10.1.5.jar:10.1.5]
?[0m?[0;34m	at java.base/java.lang.Thread.run(Thread.java:840) ~[na:na]
?[0m?[0;34m
?[0m?[0;34m2024-07-18T17:39:18.046-04:00 DEBUG 93785 --- [io-28852-exec-7] s.w.a.DelegatingAuthenticationEntryPoint : Trying to match using RequestHeaderRequestMatcher [expectedHeaderName=X-Requested-With, expectedHeaderValue=XMLHttpRequest]
?[0m?[0;34m2024-07-18T17:39:18.046-04:00 DEBUG 93785 --- [io-28852-exec-7] s.w.a.DelegatingAuthenticationEntryPoint : No match found. Using default entry point org.springframework.security.web.authentication.www.BasicAuthenticationEntryPoint@4eaf4cde
?[0m?[0;34m2024-07-18T17:39:18.048-04:00 DEBUG 93785 --- [io-28852-exec-7] o.a.c.c.C.[Tomcat].[localhost]           : Processing ErrorPage[errorCode=0, location=/error]
?[0m?[0;34m2024-07-18T17:39:18.049-04:00 DEBUG 93785 --- [io-28852-exec-7] o.s.security.web.FilterChainProxy        : Securing GET /error
?[0m?[0;34m2024-07-18T17:39:18.051-04:00 DEBUG 93785 --- [io-28852-exec-7] org.apache.tomcat.util.http.Parameters   : Set encoding to UTF-8
?[0m?[0;34m2024-07-18T17:39:18.052-04:00 DEBUG 93785 --- [io-28852-exec-7] o.s.s.w.a.AnonymousAuthenticationFilter  : Set SecurityContextHolder to anonymous SecurityContext
?[0m?[0;34m2024-07-18T17:39:18.054-04:00 DEBUG 93785 --- [io-28852-exec-7] s.w.s.m.m.a.RequestMappingHandlerMapping : Mapped to org.springframework.boot.autoconfigure.web.servlet.error.BasicErrorController#error(HttpServletRequest)
?[0m?[0;34m2024-07-18T17:39:18.059-04:00 DEBUG 93785 --- [      Finalizer] h.i.c.PoolingHttpClientConnectionManager : Connection manager is shutting down
?[0m?[0;34m2024-07-18T17:39:18.059-04:00 DEBUG 93785 --- [      Finalizer] h.i.c.DefaultManagedHttpClientConnection : http-outgoing-3: Close connection
?[0m?[0;34m2024-07-18T17:39:18.059-04:00 DEBUG 93785 --- [      Finalizer] h.i.c.PoolingHttpClientConnectionManager : Connection manager shut down
?[0m?[0;34m2024-07-18T17:39:18.059-04:00 DEBUG 93785 --- [      Finalizer] h.i.c.PoolingHttpClientConnectionManager : Connection manager is shutting down
?[0m?[0;34m2024-07-18T17:39:18.059-04:00 DEBUG 93785 --- [      Finalizer] h.i.c.DefaultManagedHttpClientConnection : http-outgoing-4: Close connection
?[0m?[0;34m2024-07-18T17:39:18.059-04:00 DEBUG 93785 --- [      Finalizer] h.i.c.PoolingHttpClientConnectionManager : Connection manager shut down
?[0;34m2024-07-18T17:39:18.059-04:00 DEBUG 93785 --- [io-28852-exec-8] o.a.coyote.http11.Http11InputBuffer      : Before fill(): parsingHeader: [true], parsingRequestLine: [true], parsingRequestLinePhase: [0], parsingRequestLineStart: [0], byteBuffer.position(): [0], byteBuffer.limit(): [0], end: [213]
?[0;34m2024-07-18T17:39:18.059-04:00 DEBUG 93785 --- [io-28852-exec-9] o.a.coyote.http11.Http11InputBuffer      : Before fill(): parsingHeader: [true], parsingRequestLine: [true], parsingRequestLinePhase: [0], parsingRequestLineStart: [0], byteBuffer.position(): [0], byteBuffer.limit(): [0], end: [0]
?[0m?[0;34m2024-07-18T17:39:18.059-04:00 DEBUG 93785 --- [io-28852-exec-8] o.a.tomcat.util.net.SocketWrapperBase    : Socket: [org.apache.tomcat.util.net.NioEndpoint$NioSocketWrapper@7d3b55ce:org.apache.tomcat.util.net.NioChannel@73fca419:java.nio.channels.SocketChannel[connected local=localhost/127.0.0.1:28852 remote=/127.0.0.1:62451]], Read from buffer: [0]
?[0m?[0;34m2024-07-18T17:39:18.060-04:00 DEBUG 93785 --- [io-28852-exec-9] o.a.tomcat.util.net.SocketWrapperBase    : Socket: [org.apache.tomcat.util.net.NioEndpoint$NioSocketWrapper@55edce9b:org.apache.tomcat.util.net.NioChannel@5b2a2a56:java.nio.channels.SocketChannel[connected local=localhost/127.0.0.1:28852 remote=/127.0.0.1:62452]], Read from buffer: [0]
?[0m?[0;34m2024-07-18T17:39:18.060-04:00 DEBUG 93785 --- [io-28852-exec-8] o.apache.coyote.http11.Http11Processor   : Error parsing HTTP request header
?[0m?[0;34m
?[0m?[0;34mjava.io.EOFException: null
?[0m?[0;34m	at org.apache.tomcat.util.net.NioEndpoint$NioSocketWrapper.fillReadBuffer(NioEndpoint.java:1290) ~[tomcat-embed-core-10.1.5.jar:10.1.5]
?[0m?[0;34m	at org.apache.tomcat.util.net.NioEndpoint$NioSocketWrapper.read(NioEndpoint.java:1177) ~[tomcat-embed-core-10.1.5.jar:10.1.5]
?[0m?[0;34m	at org.apache.coyote.http11.Http11InputBuffer.fill(Http11InputBuffer.java:805) ~[tomcat-embed-core-10.1.5.jar:10.1.5]
?[0m?[0;34m	at org.apache.coyote.http11.Http11InputBuffer.parseRequestLine(Http11InputBuffer.java:360) ~[tomcat-embed-core-10.1.5.jar:10.1.5]
?[0m?[0;34m	at org.apache.coyote.http11.Http11Processor.service(Http11Processor.java:272) ~[tomcat-embed-core-10.1.5.jar:10.1.5]
?[0m?[0;34m	at org.apache.coyote.AbstractProcessorLight.process(AbstractProcessorLight.java:65) ~[tomcat-embed-core-10.1.5.jar:10.1.5]
?[0m?[0;34m	at org.apache.coyote.AbstractProtocol$ConnectionHandler.process(AbstractProtocol.java:859) ~[tomcat-embed-core-10.1.5.jar:10.1.5]
?[0m?[0;34m	at org.apache.tomcat.util.net.NioEndpoint$SocketProcessor.doRun(NioEndpoint.java:1734) ~[tomcat-embed-core-10.1.5.jar:10.1.5]
?[0m?[0;34m	at org.apache.tomcat.util.net.SocketProcessorBase.run(SocketProcessorBase.java:52) ~[tomcat-embed-core-10.1.5.jar:10.1.5]
?[0m?[0;34m	at org.apache.tomcat.util.threads.ThreadPoolExecutor.runWorker(ThreadPoolExecutor.java:1191) ~[tomcat-embed-core-10.1.5.jar:10.1.5]
?[0m?[0;34m	at org.apache.tomcat.util.threads.ThreadPoolExecutor$Worker.run(ThreadPoolExecutor.java:659) ~[tomcat-embed-core-10.1.5.jar:10.1.5]
?[0m?[0;34m	at org.apache.tomcat.util.threads.TaskThread$WrappingRunnable.run(TaskThread.java:61) ~[tomcat-embed-core-10.1.5.jar:10.1.5]
?[0m?[0;34m	at java.base/java.lang.Thread.run(Thread.java:840) ~[na:na]
?[0m?[0;34m
?[0m?[0;34m2024-07-18T17:39:18.060-04:00 DEBUG 93785 --- [io-28852-exec-9] o.apache.coyote.http11.Http11Processor   : Error parsing HTTP request header
?[0m?[0;34m
?[0m?[0;34mjava.io.EOFException: null
?[0m?[0;34m	at org.apache.tomcat.util.net.NioEndpoint$NioSocketWrapper.fillReadBuffer(NioEndpoint.java:1290) ~[tomcat-embed-core-10.1.5.jar:10.1.5]
?[0m?[0;34m	at org.apache.tomcat.util.net.NioEndpoint$NioSocketWrapper.read(NioEndpoint.java:1177) ~[tomcat-embed-core-10.1.5.jar:10.1.5]
?[0m?[0;34m	at org.apache.coyote.http11.Http11InputBuffer.fill(Http11InputBuffer.java:805) ~[tomcat-embed-core-10.1.5.jar:10.1.5]
?[0m?[0;34m	at org.apache.coyote.http11.Http11InputBuffer.parseRequestLine(Http11InputBuffer.java:360) ~[tomcat-embed-core-10.1.5.jar:10.1.5]
?[0m?[0;34m	at org.apache.coyote.http11.Http11Processor.service(Http11Processor.java:272) ~[tomcat-embed-core-10.1.5.jar:10.1.5]
?[0m?[0;34m	at org.apache.coyote.AbstractProcessorLight.process(AbstractProcessorLight.java:65) ~[tomcat-embed-core-10.1.5.jar:10.1.5]
?[0m?[0;34m	at org.apache.coyote.AbstractProtocol$ConnectionHandler.process(AbstractProtocol.java:859) ~[tomcat-embed-core-10.1.5.jar:10.1.5]
?[0m?[0;34m	at org.apache.tomcat.util.net.NioEndpoint$SocketProcessor.doRun(NioEndpoint.java:1734) ~[tomcat-embed-core-10.1.5.jar:10.1.5]
?[0m?[0;34m	at org.apache.tomcat.util.net.SocketProcessorBase.run(SocketProcessorBase.java:52) ~[tomcat-embed-core-10.1.5.jar:10.1.5]
?[0m?[0;34m	at org.apache.tomcat.util.threads.ThreadPoolExecutor.runWorker(ThreadPoolExecutor.java:1191) ~[tomcat-embed-core-10.1.5.jar:10.1.5]
?[0m?[0;34m	at org.apache.tomcat.util.threads.ThreadPoolExecutor$Worker.run(ThreadPoolExecutor.java:659) ~[tomcat-embed-core-10.1.5.jar:10.1.5]
?[0m?[0;34m	at org.apache.tomcat.util.threads.TaskThread$WrappingRunnable.run(TaskThread.java:61) ~[tomcat-embed-core-10.1.5.jar:10.1.5]
?[0m?[0;34m	at java.base/java.lang.Thread.run(Thread.java:840) ~[na:na]
?[0m?[0;34m
?[0m?[0;34m2024-07-18T17:39:18.060-04:00 DEBUG 93785 --- [io-28852-exec-8] o.apache.coyote.http11.Http11Processor   : Error state [CLOSE_CONNECTION_NOW] reported while processing request
?[0m?[0;34m
?[0m?[0;34mjava.io.EOFException: null
?[0m?[0;34m	at org.apache.tomcat.util.net.NioEndpoint$NioSocketWrapper.fillReadBuffer(NioEndpoint.java:1290) ~[tomcat-embed-core-10.1.5.jar:10.1.5]
?[0m?[0;34m	at org.apache.tomcat.util.net.NioEndpoint$NioSocketWrapper.read(NioEndpoint.java:1177) ~[tomcat-embed-core-10.1.5.jar:10.1.5]
?[0m?[0;34m	at org.apache.coyote.http11.Http11InputBuffer.fill(Http11InputBuffer.java:805) ~[tomcat-embed-core-10.1.5.jar:10.1.5]
?[0m?[0;34m	at org.apache.coyote.http11.Http11InputBuffer.parseRequestLine(Http11InputBuffer.java:360) ~[tomcat-embed-core-10.1.5.jar:10.1.5]
?[0m?[0;34m	at org.apache.coyote.http11.Http11Processor.service(Http11Processor.java:272) ~[tomcat-embed-core-10.1.5.jar:10.1.5]
?[0m?[0;34m	at org.apache.coyote.AbstractProcessorLight.process(AbstractProcessorLight.java:65) ~[tomcat-embed-core-10.1.5.jar:10.1.5]
?[0m?[0;34m	at org.apache.coyote.AbstractProtocol$ConnectionHandler.process(AbstractProtocol.java:859) ~[tomcat-embed-core-10.1.5.jar:10.1.5]
?[0m?[0;34m	at org.apache.tomcat.util.net.NioEndpoint$SocketProcessor.doRun(NioEndpoint.java:1734) ~[tomcat-embed-core-10.1.5.jar:10.1.5]
?[0m?[0;34m	at org.apache.tomcat.util.net.SocketProcessorBase.run(SocketProcessorBase.java:52) ~[tomcat-embed-core-10.1.5.jar:10.1.5]
?[0m?[0;34m	at org.apache.tomcat.util.threads.ThreadPoolExecutor.runWorker(ThreadPoolExecutor.java:1191) ~[tomcat-embed-core-10.1.5.jar:10.1.5]
?[0m?[0;34m	at org.apache.tomcat.util.threads.ThreadPoolExecutor$Worker.run(ThreadPoolExecutor.java:659) ~[tomcat-embed-core-10.1.5.jar:10.1.5]
?[0m?[0;34m	at org.apache.tomcat.util.threads.TaskThread$WrappingRunnable.run(TaskThread.java:61) ~[tomcat-embed-core-10.1.5.jar:10.1.5]
?[0m?[0;34m	at java.base/java.lang.Thread.run(Thread.java:840) ~[na:na]
?[0m?[0;34m
?[0m?[0;34m2024-07-18T17:39:18.061-04:00 DEBUG 93785 --- [io-28852-exec-9] o.apache.coyote.http11.Http11Processor   : Error state [CLOSE_CONNECTION_NOW] reported while processing request
?[0m?[0;34m
?[0m?[0;34mjava.io.EOFException: null
?[0m?[0;34m	at org.apache.tomcat.util.net.NioEndpoint$NioSocketWrapper.fillReadBuffer(NioEndpoint.java:1290) ~[tomcat-embed-core-10.1.5.jar:10.1.5]
?[0m?[0;34m	at org.apache.tomcat.util.net.NioEndpoint$NioSocketWrapper.read(NioEndpoint.java:1177) ~[tomcat-embed-core-10.1.5.jar:10.1.5]
?[0m?[0;34m	at org.apache.coyote.http11.Http11InputBuffer.fill(Http11InputBuffer.java:805) ~[tomcat-embed-core-10.1.5.jar:10.1.5]
?[0m?[0;34m	at org.apache.coyote.http11.Http11InputBuffer.parseRequestLine(Http11InputBuffer.java:360) ~[tomcat-embed-core-10.1.5.jar:10.1.5]
?[0m?[0;34m	at org.apache.coyote.http11.Http11Processor.service(Http11Processor.java:272) ~[tomcat-embed-core-10.1.5.jar:10.1.5]
?[0m?[0;34m	at org.apache.coyote.AbstractProcessorLight.process(AbstractProcessorLight.java:65) ~[tomcat-embed-core-10.1.5.jar:10.1.5]
?[0m?[0;34m	at org.apache.coyote.AbstractProtocol$ConnectionHandler.process(AbstractProtocol.java:859) ~[tomcat-embed-core-10.1.5.jar:10.1.5]
?[0m?[0;34m	at org.apache.tomcat.util.net.NioEndpoint$SocketProcessor.doRun(NioEndpoint.java:1734) ~[tomcat-embed-core-10.1.5.jar:10.1.5]
?[0m?[0;34m	at org.apache.tomcat.util.net.SocketProcessorBase.run(SocketProcessorBase.java:52) ~[tomcat-embed-core-10.1.5.jar:10.1.5]
?[0m?[0;34m	at org.apache.tomcat.util.threads.ThreadPoolExecutor.runWorker(ThreadPoolExecutor.java:1191) ~[tomcat-embed-core-10.1.5.jar:10.1.5]
?[0m?[0;34m	at org.apache.tomcat.util.threads.ThreadPoolExecutor$Worker.run(ThreadPoolExecutor.java:659) ~[tomcat-embed-core-10.1.5.jar:10.1.5]
?[0m?[0;34m	at org.apache.tomcat.util.threads.TaskThread$WrappingRunnable.run(TaskThread.java:61) ~[tomcat-embed-core-10.1.5.jar:10.1.5]
?[0m?[0;34m	at java.base/java.lang.Thread.run(Thread.java:840) ~[na:na]
?[0m?[0;34m
?[0m?[0;34m2024-07-18T17:39:18.061-04:00 DEBUG 93785 --- [io-28852-exec-8] o.apache.coyote.http11.Http11Processor   : Socket: [org.apache.tomcat.util.net.NioEndpoint$NioSocketWrapper@7d3b55ce:org.apache.tomcat.util.net.NioChannel@73fca419:java.nio.channels.SocketChannel[connected local=localhost/127.0.0.1:28852 remote=/127.0.0.1:62451]], Status in: [OPEN_READ], State out: [CLOSED]
?[0m?[0;34m2024-07-18T17:39:18.061-04:00 DEBUG 93785 --- [io-28852-exec-9] o.apache.coyote.http11.Http11Processor   : Socket: [org.apache.tomcat.util.net.NioEndpoint$NioSocketWrapper@55edce9b:org.apache.tomcat.util.net.NioChannel@5b2a2a56:java.nio.channels.SocketChannel[connected local=localhost/127.0.0.1:28852 remote=/127.0.0.1:62452]], Status in: [OPEN_READ], State out: [CLOSED]
?[0m?[0;34m2024-07-18T17:39:18.061-04:00 DEBUG 93785 --- [io-28852-exec-8] o.apache.tomcat.util.threads.LimitLatch  : Counting down[http-nio-28852-exec-8] latch=3
?[0m?[0;34m2024-07-18T17:39:18.061-04:00 DEBUG 93785 --- [io-28852-exec-9] o.apache.tomcat.util.threads.LimitLatch  : Counting down[http-nio-28852-exec-9] latch=2
?[0m?[0;34m2024-07-18T17:39:18.061-04:00 DEBUG 93785 --- [io-28852-exec-9] org.apache.tomcat.util.net.NioEndpoint   : Calling [org.apache.tomcat.util.net.NioEndpoint@6adae3fa].closeSocket([org.apache.tomcat.util.net.NioEndpoint$NioSocketWrapper@55edce9b:org.apache.tomcat.util.net.NioChannel@5b2a2a56:java.nio.channels.SocketChannel[connected local=localhost/127.0.0.1:28852 remote=/127.0.0.1:62452]])
?[0m?[0;34m2024-07-18T17:39:18.061-04:00 DEBUG 93785 --- [io-28852-exec-8] org.apache.tomcat.util.net.NioEndpoint   : Calling [org.apache.tomcat.util.net.NioEndpoint@6adae3fa].closeSocket([org.apache.tomcat.util.net.NioEndpoint$NioSocketWrapper@7d3b55ce:org.apache.tomcat.util.net.NioChannel@73fca419:java.nio.channels.SocketChannel[connected local=localhost/127.0.0.1:28852 remote=/127.0.0.1:62451]])
?[0m?[0;34m2024-07-18T17:39:18.055-04:00 DEBUG 93785 --- [io-28852-exec-7] s.w.s.m.m.a.RequestMappingHandlerMapping : Mapped to org.springframework.boot.autoconfigure.web.servlet.error.BasicErrorController#error(HttpServletRequest)
?[0m?[0;34m2024-07-18T17:39:18.063-04:00 DEBUG 93785 --- [io-28852-exec-7] s.w.s.m.m.a.RequestMappingHandlerMapping : Mapped to org.springframework.boot.autoconfigure.web.servlet.error.BasicErrorController#error(HttpServletRequest)
?[0m?[0;34m2024-07-18T17:39:18.064-04:00 DEBUG 93785 --- [io-28852-exec-7] o.s.s.w.a.i.FilterSecurityInterceptor    : Failed to authorize filter invocation [GET /error] with attributes [authenticated]
?[0m?[0;34m2024-07-18T17:39:18.065-04:00 DEBUG 93785 --- [io-28852-exec-7] o.s.s.w.s.HttpSessionRequestCache        : Saved request http://localhost:28852/error?continue to session
?[0m?[0;34m2024-07-18T17:39:18.066-04:00 DEBUG 93785 --- [io-28852-exec-7] o.a.c.c.C.[.[.[/].[dispatcherServlet]    :  Disabling the response for further output
?[0m?[0;34m2024-07-18T17:39:18.067-04:00 DEBUG 93785 --- [    Test worker] org.apache.http.wire                     : http-outgoing-5 << "HTTP/1.1 401 [\r][\n]"
?[0m?[0;34m2024-07-18T17:39:18.067-04:00 DEBUG 93785 --- [    Test worker] org.apache.http.wire                     : http-outgoing-5 << "WWW-Authenticate: Basic realm="Realm"[\r][\n]"
?[0m?[0;34m2024-07-18T17:39:18.067-04:00 DEBUG 93785 --- [    Test worker] org.apache.http.wire                     : http-outgoing-5 << "X-Content-Type-Options: nosniff[\r][\n]"
?[0m?[0;34m2024-07-18T17:39:18.067-04:00 DEBUG 93785 --- [    Test worker] org.apache.http.wire                     : http-outgoing-5 << "X-XSS-Protection: 0[\r][\n]"
?[0m?[0;34m2024-07-18T17:39:18.067-04:00 DEBUG 93785 --- [    Test worker] org.apache.http.wire                     : http-outgoing-5 << "Cache-Control: no-cache, no-store, max-age=0, must-revalidate[\r][\n]"
?[0m?[0;34m2024-07-18T17:39:18.067-04:00 DEBUG 93785 --- [    Test worker] org.apache.http.wire                     : http-outgoing-5 << "Pragma: no-cache[\r][\n]"
?[0m?[0;34m2024-07-18T17:39:18.067-04:00 DEBUG 93785 --- [    Test worker] org.apache.http.wire                     : http-outgoing-5 << "Expires: 0[\r][\n]"
?[0m?[0;34m2024-07-18T17:39:18.067-04:00 DEBUG 93785 --- [    Test worker] org.apache.http.wire                     : http-outgoing-5 << "Set-Cookie: JSESSIONID=4467E1B278593C8056F2570F9E6DBF34; Path=/; HttpOnly[\r][\n]"
?[0m?[0;34m2024-07-18T17:39:18.067-04:00 DEBUG 93785 --- [    Test worker] org.apache.http.wire                     : http-outgoing-5 << "Content-Length: 0[\r][\n]"
?[0m?[0;34m2024-07-18T17:39:18.067-04:00 DEBUG 93785 --- [    Test worker] org.apache.http.wire                     : http-outgoing-5 << "Date: Thu, 18 Jul 2024 21:39:18 GMT[\r][\n]"
?[0m?[0;34m2024-07-18T17:39:18.067-04:00 DEBUG 93785 --- [    Test worker] org.apache.http.wire                     : http-outgoing-5 << "Keep-Alive: timeout=60[\r][\n]"
?[0m?[0;34m2024-07-18T17:39:18.068-04:00 DEBUG 93785 --- [    Test worker] org.apache.http.wire                     : http-outgoing-5 << "Connection: keep-alive[\r][\n]"
?[0m?[0;34m2024-07-18T17:39:18.068-04:00 DEBUG 93785 --- [    Test worker] org.apache.http.wire                     : http-outgoing-5 << "[\r][\n]"
?[0m?[0;34m2024-07-18T17:39:18.068-04:00 DEBUG 93785 --- [    Test worker] org.apache.http.headers                  : http-outgoing-5 << HTTP/1.1 401 
?[0m?[0;34m2024-07-18T17:39:18.068-04:00 DEBUG 93785 --- [    Test worker] org.apache.http.headers                  : http-outgoing-5 << WWW-Authenticate: Basic realm="Realm"
?[0m?[0;34m2024-07-18T17:39:18.068-04:00 DEBUG 93785 --- [    Test worker] org.apache.http.headers                  : http-outgoing-5 << X-Content-Type-Options: nosniff
?[0m?[0;34m2024-07-18T17:39:18.068-04:00 DEBUG 93785 --- [    Test worker] org.apache.http.headers                  : http-outgoing-5 << X-XSS-Protection: 0
?[0m?[0;34m2024-07-18T17:39:18.068-04:00 DEBUG 93785 --- [    Test worker] org.apache.http.headers                  : http-outgoing-5 << Cache-Control: no-cache, no-store, max-age=0, must-revalidate
?[0m?[0;34m2024-07-18T17:39:18.068-04:00 DEBUG 93785 --- [    Test worker] org.apache.http.headers                  : http-outgoing-5 << Pragma: no-cache
?[0m?[0;34m2024-07-18T17:39:18.068-04:00 DEBUG 93785 --- [    Test worker] org.apache.http.headers                  : http-outgoing-5 << Expires: 0
?[0m?[0;34m2024-07-18T17:39:18.068-04:00 DEBUG 93785 --- [    Test worker] org.apache.http.headers                  : http-outgoing-5 << Set-Cookie: JSESSIONID=4467E1B278593C8056F2570F9E6DBF34; Path=/; HttpOnly
?[0m?[0;34m2024-07-18T17:39:18.068-04:00 DEBUG 93785 --- [    Test worker] org.apache.http.headers                  : http-outgoing-5 << Content-Length: 0
?[0m?[0;34m2024-07-18T17:39:18.068-04:00 DEBUG 93785 --- [    Test worker] org.apache.http.headers                  : http-outgoing-5 << Date: Thu, 18 Jul 2024 21:39:18 GMT
?[0m?[0;34m2024-07-18T17:39:18.068-04:00 DEBUG 93785 --- [    Test worker] org.apache.http.headers                  : http-outgoing-5 << Keep-Alive: timeout=60
?[0m?[0;34m2024-07-18T17:39:18.068-04:00 DEBUG 93785 --- [    Test worker] org.apache.http.headers                  : http-outgoing-5 << Connection: keep-alive
?[0m?[0;34m2024-07-18T17:39:18.069-04:00 DEBUG 93785 --- [    Test worker] o.a.http.impl.execchain.MainClientExec   : Connection can be kept alive for 60000 MILLISECONDS
?[0m?[0;34m2024-07-18T17:39:18.069-04:00 DEBUG 93785 --- [    Test worker] o.a.http.impl.auth.HttpAuthenticator     : Authentication required
?[0m?[0;34m2024-07-18T17:39:18.069-04:00 DEBUG 93785 --- [    Test worker] o.a.http.impl.auth.HttpAuthenticator     : localhost:28852 requested authentication
?[0m?[0;34m2024-07-18T17:39:18.069-04:00 DEBUG 93785 --- [    Test worker] o.a.h.i.c.TargetAuthenticationStrategy   : Authentication schemes in the order of preference: [Negotiate, Kerberos, NTLM, CredSSP, Digest, Basic]
?[0m?[0;34m2024-07-18T17:39:18.069-04:00 DEBUG 93785 --- [    Test worker] o.a.h.i.c.TargetAuthenticationStrategy   : Challenge for Negotiate authentication scheme not available
?[0m?[0;34m2024-07-18T17:39:18.069-04:00 DEBUG 93785 --- [    Test worker] o.a.h.i.c.TargetAuthenticationStrategy   : Challenge for Kerberos authentication scheme not available
?[0m?[0;34m2024-07-18T17:39:18.069-04:00 DEBUG 93785 --- [    Test worker] o.a.h.i.c.TargetAuthenticationStrategy   : Challenge for NTLM authentication scheme not available
?[0m?[0;34m2024-07-18T17:39:18.069-04:00 DEBUG 93785 --- [    Test worker] o.a.h.i.c.TargetAuthenticationStrategy   : Challenge for CredSSP authentication scheme not available
?[0m?[0;34m2024-07-18T17:39:18.069-04:00 DEBUG 93785 --- [    Test worker] o.a.h.i.c.TargetAuthenticationStrategy   : Challenge for Digest authentication scheme not available
?[0m?[0;34m2024-07-18T17:39:18.069-04:00 DEBUG 93785 --- [    Test worker] h.i.c.PoolingHttpClientConnectionManager : Connection [id: 5][route: {}->http://localhost:28852] can be kept alive for 60.0 seconds
?[0m?[0;34m2024-07-18T17:39:18.069-04:00 DEBUG 93785 --- [    Test worker] h.i.c.DefaultManagedHttpClientConnection : http-outgoing-5: set socket timeout to 0
?[0m?[0;34m2024-07-18T17:39:18.069-04:00 DEBUG 93785 --- [    Test worker] h.i.c.PoolingHttpClientConnectionManager : Connection released: [id: 5][route: {}->http://localhost:28852][total available: 1; route allocated: 1 of 2; total allocated: 1 of 20]
?[0m?[0;34m2024-07-18T17:39:18.069-04:00 DEBUG 93785 --- [    Test worker] o.a.h.c.protocol.ResponseProcessCookies  : Cookie accepted [JSESSIONID="4467E1B278593C8056F2570F9E6DBF34", version:0, domain:localhost, path:/, expiry:null]
?[0m?[0;34m2024-07-18T17:39:18.069-04:00 DEBUG 93785 --- [    Test worker] o.a.http.impl.execchain.MainClientExec   : Cancelling request execution
?[0m?[0;34m2024-07-18T17:39:18.069-04:00 DEBUG 93785 --- [io-28852-exec-7] o.a.coyote.http11.Http11InputBuffer      : Before fill(): parsingHeader: [true], parsingRequestLine: [true], parsingRequestLinePhase: [0], parsingRequestLineStart: [0], byteBuffer.position(): [0], byteBuffer.limit(): [0], end: [213]
?[0m?[0;34m2024-07-18T17:39:18.070-04:00 DEBUG 93785 --- [io-28852-exec-7] o.a.tomcat.util.net.SocketWrapperBase    : Socket: [org.apache.tomcat.util.net.NioEndpoint$NioSocketWrapper@5dfbfab1:org.apache.tomcat.util.net.NioChannel@533c1f7e:java.nio.channels.SocketChannel[connected local=localhost/127.0.0.1:28852 remote=/127.0.0.1:62453]], Read from buffer: [0]
?[0m?[0;34m2024-07-18T17:39:18.070-04:00 DEBUG 93785 --- [io-28852-exec-7] org.apache.tomcat.util.net.NioEndpoint   : Socket: [org.apache.tomcat.util.net.NioEndpoint$NioSocketWrapper@5dfbfab1:org.apache.tomcat.util.net.NioChannel@533c1f7e:java.nio.channels.SocketChannel[connected local=localhost/127.0.0.1:28852 remote=/127.0.0.1:62453]], Read direct from socket: [0]
?[0m?[0;34m2024-07-18T17:39:18.071-04:00 DEBUG 93785 --- [io-28852-exec-7] o.a.coyote.http11.Http11InputBuffer      : Received []
?[0m?[0;34m2024-07-18T17:39:18.071-04:00 DEBUG 93785 --- [io-28852-exec-7] o.apache.coyote.http11.Http11Processor   : Socket: [org.apache.tomcat.util.net.NioEndpoint$NioSocketWrapper@5dfbfab1:org.apache.tomcat.util.net.NioChannel@533c1f7e:java.nio.channels.SocketChannel[connected local=localhost/127.0.0.1:28852 remote=/127.0.0.1:62453]], Status in: [OPEN_READ], State out: [OPEN]
?[0m?[1;31m
Start test 7?[0m
?[0;34mTest case
?[0m?[0;34mTesting api: '/api/antifraud/transaction'
?[0m?[0;34mrequest: 'amount = 1'
?[0m?[0;34mExpectations: 'Result validating of Transaction must be 'ALLOWED''
?[0m?[0;34m-----
?[0m?[0;34m2024-07-18T17:39:18.071-04:00 DEBUG 93785 --- [io-28852-exec-7] org.apache.tomcat.util.net.NioEndpoint   : Registered read interest for [org.apache.tomcat.util.net.NioEndpoint$NioSocketWrapper@5dfbfab1:org.apache.tomcat.util.net.NioChannel@533c1f7e:java.nio.channels.SocketChannel[connected local=localhost/127.0.0.1:28852 remote=/127.0.0.1:62453]]
?[0m?[0;34m2024-07-18T17:39:18.072-04:00 DEBUG 93785 --- [    Test worker] o.a.h.client.protocol.RequestAddCookies  : CookieSpec selected: default
?[0m?[0;34m2024-07-18T17:39:18.072-04:00 DEBUG 93785 --- [    Test worker] o.a.h.client.protocol.RequestAuthCache   : Auth cache not set in the context
?[0m?[0;34m2024-07-18T17:39:18.072-04:00 DEBUG 93785 --- [    Test worker] h.i.c.PoolingHttpClientConnectionManager : Connection request: [route: {}->http://localhost:28852][total available: 0; route allocated: 0 of 2; total allocated: 0 of 20]
?[0m?[0;34m2024-07-18T17:39:18.073-04:00 DEBUG 93785 --- [    Test worker] h.i.c.PoolingHttpClientConnectionManager : Connection leased: [id: 6][route: {}->http://localhost:28852][total available: 0; route allocated: 1 of 2; total allocated: 1 of 20]
?[0m?[0;34m2024-07-18T17:39:18.073-04:00 DEBUG 93785 --- [    Test worker] o.a.http.impl.execchain.MainClientExec   : Opening connection {}->http://localhost:28852
?[0m?[0;34m2024-07-18T17:39:18.073-04:00 DEBUG 93785 --- [    Test worker] .i.c.DefaultHttpClientConnectionOperator : Connecting to localhost/127.0.0.1:28852
?[0m?[0;34m2024-07-18T17:39:18.073-04:00 DEBUG 93785 --- [    Test worker] .i.c.DefaultHttpClientConnectionOperator : Connection established 127.0.0.1:62454<->127.0.0.1:28852
?[0m?[0;34m2024-07-18T17:39:18.073-04:00 DEBUG 93785 --- [    Test worker] o.a.http.impl.execchain.MainClientExec   : Executing request POST /api/antifraud/transaction HTTP/1.1
?[0m?[0;34m2024-07-18T17:39:18.073-04:00 DEBUG 93785 --- [-28852-Acceptor] o.apache.tomcat.util.threads.LimitLatch  : Counting up[http-nio-28852-Acceptor] latch=2
?[0m?[0;34m2024-07-18T17:39:18.073-04:00 DEBUG 93785 --- [    Test worker] o.a.http.impl.execchain.MainClientExec   : Proxy auth state: UNCHALLENGED
?[0m?[0;34m2024-07-18T17:39:18.074-04:00 DEBUG 93785 --- [    Test worker] org.apache.http.headers                  : http-outgoing-6 >> POST /api/antifraud/transaction HTTP/1.1
?[0m?[0;34m2024-07-18T17:39:18.074-04:00 DEBUG 93785 --- [    Test worker] org.apache.http.headers                  : http-outgoing-6 >> Content-Type: application/json
?[0m?[0;34m2024-07-18T17:39:18.074-04:00 DEBUG 93785 --- [    Test worker] org.apache.http.headers                  : http-outgoing-6 >> Authorization: Basic am9obmRvZTE6b01vYTNWdnFuTHhX
?[0m?[0;34m2024-07-18T17:39:18.074-04:00 DEBUG 93785 --- [    Test worker] org.apache.http.headers                  : http-outgoing-6 >> Content-Length: 12
?[0m?[0;34m2024-07-18T17:39:18.074-04:00 DEBUG 93785 --- [    Test worker] org.apache.http.headers                  : http-outgoing-6 >> Host: localhost:28852
?[0m?[0;34m2024-07-18T17:39:18.074-04:00 DEBUG 93785 --- [    Test worker] org.apache.http.headers                  : http-outgoing-6 >> Connection: Keep-Alive
?[0m?[0;34m2024-07-18T17:39:18.074-04:00 DEBUG 93785 --- [    Test worker] org.apache.http.headers                  : http-outgoing-6 >> User-Agent: Apache-HttpClient/4.5.14 (Java/17.0.11)
?[0m?[0;34m2024-07-18T17:39:18.074-04:00 DEBUG 93785 --- [    Test worker] org.apache.http.headers                  : http-outgoing-6 >> Accept-Encoding: gzip,deflate
?[0m?[0;34m2024-07-18T17:39:18.074-04:00 DEBUG 93785 --- [    Test worker] org.apache.http.wire                     : http-outgoing-6 >> "POST /api/antifraud/transaction HTTP/1.1[\r][\n]"
?[0m?[0;34m2024-07-18T17:39:18.074-04:00 DEBUG 93785 --- [    Test worker] org.apache.http.wire                     : http-outgoing-6 >> "Content-Type: application/json[\r][\n]"
?[0m?[0;34m2024-07-18T17:39:18.074-04:00 DEBUG 93785 --- [    Test worker] org.apache.http.wire                     : http-outgoing-6 >> "Authorization: Basic am9obmRvZTE6b01vYTNWdnFuTHhX[\r][\n]"
?[0m?[0;34m2024-07-18T17:39:18.074-04:00 DEBUG 93785 --- [    Test worker] org.apache.http.wire                     : http-outgoing-6 >> "Content-Length: 12[\r][\n]"
?[0m?[0;34m2024-07-18T17:39:18.074-04:00 DEBUG 93785 --- [    Test worker] org.apache.http.wire                     : http-outgoing-6 >> "Host: localhost:28852[\r][\n]"
?[0m?[0;34m2024-07-18T17:39:18.074-04:00 DEBUG 93785 --- [    Test worker] org.apache.http.wire                     : http-outgoing-6 >> "Connection: Keep-Alive[\r][\n]"
?[0m?[0;34m2024-07-18T17:39:18.074-04:00 DEBUG 93785 --- [    Test worker] org.apache.http.wire                     : http-outgoing-6 >> "User-Agent: Apache-HttpClient/4.5.14 (Java/17.0.11)[\r][\n]"
?[0m?[0;34m2024-07-18T17:39:18.074-04:00 DEBUG 93785 --- [    Test worker] org.apache.http.wire                     : http-outgoing-6 >> "Accept-Encoding: gzip,deflate[\r][\n]"
?[0m?[0;34m2024-07-18T17:39:18.074-04:00 DEBUG 93785 --- [    Test worker] org.apache.http.wire                     : http-outgoing-6 >> "[\r][\n]"
?[0m?[0;34m2024-07-18T17:39:18.074-04:00 DEBUG 93785 --- [    Test worker] org.apache.http.wire                     : http-outgoing-6 >> "{"amount":1}"
?[0;34m2024-07-18T17:39:18.075-04:00 DEBUG 93785 --- [o-28852-exec-10] o.a.coyote.http11.Http11InputBuffer      : Before fill(): parsingHeader: [true], parsingRequestLine: [true], parsingRequestLinePhase: [0], parsingRequestLineStart: [0], byteBuffer.position(): [0], byteBuffer.limit(): [0], end: [213]
?[0m?[0;34m2024-07-18T17:39:18.076-04:00 DEBUG 93785 --- [o-28852-exec-10] o.a.tomcat.util.net.SocketWrapperBase    : Socket: [org.apache.tomcat.util.net.NioEndpoint$NioSocketWrapper@7c79aaef:org.apache.tomcat.util.net.NioChannel@72be5b10:java.nio.channels.SocketChannel[connected local=localhost/127.0.0.1:28852 remote=/127.0.0.1:62454]], Read from buffer: [0]
?[0m?[0;34m2024-07-18T17:39:18.076-04:00 DEBUG 93785 --- [o-28852-exec-10] org.apache.tomcat.util.net.NioEndpoint   : Socket: [org.apache.tomcat.util.net.NioEndpoint$NioSocketWrapper@7c79aaef:org.apache.tomcat.util.net.NioChannel@72be5b10:java.nio.channels.SocketChannel[connected local=localhost/127.0.0.1:28852 remote=/127.0.0.1:62454]], Read direct from socket: [290]
?[0m?[0;34m2024-07-18T17:39:18.076-04:00 DEBUG 93785 --- [o-28852-exec-10] o.a.coyote.http11.Http11InputBuffer      : Received [POST /api/antifraud/transaction HTTP/1.1
?[0m?[0;34mContent-Type: application/json
?[0m?[0;34mAuthorization: Basic am9obmRvZTE6b01vYTNWdnFuTHhX
?[0m?[0;34mContent-Length: 12
?[0m?[0;34mHost: localhost:28852
?[0m?[0;34mConnection: Keep-Alive
?[0m?[0;34mUser-Agent: Apache-HttpClient/4.5.14 (Java/17.0.11)
?[0m?[0;34mAccept-Encoding: gzip,deflate
?[0m?[0;34m
?[0m?[0;34m{"amount":1}]
?[0m?[0;34m2024-07-18T17:39:18.077-04:00 DEBUG 93785 --- [o-28852-exec-10] o.a.c.authenticator.AuthenticatorBase    : Security checking request POST /api/antifraud/transaction
?[0m?[0;34m2024-07-18T17:39:18.077-04:00 DEBUG 93785 --- [o-28852-exec-10] org.apache.catalina.realm.RealmBase      :   No applicable constraints defined
?[0m?[0;34m2024-07-18T17:39:18.077-04:00 DEBUG 93785 --- [o-28852-exec-10] o.a.c.authenticator.AuthenticatorBase    : Not subject to any constraint
?[0m?[0;34m2024-07-18T17:39:18.078-04:00 DEBUG 93785 --- [o-28852-exec-10] o.s.security.web.FilterChainProxy        : Securing POST /api/antifraud/transaction
?[0m?[0;34m2024-07-18T17:39:18.079-04:00 DEBUG 93785 --- [o-28852-exec-10] tor$SharedEntityManagerInvocationHandler : Creating new EntityManager for shared EntityManager invocation
?[0m?[0;34m2024-07-18T17:39:18.079-04:00 DEBUG 93785 --- [o-28852-exec-10] org.hibernate.orm.sql.ast.create         : Created new SQL alias : u1_0
?[0m?[0;34m2024-07-18T17:39:18.080-04:00 DEBUG 93785 --- [o-28852-exec-10] org.hibernate.orm.sql.ast.create         : Registration of TableGroup [StandardTableGroup(antifraud.model.User(214991696174674))] with identifierForTableGroup [antifraud.model.User] for NavigablePath [antifraud.model.User] 
?[0m?[0;34m2024-07-18T17:39:18.080-04:00 DEBUG 93785 --- [o-28852-exec-10] o.h.q.sqm.sql.BaseSqmToSqlAstConverter   : Determining mapping-model type for SqmParameter : org.hibernate.query.sqm.tree.expression.SqmJpaCriteriaParameterWrapper@7681c19f
?[0m?[0;34m2024-07-18T17:39:18.080-04:00 DEBUG 93785 --- [o-28852-exec-10] org.hibernate.orm.results.graph.AST      : DomainResult Graph:
?[0m?[0;34m \-EntityResultImpl [antifraud.model.User(214991696174674)]
?[0m?[0;34m |  +-BasicFetch [antifraud.model.User(214991696174674).name]
?[0m?[0;34m |  +-BasicFetch [antifraud.model.User(214991696174674).password]
?[0m?[0;34m |  \-BasicFetch [antifraud.model.User(214991696174674).username]
?[0m?[0;34m
?[0m?[0;34m2024-07-18T17:39:18.080-04:00 DEBUG 93785 --- [o-28852-exec-10] org.hibernate.orm.sql.ast.tree           : SQL AST Tree:
?[0m?[0;34m    SelectStatement {
?[0m?[0;34m      FromClause {
?[0m?[0;34m        StandardTableGroup (u1 : antifraud.model.User(214991696174674)) {
?[0m?[0;34m          primaryTableReference : app_user as u1_0
?[0m?[0;34m        }
?[0m?[0;34m      }
?[0m?[0;34m    }
?[0m?[0;34m
?[0m?[0;34m2024-07-18T17:39:18.081-04:00 DEBUG 93785 --- [o-28852-exec-10] org.hibernate.orm.sql.exec               : Skipping reading Query result cache data: cache-enabled = false, cache-mode = NORMAL
?[0m?[0;34m2024-07-18T17:39:18.081-04:00 DEBUG 93785 --- [o-28852-exec-10] org.hibernate.orm.results                : Initializer list
?[0m?[0;34m2024-07-18T17:39:18.081-04:00 DEBUG 93785 --- [o-28852-exec-10] org.hibernate.orm.results                :     antifraud.model.User(214991696174674) -> EntityResultInitializer(antifraud.model.User(214991696174674))@41551598 (SingleTableEntityPersister(antifraud.model.User))
?[0m?[0;34m2024-07-18T17:39:18.081-04:00 DEBUG 93785 --- [o-28852-exec-10] org.hibernate.SQL                        : select u1_0.id,u1_0.name,u1_0.password,u1_0.username from app_user u1_0 where upper(u1_0.username)=upper(?)
?[0m?[0;34m2024-07-18T17:39:18.081-04:00 DEBUG 93785 --- [o-28852-exec-10] org.hibernate.orm.results                : Extracted JDBC value [0] - [1]
?[0m?[0;34m2024-07-18T17:39:18.081-04:00 DEBUG 93785 --- [o-28852-exec-10] o.hibernate.orm.results.loading.entity   : (EntityResultInitializer) Hydrated EntityKey (antifraud.model.User(214991696174674)): 1
?[0m?[0;34m2024-07-18T17:39:18.082-04:00 DEBUG 93785 --- [o-28852-exec-10] o.hibernate.orm.results.loading.entity   : (EntityResultInitializer) Created new entity instance [antifraud.model.User(214991696174674)#1] : antifraud.model.User@348ce8fc
?[0m?[0;34m2024-07-18T17:39:18.082-04:00 DEBUG 93785 --- [o-28852-exec-10] org.hibernate.orm.results                : Extracted JDBC value [1] - [John Doe 1]
?[0m?[0;34m2024-07-18T17:39:18.082-04:00 DEBUG 93785 --- [o-28852-exec-10] org.hibernate.orm.results                : Extracted JDBC value [2] - [$2a$10$hnZ1JsgV1lXNrqzvEy4Q3eg1l13RhiZ3889ddJlK9mpsHVO3CWfEm]
?[0m?[0;34m2024-07-18T17:39:18.082-04:00 DEBUG 93785 --- [o-28852-exec-10] org.hibernate.orm.results                : Extracted JDBC value [3] - [johndoe1]
?[0m?[0;34m2024-07-18T17:39:18.082-04:00 DEBUG 93785 --- [o-28852-exec-10] o.hibernate.orm.results.loading.entity   : (EntityResultInitializer) Done materializing entityInstance : antifraud.model.User(214991696174674)#1
?[0m?[0;34m2024-07-18T17:39:18.082-04:00 DEBUG 93785 --- [o-28852-exec-10] org.hibernate.orm.results.loading        : Calling top-level assembler (0 / 1) : org.hibernate.sql.results.graph.entity.internal.EntityAssembler@6613c5f5
?[0m?[0;34m2024-07-18T17:39:18.082-04:00 DEBUG 93785 --- [o-28852-exec-10] o.hibernate.orm.results.loading.entity   : (EntityResultInitializer) Found existing loading entry [antifraud.model.User(214991696174674)#1] - using loading instance
?[0m?[0;34m2024-07-18T17:39:18.159-04:00 DEBUG 93785 --- [o-28852-exec-10] o.s.s.a.dao.DaoAuthenticationProvider    : Authenticated user
?[0m?[0;34m2024-07-18T17:39:18.160-04:00 DEBUG 93785 --- [o-28852-exec-10] o.s.s.w.a.www.BasicAuthenticationFilter  : Set SecurityContextHolder to UsernamePasswordAuthenticationToken [Principal=org.springframework.security.core.userdetails.User [Username=johndoe1, Password=[PROTECTED], Enabled=true, AccountNonExpired=true, credentialsNonExpired=true, AccountNonLocked=true, Granted Authorities=[USER]], Credentials=[PROTECTED], Authenticated=true, Details=WebAuthenticationDetails [RemoteIpAddress=127.0.0.1, SessionId=null], Granted Authorities=[USER]]
?[0m?[0;34m2024-07-18T17:39:18.161-04:00 DEBUG 93785 --- [o-28852-exec-10] org.apache.tomcat.util.http.Parameters   : Set encoding to UTF-8
?[0m?[0;34m2024-07-18T17:39:18.161-04:00 DEBUG 93785 --- [o-28852-exec-10] w.c.HttpSessionSecurityContextRepository : Created HttpSession as SecurityContext is non-default
?[0m?[0;34m2024-07-18T17:39:18.162-04:00 DEBUG 93785 --- [o-28852-exec-10] w.c.HttpSessionSecurityContextRepository : Stored SecurityContextImpl [Authentication=UsernamePasswordAuthenticationToken [Principal=org.springframework.security.core.userdetails.User [Username=johndoe1, Password=[PROTECTED], Enabled=true, AccountNonExpired=true, credentialsNonExpired=true, AccountNonLocked=true, Granted Authorities=[USER]], Credentials=[PROTECTED], Authenticated=true, Details=WebAuthenticationDetails [RemoteIpAddress=127.0.0.1, SessionId=null], Granted Authorities=[USER]]] to HttpSession [org.apache.catalina.session.StandardSessionFacade@610bdcba]
?[0m?[0;34m2024-07-18T17:39:18.163-04:00 DEBUG 93785 --- [o-28852-exec-10] s.w.s.m.m.a.RequestMappingHandlerMapping : Mapped to antifraud.controller.AntiFraudController#validateTransaction(Transaction)
?[0m?[0;34m2024-07-18T17:39:18.164-04:00 DEBUG 93785 --- [o-28852-exec-10] s.w.s.m.m.a.RequestMappingHandlerMapping : Mapped to antifraud.controller.AntiFraudController#validateTransaction(Transaction)
?[0m?[0;34m2024-07-18T17:39:18.164-04:00 DEBUG 93785 --- [o-28852-exec-10] s.w.s.m.m.a.RequestMappingHandlerMapping : Mapped to antifraud.controller.AntiFraudController#validateTransaction(Transaction)
?[0m?[0;34m2024-07-18T17:39:18.165-04:00 DEBUG 93785 --- [o-28852-exec-10] o.s.s.w.a.i.FilterSecurityInterceptor    : Authorized filter invocation [POST /api/antifraud/transaction] with attributes [authenticated]
?[0m?[0;34m2024-07-18T17:39:18.165-04:00 DEBUG 93785 --- [o-28852-exec-10] o.s.security.web.FilterChainProxy        : Secured POST /api/antifraud/transaction
?[0m?[0;34m2024-07-18T17:39:18.165-04:00 DEBUG 93785 --- [o-28852-exec-10] o.s.web.servlet.DispatcherServlet        : POST "/api/antifraud/transaction", parameters={}
?[0m?[0;34m2024-07-18T17:39:18.166-04:00 DEBUG 93785 --- [o-28852-exec-10] s.w.s.m.m.a.RequestMappingHandlerMapping : Mapped to antifraud.controller.AntiFraudController#validateTransaction(Transaction)
?[0m?[0;34m2024-07-18T17:39:18.166-04:00 DEBUG 93785 --- [o-28852-exec-10] o.j.s.OpenEntityManagerInViewInterceptor : Opening JPA EntityManager in OpenEntityManagerInViewInterceptor
?[0m?[0;34m2024-07-18T17:39:18.169-04:00 DEBUG 93785 --- [o-28852-exec-10] m.m.a.RequestResponseBodyMethodProcessor : Read "application/json;charset=UTF-8" to [antifraud.model.Transaction@c59c4a]
?[0m?[0;34m2024-07-18T17:39:18.171-04:00 DEBUG 93785 --- [o-28852-exec-10] o.s.w.s.m.m.a.HttpEntityMethodProcessor  : Using 'text/plain', given [*/*] and supported [text/plain, */*, application/json, application/*+json]
?[0m?[0;34m2024-07-18T17:39:18.171-04:00 DEBUG 93785 --- [o-28852-exec-10] o.s.w.s.m.m.a.HttpEntityMethodProcessor  : Writing ["{"result": "ALLOWED"}"]
?[0m?[0;34m2024-07-18T17:39:18.173-04:00 DEBUG 93785 --- [    Test worker] org.apache.http.wire                     : http-outgoing-6 << "HTTP/1.1 200 [\r][\n]"
?[0m?[0;34m2024-07-18T17:39:18.173-04:00 DEBUG 93785 --- [o-28852-exec-10] o.j.s.OpenEntityManagerInViewInterceptor : Closing JPA EntityManager in OpenEntityManagerInViewInterceptor
?[0m?[0;34m2024-07-18T17:39:18.173-04:00 DEBUG 93785 --- [    Test worker] org.apache.http.wire                     : http-outgoing-6 << "Set-Cookie: JSESSIONID=1DBFBD5DB3CD647E0D106437508BBDE8; Path=/; HttpOnly[\r][\n]"
?[0m?[0;34m2024-07-18T17:39:18.173-04:00 DEBUG 93785 --- [    Test worker] org.apache.http.wire                     : http-outgoing-6 << "X-Content-Type-Options: nosniff[\r][\n]"
?[0m?[0;34m2024-07-18T17:39:18.173-04:00 DEBUG 93785 --- [    Test worker] org.apache.http.wire                     : http-outgoing-6 << "X-XSS-Protection: 0[\r][\n]"
?[0m?[0;34m2024-07-18T17:39:18.174-04:00 DEBUG 93785 --- [    Test worker] org.apache.http.wire                     : http-outgoing-6 << "Cache-Control: no-cache, no-store, max-age=0, must-revalidate[\r][\n]"
?[0m?[0;34m2024-07-18T17:39:18.174-04:00 DEBUG 93785 --- [    Test worker] org.apache.http.wire                     : http-outgoing-6 << "Pragma: no-cache[\r][\n]"
?[0m?[0;34m2024-07-18T17:39:18.174-04:00 DEBUG 93785 --- [    Test worker] org.apache.http.wire                     : http-outgoing-6 << "Expires: 0[\r][\n]"
?[0m?[0;34m2024-07-18T17:39:18.174-04:00 DEBUG 93785 --- [    Test worker] org.apache.http.wire                     : http-outgoing-6 << "Content-Type: text/plain;charset=UTF-8[\r][\n]"
?[0m?[0;34m2024-07-18T17:39:18.174-04:00 DEBUG 93785 --- [    Test worker] org.apache.http.wire                     : http-outgoing-6 << "Content-Length: 21[\r][\n]"
?[0m?[0;34m2024-07-18T17:39:18.174-04:00 DEBUG 93785 --- [    Test worker] org.apache.http.wire                     : http-outgoing-6 << "Date: Thu, 18 Jul 2024 21:39:18 GMT[\r][\n]"
?[0m?[0;34m2024-07-18T17:39:18.174-04:00 DEBUG 93785 --- [    Test worker] org.apache.http.wire                     : http-outgoing-6 << "Keep-Alive: timeout=60[\r][\n]"
?[0m?[0;34m2024-07-18T17:39:18.174-04:00 DEBUG 93785 --- [    Test worker] org.apache.http.wire                     : http-outgoing-6 << "Connection: keep-alive[\r][\n]"
?[0m?[0;34m2024-07-18T17:39:18.174-04:00 DEBUG 93785 --- [    Test worker] org.apache.http.wire                     : http-outgoing-6 << "[\r][\n]"
?[0m?[0;34m2024-07-18T17:39:18.174-04:00 DEBUG 93785 --- [    Test worker] org.apache.http.wire                     : http-outgoing-6 << "{"result": "ALLOWED"}"
?[0m?[0;34m2024-07-18T17:39:18.174-04:00 DEBUG 93785 --- [    Test worker] org.apache.http.headers                  : http-outgoing-6 << HTTP/1.1 200 
?[0m?[0;34m2024-07-18T17:39:18.174-04:00 DEBUG 93785 --- [    Test worker] org.apache.http.headers                  : http-outgoing-6 << Set-Cookie: JSESSIONID=1DBFBD5DB3CD647E0D106437508BBDE8; Path=/; HttpOnly
?[0m?[0;34m2024-07-18T17:39:18.174-04:00 DEBUG 93785 --- [    Test worker] org.apache.http.headers                  : http-outgoing-6 << X-Content-Type-Options: nosniff
?[0m?[0;34m2024-07-18T17:39:18.174-04:00 DEBUG 93785 --- [    Test worker] org.apache.http.headers                  : http-outgoing-6 << X-XSS-Protection: 0
?[0m?[0;34m2024-07-18T17:39:18.174-04:00 DEBUG 93785 --- [    Test worker] org.apache.http.headers                  : http-outgoing-6 << Cache-Control: no-cache, no-store, max-age=0, must-revalidate
?[0m?[0;34m2024-07-18T17:39:18.174-04:00 DEBUG 93785 --- [    Test worker] org.apache.http.headers                  : http-outgoing-6 << Pragma: no-cache
?[0m?[0;34m2024-07-18T17:39:18.174-04:00 DEBUG 93785 --- [    Test worker] org.apache.http.headers                  : http-outgoing-6 << Expires: 0
?[0m?[0;34m2024-07-18T17:39:18.174-04:00 DEBUG 93785 --- [    Test worker] org.apache.http.headers                  : http-outgoing-6 << Content-Type: text/plain;charset=UTF-8
?[0m?[0;34m2024-07-18T17:39:18.174-04:00 DEBUG 93785 --- [    Test worker] org.apache.http.headers                  : http-outgoing-6 << Content-Length: 21
?[0m?[0;34m2024-07-18T17:39:18.175-04:00 DEBUG 93785 --- [    Test worker] org.apache.http.headers                  : http-outgoing-6 << Date: Thu, 18 Jul 2024 21:39:18 GMT
?[0m?[0;34m2024-07-18T17:39:18.175-04:00 DEBUG 93785 --- [    Test worker] org.apache.http.headers                  : http-outgoing-6 << Keep-Alive: timeout=60
?[0m?[0;34m2024-07-18T17:39:18.175-04:00 DEBUG 93785 --- [    Test worker] org.apache.http.headers                  : http-outgoing-6 << Connection: keep-alive
?[0m?[0;34m2024-07-18T17:39:18.175-04:00 DEBUG 93785 --- [    Test worker] o.a.http.impl.execchain.MainClientExec   : Connection can be kept alive for 60000 MILLISECONDS
?[0m?[0;34m2024-07-18T17:39:18.175-04:00 DEBUG 93785 --- [    Test worker] o.a.h.c.protocol.ResponseProcessCookies  : Cookie accepted [JSESSIONID="1DBFBD5DB3CD647E0D106437508BBDE8", version:0, domain:localhost, path:/, expiry:null]
?[0m?[0;34m2024-07-18T17:39:18.175-04:00 DEBUG 93785 --- [    Test worker] h.i.c.PoolingHttpClientConnectionManager : Connection [id: 6][route: {}->http://localhost:28852] can be kept alive for 60.0 seconds
?[0m?[0;34m2024-07-18T17:39:18.175-04:00 DEBUG 93785 --- [    Test worker] h.i.c.DefaultManagedHttpClientConnection : http-outgoing-6: set socket timeout to 0
?[0m?[0;34m2024-07-18T17:39:18.175-04:00 DEBUG 93785 --- [    Test worker] h.i.c.PoolingHttpClientConnectionManager : Connection released: [id: 6][route: {}->http://localhost:28852][total available: 1; route allocated: 1 of 2; total allocated: 1 of 20]
?[0m?[0;34m2024-07-18T17:39:18.175-04:00 DEBUG 93785 --- [    Test worker] o.a.http.impl.execchain.MainClientExec   : Cancelling request execution
?[0m?[1;31m
Start test 8?[0m
?[0;34m2024-07-18T17:39:18.179-04:00 DEBUG 93785 --- [    Test worker] o.a.h.client.protocol.RequestAddCookies  : CookieSpec selected: default
?[0m?[0;34m2024-07-18T17:39:18.179-04:00 DEBUG 93785 --- [    Test worker] o.a.h.client.protocol.RequestAuthCache   : Auth cache not set in the context
?[0m?[0;34m2024-07-18T17:39:18.179-04:00 DEBUG 93785 --- [    Test worker] h.i.c.PoolingHttpClientConnectionManager : Connection request: [route: {}->http://localhost:28852][total available: 0; route allocated: 0 of 2; total allocated: 0 of 20]
?[0m?[0;34m2024-07-18T17:39:18.179-04:00 DEBUG 93785 --- [    Test worker] h.i.c.PoolingHttpClientConnectionManager : Connection leased: [id: 7][route: {}->http://localhost:28852][total available: 0; route allocated: 1 of 2; total allocated: 1 of 20]
?[0m?[0;34m2024-07-18T17:39:18.179-04:00 DEBUG 93785 --- [    Test worker] o.a.http.impl.execchain.MainClientExec   : Opening connection {}->http://localhost:28852
?[0m?[0;34m2024-07-18T17:39:18.179-04:00 DEBUG 93785 --- [    Test worker] .i.c.DefaultHttpClientConnectionOperator : Connecting to localhost/127.0.0.1:28852
?[0m?[0;34m2024-07-18T17:39:18.180-04:00 DEBUG 93785 --- [-28852-Acceptor] o.apache.tomcat.util.threads.LimitLatch  : Counting up[http-nio-28852-Acceptor] latch=3
?[0m?[0;34m2024-07-18T17:39:18.180-04:00 DEBUG 93785 --- [    Test worker] .i.c.DefaultHttpClientConnectionOperator : Connection established 127.0.0.1:62455<->127.0.0.1:28852
?[0m?[0;34m2024-07-18T17:39:18.180-04:00 DEBUG 93785 --- [    Test worker] o.a.http.impl.execchain.MainClientExec   : Executing request POST /actuator/shutdown HTTP/1.1
?[0m?[0;34m2024-07-18T17:39:18.180-04:00 DEBUG 93785 --- [    Test worker] o.a.http.impl.execchain.MainClientExec   : Target auth state: UNCHALLENGED
?[0m?[0;34m2024-07-18T17:39:18.180-04:00 DEBUG 93785 --- [    Test worker] o.a.http.impl.execchain.MainClientExec   : Proxy auth state: UNCHALLENGED
?[0m?[0;34m2024-07-18T17:39:18.180-04:00 DEBUG 93785 --- [    Test worker] org.apache.http.headers                  : http-outgoing-7 >> POST /actuator/shutdown HTTP/1.1
?[0m?[0;34m2024-07-18T17:39:18.180-04:00 DEBUG 93785 --- [    Test worker] org.apache.http.headers                  : http-outgoing-7 >> Content-Type: application/json
?[0m?[0;34m2024-07-18T17:39:18.180-04:00 DEBUG 93785 --- [    Test worker] org.apache.http.headers                  : http-outgoing-7 >> Content-Length: 0
?[0m?[0;34m2024-07-18T17:39:18.180-04:00 DEBUG 93785 --- [    Test worker] org.apache.http.headers                  : http-outgoing-7 >> Host: localhost:28852
?[0m?[0;34m2024-07-18T17:39:18.180-04:00 DEBUG 93785 --- [    Test worker] org.apache.http.headers                  : http-outgoing-7 >> Connection: Keep-Alive
?[0m?[0;34m2024-07-18T17:39:18.180-04:00 DEBUG 93785 --- [    Test worker] org.apache.http.headers                  : http-outgoing-7 >> User-Agent: Apache-HttpClient/4.5.14 (Java/17.0.11)
?[0m?[0;34m2024-07-18T17:39:18.180-04:00 DEBUG 93785 --- [    Test worker] org.apache.http.headers                  : http-outgoing-7 >> Accept-Encoding: gzip,deflate
?[0m?[0;34m2024-07-18T17:39:18.180-04:00 DEBUG 93785 --- [    Test worker] org.apache.http.wire                     : http-outgoing-7 >> "POST /actuator/shutdown HTTP/1.1[\r][\n]"
?[0m?[0;34m2024-07-18T17:39:18.180-04:00 DEBUG 93785 --- [    Test worker] org.apache.http.wire                     : http-outgoing-7 >> "Content-Type: application/json[\r][\n]"
?[0m?[0;34m2024-07-18T17:39:18.180-04:00 DEBUG 93785 --- [    Test worker] org.apache.http.wire                     : http-outgoing-7 >> "Content-Length: 0[\r][\n]"
?[0m?[0;34m2024-07-18T17:39:18.180-04:00 DEBUG 93785 --- [    Test worker] org.apache.http.wire                     : http-outgoing-7 >> "Host: localhost:28852[\r][\n]"
?[0m?[0;34m2024-07-18T17:39:18.180-04:00 DEBUG 93785 --- [    Test worker] org.apache.http.wire                     : http-outgoing-7 >> "Connection: Keep-Alive[\r][\n]"
?[0m?[0;34m2024-07-18T17:39:18.180-04:00 DEBUG 93785 --- [    Test worker] org.apache.http.wire                     : http-outgoing-7 >> "User-Agent: Apache-HttpClient/4.5.14 (Java/17.0.11)[\r][\n]"
?[0m?[0;34m2024-07-18T17:39:18.181-04:00 DEBUG 93785 --- [    Test worker] org.apache.http.wire                     : http-outgoing-7 >> "Accept-Encoding: gzip,deflate[\r][\n]"
?[0m?[0;34m2024-07-18T17:39:18.181-04:00 DEBUG 93785 --- [    Test worker] org.apache.http.wire                     : http-outgoing-7 >> "[\r][\n]"
?[0m?[0;34m2024-07-18T17:39:18.181-04:00 DEBUG 93785 --- [io-28852-exec-1] o.a.coyote.http11.Http11InputBuffer      : Before fill(): parsingHeader: [true], parsingRequestLine: [true], parsingRequestLinePhase: [0], parsingRequestLineStart: [0], byteBuffer.position(): [0], byteBuffer.limit(): [0], end: [0]
?[0m?[0;34m2024-07-18T17:39:18.181-04:00 DEBUG 93785 --- [io-28852-exec-1] o.a.tomcat.util.net.SocketWrapperBase    : Socket: [org.apache.tomcat.util.net.NioEndpoint$NioSocketWrapper@4ff4658:org.apache.tomcat.util.net.NioChannel@764cc2ff:java.nio.channels.SocketChannel[connected local=localhost/127.0.0.1:28852 remote=/127.0.0.1:62455]], Read from buffer: [0]
?[0m?[0;34m2024-07-18T17:39:18.182-04:00 DEBUG 93785 --- [io-28852-exec-1] org.apache.tomcat.util.net.NioEndpoint   : Socket: [org.apache.tomcat.util.net.NioEndpoint$NioSocketWrapper@4ff4658:org.apache.tomcat.util.net.NioChannel@764cc2ff:java.nio.channels.SocketChannel[connected local=localhost/127.0.0.1:28852 remote=/127.0.0.1:62455]], Read direct from socket: [218]
?[0m?[0;34m2024-07-18T17:39:18.182-04:00 DEBUG 93785 --- [io-28852-exec-1] o.a.coyote.http11.Http11InputBuffer      : Received [POST /actuator/shutdown HTTP/1.1
?[0m?[0;34mContent-Type: application/json
?[0m?[0;34mContent-Length: 0
?[0m?[0;34mHost: localhost:28852
?[0m?[0;34mConnection: Keep-Alive
?[0m?[0;34mUser-Agent: Apache-HttpClient/4.5.14 (Java/17.0.11)
?[0m?[0;34mAccept-Encoding: gzip,deflate
?[0m?[0;34m
?[0m?[0;34m]
?[0m?[0;34m2024-07-18T17:39:18.182-04:00 DEBUG 93785 --- [io-28852-exec-1] org.apache.tomcat.util.http.Parameters   : Set query string encoding to UTF-8
?[0m?[0;34m2024-07-18T17:39:18.182-04:00 DEBUG 93785 --- [io-28852-exec-1] o.a.c.authenticator.AuthenticatorBase    : Security checking request POST /actuator/shutdown
?[0m?[0;34m2024-07-18T17:39:18.182-04:00 DEBUG 93785 --- [io-28852-exec-1] org.apache.catalina.realm.RealmBase      :   No applicable constraints defined
?[0m?[0;34m2024-07-18T17:39:18.182-04:00 DEBUG 93785 --- [io-28852-exec-1] o.a.c.authenticator.AuthenticatorBase    : Not subject to any constraint
?[0m?[0;34m2024-07-18T17:39:18.183-04:00 DEBUG 93785 --- [o-28852-exec-10] o.s.web.servlet.DispatcherServlet        : Completed 200 OK
?[0m?[0;34m2024-07-18T17:39:18.183-04:00 DEBUG 93785 --- [io-28852-exec-1] o.s.security.web.FilterChainProxy        : Securing POST /actuator/shutdown
?[0m?[0;34m2024-07-18T17:39:18.184-04:00 DEBUG 93785 --- [io-28852-exec-1] org.apache.tomcat.util.http.Parameters   : Set encoding to UTF-8
?[0m?[0;34m2024-07-18T17:39:18.184-04:00 DEBUG 93785 --- [io-28852-exec-1] o.s.s.w.a.AnonymousAuthenticationFilter  : Set SecurityContextHolder to anonymous SecurityContext
?[0m?[0;34m2024-07-18T17:39:18.185-04:00 DEBUG 93785 --- [io-28852-exec-1] s.b.a.e.w.s.WebMvcEndpointHandlerMapping : Mapped to Actuator web endpoint 'shutdown'
?[0m?[0;34m2024-07-18T17:39:18.185-04:00 DEBUG 93785 --- [io-28852-exec-1] s.b.a.e.w.s.WebMvcEndpointHandlerMapping : Mapped to Actuator web endpoint 'shutdown'
?[0m?[0;34m2024-07-18T17:39:18.185-04:00 DEBUG 93785 --- [io-28852-exec-1] o.s.s.w.a.i.FilterSecurityInterceptor    : Authorized filter invocation [POST /actuator/shutdown] with attributes [permitAll]
?[0m?[0;34m2024-07-18T17:39:18.186-04:00 DEBUG 93785 --- [io-28852-exec-1] o.s.security.web.FilterChainProxy        : Secured POST /actuator/shutdown
?[0m?[0;34m2024-07-18T17:39:18.186-04:00 DEBUG 93785 --- [io-28852-exec-1] o.s.web.servlet.DispatcherServlet        : POST "/actuator/shutdown", parameters={}
?[0m?[0;34m2024-07-18T17:39:18.186-04:00 DEBUG 93785 --- [io-28852-exec-1] s.b.a.e.w.s.WebMvcEndpointHandlerMapping : Mapped to Actuator web endpoint 'shutdown'
?[0m?[0;34m2024-07-18T17:39:18.191-04:00 DEBUG 93785 --- [o-28852-exec-10] o.a.coyote.http11.Http11InputBuffer      : Before fill(): parsingHeader: [true], parsingRequestLine: [true], parsingRequestLinePhase: [0], parsingRequestLineStart: [0], byteBuffer.position(): [0], byteBuffer.limit(): [0], end: [278]
?[0m?[0;34m2024-07-18T17:39:18.191-04:00 DEBUG 93785 --- [io-28852-exec-1] m.m.a.RequestResponseBodyMethodProcessor : Read "application/json;charset=UTF-8" to []
?[0m?[0;34m2024-07-18T17:39:18.191-04:00 DEBUG 93785 --- [o-28852-exec-10] o.a.tomcat.util.net.SocketWrapperBase    : Socket: [org.apache.tomcat.util.net.NioEndpoint$NioSocketWrapper@7c79aaef:org.apache.tomcat.util.net.NioChannel@72be5b10:java.nio.channels.SocketChannel[connected local=localhost/127.0.0.1:28852 remote=/127.0.0.1:62454]], Read from buffer: [0]
?[0m?[0;34m2024-07-18T17:39:18.192-04:00 DEBUG 93785 --- [o-28852-exec-10] org.apache.tomcat.util.net.NioEndpoint   : Socket: [org.apache.tomcat.util.net.NioEndpoint$NioSocketWrapper@7c79aaef:org.apache.tomcat.util.net.NioChannel@72be5b10:java.nio.channels.SocketChannel[connected local=localhost/127.0.0.1:28852 remote=/127.0.0.1:62454]], Read direct from socket: [0]
?[0m?[0;34m2024-07-18T17:39:18.192-04:00 DEBUG 93785 --- [o-28852-exec-10] o.a.coyote.http11.Http11InputBuffer      : Received []
?[0m?[0;34m2024-07-18T17:39:18.192-04:00 DEBUG 93785 --- [o-28852-exec-10] o.apache.coyote.http11.Http11Processor   : Socket: [org.apache.tomcat.util.net.NioEndpoint$NioSocketWrapper@7c79aaef:org.apache.tomcat.util.net.NioChannel@72be5b10:java.nio.channels.SocketChannel[connected local=localhost/127.0.0.1:28852 remote=/127.0.0.1:62454]], Status in: [OPEN_READ], State out: [OPEN]
?[0m?[0;34m2024-07-18T17:39:18.192-04:00 DEBUG 93785 --- [o-28852-exec-10] org.apache.tomcat.util.net.NioEndpoint   : Registered read interest for [org.apache.tomcat.util.net.NioEndpoint$NioSocketWrapper@7c79aaef:org.apache.tomcat.util.net.NioChannel@72be5b10:java.nio.channels.SocketChannel[connected local=localhost/127.0.0.1:28852 remote=/127.0.0.1:62454]]
?[0m?[0;34m2024-07-18T17:39:18.198-04:00 DEBUG 93785 --- [io-28852-exec-1] m.m.a.RequestResponseBodyMethodProcessor : Using 'application/vnd.spring-boot.actuator.v3+json', given [*/*] and supported [application/vnd.spring-boot.actuator.v3+json, application/vnd.spring-boot.actuator.v2+json, application/json]
?[0m?[0;34m2024-07-18T17:39:18.199-04:00 DEBUG 93785 --- [io-28852-exec-1] m.m.a.RequestResponseBodyMethodProcessor : Writing [org.springframework.boot.actuate.context.ShutdownEndpoint$ShutdownDescriptor@4d634e1f]
?[0m?[0;34m2024-07-18T17:39:18.200-04:00 DEBUG 93785 --- [    Test worker] org.apache.http.wire                     : http-outgoing-7 << "HTTP/1.1 200 [\r][\n]"
?[0m?[0;34m2024-07-18T17:39:18.201-04:00 DEBUG 93785 --- [io-28852-exec-1] o.s.web.servlet.DispatcherServlet        : Completed 200 OK
?[0m?[0;34m2024-07-18T17:39:18.201-04:00 DEBUG 93785 --- [    Test worker] org.apache.http.wire                     : http-outgoing-7 << "X-Content-Type-Options: nosniff[\r][\n]"
?[0m?[0;34m2024-07-18T17:39:18.201-04:00 DEBUG 93785 --- [    Test worker] org.apache.http.wire                     : http-outgoing-7 << "X-XSS-Protection: 0[\r][\n]"
?[0m?[0;34m2024-07-18T17:39:18.201-04:00 DEBUG 93785 --- [    Test worker] org.apache.http.wire                     : http-outgoing-7 << "Cache-Control: no-cache, no-store, max-age=0, must-revalidate[\r][\n]"
?[0m?[0;34m2024-07-18T17:39:18.201-04:00 DEBUG 93785 --- [    Test worker] org.apache.http.wire                     : http-outgoing-7 << "Pragma: no-cache[\r][\n]"
?[0m?[0;34m2024-07-18T17:39:18.201-04:00 DEBUG 93785 --- [    Test worker] org.apache.http.wire                     : http-outgoing-7 << "Expires: 0[\r][\n]"
?[0m?[0;34m2024-07-18T17:39:18.201-04:00 DEBUG 93785 --- [    Test worker] org.apache.http.wire                     : http-outgoing-7 << "Content-Type: application/vnd.spring-boot.actuator.v3+json[\r][\n]"
?[0m?[0;34m2024-07-18T17:39:18.201-04:00 DEBUG 93785 --- [    Test worker] org.apache.http.wire                     : http-outgoing-7 << "Transfer-Encoding: chunked[\r][\n]"
?[0m?[0;34m2024-07-18T17:39:18.201-04:00 DEBUG 93785 --- [    Test worker] org.apache.http.wire                     : http-outgoing-7 << "Date: Thu, 18 Jul 2024 21:39:18 GMT[\r][\n]"
?[0m?[0;34m2024-07-18T17:39:18.201-04:00 DEBUG 93785 --- [    Test worker] org.apache.http.wire                     : http-outgoing-7 << "Keep-Alive: timeout=60[\r][\n]"
?[0m?[0;34m2024-07-18T17:39:18.201-04:00 DEBUG 93785 --- [    Test worker] org.apache.http.wire                     : http-outgoing-7 << "Connection: keep-alive[\r][\n]"
?[0m?[0;34m2024-07-18T17:39:18.201-04:00 DEBUG 93785 --- [    Test worker] org.apache.http.wire                     : http-outgoing-7 << "[\r][\n]"
?[0m?[0;34m2024-07-18T17:39:18.201-04:00 DEBUG 93785 --- [    Test worker] org.apache.http.wire                     : http-outgoing-7 << "23[\r][\n]"
?[0m?[0;34m2024-07-18T17:39:18.201-04:00 DEBUG 93785 --- [    Test worker] org.apache.http.wire                     : http-outgoing-7 << "{"message":"Shutting down, bye..."}[\r][\n]"
?[0m?[0;34m2024-07-18T17:39:18.201-04:00 DEBUG 93785 --- [    Test worker] org.apache.http.headers                  : http-outgoing-7 << HTTP/1.1 200 
?[0m?[0;34m2024-07-18T17:39:18.201-04:00 DEBUG 93785 --- [    Test worker] org.apache.http.headers                  : http-outgoing-7 << X-Content-Type-Options: nosniff
?[0m?[0;34m2024-07-18T17:39:18.201-04:00 DEBUG 93785 --- [    Test worker] org.apache.http.headers                  : http-outgoing-7 << X-XSS-Protection: 0
?[0m?[0;34m2024-07-18T17:39:18.201-04:00 DEBUG 93785 --- [    Test worker] org.apache.http.headers                  : http-outgoing-7 << Cache-Control: no-cache, no-store, max-age=0, must-revalidate
?[0m?[0;34m2024-07-18T17:39:18.201-04:00 DEBUG 93785 --- [    Test worker] org.apache.http.headers                  : http-outgoing-7 << Pragma: no-cache
?[0m?[0;34m2024-07-18T17:39:18.201-04:00 DEBUG 93785 --- [    Test worker] org.apache.http.headers                  : http-outgoing-7 << Expires: 0
?[0m?[0;34m2024-07-18T17:39:18.201-04:00 DEBUG 93785 --- [    Test worker] org.apache.http.headers                  : http-outgoing-7 << Content-Type: application/vnd.spring-boot.actuator.v3+json
?[0m?[0;34m2024-07-18T17:39:18.201-04:00 DEBUG 93785 --- [    Test worker] org.apache.http.headers                  : http-outgoing-7 << Transfer-Encoding: chunked
?[0m?[0;34m2024-07-18T17:39:18.201-04:00 DEBUG 93785 --- [    Test worker] org.apache.http.headers                  : http-outgoing-7 << Date: Thu, 18 Jul 2024 21:39:18 GMT
?[0m?[0;34m2024-07-18T17:39:18.201-04:00 DEBUG 93785 --- [    Test worker] org.apache.http.headers                  : http-outgoing-7 << Keep-Alive: timeout=60
?[0m?[0;34m2024-07-18T17:39:18.201-04:00 DEBUG 93785 --- [    Test worker] org.apache.http.headers                  : http-outgoing-7 << Connection: keep-alive
?[0m?[0;34m2024-07-18T17:39:18.201-04:00 DEBUG 93785 --- [    Test worker] o.a.http.impl.execchain.MainClientExec   : Connection can be kept alive for 60000 MILLISECONDS
?[0m?[0;34m2024-07-18T17:39:18.202-04:00 DEBUG 93785 --- [    Test worker] org.apache.http.wire                     : http-outgoing-7 << "0[\r][\n]"
?[0m?[0;34m2024-07-18T17:39:18.202-04:00 DEBUG 93785 --- [    Test worker] org.apache.http.wire                     : http-outgoing-7 << "[\r][\n]"
?[0m?[0;34m2024-07-18T17:39:18.202-04:00 DEBUG 93785 --- [io-28852-exec-1] o.a.coyote.http11.Http11InputBuffer      : Before fill(): parsingHeader: [true], parsingRequestLine: [true], parsingRequestLinePhase: [0], parsingRequestLineStart: [0], byteBuffer.position(): [0], byteBuffer.limit(): [0], end: [218]
?[0m?[0;34m2024-07-18T17:39:18.202-04:00 DEBUG 93785 --- [    Test worker] h.i.c.PoolingHttpClientConnectionManager : Connection [id: 7][route: {}->http://localhost:28852] can be kept alive for 60.0 seconds
?[0m?[0;34m2024-07-18T17:39:18.202-04:00 DEBUG 93785 --- [    Test worker] h.i.c.DefaultManagedHttpClientConnection : http-outgoing-7: set socket timeout to 0
?[0m?[0;34m2024-07-18T17:39:18.202-04:00 DEBUG 93785 --- [io-28852-exec-1] o.a.tomcat.util.net.SocketWrapperBase    : Socket: [org.apache.tomcat.util.net.NioEndpoint$NioSocketWrapper@4ff4658:org.apache.tomcat.util.net.NioChannel@764cc2ff:java.nio.channels.SocketChannel[connected local=localhost/127.0.0.1:28852 remote=/127.0.0.1:62455]], Read from buffer: [0]
?[0m?[0;34m2024-07-18T17:39:18.202-04:00 DEBUG 93785 --- [    Test worker] h.i.c.PoolingHttpClientConnectionManager : Connection released: [id: 7][route: {}->http://localhost:28852][total available: 1; route allocated: 1 of 2; total allocated: 1 of 20]
?[0m?[0;34m2024-07-18T17:39:18.202-04:00 DEBUG 93785 --- [    Test worker] o.a.http.impl.execchain.MainClientExec   : Cancelling request execution
?[0m?[0;34m2024-07-18T17:39:18.202-04:00 DEBUG 93785 --- [io-28852-exec-1] org.apache.tomcat.util.net.NioEndpoint   : Socket: [org.apache.tomcat.util.net.NioEndpoint$NioSocketWrapper@4ff4658:org.apache.tomcat.util.net.NioChannel@764cc2ff:java.nio.channels.SocketChannel[connected local=localhost/127.0.0.1:28852 remote=/127.0.0.1:62455]], Read direct from socket: [0]
?[0m?[0;34m2024-07-18T17:39:18.203-04:00 DEBUG 93785 --- [io-28852-exec-1] o.a.coyote.http11.Http11InputBuffer      : Received []
?[0m?[0;34m2024-07-18T17:39:18.204-04:00 DEBUG 93785 --- [io-28852-exec-1] o.apache.coyote.http11.Http11Processor   : Socket: [org.apache.tomcat.util.net.NioEndpoint$NioSocketWrapper@4ff4658:org.apache.tomcat.util.net.NioChannel@764cc2ff:java.nio.channels.SocketChannel[connected local=localhost/127.0.0.1:28852 remote=/127.0.0.1:62455]], Status in: [OPEN_READ], State out: [OPEN]
?[0m?[0;34m2024-07-18T17:39:18.204-04:00 DEBUG 93785 --- [io-28852-exec-1] org.apache.tomcat.util.net.NioEndpoint   : Registered read interest for [org.apache.tomcat.util.net.NioEndpoint$NioSocketWrapper@4ff4658:org.apache.tomcat.util.net.NioChannel@764cc2ff:java.nio.channels.SocketChannel[connected local=localhost/127.0.0.1:28852 remote=/127.0.0.1:62455]]
?[0;34m2024-07-18T17:39:18.701-04:00 DEBUG 93785 --- [       Thread-5] o.s.b.a.ApplicationAvailabilityBean      : Application availability state ReadinessState changed from ACCEPTING_TRAFFIC to REFUSING_TRAFFIC
?[0m?[0;34m2024-07-18T17:39:18.702-04:00 DEBUG 93785 --- [       Thread-5] ConfigServletWebServerApplicationContext : Closing org.springframework.boot.web.servlet.context.AnnotationConfigServletWebServerApplicationContext@721eb7df, started on Thu Jul 18 17:39:10 EDT 2024
?[0m?[0;34m2024-07-18T17:39:18.704-04:00 DEBUG 93785 --- [       Thread-5] o.s.c.support.DefaultLifecycleProcessor  : Stopping beans in phase 2147482623
?[0m?[0;34m2024-07-18T17:39:18.705-04:00 DEBUG 93785 --- [       Thread-5] o.s.c.support.DefaultLifecycleProcessor  : Bean 'webServerGracefulShutdown' completed its stop procedure
?[0m?[0;34m2024-07-18T17:39:18.705-04:00 DEBUG 93785 --- [       Thread-5] o.s.c.support.DefaultLifecycleProcessor  : Stopping beans in phase 2147481599
?[0m?[0;34m2024-07-18T17:39:18.708-04:00 DEBUG 93785 --- [       Thread-5] org.apache.tomcat.util.net.NioEndpoint   : About to unlock socket for:/[0:0:0:0:0:0:0:1%lo0]:28852
?[0m?[0;34m2024-07-18T17:39:18.709-04:00 DEBUG 93785 --- [       Thread-5] org.apache.tomcat.util.net.NioEndpoint   : Socket unlock completed for:/[0:0:0:0:0:0:0:1%lo0]:28852
?[0m?[0;34m2024-07-18T17:39:18.710-04:00  INFO 93785 --- [       Thread-5] o.apache.catalina.core.StandardService   : Stopping service [Tomcat]
?[0m?[0;34m2024-07-18T17:39:18.711-04:00 DEBUG 93785 --- [       Thread-5] o.apache.catalina.mapper.MapperListener  : Unregister host [localhost] at domain [null] for service [StandardService[Tomcat]]
?[0m?[0;34m2024-07-18T17:39:18.712-04:00 DEBUG 93785 --- [       Thread-5] o.apache.catalina.mapper.MapperListener  : Unregister Context [] for service [StandardService[Tomcat]]
?[0m?[0;34m2024-07-18T17:39:18.712-04:00 DEBUG 93785 --- [       Thread-5] o.apache.catalina.mapper.MapperListener  : Unregister Wrapper [dispatcherServlet] in Context [] for service [StandardService[Tomcat]]
?[0m?[0;34m2024-07-18T17:39:18.712-04:00  INFO 93785 --- [       Thread-5] o.a.c.c.C.[Tomcat].[localhost].[/]       : Destroying Spring FrameworkServlet 'dispatcherServlet'
?[0m?[0;34m2024-07-18T17:39:18.712-04:00 DEBUG 93785 --- [       Thread-5] o.apache.catalina.mapper.MapperListener  : Unregister Wrapper [jakartaWebServlet] in Context [] for service [StandardService[Tomcat]]
?[0m?[0;34m2024-07-18T17:39:18.713-04:00 DEBUG 93785 --- [       Thread-5] o.a.c.c.C.[Tomcat].[localhost].[/]       : Stopping filters
?[0m?[0;34m2024-07-18T17:39:18.713-04:00 DEBUG 93785 --- [       Thread-5] o.a.c.c.C.[Tomcat].[localhost].[/]       :  Stopping filter 'requestContextFilter'
?[0m?[0;34m2024-07-18T17:39:18.713-04:00 DEBUG 93785 --- [       Thread-5] o.a.c.core.ApplicationFilterConfig       : JMX de-registration complete for filter of type [org.springframework.boot.web.servlet.filter.OrderedRequestContextFilter] and name [requestContextFilter]
?[0m?[0;34m2024-07-18T17:39:18.713-04:00 DEBUG 93785 --- [       Thread-5] o.a.c.c.C.[Tomcat].[localhost].[/]       :  Stopping filter 'Tomcat WebSocket (JSR356) Filter'
?[0m?[0;34m2024-07-18T17:39:18.713-04:00 DEBUG 93785 --- [       Thread-5] o.a.c.core.ApplicationFilterConfig       : JMX de-registration complete for filter of type [org.apache.tomcat.websocket.server.WsFilter] and name [Tomcat WebSocket (JSR356) Filter]
?[0m?[0;34m2024-07-18T17:39:18.714-04:00 DEBUG 93785 --- [       Thread-5] o.a.c.c.C.[Tomcat].[localhost].[/]       :  Stopping filter 'serverHttpObservationFilter'
?[0m?[0;34m2024-07-18T17:39:18.714-04:00 DEBUG 93785 --- [       Thread-5] o.a.c.core.ApplicationFilterConfig       : JMX de-registration complete for filter of type [org.springframework.web.filter.ServerHttpObservationFilter] and name [serverHttpObservationFilter]
?[0m?[0;34m2024-07-18T17:39:18.714-04:00 DEBUG 93785 --- [       Thread-5] o.a.c.c.C.[Tomcat].[localhost].[/]       :  Stopping filter 'characterEncodingFilter'
?[0m?[0;34m2024-07-18T17:39:18.714-04:00 DEBUG 93785 --- [       Thread-5] o.a.c.core.ApplicationFilterConfig       : JMX de-registration complete for filter of type [org.springframework.boot.web.servlet.filter.OrderedCharacterEncodingFilter] and name [characterEncodingFilter]
?[0m?[0;34m2024-07-18T17:39:18.714-04:00 DEBUG 93785 --- [       Thread-5] o.a.c.c.C.[Tomcat].[localhost].[/]       :  Stopping filter 'springSecurityFilterChain'
?[0m?[0;34m2024-07-18T17:39:18.715-04:00 DEBUG 93785 --- [       Thread-5] o.a.c.core.ApplicationFilterConfig       : JMX de-registration complete for filter of type [org.springframework.boot.web.servlet.DelegatingFilterProxyRegistrationBean$1] and name [springSecurityFilterChain]
?[0m?[0;34m2024-07-18T17:39:18.715-04:00 DEBUG 93785 --- [       Thread-5] o.a.c.c.C.[Tomcat].[localhost].[/]       :  Stopping filter 'formContentFilter'
?[0m?[0;34m2024-07-18T17:39:18.715-04:00 DEBUG 93785 --- [       Thread-5] o.a.c.core.ApplicationFilterConfig       : JMX de-registration complete for filter of type [org.springframework.boot.web.servlet.filter.OrderedFormContentFilter] and name [formContentFilter]
?[0m?[0;34m2024-07-18T17:39:18.715-04:00 DEBUG 93785 --- [       Thread-5] o.a.catalina.session.StandardManager     : Stopping
?[0m?[0;34m2024-07-18T17:39:18.715-04:00 DEBUG 93785 --- [       Thread-5] o.a.catalina.session.StandardManager     : Unloading persisted sessions
?[0m?[0;34m2024-07-18T17:39:18.717-04:00 DEBUG 93785 --- [       Thread-5] o.apache.catalina.core.StandardContext   : Sending application stop events
?[0m?[0;34m2024-07-18T17:39:18.717-04:00 DEBUG 93785 --- [       Thread-5] o.apache.catalina.core.StandardContext   : Processing standard container shutdown
?[0m?[0;34m2024-07-18T17:39:18.718-04:00 DEBUG 93785 --- [       Thread-5] o.apache.catalina.loader.WebappLoader    : Stopping this Loader
?[0m?[0;34m2024-07-18T17:39:18.718-04:00 DEBUG 93785 --- [       Thread-5] o.a.c.loader.WebappClassLoaderBase       : getResourceAsStream(org/apache/catalina/loader/JdbcLeakPrevention.class)
?[0m?[0;34m2024-07-18T17:39:18.718-04:00 DEBUG 93785 --- [       Thread-5] o.a.c.loader.WebappClassLoaderBase       :   Delegating to parent classloader jdk.internal.loader.ClassLoaders$AppClassLoader@5387f9e0
?[0m?[0;34m2024-07-18T17:39:18.719-04:00 DEBUG 93785 --- [       Thread-5] o.a.c.loader.WebappClassLoaderBase       :   --> Returning stream from parent
?[0m?[0;34m2024-07-18T17:39:18.723-04:00 DEBUG 93785 --- [       Thread-5] o.apache.catalina.core.StandardContext   : resetContext Tomcat:j2eeType=WebModule,name=//localhost/,J2EEApplication=none,J2EEServer=none
?[0m?[0;34m2024-07-18T17:39:18.724-04:00 DEBUG 93785 --- [       Thread-5] o.apache.catalina.core.StandardContext   : Stopping complete
?[0;34m2024-07-18T17:39:18.724-04:00 DEBUG 93785 --- [io-28852-Poller] org.apache.tomcat.util.net.NioEndpoint   : Calling [org.apache.tomcat.util.net.NioEndpoint@6adae3fa].closeSocket([org.apache.tomcat.util.net.NioEndpoint$NioSocketWrapper@5dfbfab1:org.apache.tomcat.util.net.NioChannel@533c1f7e:java.nio.channels.SocketChannel[connected local=localhost/127.0.0.1:28852 remote=/127.0.0.1:62453]])
?[0m?[0;34m2024-07-18T17:39:18.725-04:00 DEBUG 93785 --- [io-28852-Poller] org.apache.tomcat.util.net.NioEndpoint   : Calling [org.apache.tomcat.util.net.NioEndpoint@6adae3fa].closeSocket([org.apache.tomcat.util.net.NioEndpoint$NioSocketWrapper@4ff4658:org.apache.tomcat.util.net.NioChannel@764cc2ff:java.nio.channels.SocketChannel[connected local=localhost/127.0.0.1:28852 remote=/127.0.0.1:62455]])
?[0m?[0;34m2024-07-18T17:39:18.725-04:00 DEBUG 93785 --- [io-28852-Poller] org.apache.tomcat.util.net.NioEndpoint   : Calling [org.apache.tomcat.util.net.NioEndpoint@6adae3fa].closeSocket([org.apache.tomcat.util.net.NioEndpoint$NioSocketWrapper@7c79aaef:org.apache.tomcat.util.net.NioChannel@72be5b10:java.nio.channels.SocketChannel[connected local=localhost/127.0.0.1:28852 remote=/127.0.0.1:62454]])
?[0m?[0;34m2024-07-18T17:39:18.728-04:00 DEBUG 93785 --- [       Thread-5] org.apache.tomcat.util.net.NioEndpoint   : Destroy initiated for 0.0.0.0/0.0.0.0:28852
?[0m?[0;34m2024-07-18T17:39:18.728-04:00 DEBUG 93785 --- [       Thread-5] org.apache.tomcat.util.net.NioEndpoint   : Destroy completed for 0.0.0.0/0.0.0.0:28852
?[0m?[0;34m2024-07-18T17:39:18.729-04:00 DEBUG 93785 --- [       Thread-5] o.s.c.support.DefaultLifecycleProcessor  : Bean 'webServerStartStop' completed its stop procedure
?[0m?[0;34m2024-07-18T17:39:18.729-04:00 DEBUG 93785 --- [       Thread-5] o.s.c.support.DefaultLifecycleProcessor  : Stopping beans in phase -2147483647
?[0m?[0;34m2024-07-18T17:39:18.729-04:00 DEBUG 93785 --- [       Thread-5] o.s.c.support.DefaultLifecycleProcessor  : Bean 'springBootLoggingLifecycle' completed its stop procedure
?[0m?[0;34m2024-07-18T17:39:18.732-04:00 DEBUG 93785 --- [       Thread-5] o.s.s.concurrent.ThreadPoolTaskExecutor  : Shutting down ExecutorService 'applicationTaskExecutor'
?[0m?[0;34m2024-07-18T17:39:18.734-04:00  INFO 93785 --- [       Thread-5] j.LocalContainerEntityManagerFactoryBean : Closing JPA EntityManagerFactory for persistence unit 'default'
?[0m?[0;34m2024-07-18T17:39:18.734-04:00 DEBUG 93785 --- [       Thread-5] o.hibernate.internal.SessionFactoryImpl  : HHH000031: Closing
?[0m?[0;34m2024-07-18T17:39:18.735-04:00 DEBUG 93785 --- [       Thread-5] o.h.type.spi.TypeConfiguration$Scope     : Un-scoping TypeConfiguration [org.hibernate.type.spi.TypeConfiguration$Scope@2f28981f] from SessionFactory [org.hibernate.internal.SessionFactoryImpl@60484429]
?[0m?[0;34m2024-07-18T17:39:18.736-04:00 DEBUG 93785 --- [       Thread-5] o.h.s.i.AbstractServiceRegistryImpl      : Implicitly destroying ServiceRegistry on de-registration of all child ServiceRegistries
?[0m?[0;34m2024-07-18T17:39:18.738-04:00 DEBUG 93785 --- [       Thread-5] o.h.b.r.i.BootstrapServiceRegistryImpl   : Implicitly destroying Boot-strap registry on de-registration of all child ServiceRegistries
?[0m?[0;34m2024-07-18T17:39:18.739-04:00  INFO 93785 --- [       Thread-5] com.zaxxer.hikari.HikariDataSource       : HikariPool-1 - Shutdown initiated...
?[0m?[0;34m2024-07-18T17:39:18.739-04:00 DEBUG 93785 --- [       Thread-5] com.zaxxer.hikari.pool.HikariPool        : HikariPool-1 - Before shutdown stats (total=10, active=0, idle=10, waiting=0)
?[0;34m2024-07-18T17:39:18.741-04:00 DEBUG 93785 --- [nnection closer] com.zaxxer.hikari.pool.PoolBase          : HikariPool-1 - Closing connection conn0: url=jdbc:h2:mem:testdb user=SA: (connection evicted)
?[0m?[0;34m2024-07-18T17:39:18.741-04:00 DEBUG 93785 --- [nnection closer] com.zaxxer.hikari.pool.PoolBase          : HikariPool-1 - Closing connection conn1: url=jdbc:h2:mem:testdb user=SA: (connection evicted)
?[0m?[0;34m2024-07-18T17:39:18.741-04:00 DEBUG 93785 --- [nnection closer] com.zaxxer.hikari.pool.PoolBase          : HikariPool-1 - Closing connection conn2: url=jdbc:h2:mem:testdb user=SA: (connection evicted)
?[0m?[0;34m2024-07-18T17:39:18.741-04:00 DEBUG 93785 --- [nnection closer] com.zaxxer.hikari.pool.PoolBase          : HikariPool-1 - Closing connection conn3: url=jdbc:h2:mem:testdb user=SA: (connection evicted)
?[0m?[0;34m2024-07-18T17:39:18.741-04:00 DEBUG 93785 --- [nnection closer] com.zaxxer.hikari.pool.PoolBase          : HikariPool-1 - Closing connection conn4: url=jdbc:h2:mem:testdb user=SA: (connection evicted)
?[0m?[0;34m2024-07-18T17:39:18.741-04:00 DEBUG 93785 --- [nnection closer] com.zaxxer.hikari.pool.PoolBase          : HikariPool-1 - Closing connection conn5: url=jdbc:h2:mem:testdb user=SA: (connection evicted)
?[0m?[0;34m2024-07-18T17:39:18.742-04:00 DEBUG 93785 --- [nnection closer] com.zaxxer.hikari.pool.PoolBase          : HikariPool-1 - Closing connection conn6: url=jdbc:h2:mem:testdb user=SA: (connection evicted)
?[0m?[0;34m2024-07-18T17:39:18.742-04:00 DEBUG 93785 --- [nnection closer] com.zaxxer.hikari.pool.PoolBase          : HikariPool-1 - Closing connection conn7: url=jdbc:h2:mem:testdb user=SA: (connection evicted)
?[0m?[0;34m2024-07-18T17:39:18.742-04:00 DEBUG 93785 --- [nnection closer] com.zaxxer.hikari.pool.PoolBase          : HikariPool-1 - Closing connection conn8: url=jdbc:h2:mem:testdb user=SA: (connection evicted)
?[0m?[0;34m2024-07-18T17:39:18.742-04:00 DEBUG 93785 --- [nnection closer] com.zaxxer.hikari.pool.PoolBase          : HikariPool-1 - Closing connection conn9: url=jdbc:h2:mem:testdb user=SA: (connection evicted)
?[0m?[0;34m2024-07-18T17:39:18.743-04:00 DEBUG 93785 --- [       Thread-5] com.zaxxer.hikari.pool.HikariPool        : HikariPool-1 - After shutdown stats (total=0, active=0, idle=0, waiting=0)
?[0m?[0;34m2024-07-18T17:39:18.743-04:00  INFO 93785 --- [       Thread-5] com.zaxxer.hikari.HikariDataSource       : HikariPool-1 - Shutdown completed.
?[0m?[0;34m
?[0m?[0;34m  .   ____          _            __ _ _
?[0m?[0;34m /\\ / ___'_ __ _ _(_)_ __  __ _ \ \ \ \
?[0m?[0;34m( ( )\___ | '_ | '_| | '_ \/ _` | \ \ \ \
?[0m?[0;34m \\/  ___)| |_)| | | | | || (_| |  ) ) ) )
?[0m?[0;34m  '  |____| .__|_| |_|_| |_\__, | / / / /
?[0m?[0;34m =========|_|==============|___/=/_/_/_/
?[0m?[0;34m :: Spring Boot ::                (v3.0.2)
?[0m?[0;34m
?[0m?[0;34m2024-07-18T17:39:28.546-04:00  INFO 93785 --- [    Test worker] antifraud.AntiFraudApplication           : Starting AntiFraudApplication using Java 17.0.11 with PID 93785 (started by CarmenLaptop in /Users/CarmenLaptop/Desktop/coding/Anti-Fraud System/Anti-Fraud System/task)
?[0m?[0;34m2024-07-18T17:39:28.546-04:00 DEBUG 93785 --- [    Test worker] antifraud.AntiFraudApplication           : Running with Spring Boot v3.0.2, Spring v6.0.4
?[0m?[0;34m2024-07-18T17:39:28.546-04:00  INFO 93785 --- [    Test worker] antifraud.AntiFraudApplication           : No active profile set, falling back to 1 default profile: "default"
?[0m?[0;34m2024-07-18T17:39:28.546-04:00 DEBUG 93785 --- [    Test worker] o.s.boot.SpringApplication               : Loading source class antifraud.AntiFraudApplication
?[0m?[0;34m2024-07-18T17:39:28.548-04:00 DEBUG 93785 --- [    Test worker] ConfigServletWebServerApplicationContext : Refreshing org.springframework.boot.web.servlet.context.AnnotationConfigServletWebServerApplicationContext@c358f32
?[0m?[0;34m2024-07-18T17:39:28.550-04:00 DEBUG 93785 --- [    Test worker] o.s.b.f.s.DefaultListableBeanFactory     : Creating shared instance of singleton bean 'org.springframework.context.annotation.internalConfigurationAnnotationProcessor'
?[0m?[0;34m2024-07-18T17:39:28.550-04:00 DEBUG 93785 --- [    Test worker] o.s.b.f.s.DefaultListableBeanFactory     : Creating shared instance of singleton bean 'org.springframework.boot.autoconfigure.internalCachingMetadataReaderFactory'
?[0m?[0;34m2024-07-18T17:39:28.557-04:00 DEBUG 93785 --- [    Test worker] o.s.c.a.ClassPathBeanDefinitionScanner   : Identified candidate component class: file [/Users/CarmenLaptop/Desktop/coding/Anti-Fraud System/Anti-Fraud System/task/build/classes/java/main/antifraud/config/PasswordConfig.class]
?[0m?[0;34m2024-07-18T17:39:28.557-04:00 DEBUG 93785 --- [    Test worker] o.s.c.a.ClassPathBeanDefinitionScanner   : Identified candidate component class: file [/Users/CarmenLaptop/Desktop/coding/Anti-Fraud System/Anti-Fraud System/task/build/classes/java/main/antifraud/config/RestAuthenticationEntryPoint.class]
?[0m?[0;34m2024-07-18T17:39:28.558-04:00 DEBUG 93785 --- [    Test worker] o.s.c.a.ClassPathBeanDefinitionScanner   : Identified candidate component class: file [/Users/CarmenLaptop/Desktop/coding/Anti-Fraud System/Anti-Fraud System/task/build/classes/java/main/antifraud/config/SecurityConfig.class]
?[0m?[0;34m2024-07-18T17:39:28.559-04:00 DEBUG 93785 --- [    Test worker] o.s.c.a.ClassPathBeanDefinitionScanner   : Identified candidate component class: file [/Users/CarmenLaptop/Desktop/coding/Anti-Fraud System/Anti-Fraud System/task/build/classes/java/main/antifraud/controller/AntiFraudController.class]
?[0m?[0;34m2024-07-18T17:39:28.560-04:00 DEBUG 93785 --- [    Test worker] o.s.c.a.ClassPathBeanDefinitionScanner   : Identified candidate component class: file [/Users/CarmenLaptop/Desktop/coding/Anti-Fraud System/Anti-Fraud System/task/build/classes/java/main/antifraud/controller/AuthController.class]
?[0m?[0;34m2024-07-18T17:39:28.562-04:00 DEBUG 93785 --- [    Test worker] o.s.c.a.ClassPathBeanDefinitionScanner   : Identified candidate component class: file [/Users/CarmenLaptop/Desktop/coding/Anti-Fraud System/Anti-Fraud System/task/build/classes/java/main/antifraud/service/CustomUserDetailsService.class]
?[0m?[0;34m2024-07-18T17:39:28.641-04:00 DEBUG 93785 --- [      Finalizer] h.i.c.PoolingHttpClientConnectionManager : Connection manager is shutting down
?[0m?[0;34m2024-07-18T17:39:28.641-04:00 DEBUG 93785 --- [      Finalizer] h.i.c.DefaultManagedHttpClientConnection : http-outgoing-5: Close connection
?[0m?[0;34m2024-07-18T17:39:28.642-04:00 DEBUG 93785 --- [      Finalizer] h.i.c.PoolingHttpClientConnectionManager : Connection manager shut down
?[0m?[0;34m2024-07-18T17:39:28.642-04:00 DEBUG 93785 --- [      Finalizer] h.i.c.PoolingHttpClientConnectionManager : Connection manager is shutting down
?[0m?[0;34m2024-07-18T17:39:28.642-04:00 DEBUG 93785 --- [      Finalizer] h.i.c.DefaultManagedHttpClientConnection : http-outgoing-7: Close connection
?[0m?[0;34m2024-07-18T17:39:28.642-04:00 DEBUG 93785 --- [      Finalizer] h.i.c.PoolingHttpClientConnectionManager : Connection manager shut down
?[0m?[0;34m2024-07-18T17:39:28.642-04:00 DEBUG 93785 --- [      Finalizer] h.i.c.PoolingHttpClientConnectionManager : Connection manager is shutting down
?[0m?[0;34m2024-07-18T17:39:28.642-04:00 DEBUG 93785 --- [      Finalizer] h.i.c.DefaultManagedHttpClientConnection : http-outgoing-6: Close connection
?[0m?[0;34m2024-07-18T17:39:28.643-04:00 DEBUG 93785 --- [      Finalizer] h.i.c.PoolingHttpClientConnectionManager : Connection manager shut down
?[0m?[0;34m2024-07-18T17:39:29.259-04:00  INFO 93785 --- [    Test worker] .s.d.r.c.RepositoryConfigurationDelegate : Bootstrapping Spring Data JPA repositories in DEFAULT mode.
?[0m?[0;34m2024-07-18T17:39:29.260-04:00 DEBUG 93785 --- [    Test worker] o.s.b.f.s.DefaultListableBeanFactory     : Creating shared instance of singleton bean 'org.springframework.boot.autoconfigure.AutoConfigurationPackages'
?[0m?[0;34m2024-07-18T17:39:29.260-04:00 DEBUG 93785 --- [    Test worker] o.s.b.a.AutoConfigurationPackages        : @EnableAutoConfiguration was declared on a class in the package 'antifraud'. Automatic @Repository and @Entity scanning is enabled.
?[0m?[0;34m2024-07-18T17:39:29.260-04:00 DEBUG 93785 --- [    Test worker] .s.d.r.c.RepositoryConfigurationDelegate : Scanning for JPA repositories in packages antifraud.
?[0m?[0;34m2024-07-18T17:39:29.265-04:00 DEBUG 93785 --- [    Test worker] o.s.d.r.c.RepositoryComponentProvider    : Identified candidate component class: file [/Users/CarmenLaptop/Desktop/coding/Anti-Fraud System/Anti-Fraud System/task/build/classes/java/main/antifraud/repository/UserRepository.class]
?[0m?[0;34m2024-07-18T17:39:29.270-04:00  INFO 93785 --- [    Test worker] .s.d.r.c.RepositoryConfigurationDelegate : Finished Spring Data repository scanning in 9 ms. Found 1 JPA repository interfaces.
?[0m?[0;34m2024-07-18T17:39:29.308-04:00 DEBUG 93785 --- [    Test worker] o.s.b.f.s.DefaultListableBeanFactory     : Creating shared instance of singleton bean 'propertySourcesPlaceholderConfigurer'
?[0m?[0;34m2024-07-18T17:39:29.309-04:00 DEBUG 93785 --- [    Test worker] o.s.b.f.s.DefaultListableBeanFactory     : Creating shared instance of singleton bean 'emBeanDefinitionRegistrarPostProcessor'
?[0m?[0;34m2024-07-18T17:39:29.310-04:00 DEBUG 93785 --- [    Test worker] o.s.b.f.s.DefaultListableBeanFactory     : Creating shared instance of singleton bean 'org.springframework.boot.sql.init.dependency.DatabaseInitializationDependencyConfigurer$DependsOnDatabaseInitializationPostProcessor'
?[0m?[0;34m2024-07-18T17:39:29.319-04:00 DEBUG 93785 --- [    Test worker] o.s.b.f.s.DefaultListableBeanFactory     : Creating shared instance of singleton bean 'org.springframework.context.event.internalEventListenerProcessor'
?[0m?[0;34m2024-07-18T17:39:29.319-04:00 DEBUG 93785 --- [    Test worker] o.s.b.f.s.DefaultListableBeanFactory     : Creating shared instance of singleton bean 'conversionServicePostProcessor'
?[0m?[0;34m2024-07-18T17:39:29.320-04:00 DEBUG 93785 --- [    Test worker] o.s.b.f.s.DefaultListableBeanFactory     : Creating shared instance of singleton bean 'preserveErrorControllerTargetClassPostProcessor'
?[0m?[0;34m2024-07-18T17:39:29.321-04:00 DEBUG 93785 --- [    Test worker] o.s.b.f.s.DefaultListableBeanFactory     : Creating shared instance of singleton bean 'org.springframework.context.event.internalEventListenerFactory'
?[0m?[0;34m2024-07-18T17:39:29.321-04:00 DEBUG 93785 --- [    Test worker] o.s.b.f.s.DefaultListableBeanFactory     : Creating shared instance of singleton bean 'org.springframework.transaction.config.internalTransactionalEventListenerFactory'
?[0m?[0;34m2024-07-18T17:39:29.323-04:00 DEBUG 93785 --- [    Test worker] o.s.b.f.s.DefaultListableBeanFactory     : Creating shared instance of singleton bean 'org.springframework.context.annotation.internalAutowiredAnnotationProcessor'
?[0m?[0;34m2024-07-18T17:39:29.323-04:00 DEBUG 93785 --- [    Test worker] o.s.b.f.s.DefaultListableBeanFactory     : Creating shared instance of singleton bean 'org.springframework.context.annotation.internalCommonAnnotationProcessor'
?[0m?[0;34m2024-07-18T17:39:29.324-04:00 DEBUG 93785 --- [    Test worker] o.s.b.f.s.DefaultListableBeanFactory     : Creating shared instance of singleton bean 'org.springframework.context.annotation.internalPersistenceAnnotationProcessor'
?[0m?[0;34m2024-07-18T17:39:29.324-04:00 DEBUG 93785 --- [    Test worker] o.s.b.f.s.DefaultListableBeanFactory     : Creating shared instance of singleton bean 'org.springframework.boot.context.properties.ConfigurationPropertiesBindingPostProcessor'
?[0m?[0;34m2024-07-18T17:39:29.324-04:00 DEBUG 93785 --- [    Test worker] o.s.b.f.s.DefaultListableBeanFactory     : Creating shared instance of singleton bean 'org.springframework.boot.context.internalConfigurationPropertiesBinder'
?[0m?[0;34m2024-07-18T17:39:29.325-04:00 DEBUG 93785 --- [    Test worker] o.s.b.f.s.DefaultListableBeanFactory     : Creating shared instance of singleton bean 'org.springframework.aop.config.internalAutoProxyCreator'
?[0m?[0;34m2024-07-18T17:39:29.326-04:00 DEBUG 93785 --- [    Test worker] o.s.b.f.s.DefaultListableBeanFactory     : Creating shared instance of singleton bean 'persistenceExceptionTranslationPostProcessor'
?[0m?[0;34m2024-07-18T17:39:29.328-04:00 DEBUG 93785 --- [    Test worker] o.s.b.f.s.DefaultListableBeanFactory     : Autowiring by type from bean name 'persistenceExceptionTranslationPostProcessor' via factory method to bean named 'environment'
?[0m?[0;34m2024-07-18T17:39:29.329-04:00 DEBUG 93785 --- [    Test worker] o.s.b.f.s.DefaultListableBeanFactory     : Creating shared instance of singleton bean 'webServerFactoryCustomizerBeanPostProcessor'
?[0m?[0;34m2024-07-18T17:39:29.329-04:00 DEBUG 93785 --- [    Test worker] o.s.b.f.s.DefaultListableBeanFactory     : Creating shared instance of singleton bean 'errorPageRegistrarBeanPostProcessor'
?[0m?[0;34m2024-07-18T17:39:29.329-04:00 DEBUG 93785 --- [    Test worker] o.s.b.f.s.DefaultListableBeanFactory     : Creating shared instance of singleton bean 'healthEndpointGroupsBeanPostProcessor'
?[0m?[0;34m2024-07-18T17:39:29.330-04:00 DEBUG 93785 --- [    Test worker] o.s.b.f.s.DefaultListableBeanFactory     : Creating shared instance of singleton bean 'org.springframework.transaction.config.internalTransactionAdvisor'
?[0m?[0;34m2024-07-18T17:39:29.331-04:00 DEBUG 93785 --- [    Test worker] o.s.b.f.s.DefaultListableBeanFactory     : Creating shared instance of singleton bean 'org.springframework.transaction.annotation.ProxyTransactionManagementConfiguration'
?[0m?[0;34m2024-07-18T17:39:29.336-04:00 DEBUG 93785 --- [    Test worker] o.s.b.f.s.DefaultListableBeanFactory     : Creating shared instance of singleton bean 'transactionAttributeSource'
?[0m?[0;34m2024-07-18T17:39:29.337-04:00 DEBUG 93785 --- [    Test worker] o.s.b.f.s.DefaultListableBeanFactory     : Creating shared instance of singleton bean 'transactionInterceptor'
?[0m?[0;34m2024-07-18T17:39:29.338-04:00 DEBUG 93785 --- [    Test worker] o.s.b.f.s.DefaultListableBeanFactory     : Autowiring by type from bean name 'transactionInterceptor' via factory method to bean named 'transactionAttributeSource'
?[0m?[0;34m2024-07-18T17:39:29.338-04:00 DEBUG 93785 --- [    Test worker] o.s.b.f.s.DefaultListableBeanFactory     : Autowiring by type from bean name 'org.springframework.transaction.config.internalTransactionAdvisor' via factory method to bean named 'transactionAttributeSource'
?[0m?[0;34m2024-07-18T17:39:29.338-04:00 DEBUG 93785 --- [    Test worker] o.s.b.f.s.DefaultListableBeanFactory     : Autowiring by type from bean name 'org.springframework.transaction.config.internalTransactionAdvisor' via factory method to bean named 'transactionInterceptor'
?[0m?[0;34m2024-07-18T17:39:29.339-04:00 DEBUG 93785 --- [    Test worker] o.s.b.f.s.DefaultListableBeanFactory     : Creating shared instance of singleton bean 'meterRegistryPostProcessor'
?[0m?[0;34m2024-07-18T17:39:29.340-04:00 DEBUG 93785 --- [    Test worker] o.s.b.f.s.DefaultListableBeanFactory     : Autowiring by type from bean name 'meterRegistryPostProcessor' via factory method to bean named 'org.springframework.boot.web.servlet.context.AnnotationConfigServletWebServerApplicationContext@c358f32'
?[0m?[0;34m2024-07-18T17:39:29.341-04:00 DEBUG 93785 --- [    Test worker] o.s.b.f.s.DefaultListableBeanFactory     : Creating shared instance of singleton bean 'metricsRepositoryMethodInvocationListenerBeanPostProcessor'
?[0m?[0;34m2024-07-18T17:39:29.342-04:00 DEBUG 93785 --- [    Test worker] o.s.b.f.s.DefaultListableBeanFactory     : Creating shared instance of singleton bean 'observationRegistryPostProcessor'
?[0m?[0;34m2024-07-18T17:39:29.342-04:00 DEBUG 93785 --- [    Test worker] o.s.b.f.s.DefaultListableBeanFactory     : Creating shared instance of singleton bean 'projectingArgumentResolverBeanPostProcessor'
?[0m?[0;34m2024-07-18T17:39:29.343-04:00 DEBUG 93785 --- [    Test worker] o.s.u.c.s.UiApplicationContextUtils      : Unable to locate ThemeSource with name 'themeSource': using default [org.springframework.ui.context.support.ResourceBundleThemeSource@55105271]
?[0m?[0;34m2024-07-18T17:39:29.344-04:00 DEBUG 93785 --- [    Test worker] o.s.b.f.s.DefaultListableBeanFactory     : Creating shared instance of singleton bean 'tomcatServletWebServerFactory'
?[0m?[0;34m2024-07-18T17:39:29.344-04:00 DEBUG 93785 --- [    Test worker] o.s.b.f.s.DefaultListableBeanFactory     : Creating shared instance of singleton bean 'org.springframework.boot.autoconfigure.web.servlet.ServletWebServerFactoryConfiguration$EmbeddedTomcat'
?[0m?[0;34m2024-07-18T17:39:29.347-04:00 DEBUG 93785 --- [    Test worker] o.s.b.f.s.DefaultListableBeanFactory     : Creating shared instance of singleton bean 'websocketServletWebServerCustomizer'
?[0m?[0;34m2024-07-18T17:39:29.347-04:00 DEBUG 93785 --- [    Test worker] o.s.b.f.s.DefaultListableBeanFactory     : Creating shared instance of singleton bean 'org.springframework.boot.autoconfigure.websocket.servlet.WebSocketServletAutoConfiguration$TomcatWebSocketConfiguration'
?[0m?[0;34m2024-07-18T17:39:29.347-04:00 DEBUG 93785 --- [    Test worker] o.s.b.f.s.DefaultListableBeanFactory     : Creating shared instance of singleton bean 'servletWebServerFactoryCustomizer'
?[0m?[0;34m2024-07-18T17:39:29.347-04:00 DEBUG 93785 --- [    Test worker] o.s.b.f.s.DefaultListableBeanFactory     : Creating shared instance of singleton bean 'org.springframework.boot.autoconfigure.web.servlet.ServletWebServerFactoryAutoConfiguration'
?[0m?[0;34m2024-07-18T17:39:29.348-04:00 DEBUG 93785 --- [    Test worker] o.s.b.f.s.DefaultListableBeanFactory     : Creating shared instance of singleton bean 'server-org.springframework.boot.autoconfigure.web.ServerProperties'
?[0m?[0;34m2024-07-18T17:39:29.349-04:00 DEBUG 93785 --- [    Test worker] o.s.b.f.s.DefaultListableBeanFactory     : Creating shared instance of singleton bean 'org.springframework.boot.context.properties.BoundConfigurationProperties'
?[0m?[0;34m2024-07-18T17:39:29.354-04:00 DEBUG 93785 --- [    Test worker] o.s.b.f.s.DefaultListableBeanFactory     : Autowiring by type from bean name 'servletWebServerFactoryCustomizer' via factory method to bean named 'server-org.springframework.boot.autoconfigure.web.ServerProperties'
?[0m?[0;34m2024-07-18T17:39:29.355-04:00 DEBUG 93785 --- [    Test worker] o.s.b.f.s.DefaultListableBeanFactory     : Creating shared instance of singleton bean 'tomcatServletWebServerFactoryCustomizer'
?[0m?[0;34m2024-07-18T17:39:29.356-04:00 DEBUG 93785 --- [    Test worker] o.s.b.f.s.DefaultListableBeanFactory     : Autowiring by type from bean name 'tomcatServletWebServerFactoryCustomizer' via factory method to bean named 'server-org.springframework.boot.autoconfigure.web.ServerProperties'
?[0m?[0;34m2024-07-18T17:39:29.356-04:00 DEBUG 93785 --- [    Test worker] o.s.b.f.s.DefaultListableBeanFactory     : Creating shared instance of singleton bean 'tomcatWebServerFactoryCustomizer'
?[0m?[0;34m2024-07-18T17:39:29.356-04:00 DEBUG 93785 --- [    Test worker] o.s.b.f.s.DefaultListableBeanFactory     : Creating shared instance of singleton bean 'org.springframework.boot.autoconfigure.web.embedded.EmbeddedWebServerFactoryCustomizerAutoConfiguration$TomcatWebServerFactoryCustomizerConfiguration'
?[0m?[0;34m2024-07-18T17:39:29.358-04:00 DEBUG 93785 --- [    Test worker] o.s.b.f.s.DefaultListableBeanFactory     : Autowiring by type from bean name 'tomcatWebServerFactoryCustomizer' via factory method to bean named 'environment'
?[0m?[0;34m2024-07-18T17:39:29.358-04:00 DEBUG 93785 --- [    Test worker] o.s.b.f.s.DefaultListableBeanFactory     : Autowiring by type from bean name 'tomcatWebServerFactoryCustomizer' via factory method to bean named 'server-org.springframework.boot.autoconfigure.web.ServerProperties'
?[0m?[0;34m2024-07-18T17:39:29.359-04:00 DEBUG 93785 --- [    Test worker] o.s.b.f.s.DefaultListableBeanFactory     : Creating shared instance of singleton bean 'localeCharsetMappingsCustomizer'
?[0m?[0;34m2024-07-18T17:39:29.359-04:00 DEBUG 93785 --- [    Test worker] o.s.b.f.s.DefaultListableBeanFactory     : Creating shared instance of singleton bean 'org.springframework.boot.autoconfigure.web.servlet.HttpEncodingAutoConfiguration'
?[0m?[0;34m2024-07-18T17:39:29.360-04:00 DEBUG 93785 --- [    Test worker] o.s.b.f.s.DefaultListableBeanFactory     : Autowiring by type from bean name 'org.springframework.boot.autoconfigure.web.servlet.HttpEncodingAutoConfiguration' via constructor to bean named 'server-org.springframework.boot.autoconfigure.web.ServerProperties'
?[0m?[0;34m2024-07-18T17:39:29.362-04:00 DEBUG 93785 --- [    Test worker] o.s.b.f.s.DefaultListableBeanFactory     : Creating shared instance of singleton bean 'errorPageCustomizer'
?[0m?[0;34m2024-07-18T17:39:29.362-04:00 DEBUG 93785 --- [    Test worker] o.s.b.f.s.DefaultListableBeanFactory     : Creating shared instance of singleton bean 'org.springframework.boot.autoconfigure.web.servlet.error.ErrorMvcAutoConfiguration'
?[0m?[0;34m2024-07-18T17:39:29.363-04:00 DEBUG 93785 --- [    Test worker] o.s.b.f.s.DefaultListableBeanFactory     : Autowiring by type from bean name 'org.springframework.boot.autoconfigure.web.servlet.error.ErrorMvcAutoConfiguration' via constructor to bean named 'server-org.springframework.boot.autoconfigure.web.ServerProperties'
?[0m?[0;34m2024-07-18T17:39:29.364-04:00 DEBUG 93785 --- [    Test worker] o.s.b.f.s.DefaultListableBeanFactory     : Creating shared instance of singleton bean 'dispatcherServletRegistration'
?[0m?[0;34m2024-07-18T17:39:29.364-04:00 DEBUG 93785 --- [    Test worker] o.s.b.f.s.DefaultListableBeanFactory     : Creating shared instance of singleton bean 'org.springframework.boot.autoconfigure.web.servlet.DispatcherServletAutoConfiguration$DispatcherServletRegistrationConfiguration'
?[0m?[0;34m2024-07-18T17:39:29.365-04:00 DEBUG 93785 --- [    Test worker] o.s.b.f.s.DefaultListableBeanFactory     : Creating shared instance of singleton bean 'dispatcherServlet'
?[0m?[0;34m2024-07-18T17:39:29.365-04:00 DEBUG 93785 --- [    Test worker] o.s.b.f.s.DefaultListableBeanFactory     : Creating shared instance of singleton bean 'org.springframework.boot.autoconfigure.web.servlet.DispatcherServletAutoConfiguration$DispatcherServletConfiguration'
?[0m?[0;34m2024-07-18T17:39:29.366-04:00 DEBUG 93785 --- [    Test worker] o.s.b.f.s.DefaultListableBeanFactory     : Creating shared instance of singleton bean 'spring.mvc-org.springframework.boot.autoconfigure.web.servlet.WebMvcProperties'
?[0m?[0;34m2024-07-18T17:39:29.368-04:00 DEBUG 93785 --- [    Test worker] o.s.b.f.s.DefaultListableBeanFactory     : Autowiring by type from bean name 'dispatcherServlet' via factory method to bean named 'spring.mvc-org.springframework.boot.autoconfigure.web.servlet.WebMvcProperties'
?[0m?[0;34m2024-07-18T17:39:29.370-04:00 DEBUG 93785 --- [    Test worker] o.s.b.f.s.DefaultListableBeanFactory     : Autowiring by type from bean name 'dispatcherServletRegistration' via factory method to bean named 'dispatcherServlet'
?[0m?[0;34m2024-07-18T17:39:29.370-04:00 DEBUG 93785 --- [    Test worker] o.s.b.f.s.DefaultListableBeanFactory     : Autowiring by type from bean name 'dispatcherServletRegistration' via factory method to bean named 'spring.mvc-org.springframework.boot.autoconfigure.web.servlet.WebMvcProperties'
?[0m?[0;34m2024-07-18T17:39:29.371-04:00 DEBUG 93785 --- [    Test worker] o.s.b.f.s.DefaultListableBeanFactory     : Creating shared instance of singleton bean 'multipartConfigElement'
?[0m?[0;34m2024-07-18T17:39:29.371-04:00 DEBUG 93785 --- [    Test worker] o.s.b.f.s.DefaultListableBeanFactory     : Creating shared instance of singleton bean 'org.springframework.boot.autoconfigure.web.servlet.MultipartAutoConfiguration'
?[0m?[0;34m2024-07-18T17:39:29.372-04:00 DEBUG 93785 --- [    Test worker] o.s.b.f.s.DefaultListableBeanFactory     : Creating shared instance of singleton bean 'spring.servlet.multipart-org.springframework.boot.autoconfigure.web.servlet.MultipartProperties'
?[0m?[0;34m2024-07-18T17:39:29.375-04:00 DEBUG 93785 --- [    Test worker] o.s.b.f.s.DefaultListableBeanFactory     : Autowiring by type from bean name 'org.springframework.boot.autoconfigure.web.servlet.MultipartAutoConfiguration' via constructor to bean named 'spring.servlet.multipart-org.springframework.boot.autoconfigure.web.servlet.MultipartProperties'
?[0m?[0;34m2024-07-18T17:39:29.376-04:00 DEBUG 93785 --- [    Test worker] o.s.b.f.s.DefaultListableBeanFactory     : Autowiring by type from bean name 'errorPageCustomizer' via factory method to bean named 'dispatcherServletRegistration'
?[0m?[0;34m2024-07-18T17:39:29.378-04:00 DEBUG 93785 --- [    Test worker] o.apache.tomcat.util.IntrospectionUtils  : IntrospectionUtils: setProperty(class org.apache.coyote.http11.Http11NioProtocol port=28852)
?[0m?[0;34m2024-07-18T17:39:29.378-04:00 DEBUG 93785 --- [    Test worker] o.apache.tomcat.util.IntrospectionUtils  : IntrospectionUtils: setProperty(class org.apache.coyote.http11.Http11NioProtocol bindOnInit=false)
?[0m?[0;34m2024-07-18T17:39:29.379-04:00 DEBUG 93785 --- [    Test worker] o.apache.tomcat.util.IntrospectionUtils  : IntrospectionUtils: setProperty(class org.apache.tomcat.util.net.NioEndpoint bindOnInit=false)
?[0m?[0;34m2024-07-18T17:39:29.379-04:00 DEBUG 93785 --- [    Test worker] org.apache.catalina.core.ContainerBase   : Add child StandardHost[localhost] StandardEngine[Tomcat]
?[0m?[0;34m2024-07-18T17:39:29.379-04:00 DEBUG 93785 --- [    Test worker] .s.b.w.e.t.TomcatServletWebServerFactory : Code archive: /Users/CarmenLaptop/.gradle/caches/modules-2/files-2.1/org.springframework.boot/spring-boot/3.0.2/69d2e0a07f7df180a4aacdc47c47a3db656857dc/spring-boot-3.0.2.jar
?[0m?[0;34m2024-07-18T17:39:29.379-04:00 DEBUG 93785 --- [    Test worker] .s.b.w.e.t.TomcatServletWebServerFactory : Code archive: /Users/CarmenLaptop/.gradle/caches/modules-2/files-2.1/org.springframework.boot/spring-boot/3.0.2/69d2e0a07f7df180a4aacdc47c47a3db656857dc/spring-boot-3.0.2.jar
?[0m?[0;34m2024-07-18T17:39:29.380-04:00 DEBUG 93785 --- [    Test worker] .s.b.w.e.t.TomcatServletWebServerFactory : None of the document roots [src/main/webapp, public, static] point to a directory and will be ignored.
?[0m?[0;34m2024-07-18T17:39:29.387-04:00 DEBUG 93785 --- [    Test worker] org.apache.catalina.core.ContainerBase   : Add child TomcatEmbeddedContext[] StandardEngine[Tomcat].StandardHost[localhost]
?[0m?[0;34m2024-07-18T17:39:29.387-04:00  INFO 93785 --- [    Test worker] o.s.b.w.embedded.tomcat.TomcatWebServer  : Tomcat initialized with port(s): 28852 (http)
?[0m?[0;34m2024-07-18T17:39:29.388-04:00  INFO 93785 --- [    Test worker] o.apache.catalina.core.StandardService   : Starting service [Tomcat]
?[0m?[0;34m2024-07-18T17:39:29.388-04:00  INFO 93785 --- [    Test worker] o.apache.catalina.core.StandardEngine    : Starting Servlet engine: [Apache Tomcat/10.1.5]
?[0m?[0;34m2024-07-18T17:39:29.388-04:00 DEBUG 93785 --- [    Test worker] o.apache.catalina.core.StandardContext   : Starting ROOT
?[0m?[0;34m2024-07-18T17:39:29.390-04:00 DEBUG 93785 --- [    Test worker] o.apache.catalina.core.StandardContext   : Configuring default Resources
?[0m?[0;34m2024-07-18T17:39:29.391-04:00 DEBUG 93785 --- [    Test worker] o.apache.catalina.core.StandardContext   : Processing standard container startup
?[0m?[0;34m2024-07-18T17:39:29.391-04:00 DEBUG 93785 --- [    Test worker] o.apache.catalina.loader.WebappLoader    : Starting this Loader
?[0m?[0;34m2024-07-18T17:39:29.406-04:00 DEBUG 93785 --- [    Test worker] o.a.c.authenticator.AuthenticatorBase    : No SingleSignOn Valve is present
?[0m?[0;34m2024-07-18T17:39:29.406-04:00 DEBUG 93785 --- [    Test worker] o.apache.catalina.core.StandardContext   : No manager found. Checking if cluster manager should be used. Cluster configured: [false], Application distributable: [false]
?[0m?[0;34m2024-07-18T17:39:29.407-04:00 DEBUG 93785 --- [    Test worker] o.apache.catalina.core.StandardContext   : Configured a manager of class [org.apache.catalina.session.StandardManager]
?[0m?[0;34m2024-07-18T17:39:29.408-04:00  INFO 93785 --- [    Test worker] o.a.c.c.C.[Tomcat].[localhost].[/]       : Initializing Spring embedded WebApplicationContext
?[0m?[0;34m2024-07-18T17:39:29.408-04:00 DEBUG 93785 --- [    Test worker] w.s.c.ServletWebServerApplicationContext : Published root WebApplicationContext as ServletContext attribute with name [org.springframework.web.context.WebApplicationContext.ROOT]
?[0m?[0;34m2024-07-18T17:39:29.408-04:00  INFO 93785 --- [    Test worker] w.s.c.ServletWebServerApplicationContext : Root WebApplicationContext: initialization completed in 860 ms
?[0m?[0;34m2024-07-18T17:39:29.409-04:00 DEBUG 93785 --- [    Test worker] o.s.b.f.s.DefaultListableBeanFactory     : Creating shared instance of singleton bean 'webMvcObservationFilter'
?[0m?[0;34m2024-07-18T17:39:29.409-04:00 DEBUG 93785 --- [    Test worker] o.s.b.f.s.DefaultListableBeanFactory     : Creating shared instance of singleton bean 'org.springframework.boot.actuate.autoconfigure.observation.web.servlet.WebMvcObservationAutoConfiguration'
?[0m?[0;34m2024-07-18T17:39:29.410-04:00 DEBUG 93785 --- [    Test worker] o.s.b.f.s.DefaultListableBeanFactory     : Creating shared instance of singleton bean 'management.observations-org.springframework.boot.actuate.autoconfigure.observation.ObservationProperties'
?[0m?[0;34m2024-07-18T17:39:29.412-04:00 DEBUG 93785 --- [    Test worker] o.s.b.f.s.DefaultListableBeanFactory     : Creating shared instance of singleton bean 'management.metrics-org.springframework.boot.actuate.autoconfigure.metrics.MetricsProperties'
?[0m?[0;34m2024-07-18T17:39:29.413-04:00 DEBUG 93785 --- [    Test worker] o.s.b.f.s.DefaultListableBeanFactory     : Autowiring by type from bean name 'org.springframework.boot.actuate.autoconfigure.observation.web.servlet.WebMvcObservationAutoConfiguration' via constructor to bean named 'management.observations-org.springframework.boot.actuate.autoconfigure.observation.ObservationProperties'
?[0m?[0;34m2024-07-18T17:39:29.414-04:00 DEBUG 93785 --- [    Test worker] o.s.b.f.s.DefaultListableBeanFactory     : Autowiring by type from bean name 'org.springframework.boot.actuate.autoconfigure.observation.web.servlet.WebMvcObservationAutoConfiguration' via constructor to bean named 'management.metrics-org.springframework.boot.actuate.autoconfigure.metrics.MetricsProperties'
?[0m?[0;34m2024-07-18T17:39:29.415-04:00 DEBUG 93785 --- [    Test worker] o.s.b.f.s.DefaultListableBeanFactory     : Creating shared instance of singleton bean 'observationRegistry'
?[0m?[0;34m2024-07-18T17:39:29.415-04:00 DEBUG 93785 --- [    Test worker] o.s.b.f.s.DefaultListableBeanFactory     : Creating shared instance of singleton bean 'org.springframework.boot.actuate.autoconfigure.observation.ObservationAutoConfiguration'
?[0m?[0;34m2024-07-18T17:39:29.418-04:00 DEBUG 93785 --- [    Test worker] o.s.b.f.s.DefaultListableBeanFactory     : Creating shared instance of singleton bean 'metricsObservationHandlerGrouping'
?[0m?[0;34m2024-07-18T17:39:29.418-04:00 DEBUG 93785 --- [    Test worker] o.s.b.f.s.DefaultListableBeanFactory     : Creating shared instance of singleton bean 'org.springframework.boot.actuate.autoconfigure.observation.ObservationAutoConfiguration$OnlyMetricsConfiguration'
?[0m?[0;34m2024-07-18T17:39:29.419-04:00 DEBUG 93785 --- [    Test worker] o.s.b.f.s.DefaultListableBeanFactory     : Creating shared instance of singleton bean 'defaultMeterObservationHandler'
?[0m?[0;34m2024-07-18T17:39:29.419-04:00 DEBUG 93785 --- [    Test worker] o.s.b.f.s.DefaultListableBeanFactory     : Creating shared instance of singleton bean 'org.springframework.boot.actuate.autoconfigure.observation.ObservationAutoConfiguration$MeterObservationHandlerConfiguration$OnlyMetricsMeterObservationHandlerConfiguration'
?[0m?[0;34m2024-07-18T17:39:29.420-04:00 DEBUG 93785 --- [    Test worker] o.s.b.f.s.DefaultListableBeanFactory     : Creating shared instance of singleton bean 'simpleMeterRegistry'
?[0m?[0;34m2024-07-18T17:39:29.420-04:00 DEBUG 93785 --- [    Test worker] o.s.b.f.s.DefaultListableBeanFactory     : Creating shared instance of singleton bean 'org.springframework.boot.actuate.autoconfigure.metrics.export.simple.SimpleMetricsExportAutoConfiguration'
?[0m?[0;34m2024-07-18T17:39:29.421-04:00 DEBUG 93785 --- [    Test worker] o.s.b.f.s.DefaultListableBeanFactory     : Creating shared instance of singleton bean 'simpleConfig'
?[0m?[0;34m2024-07-18T17:39:29.423-04:00 DEBUG 93785 --- [    Test worker] o.s.b.f.s.DefaultListableBeanFactory     : Creating shared instance of singleton bean 'management.simple.metrics.export-org.springframework.boot.actuate.autoconfigure.metrics.export.simple.SimpleProperties'
?[0m?[0;34m2024-07-18T17:39:29.425-04:00 DEBUG 93785 --- [    Test worker] o.s.b.f.s.DefaultListableBeanFactory     : Autowiring by type from bean name 'simpleConfig' via factory method to bean named 'management.simple.metrics.export-org.springframework.boot.actuate.autoconfigure.metrics.export.simple.SimpleProperties'
?[0m?[0;34m2024-07-18T17:39:29.426-04:00 DEBUG 93785 --- [    Test worker] o.s.b.f.s.DefaultListableBeanFactory     : Creating shared instance of singleton bean 'micrometerClock'
?[0m?[0;34m2024-07-18T17:39:29.426-04:00 DEBUG 93785 --- [    Test worker] o.s.b.f.s.DefaultListableBeanFactory     : Creating shared instance of singleton bean 'org.springframework.boot.actuate.autoconfigure.metrics.MetricsAutoConfiguration'
?[0m?[0;34m2024-07-18T17:39:29.427-04:00 DEBUG 93785 --- [    Test worker] o.s.b.f.s.DefaultListableBeanFactory     : Autowiring by type from bean name 'simpleMeterRegistry' via factory method to bean named 'simpleConfig'
?[0m?[0;34m2024-07-18T17:39:29.427-04:00 DEBUG 93785 --- [    Test worker] o.s.b.f.s.DefaultListableBeanFactory     : Autowiring by type from bean name 'simpleMeterRegistry' via factory method to bean named 'micrometerClock'
?[0m?[0;34m2024-07-18T17:39:29.429-04:00 DEBUG 93785 --- [    Test worker] o.s.b.f.s.DefaultListableBeanFactory     : Creating shared instance of singleton bean 'propertiesMeterFilter'
?[0m?[0;34m2024-07-18T17:39:29.430-04:00 DEBUG 93785 --- [    Test worker] o.s.b.f.s.DefaultListableBeanFactory     : Autowiring by type from bean name 'propertiesMeterFilter' via factory method to bean named 'management.metrics-org.springframework.boot.actuate.autoconfigure.metrics.MetricsProperties'
?[0m?[0;34m2024-07-18T17:39:29.432-04:00 DEBUG 93785 --- [    Test worker] o.s.b.f.s.DefaultListableBeanFactory     : Creating shared instance of singleton bean 'metricsHttpClientUriTagFilter'
?[0m?[0;34m2024-07-18T17:39:29.432-04:00 DEBUG 93785 --- [    Test worker] o.s.b.f.s.DefaultListableBeanFactory     : Creating shared instance of singleton bean 'org.springframework.boot.actuate.autoconfigure.observation.web.client.HttpClientObservationsAutoConfiguration$MeterFilterConfiguration'
?[0m?[0;34m2024-07-18T17:39:29.434-04:00 DEBUG 93785 --- [    Test worker] o.s.b.f.s.DefaultListableBeanFactory     : Autowiring by type from bean name 'metricsHttpClientUriTagFilter' via factory method to bean named 'management.observations-org.springframework.boot.actuate.autoconfigure.observation.ObservationProperties'
?[0m?[0;34m2024-07-18T17:39:29.434-04:00 DEBUG 93785 --- [    Test worker] o.s.b.f.s.DefaultListableBeanFactory     : Autowiring by type from bean name 'metricsHttpClientUriTagFilter' via factory method to bean named 'management.metrics-org.springframework.boot.actuate.autoconfigure.metrics.MetricsProperties'
?[0m?[0;34m2024-07-18T17:39:29.435-04:00 DEBUG 93785 --- [    Test worker] o.s.b.f.s.DefaultListableBeanFactory     : Creating shared instance of singleton bean 'metricsHttpServerUriTagFilter'
?[0m?[0;34m2024-07-18T17:39:29.435-04:00 DEBUG 93785 --- [    Test worker] o.s.b.f.s.DefaultListableBeanFactory     : Creating shared instance of singleton bean 'org.springframework.boot.actuate.autoconfigure.observation.web.servlet.WebMvcObservationAutoConfiguration$MeterFilterConfiguration'
?[0m?[0;34m2024-07-18T17:39:29.437-04:00 DEBUG 93785 --- [    Test worker] o.s.b.f.s.DefaultListableBeanFactory     : Autowiring by type from bean name 'metricsHttpServerUriTagFilter' via factory method to bean named 'management.metrics-org.springframework.boot.actuate.autoconfigure.metrics.MetricsProperties'
?[0m?[0;34m2024-07-18T17:39:29.437-04:00 DEBUG 93785 --- [    Test worker] o.s.b.f.s.DefaultListableBeanFactory     : Autowiring by type from bean name 'metricsHttpServerUriTagFilter' via factory method to bean named 'management.observations-org.springframework.boot.actuate.autoconfigure.observation.ObservationProperties'
?[0m?[0;34m2024-07-18T17:39:29.439-04:00 DEBUG 93785 --- [    Test worker] o.s.b.f.s.DefaultListableBeanFactory     : Autowiring by type from bean name 'defaultMeterObservationHandler' via factory method to bean named 'simpleMeterRegistry'
?[0m?[0;34m2024-07-18T17:39:29.440-04:00 DEBUG 93785 --- [    Test worker] o.s.b.f.s.DefaultListableBeanFactory     : Autowiring by type from bean name 'webMvcObservationFilter' via factory method to bean named 'observationRegistry'
?[0m?[0;34m2024-07-18T17:39:29.443-04:00 DEBUG 93785 --- [    Test worker] o.s.b.f.s.DefaultListableBeanFactory     : Creating shared instance of singleton bean 'h2Console'
?[0m?[0;34m2024-07-18T17:39:29.443-04:00 DEBUG 93785 --- [    Test worker] o.s.b.f.s.DefaultListableBeanFactory     : Creating shared instance of singleton bean 'org.springframework.boot.autoconfigure.h2.H2ConsoleAutoConfiguration'
?[0m?[0;34m2024-07-18T17:39:29.444-04:00 DEBUG 93785 --- [    Test worker] o.s.b.f.s.DefaultListableBeanFactory     : Creating shared instance of singleton bean 'spring.h2.console-org.springframework.boot.autoconfigure.h2.H2ConsoleProperties'
?[0m?[0;34m2024-07-18T17:39:29.446-04:00 DEBUG 93785 --- [    Test worker] o.s.b.f.s.DefaultListableBeanFactory     : Autowiring by type from bean name 'h2Console' via factory method to bean named 'spring.h2.console-org.springframework.boot.autoconfigure.h2.H2ConsoleProperties'
?[0m?[0;34m2024-07-18T17:39:29.447-04:00 DEBUG 93785 --- [    Test worker] o.s.b.f.s.DefaultListableBeanFactory     : Creating shared instance of singleton bean 'dataSource'
?[0m?[0;34m2024-07-18T17:39:29.447-04:00 DEBUG 93785 --- [    Test worker] o.s.b.f.s.DefaultListableBeanFactory     : Creating shared instance of singleton bean 'org.springframework.boot.autoconfigure.jdbc.DataSourceConfiguration$Hikari'
?[0m?[0;34m2024-07-18T17:39:29.448-04:00 DEBUG 93785 --- [    Test worker] o.s.b.f.s.DefaultListableBeanFactory     : Creating shared instance of singleton bean 'spring.datasource-org.springframework.boot.autoconfigure.jdbc.DataSourceProperties'
?[0m?[0;34m2024-07-18T17:39:29.450-04:00 DEBUG 93785 --- [    Test worker] o.s.b.f.s.DefaultListableBeanFactory     : Autowiring by type from bean name 'dataSource' via factory method to bean named 'spring.datasource-org.springframework.boot.autoconfigure.jdbc.DataSourceProperties'
?[0m?[0;34m2024-07-18T17:39:29.450-04:00 DEBUG 93785 --- [    Test worker] com.zaxxer.hikari.HikariConfig           : Driver class org.h2.Driver found in Thread context class loader jdk.internal.loader.ClassLoaders$AppClassLoader@5387f9e0
?[0m?[0;34m2024-07-18T17:39:29.456-04:00 DEBUG 93785 --- [    Test worker] com.zaxxer.hikari.HikariConfig           : HikariPool-2 - configuration:
?[0m?[0;34m2024-07-18T17:39:29.457-04:00 DEBUG 93785 --- [    Test worker] com.zaxxer.hikari.HikariConfig           : allowPoolSuspension.............false
?[0m?[0;34m2024-07-18T17:39:29.457-04:00 DEBUG 93785 --- [    Test worker] com.zaxxer.hikari.HikariConfig           : autoCommit......................true
?[0m?[0;34m2024-07-18T17:39:29.457-04:00 DEBUG 93785 --- [    Test worker] com.zaxxer.hikari.HikariConfig           : catalog.........................none
?[0m?[0;34m2024-07-18T17:39:29.457-04:00 DEBUG 93785 --- [    Test worker] com.zaxxer.hikari.HikariConfig           : connectionInitSql...............none
?[0m?[0;34m2024-07-18T17:39:29.457-04:00 DEBUG 93785 --- [    Test worker] com.zaxxer.hikari.HikariConfig           : connectionTestQuery.............none
?[0m?[0;34m2024-07-18T17:39:29.458-04:00 DEBUG 93785 --- [    Test worker] com.zaxxer.hikari.HikariConfig           : connectionTimeout...............30000
?[0m?[0;34m2024-07-18T17:39:29.458-04:00 DEBUG 93785 --- [    Test worker] com.zaxxer.hikari.HikariConfig           : dataSource......................none
?[0m?[0;34m2024-07-18T17:39:29.458-04:00 DEBUG 93785 --- [    Test worker] com.zaxxer.hikari.HikariConfig           : dataSourceClassName.............none
?[0m?[0;34m2024-07-18T17:39:29.458-04:00 DEBUG 93785 --- [    Test worker] com.zaxxer.hikari.HikariConfig           : dataSourceJNDI..................none
?[0m?[0;34m2024-07-18T17:39:29.458-04:00 DEBUG 93785 --- [    Test worker] com.zaxxer.hikari.HikariConfig           : dataSourceProperties............{password=<masked>}
?[0m?[0;34m2024-07-18T17:39:29.458-04:00 DEBUG 93785 --- [    Test worker] com.zaxxer.hikari.HikariConfig           : driverClassName................."org.h2.Driver"
?[0m?[0;34m2024-07-18T17:39:29.458-04:00 DEBUG 93785 --- [    Test worker] com.zaxxer.hikari.HikariConfig           : exceptionOverrideClassName......none
?[0m?[0;34m2024-07-18T17:39:29.458-04:00 DEBUG 93785 --- [    Test worker] com.zaxxer.hikari.HikariConfig           : healthCheckProperties...........{}
?[0m?[0;34m2024-07-18T17:39:29.458-04:00 DEBUG 93785 --- [    Test worker] com.zaxxer.hikari.HikariConfig           : healthCheckRegistry.............none
?[0m?[0;34m2024-07-18T17:39:29.458-04:00 DEBUG 93785 --- [    Test worker] com.zaxxer.hikari.HikariConfig           : idleTimeout.....................600000
?[0m?[0;34m2024-07-18T17:39:29.458-04:00 DEBUG 93785 --- [    Test worker] com.zaxxer.hikari.HikariConfig           : initializationFailTimeout.......1
?[0m?[0;34m2024-07-18T17:39:29.458-04:00 DEBUG 93785 --- [    Test worker] com.zaxxer.hikari.HikariConfig           : isolateInternalQueries..........false
?[0m?[0;34m2024-07-18T17:39:29.458-04:00 DEBUG 93785 --- [    Test worker] com.zaxxer.hikari.HikariConfig           : jdbcUrl.........................jdbc:h2:mem:testdb
?[0m?[0;34m2024-07-18T17:39:29.459-04:00 DEBUG 93785 --- [    Test worker] com.zaxxer.hikari.HikariConfig           : keepaliveTime...................0
?[0m?[0;34m2024-07-18T17:39:29.459-04:00 DEBUG 93785 --- [    Test worker] com.zaxxer.hikari.HikariConfig           : leakDetectionThreshold..........0
?[0m?[0;34m2024-07-18T17:39:29.459-04:00 DEBUG 93785 --- [    Test worker] com.zaxxer.hikari.HikariConfig           : maxLifetime.....................1800000
?[0m?[0;34m2024-07-18T17:39:29.459-04:00 DEBUG 93785 --- [    Test worker] com.zaxxer.hikari.HikariConfig           : maximumPoolSize.................10
?[0m?[0;34m2024-07-18T17:39:29.459-04:00 DEBUG 93785 --- [    Test worker] com.zaxxer.hikari.HikariConfig           : metricRegistry..................none
?[0m?[0;34m2024-07-18T17:39:29.459-04:00 DEBUG 93785 --- [    Test worker] com.zaxxer.hikari.HikariConfig           : metricsTrackerFactory...........none
?[0m?[0;34m2024-07-18T17:39:29.459-04:00 DEBUG 93785 --- [    Test worker] com.zaxxer.hikari.HikariConfig           : minimumIdle.....................10
?[0m?[0;34m2024-07-18T17:39:29.459-04:00 DEBUG 93785 --- [    Test worker] com.zaxxer.hikari.HikariConfig           : password........................<masked>
?[0m?[0;34m2024-07-18T17:39:29.459-04:00 DEBUG 93785 --- [    Test worker] com.zaxxer.hikari.HikariConfig           : poolName........................"HikariPool-2"
?[0m?[0;34m2024-07-18T17:39:29.459-04:00 DEBUG 93785 --- [    Test worker] com.zaxxer.hikari.HikariConfig           : readOnly........................false
?[0m?[0;34m2024-07-18T17:39:29.459-04:00 DEBUG 93785 --- [    Test worker] com.zaxxer.hikari.HikariConfig           : registerMbeans..................false
?[0m?[0;34m2024-07-18T17:39:29.460-04:00 DEBUG 93785 --- [    Test worker] com.zaxxer.hikari.HikariConfig           : scheduledExecutor...............none
?[0m?[0;34m2024-07-18T17:39:29.460-04:00 DEBUG 93785 --- [    Test worker] com.zaxxer.hikari.HikariConfig           : schema..........................none
?[0m?[0;34m2024-07-18T17:39:29.460-04:00 DEBUG 93785 --- [    Test worker] com.zaxxer.hikari.HikariConfig           : threadFactory...................internal
?[0m?[0;34m2024-07-18T17:39:29.460-04:00 DEBUG 93785 --- [    Test worker] com.zaxxer.hikari.HikariConfig           : transactionIsolation............default
?[0m?[0;34m2024-07-18T17:39:29.460-04:00 DEBUG 93785 --- [    Test worker] com.zaxxer.hikari.HikariConfig           : username........................"sa"
?[0m?[0;34m2024-07-18T17:39:29.460-04:00 DEBUG 93785 --- [    Test worker] com.zaxxer.hikari.HikariConfig           : validationTimeout...............5000
?[0m?[0;34m2024-07-18T17:39:29.460-04:00  INFO 93785 --- [    Test worker] com.zaxxer.hikari.HikariDataSource       : HikariPool-2 - Starting...
?[0m?[0;34m2024-07-18T17:39:29.463-04:00  INFO 93785 --- [    Test worker] com.zaxxer.hikari.pool.HikariPool        : HikariPool-2 - Added connection conn10: url=jdbc:h2:mem:testdb user=SA
?[0m?[0;34m2024-07-18T17:39:29.463-04:00  INFO 93785 --- [    Test worker] com.zaxxer.hikari.HikariDataSource       : HikariPool-2 - Start completed.
?[0m?[0;34m2024-07-18T17:39:29.463-04:00  INFO 93785 --- [    Test worker] o.s.b.a.h2.H2ConsoleAutoConfiguration    : H2 console available at '/h2-console'. Database available at 'jdbc:h2:mem:testdb'
?[0m?[0;34m2024-07-18T17:39:29.464-04:00 DEBUG 93785 --- [    Test worker] o.s.b.f.s.DefaultListableBeanFactory     : Creating shared instance of singleton bean 'securityFilterChainRegistration'
?[0m?[0;34m2024-07-18T17:39:29.464-04:00 DEBUG 93785 --- [    Test worker] o.s.b.f.s.DefaultListableBeanFactory     : Creating shared instance of singleton bean 'org.springframework.boot.autoconfigure.security.servlet.SecurityFilterAutoConfiguration'
?[0m?[0;34m2024-07-18T17:39:29.465-04:00 DEBUG 93785 --- [    Test worker] o.s.b.f.s.DefaultListableBeanFactory     : Creating shared instance of singleton bean 'spring.security-org.springframework.boot.autoconfigure.security.SecurityProperties'
?[0m?[0;34m2024-07-18T17:39:29.467-04:00 DEBUG 93785 --- [    Test worker] o.s.b.f.s.DefaultListableBeanFactory     : Autowiring by type from bean name 'securityFilterChainRegistration' via factory method to bean named 'spring.security-org.springframework.boot.autoconfigure.security.SecurityProperties'
?[0m?[0;34m2024-07-18T17:39:29.468-04:00 DEBUG 93785 --- [    Test worker] o.s.b.f.s.DefaultListableBeanFactory     : Creating shared instance of singleton bean 'servletEndpointRegistrar'
?[0m?[0;34m2024-07-18T17:39:29.468-04:00 DEBUG 93785 --- [    Test worker] o.s.b.f.s.DefaultListableBeanFactory     : Creating shared instance of singleton bean 'org.springframework.boot.actuate.autoconfigure.endpoint.web.ServletEndpointManagementContextConfiguration$WebMvcServletEndpointManagementContextConfiguration'
?[0m?[0;34m2024-07-18T17:39:29.469-04:00 DEBUG 93785 --- [    Test worker] o.s.b.f.s.DefaultListableBeanFactory     : Creating shared instance of singleton bean 'management.endpoints.web-org.springframework.boot.actuate.autoconfigure.endpoint.web.WebEndpointProperties'
?[0m?[0;34m2024-07-18T17:39:29.473-04:00 DEBUG 93785 --- [    Test worker] o.s.b.f.s.DefaultListableBeanFactory     : Creating shared instance of singleton bean 'servletEndpointDiscoverer'
?[0m?[0;34m2024-07-18T17:39:29.473-04:00 DEBUG 93785 --- [    Test worker] o.s.b.f.s.DefaultListableBeanFactory     : Creating shared instance of singleton bean 'org.springframework.boot.actuate.autoconfigure.endpoint.web.WebEndpointAutoConfiguration$WebEndpointServletConfiguration'
?[0m?[0;34m2024-07-18T17:39:29.474-04:00 DEBUG 93785 --- [    Test worker] o.s.b.f.s.DefaultListableBeanFactory     : Autowiring by type from bean name 'servletEndpointDiscoverer' via factory method to bean named 'org.springframework.boot.web.servlet.context.AnnotationConfigServletWebServerApplicationContext@c358f32'
?[0m?[0;34m2024-07-18T17:39:29.475-04:00 DEBUG 93785 --- [    Test worker] o.s.b.f.s.DefaultListableBeanFactory     : Creating shared instance of singleton bean 'webEndpointPathMapper'
?[0m?[0;34m2024-07-18T17:39:29.476-04:00 DEBUG 93785 --- [    Test worker] o.s.b.f.s.DefaultListableBeanFactory     : Creating shared instance of singleton bean 'org.springframework.boot.actuate.autoconfigure.endpoint.web.WebEndpointAutoConfiguration'
?[0m?[0;34m2024-07-18T17:39:29.478-04:00 DEBUG 93785 --- [    Test worker] o.s.b.f.s.DefaultListableBeanFactory     : Autowiring by type from bean name 'org.springframework.boot.actuate.autoconfigure.endpoint.web.WebEndpointAutoConfiguration' via constructor to bean named 'org.springframework.boot.web.servlet.context.AnnotationConfigServletWebServerApplicationContext@c358f32'
?[0m?[0;34m2024-07-18T17:39:29.478-04:00 DEBUG 93785 --- [    Test worker] o.s.b.f.s.DefaultListableBeanFactory     : Autowiring by type from bean name 'org.springframework.boot.actuate.autoconfigure.endpoint.web.WebEndpointAutoConfiguration' via constructor to bean named 'management.endpoints.web-org.springframework.boot.actuate.autoconfigure.endpoint.web.WebEndpointProperties'
?[0m?[0;34m2024-07-18T17:39:29.480-04:00 DEBUG 93785 --- [    Test worker] o.s.b.f.s.DefaultListableBeanFactory     : Creating shared instance of singleton bean 'servletExposeExcludePropertyEndpointFilter'
?[0m?[0;34m2024-07-18T17:39:29.480-04:00 DEBUG 93785 --- [    Test worker] o.s.b.f.s.DefaultListableBeanFactory     : Creating shared instance of singleton bean 'org.springframework.boot.actuate.autoconfigure.endpoint.web.ServletEndpointManagementContextConfiguration'
?[0m?[0;34m2024-07-18T17:39:29.481-04:00 DEBUG 93785 --- [    Test worker] o.s.b.f.s.DefaultListableBeanFactory     : Autowiring by type from bean name 'servletExposeExcludePropertyEndpointFilter' via factory method to bean named 'management.endpoints.web-org.springframework.boot.actuate.autoconfigure.endpoint.web.WebEndpointProperties'
?[0m?[0;34m2024-07-18T17:39:29.482-04:00 DEBUG 93785 --- [    Test worker] o.s.b.f.s.DefaultListableBeanFactory     : Autowiring by type from bean name 'servletEndpointRegistrar' via factory method to bean named 'management.endpoints.web-org.springframework.boot.actuate.autoconfigure.endpoint.web.WebEndpointProperties'
?[0m?[0;34m2024-07-18T17:39:29.482-04:00 DEBUG 93785 --- [    Test worker] o.s.b.f.s.DefaultListableBeanFactory     : Autowiring by type from bean name 'servletEndpointRegistrar' via factory method to bean named 'servletEndpointDiscoverer'
?[0m?[0;34m2024-07-18T17:39:29.482-04:00 DEBUG 93785 --- [    Test worker] o.s.b.f.s.DefaultListableBeanFactory     : Autowiring by type from bean name 'servletEndpointRegistrar' via factory method to bean named 'dispatcherServletRegistration'
?[0m?[0;34m2024-07-18T17:39:29.491-04:00 DEBUG 93785 --- [    Test worker] o.s.b.f.s.DefaultListableBeanFactory     : Creating shared instance of singleton bean 'requestContextFilter'
?[0m?[0;34m2024-07-18T17:39:29.493-04:00 DEBUG 93785 --- [    Test worker] o.s.b.f.s.DefaultListableBeanFactory     : Creating shared instance of singleton bean 'formContentFilter'
?[0m?[0;34m2024-07-18T17:39:29.493-04:00 DEBUG 93785 --- [    Test worker] o.s.b.f.s.DefaultListableBeanFactory     : Creating shared instance of singleton bean 'org.springframework.boot.autoconfigure.web.servlet.WebMvcAutoConfiguration'
?[0m?[0;34m2024-07-18T17:39:29.495-04:00 DEBUG 93785 --- [    Test worker] o.s.b.f.s.DefaultListableBeanFactory     : Creating shared instance of singleton bean 'characterEncodingFilter'
?[0m?[0;34m2024-07-18T17:39:29.498-04:00 DEBUG 93785 --- [    Test worker] o.s.b.w.s.ServletContextInitializerBeans : Mapping filters: filterRegistrationBean urls=[/*] order=-2147483647, springSecurityFilterChain urls=[/*] order=-100, characterEncodingFilter urls=[/*] order=-2147483648, formContentFilter urls=[/*] order=-9900, requestContextFilter urls=[/*] order=-105
?[0m?[0;34m2024-07-18T17:39:29.498-04:00 DEBUG 93785 --- [    Test worker] o.s.b.w.s.ServletContextInitializerBeans : Mapping servlets: dispatcherServlet urls=[/], jakartaWebServlet urls=[/h2-console/*]
?[0m?[0;34m2024-07-18T17:39:29.499-04:00 DEBUG 93785 --- [    Test worker] org.apache.catalina.core.ContainerBase   : Add child StandardWrapper[dispatcherServlet] StandardEngine[Tomcat].StandardHost[localhost].TomcatEmbeddedContext[]
?[0m?[0;34m2024-07-18T17:39:29.500-04:00 DEBUG 93785 --- [    Test worker] org.apache.catalina.core.ContainerBase   : Add child StandardWrapper[jakartaWebServlet] StandardEngine[Tomcat].StandardHost[localhost].TomcatEmbeddedContext[]
?[0m?[0;34m2024-07-18T17:39:29.500-04:00 DEBUG 93785 --- [    Test worker] o.apache.catalina.core.StandardContext   : Configuring application event listeners
?[0m?[0;34m2024-07-18T17:39:29.500-04:00 DEBUG 93785 --- [    Test worker] o.a.c.c.C.[Tomcat].[localhost].[/]       : Sending application start events
?[0m?[0;34m2024-07-18T17:39:29.500-04:00 DEBUG 93785 --- [    Test worker] o.a.catalina.session.StandardManager     : Start: Loading persisted sessions
?[0m?[0;34m2024-07-18T17:39:29.501-04:00 DEBUG 93785 --- [    Test worker] o.a.c.c.C.[Tomcat].[localhost].[/]       : Starting filters
?[0m?[0;34m2024-07-18T17:39:29.501-04:00 DEBUG 93785 --- [    Test worker] o.a.c.c.C.[Tomcat].[localhost].[/]       :  Starting filter 'requestContextFilter'
?[0m?[0;34m2024-07-18T17:39:29.501-04:00 DEBUG 93785 --- [    Test worker] o.s.b.w.s.f.OrderedRequestContextFilter  : Filter 'requestContextFilter' configured for use
?[0m?[0;34m2024-07-18T17:39:29.502-04:00 DEBUG 93785 --- [    Test worker] o.a.c.c.C.[Tomcat].[localhost].[/]       :  Starting filter 'Tomcat WebSocket (JSR356) Filter'
?[0m?[0;34m2024-07-18T17:39:29.503-04:00 DEBUG 93785 --- [    Test worker] o.a.c.c.C.[Tomcat].[localhost].[/]       :  Starting filter 'serverHttpObservationFilter'
?[0m?[0;34m2024-07-18T17:39:29.503-04:00 DEBUG 93785 --- [    Test worker] o.s.w.f.ServerHttpObservationFilter      : Filter 'serverHttpObservationFilter' configured for use
?[0m?[0;34m2024-07-18T17:39:29.503-04:00 DEBUG 93785 --- [    Test worker] o.a.c.c.C.[Tomcat].[localhost].[/]       :  Starting filter 'characterEncodingFilter'
?[0m?[0;34m2024-07-18T17:39:29.503-04:00 DEBUG 93785 --- [    Test worker] s.b.w.s.f.OrderedCharacterEncodingFilter : Filter 'characterEncodingFilter' configured for use
?[0m?[0;34m2024-07-18T17:39:29.503-04:00 DEBUG 93785 --- [    Test worker] o.a.c.c.C.[Tomcat].[localhost].[/]       :  Starting filter 'springSecurityFilterChain'
?[0m?[0;34m2024-07-18T17:39:29.503-04:00 DEBUG 93785 --- [    Test worker] .DelegatingFilterProxyRegistrationBean$1 : Filter 'springSecurityFilterChain' configured for use
?[0m?[0;34m2024-07-18T17:39:29.504-04:00 DEBUG 93785 --- [    Test worker] o.a.c.c.C.[Tomcat].[localhost].[/]       :  Starting filter 'formContentFilter'
?[0m?[0;34m2024-07-18T17:39:29.504-04:00 DEBUG 93785 --- [    Test worker] o.s.b.w.s.f.OrderedFormContentFilter     : Filter 'formContentFilter' configured for use
?[0m?[0;34m2024-07-18T17:39:29.505-04:00 DEBUG 93785 --- [    Test worker] o.apache.catalina.core.StandardContext   : Starting completed
?[0m?[0;34m2024-07-18T17:39:29.507-04:00 DEBUG 93785 --- [    Test worker] org.apache.catalina.mapper.Mapper        : Registered host [localhost]
?[0m?[0;34m2024-07-18T17:39:29.509-04:00 DEBUG 93785 --- [    Test worker] o.apache.catalina.mapper.MapperListener  : Register Wrapper [dispatcherServlet] in Context [] for service [StandardService[Tomcat]]
?[0m?[0;34m2024-07-18T17:39:29.509-04:00 DEBUG 93785 --- [    Test worker] o.apache.catalina.mapper.MapperListener  : Register Wrapper [jakartaWebServlet] in Context [] for service [StandardService[Tomcat]]
?[0m?[0;34m2024-07-18T17:39:29.510-04:00 DEBUG 93785 --- [    Test worker] o.apache.catalina.mapper.MapperListener  : Register Context [] for service [StandardService[Tomcat]]
?[0m?[0;34m2024-07-18T17:39:29.510-04:00 DEBUG 93785 --- [    Test worker] o.apache.catalina.mapper.MapperListener  : Register host [localhost] at domain [null] for service [StandardService[Tomcat]]
?[0m?[0;34m2024-07-18T17:39:29.512-04:00 DEBUG 93785 --- [    Test worker] o.s.b.f.s.DefaultListableBeanFactory     : Creating shared instance of singleton bean 'dataSourceScriptDatabaseInitializer'
?[0m?[0;34m2024-07-18T17:39:29.512-04:00 DEBUG 93785 --- [    Test worker] o.s.b.f.s.DefaultListableBeanFactory     : Creating shared instance of singleton bean 'org.springframework.boot.autoconfigure.sql.init.DataSourceInitializationConfiguration'
?[0m?[0;34m2024-07-18T17:39:29.515-04:00 DEBUG 93785 --- [    Test worker] o.s.b.f.s.DefaultListableBeanFactory     : Creating shared instance of singleton bean 'spring.sql.init-org.springframework.boot.autoconfigure.sql.init.SqlInitializationProperties'
?[0m?[0;34m2024-07-18T17:39:29.518-04:00 DEBUG 93785 --- [    Test worker] o.s.b.f.s.DefaultListableBeanFactory     : Autowiring by type from bean name 'dataSourceScriptDatabaseInitializer' via factory method to bean named 'dataSource'
?[0m?[0;34m2024-07-18T17:39:29.518-04:00 DEBUG 93785 --- [    Test worker] o.s.b.f.s.DefaultListableBeanFactory     : Autowiring by type from bean name 'dataSourceScriptDatabaseInitializer' via factory method to bean named 'spring.sql.init-org.springframework.boot.autoconfigure.sql.init.SqlInitializationProperties'
?[0m?[0;34m2024-07-18T17:39:29.519-04:00 DEBUG 93785 --- [    Test worker] o.s.b.f.s.DefaultListableBeanFactory     : Creating shared instance of singleton bean 'entityManagerFactory'
?[0m?[0;34m2024-07-18T17:39:29.519-04:00 DEBUG 93785 --- [    Test worker] o.s.b.f.s.DefaultListableBeanFactory     : Creating shared instance of singleton bean 'org.springframework.boot.autoconfigure.orm.jpa.HibernateJpaConfiguration'
?[0m?[0;34m2024-07-18T17:39:29.521-04:00 DEBUG 93785 --- [    Test worker] o.s.b.f.s.DefaultListableBeanFactory     : Creating shared instance of singleton bean 'spring.jpa-org.springframework.boot.autoconfigure.orm.jpa.JpaProperties'
?[0m?[0;34m2024-07-18T17:39:29.525-04:00 DEBUG 93785 --- [    Test worker] o.s.b.f.s.DefaultListableBeanFactory     : Creating shared instance of singleton bean 'spring.jpa.hibernate-org.springframework.boot.autoconfigure.orm.jpa.HibernateProperties'
?[0m?[0;34m2024-07-18T17:39:29.527-04:00 DEBUG 93785 --- [    Test worker] o.s.b.f.s.DefaultListableBeanFactory     : Autowiring by type from bean name 'org.springframework.boot.autoconfigure.orm.jpa.HibernateJpaConfiguration' via constructor to bean named 'dataSource'
?[0m?[0;34m2024-07-18T17:39:29.528-04:00 DEBUG 93785 --- [    Test worker] o.s.b.f.s.DefaultListableBeanFactory     : Autowiring by type from bean name 'org.springframework.boot.autoconfigure.orm.jpa.HibernateJpaConfiguration' via constructor to bean named 'spring.jpa-org.springframework.boot.autoconfigure.orm.jpa.JpaProperties'
?[0m?[0;34m2024-07-18T17:39:29.528-04:00 DEBUG 93785 --- [    Test worker] o.s.b.f.s.DefaultListableBeanFactory     : Autowiring by type from bean name 'org.springframework.boot.autoconfigure.orm.jpa.HibernateJpaConfiguration' via constructor to bean named 'org.springframework.beans.factory.support.DefaultListableBeanFactory@e36a4c1'
?[0m?[0;34m2024-07-18T17:39:29.528-04:00 DEBUG 93785 --- [    Test worker] o.s.b.f.s.DefaultListableBeanFactory     : Autowiring by type from bean name 'org.springframework.boot.autoconfigure.orm.jpa.HibernateJpaConfiguration' via constructor to bean named 'spring.jpa.hibernate-org.springframework.boot.autoconfigure.orm.jpa.HibernateProperties'
?[0m?[0;34m2024-07-18T17:39:29.530-04:00 DEBUG 93785 --- [    Test worker] o.s.b.f.s.DefaultListableBeanFactory     : Creating shared instance of singleton bean 'hikariPoolDataSourceMetadataProvider'
?[0m?[0;34m2024-07-18T17:39:29.530-04:00 DEBUG 93785 --- [    Test worker] o.s.b.f.s.DefaultListableBeanFactory     : Creating shared instance of singleton bean 'org.springframework.boot.autoconfigure.jdbc.metadata.DataSourcePoolMetadataProvidersConfiguration$HikariPoolDataSourceMetadataProviderConfiguration'
?[0m?[0;34m2024-07-18T17:39:29.534-04:00 DEBUG 93785 --- [    Test worker] o.s.b.f.s.DefaultListableBeanFactory     : Creating shared instance of singleton bean 'entityManagerFactoryBuilder'
?[0m?[0;34m2024-07-18T17:39:29.535-04:00 DEBUG 93785 --- [    Test worker] o.s.b.f.s.DefaultListableBeanFactory     : Creating shared instance of singleton bean 'jpaVendorAdapter'
?[0m?[0;34m2024-07-18T17:39:29.536-04:00 DEBUG 93785 --- [    Test worker] o.s.b.f.s.DefaultListableBeanFactory     : Autowiring by type from bean name 'entityManagerFactoryBuilder' via factory method to bean named 'jpaVendorAdapter'
?[0m?[0;34m2024-07-18T17:39:29.537-04:00 DEBUG 93785 --- [    Test worker] o.s.b.f.s.DefaultListableBeanFactory     : Creating shared instance of singleton bean 'persistenceManagedTypes'
?[0m?[0;34m2024-07-18T17:39:29.539-04:00 DEBUG 93785 --- [    Test worker] o.s.b.f.s.DefaultListableBeanFactory     : Autowiring by type from bean name 'persistenceManagedTypes' via factory method to bean named 'org.springframework.beans.factory.support.DefaultListableBeanFactory@e36a4c1'
?[0m?[0;34m2024-07-18T17:39:29.539-04:00 DEBUG 93785 --- [    Test worker] o.s.b.f.s.DefaultListableBeanFactory     : Autowiring by type from bean name 'persistenceManagedTypes' via factory method to bean named 'org.springframework.boot.web.servlet.context.AnnotationConfigServletWebServerApplicationContext@c358f32'
?[0m?[0;34m2024-07-18T17:39:29.541-04:00 DEBUG 93785 --- [    Test worker] o.s.b.f.s.DefaultListableBeanFactory     : Autowiring by type from bean name 'entityManagerFactory' via factory method to bean named 'entityManagerFactoryBuilder'
?[0m?[0;34m2024-07-18T17:39:29.542-04:00 DEBUG 93785 --- [    Test worker] o.s.b.f.s.DefaultListableBeanFactory     : Autowiring by type from bean name 'entityManagerFactory' via factory method to bean named 'persistenceManagedTypes'
?[0m?[0;34m2024-07-18T17:39:29.543-04:00 DEBUG 93785 --- [    Test worker] j.LocalContainerEntityManagerFactoryBean : Building JPA container EntityManagerFactory for persistence unit 'default'
?[0m?[0;34m2024-07-18T17:39:29.543-04:00 DEBUG 93785 --- [    Test worker] o.hibernate.jpa.internal.util.LogHelper  : PersistenceUnitInfo [
?[0m?[0;34m	name: default
?[0m?[0;34m	persistence provider classname: null
?[0m?[0;34m	classloader: jdk.internal.loader.ClassLoaders$AppClassLoader@5387f9e0
?[0m?[0;34m	excludeUnlistedClasses: true
?[0m?[0;34m	JTA datasource: null
?[0m?[0;34m	Non JTA datasource: HikariDataSource (HikariPool-2)
?[0m?[0;34m	Transaction type: RESOURCE_LOCAL
?[0m?[0;34m	PU root URL: file:/Users/CarmenLaptop/Desktop/coding/Anti-Fraud%20System/Anti-Fraud%20System/task/build/classes/java/test/
?[0m?[0;34m	Shared Cache Mode: UNSPECIFIED
?[0m?[0;34m	Validation Mode: AUTO
?[0m?[0;34m	Jar files URLs []
?[0m?[0;34m	Managed classes names [
?[0m?[0;34m		antifraud.model.User]
?[0m?[0;34m	Mapping files names []
?[0m?[0;34m	Properties []
?[0m?[0;34m2024-07-18T17:39:29.545-04:00 DEBUG 93785 --- [    Test worker] o.h.i.internal.IntegratorServiceImpl     : Adding Integrator [org.hibernate.cfg.beanvalidation.BeanValidationIntegrator].
?[0m?[0;34m2024-07-18T17:39:29.545-04:00 DEBUG 93785 --- [    Test worker] o.h.i.internal.IntegratorServiceImpl     : Adding Integrator [org.hibernate.cache.internal.CollectionCacheInvalidator].
?[0m?[0;34m2024-07-18T17:39:29.548-04:00 DEBUG 93785 --- [    Test worker] org.hibernate.orm.idgen.factory          : Registering IdentifierGenerator strategy [uuid2] -> [org.hibernate.id.UUIDGenerator]
?[0m?[0;34m2024-07-18T17:39:29.548-04:00 DEBUG 93785 --- [    Test worker] org.hibernate.orm.idgen.factory          : Registering IdentifierGenerator strategy [guid] -> [org.hibernate.id.GUIDGenerator]
?[0m?[0;34m2024-07-18T17:39:29.549-04:00 DEBUG 93785 --- [    Test worker] org.hibernate.orm.idgen.factory          : Registering IdentifierGenerator strategy [uuid] -> [org.hibernate.id.UUIDHexGenerator]
?[0m?[0;34m2024-07-18T17:39:29.549-04:00 DEBUG 93785 --- [    Test worker] org.hibernate.orm.idgen.factory          : Registering IdentifierGenerator strategy [uuid.hex] -> [org.hibernate.id.UUIDHexGenerator]
?[0m?[0;34m2024-07-18T17:39:29.549-04:00 DEBUG 93785 --- [    Test worker] org.hibernate.orm.idgen.factory          : Registering IdentifierGenerator strategy [assigned] -> [org.hibernate.id.Assigned]
?[0m?[0;34m2024-07-18T17:39:29.549-04:00 DEBUG 93785 --- [    Test worker] org.hibernate.orm.idgen.factory          : Registering IdentifierGenerator strategy [identity] -> [org.hibernate.id.IdentityGenerator]
?[0m?[0;34m2024-07-18T17:39:29.549-04:00 DEBUG 93785 --- [    Test worker] org.hibernate.orm.idgen.factory          : Registering IdentifierGenerator strategy [select] -> [org.hibernate.id.SelectGenerator]
?[0m?[0;34m2024-07-18T17:39:29.550-04:00 DEBUG 93785 --- [    Test worker] org.hibernate.orm.idgen.factory          : Registering IdentifierGenerator strategy [sequence] -> [org.hibernate.id.enhanced.SequenceStyleGenerator]
?[0m?[0;34m2024-07-18T17:39:29.550-04:00 DEBUG 93785 --- [    Test worker] org.hibernate.orm.idgen.factory          : Registering IdentifierGenerator strategy [increment] -> [org.hibernate.id.IncrementGenerator]
?[0m?[0;34m2024-07-18T17:39:29.550-04:00 DEBUG 93785 --- [    Test worker] org.hibernate.orm.idgen.factory          : Registering IdentifierGenerator strategy [foreign] -> [org.hibernate.id.ForeignGenerator]
?[0m?[0;34m2024-07-18T17:39:29.550-04:00 DEBUG 93785 --- [    Test worker] org.hibernate.orm.idgen.factory          : Registering IdentifierGenerator strategy [enhanced-sequence] -> [org.hibernate.id.enhanced.SequenceStyleGenerator]
?[0m?[0;34m2024-07-18T17:39:29.551-04:00 DEBUG 93785 --- [    Test worker] org.hibernate.orm.idgen.factory          : Registering IdentifierGenerator strategy [enhanced-table] -> [org.hibernate.id.enhanced.TableGenerator]
?[0m?[0;34m2024-07-18T17:39:29.551-04:00  WARN 93785 --- [    Test worker] org.hibernate.orm.deprecation            : HHH90000021: Encountered deprecated setting [javax.persistence.sharedCache.mode], use [jakarta.persistence.sharedCache.mode] instead
?[0m?[0;34m2024-07-18T17:39:29.551-04:00 DEBUG 93785 --- [    Test worker] o.h.c.internal.RegionFactoryInitiator    : Cannot default RegionFactory based on registered strategies as `[]` RegionFactory strategies were registered
?[0m?[0;34m2024-07-18T17:39:29.551-04:00 DEBUG 93785 --- [    Test worker] o.h.c.internal.RegionFactoryInitiator    : Cache region factory : org.hibernate.cache.internal.NoCachingRegionFactory
?[0m?[0;34m2024-07-18T17:39:29.552-04:00 DEBUG 93785 --- [    Test worker] o.h.t.d.jdbc.spi.JdbcTypeRegistry        : addDescriptor(FloatTypeDescriptor) replaced previous registration(DoubleTypeDescriptor)
?[0m?[0;34m2024-07-18T17:39:29.552-04:00 DEBUG 93785 --- [    Test worker] org.hibernate.type.BasicTypeRegistry     : Adding type registration boolean -> org.hibernate.type.BasicTypeReference@154f8280
?[0m?[0;34m2024-07-18T17:39:29.552-04:00 DEBUG 93785 --- [    Test worker] org.hibernate.type.BasicTypeRegistry     : Adding type registration boolean -> org.hibernate.type.BasicTypeReference@154f8280
?[0m?[0;34m2024-07-18T17:39:29.552-04:00 DEBUG 93785 --- [    Test worker] org.hibernate.type.BasicTypeRegistry     : Adding type registration java.lang.Boolean -> org.hibernate.type.BasicTypeReference@154f8280
?[0m?[0;34m2024-07-18T17:39:29.552-04:00 DEBUG 93785 --- [    Test worker] org.hibernate.type.BasicTypeRegistry     : Adding type registration numeric_boolean -> org.hibernate.type.BasicTypeReference@24f90aff
?[0m?[0;34m2024-07-18T17:39:29.552-04:00 DEBUG 93785 --- [    Test worker] org.hibernate.type.BasicTypeRegistry     : Adding type registration org.hibernate.type.NumericBooleanConverter -> org.hibernate.type.BasicTypeReference@24f90aff
?[0m?[0;34m2024-07-18T17:39:29.553-04:00 DEBUG 93785 --- [    Test worker] org.hibernate.type.BasicTypeRegistry     : Adding type registration true_false -> org.hibernate.type.BasicTypeReference@7252bdb
?[0m?[0;34m2024-07-18T17:39:29.553-04:00 DEBUG 93785 --- [    Test worker] org.hibernate.type.BasicTypeRegistry     : Adding type registration org.hibernate.type.TrueFalseConverter -> org.hibernate.type.BasicTypeReference@7252bdb
?[0m?[0;34m2024-07-18T17:39:29.553-04:00 DEBUG 93785 --- [    Test worker] org.hibernate.type.BasicTypeRegistry     : Adding type registration yes_no -> org.hibernate.type.BasicTypeReference@25ea068e
?[0m?[0;34m2024-07-18T17:39:29.553-04:00 DEBUG 93785 --- [    Test worker] org.hibernate.type.BasicTypeRegistry     : Adding type registration org.hibernate.type.YesNoConverter -> org.hibernate.type.BasicTypeReference@25ea068e
?[0m?[0;34m2024-07-18T17:39:29.553-04:00 DEBUG 93785 --- [    Test worker] org.hibernate.type.BasicTypeRegistry     : Adding type registration byte -> org.hibernate.type.BasicTypeReference@4cd8db31
?[0m?[0;34m2024-07-18T17:39:29.554-04:00 DEBUG 93785 --- [    Test worker] org.hibernate.type.BasicTypeRegistry     : Adding type registration byte -> org.hibernate.type.BasicTypeReference@4cd8db31
?[0m?[0;34m2024-07-18T17:39:29.554-04:00 DEBUG 93785 --- [    Test worker] org.hibernate.type.BasicTypeRegistry     : Adding type registration java.lang.Byte -> org.hibernate.type.BasicTypeReference@4cd8db31
?[0m?[0;34m2024-07-18T17:39:29.554-04:00 DEBUG 93785 --- [    Test worker] org.hibernate.type.BasicTypeRegistry     : Adding type registration binary -> org.hibernate.type.BasicTypeReference@201a8ea7
?[0m?[0;34m2024-07-18T17:39:29.554-04:00 DEBUG 93785 --- [    Test worker] org.hibernate.type.BasicTypeRegistry     : Adding type registration byte[] -> org.hibernate.type.BasicTypeReference@201a8ea7
?[0m?[0;34m2024-07-18T17:39:29.554-04:00 DEBUG 93785 --- [    Test worker] org.hibernate.type.BasicTypeRegistry     : Adding type registration [B -> org.hibernate.type.BasicTypeReference@201a8ea7
?[0m?[0;34m2024-07-18T17:39:29.554-04:00 DEBUG 93785 --- [    Test worker] org.hibernate.type.BasicTypeRegistry     : Adding type registration binary_wrapper -> org.hibernate.type.BasicTypeReference@ecf028c
?[0m?[0;34m2024-07-18T17:39:29.555-04:00 DEBUG 93785 --- [    Test worker] org.hibernate.type.BasicTypeRegistry     : Adding type registration wrapper-binary -> org.hibernate.type.BasicTypeReference@ecf028c
?[0m?[0;34m2024-07-18T17:39:29.555-04:00 DEBUG 93785 --- [    Test worker] org.hibernate.type.BasicTypeRegistry     : Adding type registration Byte[] -> org.hibernate.type.BasicTypeReference@ecf028c
?[0m?[0;34m2024-07-18T17:39:29.555-04:00 DEBUG 93785 --- [    Test worker] org.hibernate.type.BasicTypeRegistry     : Adding type registration [Ljava.lang.Byte; -> org.hibernate.type.BasicTypeReference@ecf028c
?[0m?[0;34m2024-07-18T17:39:29.555-04:00 DEBUG 93785 --- [    Test worker] org.hibernate.type.BasicTypeRegistry     : Adding type registration image -> org.hibernate.type.BasicTypeReference@7b64bbad
?[0m?[0;34m2024-07-18T17:39:29.555-04:00 DEBUG 93785 --- [    Test worker] org.hibernate.type.BasicTypeRegistry     : Adding type registration blob -> org.hibernate.type.BasicTypeReference@71eff6a3
?[0m?[0;34m2024-07-18T17:39:29.556-04:00 DEBUG 93785 --- [    Test worker] org.hibernate.type.BasicTypeRegistry     : Adding type registration java.sql.Blob -> org.hibernate.type.BasicTypeReference@71eff6a3
?[0m?[0;34m2024-07-18T17:39:29.556-04:00 DEBUG 93785 --- [    Test worker] org.hibernate.type.BasicTypeRegistry     : Adding type registration materialized_blob -> org.hibernate.type.BasicTypeReference@574218f
?[0m?[0;34m2024-07-18T17:39:29.556-04:00 DEBUG 93785 --- [    Test worker] org.hibernate.type.BasicTypeRegistry     : Adding type registration materialized_blob_wrapper -> org.hibernate.type.BasicTypeReference@735988cf
?[0m?[0;34m2024-07-18T17:39:29.556-04:00 DEBUG 93785 --- [    Test worker] org.hibernate.type.BasicTypeRegistry     : Adding type registration short -> org.hibernate.type.BasicTypeReference@2d3eecda
?[0m?[0;34m2024-07-18T17:39:29.556-04:00 DEBUG 93785 --- [    Test worker] org.hibernate.type.BasicTypeRegistry     : Adding type registration short -> org.hibernate.type.BasicTypeReference@2d3eecda
?[0m?[0;34m2024-07-18T17:39:29.557-04:00 DEBUG 93785 --- [    Test worker] org.hibernate.type.BasicTypeRegistry     : Adding type registration java.lang.Short -> org.hibernate.type.BasicTypeReference@2d3eecda
?[0m?[0;34m2024-07-18T17:39:29.557-04:00 DEBUG 93785 --- [    Test worker] org.hibernate.type.BasicTypeRegistry     : Adding type registration integer -> org.hibernate.type.BasicTypeReference@236a4d30
?[0m?[0;34m2024-07-18T17:39:29.557-04:00 DEBUG 93785 --- [    Test worker] org.hibernate.type.BasicTypeRegistry     : Adding type registration int -> org.hibernate.type.BasicTypeReference@236a4d30
?[0m?[0;34m2024-07-18T17:39:29.557-04:00 DEBUG 93785 --- [    Test worker] org.hibernate.type.BasicTypeRegistry     : Adding type registration java.lang.Integer -> org.hibernate.type.BasicTypeReference@236a4d30
?[0m?[0;34m2024-07-18T17:39:29.557-04:00 DEBUG 93785 --- [    Test worker] org.hibernate.type.BasicTypeRegistry     : Adding type registration long -> org.hibernate.type.BasicTypeReference@736788b
?[0m?[0;34m2024-07-18T17:39:29.557-04:00 DEBUG 93785 --- [    Test worker] org.hibernate.type.BasicTypeRegistry     : Adding type registration long -> org.hibernate.type.BasicTypeReference@736788b
?[0m?[0;34m2024-07-18T17:39:29.558-04:00 DEBUG 93785 --- [    Test worker] org.hibernate.type.BasicTypeRegistry     : Adding type registration java.lang.Long -> org.hibernate.type.BasicTypeReference@736788b
?[0m?[0;34m2024-07-18T17:39:29.558-04:00 DEBUG 93785 --- [    Test worker] org.hibernate.type.BasicTypeRegistry     : Adding type registration float -> org.hibernate.type.BasicTypeReference@38968752
?[0m?[0;34m2024-07-18T17:39:29.558-04:00 DEBUG 93785 --- [    Test worker] org.hibernate.type.BasicTypeRegistry     : Adding type registration float -> org.hibernate.type.BasicTypeReference@38968752
?[0m?[0;34m2024-07-18T17:39:29.558-04:00 DEBUG 93785 --- [    Test worker] org.hibernate.type.BasicTypeRegistry     : Adding type registration java.lang.Float -> org.hibernate.type.BasicTypeReference@38968752
?[0m?[0;34m2024-07-18T17:39:29.558-04:00 DEBUG 93785 --- [    Test worker] org.hibernate.type.BasicTypeRegistry     : Adding type registration double -> org.hibernate.type.BasicTypeReference@6294e4a6
?[0m?[0;34m2024-07-18T17:39:29.559-04:00 DEBUG 93785 --- [    Test worker] org.hibernate.type.BasicTypeRegistry     : Adding type registration double -> org.hibernate.type.BasicTypeReference@6294e4a6
?[0m?[0;34m2024-07-18T17:39:29.559-04:00 DEBUG 93785 --- [    Test worker] org.hibernate.type.BasicTypeRegistry     : Adding type registration java.lang.Double -> org.hibernate.type.BasicTypeReference@6294e4a6
?[0m?[0;34m2024-07-18T17:39:29.559-04:00 DEBUG 93785 --- [    Test worker] org.hibernate.type.BasicTypeRegistry     : Adding type registration big_integer -> org.hibernate.type.BasicTypeReference@13662609
?[0m?[0;34m2024-07-18T17:39:29.559-04:00 DEBUG 93785 --- [    Test worker] org.hibernate.type.BasicTypeRegistry     : Adding type registration java.math.BigInteger -> org.hibernate.type.BasicTypeReference@13662609
?[0m?[0;34m2024-07-18T17:39:29.559-04:00 DEBUG 93785 --- [    Test worker] org.hibernate.type.BasicTypeRegistry     : Adding type registration big_decimal -> org.hibernate.type.BasicTypeReference@27a0e6ce
?[0m?[0;34m2024-07-18T17:39:29.560-04:00 DEBUG 93785 --- [    Test worker] org.hibernate.type.BasicTypeRegistry     : Adding type registration java.math.BigDecimal -> org.hibernate.type.BasicTypeReference@27a0e6ce
?[0m?[0;34m2024-07-18T17:39:29.560-04:00 DEBUG 93785 --- [    Test worker] org.hibernate.type.BasicTypeRegistry     : Adding type registration character -> org.hibernate.type.BasicTypeReference@2b80497f
?[0m?[0;34m2024-07-18T17:39:29.560-04:00 DEBUG 93785 --- [    Test worker] org.hibernate.type.BasicTypeRegistry     : Adding type registration char -> org.hibernate.type.BasicTypeReference@2b80497f
?[0m?[0;34m2024-07-18T17:39:29.560-04:00 DEBUG 93785 --- [    Test worker] org.hibernate.type.BasicTypeRegistry     : Adding type registration java.lang.Character -> org.hibernate.type.BasicTypeReference@2b80497f
?[0m?[0;34m2024-07-18T17:39:29.560-04:00 DEBUG 93785 --- [    Test worker] org.hibernate.type.BasicTypeRegistry     : Adding type registration character_nchar -> org.hibernate.type.BasicTypeReference@6ef4297d
?[0m?[0;34m2024-07-18T17:39:29.560-04:00 DEBUG 93785 --- [    Test worker] org.hibernate.type.BasicTypeRegistry     : Adding type registration string -> org.hibernate.type.BasicTypeReference@4c000cc4
?[0m?[0;34m2024-07-18T17:39:29.561-04:00 DEBUG 93785 --- [    Test worker] org.hibernate.type.BasicTypeRegistry     : Adding type registration java.lang.String -> org.hibernate.type.BasicTypeReference@4c000cc4
?[0m?[0;34m2024-07-18T17:39:29.561-04:00 DEBUG 93785 --- [    Test worker] org.hibernate.type.BasicTypeRegistry     : Adding type registration nstring -> org.hibernate.type.BasicTypeReference@6c36051c
?[0m?[0;34m2024-07-18T17:39:29.561-04:00 DEBUG 93785 --- [    Test worker] org.hibernate.type.BasicTypeRegistry     : Adding type registration characters -> org.hibernate.type.BasicTypeReference@45d46254
?[0m?[0;34m2024-07-18T17:39:29.561-04:00 DEBUG 93785 --- [    Test worker] org.hibernate.type.BasicTypeRegistry     : Adding type registration char[] -> org.hibernate.type.BasicTypeReference@45d46254
?[0m?[0;34m2024-07-18T17:39:29.561-04:00 DEBUG 93785 --- [    Test worker] org.hibernate.type.BasicTypeRegistry     : Adding type registration [C -> org.hibernate.type.BasicTypeReference@45d46254
?[0m?[0;34m2024-07-18T17:39:29.562-04:00 DEBUG 93785 --- [    Test worker] org.hibernate.type.BasicTypeRegistry     : Adding type registration wrapper-characters -> org.hibernate.type.BasicTypeReference@a240452
?[0m?[0;34m2024-07-18T17:39:29.562-04:00 DEBUG 93785 --- [    Test worker] org.hibernate.type.BasicTypeRegistry     : Adding type registration [Ljava.lang.Character; -> org.hibernate.type.BasicTypeReference@a240452
?[0m?[0;34m2024-07-18T17:39:29.562-04:00 DEBUG 93785 --- [    Test worker] org.hibernate.type.BasicTypeRegistry     : Adding type registration Character[] -> org.hibernate.type.BasicTypeReference@a240452
?[0m?[0;34m2024-07-18T17:39:29.562-04:00 DEBUG 93785 --- [    Test worker] org.hibernate.type.BasicTypeRegistry     : Adding type registration text -> org.hibernate.type.BasicTypeReference@460e5ffe
?[0m?[0;34m2024-07-18T17:39:29.562-04:00 DEBUG 93785 --- [    Test worker] org.hibernate.type.BasicTypeRegistry     : Adding type registration ntext -> org.hibernate.type.BasicTypeReference@1a4cbcc6
?[0m?[0;34m2024-07-18T17:39:29.562-04:00 DEBUG 93785 --- [    Test worker] org.hibernate.type.BasicTypeRegistry     : Adding type registration clob -> org.hibernate.type.BasicTypeReference@7cecab19
?[0m?[0;34m2024-07-18T17:39:29.563-04:00 DEBUG 93785 --- [    Test worker] org.hibernate.type.BasicTypeRegistry     : Adding type registration java.sql.Clob -> org.hibernate.type.BasicTypeReference@7cecab19
?[0m?[0;34m2024-07-18T17:39:29.563-04:00 DEBUG 93785 --- [    Test worker] org.hibernate.type.BasicTypeRegistry     : Adding type registration nclob -> org.hibernate.type.BasicTypeReference@56402642
?[0m?[0;34m2024-07-18T17:39:29.563-04:00 DEBUG 93785 --- [    Test worker] org.hibernate.type.BasicTypeRegistry     : Adding type registration java.sql.NClob -> org.hibernate.type.BasicTypeReference@56402642
?[0m?[0;34m2024-07-18T17:39:29.563-04:00 DEBUG 93785 --- [    Test worker] org.hibernate.type.BasicTypeRegistry     : Adding type registration materialized_clob -> org.hibernate.type.BasicTypeReference@620572db
?[0m?[0;34m2024-07-18T17:39:29.563-04:00 DEBUG 93785 --- [    Test worker] org.hibernate.type.BasicTypeRegistry     : Adding type registration materialized_clob_char_array -> org.hibernate.type.BasicTypeReference@1d5048d1
?[0m?[0;34m2024-07-18T17:39:29.563-04:00 DEBUG 93785 --- [    Test worker] org.hibernate.type.BasicTypeRegistry     : Adding type registration materialized_clob_character_array -> org.hibernate.type.BasicTypeReference@47d9c01
?[0m?[0;34m2024-07-18T17:39:29.564-04:00 DEBUG 93785 --- [    Test worker] org.hibernate.type.BasicTypeRegistry     : Adding type registration materialized_nclob -> org.hibernate.type.BasicTypeReference@5358c8fa
?[0;34m2024-07-18T17:39:29.564-04:00 DEBUG 93785 --- [l-2 housekeeper] com.zaxxer.hikari.pool.HikariPool        : HikariPool-2 - Pool stats (total=1, active=0, idle=1, waiting=0)
?[0;34m2024-07-18T17:39:29.566-04:00 DEBUG 93785 --- [onnection adder] com.zaxxer.hikari.pool.HikariPool        : HikariPool-2 - Added connection conn11: url=jdbc:h2:mem:testdb user=SA
?[0m?[0;34m2024-07-18T17:39:29.566-04:00 DEBUG 93785 --- [    Test worker] org.hibernate.type.BasicTypeRegistry     : Adding type registration materialized_nclob_character_array -> org.hibernate.type.BasicTypeReference@1a02ebe0
?[0m?[0;34m2024-07-18T17:39:29.566-04:00 DEBUG 93785 --- [    Test worker] org.hibernate.type.BasicTypeRegistry     : Adding type registration materialized_nclob_char_array -> org.hibernate.type.BasicTypeReference@58b3eb1
?[0m?[0;34m2024-07-18T17:39:29.567-04:00 DEBUG 93785 --- [    Test worker] org.hibernate.type.BasicTypeRegistry     : Adding type registration Duration -> org.hibernate.type.BasicTypeReference@6d7e2795
?[0m?[0;34m2024-07-18T17:39:29.567-04:00 DEBUG 93785 --- [    Test worker] org.hibernate.type.BasicTypeRegistry     : Adding type registration java.time.Duration -> org.hibernate.type.BasicTypeReference@6d7e2795
?[0m?[0;34m2024-07-18T17:39:29.567-04:00 DEBUG 93785 --- [    Test worker] org.hibernate.type.BasicTypeRegistry     : Adding type registration LocalDateTime -> org.hibernate.type.BasicTypeReference@78743dd8
?[0m?[0;34m2024-07-18T17:39:29.567-04:00 DEBUG 93785 --- [    Test worker] org.hibernate.type.BasicTypeRegistry     : Adding type registration java.time.LocalDateTime -> org.hibernate.type.BasicTypeReference@78743dd8
?[0m?[0;34m2024-07-18T17:39:29.568-04:00 DEBUG 93785 --- [    Test worker] org.hibernate.type.BasicTypeRegistry     : Adding type registration LocalDate -> org.hibernate.type.BasicTypeReference@752494dd
?[0m?[0;34m2024-07-18T17:39:29.568-04:00 DEBUG 93785 --- [    Test worker] org.hibernate.type.BasicTypeRegistry     : Adding type registration java.time.LocalDate -> org.hibernate.type.BasicTypeReference@752494dd
?[0m?[0;34m2024-07-18T17:39:29.568-04:00 DEBUG 93785 --- [    Test worker] org.hibernate.type.BasicTypeRegistry     : Adding type registration LocalTime -> org.hibernate.type.BasicTypeReference@2986427e
?[0m?[0;34m2024-07-18T17:39:29.568-04:00 DEBUG 93785 --- [    Test worker] org.hibernate.type.BasicTypeRegistry     : Adding type registration java.time.LocalTime -> org.hibernate.type.BasicTypeReference@2986427e
?[0m?[0;34m2024-07-18T17:39:29.569-04:00 DEBUG 93785 --- [    Test worker] org.hibernate.type.BasicTypeRegistry     : Adding type registration OffsetDateTime -> org.hibernate.type.BasicTypeReference@35d88a54
?[0m?[0;34m2024-07-18T17:39:29.569-04:00 DEBUG 93785 --- [    Test worker] org.hibernate.type.BasicTypeRegistry     : Adding type registration java.time.OffsetDateTime -> org.hibernate.type.BasicTypeReference@35d88a54
?[0m?[0;34m2024-07-18T17:39:29.569-04:00 DEBUG 93785 --- [    Test worker] org.hibernate.type.BasicTypeRegistry     : Adding type registration OffsetDateTimeWithTimezone -> org.hibernate.type.BasicTypeReference@6c1bebca
?[0m?[0;34m2024-07-18T17:39:29.569-04:00 DEBUG 93785 --- [    Test worker] org.hibernate.type.BasicTypeRegistry     : Adding type registration OffsetDateTimeWithoutTimezone -> org.hibernate.type.BasicTypeReference@3d4818e8
?[0m?[0;34m2024-07-18T17:39:29.570-04:00 DEBUG 93785 --- [    Test worker] org.hibernate.type.BasicTypeRegistry     : Adding type registration OffsetTime -> org.hibernate.type.BasicTypeReference@26c6288d
?[0m?[0;34m2024-07-18T17:39:29.570-04:00 DEBUG 93785 --- [    Test worker] org.hibernate.type.BasicTypeRegistry     : Adding type registration java.time.OffsetTime -> org.hibernate.type.BasicTypeReference@26c6288d
?[0m?[0;34m2024-07-18T17:39:29.570-04:00 DEBUG 93785 --- [    Test worker] org.hibernate.type.BasicTypeRegistry     : Adding type registration ZonedDateTime -> org.hibernate.type.BasicTypeReference@57bd9c2b
?[0m?[0;34m2024-07-18T17:39:29.570-04:00 DEBUG 93785 --- [    Test worker] org.hibernate.type.BasicTypeRegistry     : Adding type registration java.time.ZonedDateTime -> org.hibernate.type.BasicTypeReference@57bd9c2b
?[0m?[0;34m2024-07-18T17:39:29.570-04:00 DEBUG 93785 --- [    Test worker] org.hibernate.type.BasicTypeRegistry     : Adding type registration ZonedDateTimeWithTimezone -> org.hibernate.type.BasicTypeReference@644b68ad
?[0m?[0;34m2024-07-18T17:39:29.571-04:00 DEBUG 93785 --- [    Test worker] org.hibernate.type.BasicTypeRegistry     : Adding type registration ZonedDateTimeWithoutTimezone -> org.hibernate.type.BasicTypeReference@1939a394
?[0m?[0;34m2024-07-18T17:39:29.572-04:00 DEBUG 93785 --- [    Test worker] org.hibernate.type.BasicTypeRegistry     : Adding type registration date -> org.hibernate.type.BasicTypeReference@e2c627e
?[0m?[0;34m2024-07-18T17:39:29.572-04:00 DEBUG 93785 --- [    Test worker] org.hibernate.type.BasicTypeRegistry     : Adding type registration java.sql.Date -> org.hibernate.type.BasicTypeReference@e2c627e
?[0m?[0;34m2024-07-18T17:39:29.572-04:00 DEBUG 93785 --- [    Test worker] org.hibernate.type.BasicTypeRegistry     : Adding type registration time -> org.hibernate.type.BasicTypeReference@35cbeb54
?[0m?[0;34m2024-07-18T17:39:29.573-04:00 DEBUG 93785 --- [    Test worker] org.hibernate.type.BasicTypeRegistry     : Adding type registration java.sql.Time -> org.hibernate.type.BasicTypeReference@35cbeb54
?[0m?[0;34m2024-07-18T17:39:29.573-04:00 DEBUG 93785 --- [    Test worker] org.hibernate.type.BasicTypeRegistry     : Adding type registration timestamp -> org.hibernate.type.BasicTypeReference@a7ae340
?[0m?[0;34m2024-07-18T17:39:29.573-04:00 DEBUG 93785 --- [    Test worker] org.hibernate.type.BasicTypeRegistry     : Adding type registration java.sql.Timestamp -> org.hibernate.type.BasicTypeReference@a7ae340
?[0m?[0;34m2024-07-18T17:39:29.573-04:00 DEBUG 93785 --- [    Test worker] org.hibernate.type.BasicTypeRegistry     : Adding type registration java.util.Date -> org.hibernate.type.BasicTypeReference@a7ae340
?[0m?[0;34m2024-07-18T17:39:29.574-04:00 DEBUG 93785 --- [    Test worker] org.hibernate.type.BasicTypeRegistry     : Adding type registration calendar -> org.hibernate.type.BasicTypeReference@5e8bd498
?[0m?[0;34m2024-07-18T17:39:29.574-04:00 DEBUG 93785 --- [    Test worker] org.hibernate.type.BasicTypeRegistry     : Adding type registration java.util.Calendar -> org.hibernate.type.BasicTypeReference@5e8bd498
?[0m?[0;34m2024-07-18T17:39:29.574-04:00 DEBUG 93785 --- [    Test worker] org.hibernate.type.BasicTypeRegistry     : Adding type registration java.util.GregorianCalendar -> org.hibernate.type.BasicTypeReference@5e8bd498
?[0m?[0;34m2024-07-18T17:39:29.574-04:00 DEBUG 93785 --- [    Test worker] org.hibernate.type.BasicTypeRegistry     : Adding type registration calendar_date -> org.hibernate.type.BasicTypeReference@335972a5
?[0m?[0;34m2024-07-18T17:39:29.575-04:00 DEBUG 93785 --- [    Test worker] org.hibernate.type.BasicTypeRegistry     : Adding type registration calendar_time -> org.hibernate.type.BasicTypeReference@59a2bed1
?[0m?[0;34m2024-07-18T17:39:29.575-04:00 DEBUG 93785 --- [    Test worker] org.hibernate.type.BasicTypeRegistry     : Adding type registration instant -> org.hibernate.type.BasicTypeReference@49f2646
?[0m?[0;34m2024-07-18T17:39:29.575-04:00 DEBUG 93785 --- [    Test worker] org.hibernate.type.BasicTypeRegistry     : Adding type registration java.time.Instant -> org.hibernate.type.BasicTypeReference@49f2646
?[0m?[0;34m2024-07-18T17:39:29.575-04:00 DEBUG 93785 --- [    Test worker] org.hibernate.type.BasicTypeRegistry     : Adding type registration uuid -> org.hibernate.type.BasicTypeReference@4b00d59
?[0m?[0;34m2024-07-18T17:39:29.575-04:00 DEBUG 93785 --- [    Test worker] org.hibernate.type.BasicTypeRegistry     : Adding type registration java.util.UUID -> org.hibernate.type.BasicTypeReference@4b00d59
?[0m?[0;34m2024-07-18T17:39:29.575-04:00 DEBUG 93785 --- [    Test worker] org.hibernate.type.BasicTypeRegistry     : Adding type registration pg-uuid -> org.hibernate.type.BasicTypeReference@4b00d59
?[0m?[0;34m2024-07-18T17:39:29.576-04:00 DEBUG 93785 --- [    Test worker] org.hibernate.type.BasicTypeRegistry     : Adding type registration uuid-binary -> org.hibernate.type.BasicTypeReference@7c048b30
?[0m?[0;34m2024-07-18T17:39:29.576-04:00 DEBUG 93785 --- [    Test worker] org.hibernate.type.BasicTypeRegistry     : Adding type registration uuid-char -> org.hibernate.type.BasicTypeReference@309cf657
?[0m?[0;34m2024-07-18T17:39:29.576-04:00 DEBUG 93785 --- [    Test worker] org.hibernate.type.BasicTypeRegistry     : Adding type registration class -> org.hibernate.type.BasicTypeReference@4d4c4b14
?[0m?[0;34m2024-07-18T17:39:29.577-04:00 DEBUG 93785 --- [    Test worker] org.hibernate.type.BasicTypeRegistry     : Adding type registration java.lang.Class -> org.hibernate.type.BasicTypeReference@4d4c4b14
?[0m?[0;34m2024-07-18T17:39:29.577-04:00 DEBUG 93785 --- [    Test worker] org.hibernate.type.BasicTypeRegistry     : Adding type registration currency -> org.hibernate.type.BasicTypeReference@49925d21
?[0m?[0;34m2024-07-18T17:39:29.577-04:00 DEBUG 93785 --- [    Test worker] org.hibernate.type.BasicTypeRegistry     : Adding type registration Currency -> org.hibernate.type.BasicTypeReference@49925d21
?[0m?[0;34m2024-07-18T17:39:29.578-04:00 DEBUG 93785 --- [onnection adder] com.zaxxer.hikari.pool.HikariPool        : HikariPool-2 - Added connection conn12: url=jdbc:h2:mem:testdb user=SA
?[0m?[0;34m2024-07-18T17:39:29.578-04:00 DEBUG 93785 --- [    Test worker] org.hibernate.type.BasicTypeRegistry     : Adding type registration java.util.Currency -> org.hibernate.type.BasicTypeReference@49925d21
?[0m?[0;34m2024-07-18T17:39:29.578-04:00 DEBUG 93785 --- [    Test worker] org.hibernate.type.BasicTypeRegistry     : Adding type registration locale -> org.hibernate.type.BasicTypeReference@11170228
?[0m?[0;34m2024-07-18T17:39:29.578-04:00 DEBUG 93785 --- [    Test worker] org.hibernate.type.BasicTypeRegistry     : Adding type registration java.util.Locale -> org.hibernate.type.BasicTypeReference@11170228
?[0m?[0;34m2024-07-18T17:39:29.578-04:00 DEBUG 93785 --- [    Test worker] org.hibernate.type.BasicTypeRegistry     : Adding type registration serializable -> org.hibernate.type.BasicTypeReference@46ee7013
?[0m?[0;34m2024-07-18T17:39:29.579-04:00 DEBUG 93785 --- [    Test worker] org.hibernate.type.BasicTypeRegistry     : Adding type registration java.io.Serializable -> org.hibernate.type.BasicTypeReference@46ee7013
?[0m?[0;34m2024-07-18T17:39:29.579-04:00 DEBUG 93785 --- [    Test worker] org.hibernate.type.BasicTypeRegistry     : Adding type registration timezone -> org.hibernate.type.BasicTypeReference@69d58731
?[0m?[0;34m2024-07-18T17:39:29.579-04:00 DEBUG 93785 --- [    Test worker] org.hibernate.type.BasicTypeRegistry     : Adding type registration java.util.TimeZone -> org.hibernate.type.BasicTypeReference@69d58731
?[0m?[0;34m2024-07-18T17:39:29.580-04:00 DEBUG 93785 --- [    Test worker] org.hibernate.type.BasicTypeRegistry     : Adding type registration ZoneOffset -> org.hibernate.type.BasicTypeReference@3275a47f
?[0m?[0;34m2024-07-18T17:39:29.580-04:00 DEBUG 93785 --- [    Test worker] org.hibernate.type.BasicTypeRegistry     : Adding type registration java.time.ZoneOffset -> org.hibernate.type.BasicTypeReference@3275a47f
?[0m?[0;34m2024-07-18T17:39:29.581-04:00 DEBUG 93785 --- [    Test worker] org.hibernate.type.BasicTypeRegistry     : Adding type registration url -> org.hibernate.type.BasicTypeReference@1b5af65b
?[0m?[0;34m2024-07-18T17:39:29.581-04:00 DEBUG 93785 --- [    Test worker] org.hibernate.type.BasicTypeRegistry     : Adding type registration java.net.URL -> org.hibernate.type.BasicTypeReference@1b5af65b
?[0m?[0;34m2024-07-18T17:39:29.582-04:00 DEBUG 93785 --- [    Test worker] org.hibernate.type.BasicTypeRegistry     : Adding type registration row_version -> org.hibernate.type.BasicTypeReference@2e0163cb
?[0m?[0;34m2024-07-18T17:39:29.582-04:00 DEBUG 93785 --- [    Test worker] org.hibernate.type.BasicTypeRegistry     : Adding type registration dbtimestamp -> org.hibernate.type.DbTimestampType@7af9595d
?[0m?[0;34m2024-07-18T17:39:29.582-04:00 DEBUG 93785 --- [    Test worker] org.hibernate.type.BasicTypeRegistry     : Adding type registration dbtimestamp -> org.hibernate.type.DbTimestampType@7af9595d
?[0m?[0;34m2024-07-18T17:39:29.583-04:00 DEBUG 93785 --- [    Test worker] org.hibernate.type.BasicTypeRegistry     : Adding type registration object -> org.hibernate.type.JavaObjectType@3dea1ecc
?[0m?[0;34m2024-07-18T17:39:29.583-04:00 DEBUG 93785 --- [    Test worker] org.hibernate.type.BasicTypeRegistry     : Adding type registration java.lang.Object -> org.hibernate.type.JavaObjectType@3dea1ecc
?[0m?[0;34m2024-07-18T17:39:29.584-04:00 DEBUG 93785 --- [    Test worker] org.hibernate.type.BasicTypeRegistry     : Adding type registration null -> org.hibernate.type.NullType@6edd4fe2
?[0m?[0;34m2024-07-18T17:39:29.584-04:00 DEBUG 93785 --- [    Test worker] org.hibernate.type.BasicTypeRegistry     : Adding type registration imm_date -> org.hibernate.type.BasicTypeReference@2cc3df02
?[0m?[0;34m2024-07-18T17:39:29.584-04:00 DEBUG 93785 --- [    Test worker] org.hibernate.type.BasicTypeRegistry     : Adding type registration imm_time -> org.hibernate.type.BasicTypeReference@2a3de2b
?[0m?[0;34m2024-07-18T17:39:29.585-04:00 DEBUG 93785 --- [    Test worker] org.hibernate.type.BasicTypeRegistry     : Adding type registration imm_timestamp -> org.hibernate.type.BasicTypeReference@22a9fa23
?[0m?[0;34m2024-07-18T17:39:29.585-04:00 DEBUG 93785 --- [    Test worker] org.hibernate.type.BasicTypeRegistry     : Adding type registration imm_calendar -> org.hibernate.type.BasicTypeReference@7859bd9a
?[0m?[0;34m2024-07-18T17:39:29.585-04:00 DEBUG 93785 --- [    Test worker] org.hibernate.type.BasicTypeRegistry     : Adding type registration imm_calendar_date -> org.hibernate.type.BasicTypeReference@4ad0465c
?[0m?[0;34m2024-07-18T17:39:29.585-04:00 DEBUG 93785 --- [    Test worker] org.hibernate.type.BasicTypeRegistry     : Adding type registration imm_calendar_time -> org.hibernate.type.BasicTypeReference@561e8bab
?[0m?[0;34m2024-07-18T17:39:29.586-04:00 DEBUG 93785 --- [    Test worker] org.hibernate.type.BasicTypeRegistry     : Adding type registration imm_binary -> org.hibernate.type.BasicTypeReference@3b8b1ba9
?[0m?[0;34m2024-07-18T17:39:29.586-04:00 DEBUG 93785 --- [    Test worker] org.hibernate.type.BasicTypeRegistry     : Adding type registration imm_serializable -> org.hibernate.type.BasicTypeReference@e8bd42f
?[0m?[0;34m2024-07-18T17:39:29.588-04:00 DEBUG 93785 --- [    Test worker] o.h.boot.internal.BootstrapContextImpl   : Injecting JPA temp ClassLoader [org.springframework.instrument.classloading.SimpleThrowawayClassLoader@64c009b8] into BootstrapContext; was [null]
?[0m?[0;34m2024-07-18T17:39:29.588-04:00 DEBUG 93785 --- [    Test worker] o.h.boot.internal.ClassLoaderAccessImpl  : ClassLoaderAccessImpl#injectTempClassLoader(org.springframework.instrument.classloading.SimpleThrowawayClassLoader@64c009b8) [was null]
?[0m?[0;34m2024-07-18T17:39:29.588-04:00 DEBUG 93785 --- [    Test worker] o.h.boot.internal.BootstrapContextImpl   : Injecting ScanEnvironment [org.hibernate.jpa.boot.internal.StandardJpaScanEnvironmentImpl@77510da] into BootstrapContext; was [null]
?[0m?[0;34m2024-07-18T17:39:29.588-04:00 DEBUG 93785 --- [    Test worker] o.h.boot.internal.BootstrapContextImpl   : Injecting ScanOptions [org.hibernate.boot.archive.scan.internal.StandardScanOptions@570f96b7] into BootstrapContext; was [org.hibernate.boot.archive.scan.internal.StandardScanOptions@1dec84e3]
?[0m?[0;34m2024-07-18T17:39:29.589-04:00 DEBUG 93785 --- [onnection adder] com.zaxxer.hikari.pool.HikariPool        : HikariPool-2 - Added connection conn13: url=jdbc:h2:mem:testdb user=SA
?[0m?[0;34m2024-07-18T17:39:29.590-04:00 DEBUG 93785 --- [    Test worker] o.h.boot.internal.BootstrapContextImpl   : Injecting JPA temp ClassLoader [null] into BootstrapContext; was [org.springframework.instrument.classloading.SimpleThrowawayClassLoader@64c009b8]
?[0m?[0;34m2024-07-18T17:39:29.590-04:00 DEBUG 93785 --- [    Test worker] o.h.boot.internal.ClassLoaderAccessImpl  : ClassLoaderAccessImpl#injectTempClassLoader(null) [was org.springframework.instrument.classloading.SimpleThrowawayClassLoader@64c009b8]
?[0m?[0;34m2024-07-18T17:39:29.591-04:00 DEBUG 93785 --- [    Test worker] o.h.e.j.e.i.JdbcEnvironmentInitiator     : Database ->
?[0m?[0;34m       name : H2
?[0m?[0;34m    version : 2.1.214 (2022-06-13)
?[0m?[0;34m      major : 2
?[0m?[0;34m      minor : 1
?[0m?[0;34m2024-07-18T17:39:29.592-04:00 DEBUG 93785 --- [    Test worker] o.h.e.j.e.i.JdbcEnvironmentInitiator     : Driver ->
?[0m?[0;34m       name : H2 JDBC Driver
?[0m?[0;34m    version : 2.1.214 (2022-06-13)
?[0m?[0;34m      major : 2
?[0m?[0;34m      minor : 1
?[0m?[0;34m2024-07-18T17:39:29.592-04:00 DEBUG 93785 --- [    Test worker] o.h.e.j.e.i.JdbcEnvironmentInitiator     : JDBC version : 4.2
?[0m?[0;34m2024-07-18T17:39:29.593-04:00  INFO 93785 --- [    Test worker] SQL dialect                              : HHH000400: Using dialect: org.hibernate.dialect.H2Dialect
?[0m?[0;34m2024-07-18T17:39:29.594-04:00 DEBUG 93785 --- [    Test worker] o.h.e.j.env.spi.IdentifierHelperBuilder  : JDBC driver metadata reported database stores quoted identifiers in neither upper, lower nor mixed case
?[0m?[0;34m2024-07-18T17:39:29.595-04:00 DEBUG 93785 --- [    Test worker] o.h.t.d.jdbc.spi.JdbcTypeRegistry        : addDescriptor(NCharTypeDescriptor) replaced previous registration(CharTypeDescriptor)
?[0m?[0;34m2024-07-18T17:39:29.595-04:00 DEBUG 93785 --- [    Test worker] o.h.t.d.jdbc.spi.JdbcTypeRegistry        : addDescriptor(NVarcharTypeDescriptor) replaced previous registration(VarcharTypeDescriptor)
?[0m?[0;34m2024-07-18T17:39:29.595-04:00 DEBUG 93785 --- [    Test worker] o.h.t.d.jdbc.spi.JdbcTypeRegistry        : addDescriptor(LongNVarcharTypeDescriptor) replaced previous registration(LongVarcharTypeDescriptor)
?[0m?[0;34m2024-07-18T17:39:29.595-04:00 DEBUG 93785 --- [    Test worker] o.h.t.d.jdbc.spi.JdbcTypeRegistry        : addDescriptor(NClobTypeDescriptor(DEFAULT)) replaced previous registration(ClobTypeDescriptor(DEFAULT))
?[0m?[0;34m2024-07-18T17:39:29.595-04:00 DEBUG 93785 --- [    Test worker] o.h.t.d.jdbc.spi.JdbcTypeRegistry        : addDescriptor(2005, ClobTypeDescriptor(STREAM_BINDING)) replaced previous registration(ClobTypeDescriptor(DEFAULT))
?[0m?[0;34m2024-07-18T17:39:29.596-04:00 DEBUG 93785 --- [    Test worker] o.h.t.d.jdbc.spi.JdbcTypeRegistry        : addDescriptor(3003, TimestampUtcDescriptor) replaced previous registration(TimestampUtcDescriptor)
?[0m?[0;34m2024-07-18T17:39:29.597-04:00 DEBUG 93785 --- [    Test worker] org.hibernate.type.BasicTypeRegistry     : Adding type registration org.hibernate.type.OffsetDateTimeType -> basicType@18(java.time.OffsetDateTime,93)
?[0m?[0;34m2024-07-18T17:39:29.597-04:00 DEBUG 93785 --- [    Test worker] org.hibernate.type.BasicTypeRegistry     : Adding type registration OffsetDateTime -> basicType@18(java.time.OffsetDateTime,93)
?[0m?[0;34m2024-07-18T17:39:29.597-04:00 DEBUG 93785 --- [    Test worker] org.hibernate.type.BasicTypeRegistry     : Adding type registration java.time.OffsetDateTime -> basicType@18(java.time.OffsetDateTime,93)
?[0m?[0;34m2024-07-18T17:39:29.597-04:00 DEBUG 93785 --- [    Test worker] org.hibernate.type.BasicTypeRegistry     : Adding type registration org.hibernate.type.ZonedDateTimeType -> basicType@19(java.time.ZonedDateTime,93)
?[0m?[0;34m2024-07-18T17:39:29.597-04:00 DEBUG 93785 --- [    Test worker] org.hibernate.type.BasicTypeRegistry     : Adding type registration ZonedDateTime -> basicType@19(java.time.ZonedDateTime,93)
?[0m?[0;34m2024-07-18T17:39:29.597-04:00 DEBUG 93785 --- [    Test worker] org.hibernate.type.BasicTypeRegistry     : Adding type registration java.time.ZonedDateTime -> basicType@19(java.time.ZonedDateTime,93)
?[0m?[0;34m2024-07-18T17:39:29.598-04:00 DEBUG 93785 --- [    Test worker] o.h.type.spi.TypeConfiguration$Scope     : Scoping TypeConfiguration [org.hibernate.type.spi.TypeConfiguration@7985c32f] to MetadataBuildingContext [org.hibernate.boot.internal.MetadataBuildingContextRootImpl@56d9ef05]
?[0m?[0;34m2024-07-18T17:39:29.598-04:00 DEBUG 93785 --- [    Test worker] o.h.boot.model.relational.Namespace      : Created database namespace [logicalName=Name{catalog=null, schema=null}, physicalName=Name{catalog=null, schema=null}]
?[0m?[0;34m2024-07-18T17:39:29.599-04:00 DEBUG 93785 --- [    Test worker] o.h.cfg.annotations.EntityBinder         : Binding entity from annotated class: antifraud.model.User
?[0m?[0;34m2024-07-18T17:39:29.599-04:00 DEBUG 93785 --- [onnection adder] com.zaxxer.hikari.pool.HikariPool        : HikariPool-2 - Added connection conn14: url=jdbc:h2:mem:testdb user=SA
?[0m?[0;34m2024-07-18T17:39:29.600-04:00 DEBUG 93785 --- [    Test worker] org.hibernate.cfg.AnnotatedColumn        : Binding column: DiscriminatorColumn{logicalColumnName'DTYPE', discriminatorTypeName='string'}
?[0m?[0;34m2024-07-18T17:39:29.601-04:00 DEBUG 93785 --- [    Test worker] o.h.cfg.annotations.EntityBinder         : Import with entity name User
?[0m?[0;34m2024-07-18T17:39:29.601-04:00 DEBUG 93785 --- [    Test worker] o.h.cfg.annotations.EntityBinder         : Bind entity antifraud.model.User on table app_user
?[0m?[0;34m2024-07-18T17:39:29.602-04:00 DEBUG 93785 --- [    Test worker] org.hibernate.cfg.AnnotatedColumn        : Binding column: Column{table=Table(app_user), mappingColumn=id, insertable=true, updatable=true, unique=false}
?[0m?[0;34m2024-07-18T17:39:29.603-04:00 DEBUG 93785 --- [    Test worker] o.h.boot.internal.ClassLoaderAccessImpl  : Not known whether passed class name [antifraud.model.User] is safe
?[0m?[0;34m2024-07-18T17:39:29.603-04:00 DEBUG 93785 --- [    Test worker] o.h.boot.internal.ClassLoaderAccessImpl  : No temp ClassLoader provided; using live ClassLoader for loading potentially unsafe class : antifraud.model.User
?[0m?[0;34m2024-07-18T17:39:29.604-04:00 DEBUG 93785 --- [    Test worker] o.h.cfg.annotations.PropertyBinder       : MetadataSourceProcessor property id with lazy=false
?[0m?[0;34m2024-07-18T17:39:29.604-04:00 DEBUG 93785 --- [    Test worker] o.hibernate.cfg.AbstractPropertyHolder   : Attempting to locate auto-apply AttributeConverter for property [antifraud.model.User:id]
?[0m?[0;34m2024-07-18T17:39:29.604-04:00 DEBUG 93785 --- [    Test worker] o.h.cfg.annotations.BasicValueBinder     : building BasicValue for id
?[0m?[0;34m2024-07-18T17:39:29.604-04:00 DEBUG 93785 --- [    Test worker] org.hibernate.mapping.BasicValue         : Skipping column re-registration: app_user.id
?[0m?[0;34m2024-07-18T17:39:29.604-04:00 DEBUG 93785 --- [    Test worker] o.h.cfg.annotations.PropertyBinder       : Building property id
?[0m?[0;34m2024-07-18T17:39:29.605-04:00 DEBUG 93785 --- [    Test worker] org.hibernate.cfg.BinderHelper           : #makeIdGenerator(BasicValue([Column(id)]), id, identity, , ...)
?[0m?[0;34m2024-07-18T17:39:29.605-04:00 DEBUG 93785 --- [    Test worker] org.hibernate.cfg.AnnotatedColumn        : Binding column: Column{table=Table(app_user), mappingColumn=name, insertable=true, updatable=true, unique=false}
?[0m?[0;34m2024-07-18T17:39:29.606-04:00 DEBUG 93785 --- [    Test worker] o.h.cfg.annotations.PropertyBinder       : MetadataSourceProcessor property name with lazy=false
?[0m?[0;34m2024-07-18T17:39:29.606-04:00 DEBUG 93785 --- [    Test worker] o.hibernate.cfg.AbstractPropertyHolder   : Attempting to locate auto-apply AttributeConverter for property [antifraud.model.User:name]
?[0m?[0;34m2024-07-18T17:39:29.606-04:00 DEBUG 93785 --- [    Test worker] o.h.cfg.annotations.BasicValueBinder     : building BasicValue for name
?[0m?[0;34m2024-07-18T17:39:29.606-04:00 DEBUG 93785 --- [    Test worker] org.hibernate.mapping.BasicValue         : Skipping column re-registration: app_user.name
?[0m?[0;34m2024-07-18T17:39:29.607-04:00 DEBUG 93785 --- [    Test worker] o.h.cfg.annotations.PropertyBinder       : Building property name
?[0m?[0;34m2024-07-18T17:39:29.607-04:00 DEBUG 93785 --- [    Test worker] org.hibernate.cfg.AnnotatedColumn        : Binding column: Column{table=Table(app_user), mappingColumn=password, insertable=true, updatable=true, unique=false}
?[0m?[0;34m2024-07-18T17:39:29.607-04:00 DEBUG 93785 --- [    Test worker] o.h.cfg.annotations.PropertyBinder       : MetadataSourceProcessor property password with lazy=false
?[0m?[0;34m2024-07-18T17:39:29.607-04:00 DEBUG 93785 --- [    Test worker] o.hibernate.cfg.AbstractPropertyHolder   : Attempting to locate auto-apply AttributeConverter for property [antifraud.model.User:password]
?[0m?[0;34m2024-07-18T17:39:29.608-04:00 DEBUG 93785 --- [    Test worker] o.h.cfg.annotations.BasicValueBinder     : building BasicValue for password
?[0m?[0;34m2024-07-18T17:39:29.608-04:00 DEBUG 93785 --- [    Test worker] org.hibernate.mapping.BasicValue         : Skipping column re-registration: app_user.password
?[0m?[0;34m2024-07-18T17:39:29.608-04:00 DEBUG 93785 --- [    Test worker] o.h.cfg.annotations.PropertyBinder       : Building property password
?[0m?[0;34m2024-07-18T17:39:29.609-04:00 DEBUG 93785 --- [    Test worker] org.hibernate.cfg.AnnotatedColumn        : Binding column: Column{table=Table(app_user), mappingColumn=username, insertable=true, updatable=true, unique=false}
?[0m?[0;34m2024-07-18T17:39:29.609-04:00 DEBUG 93785 --- [    Test worker] o.h.cfg.annotations.PropertyBinder       : MetadataSourceProcessor property username with lazy=false
?[0m?[0;34m2024-07-18T17:39:29.609-04:00 DEBUG 93785 --- [    Test worker] o.hibernate.cfg.AbstractPropertyHolder   : Attempting to locate auto-apply AttributeConverter for property [antifraud.model.User:username]
?[0m?[0;34m2024-07-18T17:39:29.610-04:00 DEBUG 93785 --- [    Test worker] o.h.cfg.annotations.BasicValueBinder     : building BasicValue for username
?[0m?[0;34m2024-07-18T17:39:29.610-04:00 DEBUG 93785 --- [onnection adder] com.zaxxer.hikari.pool.HikariPool        : HikariPool-2 - Added connection conn15: url=jdbc:h2:mem:testdb user=SA
?[0m?[0;34m2024-07-18T17:39:29.610-04:00 DEBUG 93785 --- [    Test worker] org.hibernate.mapping.BasicValue         : Skipping column re-registration: app_user.username
?[0m?[0;34m2024-07-18T17:39:29.610-04:00 DEBUG 93785 --- [    Test worker] o.h.cfg.annotations.PropertyBinder       : Building property username
?[0m?[0;34m2024-07-18T17:39:29.612-04:00 DEBUG 93785 --- [    Test worker] o.h.cfg.annotations.BasicValueBinder     : Starting `BasicValueBinder#fillSimpleValue` for id
?[0m?[0;34m2024-07-18T17:39:29.612-04:00 DEBUG 93785 --- [    Test worker] o.h.cfg.annotations.BasicValueBinder     : Starting `BasicValueBinder#fillSimpleValue` for name
?[0m?[0;34m2024-07-18T17:39:29.612-04:00 DEBUG 93785 --- [    Test worker] o.h.cfg.annotations.BasicValueBinder     : Starting `BasicValueBinder#fillSimpleValue` for password
?[0m?[0;34m2024-07-18T17:39:29.613-04:00 DEBUG 93785 --- [    Test worker] o.h.cfg.annotations.BasicValueBinder     : Starting `BasicValueBinder#fillSimpleValue` for username
?[0m?[0;34m2024-07-18T17:39:29.613-04:00 DEBUG 93785 --- [    Test worker] org.hibernate.mapping.PrimaryKey         : Forcing column [id] to be non-null as it is part of the primary key for table [app_user]
?[0m?[0;34m2024-07-18T17:39:29.616-04:00 DEBUG 93785 --- [    Test worker] o.hibernate.internal.SessionFactoryImpl  : Building session factory
?[0m?[0;34m2024-07-18T17:39:29.617-04:00 DEBUG 93785 --- [    Test worker] .h.s.i.SessionFactoryServiceRegistryImpl : EventListenerRegistry access via ServiceRegistry is deprecated.  Use `sessionFactory.getEventEngine().getListenerRegistry()` instead
?[0m?[0;34m2024-07-18T17:39:29.617-04:00 DEBUG 93785 --- [    Test worker] o.hibernate.internal.SessionFactoryImpl  : Session factory constructed with filter configurations : {}
?[0m?[0;34m2024-07-18T17:39:29.618-04:00 DEBUG 93785 --- [    Test worker] o.hibernate.internal.SessionFactoryImpl  : Instantiating session factory with properties: {java.specification.version=17, hibernate.resource.beans.container=org.springframework.orm.hibernate5.SpringBeanContainer@4fa2991, hibernate.connection.handling_mode=DELAYED_ACQUISITION_AND_HOLD, sun.jnu.encoding=UTF-8, hibernate.dialect=org.hibernate.dialect.H2Dialect, org.gradle.test.worker=5, hibernate.implicit_naming_strategy=org.springframework.boot.orm.jpa.hibernate.SpringImplicitNamingStrategy, java.class.path=/Users/CarmenLaptop/.gradle/caches/7.6/workerMain/gradle-worker.jar:/Users/CarmenLaptop/Desktop/coding/Anti-Fraud System/Anti-Fraud System/task/build/classes/java/test:/Users/CarmenLaptop/Desktop/coding/Anti-Fraud System/Anti-Fraud System/task/build/classes/java/main:/Users/CarmenLaptop/Desktop/coding/Anti-Fraud System/Anti-Fraud System/task/build/resources/main:/Users/CarmenLaptop/.gradle/caches/modules-2/files-2.1/org.springframework.boot/spring-boot-starter-actuator/3.0.2/7d884d7edd505b6d419e86cfaa90c6ec7e847cc7/spring-boot-starter-actuator-3.0.2.jar:/Users/CarmenLaptop/.gradle/caches/modules-2/files-2.1/org.springframework.boot/spring-boot-starter-web/3.0.2/3f6a2cb4cb11bac3611f5a95e234589eb190dd29/spring-boot-starter-web-3.0.2.jar:/Users/CarmenLaptop/.gradle/caches/modules-2/files-2.1/org.springframework.boot/spring-boot-starter-security/3.0.2/9482177b76f34717dc85b20c650ab1248005ebb4/spring-boot-starter-security-3.0.2.jar:/Users/CarmenLaptop/.gradle/caches/modules-2/files-2.1/org.springframework.boot/spring-boot-starter-validation/3.0.2/19c672463a693c8a3cecaf458cd7e69f2971eea7/spring-boot-starter-validation-3.0.2.jar:/Users/CarmenLaptop/.gradle/caches/modules-2/files-2.1/org.springframework.boot/spring-boot-starter-json/3.0.2/11b9a2903af9014696d2576605bb73e8bca6ee19/spring-boot-starter-json-3.0.2.jar:/Users/CarmenLaptop/.gradle/caches/modules-2/files-2.1/org.springframework.boot/spring-boot-starter-data-jpa/3.0.2/fc0dbe82effb33d3d89b4cf2ec6b7968ad2af558/spring-boot-starter-data-jpa-3.0.2.jar:/Users/CarmenLaptop/.gradle/caches/modules-2/files-2.1/org.springframework.boot/spring-boot-starter-aop/3.0.2/cfb3ff6a7f8d47c9703f140387f39a837b81ab52/spring-boot-starter-aop-3.0.2.jar:/Users/CarmenLaptop/.gradle/caches/modules-2/files-2.1/org.springframework.boot/spring-boot-starter-jdbc/3.0.2/662285456edce14301de88fc0ab4937643a51b50/spring-boot-starter-jdbc-3.0.2.jar:/Users/CarmenLaptop/.gradle/caches/modules-2/files-2.1/org.springframework.boot/spring-boot-starter/3.0.2/a9426629b5a83ad64fbe4e1d24081cccf4cdab14/spring-boot-starter-3.0.2.jar:/Users/CarmenLaptop/.gradle/caches/modules-2/files-2.1/com.h2database/h2/2.1.214/d5c2005c9e3279201e12d4776c948578b16bf8b2/h2-2.1.214.jar:/Users/CarmenLaptop/.gradle/caches/modules-2/files-2.1/org.hibernate.validator/hibernate-validator/8.0.0.Final/8e0389f22a3a246915a3311877da4168256b95d2/hibernate-validator-8.0.0.Final.jar:/Users/CarmenLaptop/.gradle/caches/modules-2/files-2.1/jakarta.validation/jakarta.validation-api/2.0.2/5eacc6522521f7eacb081f95cee1e231648461e7/jakarta.validation-api-2.0.2.jar:/Users/CarmenLaptop/.gradle/caches/modules-2/files-2.1/javax.servlet/javax.servlet-api/3.1.0/3cd63d075497751784b2fa84be59432f4905bf7c/javax.servlet-api-3.1.0.jar:/Users/CarmenLaptop/.gradle/caches/modules-2/files-2.1/org.hibernate.orm/hibernate-core/6.1.6.Final/e2ff7dfc50d16377da7bedbf48a0a2e9db30ac66/hibernate-core-6.1.6.Final.jar:/Users/CarmenLaptop/.gradle/caches/modules-2/files-2.1/jakarta.persistence/jakarta.persistence-api/3.0.0/affc7884a85b6876d438a88b5d21ea29b1cc2dd8/jakarta.persistence-api-3.0.0.jar:/Users/CarmenLaptop/.gradle/caches/modules-2/files-2.1/com.github.hyperskill/hs-test/release-SNAPSHOT/bdee3c9f26ed2d246faa9890c328d426d37c3f08/hs-test-release-SNAPSHOT.jar:/Users/CarmenLaptop/.gradle/caches/modules-2/files-2.1/org.springframework.boot/spring-boot-actuator-autoconfigure/3.0.2/93b5dc38805cc247ae5f1eb4612fe06a12930184/spring-boot-actuator-autoconfigure-3.0.2.jar:/Users/CarmenLaptop/.gradle/caches/modules-2/files-2.1/org.springframework.boot/spring-boot-autoconfigure/3.0.2/42ad589ec930e05a2ed702a4940955ff97b16a8c/spring-boot-autoconfigure-3.0.2.jar:/Users/CarmenLaptop/.gradle/caches/modules-2/files-2.1/org.springframework.boot/spring-boot-actuator/3.0.2/24a6ef47c1eab1e010a2cba0b9877f0d2a515354/spring-boot-actuator-3.0.2.jar:/Users/CarmenLaptop/.gradle/caches/modules-2/files-2.1/org.springframework.boot/spring-boot/3.0.2/69d2e0a07f7df180a4aacdc47c47a3db656857dc/spring-boot-3.0.2.jar:/Users/CarmenLaptop/.gradle/caches/modules-2/files-2.1/org.springframework.boot/spring-boot-starter-logging/3.0.2/1c5c71058a0297534d5c5f33a5d125bbbdb6a390/spring-boot-starter-logging-3.0.2.jar:/Users/CarmenLaptop/.gradle/caches/modules-2/files-2.1/org.springframework.boot/spring-boot-starter-tomcat/3.0.2/4d50f0cdcb4b8f74221ae823dd77c18290473045/spring-boot-starter-tomcat-3.0.2.jar:/Users/CarmenLaptop/.gradle/caches/modules-2/files-2.1/org.springframework.data/spring-data-jpa/3.0.1/96f4ea7c780b6c902f83f4fd3c98dffe3ac5fbec/spring-data-jpa-3.0.1.jar:/Users/CarmenLaptop/.gradle/caches/modules-2/files-2.1/jakarta.annotation/jakarta.annotation-api/2.1.1/48b9bda22b091b1f48b13af03fe36db3be6e1ae3/jakarta.annotation-api-2.1.1.jar:/Users/CarmenLaptop/.gradle/caches/modules-2/files-2.1/org.springframework/spring-webmvc/6.0.4/84ee8a9107480c92186ef8216ba0e1dca6ee1665/spring-webmvc-6.0.4.jar:/Users/CarmenLaptop/.gradle/caches/modules-2/files-2.1/org.springframework.security/spring-security-web/6.0.1/3f0c00dcddb23941983f844cad3221141f1b873a/spring-security-web-6.0.1.jar:/Users/CarmenLaptop/.gradle/caches/modules-2/files-2.1/org.springframework/spring-web/6.0.4/de18e3e75a0e56534d9df5978bd2f43f950e1b4a/spring-web-6.0.4.jar:/Users/CarmenLaptop/.gradle/caches/modules-2/files-2.1/org.springframework.security/spring-security-config/6.0.1/30cbecc3573f430aa2fc25f5f6be5c1662184efe/spring-security-config-6.0.1.jar:/Users/CarmenLaptop/.gradle/caches/modules-2/files-2.1/org.springframework.security/spring-security-core/6.0.1/7d54b69c31cee7ff8d68dfb852cd904ed65af3cd/spring-security-core-6.0.1.jar:/Users/CarmenLaptop/.gradle/caches/modules-2/files-2.1/org.springframework/spring-context/6.0.4/4fffcbb7eb4f1e9f1a4c9d3ca60098f7c063fc05/spring-context-6.0.4.jar:/Users/CarmenLaptop/.gradle/caches/modules-2/files-2.1/org.springframework/spring-aop/6.0.4/c47b65c09a5a6fc41293b6aa981fcbe24a3adcd0/spring-aop-6.0.4.jar:/Users/CarmenLaptop/.gradle/caches/modules-2/files-2.1/org.springframework/spring-orm/6.0.4/c9958d0879bdc05f7221c0b49d90a1b8825da540/spring-orm-6.0.4.jar:/Users/CarmenLaptop/.gradle/caches/modules-2/files-2.1/org.springframework/spring-jdbc/6.0.4/97304a02dec542762c19a7b39e1124f1714f7be9/spring-jdbc-6.0.4.jar:/Users/CarmenLaptop/.gradle/caches/modules-2/files-2.1/org.springframework.data/spring-data-commons/3.0.1/a748e9d73fe23bec3a8604c68da74446a887d59/spring-data-commons-3.0.1.jar:/Users/CarmenLaptop/.gradle/caches/modules-2/files-2.1/org.springframework/spring-tx/6.0.4/f8a50c2547179328a5f2202591d6341e3cbf1708/spring-tx-6.0.4.jar:/Users/CarmenLaptop/.gradle/caches/modules-2/files-2.1/org.springframework/spring-beans/6.0.4/7d903607ecfcdefccd0d48aea8724632479b3e83/spring-beans-6.0.4.jar:/Users/CarmenLaptop/.gradle/caches/modules-2/files-2.1/org.springframework/spring-expression/6.0.4/a908e6d3c46fcd6b58221d8427bbaf284bbbee0c/spring-expression-6.0.4.jar:/Users/CarmenLaptop/.gradle/caches/modules-2/files-2.1/org.springframework/spring-core/6.0.4/8e24ad493887023cf5fac93541c72516f8ed9f6a/spring-core-6.0.4.jar:/Users/CarmenLaptop/.gradle/caches/modules-2/files-2.1/org.yaml/snakeyaml/1.33/2cd0a87ff7df953f810c344bdf2fe3340b954c69/snakeyaml-1.33.jar:/Users/CarmenLaptop/.gradle/caches/modules-2/files-2.1/io.micrometer/micrometer-core/1.10.3/278d3ce3ec0032829291ed88096831ae7be1054a/micrometer-core-1.10.3.jar:/Users/CarmenLaptop/.gradle/caches/modules-2/files-2.1/io.micrometer/micrometer-observation/1.10.3/32cc59dc8b5f00fba9fa88b7139898b0f7905db7/micrometer-observation-1.10.3.jar:/Users/CarmenLaptop/.gradle/caches/modules-2/files-2.1/org.springframework/spring-aspects/6.0.4/5baf7a2260278ca9748be9dd8278d6519ff2da00/spring-aspects-6.0.4.jar:/Users/CarmenLaptop/.gradle/caches/modules-2/files-2.1/org.apache.tomcat.embed/tomcat-embed-el/10.1.5/c125df13af42a0fc0cd342370449b1276181e2a1/tomcat-embed-el-10.1.5.jar:/Users/CarmenLaptop/.gradle/caches/modules-2/files-2.1/com.mysql/mysql-connector-j/8.0.32/41ec3f8cdaccf6c46a47d7cd628eeb59a926d9d4/mysql-connector-j-8.0.32.jar:/Users/CarmenLaptop/.gradle/caches/modules-2/files-2.1/org.assertj/assertj-swing-junit/3.17.1/cd7965b9f5abe57b5f9ef0f7058fd06cd7772dca/assertj-swing-junit-3.17.1.jar:/Users/CarmenLaptop/.gradle/caches/modules-2/files-2.1/junit/junit/4.13.2/8ac9e16d933b6fb43bc7f576336b8f4d7eb5ba12/junit-4.13.2.jar:/Users/CarmenLaptop/.gradle/caches/modules-2/files-2.1/org.apache.httpcomponents/httpclient/4.5.14/1194890e6f56ec29177673f2f12d0b8e627dec98/httpclient-4.5.14.jar:/Users/CarmenLaptop/.gradle/caches/modules-2/files-2.1/com.google.code.gson/gson/2.9.1/2cc2131b98ebfb04e2b2c7dfb84431f4045096b/gson-2.9.1.jar:/Users/CarmenLaptop/.gradle/caches/modules-2/files-2.1/ch.qos.logback/logback-classic/1.4.5/28e7dc0b208d6c3f15beefd73976e064b4ecfa9b/logback-classic-1.4.5.jar:/Users/CarmenLaptop/.gradle/caches/modules-2/files-2.1/org.apache.logging.log4j/log4j-to-slf4j/2.19.0/30f4812e43172ecca5041da2cb6b965cc4777c19/log4j-to-slf4j-2.19.0.jar:/Users/CarmenLaptop/.gradle/caches/modules-2/files-2.1/org.slf4j/jul-to-slf4j/2.0.6/c4d348977a83a0bfcf42fd6fd1fee6e7904f1a0c/jul-to-slf4j-2.0.6.jar:/Users/CarmenLaptop/.gradle/caches/modules-2/files-2.1/org.springframework/spring-jcl/6.0.4/2d6523d00fc40cdb2c2f409113447940d2c872b5/spring-jcl-6.0.4.jar:/Users/CarmenLaptop/.gradle/caches/modules-2/files-2.1/com.fasterxml.jackson.datatype/jackson-datatype-jdk8/2.14.1/da194197d187bf24a8699514344ebf0abd7c342a/jackson-datatype-jdk8-2.14.1.jar:/Users/CarmenLaptop/.gradle/caches/modules-2/files-2.1/com.fasterxml.jackson.module/jackson-module-parameter-names/2.14.1/2e05a86dba3d4b05074b6a313c4d5b7ff844c8dd/jackson-module-parameter-names-2.14.1.jar:/Users/CarmenLaptop/.gradle/caches/modules-2/files-2.1/com.fasterxml.jackson.core/jackson-annotations/2.14.1/2a6ad504d591a7903ffdec76b5b7252819a2d162/jackson-annotations-2.14.1.jar:/Users/CarmenLaptop/.gradle/caches/modules-2/files-2.1/com.fasterxml.jackson.core/jackson-core/2.14.1/7a07bc535ccf0b7f6929c4d0f2ab9b294ef7c4a3/jackson-core-2.14.1.jar:/Users/CarmenLaptop/.gradle/caches/modules-2/files-2.1/com.fasterxml.jackson.datatype/jackson-datatype-jsr310/2.14.1/f24e8cb1437e05149b7a3049ebd6700f42e664b1/jackson-datatype-jsr310-2.14.1.jar:/Users/CarmenLaptop/.gradle/caches/modules-2/files-2.1/com.fasterxml.jackson.core/jackson-databind/2.14.1/268524b9056cae1211b9f1f52560ef19347f4d17/jackson-databind-2.14.1.jar:/Users/CarmenLaptop/.gradle/caches/modules-2/files-2.1/io.micrometer/micrometer-commons/1.10.3/334080a1a6b849d09d3ef96d7b243fc3c16b2e5a/micrometer-commons-1.10.3.jar:/Users/CarmenLaptop/.gradle/caches/modules-2/files-2.1/org.hdrhistogram/HdrHistogram/2.1.12/6eb7552156e0d517ae80cc2247be1427c8d90452/HdrHistogram-2.1.12.jar:/Users/CarmenLaptop/.gradle/caches/modules-2/files-2.1/org.latencyutils/LatencyUtils/2.0.3/769c0b82cb2421c8256300e907298a9410a2a3d3/LatencyUtils-2.0.3.jar:/Users/CarmenLaptop/.gradle/caches/modules-2/files-2.1/org.apache.tomcat.embed/tomcat-embed-websocket/10.1.5/14529cbd593571dc9029272ddc9166b5ef113fc2/tomcat-embed-websocket-10.1.5.jar:/Users/CarmenLaptop/.gradle/caches/modules-2/files-2.1/org.apache.tomcat.embed/tomcat-embed-core/10.1.5/21417d3ef8189e2af05aae0a765ad9204d7211b5/tomcat-embed-core-10.1.5.jar:/Users/CarmenLaptop/.gradle/caches/modules-2/files-2.1/org.aspectj/aspectjweaver/1.9.19/afbffb1210239fbba5cad73093c5b216d515838f/aspectjweaver-1.9.19.jar:/Users/CarmenLaptop/.gradle/caches/modules-2/files-2.1/com.zaxxer/HikariCP/5.0.1/a74c7f0a37046846e88d54f7cb6ea6d565c65f9c/HikariCP-5.0.1.jar:/Users/CarmenLaptop/.gradle/caches/modules-2/files-2.1/jakarta.transaction/jakarta.transaction-api/2.0.1/51a520e3fae406abb84e2e1148e6746ce3f80a1a/jakarta.transaction-api-2.0.1.jar:/Users/CarmenLaptop/.gradle/caches/modules-2/files-2.1/org.jboss.logging/jboss-logging/3.5.0.Final/c19307cc11f28f5e2679347e633a3294d865334d/jboss-logging-3.5.0.Final.jar:/Users/CarmenLaptop/.gradle/caches/modules-2/files-2.1/org.hibernate.common/hibernate-commons-annotations/6.0.2.Final/fa5a14ef3d2e5c3c99b53a4bef756a3268d69187/hibernate-commons-annotations-6.0.2.Final.jar:/Users/CarmenLaptop/.gradle/caches/modules-2/files-2.1/org.jboss/jandex/2.4.2.Final/1e1c385990b258ff1a24c801e84aebbacf70eb39/jandex-2.4.2.Final.jar:/Users/CarmenLaptop/.gradle/caches/modules-2/files-2.1/com.fasterxml/classmate/1.5.1/3fe0bed568c62df5e89f4f174c101eab25345b6c/classmate-1.5.1.jar:/Users/CarmenLaptop/.gradle/caches/modules-2/files-2.1/org.assertj/assertj-swing/3.17.1/9b920f1edbd694d39a0fc212ad26ae3a79247305/assertj-swing-3.17.1.jar:/Users/CarmenLaptop/.gradle/caches/modules-2/files-2.1/org.assertj/assertj-core/3.23.1/d2bb60570f5b3d7ffa8f8000118c9c07b86eca93/assertj-core-3.23.1.jar:/Users/CarmenLaptop/.gradle/caches/modules-2/files-2.1/net.bytebuddy/byte-buddy/1.12.22/984e536b4f3fb668b21f15b90c1e8704292d4bdd/byte-buddy-1.12.22.jar:/Users/CarmenLaptop/.gradle/caches/modules-2/files-2.1/org.glassfish.jaxb/jaxb-runtime/4.0.1/7abfa1ee788a8f090dc598c45876ef068731e72b/jaxb-runtime-4.0.1.jar:/Users/CarmenLaptop/.gradle/caches/modules-2/files-2.1/org.glassfish.jaxb/jaxb-core/4.0.1/b4707bb31dfcf54ae424b930741f0cd62d672af9/jaxb-core-4.0.1.jar:/Users/CarmenLaptop/.gradle/caches/modules-2/files-2.1/jakarta.xml.bind/jakarta.xml.bind-api/4.0.0/bbb399208d288b15ec101fa4fcfc4bd77cedc97a/jakarta.xml.bind-api-4.0.0.jar:/Users/CarmenLaptop/.gradle/caches/modules-2/files-2.1/jakarta.inject/jakarta.inject-api/2.0.0/46fc8560b6fd17b78396d88f39c1a730457671f0/jakarta.inject-api-2.0.0.jar:/Users/CarmenLaptop/.gradle/caches/modules-2/files-2.1/org.antlr/antlr4-runtime/4.10.1/10839f875928f59c622d675091d51a43ea0dc5f7/antlr4-runtime-4.10.1.jar:/Users/CarmenLaptop/.gradle/caches/modules-2/files-2.1/org.slf4j/slf4j-api/2.0.6/88c40d8b4f33326f19a7d3c0aaf2c7e8721d4953/slf4j-api-2.0.6.jar:/Users/CarmenLaptop/.gradle/caches/modules-2/files-2.1/org.hamcrest/hamcrest-core/2.2/3f2bd07716a31c395e2837254f37f21f0f0ab24b/hamcrest-core-2.2.jar:/Users/CarmenLaptop/.gradle/caches/modules-2/files-2.1/org.easytesting/fest-reflect/1.4.1/2b92d5275e92a49e16c7ce6bd7e46b9080db0530/fest-reflect-1.4.1.jar:/Users/CarmenLaptop/.gradle/caches/modules-2/files-2.1/org.apache.httpcomponents/httpcore/4.4.16/51cf043c87253c9f58b539c9f7e44c8894223850/httpcore-4.4.16.jar:/Users/CarmenLaptop/.gradle/caches/modules-2/files-2.1/commons-codec/commons-codec/1.15/49d94806b6e3dc933dacbd8acb0fdbab8ebd1e5d/commons-codec-1.15.jar:/Users/CarmenLaptop/.gradle/caches/modules-2/files-2.1/ch.qos.logback/logback-core/1.4.5/e9bb2ea70f84401314da4300343b0a246c8954da/logback-core-1.4.5.jar:/Users/CarmenLaptop/.gradle/caches/modules-2/files-2.1/org.apache.logging.log4j/log4j-api/2.19.0/ea1b37f38c327596b216542bc636cfdc0b8036fa/log4j-api-2.19.0.jar:/Users/CarmenLaptop/.gradle/caches/modules-2/files-2.1/org.springframework.security/spring-security-crypto/6.0.1/2384513fec136174d4be8ebaf3a2cf9aecef5416/spring-security-crypto-6.0.1.jar:/Users/CarmenLaptop/.gradle/caches/modules-2/files-2.1/org.eclipse.angus/angus-activation/1.0.0/f0ceddd49f92109fbfad9125e958f5bfd3f2aa1/angus-activation-1.0.0.jar:/Users/CarmenLaptop/.gradle/caches/modules-2/files-2.1/jakarta.activation/jakarta.activation-api/2.1.1/88c774ab863a21fb2fc4219af95379fafe499a31/jakarta.activation-api-2.1.1.jar:/Users/CarmenLaptop/.gradle/caches/modules-2/files-2.1/org.hamcrest/hamcrest/2.2/1820c0968dba3a11a1b30669bb1f01978a91dedc/hamcrest-2.2.jar:/Users/CarmenLaptop/.gradle/caches/modules-2/files-2.1/org.easytesting/fest-util/1.2.5/c4a8d7305b23b8d043be12c979813b096df11f44/fest-util-1.2.5.jar:/Users/CarmenLaptop/.gradle/caches/modules-2/files-2.1/org.glassfish.jaxb/txw2/4.0.1/797720dfe2e15504f6014fb82eb873051a653c75/txw2-4.0.1.jar:/Users/CarmenLaptop/.gradle/caches/modules-2/files-2.1/com.sun.istack/istack-commons-runtime/4.1.1/9b3769c76235bc283b060da4fae2318c6d53f07e/istack-commons-runtime-4.1.1.jar, java.vm.vendor=JetBrains s.r.o., sun.arch.data.model=64, user.variant=, java.vendor.url=https://openjdk.java.net/, catalina.useNaming=false, user.timezone=America/New_York, jakarta.persistence.sharedCache.mode=UNSPECIFIED, org.jboss.logging.provider=slf4j, java.vm.specification.version=17, os.name=Mac OS X, javax.persistence.validation.mode=AUTO, jakarta.persistence.nonJtaDataSource=HikariDataSource (HikariPool-2), user.country=US, sun.java.launcher=SUN_STANDARD, sun.boot.library.path=/Applications/IntelliJ IDEA.app/Contents/jbr/Contents/Home/lib, sun.java.command=worker.org.gradle.process.internal.worker.GradleWorkerMain 'Gradle Test Executor 5', javax.persistence.nonJtaDataSource=HikariDataSource (HikariPool-2), hibernate.transaction.jta.platform=org.hibernate.engine.transaction.jta.platform.internal.NoJtaPlatform@53b10e9a, http.nonProxyHosts=local|*.local|169.254/16|*.169.254/16, javax.persistence.sharedCache.mode=UNSPECIFIED, jdk.debug=release, sun.cpu.endian=little, user.home=/Users/CarmenLaptop, user.language=en, java.specification.vendor=Oracle Corporation, org.gradle.native=false, java.version.date=2024-04-16, java.home=/Applications/IntelliJ IDEA.app/Contents/jbr/Contents/Home, file.separator=/, java.vm.compressedOopsMode=Zero based, line.separator=
?[0m?[0;34m, hibernate.persistenceUnitName=default, java.vm.specification.vendor=Oracle Corporation, java.specification.name=Java Platform API Specification, intellij.os.virtualization=none, FILE_LOG_CHARSET=UTF-8, hibernate.transaction.coordinator_class=class org.hibernate.resource.transaction.backend.jdbc.internal.JdbcResourceLocalTransactionCoordinatorBuilderImpl, java.awt.headless=true, jbr.virtualization.information=No virtualization detected, jakarta.persistence.validation.mode=AUTO, hibernate.hbm2ddl.auto=update, sun.management.compiler=HotSpot 64-Bit Tiered Compilers, ftp.nonProxyHosts=local|*.local|169.254/16|*.169.254/16, java.runtime.version=17.0.11+1-b1207.24, user.name=CarmenLaptop, path.separator=:, os.version=13.6.7, java.runtime.name=OpenJDK Runtime Environment, file.encoding=UTF-8, java.vm.name=OpenJDK 64-Bit Server VM, java.vendor.version=JBR-17.0.11+1-1207.24-jcef, java.vendor.url.bug=https://bugreport.java.com/bugreport/, java.io.tmpdir=/var/folders/jl/1w_rb7pj48g7kk6k9z3c97fw0000gp/T/, com.zaxxer.hikari.pool_number=1, catalina.home=/private/var/folders/jl/1w_rb7pj48g7kk6k9z3c97fw0000gp/T/tomcat.28852.866771147919001665, java.version=17.0.11, hibernate.physical_naming_strategy=org.hibernate.boot.model.naming.CamelCaseToUnderscoresNamingStrategy, user.dir=/Users/CarmenLaptop/Desktop/coding/Anti-Fraud System/Anti-Fraud System/task, os.arch=x86_64, java.vm.specification.name=Java Virtual Machine Specification, PID=93785, org.gradle.internal.worker.tmpdir=/Users/CarmenLaptop/Desktop/coding/Anti-Fraud System/Anti-Fraud System/task/build/tmp/test/work, CONSOLE_LOG_CHARSET=UTF-8, catalina.base=/private/var/folders/jl/1w_rb7pj48g7kk6k9z3c97fw0000gp/T/tomcat.28852.866771147919001665, hibernate.boot.CfgXmlAccessService.key=org.hibernate.boot.registry.StandardServiceRegistryBuilder$1@4a89722e, native.encoding=UTF-8, java.library.path=/Users/CarmenLaptop/Library/Java/Extensions:/Library/Java/Extensions:/Network/Library/Java/Extensions:/System/Library/Java/Extensions:/usr/lib/java:., java.vendor=JetBrains s.r.o., java.vm.info=mixed mode, java.vm.version=17.0.11+1-b1207.24, hibernate.bytecode.use_reflection_optimizer=false, sun.io.unicode.encoding=UnicodeBig, hibernate.archive.scanner=org.hibernate.boot.archive.scan.internal.DisabledScanner, hibernate.connection.datasource=HikariDataSource (HikariPool-2), socksNonProxyHosts=local|*.local|169.254/16|*.169.254/16, java.class.version=61.0}
?[0m?[0;34m2024-07-18T17:39:29.620-04:00 DEBUG 93785 --- [    Test worker] o.hibernate.internal.SessionFactoryImpl  : Instantiated session factory
?[0m?[0;34m2024-07-18T17:39:29.620-04:00 DEBUG 93785 --- [    Test worker] org.hibernate.orm.query.plan.cache       : Starting QueryPlanCache(2048)
?[0m?[0;34m2024-07-18T17:39:29.621-04:00 DEBUG 93785 --- [onnection adder] com.zaxxer.hikari.pool.HikariPool        : HikariPool-2 - Added connection conn16: url=jdbc:h2:mem:testdb user=SA
?[0m?[0;34m2024-07-18T17:39:29.621-04:00 DEBUG 93785 --- [    Test worker] o.h.q.sqm.function.SqmFunctionRegistry   : Registered SqmFunctionTemplate [NamedSqmFunctionTemplate(max)] under max; prior registration was null
?[0m?[0;34m2024-07-18T17:39:29.621-04:00 DEBUG 93785 --- [    Test worker] o.h.q.sqm.function.SqmFunctionRegistry   : Registered SqmFunctionTemplate [NamedSqmFunctionTemplate(min)] under min; prior registration was null
?[0m?[0;34m2024-07-18T17:39:29.626-04:00 DEBUG 93785 --- [    Test worker] o.h.q.sqm.function.SqmFunctionRegistry   : Registered SqmFunctionTemplate [NamedSqmFunctionTemplate(sum)] under sum; prior registration was null
?[0m?[0;34m2024-07-18T17:39:29.626-04:00 DEBUG 93785 --- [    Test worker] o.h.q.sqm.function.SqmFunctionRegistry   : Registered SqmFunctionTemplate [NamedSqmFunctionTemplate(avg)] under avg; prior registration was null
?[0m?[0;34m2024-07-18T17:39:29.626-04:00 DEBUG 93785 --- [    Test worker] o.h.q.sqm.function.SqmFunctionRegistry   : Registered SqmFunctionTemplate [org.hibernate.dialect.function.CountFunction@7475f071] under count; prior registration was null
?[0m?[0;34m2024-07-18T17:39:29.627-04:00 DEBUG 93785 --- [    Test worker] o.h.q.sqm.function.SqmFunctionRegistry   : Registered SqmFunctionTemplate [org.hibernate.dialect.function.EveryAnyEmulation@2116e9cf] under every; prior registration was null
?[0m?[0;34m2024-07-18T17:39:29.627-04:00 DEBUG 93785 --- [    Test worker] o.h.q.sqm.function.SqmFunctionRegistry   : Registered SqmFunctionTemplate [org.hibernate.dialect.function.EveryAnyEmulation@7a88e6a9] under any; prior registration was null
?[0m?[0;34m2024-07-18T17:39:29.627-04:00 DEBUG 93785 --- [    Test worker] o.h.q.sqm.function.SqmFunctionRegistry   : Registered SqmFunctionTemplate [NamedSqmFunctionTemplate(round)] under round; prior registration was null
?[0m?[0;34m2024-07-18T17:39:29.628-04:00 DEBUG 93785 --- [    Test worker] o.h.q.sqm.function.SqmFunctionRegistry   : Registered SqmFunctionTemplate [NamedSqmFunctionTemplate(floor)] under floor; prior registration was null
?[0m?[0;34m2024-07-18T17:39:29.628-04:00 DEBUG 93785 --- [    Test worker] o.h.q.sqm.function.SqmFunctionRegistry   : Registered SqmFunctionTemplate [NamedSqmFunctionTemplate(ceiling)] under ceiling; prior registration was null
?[0m?[0;34m2024-07-18T17:39:29.628-04:00 DEBUG 93785 --- [    Test worker] o.h.q.sqm.function.SqmFunctionRegistry   : Registered SqmFunctionTemplate [NamedSqmFunctionTemplate(mod)] under mod; prior registration was null
?[0m?[0;34m2024-07-18T17:39:29.629-04:00 DEBUG 93785 --- [    Test worker] o.h.q.sqm.function.SqmFunctionRegistry   : Registered SqmFunctionTemplate [NamedSqmFunctionTemplate(abs)] under abs; prior registration was null
?[0m?[0;34m2024-07-18T17:39:29.629-04:00 DEBUG 93785 --- [    Test worker] o.h.q.sqm.function.SqmFunctionRegistry   : Registered SqmFunctionTemplate [NamedSqmFunctionTemplate(sign)] under sign; prior registration was null
?[0m?[0;34m2024-07-18T17:39:29.629-04:00 DEBUG 93785 --- [    Test worker] o.h.q.sqm.function.SqmFunctionRegistry   : Registered SqmFunctionTemplate [NamedSqmFunctionTemplate(sqrt)] under sqrt; prior registration was null
?[0m?[0;34m2024-07-18T17:39:29.631-04:00 DEBUG 93785 --- [    Test worker] o.h.q.sqm.function.SqmFunctionRegistry   : Registered SqmFunctionTemplate [NamedSqmFunctionTemplate(ln)] under ln; prior registration was null
?[0m?[0;34m2024-07-18T17:39:29.631-04:00 DEBUG 93785 --- [    Test worker] o.h.q.sqm.function.SqmFunctionRegistry   : Registered SqmFunctionTemplate [NamedSqmFunctionTemplate(exp)] under exp; prior registration was null
?[0m?[0;34m2024-07-18T17:39:29.632-04:00 DEBUG 93785 --- [onnection adder] com.zaxxer.hikari.pool.HikariPool        : HikariPool-2 - Added connection conn17: url=jdbc:h2:mem:testdb user=SA
?[0m?[0;34m2024-07-18T17:39:29.632-04:00 DEBUG 93785 --- [    Test worker] o.h.q.sqm.function.SqmFunctionRegistry   : Registered SqmFunctionTemplate [NamedSqmFunctionTemplate(power)] under power; prior registration was null
?[0m?[0;34m2024-07-18T17:39:29.633-04:00 DEBUG 93785 --- [    Test worker] o.h.q.sqm.function.SqmFunctionRegistry   : Registered SqmFunctionTemplate [NamedSqmFunctionTemplate(sin)] under sin; prior registration was null
?[0m?[0;34m2024-07-18T17:39:29.634-04:00 DEBUG 93785 --- [    Test worker] o.h.q.sqm.function.SqmFunctionRegistry   : Registered SqmFunctionTemplate [NamedSqmFunctionTemplate(cos)] under cos; prior registration was null
?[0m?[0;34m2024-07-18T17:39:29.634-04:00 DEBUG 93785 --- [    Test worker] o.h.q.sqm.function.SqmFunctionRegistry   : Registered SqmFunctionTemplate [NamedSqmFunctionTemplate(tan)] under tan; prior registration was null
?[0m?[0;34m2024-07-18T17:39:29.634-04:00 DEBUG 93785 --- [    Test worker] o.h.q.sqm.function.SqmFunctionRegistry   : Registered SqmFunctionTemplate [NamedSqmFunctionTemplate(asin)] under asin; prior registration was null
?[0m?[0;34m2024-07-18T17:39:29.635-04:00 DEBUG 93785 --- [    Test worker] o.h.q.sqm.function.SqmFunctionRegistry   : Registered SqmFunctionTemplate [NamedSqmFunctionTemplate(acos)] under acos; prior registration was null
?[0m?[0;34m2024-07-18T17:39:29.635-04:00 DEBUG 93785 --- [    Test worker] o.h.q.sqm.function.SqmFunctionRegistry   : Registered SqmFunctionTemplate [NamedSqmFunctionTemplate(atan)] under atan; prior registration was null
?[0m?[0;34m2024-07-18T17:39:29.635-04:00 DEBUG 93785 --- [    Test worker] o.h.q.sqm.function.SqmFunctionRegistry   : Registered SqmFunctionTemplate [NamedSqmFunctionTemplate(atan2)] under atan2; prior registration was null
?[0m?[0;34m2024-07-18T17:39:29.635-04:00 DEBUG 93785 --- [    Test worker] o.h.q.sqm.function.SqmFunctionRegistry   : Registered SqmFunctionTemplate [NamedSqmFunctionTemplate(coalesce)] under coalesce; prior registration was null
?[0m?[0;34m2024-07-18T17:39:29.635-04:00 DEBUG 93785 --- [    Test worker] o.h.q.sqm.function.SqmFunctionRegistry   : Registered SqmFunctionTemplate [NamedSqmFunctionTemplate(nullif)] under nullif; prior registration was null
?[0m?[0;34m2024-07-18T17:39:29.635-04:00 DEBUG 93785 --- [    Test worker] o.h.q.sqm.function.SqmFunctionRegistry   : Registered SqmFunctionTemplate [NamedSqmFunctionTemplate(left)] under left; prior registration was null
?[0m?[0;34m2024-07-18T17:39:29.636-04:00 DEBUG 93785 --- [    Test worker] o.h.q.sqm.function.SqmFunctionRegistry   : Registered SqmFunctionTemplate [NamedSqmFunctionTemplate(right)] under right; prior registration was null
?[0m?[0;34m2024-07-18T17:39:29.637-04:00 DEBUG 93785 --- [    Test worker] o.h.q.sqm.function.SqmFunctionRegistry   : Registered SqmFunctionTemplate [NamedSqmFunctionTemplate(replace)] under replace; prior registration was null
?[0m?[0;34m2024-07-18T17:39:29.637-04:00 DEBUG 93785 --- [    Test worker] o.h.q.sqm.function.SqmFunctionRegistry   : Registered SqmFunctionTemplate [NamedSqmFunctionTemplate(concat)] under concat; prior registration was null
?[0m?[0;34m2024-07-18T17:39:29.637-04:00 DEBUG 93785 --- [    Test worker] o.h.q.sqm.function.SqmFunctionRegistry   : Registered SqmFunctionTemplate [NamedSqmFunctionTemplate(lower)] under lower; prior registration was null
?[0m?[0;34m2024-07-18T17:39:29.637-04:00 DEBUG 93785 --- [    Test worker] o.h.q.sqm.function.SqmFunctionRegistry   : Registered SqmFunctionTemplate [NamedSqmFunctionTemplate(upper)] under upper; prior registration was null
?[0m?[0;34m2024-07-18T17:39:29.637-04:00 DEBUG 93785 --- [    Test worker] o.h.q.sqm.function.SqmFunctionRegistry   : Registered SqmFunctionTemplate [NamedSqmFunctionTemplate(substring)] under substring; prior registration was null
?[0m?[0;34m2024-07-18T17:39:29.638-04:00 DEBUG 93785 --- [    Test worker] o.h.q.sqm.function.SqmFunctionRegistry   : Registered SqmFunctionTemplate [NamedSqmFunctionTemplate(locate)] under locate; prior registration was null
?[0m?[0;34m2024-07-18T17:39:29.639-04:00 DEBUG 93785 --- [    Test worker] o.h.q.sqm.function.SqmFunctionRegistry   : Registered SqmFunctionTemplate [NamedSqmFunctionTemplate(character_length)] under character_length; prior registration was null
?[0m?[0;34m2024-07-18T17:39:29.639-04:00 DEBUG 93785 --- [    Test worker] o.h.q.sqm.function.SqmFunctionRegistry   : Registering alternate key : length -> character_length
?[0m?[0;34m2024-07-18T17:39:29.639-04:00 DEBUG 93785 --- [    Test worker] o.h.q.sqm.function.SqmFunctionRegistry   : Registered SqmFunctionTemplate [org.hibernate.dialect.function.LocatePositionEmulation@7b91e3d4] under position; prior registration was null
?[0m?[0;34m2024-07-18T17:39:29.639-04:00 DEBUG 93785 --- [    Test worker] o.h.q.sqm.function.SqmFunctionRegistry   : Registered SqmFunctionTemplate [org.hibernate.dialect.function.InsertSubstringOverlayEmulation@20bc72af] under overlay; prior registration was null
?[0m?[0;34m2024-07-18T17:39:29.639-04:00 DEBUG 93785 --- [    Test worker] o.h.q.sqm.function.SqmFunctionRegistry   : Registered SqmFunctionTemplate [org.hibernate.dialect.function.TrimFunction@36f2bfe6] under trim; prior registration was null
?[0m?[0;34m2024-07-18T17:39:29.639-04:00 DEBUG 93785 --- [    Test worker] o.h.q.sqm.function.SqmFunctionRegistry   : Registered SqmFunctionTemplate [org.hibernate.dialect.function.CastFunction@bf2aa3f] under cast; prior registration was null
?[0m?[0;34m2024-07-18T17:39:29.639-04:00 DEBUG 93785 --- [    Test worker] o.h.q.sqm.function.SqmFunctionRegistry   : Registered SqmFunctionTemplate [org.hibernate.query.sqm.function.PatternBasedSqmFunctionDescriptor@7f0977d6] under collate; prior registration was null
?[0m?[0;34m2024-07-18T17:39:29.639-04:00 DEBUG 93785 --- [    Test worker] o.h.q.sqm.function.SqmFunctionRegistry   : Registered SqmFunctionTemplate [org.hibernate.dialect.function.ExtractFunction@3ce34b92] under extract; prior registration was null
?[0m?[0;34m2024-07-18T17:39:29.639-04:00 DEBUG 93785 --- [    Test worker] o.h.q.sqm.function.SqmFunctionRegistry   : Registered SqmFunctionTemplate [NamedSqmFunctionTemplate(least)] under least; prior registration was null
?[0m?[0;34m2024-07-18T17:39:29.639-04:00 DEBUG 93785 --- [    Test worker] o.h.q.sqm.function.SqmFunctionRegistry   : Registered SqmFunctionTemplate [NamedSqmFunctionTemplate(greatest)] under greatest; prior registration was null
?[0m?[0;34m2024-07-18T17:39:29.639-04:00 DEBUG 93785 --- [    Test worker] o.h.q.sqm.function.SqmFunctionRegistry   : Registered SqmFunctionTemplate [org.hibernate.dialect.function.CoalesceIfnullEmulation@1f4dce67] under ifnull; prior registration was null
?[0m?[0;34m2024-07-18T17:39:29.639-04:00 DEBUG 93785 --- [    Test worker] o.h.q.sqm.function.SqmFunctionRegistry   : Registered SqmFunctionTemplate [NamedSqmFunctionTemplate(lpad)] under lpad; prior registration was null
?[0m?[0;34m2024-07-18T17:39:29.639-04:00 DEBUG 93785 --- [    Test worker] o.h.q.sqm.function.SqmFunctionRegistry   : Registered SqmFunctionTemplate [NamedSqmFunctionTemplate(rpad)] under rpad; prior registration was null
?[0m?[0;34m2024-07-18T17:39:29.639-04:00 DEBUG 93785 --- [    Test worker] o.h.q.sqm.function.SqmFunctionRegistry   : Registered SqmFunctionTemplate [org.hibernate.dialect.function.LpadRpadPadEmulation@1f02ce3] under pad; prior registration was null
?[0m?[0;34m2024-07-18T17:39:29.639-04:00 DEBUG 93785 --- [    Test worker] o.h.q.sqm.function.SqmFunctionRegistry   : Registered SqmFunctionTemplate [org.hibernate.dialect.function.CastStrEmulation@35f34ccc] under str; prior registration was null
?[0m?[0;34m2024-07-18T17:39:29.639-04:00 DEBUG 93785 --- [    Test worker] o.h.q.sqm.function.SqmFunctionRegistry   : Registered SqmFunctionTemplate [org.hibernate.dialect.function.FormatFunction@136a2e3b] under format; prior registration was null
?[0m?[0;34m2024-07-18T17:39:29.640-04:00 DEBUG 93785 --- [    Test worker] o.h.q.sqm.function.SqmFunctionRegistry   : Registered SqmFunctionTemplate [org.hibernate.dialect.function.TimestampaddFunction@62a5e4c7] under timestampadd; prior registration was null
?[0m?[0;34m2024-07-18T17:39:29.640-04:00 DEBUG 93785 --- [    Test worker] o.h.q.sqm.function.SqmFunctionRegistry   : Registered SqmFunctionTemplate [org.hibernate.dialect.function.TimestampdiffFunction@62325b44] under timestampdiff; prior registration was null
?[0m?[0;34m2024-07-18T17:39:29.640-04:00 DEBUG 93785 --- [    Test worker] o.h.q.sqm.function.SqmFunctionRegistry   : Registering alternate key : dateadd -> timestampadd
?[0m?[0;34m2024-07-18T17:39:29.640-04:00 DEBUG 93785 --- [    Test worker] o.h.q.sqm.function.SqmFunctionRegistry   : Registering alternate key : datediff -> timestampdiff
?[0m?[0;34m2024-07-18T17:39:29.640-04:00 DEBUG 93785 --- [    Test worker] o.h.q.sqm.function.SqmFunctionRegistry   : Registered SqmFunctionTemplate [org.hibernate.dialect.function.CurrentFunction@4d08fee2] under current_date; prior registration was null
?[0m?[0;34m2024-07-18T17:39:29.640-04:00 DEBUG 93785 --- [    Test worker] o.h.q.sqm.function.SqmFunctionRegistry   : Registered SqmFunctionTemplate [org.hibernate.dialect.function.CurrentFunction@f511a8e] under current_time; prior registration was null
?[0m?[0;34m2024-07-18T17:39:29.640-04:00 DEBUG 93785 --- [    Test worker] o.h.q.sqm.function.SqmFunctionRegistry   : Registered SqmFunctionTemplate [org.hibernate.dialect.function.CurrentFunction@421f447f] under current_timestamp; prior registration was null
?[0m?[0;34m2024-07-18T17:39:29.640-04:00 DEBUG 93785 --- [    Test worker] o.h.q.sqm.function.SqmFunctionRegistry   : Registering alternate key : current date -> current_date
?[0m?[0;34m2024-07-18T17:39:29.640-04:00 DEBUG 93785 --- [    Test worker] o.h.q.sqm.function.SqmFunctionRegistry   : Registering alternate key : current time -> current_time
?[0m?[0;34m2024-07-18T17:39:29.640-04:00 DEBUG 93785 --- [    Test worker] o.h.q.sqm.function.SqmFunctionRegistry   : Registering alternate key : current timestamp -> current_timestamp
?[0m?[0;34m2024-07-18T17:39:29.640-04:00 DEBUG 93785 --- [    Test worker] o.h.q.sqm.function.SqmFunctionRegistry   : Registered SqmFunctionTemplate [org.hibernate.dialect.function.CurrentFunction@3287cf03] under local_date; prior registration was null
?[0m?[0;34m2024-07-18T17:39:29.640-04:00 DEBUG 93785 --- [    Test worker] o.h.q.sqm.function.SqmFunctionRegistry   : Registered SqmFunctionTemplate [org.hibernate.dialect.function.CurrentFunction@3872c85f] under local_time; prior registration was null
?[0m?[0;34m2024-07-18T17:39:29.640-04:00 DEBUG 93785 --- [    Test worker] o.h.q.sqm.function.SqmFunctionRegistry   : Registered SqmFunctionTemplate [org.hibernate.dialect.function.CurrentFunction@3f7030b5] under local_datetime; prior registration was null
?[0m?[0;34m2024-07-18T17:39:29.640-04:00 DEBUG 93785 --- [    Test worker] o.h.q.sqm.function.SqmFunctionRegistry   : Registered SqmFunctionTemplate [org.hibernate.dialect.function.CurrentFunction@774b798] under offset_datetime; prior registration was null
?[0m?[0;34m2024-07-18T17:39:29.640-04:00 DEBUG 93785 --- [    Test worker] o.h.q.sqm.function.SqmFunctionRegistry   : Registering alternate key : local date -> local_date
?[0m?[0;34m2024-07-18T17:39:29.640-04:00 DEBUG 93785 --- [    Test worker] o.h.q.sqm.function.SqmFunctionRegistry   : Registering alternate key : local time -> local_time
?[0m?[0;34m2024-07-18T17:39:29.640-04:00 DEBUG 93785 --- [    Test worker] o.h.q.sqm.function.SqmFunctionRegistry   : Registering alternate key : local datetime -> local_datetime
?[0m?[0;34m2024-07-18T17:39:29.640-04:00 DEBUG 93785 --- [    Test worker] o.h.q.sqm.function.SqmFunctionRegistry   : Registering alternate key : offset datetime -> offset_datetime
?[0m?[0;34m2024-07-18T17:39:29.640-04:00 DEBUG 93785 --- [    Test worker] o.h.q.sqm.function.SqmFunctionRegistry   : Registered SqmFunctionTemplate [org.hibernate.dialect.function.CurrentFunction@b079fa2] under instant; prior registration was null
?[0m?[0;34m2024-07-18T17:39:29.640-04:00 DEBUG 93785 --- [    Test worker] o.h.q.sqm.function.SqmFunctionRegistry   : Registering alternate key : current_instant -> instant
?[0m?[0;34m2024-07-18T17:39:29.640-04:00 DEBUG 93785 --- [    Test worker] o.h.q.sqm.function.SqmFunctionRegistry   : Registered SqmFunctionTemplate [org.hibernate.dialect.function.SqlFunction@25198ead] under sql; prior registration was null
?[0m?[0;34m2024-07-18T17:39:29.640-04:00 DEBUG 93785 --- [    Test worker] o.h.q.sqm.function.SqmFunctionRegistry   : Registered SqmFunctionTemplate [NamedSqmFunctionTemplate(max)] under max; prior registration was NamedSqmFunctionTemplate(max)
?[0m?[0;34m2024-07-18T17:39:29.640-04:00 DEBUG 93785 --- [    Test worker] o.h.q.sqm.function.SqmFunctionRegistry   : Registered SqmFunctionTemplate [NamedSqmFunctionTemplate(min)] under min; prior registration was NamedSqmFunctionTemplate(min)
?[0m?[0;34m2024-07-18T17:39:29.641-04:00 DEBUG 93785 --- [    Test worker] o.h.q.sqm.function.SqmFunctionRegistry   : Registered SqmFunctionTemplate [NamedSqmFunctionTemplate(sum)] under sum; prior registration was NamedSqmFunctionTemplate(sum)
?[0m?[0;34m2024-07-18T17:39:29.641-04:00 DEBUG 93785 --- [    Test worker] o.h.q.sqm.function.SqmFunctionRegistry   : Registered SqmFunctionTemplate [NamedSqmFunctionTemplate(avg)] under avg; prior registration was NamedSqmFunctionTemplate(avg)
?[0m?[0;34m2024-07-18T17:39:29.641-04:00 DEBUG 93785 --- [    Test worker] o.h.q.sqm.function.SqmFunctionRegistry   : Registered SqmFunctionTemplate [org.hibernate.dialect.function.CountFunction@1b52f723] under count; prior registration was org.hibernate.dialect.function.CountFunction@7475f071
?[0m?[0;34m2024-07-18T17:39:29.641-04:00 DEBUG 93785 --- [    Test worker] o.h.q.sqm.function.SqmFunctionRegistry   : Registered SqmFunctionTemplate [org.hibernate.dialect.function.AvgFunction@39384ba6] under avg; prior registration was NamedSqmFunctionTemplate(avg)
?[0m?[0;34m2024-07-18T17:39:29.641-04:00 DEBUG 93785 --- [    Test worker] o.h.q.sqm.function.SqmFunctionRegistry   : Registered SqmFunctionTemplate [NamedSqmFunctionTemplate(pi)] under pi; prior registration was null
?[0m?[0;34m2024-07-18T17:39:29.641-04:00 DEBUG 93785 --- [    Test worker] o.h.q.sqm.function.SqmFunctionRegistry   : Registered SqmFunctionTemplate [NamedSqmFunctionTemplate(cot)] under cot; prior registration was null
?[0m?[0;34m2024-07-18T17:39:29.641-04:00 DEBUG 93785 --- [    Test worker] o.h.q.sqm.function.SqmFunctionRegistry   : Registered SqmFunctionTemplate [NamedSqmFunctionTemplate(radians)] under radians; prior registration was null
?[0m?[0;34m2024-07-18T17:39:29.641-04:00 DEBUG 93785 --- [    Test worker] o.h.q.sqm.function.SqmFunctionRegistry   : Registered SqmFunctionTemplate [NamedSqmFunctionTemplate(degrees)] under degrees; prior registration was null
?[0m?[0;34m2024-07-18T17:39:29.641-04:00 DEBUG 93785 --- [    Test worker] o.h.q.sqm.function.SqmFunctionRegistry   : Registered SqmFunctionTemplate [NamedSqmFunctionTemplate(log10)] under log10; prior registration was null
?[0m?[0;34m2024-07-18T17:39:29.641-04:00 DEBUG 93785 --- [    Test worker] o.h.q.sqm.function.SqmFunctionRegistry   : Registered SqmFunctionTemplate [NamedSqmFunctionTemplate(rand)] under rand; prior registration was null
?[0m?[0;34m2024-07-18T17:39:29.641-04:00 DEBUG 93785 --- [    Test worker] o.h.q.sqm.function.SqmFunctionRegistry   : Registered SqmFunctionTemplate [NamedSqmFunctionTemplate(truncate)] under truncate; prior registration was null
?[0m?[0;34m2024-07-18T17:39:29.641-04:00 DEBUG 93785 --- [    Test worker] o.h.q.sqm.function.SqmFunctionRegistry   : Registered SqmFunctionTemplate [NamedSqmFunctionTemplate(soundex)] under soundex; prior registration was null
?[0m?[0;34m2024-07-18T17:39:29.641-04:00 DEBUG 93785 --- [    Test worker] o.h.q.sqm.function.SqmFunctionRegistry   : Registered SqmFunctionTemplate [NamedSqmFunctionTemplate(translate)] under translate; prior registration was null
?[0m?[0;34m2024-07-18T17:39:29.641-04:00 DEBUG 93785 --- [    Test worker] o.h.q.sqm.function.SqmFunctionRegistry   : Registered SqmFunctionTemplate [NamedSqmFunctionTemplate(bitand)] under bitand; prior registration was null
?[0m?[0;34m2024-07-18T17:39:29.641-04:00 DEBUG 93785 --- [    Test worker] o.h.q.sqm.function.SqmFunctionRegistry   : Registered SqmFunctionTemplate [NamedSqmFunctionTemplate(bitor)] under bitor; prior registration was null
?[0m?[0;34m2024-07-18T17:39:29.641-04:00 DEBUG 93785 --- [    Test worker] o.h.q.sqm.function.SqmFunctionRegistry   : Registered SqmFunctionTemplate [NamedSqmFunctionTemplate(bitxor)] under bitxor; prior registration was null
?[0m?[0;34m2024-07-18T17:39:29.641-04:00 DEBUG 93785 --- [    Test worker] o.h.q.sqm.function.SqmFunctionRegistry   : Registered SqmFunctionTemplate [NamedSqmFunctionTemplate(bit_and)] under bit_and; prior registration was null
?[0m?[0;34m2024-07-18T17:39:29.641-04:00 DEBUG 93785 --- [    Test worker] o.h.q.sqm.function.SqmFunctionRegistry   : Registered SqmFunctionTemplate [NamedSqmFunctionTemplate(bit_or)] under bit_or; prior registration was null
?[0m?[0;34m2024-07-18T17:39:29.641-04:00 DEBUG 93785 --- [    Test worker] o.h.q.sqm.function.SqmFunctionRegistry   : Registered SqmFunctionTemplate [NamedSqmFunctionTemplate(day)] under day; prior registration was null
?[0m?[0;34m2024-07-18T17:39:29.641-04:00 DEBUG 93785 --- [    Test worker] o.h.q.sqm.function.SqmFunctionRegistry   : Registered SqmFunctionTemplate [NamedSqmFunctionTemplate(month)] under month; prior registration was null
?[0m?[0;34m2024-07-18T17:39:29.642-04:00 DEBUG 93785 --- [    Test worker] o.h.q.sqm.function.SqmFunctionRegistry   : Registered SqmFunctionTemplate [NamedSqmFunctionTemplate(year)] under year; prior registration was null
?[0m?[0;34m2024-07-18T17:39:29.642-04:00 DEBUG 93785 --- [    Test worker] o.h.q.sqm.function.SqmFunctionRegistry   : Registered SqmFunctionTemplate [NamedSqmFunctionTemplate(hour)] under hour; prior registration was null
?[0m?[0;34m2024-07-18T17:39:29.642-04:00 DEBUG 93785 --- [    Test worker] o.h.q.sqm.function.SqmFunctionRegistry   : Registered SqmFunctionTemplate [NamedSqmFunctionTemplate(minute)] under minute; prior registration was null
?[0m?[0;34m2024-07-18T17:39:29.642-04:00 DEBUG 93785 --- [    Test worker] o.h.q.sqm.function.SqmFunctionRegistry   : Registered SqmFunctionTemplate [NamedSqmFunctionTemplate(second)] under second; prior registration was null
?[0m?[0;34m2024-07-18T17:39:29.642-04:00 DEBUG 93785 --- [    Test worker] o.h.q.sqm.function.SqmFunctionRegistry   : Registered SqmFunctionTemplate [NamedSqmFunctionTemplate(microsecond)] under microsecond; prior registration was null
?[0m?[0;34m2024-07-18T17:39:29.642-04:00 DEBUG 93785 --- [    Test worker] o.h.q.sqm.function.SqmFunctionRegistry   : Registered SqmFunctionTemplate [NamedSqmFunctionTemplate(day_of_week)] under day_of_week; prior registration was null
?[0m?[0;34m2024-07-18T17:39:29.642-04:00 DEBUG 93785 --- [    Test worker] o.h.q.sqm.function.SqmFunctionRegistry   : Registered SqmFunctionTemplate [NamedSqmFunctionTemplate(day_of_month)] under day_of_month; prior registration was null
?[0m?[0;34m2024-07-18T17:39:29.642-04:00 DEBUG 93785 --- [    Test worker] o.h.q.sqm.function.SqmFunctionRegistry   : Registering alternate key : day -> day_of_month
?[0m?[0;34m2024-07-18T17:39:29.642-04:00 DEBUG 93785 --- [    Test worker] o.h.q.sqm.function.SqmFunctionRegistry   : Registered SqmFunctionTemplate [NamedSqmFunctionTemplate(day_of_year)] under day_of_year; prior registration was null
?[0m?[0;34m2024-07-18T17:39:29.642-04:00 DEBUG 93785 --- [onnection adder] com.zaxxer.hikari.pool.HikariPool        : HikariPool-2 - Added connection conn18: url=jdbc:h2:mem:testdb user=SA
?[0m?[0;34m2024-07-18T17:39:29.646-04:00 DEBUG 93785 --- [    Test worker] o.h.q.sqm.function.SqmFunctionRegistry   : Registered SqmFunctionTemplate [NamedSqmFunctionTemplate(week)] under week; prior registration was null
?[0m?[0;34m2024-07-18T17:39:29.646-04:00 DEBUG 93785 --- [    Test worker] o.h.q.sqm.function.SqmFunctionRegistry   : Registered SqmFunctionTemplate [NamedSqmFunctionTemplate(quarter)] under quarter; prior registration was null
?[0m?[0;34m2024-07-18T17:39:29.647-04:00 DEBUG 93785 --- [    Test worker] o.h.q.sqm.function.SqmFunctionRegistry   : Registered SqmFunctionTemplate [NamedSqmFunctionTemplate(monthname)] under monthname; prior registration was null
?[0m?[0;34m2024-07-18T17:39:29.647-04:00 DEBUG 93785 --- [    Test worker] o.h.q.sqm.function.SqmFunctionRegistry   : Registered SqmFunctionTemplate [NamedSqmFunctionTemplate(dayname)] under dayname; prior registration was null
?[0m?[0;34m2024-07-18T17:39:29.648-04:00 DEBUG 93785 --- [    Test worker] o.h.q.sqm.function.SqmFunctionRegistry   : Registered SqmFunctionTemplate [NamedSqmFunctionTemplate(localtime)] under localtime; prior registration was null
?[0m?[0;34m2024-07-18T17:39:29.650-04:00 DEBUG 93785 --- [    Test worker] o.h.q.sqm.function.SqmFunctionRegistry   : Registered SqmFunctionTemplate [NamedSqmFunctionTemplate(localtimestamp)] under localtimestamp; prior registration was null
?[0m?[0;34m2024-07-18T17:39:29.650-04:00 DEBUG 93785 --- [    Test worker] o.h.q.sqm.function.SqmFunctionRegistry   : Registered SqmFunctionTemplate [NamedSqmFunctionTemplate(localtime)] under local_time; prior registration was org.hibernate.dialect.function.CurrentFunction@3872c85f
?[0m?[0;34m2024-07-18T17:39:29.654-04:00 DEBUG 93785 --- [onnection adder] com.zaxxer.hikari.pool.HikariPool        : HikariPool-2 - Added connection conn19: url=jdbc:h2:mem:testdb user=SA
?[0m?[0;34m2024-07-18T17:39:29.655-04:00 DEBUG 93785 --- [    Test worker] o.h.q.sqm.function.SqmFunctionRegistry   : Registered SqmFunctionTemplate [NamedSqmFunctionTemplate(localtimestamp)] under local_datetime; prior registration was org.hibernate.dialect.function.CurrentFunction@3f7030b5
?[0m?[0;34m2024-07-18T17:39:29.655-04:00 DEBUG 93785 --- [    Test worker] o.h.q.sqm.function.SqmFunctionRegistry   : Registered SqmFunctionTemplate [NamedSqmFunctionTemplate(bit_length)] under bit_length; prior registration was null
?[0m?[0;34m2024-07-18T17:39:29.655-04:00 DEBUG 93785 --- [    Test worker] o.h.q.sqm.function.SqmFunctionRegistry   : Registered SqmFunctionTemplate [NamedSqmFunctionTemplate(octet_length)] under octet_length; prior registration was null
?[0m?[0;34m2024-07-18T17:39:29.655-04:00 DEBUG 93785 --- [    Test worker] o.h.q.sqm.function.SqmFunctionRegistry   : Registered SqmFunctionTemplate [NamedSqmFunctionTemplate(ascii)] under ascii; prior registration was null
?[0m?[0;34m2024-07-18T17:39:29.655-04:00 DEBUG 93785 --- [    Test worker] o.h.q.sqm.function.SqmFunctionRegistry   : Registered SqmFunctionTemplate [NamedSqmFunctionTemplate(octet_length)] under octet_length; prior registration was NamedSqmFunctionTemplate(octet_length)
?[0m?[0;34m2024-07-18T17:39:29.655-04:00 DEBUG 93785 --- [    Test worker] o.h.q.sqm.function.SqmFunctionRegistry   : Registered SqmFunctionTemplate [NamedSqmFunctionTemplate(space)] under space; prior registration was null
?[0m?[0;34m2024-07-18T17:39:29.655-04:00 DEBUG 93785 --- [    Test worker] o.h.q.sqm.function.SqmFunctionRegistry   : Registered SqmFunctionTemplate [NamedSqmFunctionTemplate(repeat)] under repeat; prior registration was null
?[0m?[0;34m2024-07-18T17:39:29.655-04:00 DEBUG 93785 --- [    Test worker] o.h.q.sqm.function.SqmFunctionRegistry   : Registered SqmFunctionTemplate [NamedSqmFunctionTemplate(char)] under char; prior registration was null
?[0m?[0;34m2024-07-18T17:39:29.655-04:00 DEBUG 93785 --- [    Test worker] o.h.q.sqm.function.SqmFunctionRegistry   : Registering alternate key : chr -> char
?[0m?[0;34m2024-07-18T17:39:29.655-04:00 DEBUG 93785 --- [    Test worker] o.h.q.sqm.function.SqmFunctionRegistry   : Registered SqmFunctionTemplate [NamedSqmFunctionTemplate(instr)] under instr; prior registration was null
?[0m?[0;34m2024-07-18T17:39:29.655-04:00 DEBUG 93785 --- [    Test worker] o.h.q.sqm.function.SqmFunctionRegistry   : Registered SqmFunctionTemplate [NamedSqmFunctionTemplate(substr)] under substr; prior registration was null
?[0m?[0;34m2024-07-18T17:39:29.655-04:00 DEBUG 93785 --- [    Test worker] o.h.q.sqm.function.SqmFunctionRegistry   : Registered SqmFunctionTemplate [org.hibernate.query.sqm.function.PatternBasedSqmFunctionDescriptor@e7529ac] under position; prior registration was org.hibernate.dialect.function.LocatePositionEmulation@7b91e3d4
?[0m?[0;34m2024-07-18T17:39:29.655-04:00 DEBUG 93785 --- [    Test worker] o.h.q.sqm.function.SqmFunctionRegistry   : Registered SqmFunctionTemplate [NamedSqmFunctionTemplate(ltrim)] under ltrim; prior registration was null
?[0m?[0;34m2024-07-18T17:39:29.655-04:00 DEBUG 93785 --- [    Test worker] o.h.q.sqm.function.SqmFunctionRegistry   : Registered SqmFunctionTemplate [NamedSqmFunctionTemplate(rtrim)] under rtrim; prior registration was null
?[0m?[0;34m2024-07-18T17:39:29.656-04:00 DEBUG 93785 --- [    Test worker] o.h.q.sqm.function.SqmFunctionRegistry   : Registered SqmFunctionTemplate [org.hibernate.query.sqm.function.PatternBasedSqmFunctionDescriptor@6770a229] under concat; prior registration was NamedSqmFunctionTemplate(concat)
?[0m?[0;34m2024-07-18T17:39:29.656-04:00 DEBUG 93785 --- [    Test worker] o.h.q.sqm.function.SqmFunctionRegistry   : Registered SqmFunctionTemplate [NamedSqmFunctionTemplate(curtime)] under curtime; prior registration was null
?[0m?[0;34m2024-07-18T17:39:29.656-04:00 DEBUG 93785 --- [    Test worker] o.h.q.sqm.function.SqmFunctionRegistry   : Registered SqmFunctionTemplate [NamedSqmFunctionTemplate(curdate)] under curdate; prior registration was null
?[0m?[0;34m2024-07-18T17:39:29.656-04:00 DEBUG 93785 --- [    Test worker] o.h.q.sqm.function.SqmFunctionRegistry   : Registered SqmFunctionTemplate [NamedSqmFunctionTemplate(now)] under now; prior registration was null
?[0m?[0;34m2024-07-18T17:39:29.659-04:00 DEBUG 93785 --- [    Test worker] o.h.q.sqm.function.SqmFunctionRegistry   : Registered SqmFunctionTemplate [NamedSqmFunctionTemplate(sysdate)] under sysdate; prior registration was null
?[0m?[0;34m2024-07-18T17:39:29.660-04:00 DEBUG 93785 --- [    Test worker] o.h.q.sqm.function.SqmFunctionRegistry   : Registered SqmFunctionTemplate [NamedSqmFunctionTemplate(insert)] under insert; prior registration was null
?[0m?[0;34m2024-07-18T17:39:29.661-04:00 DEBUG 93785 --- [    Test worker] o.h.q.sqm.function.SqmFunctionRegistry   : Registered SqmFunctionTemplate [NamedSqmFunctionTemplate(bool_and)] under bool_and; prior registration was null
?[0m?[0;34m2024-07-18T17:39:29.661-04:00 DEBUG 93785 --- [    Test worker] o.h.q.sqm.function.SqmFunctionRegistry   : Registering alternate key : every -> bool_and
?[0m?[0;34m2024-07-18T17:39:29.661-04:00 DEBUG 93785 --- [    Test worker] o.h.q.sqm.function.SqmFunctionRegistry   : Registered SqmFunctionTemplate [NamedSqmFunctionTemplate(bool_or)] under bool_or; prior registration was null
?[0m?[0;34m2024-07-18T17:39:29.661-04:00 DEBUG 93785 --- [    Test worker] o.h.q.sqm.function.SqmFunctionRegistry   : Registering alternate key : any -> bool_or
?[0m?[0;34m2024-07-18T17:39:29.661-04:00 DEBUG 93785 --- [    Test worker] o.h.q.sqm.function.SqmFunctionRegistry   : Registered SqmFunctionTemplate [NamedSqmFunctionTemplate(median)] under median; prior registration was null
?[0m?[0;34m2024-07-18T17:39:29.661-04:00 DEBUG 93785 --- [    Test worker] o.h.q.sqm.function.SqmFunctionRegistry   : Registered SqmFunctionTemplate [NamedSqmFunctionTemplate(stddev_pop)] under stddev_pop; prior registration was null
?[0m?[0;34m2024-07-18T17:39:29.661-04:00 DEBUG 93785 --- [    Test worker] o.h.q.sqm.function.SqmFunctionRegistry   : Registered SqmFunctionTemplate [NamedSqmFunctionTemplate(stddev_samp)] under stddev_samp; prior registration was null
?[0m?[0;34m2024-07-18T17:39:29.661-04:00 DEBUG 93785 --- [    Test worker] o.h.q.sqm.function.SqmFunctionRegistry   : Registered SqmFunctionTemplate [NamedSqmFunctionTemplate(var_pop)] under var_pop; prior registration was null
?[0m?[0;34m2024-07-18T17:39:29.662-04:00 DEBUG 93785 --- [    Test worker] o.h.q.sqm.function.SqmFunctionRegistry   : Registered SqmFunctionTemplate [NamedSqmFunctionTemplate(var_samp)] under var_samp; prior registration was null
?[0m?[0;34m2024-07-18T17:39:29.662-04:00 DEBUG 93785 --- [    Test worker] o.h.q.sqm.function.SqmFunctionRegistry   : Registered SqmFunctionTemplate [org.hibernate.dialect.function.FormatFunction@6b17aa0b] under format; prior registration was org.hibernate.dialect.function.FormatFunction@136a2e3b
?[0m?[0;34m2024-07-18T17:39:29.662-04:00 DEBUG 93785 --- [    Test worker] o.h.q.sqm.function.SqmFunctionRegistry   : Registered SqmFunctionTemplate [NamedSqmFunctionTemplate(rownum)] under rownum; prior registration was null
?[0m?[0;34m2024-07-18T17:39:29.662-04:00 DEBUG 93785 --- [    Test worker] o.h.q.sqm.function.SqmFunctionRegistry   : Registered SqmFunctionTemplate [NamedSqmFunctionTemplate(row_number)] under row_number; prior registration was null
?[0m?[0;34m2024-07-18T17:39:29.662-04:00 DEBUG 93785 --- [    Test worker] o.h.q.sqm.function.SqmFunctionRegistry   : Registered SqmFunctionTemplate [NamedSqmFunctionTemplate(lag)] under lag; prior registration was null
?[0m?[0;34m2024-07-18T17:39:29.662-04:00 DEBUG 93785 --- [    Test worker] o.h.q.sqm.function.SqmFunctionRegistry   : Registered SqmFunctionTemplate [NamedSqmFunctionTemplate(lead)] under lead; prior registration was null
?[0m?[0;34m2024-07-18T17:39:29.662-04:00 DEBUG 93785 --- [    Test worker] o.h.q.sqm.function.SqmFunctionRegistry   : Registered SqmFunctionTemplate [NamedSqmFunctionTemplate(first_value)] under first_value; prior registration was null
?[0m?[0;34m2024-07-18T17:39:29.662-04:00 DEBUG 93785 --- [    Test worker] o.h.q.sqm.function.SqmFunctionRegistry   : Registered SqmFunctionTemplate [NamedSqmFunctionTemplate(last_value)] under last_value; prior registration was null
?[0m?[0;34m2024-07-18T17:39:29.662-04:00 DEBUG 93785 --- [    Test worker] o.h.q.sqm.function.SqmFunctionRegistry   : Registered SqmFunctionTemplate [NamedSqmFunctionTemplate(nth_value)] under nth_value; prior registration was null
?[0m?[0;34m2024-07-18T17:39:29.662-04:00 DEBUG 93785 --- [    Test worker] o.h.q.sqm.function.SqmFunctionRegistry   : Registered SqmFunctionTemplate [org.hibernate.dialect.function.ListaggFunction@1009a9b4] under listagg; prior registration was null
?[0m?[0;34m2024-07-18T17:39:29.662-04:00 DEBUG 93785 --- [    Test worker] o.h.q.sqm.function.SqmFunctionRegistry   : Registered SqmFunctionTemplate [org.hibernate.dialect.function.InverseDistributionFunction@3796ca50] under mode; prior registration was null
?[0m?[0;34m2024-07-18T17:39:29.663-04:00 DEBUG 93785 --- [    Test worker] o.h.q.sqm.function.SqmFunctionRegistry   : Registered SqmFunctionTemplate [org.hibernate.dialect.function.InverseDistributionFunction@55154761] under percentile_cont; prior registration was null
?[0m?[0;34m2024-07-18T17:39:29.663-04:00 DEBUG 93785 --- [    Test worker] o.h.q.sqm.function.SqmFunctionRegistry   : Registered SqmFunctionTemplate [org.hibernate.dialect.function.InverseDistributionFunction@304e83a] under percentile_disc; prior registration was null
?[0m?[0;34m2024-07-18T17:39:29.664-04:00 DEBUG 93785 --- [onnection adder] com.zaxxer.hikari.pool.HikariPool        : HikariPool-2 - After adding stats (total=10, active=0, idle=10, waiting=0)
?[0m?[0;34m2024-07-18T17:39:29.665-04:00 DEBUG 93785 --- [    Test worker] o.h.q.sqm.function.SqmFunctionRegistry   : Registered SqmFunctionTemplate [org.hibernate.dialect.function.HypotheticalSetFunction@5e9db5e7] under rank; prior registration was null
?[0m?[0;34m2024-07-18T17:39:29.665-04:00 DEBUG 93785 --- [    Test worker] o.h.q.sqm.function.SqmFunctionRegistry   : Registered SqmFunctionTemplate [org.hibernate.dialect.function.HypotheticalSetFunction@5fd8302e] under dense_rank; prior registration was null
?[0m?[0;34m2024-07-18T17:39:29.665-04:00 DEBUG 93785 --- [    Test worker] o.h.q.sqm.function.SqmFunctionRegistry   : Registered SqmFunctionTemplate [org.hibernate.dialect.function.HypotheticalSetFunction@20894afb] under percent_rank; prior registration was null
?[0m?[0;34m2024-07-18T17:39:29.666-04:00 DEBUG 93785 --- [    Test worker] o.h.q.sqm.function.SqmFunctionRegistry   : Registered SqmFunctionTemplate [org.hibernate.dialect.function.HypotheticalSetFunction@46823e8] under cume_dist; prior registration was null
?[0m?[0;34m2024-07-18T17:39:29.666-04:00 DEBUG 93785 --- [    Test worker] org.hibernate.HQL_FUNCTIONS              : abs(NUMERIC arg)
?[0m?[0;34m2024-07-18T17:39:29.666-04:00 DEBUG 93785 --- [    Test worker] org.hibernate.HQL_FUNCTIONS              : Double acos(NUMERIC arg)
?[0m?[0;34m2024-07-18T17:39:29.666-04:00 DEBUG 93785 --- [    Test worker] org.hibernate.HQL_FUNCTIONS              : Boolean any(BOOLEAN arg)
?[0m?[0;34m2024-07-18T17:39:29.667-04:00 DEBUG 93785 --- [    Test worker] org.hibernate.HQL_FUNCTIONS              : Integer ascii(STRING arg)
?[0m?[0;34m2024-07-18T17:39:29.667-04:00 DEBUG 93785 --- [    Test worker] org.hibernate.HQL_FUNCTIONS              : Double asin(NUMERIC arg)
?[0m?[0;34m2024-07-18T17:39:29.667-04:00 DEBUG 93785 --- [    Test worker] org.hibernate.HQL_FUNCTIONS              : Double atan(NUMERIC arg)
?[0m?[0;34m2024-07-18T17:39:29.667-04:00 DEBUG 93785 --- [    Test worker] org.hibernate.HQL_FUNCTIONS              : Double atan2(NUMERIC arg0, NUMERIC arg1)
?[0m?[0;34m2024-07-18T17:39:29.667-04:00 DEBUG 93785 --- [    Test worker] org.hibernate.HQL_FUNCTIONS              : Double avg(NUMERIC arg)
?[0m?[0;34m2024-07-18T17:39:29.667-04:00 DEBUG 93785 --- [    Test worker] org.hibernate.HQL_FUNCTIONS              : bit_and(arg)
?[0m?[0;34m2024-07-18T17:39:29.667-04:00 DEBUG 93785 --- [    Test worker] org.hibernate.HQL_FUNCTIONS              : Integer bit_length(STRING_OR_CLOB arg)
?[0m?[0;34m2024-07-18T17:39:29.667-04:00 DEBUG 93785 --- [    Test worker] org.hibernate.HQL_FUNCTIONS              : bit_or(arg)
?[0m?[0;34m2024-07-18T17:39:29.667-04:00 DEBUG 93785 --- [    Test worker] org.hibernate.HQL_FUNCTIONS              : bitand(arg0, arg1)
?[0m?[0;34m2024-07-18T17:39:29.667-04:00 DEBUG 93785 --- [    Test worker] org.hibernate.HQL_FUNCTIONS              : bitor(arg0, arg1)
?[0m?[0;34m2024-07-18T17:39:29.667-04:00 DEBUG 93785 --- [    Test worker] org.hibernate.HQL_FUNCTIONS              : bitxor(arg0, arg1)
?[0m?[0;34m2024-07-18T17:39:29.667-04:00 DEBUG 93785 --- [    Test worker] org.hibernate.HQL_FUNCTIONS              : Boolean bool_and(BOOLEAN predicate)
?[0m?[0;34m2024-07-18T17:39:29.667-04:00 DEBUG 93785 --- [    Test worker] org.hibernate.HQL_FUNCTIONS              : Boolean bool_or(BOOLEAN predicate)
?[0m?[0;34m2024-07-18T17:39:29.668-04:00 DEBUG 93785 --- [    Test worker] org.hibernate.HQL_FUNCTIONS              : cast(arg as Type)
?[0m?[0;34m2024-07-18T17:39:29.668-04:00 DEBUG 93785 --- [    Test worker] org.hibernate.HQL_FUNCTIONS              : ceiling(NUMERIC arg)
?[0m?[0;34m2024-07-18T17:39:29.668-04:00 DEBUG 93785 --- [    Test worker] org.hibernate.HQL_FUNCTIONS              : Character char(INTEGER arg)
?[0m?[0;34m2024-07-18T17:39:29.668-04:00 DEBUG 93785 --- [    Test worker] org.hibernate.HQL_FUNCTIONS              : Integer character_length(STRING_OR_CLOB arg)
?[0m?[0;34m2024-07-18T17:39:29.668-04:00 DEBUG 93785 --- [    Test worker] org.hibernate.HQL_FUNCTIONS              : coalesce(arg0[, arg1[, ...]])
?[0m?[0;34m2024-07-18T17:39:29.668-04:00 DEBUG 93785 --- [    Test worker] org.hibernate.HQL_FUNCTIONS              : String collate(STRING string as COLLATION collation)
?[0m?[0;34m2024-07-18T17:39:29.668-04:00 DEBUG 93785 --- [    Test worker] org.hibernate.HQL_FUNCTIONS              : String concat(STRING string0[, STRING string1[, ...]])
?[0m?[0;34m2024-07-18T17:39:29.668-04:00 DEBUG 93785 --- [    Test worker] org.hibernate.HQL_FUNCTIONS              : Double cos(NUMERIC arg)
?[0m?[0;34m2024-07-18T17:39:29.668-04:00 DEBUG 93785 --- [    Test worker] org.hibernate.HQL_FUNCTIONS              : Double cot(NUMERIC arg)
?[0m?[0;34m2024-07-18T17:39:29.668-04:00 DEBUG 93785 --- [    Test worker] org.hibernate.HQL_FUNCTIONS              : Long count([distinct ]{arg|*})
?[0m?[0;34m2024-07-18T17:39:29.668-04:00 DEBUG 93785 --- [    Test worker] org.hibernate.HQL_FUNCTIONS              : Double cume_dist([arg0[, ...]])
?[0m?[0;34m2024-07-18T17:39:29.668-04:00 DEBUG 93785 --- [    Test worker] org.hibernate.HQL_FUNCTIONS              : Date curdate()
?[0m?[0;34m2024-07-18T17:39:29.668-04:00 DEBUG 93785 --- [    Test worker] org.hibernate.HQL_FUNCTIONS              : Date current_date
?[0m?[0;34m2024-07-18T17:39:29.668-04:00 DEBUG 93785 --- [    Test worker] org.hibernate.HQL_FUNCTIONS              : Time current_time
?[0m?[0;34m2024-07-18T17:39:29.668-04:00 DEBUG 93785 --- [    Test worker] org.hibernate.HQL_FUNCTIONS              : Timestamp current_timestamp
?[0m?[0;34m2024-07-18T17:39:29.668-04:00 DEBUG 93785 --- [    Test worker] org.hibernate.HQL_FUNCTIONS              : Time curtime()
?[0m?[0;34m2024-07-18T17:39:29.668-04:00 DEBUG 93785 --- [    Test worker] org.hibernate.HQL_FUNCTIONS              : Integer day(DATE arg)
?[0m?[0;34m2024-07-18T17:39:29.668-04:00 DEBUG 93785 --- [    Test worker] org.hibernate.HQL_FUNCTIONS              : Integer day_of_month(DATE arg)
?[0m?[0;34m2024-07-18T17:39:29.669-04:00 DEBUG 93785 --- [    Test worker] org.hibernate.HQL_FUNCTIONS              : Integer day_of_week(DATE arg)
?[0m?[0;34m2024-07-18T17:39:29.669-04:00 DEBUG 93785 --- [    Test worker] org.hibernate.HQL_FUNCTIONS              : Integer day_of_year(DATE arg)
?[0m?[0;34m2024-07-18T17:39:29.669-04:00 DEBUG 93785 --- [    Test worker] org.hibernate.HQL_FUNCTIONS              : String dayname(DATE arg)
?[0m?[0;34m2024-07-18T17:39:29.669-04:00 DEBUG 93785 --- [    Test worker] org.hibernate.HQL_FUNCTIONS              : Double degrees(NUMERIC arg)
?[0m?[0;34m2024-07-18T17:39:29.669-04:00 DEBUG 93785 --- [    Test worker] org.hibernate.HQL_FUNCTIONS              : Long dense_rank([arg0[, ...]])
?[0m?[0;34m2024-07-18T17:39:29.669-04:00 DEBUG 93785 --- [    Test worker] org.hibernate.HQL_FUNCTIONS              : Boolean every(BOOLEAN arg)
?[0m?[0;34m2024-07-18T17:39:29.669-04:00 DEBUG 93785 --- [    Test worker] org.hibernate.HQL_FUNCTIONS              : Double exp(NUMERIC arg)
?[0m?[0;34m2024-07-18T17:39:29.669-04:00 DEBUG 93785 --- [    Test worker] org.hibernate.HQL_FUNCTIONS              : extract(TEMPORAL_UNIT field from TEMPORAL arg)
?[0m?[0;34m2024-07-18T17:39:29.669-04:00 DEBUG 93785 --- [    Test worker] org.hibernate.HQL_FUNCTIONS              : first_valueANY value
?[0m?[0;34m2024-07-18T17:39:29.669-04:00 DEBUG 93785 --- [    Test worker] org.hibernate.HQL_FUNCTIONS              : floor(NUMERIC arg)
?[0m?[0;34m2024-07-18T17:39:29.669-04:00 DEBUG 93785 --- [    Test worker] org.hibernate.HQL_FUNCTIONS              : String format(TEMPORAL datetime as STRING pattern)
?[0m?[0;34m2024-07-18T17:39:29.669-04:00 DEBUG 93785 --- [    Test worker] org.hibernate.HQL_FUNCTIONS              : greatest(COMPARABLE arg0, COMPARABLE arg1[, arg2[, ...]])
?[0m?[0;34m2024-07-18T17:39:29.670-04:00 DEBUG 93785 --- [    Test worker] org.hibernate.HQL_FUNCTIONS              : Integer hour(TIME arg)
?[0m?[0;34m2024-07-18T17:39:29.670-04:00 DEBUG 93785 --- [    Test worker] org.hibernate.HQL_FUNCTIONS              : ifnull(arg0, arg1)
?[0m?[0;34m2024-07-18T17:39:29.670-04:00 DEBUG 93785 --- [    Test worker] org.hibernate.HQL_FUNCTIONS              : String insert(STRING string, INTEGER start, INTEGER length, STRING replacement)
?[0m?[0;34m2024-07-18T17:39:29.670-04:00 DEBUG 93785 --- [    Test worker] org.hibernate.HQL_FUNCTIONS              : Instant instant
?[0m?[0;34m2024-07-18T17:39:29.670-04:00 DEBUG 93785 --- [    Test worker] org.hibernate.HQL_FUNCTIONS              : Integer instr(STRING string, STRING pattern[, INTEGER start[, INTEGER occurrence]])
?[0m?[0;34m2024-07-18T17:39:29.670-04:00 DEBUG 93785 --- [    Test worker] org.hibernate.HQL_FUNCTIONS              : lagANY value[, INTEGER offset[, ANY default]]
?[0m?[0;34m2024-07-18T17:39:29.670-04:00 DEBUG 93785 --- [    Test worker] org.hibernate.HQL_FUNCTIONS              : last_valueANY value
?[0m?[0;34m2024-07-18T17:39:29.670-04:00 DEBUG 93785 --- [    Test worker] org.hibernate.HQL_FUNCTIONS              : leadANY value[, INTEGER offset[, ANY default]]
?[0m?[0;34m2024-07-18T17:39:29.670-04:00 DEBUG 93785 --- [    Test worker] org.hibernate.HQL_FUNCTIONS              : least(COMPARABLE arg0, COMPARABLE arg1[, arg2[, ...]])
?[0m?[0;34m2024-07-18T17:39:29.670-04:00 DEBUG 93785 --- [    Test worker] org.hibernate.HQL_FUNCTIONS              : String left(STRING string, INTEGER length)
?[0m?[0;34m2024-07-18T17:39:29.670-04:00 DEBUG 93785 --- [    Test worker] org.hibernate.HQL_FUNCTIONS              : String listagg(STRING arg0, STRING arg1)
?[0m?[0;34m2024-07-18T17:39:29.670-04:00 DEBUG 93785 --- [    Test worker] org.hibernate.HQL_FUNCTIONS              : Double ln(NUMERIC arg)
?[0m?[0;34m2024-07-18T17:39:29.670-04:00 DEBUG 93785 --- [    Test worker] org.hibernate.HQL_FUNCTIONS              : LocalDate local_date
?[0m?[0;34m2024-07-18T17:39:29.670-04:00 DEBUG 93785 --- [    Test worker] org.hibernate.HQL_FUNCTIONS              : LocalDateTime local_datetime
?[0m?[0;34m2024-07-18T17:39:29.670-04:00 DEBUG 93785 --- [    Test worker] org.hibernate.HQL_FUNCTIONS              : LocalTime local_time
?[0m?[0;34m2024-07-18T17:39:29.671-04:00 DEBUG 93785 --- [    Test worker] org.hibernate.HQL_FUNCTIONS              : Time localtime
?[0m?[0;34m2024-07-18T17:39:29.671-04:00 DEBUG 93785 --- [    Test worker] org.hibernate.HQL_FUNCTIONS              : Timestamp localtimestamp
?[0m?[0;34m2024-07-18T17:39:29.671-04:00 DEBUG 93785 --- [    Test worker] org.hibernate.HQL_FUNCTIONS              : Integer locate(STRING pattern, STRING string[, INTEGER start])
?[0m?[0;34m2024-07-18T17:39:29.671-04:00 DEBUG 93785 --- [    Test worker] org.hibernate.HQL_FUNCTIONS              : Double log10(NUMERIC arg)
?[0m?[0;34m2024-07-18T17:39:29.671-04:00 DEBUG 93785 --- [    Test worker] org.hibernate.HQL_FUNCTIONS              : String lower(STRING string)
?[0m?[0;34m2024-07-18T17:39:29.671-04:00 DEBUG 93785 --- [    Test worker] org.hibernate.HQL_FUNCTIONS              : String lpad(STRING string, INTEGER length[, STRING padding])
?[0m?[0;34m2024-07-18T17:39:29.671-04:00 DEBUG 93785 --- [    Test worker] org.hibernate.HQL_FUNCTIONS              : String ltrim(STRING string)
?[0m?[0;34m2024-07-18T17:39:29.671-04:00 DEBUG 93785 --- [    Test worker] org.hibernate.HQL_FUNCTIONS              : max(COMPARABLE arg)
?[0m?[0;34m2024-07-18T17:39:29.671-04:00 DEBUG 93785 --- [    Test worker] org.hibernate.HQL_FUNCTIONS              : Double median(NUMERIC arg)
?[0m?[0;34m2024-07-18T17:39:29.671-04:00 DEBUG 93785 --- [    Test worker] org.hibernate.HQL_FUNCTIONS              : Integer microsecond(TIME arg)
?[0m?[0;34m2024-07-18T17:39:29.671-04:00 DEBUG 93785 --- [    Test worker] org.hibernate.HQL_FUNCTIONS              : min(COMPARABLE arg)
?[0m?[0;34m2024-07-18T17:39:29.671-04:00 DEBUG 93785 --- [    Test worker] org.hibernate.HQL_FUNCTIONS              : Integer minute(TIME arg)
?[0m?[0;34m2024-07-18T17:39:29.671-04:00 DEBUG 93785 --- [    Test worker] org.hibernate.HQL_FUNCTIONS              : Integer mod(INTEGER arg0, INTEGER arg1)
?[0m?[0;34m2024-07-18T17:39:29.672-04:00 DEBUG 93785 --- [    Test worker] org.hibernate.HQL_FUNCTIONS              : mode()
?[0m?[0;34m2024-07-18T17:39:29.672-04:00 DEBUG 93785 --- [    Test worker] org.hibernate.HQL_FUNCTIONS              : Integer month(DATE arg)
?[0m?[0;34m2024-07-18T17:39:29.672-04:00 DEBUG 93785 --- [    Test worker] org.hibernate.HQL_FUNCTIONS              : String monthname(DATE arg)
?[0m?[0;34m2024-07-18T17:39:29.672-04:00 DEBUG 93785 --- [    Test worker] org.hibernate.HQL_FUNCTIONS              : Timestamp now()
?[0m?[0;34m2024-07-18T17:39:29.672-04:00 DEBUG 93785 --- [    Test worker] org.hibernate.HQL_FUNCTIONS              : nth_valueANY value, INTEGER nth
?[0m?[0;34m2024-07-18T17:39:29.672-04:00 DEBUG 93785 --- [    Test worker] org.hibernate.HQL_FUNCTIONS              : nullif(arg0, arg1)
?[0m?[0;34m2024-07-18T17:39:29.672-04:00 DEBUG 93785 --- [    Test worker] org.hibernate.HQL_FUNCTIONS              : Integer octet_length(STRING_OR_CLOB arg)
?[0m?[0;34m2024-07-18T17:39:29.672-04:00 DEBUG 93785 --- [    Test worker] org.hibernate.HQL_FUNCTIONS              : OffsetDateTime offset_datetime
?[0m?[0;34m2024-07-18T17:39:29.672-04:00 DEBUG 93785 --- [    Test worker] org.hibernate.HQL_FUNCTIONS              : String overlay(STRING string placing STRING replacement from INTEGER start[ for INTEGER length])
?[0m?[0;34m2024-07-18T17:39:29.672-04:00 DEBUG 93785 --- [    Test worker] org.hibernate.HQL_FUNCTIONS              : String pad(STRING string with INTEGER length {leading|trailing}[ STRING character])
?[0m?[0;34m2024-07-18T17:39:29.672-04:00 DEBUG 93785 --- [    Test worker] org.hibernate.HQL_FUNCTIONS              : Double percent_rank([arg0[, ...]])
?[0m?[0;34m2024-07-18T17:39:29.672-04:00 DEBUG 93785 --- [    Test worker] org.hibernate.HQL_FUNCTIONS              : percentile_cont(NUMERIC arg)
?[0m?[0;34m2024-07-18T17:39:29.672-04:00 DEBUG 93785 --- [    Test worker] org.hibernate.HQL_FUNCTIONS              : percentile_disc(NUMERIC arg)
?[0m?[0;34m2024-07-18T17:39:29.672-04:00 DEBUG 93785 --- [    Test worker] org.hibernate.HQL_FUNCTIONS              : Double pi()
?[0m?[0;34m2024-07-18T17:39:29.672-04:00 DEBUG 93785 --- [    Test worker] org.hibernate.HQL_FUNCTIONS              : Integer position(STRING pattern in STRING string)
?[0m?[0;34m2024-07-18T17:39:29.672-04:00 DEBUG 93785 --- [    Test worker] org.hibernate.HQL_FUNCTIONS              : Double power(NUMERIC arg0, NUMERIC arg1)
?[0m?[0;34m2024-07-18T17:39:29.672-04:00 DEBUG 93785 --- [    Test worker] org.hibernate.HQL_FUNCTIONS              : Integer quarter(DATE arg)
?[0m?[0;34m2024-07-18T17:39:29.672-04:00 DEBUG 93785 --- [    Test worker] org.hibernate.HQL_FUNCTIONS              : Double radians(NUMERIC arg)
?[0m?[0;34m2024-07-18T17:39:29.672-04:00 DEBUG 93785 --- [    Test worker] org.hibernate.HQL_FUNCTIONS              : Double rand([INTEGER seed])
?[0m?[0;34m2024-07-18T17:39:29.672-04:00 DEBUG 93785 --- [    Test worker] org.hibernate.HQL_FUNCTIONS              : Long rank([arg0[, ...]])
?[0m?[0;34m2024-07-18T17:39:29.672-04:00 DEBUG 93785 --- [    Test worker] org.hibernate.HQL_FUNCTIONS              : String repeat(STRING string, INTEGER times)
?[0m?[0;34m2024-07-18T17:39:29.672-04:00 DEBUG 93785 --- [    Test worker] org.hibernate.HQL_FUNCTIONS              : String replace(STRING string, STRING pattern, STRING replacement)
?[0m?[0;34m2024-07-18T17:39:29.672-04:00 DEBUG 93785 --- [    Test worker] org.hibernate.HQL_FUNCTIONS              : String right(STRING string, INTEGER length)
?[0m?[0;34m2024-07-18T17:39:29.672-04:00 DEBUG 93785 --- [    Test worker] org.hibernate.HQL_FUNCTIONS              : round(NUMERIC arg0, INTEGER arg1)
?[0m?[0;34m2024-07-18T17:39:29.672-04:00 DEBUG 93785 --- [    Test worker] org.hibernate.HQL_FUNCTIONS              : Long row_number()
?[0m?[0;34m2024-07-18T17:39:29.672-04:00 DEBUG 93785 --- [    Test worker] org.hibernate.HQL_FUNCTIONS              : Long rownum()
?[0m?[0;34m2024-07-18T17:39:29.673-04:00 DEBUG 93785 --- [    Test worker] org.hibernate.HQL_FUNCTIONS              : String rpad(STRING string, INTEGER length[, STRING padding])
?[0m?[0;34m2024-07-18T17:39:29.673-04:00 DEBUG 93785 --- [    Test worker] org.hibernate.HQL_FUNCTIONS              : String rtrim(STRING string)
?[0m?[0;34m2024-07-18T17:39:29.673-04:00 DEBUG 93785 --- [    Test worker] org.hibernate.HQL_FUNCTIONS              : Integer second(TIME arg)
?[0m?[0;34m2024-07-18T17:39:29.673-04:00 DEBUG 93785 --- [    Test worker] org.hibernate.HQL_FUNCTIONS              : Integer sign(NUMERIC arg)
?[0m?[0;34m2024-07-18T17:39:29.673-04:00 DEBUG 93785 --- [    Test worker] org.hibernate.HQL_FUNCTIONS              : Double sin(NUMERIC arg)
?[0m?[0;34m2024-07-18T17:39:29.673-04:00 DEBUG 93785 --- [    Test worker] org.hibernate.HQL_FUNCTIONS              : String soundex(arg)
?[0m?[0;34m2024-07-18T17:39:29.673-04:00 DEBUG 93785 --- [    Test worker] org.hibernate.HQL_FUNCTIONS              : String space(INTEGER arg)
?[0m?[0;34m2024-07-18T17:39:29.673-04:00 DEBUG 93785 --- [    Test worker] org.hibernate.HQL_FUNCTIONS              : Object sql
?[0m?[0;34m2024-07-18T17:39:29.673-04:00 DEBUG 93785 --- [    Test worker] org.hibernate.HQL_FUNCTIONS              : Double sqrt(NUMERIC arg)
?[0m?[0;34m2024-07-18T17:39:29.673-04:00 DEBUG 93785 --- [    Test worker] org.hibernate.HQL_FUNCTIONS              : Double stddev_pop(NUMERIC arg)
?[0m?[0;34m2024-07-18T17:39:29.673-04:00 DEBUG 93785 --- [    Test worker] org.hibernate.HQL_FUNCTIONS              : Double stddev_samp(NUMERIC arg)
?[0m?[0;34m2024-07-18T17:39:29.673-04:00 DEBUG 93785 --- [    Test worker] org.hibernate.HQL_FUNCTIONS              : String str(arg)
?[0m?[0;34m2024-07-18T17:39:29.673-04:00 DEBUG 93785 --- [    Test worker] org.hibernate.HQL_FUNCTIONS              : String substr(STRING string, INTEGER start[, INTEGER length])
?[0m?[0;34m2024-07-18T17:39:29.673-04:00 DEBUG 93785 --- [    Test worker] org.hibernate.HQL_FUNCTIONS              : String substring(STRING string{ from|,} INTEGER start[{ for|,} INTEGER length])
?[0m?[0;34m2024-07-18T17:39:29.673-04:00 DEBUG 93785 --- [    Test worker] org.hibernate.HQL_FUNCTIONS              : sum(arg)
?[0m?[0;34m2024-07-18T17:39:29.673-04:00 DEBUG 93785 --- [    Test worker] org.hibernate.HQL_FUNCTIONS              : Timestamp sysdate
?[0m?[0;34m2024-07-18T17:39:29.673-04:00 DEBUG 93785 --- [    Test worker] org.hibernate.HQL_FUNCTIONS              : Double tan(NUMERIC arg)
?[0m?[0;34m2024-07-18T17:39:29.673-04:00 DEBUG 93785 --- [    Test worker] org.hibernate.HQL_FUNCTIONS              : timestampadd(TEMPORAL_UNIT field, INTEGER magnitude, TEMPORAL datetime)
?[0m?[0;34m2024-07-18T17:39:29.673-04:00 DEBUG 93785 --- [    Test worker] org.hibernate.HQL_FUNCTIONS              : basicType@20(java.lang.Long,-5)|basicType@32(java.lang.Double,6) timestampdiff(TEMPORAL_UNIT field, TEMPORAL start, TEMPORAL end)
?[0m?[0;34m2024-07-18T17:39:29.673-04:00 DEBUG 93785 --- [    Test worker] org.hibernate.HQL_FUNCTIONS              : String translate(STRING arg0, STRING arg1, STRING arg2)
?[0m?[0;34m2024-07-18T17:39:29.673-04:00 DEBUG 93785 --- [    Test worker] org.hibernate.HQL_FUNCTIONS              : String trim([[{leading|trailing|both} ][STRING arg0 ]from] STRING arg1)
?[0m?[0;34m2024-07-18T17:39:29.673-04:00 DEBUG 93785 --- [    Test worker] org.hibernate.HQL_FUNCTIONS              : Double truncate(NUMERIC number, INTEGER places)
?[0m?[0;34m2024-07-18T17:39:29.673-04:00 DEBUG 93785 --- [    Test worker] org.hibernate.HQL_FUNCTIONS              : String upper(STRING string)
?[0m?[0;34m2024-07-18T17:39:29.673-04:00 DEBUG 93785 --- [    Test worker] org.hibernate.HQL_FUNCTIONS              : Double var_pop(NUMERIC arg)
?[0m?[0;34m2024-07-18T17:39:29.673-04:00 DEBUG 93785 --- [    Test worker] org.hibernate.HQL_FUNCTIONS              : Double var_samp(NUMERIC arg)
?[0m?[0;34m2024-07-18T17:39:29.673-04:00 DEBUG 93785 --- [    Test worker] org.hibernate.HQL_FUNCTIONS              : Integer week(DATE arg)
?[0m?[0;34m2024-07-18T17:39:29.673-04:00 DEBUG 93785 --- [    Test worker] org.hibernate.HQL_FUNCTIONS              : Integer year(DATE arg)
?[0m?[0;34m2024-07-18T17:39:29.674-04:00 DEBUG 93785 --- [    Test worker] org.hibernate.HQL_FUNCTIONS              : Boolean any(BOOLEAN predicate)
?[0m?[0;34m2024-07-18T17:39:29.674-04:00 DEBUG 93785 --- [    Test worker] org.hibernate.HQL_FUNCTIONS              : Character chr(INTEGER arg)
?[0m?[0;34m2024-07-18T17:39:29.674-04:00 DEBUG 93785 --- [    Test worker] org.hibernate.HQL_FUNCTIONS              : Date current date
?[0m?[0;34m2024-07-18T17:39:29.674-04:00 DEBUG 93785 --- [    Test worker] org.hibernate.HQL_FUNCTIONS              : Time current time
?[0m?[0;34m2024-07-18T17:39:29.674-04:00 DEBUG 93785 --- [    Test worker] org.hibernate.HQL_FUNCTIONS              : Timestamp current timestamp
?[0m?[0;34m2024-07-18T17:39:29.674-04:00 DEBUG 93785 --- [    Test worker] org.hibernate.HQL_FUNCTIONS              : Instant current_instant
?[0m?[0;34m2024-07-18T17:39:29.674-04:00 DEBUG 93785 --- [    Test worker] org.hibernate.HQL_FUNCTIONS              : dateadd(TEMPORAL_UNIT field, INTEGER magnitude, TEMPORAL datetime)
?[0m?[0;34m2024-07-18T17:39:29.674-04:00 DEBUG 93785 --- [    Test worker] org.hibernate.HQL_FUNCTIONS              : basicType@20(java.lang.Long,-5)|basicType@32(java.lang.Double,6) datediff(TEMPORAL_UNIT field, TEMPORAL start, TEMPORAL end)
?[0m?[0;34m2024-07-18T17:39:29.674-04:00 DEBUG 93785 --- [    Test worker] org.hibernate.HQL_FUNCTIONS              : Integer day(DATE arg)
?[0m?[0;34m2024-07-18T17:39:29.674-04:00 DEBUG 93785 --- [    Test worker] org.hibernate.HQL_FUNCTIONS              : Boolean every(BOOLEAN predicate)
?[0m?[0;34m2024-07-18T17:39:29.674-04:00 DEBUG 93785 --- [    Test worker] org.hibernate.HQL_FUNCTIONS              : Integer length(STRING_OR_CLOB arg)
?[0m?[0;34m2024-07-18T17:39:29.674-04:00 DEBUG 93785 --- [    Test worker] org.hibernate.HQL_FUNCTIONS              : LocalDate local date
?[0m?[0;34m2024-07-18T17:39:29.674-04:00 DEBUG 93785 --- [    Test worker] org.hibernate.HQL_FUNCTIONS              : LocalDateTime local datetime
?[0m?[0;34m2024-07-18T17:39:29.674-04:00 DEBUG 93785 --- [    Test worker] org.hibernate.HQL_FUNCTIONS              : LocalTime local time
?[0m?[0;34m2024-07-18T17:39:29.674-04:00 DEBUG 93785 --- [    Test worker] org.hibernate.HQL_FUNCTIONS              : OffsetDateTime offset datetime
?[0m?[0;34m2024-07-18T17:39:29.674-04:00 DEBUG 93785 --- [    Test worker] o.h.type.spi.TypeConfiguration$Scope     : Scoping TypeConfiguration [org.hibernate.type.spi.TypeConfiguration@7985c32f] to SessionFactoryImplementor [org.hibernate.internal.SessionFactoryImpl@37e99c0f]
?[0m?[0;34m2024-07-18T17:39:29.674-04:00 DEBUG 93785 --- [    Test worker] o.h.boot.internal.ClassLoaderAccessImpl  : Not known whether passed class name [antifraud.model.User] is safe
?[0m?[0;34m2024-07-18T17:39:29.674-04:00 DEBUG 93785 --- [    Test worker] o.h.boot.internal.ClassLoaderAccessImpl  : No temp ClassLoader provided; using live ClassLoader for loading potentially unsafe class : antifraud.model.User
?[0m?[0;34m2024-07-18T17:39:29.743-04:00 DEBUG 93785 --- [    Test worker] o.hibernate.orm.model.mapping.creation   : Starting post-init callbacks
?[0m?[0;34m2024-07-18T17:39:29.744-04:00 DEBUG 93785 --- [    Test worker] o.hibernate.orm.model.mapping.creation   : Starting PostInitCallbackEntry : Entity(antifraud.model.User) `staticFetchableList` generator
?[0m?[0;34m2024-07-18T17:39:29.744-04:00 DEBUG 93785 --- [    Test worker] o.h.p.entity.AbstractEntityPersister     : Static SQL for entity: antifraud.model.User
?[0m?[0;34m2024-07-18T17:39:29.744-04:00 DEBUG 93785 --- [    Test worker] o.h.p.entity.AbstractEntityPersister     :  Version select: select id from app_user where id =?
?[0m?[0;34m2024-07-18T17:39:29.744-04:00 DEBUG 93785 --- [    Test worker] o.h.p.entity.AbstractEntityPersister     :  Insert 0: insert into app_user (name, password, username, id) values (?, ?, ?, ?)
?[0m?[0;34m2024-07-18T17:39:29.744-04:00 DEBUG 93785 --- [    Test worker] o.h.p.entity.AbstractEntityPersister     :  Update 0: update app_user set name=?, password=?, username=? where id=?
?[0m?[0;34m2024-07-18T17:39:29.744-04:00 DEBUG 93785 --- [    Test worker] o.h.p.entity.AbstractEntityPersister     :  Delete 0: delete from app_user where id=?
?[0m?[0;34m2024-07-18T17:39:29.744-04:00 DEBUG 93785 --- [    Test worker] o.h.p.entity.AbstractEntityPersister     :  Identity insert: insert into app_user (id, name, password, username) values (default, ?, ?, ?)
?[0m?[0;34m2024-07-18T17:39:29.745-04:00 DEBUG 93785 --- [    Test worker] org.hibernate.orm.sql.ast.create         : Created new SQL alias : u1_0
?[0m?[0;34m2024-07-18T17:39:29.745-04:00 DEBUG 93785 --- [    Test worker] org.hibernate.orm.sql.ast.create         : Registration of TableGroup [StandardTableGroup(antifraud.model.User)] with identifierForTableGroup [antifraud.model.User] for NavigablePath [antifraud.model.User] 
?[0m?[0;34m2024-07-18T17:39:29.746-04:00 DEBUG 93785 --- [    Test worker] org.hibernate.orm.results.graph.AST      : DomainResult Graph:
?[0m?[0;34m \-EntityResultImpl [antifraud.model.User]
?[0m?[0;34m |  +-BasicFetch [antifraud.model.User.name]
?[0m?[0;34m |  +-BasicFetch [antifraud.model.User.password]
?[0m?[0;34m |  \-BasicFetch [antifraud.model.User.username]
?[0m?[0;34m
?[0m?[0;34m2024-07-18T17:39:29.746-04:00 DEBUG 93785 --- [    Test worker] org.hibernate.orm.sql.ast.tree           : SQL AST Tree:
?[0m?[0;34m    SelectStatement {
?[0m?[0;34m      FromClause {
?[0m?[0;34m        StandardTableGroup (u1 : antifraud.model.User) {
?[0m?[0;34m          primaryTableReference : app_user as u1_0
?[0m?[0;34m        }
?[0m?[0;34m      }
?[0m?[0;34m    }
?[0m?[0;34m
?[0m?[0;34m2024-07-18T17:39:29.748-04:00 DEBUG 93785 --- [    Test worker] o.h.query.named.NamedObjectRepository    : Checking 0 named HQL queries
?[0m?[0;34m2024-07-18T17:39:29.749-04:00 DEBUG 93785 --- [    Test worker] o.h.query.named.NamedObjectRepository    : Checking 0 named SQL queries
?[0m?[0;34m2024-07-18T17:39:29.753-04:00 DEBUG 93785 --- [    Test worker] org.hibernate.SQL                        : create table app_user (id bigint generated by default as identity, name varchar(255), password varchar(255), username varchar(255), primary key (id))
?[0m?[0;34m2024-07-18T17:39:29.755-04:00  INFO 93785 --- [    Test worker] o.h.e.t.j.p.i.JtaPlatformInitiator       : HHH000490: Using JtaPlatform implementation: [org.hibernate.engine.transaction.jta.platform.internal.NoJtaPlatform]
?[0m?[0;34m2024-07-18T17:39:29.755-04:00 DEBUG 93785 --- [    Test worker] .h.s.i.SessionFactoryServiceRegistryImpl : EventListenerRegistry access via ServiceRegistry is deprecated.  Use `sessionFactory.getEventEngine().getListenerRegistry()` instead
?[0m?[0;34m2024-07-18T17:39:29.755-04:00 DEBUG 93785 --- [    Test worker] h.e.i.EntityCopyObserverFactoryInitiator : Configured EntityCopyObserver strategy: disallow
?[0m?[0;34m2024-07-18T17:39:29.755-04:00 DEBUG 93785 --- [    Test worker] o.h.internal.SessionFactoryRegistry      : Registering SessionFactory: 32a80555-d031-4982-ac70-ebfa2bba6c3d (<unnamed>)
?[0m?[0;34m2024-07-18T17:39:29.757-04:00 DEBUG 93785 --- [    Test worker] o.h.internal.SessionFactoryRegistry      : Not binding SessionFactory to JNDI, no JNDI name configured
?[0m?[0;34m2024-07-18T17:39:29.757-04:00  INFO 93785 --- [    Test worker] j.LocalContainerEntityManagerFactoryBean : Initialized JPA EntityManagerFactory for persistence unit 'default'
?[0m?[0;34m2024-07-18T17:39:29.757-04:00 DEBUG 93785 --- [    Test worker] o.s.b.f.s.DefaultListableBeanFactory     : Creating shared instance of singleton bean 'antiFraudApplication'
?[0m?[0;34m2024-07-18T17:39:29.758-04:00 DEBUG 93785 --- [    Test worker] o.s.b.f.s.DefaultListableBeanFactory     : Creating shared instance of singleton bean 'passwordConfig'
?[0m?[0;34m2024-07-18T17:39:29.758-04:00 DEBUG 93785 --- [    Test worker] o.s.b.f.s.DefaultListableBeanFactory     : Creating shared instance of singleton bean 'restAuthenticationEntryPoint'
?[0m?[0;34m2024-07-18T17:39:29.760-04:00 DEBUG 93785 --- [    Test worker] o.s.b.f.s.DefaultListableBeanFactory     : Creating shared instance of singleton bean 'securityConfig'
?[0m?[0;34m2024-07-18T17:39:29.761-04:00 DEBUG 93785 --- [    Test worker] o.s.b.f.s.DefaultListableBeanFactory     : Autowiring by type from bean name 'securityConfig' via constructor to bean named 'restAuthenticationEntryPoint'
?[0m?[0;34m2024-07-18T17:39:29.761-04:00 DEBUG 93785 --- [    Test worker] o.s.b.f.s.DefaultListableBeanFactory     : Creating shared instance of singleton bean 'antiFraudController'
?[0m?[0;34m2024-07-18T17:39:29.762-04:00 DEBUG 93785 --- [    Test worker] o.s.b.f.s.DefaultListableBeanFactory     : Creating shared instance of singleton bean 'authController'
?[0m?[0;34m2024-07-18T17:39:29.763-04:00 DEBUG 93785 --- [    Test worker] o.s.b.f.s.DefaultListableBeanFactory     : Creating shared instance of singleton bean 'userRepository'
?[0m?[0;34m2024-07-18T17:39:29.767-04:00 DEBUG 93785 --- [    Test worker] o.s.b.f.s.DefaultListableBeanFactory     : Creating shared instance of singleton bean 'jpa.named-queries#0'
?[0m?[0;34m2024-07-18T17:39:29.769-04:00 DEBUG 93785 --- [    Test worker] o.s.b.f.s.DefaultListableBeanFactory     : Creating shared instance of singleton bean 'jpa.UserRepository.fragments#0'
?[0m?[0;34m2024-07-18T17:39:29.771-04:00 DEBUG 93785 --- [    Test worker] o.s.b.f.s.DefaultListableBeanFactory     : Creating shared instance of singleton bean 'jpaSharedEM_entityManagerFactory'
?[0m?[0;34m2024-07-18T17:39:29.775-04:00 DEBUG 93785 --- [    Test worker] o.s.b.f.s.DefaultListableBeanFactory     : Creating shared instance of singleton bean 'jpaMappingContext'
?[0m?[0;34m2024-07-18T17:39:29.775-04:00 DEBUG 93785 --- [    Test worker] .c.JpaMetamodelMappingContextFactoryBean : Initializing JpaMetamodelMappingContext…
?[0m?[0;34m2024-07-18T17:39:29.776-04:00 DEBUG 93785 --- [    Test worker] .c.JpaMetamodelMappingContextFactoryBean : Finished initializing JpaMetamodelMappingContext
?[0m?[0;34m2024-07-18T17:39:29.778-04:00 DEBUG 93785 --- [    Test worker] tor$SharedEntityManagerInvocationHandler : Creating new EntityManager for shared EntityManager invocation
?[0m?[0;34m2024-07-18T17:39:29.778-04:00 DEBUG 93785 --- [    Test worker] o.h.stat.internal.StatisticsInitiator    : Statistics initialized [enabled=false]
?[0m?[0;34m2024-07-18T17:39:29.779-04:00 DEBUG 93785 --- [    Test worker] o.s.b.f.s.DefaultListableBeanFactory     : Creating shared instance of singleton bean 'metricsRepositoryMethodInvocationListener'
?[0m?[0;34m2024-07-18T17:39:29.779-04:00 DEBUG 93785 --- [    Test worker] o.s.b.f.s.DefaultListableBeanFactory     : Creating shared instance of singleton bean 'org.springframework.boot.actuate.autoconfigure.metrics.data.RepositoryMetricsAutoConfiguration'
?[0m?[0;34m2024-07-18T17:39:29.780-04:00 DEBUG 93785 --- [    Test worker] o.s.b.f.s.DefaultListableBeanFactory     : Autowiring by type from bean name 'org.springframework.boot.actuate.autoconfigure.metrics.data.RepositoryMetricsAutoConfiguration' via constructor to bean named 'management.metrics-org.springframework.boot.actuate.autoconfigure.metrics.MetricsProperties'
?[0m?[0;34m2024-07-18T17:39:29.781-04:00 DEBUG 93785 --- [    Test worker] o.s.b.f.s.DefaultListableBeanFactory     : Creating shared instance of singleton bean 'repositoryTagsProvider'
?[0m?[0;34m2024-07-18T17:39:29.782-04:00 DEBUG 93785 --- [    Test worker] o.s.b.f.s.DefaultListableBeanFactory     : Autowiring by type from bean name 'metricsRepositoryMethodInvocationListener' via factory method to bean named 'repositoryTagsProvider'
?[0m?[0;34m2024-07-18T17:39:29.784-04:00 DEBUG 93785 --- [    Test worker] o.s.d.r.c.s.RepositoryFactorySupport     : Initializing repository instance for antifraud.repository.UserRepository…
?[0m?[0;34m2024-07-18T17:39:29.785-04:00 DEBUG 93785 --- [    Test worker] tor$SharedEntityManagerInvocationHandler : Creating new EntityManager for shared EntityManager invocation
?[0m?[0;34m2024-07-18T17:39:29.801-04:00 DEBUG 93785 --- [    Test worker] o.s.d.jpa.repository.query.NamedQuery    : Looking up named query User.findByUsernameIgnoreCase
?[0m?[0;34m2024-07-18T17:39:29.801-04:00 DEBUG 93785 --- [    Test worker] cResourceLocalTransactionCoordinatorImpl : JDBC transaction marked for rollback-only (exception provided for stack trace)
?[0m?[0;34m
?[0m?[0;34mjava.lang.Exception: exception just for purpose of providing stack trace
?[0m?[0;34m	at org.hibernate.resource.transaction.backend.jdbc.internal.JdbcResourceLocalTransactionCoordinatorImpl$TransactionDriverControlImpl.markRollbackOnly(JdbcResourceLocalTransactionCoordinatorImpl.java:324) ~[hibernate-core-6.1.6.Final.jar:6.1.6.Final]
?[0m?[0;34m	at org.hibernate.internal.AbstractSharedSessionContract.buildNamedQuery(AbstractSharedSessionContract.java:1003) ~[hibernate-core-6.1.6.Final.jar:6.1.6.Final]
?[0m?[0;34m	at org.hibernate.internal.AbstractSharedSessionContract.createNamedQuery(AbstractSharedSessionContract.java:866) ~[hibernate-core-6.1.6.Final.jar:6.1.6.Final]
?[0m?[0;34m	at org.hibernate.internal.AbstractSharedSessionContract.createNamedQuery(AbstractSharedSessionContract.java:126) ~[hibernate-core-6.1.6.Final.jar:6.1.6.Final]
?[0m?[0;34m	at java.base/jdk.internal.reflect.NativeMethodAccessorImpl.invoke0(Native Method) ~[na:na]
?[0m?[0;34m	at java.base/jdk.internal.reflect.NativeMethodAccessorImpl.invoke(NativeMethodAccessorImpl.java:77) ~[na:na]
?[0m?[0;34m	at java.base/jdk.internal.reflect.DelegatingMethodAccessorImpl.invoke(DelegatingMethodAccessorImpl.java:43) ~[na:na]
?[0m?[0;34m	at java.base/java.lang.reflect.Method.invoke(Method.java:568) ~[na:na]
?[0m?[0;34m	at org.springframework.orm.jpa.ExtendedEntityManagerCreator$ExtendedEntityManagerInvocationHandler.invoke(ExtendedEntityManagerCreator.java:360) ~[spring-orm-6.0.4.jar:6.0.4]
?[0m?[0;34m	at jdk.proxy3/jdk.proxy3.$Proxy132.createNamedQuery(Unknown Source) ~[na:na]
?[0m?[0;34m	at org.springframework.data.jpa.repository.query.NamedQuery.hasNamedQuery(NamedQuery.java:115) ~[spring-data-jpa-3.0.1.jar:3.0.1]
?[0m?[0;34m	at org.springframework.data.jpa.repository.query.NamedQuery.lookupFrom(NamedQuery.java:144) ~[spring-data-jpa-3.0.1.jar:3.0.1]
?[0m?[0;34m	at org.springframework.data.jpa.repository.query.JpaQueryLookupStrategy$DeclaredQueryLookupStrategy.resolveQuery(JpaQueryLookupStrategy.java:180) ~[spring-data-jpa-3.0.1.jar:3.0.1]
?[0m?[0;34m	at org.springframework.data.jpa.repository.query.JpaQueryLookupStrategy$CreateIfNotFoundQueryLookupStrategy.resolveQuery(JpaQueryLookupStrategy.java:252) ~[spring-data-jpa-3.0.1.jar:3.0.1]
?[0m?[0;34m	at org.springframework.data.jpa.repository.query.JpaQueryLookupStrategy$AbstractQueryLookupStrategy.resolveQuery(JpaQueryLookupStrategy.java:95) ~[spring-data-jpa-3.0.1.jar:3.0.1]
?[0m?[0;34m	at org.springframework.data.repository.core.support.QueryExecutorMethodInterceptor.lookupQuery(QueryExecutorMethodInterceptor.java:111) ~[spring-data-commons-3.0.1.jar:3.0.1]
?[0m?[0;34m	at org.springframework.data.repository.core.support.QueryExecutorMethodInterceptor.mapMethodsToQuery(QueryExecutorMethodInterceptor.java:99) ~[spring-data-commons-3.0.1.jar:3.0.1]
?[0m?[0;34m	at org.springframework.data.repository.core.support.QueryExecutorMethodInterceptor.lambda$new$0(QueryExecutorMethodInterceptor.java:88) ~[spring-data-commons-3.0.1.jar:3.0.1]
?[0m?[0;34m	at java.base/java.util.Optional.map(Optional.java:260) ~[na:na]
?[0m?[0;34m	at org.springframework.data.repository.core.support.QueryExecutorMethodInterceptor.<init>(QueryExecutorMethodInterceptor.java:88) ~[spring-data-commons-3.0.1.jar:3.0.1]
?[0m?[0;34m	at org.springframework.data.repository.core.support.RepositoryFactorySupport.getRepository(RepositoryFactorySupport.java:357) ~[spring-data-commons-3.0.1.jar:3.0.1]
?[0m?[0;34m	at org.springframework.data.repository.core.support.RepositoryFactoryBeanSupport.lambda$afterPropertiesSet$5(RepositoryFactoryBeanSupport.java:279) ~[spring-data-commons-3.0.1.jar:3.0.1]
?[0m?[0;34m	at org.springframework.data.util.Lazy.getNullable(Lazy.java:245) ~[spring-data-commons-3.0.1.jar:3.0.1]
?[0m?[0;34m	at org.springframework.data.util.Lazy.get(Lazy.java:114) ~[spring-data-commons-3.0.1.jar:3.0.1]
?[0m?[0;34m	at org.springframework.data.repository.core.support.RepositoryFactoryBeanSupport.afterPropertiesSet(RepositoryFactoryBeanSupport.java:285) ~[spring-data-commons-3.0.1.jar:3.0.1]
?[0m?[0;34m	at org.springframework.data.jpa.repository.support.JpaRepositoryFactoryBean.afterPropertiesSet(JpaRepositoryFactoryBean.java:132) ~[spring-data-jpa-3.0.1.jar:3.0.1]
?[0m?[0;34m	at org.springframework.beans.factory.support.AbstractAutowireCapableBeanFactory.invokeInitMethods(AbstractAutowireCapableBeanFactory.java:1797) ~[spring-beans-6.0.4.jar:6.0.4]
?[0m?[0;34m	at org.springframework.beans.factory.support.AbstractAutowireCapableBeanFactory.initializeBean(AbstractAutowireCapableBeanFactory.java:1747) ~[spring-beans-6.0.4.jar:6.0.4]
?[0m?[0;34m	at org.springframework.beans.factory.support.AbstractAutowireCapableBeanFactory.doCreateBean(AbstractAutowireCapableBeanFactory.java:599) ~[spring-beans-6.0.4.jar:6.0.4]
?[0m?[0;34m	at org.springframework.beans.factory.support.AbstractAutowireCapableBeanFactory.createBean(AbstractAutowireCapableBeanFactory.java:521) ~[spring-beans-6.0.4.jar:6.0.4]
?[0m?[0;34m	at org.springframework.beans.factory.support.AbstractBeanFactory.lambda$doGetBean$0(AbstractBeanFactory.java:326) ~[spring-beans-6.0.4.jar:6.0.4]
?[0m?[0;34m	at org.springframework.beans.factory.support.DefaultSingletonBeanRegistry.getSingleton(DefaultSingletonBeanRegistry.java:234) ~[spring-beans-6.0.4.jar:6.0.4]
?[0m?[0;34m	at org.springframework.beans.factory.support.AbstractBeanFactory.doGetBean(AbstractBeanFactory.java:324) ~[spring-beans-6.0.4.jar:6.0.4]
?[0m?[0;34m	at org.springframework.beans.factory.support.AbstractBeanFactory.getBean(AbstractBeanFactory.java:200) ~[spring-beans-6.0.4.jar:6.0.4]
?[0m?[0;34m	at org.springframework.beans.factory.config.DependencyDescriptor.resolveCandidate(DependencyDescriptor.java:254) ~[spring-beans-6.0.4.jar:6.0.4]
?[0m?[0;34m	at org.springframework.beans.factory.support.DefaultListableBeanFactory.doResolveDependency(DefaultListableBeanFactory.java:1405) ~[spring-beans-6.0.4.jar:6.0.4]
?[0m?[0;34m	at org.springframework.beans.factory.support.DefaultListableBeanFactory.resolveDependency(DefaultListableBeanFactory.java:1325) ~[spring-beans-6.0.4.jar:6.0.4]
?[0m?[0;34m	at org.springframework.beans.factory.annotation.AutowiredAnnotationBeanPostProcessor$AutowiredFieldElement.resolveFieldValue(AutowiredAnnotationBeanPostProcessor.java:709) ~[spring-beans-6.0.4.jar:6.0.4]
?[0m?[0;34m	at org.springframework.beans.factory.annotation.AutowiredAnnotationBeanPostProcessor$AutowiredFieldElement.inject(AutowiredAnnotationBeanPostProcessor.java:692) ~[spring-beans-6.0.4.jar:6.0.4]
?[0m?[0;34m	at org.springframework.beans.factory.annotation.InjectionMetadata.inject(InjectionMetadata.java:133) ~[spring-beans-6.0.4.jar:6.0.4]
?[0m?[0;34m	at org.springframework.beans.factory.annotation.AutowiredAnnotationBeanPostProcessor.postProcessProperties(AutowiredAnnotationBeanPostProcessor.java:481) ~[spring-beans-6.0.4.jar:6.0.4]
?[0m?[0;34m	at org.springframework.beans.factory.support.AbstractAutowireCapableBeanFactory.populateBean(AbstractAutowireCapableBeanFactory.java:1397) ~[spring-beans-6.0.4.jar:6.0.4]
?[0m?[0;34m	at org.springframework.beans.factory.support.AbstractAutowireCapableBeanFactory.doCreateBean(AbstractAutowireCapableBeanFactory.java:598) ~[spring-beans-6.0.4.jar:6.0.4]
?[0m?[0;34m	at org.springframework.beans.factory.support.AbstractAutowireCapableBeanFactory.createBean(AbstractAutowireCapableBeanFactory.java:521) ~[spring-beans-6.0.4.jar:6.0.4]
?[0m?[0;34m	at org.springframework.beans.factory.support.AbstractBeanFactory.lambda$doGetBean$0(AbstractBeanFactory.java:326) ~[spring-beans-6.0.4.jar:6.0.4]
?[0m?[0;34m	at org.springframework.beans.factory.support.DefaultSingletonBeanRegistry.getSingleton(DefaultSingletonBeanRegistry.java:234) ~[spring-beans-6.0.4.jar:6.0.4]
?[0m?[0;34m	at org.springframework.beans.factory.support.AbstractBeanFactory.doGetBean(AbstractBeanFactory.java:324) ~[spring-beans-6.0.4.jar:6.0.4]
?[0m?[0;34m	at org.springframework.beans.factory.support.AbstractBeanFactory.getBean(AbstractBeanFactory.java:200) ~[spring-beans-6.0.4.jar:6.0.4]
?[0m?[0;34m	at org.springframework.beans.factory.support.DefaultListableBeanFactory.preInstantiateSingletons(DefaultListableBeanFactory.java:961) ~[spring-beans-6.0.4.jar:6.0.4]
?[0m?[0;34m	at org.springframework.context.support.AbstractApplicationContext.finishBeanFactoryInitialization(AbstractApplicationContext.java:915) ~[spring-context-6.0.4.jar:6.0.4]
?[0m?[0;34m	at org.springframework.context.support.AbstractApplicationContext.refresh(AbstractApplicationContext.java:584) ~[spring-context-6.0.4.jar:6.0.4]
?[0m?[0;34m	at org.springframework.boot.web.servlet.context.ServletWebServerApplicationContext.refresh(ServletWebServerApplicationContext.java:146) ~[spring-boot-3.0.2.jar:3.0.2]
?[0m?[0;34m	at org.springframework.boot.SpringApplication.refresh(SpringApplication.java:730) ~[spring-boot-3.0.2.jar:3.0.2]
?[0m?[0;34m	at org.springframework.boot.SpringApplication.refreshContext(SpringApplication.java:432) ~[spring-boot-3.0.2.jar:3.0.2]
?[0m?[0;34m	at org.springframework.boot.SpringApplication.run(SpringApplication.java:308) ~[spring-boot-3.0.2.jar:3.0.2]
?[0m?[0;34m	at org.springframework.boot.SpringApplication.run(SpringApplication.java:1302) ~[spring-boot-3.0.2.jar:3.0.2]
?[0m?[0;34m	at org.springframework.boot.SpringApplication.run(SpringApplication.java:1291) ~[spring-boot-3.0.2.jar:3.0.2]
?[0m?[0;34m	at antifraud.AntiFraudApplication.main(AntiFraudApplication.java:10) ~[main/:na]
?[0m?[0;34m	at java.base/jdk.internal.reflect.NativeMethodAccessorImpl.invoke0(Native Method) ~[na:na]
?[0m?[0;34m	at java.base/jdk.internal.reflect.NativeMethodAccessorImpl.invoke(NativeMethodAccessorImpl.java:77) ~[na:na]
?[0m?[0;34m	at java.base/jdk.internal.reflect.DelegatingMethodAccessorImpl.invoke(DelegatingMethodAccessorImpl.java:43) ~[na:na]
?[0m?[0;34m	at java.base/java.lang.reflect.Method.invoke(Method.java:568) ~[na:na]
?[0m?[0;34m	at org.hyperskill.hstest.stage.SpringTest.startSpring(SpringTest.java:187) ~[hs-test-release-SNAPSHOT.jar:na]
?[0m?[0;34m	at org.hyperskill.hstest.stage.SpringTest.reloadSpring(SpringTest.java:239) ~[hs-test-release-SNAPSHOT.jar:na]
?[0m?[0;34m	at AntiFraudTest.restartApplication(AntiFraudTest.java:120) ~[test/:na]
?[0m?[0;34m	at AntiFraudTest.lambda$new$10(AntiFraudTest.java:352) ~[test/:na]
?[0m?[0;34m	at org.hyperskill.hstest.dynamic.input.DynamicTesting.lambda$searchDynamicTests$3(DynamicTesting.java:289) ~[hs-test-release-SNAPSHOT.jar:na]
?[0m?[0;34m	at org.hyperskill.hstest.dynamic.input.DynamicTesting$1DynamicTestElement.lambda$getTests$0(DynamicTesting.java:252) ~[hs-test-release-SNAPSHOT.jar:na]
?[0m?[0;34m	at org.hyperskill.hstest.testing.runner.SpringApplicationRunner.test(SpringApplicationRunner.java:43) ~[hs-test-release-SNAPSHOT.jar:na]
?[0m?[0;34m	at org.hyperskill.hstest.testing.TestRun.test(TestRun.java:94) ~[hs-test-release-SNAPSHOT.jar:na]
?[0m?[0;34m	at org.hyperskill.hstest.stage.StageTest.start(StageTest.java:164) ~[hs-test-release-SNAPSHOT.jar:na]
?[0m?[0;34m	at java.base/jdk.internal.reflect.NativeMethodAccessorImpl.invoke0(Native Method) ~[na:na]
?[0m?[0;34m	at java.base/jdk.internal.reflect.NativeMethodAccessorImpl.invoke(NativeMethodAccessorImpl.java:77) ~[na:na]
?[0m?[0;34m	at java.base/jdk.internal.reflect.DelegatingMethodAccessorImpl.invoke(DelegatingMethodAccessorImpl.java:43) ~[na:na]
?[0m?[0;34m	at java.base/java.lang.reflect.Method.invoke(Method.java:568) ~[na:na]
?[0m?[0;34m	at org.junit.runners.model.FrameworkMethod$1.runReflectiveCall(FrameworkMethod.java:59) ~[junit-4.13.2.jar:4.13.2]
?[0m?[0;34m	at org.junit.internal.runners.model.ReflectiveCallable.run(ReflectiveCallable.java:12) ~[junit-4.13.2.jar:4.13.2]
?[0m?[0;34m	at org.junit.runners.model.FrameworkMethod.invokeExplosively(FrameworkMethod.java:56) ~[junit-4.13.2.jar:4.13.2]
?[0m?[0;34m	at org.junit.internal.runners.statements.InvokeMethod.evaluate(InvokeMethod.java:17) ~[junit-4.13.2.jar:4.13.2]
?[0m?[0;34m	at org.junit.internal.runners.statements.RunAfters.evaluate(RunAfters.java:27) ~[junit-4.13.2.jar:4.13.2]
?[0m?[0;34m	at org.junit.runners.ParentRunner$3.evaluate(ParentRunner.java:306) ~[junit-4.13.2.jar:4.13.2]
?[0m?[0;34m	at org.junit.runners.BlockJUnit4ClassRunner$1.evaluate(BlockJUnit4ClassRunner.java:100) ~[junit-4.13.2.jar:4.13.2]
?[0m?[0;34m	at org.junit.runners.ParentRunner.runLeaf(ParentRunner.java:366) ~[junit-4.13.2.jar:4.13.2]
?[0m?[0;34m	at org.junit.runners.BlockJUnit4ClassRunner.runChild(BlockJUnit4ClassRunner.java:103) ~[junit-4.13.2.jar:4.13.2]
?[0m?[0;34m	at org.junit.runners.BlockJUnit4ClassRunner.runChild(BlockJUnit4ClassRunner.java:63) ~[junit-4.13.2.jar:4.13.2]
?[0m?[0;34m	at org.junit.runners.ParentRunner$4.run(ParentRunner.java:331) ~[junit-4.13.2.jar:4.13.2]
?[0m?[0;34m	at org.junit.runners.ParentRunner$1.schedule(ParentRunner.java:79) ~[junit-4.13.2.jar:4.13.2]
?[0m?[0;34m	at org.junit.runners.ParentRunner.runChildren(ParentRunner.java:329) ~[junit-4.13.2.jar:4.13.2]
?[0m?[0;34m	at org.junit.runners.ParentRunner.access$100(ParentRunner.java:66) ~[junit-4.13.2.jar:4.13.2]
?[0m?[0;34m	at org.junit.runners.ParentRunner$2.evaluate(ParentRunner.java:293) ~[junit-4.13.2.jar:4.13.2]
?[0m?[0;34m	at org.junit.runners.ParentRunner$3.evaluate(ParentRunner.java:306) ~[junit-4.13.2.jar:4.13.2]
?[0m?[0;34m	at org.junit.runners.ParentRunner.run(ParentRunner.java:413) ~[junit-4.13.2.jar:4.13.2]
?[0m?[0;34m	at org.gradle.api.internal.tasks.testing.junit.JUnitTestClassExecutor.runTestClass(JUnitTestClassExecutor.java:108) ~[na:na]
?[0m?[0;34m	at org.gradle.api.internal.tasks.testing.junit.JUnitTestClassExecutor.execute(JUnitTestClassExecutor.java:57) ~[na:na]
?[0m?[0;34m	at org.gradle.api.internal.tasks.testing.junit.JUnitTestClassExecutor.execute(JUnitTestClassExecutor.java:39) ~[na:na]
?[0m?[0;34m	at org.gradle.api.internal.tasks.testing.junit.AbstractJUnitTestClassProcessor.processTestClass(AbstractJUnitTestClassProcessor.java:62) ~[na:na]
?[0m?[0;34m	at org.gradle.api.internal.tasks.testing.SuiteTestClassProcessor.processTestClass(SuiteTestClassProcessor.java:52) ~[na:na]
?[0m?[0;34m	at java.base/jdk.internal.reflect.NativeMethodAccessorImpl.invoke0(Native Method) ~[na:na]
?[0m?[0;34m	at java.base/jdk.internal.reflect.NativeMethodAccessorImpl.invoke(NativeMethodAccessorImpl.java:77) ~[na:na]
?[0m?[0;34m	at java.base/jdk.internal.reflect.DelegatingMethodAccessorImpl.invoke(DelegatingMethodAccessorImpl.java:43) ~[na:na]
?[0m?[0;34m	at java.base/java.lang.reflect.Method.invoke(Method.java:568) ~[na:na]
?[0m?[0;34m	at org.gradle.internal.dispatch.ReflectionDispatch.dispatch(ReflectionDispatch.java:36) ~[na:na]
?[0m?[0;34m	at org.gradle.internal.dispatch.ReflectionDispatch.dispatch(ReflectionDispatch.java:24) ~[na:na]
?[0m?[0;34m	at org.gradle.internal.dispatch.ContextClassLoaderDispatch.dispatch(ContextClassLoaderDispatch.java:33) ~[na:na]
?[0m?[0;34m	at org.gradle.internal.dispatch.ProxyDispatchAdapter$DispatchingInvocationHandler.invoke(ProxyDispatchAdapter.java:94) ~[na:na]
?[0m?[0;34m	at jdk.proxy1/jdk.proxy1.$Proxy2.processTestClass(Unknown Source) ~[na:na]
?[0m?[0;34m	at org.gradle.api.internal.tasks.testing.worker.TestWorker$2.run(TestWorker.java:176) ~[na:na]
?[0m?[0;34m	at org.gradle.api.internal.tasks.testing.worker.TestWorker.executeAndMaintainThreadName(TestWorker.java:129) ~[na:na]
?[0m?[0;34m	at org.gradle.api.internal.tasks.testing.worker.TestWorker.execute(TestWorker.java:100) ~[na:na]
?[0m?[0;34m	at org.gradle.api.internal.tasks.testing.worker.TestWorker.execute(TestWorker.java:60) ~[na:na]
?[0m?[0;34m	at org.gradle.process.internal.worker.child.ActionExecutionWorker.execute(ActionExecutionWorker.java:56) ~[na:na]
?[0m?[0;34m	at org.gradle.process.internal.worker.child.SystemApplicationClassLoaderWorker.call(SystemApplicationClassLoaderWorker.java:113) ~[na:na]
?[0m?[0;34m	at org.gradle.process.internal.worker.child.SystemApplicationClassLoaderWorker.call(SystemApplicationClassLoaderWorker.java:65) ~[na:na]
?[0m?[0;34m	at worker.org.gradle.process.internal.worker.GradleWorkerMain.run(GradleWorkerMain.java:69) ~[gradle-worker.jar:na]
?[0m?[0;34m	at worker.org.gradle.process.internal.worker.GradleWorkerMain.main(GradleWorkerMain.java:74) ~[gradle-worker.jar:na]
?[0m?[0;34m
?[0m?[0;34m2024-07-18T17:39:29.807-04:00 DEBUG 93785 --- [    Test worker] o.s.d.jpa.repository.query.NamedQuery    : Did not find named query User.findByUsernameIgnoreCase
?[0m?[0;34m2024-07-18T17:39:29.808-04:00 DEBUG 93785 --- [    Test worker] tor$SharedEntityManagerInvocationHandler : Creating new EntityManager for shared EntityManager invocation
?[0m?[0;34m2024-07-18T17:39:29.810-04:00 DEBUG 93785 --- [    Test worker] o.s.d.r.c.s.RepositoryFactorySupport     : Finished creation of repository instance for antifraud.repository.UserRepository.
?[0m?[0;34m2024-07-18T17:39:29.813-04:00 DEBUG 93785 --- [    Test worker] o.s.b.f.s.DefaultListableBeanFactory     : Creating shared instance of singleton bean 'passwordEncoder'
?[0m?[0;34m2024-07-18T17:39:29.814-04:00 DEBUG 93785 --- [    Test worker] o.s.b.f.s.DefaultListableBeanFactory     : Creating shared instance of singleton bean 'customUserDetailsService'
?[0m?[0;34m2024-07-18T17:39:29.815-04:00 DEBUG 93785 --- [    Test worker] o.s.b.f.s.DefaultListableBeanFactory     : Creating shared instance of singleton bean 'org.springframework.security.config.annotation.configuration.ObjectPostProcessorConfiguration'
?[0m?[0;34m2024-07-18T17:39:29.815-04:00 DEBUG 93785 --- [    Test worker] o.s.b.f.s.DefaultListableBeanFactory     : Creating shared instance of singleton bean 'objectPostProcessor'
?[0m?[0;34m2024-07-18T17:39:29.818-04:00 DEBUG 93785 --- [    Test worker] o.s.b.f.s.DefaultListableBeanFactory     : Autowiring by type from bean name 'objectPostProcessor' via factory method to bean named 'org.springframework.beans.factory.support.DefaultListableBeanFactory@e36a4c1'
?[0m?[0;34m2024-07-18T17:39:29.819-04:00 DEBUG 93785 --- [    Test worker] o.s.b.f.s.DefaultListableBeanFactory     : Creating shared instance of singleton bean 'org.springframework.security.config.annotation.authentication.configuration.AuthenticationConfiguration'
?[0m?[0;34m2024-07-18T17:39:29.820-04:00 DEBUG 93785 --- [    Test worker] o.s.b.f.s.DefaultListableBeanFactory     : Creating shared instance of singleton bean 'enableGlobalAuthenticationAutowiredConfigurer'
?[0m?[0;34m2024-07-18T17:39:29.822-04:00 DEBUG 93785 --- [    Test worker] o.s.b.f.s.DefaultListableBeanFactory     : Autowiring by type from bean name 'enableGlobalAuthenticationAutowiredConfigurer' via factory method to bean named 'org.springframework.boot.web.servlet.context.AnnotationConfigServletWebServerApplicationContext@c358f32'
?[0m?[0;34m2024-07-18T17:39:29.823-04:00 DEBUG 93785 --- [    Test worker] o.s.b.f.s.DefaultListableBeanFactory     : Creating shared instance of singleton bean 'initializeUserDetailsBeanManagerConfigurer'
?[0m?[0;34m2024-07-18T17:39:29.823-04:00 DEBUG 93785 --- [    Test worker] o.s.b.f.s.DefaultListableBeanFactory     : Autowiring by type from bean name 'initializeUserDetailsBeanManagerConfigurer' via factory method to bean named 'org.springframework.boot.web.servlet.context.AnnotationConfigServletWebServerApplicationContext@c358f32'
?[0m?[0;34m2024-07-18T17:39:29.823-04:00 DEBUG 93785 --- [    Test worker] o.s.b.f.s.DefaultListableBeanFactory     : Creating shared instance of singleton bean 'initializeAuthenticationProviderBeanManagerConfigurer'
?[0m?[0;34m2024-07-18T17:39:29.824-04:00 DEBUG 93785 --- [    Test worker] o.s.b.f.s.DefaultListableBeanFactory     : Autowiring by type from bean name 'initializeAuthenticationProviderBeanManagerConfigurer' via factory method to bean named 'org.springframework.boot.web.servlet.context.AnnotationConfigServletWebServerApplicationContext@c358f32'
?[0m?[0;34m2024-07-18T17:39:29.825-04:00 DEBUG 93785 --- [    Test worker] o.s.b.f.s.DefaultListableBeanFactory     : Creating shared instance of singleton bean 'authenticationManagerBuilder'
?[0m?[0;34m2024-07-18T17:39:29.825-04:00 DEBUG 93785 --- [    Test worker] o.s.b.f.s.DefaultListableBeanFactory     : Autowiring by type from bean name 'authenticationManagerBuilder' via factory method to bean named 'objectPostProcessor'
?[0m?[0;34m2024-07-18T17:39:29.825-04:00 DEBUG 93785 --- [    Test worker] o.s.b.f.s.DefaultListableBeanFactory     : Autowiring by type from bean name 'authenticationManagerBuilder' via factory method to bean named 'org.springframework.boot.web.servlet.context.AnnotationConfigServletWebServerApplicationContext@c358f32'
?[0m?[0;34m2024-07-18T17:39:29.826-04:00 DEBUG 93785 --- [    Test worker] o.s.b.f.s.DefaultListableBeanFactory     : Creating shared instance of singleton bean 'authenticationEventPublisher'
?[0m?[0;34m2024-07-18T17:39:29.826-04:00 DEBUG 93785 --- [    Test worker] o.s.b.f.s.DefaultListableBeanFactory     : Creating shared instance of singleton bean 'org.springframework.boot.autoconfigure.security.servlet.SecurityAutoConfiguration'
?[0m?[0;34m2024-07-18T17:39:29.827-04:00 DEBUG 93785 --- [    Test worker] o.s.b.f.s.DefaultListableBeanFactory     : Autowiring by type from bean name 'authenticationEventPublisher' via factory method to bean named 'org.springframework.boot.web.servlet.context.AnnotationConfigServletWebServerApplicationContext@c358f32'
?[0m?[0;34m2024-07-18T17:39:29.828-04:00 DEBUG 93785 --- [    Test worker] o.s.b.f.s.DefaultListableBeanFactory     : Creating shared instance of singleton bean 'org.springframework.security.config.annotation.web.configuration.WebSecurityConfiguration'
?[0m?[0;34m2024-07-18T17:39:29.830-04:00 DEBUG 93785 --- [    Test worker] o.s.b.f.s.DefaultListableBeanFactory     : Creating shared instance of singleton bean 'org.springframework.security.config.annotation.web.configuration.HttpSecurityConfiguration'
?[0m?[0;34m2024-07-18T17:39:29.832-04:00 DEBUG 93785 --- [    Test worker] o.s.b.f.s.DefaultListableBeanFactory     : Creating shared instance of singleton bean 'mvcContentNegotiationManager'
?[0m?[0;34m2024-07-18T17:39:29.832-04:00 DEBUG 93785 --- [    Test worker] o.s.b.f.s.DefaultListableBeanFactory     : Creating shared instance of singleton bean 'org.springframework.boot.autoconfigure.web.servlet.WebMvcAutoConfiguration$EnableWebMvcConfiguration'
?[0m?[0;34m2024-07-18T17:39:29.834-04:00 DEBUG 93785 --- [    Test worker] o.s.b.f.s.DefaultListableBeanFactory     : Creating shared instance of singleton bean 'spring.web-org.springframework.boot.autoconfigure.web.WebProperties'
?[0m?[0;34m2024-07-18T17:39:29.836-04:00 DEBUG 93785 --- [    Test worker] o.s.b.f.s.DefaultListableBeanFactory     : Autowiring by type from bean name 'org.springframework.boot.autoconfigure.web.servlet.WebMvcAutoConfiguration$EnableWebMvcConfiguration' via constructor to bean named 'spring.mvc-org.springframework.boot.autoconfigure.web.servlet.WebMvcProperties'
?[0m?[0;34m2024-07-18T17:39:29.836-04:00 DEBUG 93785 --- [    Test worker] o.s.b.f.s.DefaultListableBeanFactory     : Autowiring by type from bean name 'org.springframework.boot.autoconfigure.web.servlet.WebMvcAutoConfiguration$EnableWebMvcConfiguration' via constructor to bean named 'spring.web-org.springframework.boot.autoconfigure.web.WebProperties'
?[0m?[0;34m2024-07-18T17:39:29.836-04:00 DEBUG 93785 --- [    Test worker] o.s.b.f.s.DefaultListableBeanFactory     : Autowiring by type from bean name 'org.springframework.boot.autoconfigure.web.servlet.WebMvcAutoConfiguration$EnableWebMvcConfiguration' via constructor to bean named 'org.springframework.beans.factory.support.DefaultListableBeanFactory@e36a4c1'
?[0m?[0;34m2024-07-18T17:39:29.838-04:00 DEBUG 93785 --- [    Test worker] o.s.b.f.s.DefaultListableBeanFactory     : Creating shared instance of singleton bean 'org.springframework.security.config.annotation.web.configuration.WebMvcSecurityConfiguration'
?[0m?[0;34m2024-07-18T17:39:29.839-04:00 DEBUG 93785 --- [    Test worker] o.s.b.f.s.DefaultListableBeanFactory     : Creating shared instance of singleton bean 'org.springframework.boot.autoconfigure.web.servlet.WebMvcAutoConfiguration$WebMvcAutoConfigurationAdapter'
?[0m?[0;34m2024-07-18T17:39:29.839-04:00 DEBUG 93785 --- [    Test worker] o.s.b.f.s.DefaultListableBeanFactory     : Autowiring by type from bean name 'org.springframework.boot.autoconfigure.web.servlet.WebMvcAutoConfiguration$WebMvcAutoConfigurationAdapter' via constructor to bean named 'spring.web-org.springframework.boot.autoconfigure.web.WebProperties'
?[0m?[0;34m2024-07-18T17:39:29.839-04:00 DEBUG 93785 --- [    Test worker] o.s.b.f.s.DefaultListableBeanFactory     : Autowiring by type from bean name 'org.springframework.boot.autoconfigure.web.servlet.WebMvcAutoConfiguration$WebMvcAutoConfigurationAdapter' via constructor to bean named 'spring.mvc-org.springframework.boot.autoconfigure.web.servlet.WebMvcProperties'
?[0m?[0;34m2024-07-18T17:39:29.839-04:00 DEBUG 93785 --- [    Test worker] o.s.b.f.s.DefaultListableBeanFactory     : Autowiring by type from bean name 'org.springframework.boot.autoconfigure.web.servlet.WebMvcAutoConfiguration$WebMvcAutoConfigurationAdapter' via constructor to bean named 'org.springframework.beans.factory.support.DefaultListableBeanFactory@e36a4c1'
?[0m?[0;34m2024-07-18T17:39:29.841-04:00 DEBUG 93785 --- [    Test worker] o.s.b.f.s.DefaultListableBeanFactory     : Creating shared instance of singleton bean 'openEntityManagerInViewInterceptorConfigurer'
?[0m?[0;34m2024-07-18T17:39:29.841-04:00 DEBUG 93785 --- [    Test worker] o.s.b.f.s.DefaultListableBeanFactory     : Creating shared instance of singleton bean 'org.springframework.boot.autoconfigure.orm.jpa.JpaBaseConfiguration$JpaWebConfiguration'
?[0m?[0;34m2024-07-18T17:39:29.842-04:00 DEBUG 93785 --- [    Test worker] o.s.b.f.s.DefaultListableBeanFactory     : Autowiring by type from bean name 'org.springframework.boot.autoconfigure.orm.jpa.JpaBaseConfiguration$JpaWebConfiguration' via constructor to bean named 'spring.jpa-org.springframework.boot.autoconfigure.orm.jpa.JpaProperties'
?[0m?[0;34m2024-07-18T17:39:29.843-04:00 DEBUG 93785 --- [    Test worker] o.s.b.f.s.DefaultListableBeanFactory     : Creating shared instance of singleton bean 'openEntityManagerInViewInterceptor'
?[0m?[0;34m2024-07-18T17:39:29.843-04:00  WARN 93785 --- [    Test worker] JpaBaseConfiguration$JpaWebConfiguration : spring.jpa.open-in-view is enabled by default. Therefore, database queries may be performed during view rendering. Explicitly configure spring.jpa.open-in-view to disable this warning
?[0m?[0;34m2024-07-18T17:39:29.843-04:00 DEBUG 93785 --- [    Test worker] o.s.b.f.s.DefaultListableBeanFactory     : Autowiring by type from bean name 'openEntityManagerInViewInterceptorConfigurer' via factory method to bean named 'openEntityManagerInViewInterceptor'
?[0m?[0;34m2024-07-18T17:39:29.843-04:00 DEBUG 93785 --- [    Test worker] o.s.b.f.s.DefaultListableBeanFactory     : Creating shared instance of singleton bean 'org.springframework.data.web.config.SpringDataWebConfiguration'
?[0m?[0;34m2024-07-18T17:39:29.844-04:00 DEBUG 93785 --- [    Test worker] o.s.b.f.s.DefaultListableBeanFactory     : Autowiring by type from bean name 'org.springframework.data.web.config.SpringDataWebConfiguration' via constructor to bean named 'org.springframework.boot.web.servlet.context.AnnotationConfigServletWebServerApplicationContext@c358f32'
?[0m?[0;34m2024-07-18T17:39:29.844-04:00 DEBUG 93785 --- [    Test worker] o.s.b.f.s.DefaultListableBeanFactory     : Creating shared instance of singleton bean 'endpointObjectMapperWebMvcConfigurer'
?[0m?[0;34m2024-07-18T17:39:29.844-04:00 DEBUG 93785 --- [    Test worker] o.s.b.f.s.DefaultListableBeanFactory     : Creating shared instance of singleton bean 'endpointObjectMapper'
?[0m?[0;34m2024-07-18T17:39:29.844-04:00 DEBUG 93785 --- [    Test worker] o.s.b.f.s.DefaultListableBeanFactory     : Creating shared instance of singleton bean 'org.springframework.boot.actuate.autoconfigure.endpoint.jackson.JacksonEndpointAutoConfiguration'
?[0m?[0;34m2024-07-18T17:39:29.845-04:00 DEBUG 93785 --- [    Test worker] o.s.b.f.s.DefaultListableBeanFactory     : Autowiring by type from bean name 'endpointObjectMapperWebMvcConfigurer' via factory method to bean named 'endpointObjectMapper'
?[0m?[0;34m2024-07-18T17:39:29.856-04:00 DEBUG 93785 --- [    Test worker] o.s.b.f.s.DefaultListableBeanFactory     : Creating shared instance of singleton bean 'securityFilterChain'
?[0m?[0;34m2024-07-18T17:39:29.856-04:00 DEBUG 93785 --- [    Test worker] o.s.b.f.s.DefaultListableBeanFactory     : Autowiring by type from bean name 'securityFilterChain' via factory method to bean named 'org.springframework.security.config.annotation.web.configuration.HttpSecurityConfiguration.httpSecurity'
?[0m?[0;34m2024-07-18T17:39:29.857-04:00 DEBUG 93785 --- [    Test worker] o.s.b.f.s.DefaultListableBeanFactory     : Creating shared instance of singleton bean 'mvcHandlerMappingIntrospector'
?[0m?[0;34m2024-07-18T17:39:29.858-04:00 DEBUG 93785 --- [    Test worker] o.s.b.f.s.DefaultListableBeanFactory     : Creating shared instance of singleton bean 'welcomePageHandlerMapping'
?[0m?[0;34m2024-07-18T17:39:29.858-04:00 DEBUG 93785 --- [    Test worker] o.s.b.f.s.DefaultListableBeanFactory     : Creating shared instance of singleton bean 'mvcConversionService'
?[0m?[0;34m2024-07-18T17:39:29.860-04:00 DEBUG 93785 --- [    Test worker] o.s.b.f.s.DefaultListableBeanFactory     : Creating shared instance of singleton bean 'mvcResourceUrlProvider'
?[0m?[0;34m2024-07-18T17:39:29.861-04:00 DEBUG 93785 --- [    Test worker] o.s.b.f.s.DefaultListableBeanFactory     : Autowiring by type from bean name 'welcomePageHandlerMapping' via factory method to bean named 'org.springframework.boot.web.servlet.context.AnnotationConfigServletWebServerApplicationContext@c358f32'
?[0m?[0;34m2024-07-18T17:39:29.861-04:00 DEBUG 93785 --- [    Test worker] o.s.b.f.s.DefaultListableBeanFactory     : Autowiring by type from bean name 'welcomePageHandlerMapping' via factory method to bean named 'mvcConversionService'
?[0m?[0;34m2024-07-18T17:39:29.861-04:00 DEBUG 93785 --- [    Test worker] o.s.b.f.s.DefaultListableBeanFactory     : Autowiring by type from bean name 'welcomePageHandlerMapping' via factory method to bean named 'mvcResourceUrlProvider'
?[0m?[0;34m2024-07-18T17:39:29.865-04:00 DEBUG 93785 --- [    Test worker] o.s.b.f.s.DefaultListableBeanFactory     : Creating shared instance of singleton bean 'requestMappingHandlerMapping'
?[0m?[0;34m2024-07-18T17:39:29.866-04:00 DEBUG 93785 --- [    Test worker] o.s.b.f.s.DefaultListableBeanFactory     : Autowiring by type from bean name 'requestMappingHandlerMapping' via factory method to bean named 'mvcContentNegotiationManager'
?[0m?[0;34m2024-07-18T17:39:29.867-04:00 DEBUG 93785 --- [    Test worker] o.s.b.f.s.DefaultListableBeanFactory     : Autowiring by type from bean name 'requestMappingHandlerMapping' via factory method to bean named 'mvcConversionService'
?[0m?[0;34m2024-07-18T17:39:29.867-04:00 DEBUG 93785 --- [    Test worker] o.s.b.f.s.DefaultListableBeanFactory     : Autowiring by type from bean name 'requestMappingHandlerMapping' via factory method to bean named 'mvcResourceUrlProvider'
?[0m?[0;34m2024-07-18T17:39:29.869-04:00 DEBUG 93785 --- [    Test worker] _.s.web.servlet.HandlerMapping.Mappings  : 
?[0m?[0;34m	a.c.AntiFraudController:
?[0m?[0;34m	{POST [/api/antifraud/transaction]}: validateTransaction(Transaction)
?[0m?[0;34m2024-07-18T17:39:29.870-04:00 DEBUG 93785 --- [    Test worker] _.s.web.servlet.HandlerMapping.Mappings  : 
?[0m?[0;34m	a.c.AuthController:
?[0m?[0;34m	{POST [/api/auth/user]}: registerUser(User)
?[0m?[0;34m	{GET [/api/auth/list]}: listUsers()
?[0m?[0;34m	{DELETE [/api/auth/user/{username}]}: deleteUser(String)
?[0m?[0;34m2024-07-18T17:39:29.871-04:00 DEBUG 93785 --- [    Test worker] _.s.web.servlet.HandlerMapping.Mappings  : 
?[0m?[0;34m	o.s.b.a.w.s.e.BasicErrorController:
?[0m?[0;34m	{ [/error], produces [text/html]}: errorHtml(HttpServletRequest,HttpServletResponse)
?[0m?[0;34m	{ [/error]}: error(HttpServletRequest)
?[0m?[0;34m2024-07-18T17:39:29.874-04:00 DEBUG 93785 --- [    Test worker] s.w.s.m.m.a.RequestMappingHandlerMapping : 6 mappings in 'requestMappingHandlerMapping'
?[0m?[0;34m2024-07-18T17:39:29.876-04:00 DEBUG 93785 --- [    Test worker] o.s.b.f.s.DefaultListableBeanFactory     : Creating shared instance of singleton bean 'viewControllerHandlerMapping'
?[0m?[0;34m2024-07-18T17:39:29.877-04:00 DEBUG 93785 --- [    Test worker] o.s.b.f.s.DefaultListableBeanFactory     : Autowiring by type from bean name 'viewControllerHandlerMapping' via factory method to bean named 'mvcConversionService'
?[0m?[0;34m2024-07-18T17:39:29.877-04:00 DEBUG 93785 --- [    Test worker] o.s.b.f.s.DefaultListableBeanFactory     : Autowiring by type from bean name 'viewControllerHandlerMapping' via factory method to bean named 'mvcResourceUrlProvider'
?[0m?[0;34m2024-07-18T17:39:29.877-04:00 DEBUG 93785 --- [    Test worker] o.s.b.f.s.DefaultListableBeanFactory     : Creating shared instance of singleton bean 'beanNameHandlerMapping'
?[0m?[0;34m2024-07-18T17:39:29.877-04:00 DEBUG 93785 --- [    Test worker] o.s.b.f.s.DefaultListableBeanFactory     : Autowiring by type from bean name 'beanNameHandlerMapping' via factory method to bean named 'mvcConversionService'
?[0m?[0;34m2024-07-18T17:39:29.877-04:00 DEBUG 93785 --- [    Test worker] o.s.b.f.s.DefaultListableBeanFactory     : Autowiring by type from bean name 'beanNameHandlerMapping' via factory method to bean named 'mvcResourceUrlProvider'
?[0m?[0;34m2024-07-18T17:39:29.880-04:00 DEBUG 93785 --- [    Test worker] _.s.web.servlet.HandlerMapping.Mappings  : 'beanNameHandlerMapping' {}
?[0m?[0;34m2024-07-18T17:39:29.881-04:00 DEBUG 93785 --- [    Test worker] o.s.b.f.s.DefaultListableBeanFactory     : Creating shared instance of singleton bean 'routerFunctionMapping'
?[0m?[0;34m2024-07-18T17:39:29.882-04:00 DEBUG 93785 --- [    Test worker] o.s.b.f.s.DefaultListableBeanFactory     : Autowiring by type from bean name 'routerFunctionMapping' via factory method to bean named 'mvcConversionService'
?[0m?[0;34m2024-07-18T17:39:29.883-04:00 DEBUG 93785 --- [    Test worker] o.s.b.f.s.DefaultListableBeanFactory     : Autowiring by type from bean name 'routerFunctionMapping' via factory method to bean named 'mvcResourceUrlProvider'
?[0m?[0;34m2024-07-18T17:39:29.884-04:00 DEBUG 93785 --- [    Test worker] o.s.b.f.s.DefaultListableBeanFactory     : Creating shared instance of singleton bean 'messageConverters'
?[0m?[0;34m2024-07-18T17:39:29.884-04:00 DEBUG 93785 --- [    Test worker] o.s.b.f.s.DefaultListableBeanFactory     : Creating shared instance of singleton bean 'org.springframework.boot.autoconfigure.http.HttpMessageConvertersAutoConfiguration'
?[0m?[0;34m2024-07-18T17:39:29.885-04:00 DEBUG 93785 --- [    Test worker] o.s.b.f.s.DefaultListableBeanFactory     : Creating shared instance of singleton bean 'stringHttpMessageConverter'
?[0m?[0;34m2024-07-18T17:39:29.885-04:00 DEBUG 93785 --- [    Test worker] o.s.b.f.s.DefaultListableBeanFactory     : Creating shared instance of singleton bean 'org.springframework.boot.autoconfigure.http.HttpMessageConvertersAutoConfiguration$StringHttpMessageConverterConfiguration'
?[0m?[0;34m2024-07-18T17:39:29.887-04:00 DEBUG 93785 --- [    Test worker] o.s.b.f.s.DefaultListableBeanFactory     : Autowiring by type from bean name 'stringHttpMessageConverter' via factory method to bean named 'environment'
?[0m?[0;34m2024-07-18T17:39:29.890-04:00 DEBUG 93785 --- [    Test worker] o.s.b.f.s.DefaultListableBeanFactory     : Creating shared instance of singleton bean 'mappingJackson2HttpMessageConverter'
?[0m?[0;34m2024-07-18T17:39:29.890-04:00 DEBUG 93785 --- [    Test worker] o.s.b.f.s.DefaultListableBeanFactory     : Creating shared instance of singleton bean 'org.springframework.boot.autoconfigure.http.JacksonHttpMessageConvertersConfiguration$MappingJackson2HttpMessageConverterConfiguration'
?[0m?[0;34m2024-07-18T17:39:29.892-04:00 DEBUG 93785 --- [    Test worker] o.s.b.f.s.DefaultListableBeanFactory     : Creating shared instance of singleton bean 'jacksonObjectMapper'
?[0m?[0;34m2024-07-18T17:39:29.892-04:00 DEBUG 93785 --- [    Test worker] o.s.b.f.s.DefaultListableBeanFactory     : Creating shared instance of singleton bean 'org.springframework.boot.autoconfigure.jackson.JacksonAutoConfiguration$JacksonObjectMapperConfiguration'
?[0m?[0;34m2024-07-18T17:39:29.894-04:00 DEBUG 93785 --- [    Test worker] o.s.b.f.s.DefaultListableBeanFactory     : Creating shared instance of singleton bean 'org.springframework.boot.autoconfigure.jackson.JacksonAutoConfiguration$JacksonObjectMapperBuilderConfiguration'
?[0m?[0;34m2024-07-18T17:39:29.895-04:00 DEBUG 93785 --- [    Test worker] o.s.b.f.s.DefaultListableBeanFactory     : Creating shared instance of singleton bean 'standardJacksonObjectMapperBuilderCustomizer'
?[0m?[0;34m2024-07-18T17:39:29.895-04:00 DEBUG 93785 --- [    Test worker] o.s.b.f.s.DefaultListableBeanFactory     : Creating shared instance of singleton bean 'org.springframework.boot.autoconfigure.jackson.JacksonAutoConfiguration$Jackson2ObjectMapperBuilderCustomizerConfiguration'
?[0m?[0;34m2024-07-18T17:39:29.896-04:00 DEBUG 93785 --- [    Test worker] o.s.b.f.s.DefaultListableBeanFactory     : Creating shared instance of singleton bean 'spring.jackson-org.springframework.boot.autoconfigure.jackson.JacksonProperties'
?[0m?[0;34m2024-07-18T17:39:29.900-04:00 DEBUG 93785 --- [    Test worker] o.s.b.f.s.DefaultListableBeanFactory     : Autowiring by type from bean name 'standardJacksonObjectMapperBuilderCustomizer' via factory method to bean named 'spring.jackson-org.springframework.boot.autoconfigure.jackson.JacksonProperties'
?[0m?[0;34m2024-07-18T17:39:29.902-04:00 DEBUG 93785 --- [    Test worker] o.s.b.f.s.DefaultListableBeanFactory     : Creating shared instance of singleton bean 'parameterNamesModule'
?[0m?[0;34m2024-07-18T17:39:29.903-04:00 DEBUG 93785 --- [    Test worker] o.s.b.f.s.DefaultListableBeanFactory     : Creating shared instance of singleton bean 'org.springframework.boot.autoconfigure.jackson.JacksonAutoConfiguration$ParameterNamesModuleConfiguration'
?[0m?[0;34m2024-07-18T17:39:29.904-04:00 DEBUG 93785 --- [    Test worker] o.s.b.f.s.DefaultListableBeanFactory     : Creating shared instance of singleton bean 'jsonMixinModule'
?[0m?[0;34m2024-07-18T17:39:29.905-04:00 DEBUG 93785 --- [    Test worker] o.s.b.f.s.DefaultListableBeanFactory     : Creating shared instance of singleton bean 'org.springframework.boot.autoconfigure.jackson.JacksonAutoConfiguration$JacksonMixinConfiguration'
?[0m?[0;34m2024-07-18T17:39:29.906-04:00 DEBUG 93785 --- [    Test worker] o.s.b.f.s.DefaultListableBeanFactory     : Creating shared instance of singleton bean 'jsonMixinModuleEntries'
?[0m?[0;34m2024-07-18T17:39:29.906-04:00 DEBUG 93785 --- [    Test worker] o.s.b.f.s.DefaultListableBeanFactory     : Autowiring by type from bean name 'jsonMixinModuleEntries' via factory method to bean named 'org.springframework.boot.web.servlet.context.AnnotationConfigServletWebServerApplicationContext@c358f32'
?[0m?[0;34m2024-07-18T17:39:29.909-04:00 DEBUG 93785 --- [    Test worker] o.s.b.f.s.DefaultListableBeanFactory     : Autowiring by type from bean name 'jsonMixinModule' via factory method to bean named 'org.springframework.boot.web.servlet.context.AnnotationConfigServletWebServerApplicationContext@c358f32'
?[0m?[0;34m2024-07-18T17:39:29.909-04:00 DEBUG 93785 --- [    Test worker] o.s.b.f.s.DefaultListableBeanFactory     : Autowiring by type from bean name 'jsonMixinModule' via factory method to bean named 'jsonMixinModuleEntries'
?[0m?[0;34m2024-07-18T17:39:29.910-04:00 DEBUG 93785 --- [    Test worker] o.s.b.f.s.DefaultListableBeanFactory     : Creating shared instance of singleton bean 'jsonComponentModule'
?[0m?[0;34m2024-07-18T17:39:29.910-04:00 DEBUG 93785 --- [    Test worker] o.s.b.f.s.DefaultListableBeanFactory     : Creating shared instance of singleton bean 'org.springframework.boot.autoconfigure.jackson.JacksonAutoConfiguration'
?[0m?[0;34m2024-07-18T17:39:29.913-04:00 DEBUG 93785 --- [    Test worker] o.s.b.f.s.DefaultListableBeanFactory     : Creating shared instance of singleton bean 'jacksonGeoModule'
?[0m?[0;34m2024-07-18T17:39:29.913-04:00 DEBUG 93785 --- [    Test worker] o.s.b.f.s.DefaultListableBeanFactory     : Creating shared instance of singleton bean 'org.springframework.data.web.config.SpringDataJacksonConfiguration'
?[0m?[0;34m2024-07-18T17:39:29.914-04:00 DEBUG 93785 --- [    Test worker] o.s.b.f.s.DefaultListableBeanFactory     : Autowiring by type from bean name 'jacksonObjectMapperBuilder' via factory method to bean named 'org.springframework.boot.web.servlet.context.AnnotationConfigServletWebServerApplicationContext@c358f32'
?[0m?[0;34m2024-07-18T17:39:29.914-04:00 DEBUG 93785 --- [    Test worker] o.s.b.f.s.DefaultListableBeanFactory     : Autowiring by type from bean name 'jacksonObjectMapperBuilder' via factory method to bean named 'standardJacksonObjectMapperBuilderCustomizer'
?[0m?[0;34m2024-07-18T17:39:29.915-04:00 DEBUG 93785 --- [    Test worker] o.s.b.f.s.DefaultListableBeanFactory     : Autowiring by type from bean name 'jacksonObjectMapper' via factory method to bean named 'jacksonObjectMapperBuilder'
?[0m?[0;34m2024-07-18T17:39:29.923-04:00 DEBUG 93785 --- [    Test worker] o.s.b.f.s.DefaultListableBeanFactory     : Autowiring by type from bean name 'mappingJackson2HttpMessageConverter' via factory method to bean named 'jacksonObjectMapper'
?[0m?[0;34m2024-07-18T17:39:29.927-04:00 DEBUG 93785 --- [    Test worker] o.s.b.f.s.DefaultListableBeanFactory     : Creating shared instance of singleton bean 'resourceHandlerMapping'
?[0m?[0;34m2024-07-18T17:39:29.928-04:00 DEBUG 93785 --- [    Test worker] o.s.b.f.s.DefaultListableBeanFactory     : Autowiring by type from bean name 'resourceHandlerMapping' via factory method to bean named 'mvcContentNegotiationManager'
?[0m?[0;34m2024-07-18T17:39:29.928-04:00 DEBUG 93785 --- [    Test worker] o.s.b.f.s.DefaultListableBeanFactory     : Autowiring by type from bean name 'resourceHandlerMapping' via factory method to bean named 'mvcConversionService'
?[0m?[0;34m2024-07-18T17:39:29.928-04:00 DEBUG 93785 --- [    Test worker] o.s.b.f.s.DefaultListableBeanFactory     : Autowiring by type from bean name 'resourceHandlerMapping' via factory method to bean named 'mvcResourceUrlProvider'
?[0m?[0;34m2024-07-18T17:39:29.929-04:00 DEBUG 93785 --- [    Test worker] _.s.web.servlet.HandlerMapping.Mappings  : 'resourceHandlerMapping' {/webjars/**=ResourceHttpRequestHandler [classpath [META-INF/resources/webjars/]], /**=ResourceHttpRequestHandler [classpath [META-INF/resources/], classpath [resources/], classpath [static/], classpath [public/], ServletContext [/]]}
?[0m?[0;34m2024-07-18T17:39:29.930-04:00 DEBUG 93785 --- [    Test worker] o.s.b.f.s.DefaultListableBeanFactory     : Creating shared instance of singleton bean 'defaultServletHandlerMapping'
?[0m?[0;34m2024-07-18T17:39:29.930-04:00 DEBUG 93785 --- [    Test worker] o.s.b.f.s.DefaultListableBeanFactory     : Creating shared instance of singleton bean 'healthEndpointWebMvcHandlerMapping'
?[0m?[0;34m2024-07-18T17:39:29.935-04:00 DEBUG 93785 --- [    Test worker] o.s.b.f.s.DefaultListableBeanFactory     : Creating shared instance of singleton bean 'org.springframework.boot.actuate.autoconfigure.health.HealthEndpointWebExtensionConfiguration$MvcAdditionalHealthEndpointPathsConfiguration'
?[0m?[0;34m2024-07-18T17:39:29.936-04:00 DEBUG 93785 --- [    Test worker] o.s.b.f.s.DefaultListableBeanFactory     : Creating shared instance of singleton bean 'webEndpointDiscoverer'
?[0m?[0;34m2024-07-18T17:39:29.937-04:00 DEBUG 93785 --- [    Test worker] o.s.b.f.s.DefaultListableBeanFactory     : Creating shared instance of singleton bean 'endpointOperationParameterMapper'
?[0m?[0;34m2024-07-18T17:39:29.937-04:00 DEBUG 93785 --- [    Test worker] o.s.b.f.s.DefaultListableBeanFactory     : Creating shared instance of singleton bean 'org.springframework.boot.actuate.autoconfigure.endpoint.EndpointAutoConfiguration'
?[0m?[0;34m2024-07-18T17:39:29.938-04:00 DEBUG 93785 --- [    Test worker] o.s.b.f.s.DefaultListableBeanFactory     : Creating shared instance of singleton bean 'endpointMediaTypes'
?[0m?[0;34m2024-07-18T17:39:29.939-04:00 DEBUG 93785 --- [    Test worker] o.s.b.f.s.DefaultListableBeanFactory     : Autowiring by type from bean name 'webEndpointDiscoverer' via factory method to bean named 'endpointOperationParameterMapper'
?[0m?[0;34m2024-07-18T17:39:29.939-04:00 DEBUG 93785 --- [    Test worker] o.s.b.f.s.DefaultListableBeanFactory     : Autowiring by type from bean name 'webEndpointDiscoverer' via factory method to bean named 'endpointMediaTypes'
?[0m?[0;34m2024-07-18T17:39:29.940-04:00 DEBUG 93785 --- [    Test worker] o.s.b.f.s.DefaultListableBeanFactory     : Creating shared instance of singleton bean 'endpointCachingOperationInvokerAdvisor'
?[0m?[0;34m2024-07-18T17:39:29.940-04:00 DEBUG 93785 --- [    Test worker] o.s.b.f.s.DefaultListableBeanFactory     : Autowiring by type from bean name 'endpointCachingOperationInvokerAdvisor' via factory method to bean named 'environment'
?[0m?[0;34m2024-07-18T17:39:29.941-04:00 DEBUG 93785 --- [    Test worker] o.s.b.f.s.DefaultListableBeanFactory     : Creating shared instance of singleton bean 'webExposeExcludePropertyEndpointFilter'
?[0m?[0;34m2024-07-18T17:39:29.943-04:00 DEBUG 93785 --- [    Test worker] o.s.b.f.s.DefaultListableBeanFactory     : Creating shared instance of singleton bean 'healthEndpointGroups'
?[0m?[0;34m2024-07-18T17:39:29.943-04:00 DEBUG 93785 --- [    Test worker] o.s.b.f.s.DefaultListableBeanFactory     : Creating shared instance of singleton bean 'org.springframework.boot.actuate.autoconfigure.health.HealthEndpointConfiguration'
?[0m?[0;34m2024-07-18T17:39:29.944-04:00 DEBUG 93785 --- [    Test worker] o.s.b.f.s.DefaultListableBeanFactory     : Creating shared instance of singleton bean 'management.endpoint.health-org.springframework.boot.actuate.autoconfigure.health.HealthEndpointProperties'
?[0m?[0;34m2024-07-18T17:39:29.947-04:00 DEBUG 93785 --- [    Test worker] o.s.b.f.s.DefaultListableBeanFactory     : Autowiring by type from bean name 'healthEndpointGroups' via factory method to bean named 'org.springframework.boot.web.servlet.context.AnnotationConfigServletWebServerApplicationContext@c358f32'
?[0m?[0;34m2024-07-18T17:39:29.947-04:00 DEBUG 93785 --- [    Test worker] o.s.b.f.s.DefaultListableBeanFactory     : Autowiring by type from bean name 'healthEndpointGroups' via factory method to bean named 'management.endpoint.health-org.springframework.boot.actuate.autoconfigure.health.HealthEndpointProperties'
?[0m?[0;34m2024-07-18T17:39:29.948-04:00 DEBUG 93785 --- [    Test worker] o.s.b.f.s.DefaultListableBeanFactory     : Creating shared instance of singleton bean 'healthStatusAggregator'
?[0m?[0;34m2024-07-18T17:39:29.948-04:00 DEBUG 93785 --- [    Test worker] o.s.b.f.s.DefaultListableBeanFactory     : Autowiring by type from bean name 'healthStatusAggregator' via factory method to bean named 'management.endpoint.health-org.springframework.boot.actuate.autoconfigure.health.HealthEndpointProperties'
?[0m?[0;34m2024-07-18T17:39:29.950-04:00 DEBUG 93785 --- [    Test worker] o.s.b.f.s.DefaultListableBeanFactory     : Creating shared instance of singleton bean 'healthHttpCodeStatusMapper'
?[0m?[0;34m2024-07-18T17:39:29.950-04:00 DEBUG 93785 --- [    Test worker] o.s.b.f.s.DefaultListableBeanFactory     : Autowiring by type from bean name 'healthHttpCodeStatusMapper' via factory method to bean named 'management.endpoint.health-org.springframework.boot.actuate.autoconfigure.health.HealthEndpointProperties'
?[0m?[0;34m2024-07-18T17:39:29.951-04:00 DEBUG 93785 --- [    Test worker] o.s.b.f.s.DefaultListableBeanFactory     : Autowiring by type from bean name 'healthEndpointWebMvcHandlerMapping' via factory method to bean named 'webEndpointDiscoverer'
?[0m?[0;34m2024-07-18T17:39:29.951-04:00 DEBUG 93785 --- [    Test worker] o.s.b.f.s.DefaultListableBeanFactory     : Autowiring by type from bean name 'healthEndpointWebMvcHandlerMapping' via factory method to bean named 'healthEndpointGroups'
?[0m?[0;34m2024-07-18T17:39:29.957-04:00 DEBUG 93785 --- [    Test worker] o.s.b.f.s.DefaultListableBeanFactory     : Creating shared instance of singleton bean 'cachesEndpoint'
?[0m?[0;34m2024-07-18T17:39:29.957-04:00 DEBUG 93785 --- [    Test worker] o.s.b.f.s.DefaultListableBeanFactory     : Creating shared instance of singleton bean 'org.springframework.boot.actuate.autoconfigure.cache.CachesEndpointAutoConfiguration'
?[0m?[0;34m2024-07-18T17:39:29.960-04:00 DEBUG 93785 --- [    Test worker] o.s.b.f.s.DefaultListableBeanFactory     : Creating shared instance of singleton bean 'healthEndpoint'
?[0m?[0;34m2024-07-18T17:39:29.961-04:00 DEBUG 93785 --- [    Test worker] o.s.b.f.s.DefaultListableBeanFactory     : Creating shared instance of singleton bean 'healthContributorRegistry'
?[0m?[0;34m2024-07-18T17:39:29.962-04:00 DEBUG 93785 --- [    Test worker] o.s.b.f.s.DefaultListableBeanFactory     : Creating shared instance of singleton bean 'diskSpaceHealthIndicator'
?[0m?[0;34m2024-07-18T17:39:29.962-04:00 DEBUG 93785 --- [    Test worker] o.s.b.f.s.DefaultListableBeanFactory     : Creating shared instance of singleton bean 'org.springframework.boot.actuate.autoconfigure.system.DiskSpaceHealthContributorAutoConfiguration'
?[0m?[0;34m2024-07-18T17:39:29.963-04:00 DEBUG 93785 --- [    Test worker] o.s.b.f.s.DefaultListableBeanFactory     : Creating shared instance of singleton bean 'management.health.diskspace-org.springframework.boot.actuate.autoconfigure.system.DiskSpaceHealthIndicatorProperties'
?[0m?[0;34m2024-07-18T17:39:29.965-04:00 DEBUG 93785 --- [    Test worker] o.s.b.f.s.DefaultListableBeanFactory     : Autowiring by type from bean name 'diskSpaceHealthIndicator' via factory method to bean named 'management.health.diskspace-org.springframework.boot.actuate.autoconfigure.system.DiskSpaceHealthIndicatorProperties'
?[0m?[0;34m2024-07-18T17:39:29.966-04:00 DEBUG 93785 --- [    Test worker] o.s.b.f.s.DefaultListableBeanFactory     : Creating shared instance of singleton bean 'pingHealthContributor'
?[0m?[0;34m2024-07-18T17:39:29.966-04:00 DEBUG 93785 --- [    Test worker] o.s.b.f.s.DefaultListableBeanFactory     : Creating shared instance of singleton bean 'org.springframework.boot.actuate.autoconfigure.health.HealthContributorAutoConfiguration'
?[0m?[0;34m2024-07-18T17:39:29.966-04:00 DEBUG 93785 --- [    Test worker] o.s.b.f.s.DefaultListableBeanFactory     : Creating shared instance of singleton bean 'dbHealthContributor'
?[0m?[0;34m2024-07-18T17:39:29.966-04:00 DEBUG 93785 --- [    Test worker] o.s.b.f.s.DefaultListableBeanFactory     : Creating shared instance of singleton bean 'org.springframework.boot.actuate.autoconfigure.jdbc.DataSourceHealthContributorAutoConfiguration'
?[0m?[0;34m2024-07-18T17:39:29.968-04:00 DEBUG 93785 --- [    Test worker] o.s.b.f.s.DefaultListableBeanFactory     : Creating shared instance of singleton bean 'management.health.db-org.springframework.boot.actuate.autoconfigure.jdbc.DataSourceHealthIndicatorProperties'
?[0m?[0;34m2024-07-18T17:39:29.969-04:00 DEBUG 93785 --- [    Test worker] o.s.b.f.s.DefaultListableBeanFactory     : Autowiring by type from bean name 'dbHealthContributor' via factory method to bean named 'dataSource'
?[0m?[0;34m2024-07-18T17:39:29.969-04:00 DEBUG 93785 --- [    Test worker] o.s.b.f.s.DefaultListableBeanFactory     : Autowiring by type from bean name 'dbHealthContributor' via factory method to bean named 'management.health.db-org.springframework.boot.actuate.autoconfigure.jdbc.DataSourceHealthIndicatorProperties'
?[0m?[0;34m2024-07-18T17:39:29.971-04:00 DEBUG 93785 --- [    Test worker] o.s.b.f.s.DefaultListableBeanFactory     : Autowiring by type from bean name 'healthContributorRegistry' via factory method to bean named 'org.springframework.boot.web.servlet.context.AnnotationConfigServletWebServerApplicationContext@c358f32'
?[0m?[0;34m2024-07-18T17:39:29.971-04:00 DEBUG 93785 --- [    Test worker] o.s.b.f.s.DefaultListableBeanFactory     : Autowiring by type from bean name 'healthContributorRegistry' via factory method to bean named 'healthEndpointGroups'
?[0m?[0;34m2024-07-18T17:39:29.971-04:00 DEBUG 93785 --- [    Test worker] o.s.b.f.s.DefaultListableBeanFactory     : Autowiring by type from bean name 'healthContributorRegistry' via factory method to bean named 'diskSpaceHealthIndicator'
?[0m?[0;34m2024-07-18T17:39:29.971-04:00 DEBUG 93785 --- [    Test worker] o.s.b.f.s.DefaultListableBeanFactory     : Autowiring by type from bean name 'healthContributorRegistry' via factory method to bean named 'pingHealthContributor'
?[0m?[0;34m2024-07-18T17:39:29.971-04:00 DEBUG 93785 --- [    Test worker] o.s.b.f.s.DefaultListableBeanFactory     : Autowiring by type from bean name 'healthContributorRegistry' via factory method to bean named 'dbHealthContributor'
?[0m?[0;34m2024-07-18T17:39:29.973-04:00 DEBUG 93785 --- [    Test worker] o.s.b.f.s.DefaultListableBeanFactory     : Autowiring by type from bean name 'healthEndpoint' via factory method to bean named 'healthContributorRegistry'
?[0m?[0;34m2024-07-18T17:39:29.973-04:00 DEBUG 93785 --- [    Test worker] o.s.b.f.s.DefaultListableBeanFactory     : Autowiring by type from bean name 'healthEndpoint' via factory method to bean named 'healthEndpointGroups'
?[0m?[0;34m2024-07-18T17:39:29.973-04:00 DEBUG 93785 --- [    Test worker] o.s.b.f.s.DefaultListableBeanFactory     : Autowiring by type from bean name 'healthEndpoint' via factory method to bean named 'management.endpoint.health-org.springframework.boot.actuate.autoconfigure.health.HealthEndpointProperties'
?[0m?[0;34m2024-07-18T17:39:29.974-04:00 DEBUG 93785 --- [    Test worker] o.s.b.f.s.DefaultListableBeanFactory     : Creating shared instance of singleton bean 'configurationPropertiesReportEndpoint'
?[0m?[0;34m2024-07-18T17:39:29.974-04:00 DEBUG 93785 --- [    Test worker] o.s.b.f.s.DefaultListableBeanFactory     : Creating shared instance of singleton bean 'org.springframework.boot.actuate.autoconfigure.context.properties.ConfigurationPropertiesReportEndpointAutoConfiguration'
?[0m?[0;34m2024-07-18T17:39:29.975-04:00 DEBUG 93785 --- [    Test worker] o.s.b.f.s.DefaultListableBeanFactory     : Creating shared instance of singleton bean 'management.endpoint.configprops-org.springframework.boot.actuate.autoconfigure.context.properties.ConfigurationPropertiesReportEndpointProperties'
?[0m?[0;34m2024-07-18T17:39:29.976-04:00 DEBUG 93785 --- [    Test worker] o.s.b.f.s.DefaultListableBeanFactory     : Autowiring by type from bean name 'configurationPropertiesReportEndpoint' via factory method to bean named 'management.endpoint.configprops-org.springframework.boot.actuate.autoconfigure.context.properties.ConfigurationPropertiesReportEndpointProperties'
?[0m?[0;34m2024-07-18T17:39:29.978-04:00 DEBUG 93785 --- [    Test worker] o.s.b.f.s.DefaultListableBeanFactory     : Creating shared instance of singleton bean 'environmentEndpoint'
?[0m?[0;34m2024-07-18T17:39:29.978-04:00 DEBUG 93785 --- [    Test worker] o.s.b.f.s.DefaultListableBeanFactory     : Creating shared instance of singleton bean 'org.springframework.boot.actuate.autoconfigure.env.EnvironmentEndpointAutoConfiguration'
?[0m?[0;34m2024-07-18T17:39:29.979-04:00 DEBUG 93785 --- [    Test worker] o.s.b.f.s.DefaultListableBeanFactory     : Creating shared instance of singleton bean 'management.endpoint.env-org.springframework.boot.actuate.autoconfigure.env.EnvironmentEndpointProperties'
?[0m?[0;34m2024-07-18T17:39:29.981-04:00 DEBUG 93785 --- [    Test worker] o.s.b.f.s.DefaultListableBeanFactory     : Autowiring by type from bean name 'environmentEndpoint' via factory method to bean named 'environment'
?[0m?[0;34m2024-07-18T17:39:29.981-04:00 DEBUG 93785 --- [    Test worker] o.s.b.f.s.DefaultListableBeanFactory     : Autowiring by type from bean name 'environmentEndpoint' via factory method to bean named 'management.endpoint.env-org.springframework.boot.actuate.autoconfigure.env.EnvironmentEndpointProperties'
?[0m?[0;34m2024-07-18T17:39:29.982-04:00 DEBUG 93785 --- [    Test worker] o.s.b.f.s.DefaultListableBeanFactory     : Creating shared instance of singleton bean 'beansEndpoint'
?[0m?[0;34m2024-07-18T17:39:29.983-04:00 DEBUG 93785 --- [    Test worker] o.s.b.f.s.DefaultListableBeanFactory     : Creating shared instance of singleton bean 'org.springframework.boot.actuate.autoconfigure.beans.BeansEndpointAutoConfiguration'
?[0m?[0;34m2024-07-18T17:39:29.984-04:00 DEBUG 93785 --- [    Test worker] o.s.b.f.s.DefaultListableBeanFactory     : Autowiring by type from bean name 'beansEndpoint' via factory method to bean named 'org.springframework.boot.web.servlet.context.AnnotationConfigServletWebServerApplicationContext@c358f32'
?[0m?[0;34m2024-07-18T17:39:29.988-04:00 DEBUG 93785 --- [    Test worker] o.s.b.f.s.DefaultListableBeanFactory     : Creating shared instance of singleton bean 'cachesEndpointWebExtension'
?[0m?[0;34m2024-07-18T17:39:29.989-04:00 DEBUG 93785 --- [    Test worker] o.s.b.f.s.DefaultListableBeanFactory     : Autowiring by type from bean name 'cachesEndpointWebExtension' via factory method to bean named 'cachesEndpoint'
?[0m?[0;34m2024-07-18T17:39:29.991-04:00 DEBUG 93785 --- [    Test worker] o.s.b.f.s.DefaultListableBeanFactory     : Creating shared instance of singleton bean 'healthEndpointWebExtension'
?[0m?[0;34m2024-07-18T17:39:29.992-04:00 DEBUG 93785 --- [    Test worker] o.s.b.f.s.DefaultListableBeanFactory     : Creating shared instance of singleton bean 'org.springframework.boot.actuate.autoconfigure.health.HealthEndpointWebExtensionConfiguration'
?[0m?[0;34m2024-07-18T17:39:29.994-04:00 DEBUG 93785 --- [    Test worker] o.s.b.f.s.DefaultListableBeanFactory     : Autowiring by type from bean name 'healthEndpointWebExtension' via factory method to bean named 'healthContributorRegistry'
?[0m?[0;34m2024-07-18T17:39:29.994-04:00 DEBUG 93785 --- [    Test worker] o.s.b.f.s.DefaultListableBeanFactory     : Autowiring by type from bean name 'healthEndpointWebExtension' via factory method to bean named 'healthEndpointGroups'
?[0m?[0;34m2024-07-18T17:39:29.994-04:00 DEBUG 93785 --- [    Test worker] o.s.b.f.s.DefaultListableBeanFactory     : Autowiring by type from bean name 'healthEndpointWebExtension' via factory method to bean named 'management.endpoint.health-org.springframework.boot.actuate.autoconfigure.health.HealthEndpointProperties'
?[0m?[0;34m2024-07-18T17:39:29.997-04:00 DEBUG 93785 --- [    Test worker] o.s.b.f.s.DefaultListableBeanFactory     : Creating shared instance of singleton bean 'infoEndpoint'
?[0m?[0;34m2024-07-18T17:39:29.997-04:00 DEBUG 93785 --- [    Test worker] o.s.b.f.s.DefaultListableBeanFactory     : Creating shared instance of singleton bean 'org.springframework.boot.actuate.autoconfigure.info.InfoEndpointAutoConfiguration'
?[0m?[0;34m2024-07-18T17:39:29.999-04:00 DEBUG 93785 --- [    Test worker] o.s.b.f.s.DefaultListableBeanFactory     : Creating shared instance of singleton bean 'conditionsReportEndpoint'
?[0m?[0;34m2024-07-18T17:39:29.999-04:00 DEBUG 93785 --- [    Test worker] o.s.b.f.s.DefaultListableBeanFactory     : Creating shared instance of singleton bean 'org.springframework.boot.actuate.autoconfigure.condition.ConditionsReportEndpointAutoConfiguration'
?[0m?[0;34m2024-07-18T17:39:30.000-04:00 DEBUG 93785 --- [    Test worker] o.s.b.f.s.DefaultListableBeanFactory     : Autowiring by type from bean name 'conditionsReportEndpoint' via factory method to bean named 'org.springframework.boot.web.servlet.context.AnnotationConfigServletWebServerApplicationContext@c358f32'
?[0m?[0;34m2024-07-18T17:39:30.002-04:00 DEBUG 93785 --- [    Test worker] o.s.b.f.s.DefaultListableBeanFactory     : Creating shared instance of singleton bean 'shutdownEndpoint'
?[0m?[0;34m2024-07-18T17:39:30.002-04:00 DEBUG 93785 --- [    Test worker] o.s.b.f.s.DefaultListableBeanFactory     : Creating shared instance of singleton bean 'org.springframework.boot.actuate.autoconfigure.context.ShutdownEndpointAutoConfiguration'
?[0m?[0;34m2024-07-18T17:39:30.004-04:00 DEBUG 93785 --- [    Test worker] o.s.b.f.s.DefaultListableBeanFactory     : Creating shared instance of singleton bean 'configurationPropertiesReportEndpointWebExtension'
?[0m?[0;34m2024-07-18T17:39:30.005-04:00 DEBUG 93785 --- [    Test worker] o.s.b.f.s.DefaultListableBeanFactory     : Autowiring by type from bean name 'configurationPropertiesReportEndpointWebExtension' via factory method to bean named 'configurationPropertiesReportEndpoint'
?[0m?[0;34m2024-07-18T17:39:30.005-04:00 DEBUG 93785 --- [    Test worker] o.s.b.f.s.DefaultListableBeanFactory     : Autowiring by type from bean name 'configurationPropertiesReportEndpointWebExtension' via factory method to bean named 'management.endpoint.configprops-org.springframework.boot.actuate.autoconfigure.context.properties.ConfigurationPropertiesReportEndpointProperties'
?[0m?[0;34m2024-07-18T17:39:30.007-04:00 DEBUG 93785 --- [    Test worker] o.s.b.f.s.DefaultListableBeanFactory     : Creating shared instance of singleton bean 'environmentEndpointWebExtension'
?[0m?[0;34m2024-07-18T17:39:30.008-04:00 DEBUG 93785 --- [    Test worker] o.s.b.f.s.DefaultListableBeanFactory     : Autowiring by type from bean name 'environmentEndpointWebExtension' via factory method to bean named 'environmentEndpoint'
?[0m?[0;34m2024-07-18T17:39:30.008-04:00 DEBUG 93785 --- [    Test worker] o.s.b.f.s.DefaultListableBeanFactory     : Autowiring by type from bean name 'environmentEndpointWebExtension' via factory method to bean named 'management.endpoint.env-org.springframework.boot.actuate.autoconfigure.env.EnvironmentEndpointProperties'
?[0m?[0;34m2024-07-18T17:39:30.009-04:00 DEBUG 93785 --- [    Test worker] o.s.b.f.s.DefaultListableBeanFactory     : Creating shared instance of singleton bean 'loggersEndpoint'
?[0m?[0;34m2024-07-18T17:39:30.009-04:00 DEBUG 93785 --- [    Test worker] o.s.b.f.s.DefaultListableBeanFactory     : Creating shared instance of singleton bean 'org.springframework.boot.actuate.autoconfigure.logging.LoggersEndpointAutoConfiguration'
?[0m?[0;34m2024-07-18T17:39:30.010-04:00 DEBUG 93785 --- [    Test worker] o.s.b.f.s.DefaultListableBeanFactory     : Autowiring by type from bean name 'loggersEndpoint' via factory method to bean named 'springBootLoggingSystem'
?[0m?[0;34m2024-07-18T17:39:30.012-04:00 DEBUG 93785 --- [    Test worker] o.s.b.f.s.DefaultListableBeanFactory     : Creating shared instance of singleton bean 'heapDumpWebEndpoint'
?[0m?[0;34m2024-07-18T17:39:30.012-04:00 DEBUG 93785 --- [    Test worker] o.s.b.f.s.DefaultListableBeanFactory     : Creating shared instance of singleton bean 'org.springframework.boot.actuate.autoconfigure.management.HeapDumpWebEndpointAutoConfiguration'
?[0m?[0;34m2024-07-18T17:39:30.014-04:00 DEBUG 93785 --- [    Test worker] o.s.b.f.s.DefaultListableBeanFactory     : Creating shared instance of singleton bean 'dumpEndpoint'
?[0m?[0;34m2024-07-18T17:39:30.014-04:00 DEBUG 93785 --- [    Test worker] o.s.b.f.s.DefaultListableBeanFactory     : Creating shared instance of singleton bean 'org.springframework.boot.actuate.autoconfigure.management.ThreadDumpEndpointAutoConfiguration'
?[0m?[0;34m2024-07-18T17:39:30.015-04:00 DEBUG 93785 --- [    Test worker] o.s.b.f.s.DefaultListableBeanFactory     : Creating shared instance of singleton bean 'metricsEndpoint'
?[0m?[0;34m2024-07-18T17:39:30.015-04:00 DEBUG 93785 --- [    Test worker] o.s.b.f.s.DefaultListableBeanFactory     : Creating shared instance of singleton bean 'org.springframework.boot.actuate.autoconfigure.metrics.MetricsEndpointAutoConfiguration'
?[0m?[0;34m2024-07-18T17:39:30.016-04:00 DEBUG 93785 --- [    Test worker] o.s.b.f.s.DefaultListableBeanFactory     : Autowiring by type from bean name 'metricsEndpoint' via factory method to bean named 'simpleMeterRegistry'
?[0m?[0;34m2024-07-18T17:39:30.018-04:00 DEBUG 93785 --- [    Test worker] o.s.b.f.s.DefaultListableBeanFactory     : Creating shared instance of singleton bean 'scheduledTasksEndpoint'
?[0m?[0;34m2024-07-18T17:39:30.018-04:00 DEBUG 93785 --- [    Test worker] o.s.b.f.s.DefaultListableBeanFactory     : Creating shared instance of singleton bean 'org.springframework.boot.actuate.autoconfigure.scheduling.ScheduledTasksEndpointAutoConfiguration'
?[0m?[0;34m2024-07-18T17:39:30.020-04:00 DEBUG 93785 --- [    Test worker] o.s.b.f.s.DefaultListableBeanFactory     : Creating shared instance of singleton bean 'mappingsEndpoint'
?[0m?[0;34m2024-07-18T17:39:30.020-04:00 DEBUG 93785 --- [    Test worker] o.s.b.f.s.DefaultListableBeanFactory     : Creating shared instance of singleton bean 'org.springframework.boot.actuate.autoconfigure.web.mappings.MappingsEndpointAutoConfiguration'
?[0m?[0;34m2024-07-18T17:39:30.021-04:00 DEBUG 93785 --- [    Test worker] o.s.b.f.s.DefaultListableBeanFactory     : Autowiring by type from bean name 'mappingsEndpoint' via factory method to bean named 'org.springframework.boot.web.servlet.context.AnnotationConfigServletWebServerApplicationContext@c358f32'
?[0m?[0;34m2024-07-18T17:39:30.021-04:00 DEBUG 93785 --- [    Test worker] o.s.b.f.s.DefaultListableBeanFactory     : Creating shared instance of singleton bean 'dispatcherServletMappingDescriptionProvider'
?[0m?[0;34m2024-07-18T17:39:30.021-04:00 DEBUG 93785 --- [    Test worker] o.s.b.f.s.DefaultListableBeanFactory     : Creating shared instance of singleton bean 'org.springframework.boot.actuate.autoconfigure.web.mappings.MappingsEndpointAutoConfiguration$ServletWebConfiguration$SpringMvcConfiguration'
?[0m?[0;34m2024-07-18T17:39:30.022-04:00 DEBUG 93785 --- [    Test worker] o.s.b.f.s.DefaultListableBeanFactory     : Creating shared instance of singleton bean 'servletMappingDescriptionProvider'
?[0m?[0;34m2024-07-18T17:39:30.022-04:00 DEBUG 93785 --- [    Test worker] o.s.b.f.s.DefaultListableBeanFactory     : Creating shared instance of singleton bean 'org.springframework.boot.actuate.autoconfigure.web.mappings.MappingsEndpointAutoConfiguration$ServletWebConfiguration'
?[0m?[0;34m2024-07-18T17:39:30.023-04:00 DEBUG 93785 --- [    Test worker] o.s.b.f.s.DefaultListableBeanFactory     : Creating shared instance of singleton bean 'filterMappingDescriptionProvider'
?[0m?[0;34m2024-07-18T17:39:30.027-04:00 DEBUG 93785 --- [    Test worker] o.s.b.f.s.DefaultListableBeanFactory     : Creating shared instance of singleton bean 'webEndpointServletHandlerMapping'
?[0m?[0;34m2024-07-18T17:39:30.027-04:00 DEBUG 93785 --- [    Test worker] o.s.b.f.s.DefaultListableBeanFactory     : Creating shared instance of singleton bean 'org.springframework.boot.actuate.autoconfigure.endpoint.web.servlet.WebMvcEndpointManagementContextConfiguration'
?[0m?[0;34m2024-07-18T17:39:30.028-04:00 DEBUG 93785 --- [    Test worker] o.s.b.f.s.DefaultListableBeanFactory     : Creating shared instance of singleton bean 'controllerEndpointDiscoverer'
?[0m?[0;34m2024-07-18T17:39:30.029-04:00 DEBUG 93785 --- [    Test worker] o.s.b.f.s.DefaultListableBeanFactory     : Creating shared instance of singleton bean 'controllerExposeExcludePropertyEndpointFilter'
?[0m?[0;34m2024-07-18T17:39:30.031-04:00 DEBUG 93785 --- [    Test worker] o.s.b.f.s.DefaultListableBeanFactory     : Creating shared instance of singleton bean 'management.endpoints.web.cors-org.springframework.boot.actuate.autoconfigure.endpoint.web.CorsEndpointProperties'
?[0m?[0;34m2024-07-18T17:39:30.034-04:00 DEBUG 93785 --- [    Test worker] o.s.b.f.s.DefaultListableBeanFactory     : Autowiring by type from bean name 'webEndpointServletHandlerMapping' via factory method to bean named 'webEndpointDiscoverer'
?[0m?[0;34m2024-07-18T17:39:30.034-04:00 DEBUG 93785 --- [    Test worker] o.s.b.f.s.DefaultListableBeanFactory     : Autowiring by type from bean name 'webEndpointServletHandlerMapping' via factory method to bean named 'servletEndpointDiscoverer'
?[0m?[0;34m2024-07-18T17:39:30.034-04:00 DEBUG 93785 --- [    Test worker] o.s.b.f.s.DefaultListableBeanFactory     : Autowiring by type from bean name 'webEndpointServletHandlerMapping' via factory method to bean named 'controllerEndpointDiscoverer'
?[0m?[0;34m2024-07-18T17:39:30.034-04:00 DEBUG 93785 --- [    Test worker] o.s.b.f.s.DefaultListableBeanFactory     : Autowiring by type from bean name 'webEndpointServletHandlerMapping' via factory method to bean named 'endpointMediaTypes'
?[0m?[0;34m2024-07-18T17:39:30.034-04:00 DEBUG 93785 --- [    Test worker] o.s.b.f.s.DefaultListableBeanFactory     : Autowiring by type from bean name 'webEndpointServletHandlerMapping' via factory method to bean named 'management.endpoints.web.cors-org.springframework.boot.actuate.autoconfigure.endpoint.web.CorsEndpointProperties'
?[0m?[0;34m2024-07-18T17:39:30.034-04:00 DEBUG 93785 --- [    Test worker] o.s.b.f.s.DefaultListableBeanFactory     : Autowiring by type from bean name 'webEndpointServletHandlerMapping' via factory method to bean named 'management.endpoints.web-org.springframework.boot.actuate.autoconfigure.endpoint.web.WebEndpointProperties'
?[0m?[0;34m2024-07-18T17:39:30.034-04:00 DEBUG 93785 --- [    Test worker] o.s.b.f.s.DefaultListableBeanFactory     : Autowiring by type from bean name 'webEndpointServletHandlerMapping' via factory method to bean named 'environment'
?[0m?[0;34m2024-07-18T17:39:30.039-04:00  INFO 93785 --- [    Test worker] o.s.b.a.e.web.EndpointLinksResolver      : Exposing 14 endpoint(s) beneath base path '/actuator'
?[0m?[0;34m2024-07-18T17:39:30.045-04:00 DEBUG 93785 --- [    Test worker] o.s.b.f.s.DefaultListableBeanFactory     : Creating shared instance of singleton bean 'controllerEndpointHandlerMapping'
?[0m?[0;34m2024-07-18T17:39:30.045-04:00 DEBUG 93785 --- [    Test worker] o.s.b.f.s.DefaultListableBeanFactory     : Autowiring by type from bean name 'controllerEndpointHandlerMapping' via factory method to bean named 'controllerEndpointDiscoverer'
?[0m?[0;34m2024-07-18T17:39:30.045-04:00 DEBUG 93785 --- [    Test worker] o.s.b.f.s.DefaultListableBeanFactory     : Autowiring by type from bean name 'controllerEndpointHandlerMapping' via factory method to bean named 'management.endpoints.web.cors-org.springframework.boot.actuate.autoconfigure.endpoint.web.CorsEndpointProperties'
?[0m?[0;34m2024-07-18T17:39:30.045-04:00 DEBUG 93785 --- [    Test worker] o.s.b.f.s.DefaultListableBeanFactory     : Autowiring by type from bean name 'controllerEndpointHandlerMapping' via factory method to bean named 'management.endpoints.web-org.springframework.boot.actuate.autoconfigure.endpoint.web.WebEndpointProperties'
?[0m?[0;34m2024-07-18T17:39:30.054-04:00 DEBUG 93785 --- [    Test worker] edFilterInvocationSecurityMetadataSource : Adding web access control expression [permitAll] for Mvc [pattern='/api/auth/user', POST]
?[0m?[0;34m2024-07-18T17:39:30.054-04:00 DEBUG 93785 --- [    Test worker] edFilterInvocationSecurityMetadataSource : Adding web access control expression [permitAll] for Mvc [pattern='/api/auth/list', GET]
?[0m?[0;34m2024-07-18T17:39:30.055-04:00 DEBUG 93785 --- [    Test worker] edFilterInvocationSecurityMetadataSource : Adding web access control expression [permitAll] for Mvc [pattern='/actuator/shutdown']
?[0m?[0;34m2024-07-18T17:39:30.055-04:00 DEBUG 93785 --- [    Test worker] edFilterInvocationSecurityMetadataSource : Adding web access control expression [permitAll] for Mvc [pattern='/h2-console/**']
?[0m?[0;34m2024-07-18T17:39:30.055-04:00 DEBUG 93785 --- [    Test worker] edFilterInvocationSecurityMetadataSource : Adding web access control expression [authenticated] for any request
?[0m?[0;34m2024-07-18T17:39:30.056-04:00  INFO 93785 --- [    Test worker] o.s.s.web.DefaultSecurityFilterChain     : Will secure any request with [org.springframework.security.web.session.DisableEncodeUrlFilter@4daa53e0, org.springframework.security.web.context.request.async.WebAsyncManagerIntegrationFilter@6b989889, org.springframework.security.web.context.SecurityContextHolderFilter@5d28ac23, org.springframework.security.web.header.HeaderWriterFilter@42a08547, org.springframework.security.web.authentication.logout.LogoutFilter@3f7d20c5, org.springframework.security.web.authentication.www.BasicAuthenticationFilter@142f0ac1, org.springframework.security.web.savedrequest.RequestCacheAwareFilter@6e18bc2f, org.springframework.security.web.servletapi.SecurityContextHolderAwareRequestFilter@28d48616, org.springframework.security.web.authentication.AnonymousAuthenticationFilter@42748f59, org.springframework.security.web.session.SessionManagementFilter@579b1d86, org.springframework.security.web.access.ExceptionTranslationFilter@27828021, org.springframework.security.web.access.intercept.FilterSecurityInterceptor@61236349]
?[0m?[0;34m2024-07-18T17:39:30.058-04:00 DEBUG 93785 --- [    Test worker] o.s.b.f.s.DefaultListableBeanFactory     : Creating shared instance of singleton bean 'delegatingApplicationListener'
?[0m?[0;34m2024-07-18T17:39:30.059-04:00 DEBUG 93785 --- [    Test worker] o.s.b.f.s.DefaultListableBeanFactory     : Creating shared instance of singleton bean 'springSecurityFilterChain'
?[0m?[0;34m2024-07-18T17:39:30.060-04:00 DEBUG 93785 --- [    Test worker] o.s.b.f.s.DefaultListableBeanFactory     : Creating shared instance of singleton bean 'webSecurityExpressionHandler'
?[0m?[0;34m2024-07-18T17:39:30.060-04:00 DEBUG 93785 --- [    Test worker] o.s.b.f.s.DefaultListableBeanFactory     : Creating shared instance of singleton bean 'privilegeEvaluator'
?[0m?[0;34m2024-07-18T17:39:30.060-04:00 DEBUG 93785 --- [    Test worker] o.s.b.f.s.DefaultListableBeanFactory     : Creating shared instance of singleton bean 'requestDataValueProcessor'
?[0m?[0;34m2024-07-18T17:39:30.061-04:00 DEBUG 93785 --- [    Test worker] o.s.b.f.s.DefaultListableBeanFactory     : Creating shared instance of singleton bean 'org.springframework.boot.autoconfigure.context.PropertyPlaceholderAutoConfiguration'
?[0m?[0;34m2024-07-18T17:39:30.061-04:00 DEBUG 93785 --- [    Test worker] o.s.b.f.s.DefaultListableBeanFactory     : Creating shared instance of singleton bean 'org.springframework.boot.autoconfigure.websocket.servlet.WebSocketServletAutoConfiguration'
?[0m?[0;34m2024-07-18T17:39:30.061-04:00 DEBUG 93785 --- [    Test worker] o.s.b.f.s.DefaultListableBeanFactory     : Creating shared instance of singleton bean 'org.springframework.boot.context.properties.EnableConfigurationPropertiesRegistrar.methodValidationExcludeFilter'
?[0m?[0;34m2024-07-18T17:39:30.063-04:00 DEBUG 93785 --- [    Test worker] o.s.b.f.s.DefaultListableBeanFactory     : Creating shared instance of singleton bean 'org.springframework.boot.autoconfigure.web.servlet.DispatcherServletAutoConfiguration'
?[0m?[0;34m2024-07-18T17:39:30.063-04:00 DEBUG 93785 --- [    Test worker] o.s.b.f.s.DefaultListableBeanFactory     : Creating shared instance of singleton bean 'org.springframework.boot.autoconfigure.task.TaskExecutionAutoConfiguration'
?[0m?[0;34m2024-07-18T17:39:30.063-04:00 DEBUG 93785 --- [    Test worker] o.s.b.f.s.DefaultListableBeanFactory     : Creating shared instance of singleton bean 'taskExecutorBuilder'
?[0m?[0;34m2024-07-18T17:39:30.064-04:00 DEBUG 93785 --- [    Test worker] o.s.b.f.s.DefaultListableBeanFactory     : Creating shared instance of singleton bean 'spring.task.execution-org.springframework.boot.autoconfigure.task.TaskExecutionProperties'
?[0m?[0;34m2024-07-18T17:39:30.065-04:00 DEBUG 93785 --- [    Test worker] o.s.b.f.s.DefaultListableBeanFactory     : Autowiring by type from bean name 'taskExecutorBuilder' via factory method to bean named 'spring.task.execution-org.springframework.boot.autoconfigure.task.TaskExecutionProperties'
?[0m?[0;34m2024-07-18T17:39:30.067-04:00 DEBUG 93785 --- [    Test worker] o.s.b.f.s.DefaultListableBeanFactory     : Creating shared instance of singleton bean 'org.springframework.boot.autoconfigure.web.servlet.error.ErrorMvcAutoConfiguration$WhitelabelErrorViewConfiguration'
?[0m?[0;34m2024-07-18T17:39:30.067-04:00 DEBUG 93785 --- [    Test worker] o.s.b.f.s.DefaultListableBeanFactory     : Creating shared instance of singleton bean 'error'
?[0m?[0;34m2024-07-18T17:39:30.067-04:00 DEBUG 93785 --- [    Test worker] o.s.b.f.s.DefaultListableBeanFactory     : Creating shared instance of singleton bean 'beanNameViewResolver'
?[0m?[0;34m2024-07-18T17:39:30.068-04:00 DEBUG 93785 --- [    Test worker] o.s.b.f.s.DefaultListableBeanFactory     : Creating shared instance of singleton bean 'org.springframework.boot.autoconfigure.web.servlet.error.ErrorMvcAutoConfiguration$DefaultErrorViewResolverConfiguration'
?[0m?[0;34m2024-07-18T17:39:30.068-04:00 DEBUG 93785 --- [    Test worker] o.s.b.f.s.DefaultListableBeanFactory     : Autowiring by type from bean name 'org.springframework.boot.autoconfigure.web.servlet.error.ErrorMvcAutoConfiguration$DefaultErrorViewResolverConfiguration' via constructor to bean named 'org.springframework.boot.web.servlet.context.AnnotationConfigServletWebServerApplicationContext@c358f32'
?[0m?[0;34m2024-07-18T17:39:30.068-04:00 DEBUG 93785 --- [    Test worker] o.s.b.f.s.DefaultListableBeanFactory     : Autowiring by type from bean name 'org.springframework.boot.autoconfigure.web.servlet.error.ErrorMvcAutoConfiguration$DefaultErrorViewResolverConfiguration' via constructor to bean named 'spring.web-org.springframework.boot.autoconfigure.web.WebProperties'
?[0m?[0;34m2024-07-18T17:39:30.069-04:00 DEBUG 93785 --- [    Test worker] o.s.b.f.s.DefaultListableBeanFactory     : Creating shared instance of singleton bean 'conventionErrorViewResolver'
?[0m?[0;34m2024-07-18T17:39:30.069-04:00 DEBUG 93785 --- [    Test worker] o.s.b.f.s.DefaultListableBeanFactory     : Creating shared instance of singleton bean 'errorAttributes'
?[0m?[0;34m2024-07-18T17:39:30.069-04:00 DEBUG 93785 --- [    Test worker] o.s.b.f.s.DefaultListableBeanFactory     : Creating shared instance of singleton bean 'basicErrorController'
?[0m?[0;34m2024-07-18T17:39:30.070-04:00 DEBUG 93785 --- [    Test worker] o.s.b.f.s.DefaultListableBeanFactory     : Autowiring by type from bean name 'basicErrorController' via factory method to bean named 'errorAttributes'
?[0m?[0;34m2024-07-18T17:39:30.071-04:00 DEBUG 93785 --- [    Test worker] o.s.b.f.s.DefaultListableBeanFactory     : Creating shared instance of singleton bean 'requestMappingHandlerAdapter'
?[0m?[0;34m2024-07-18T17:39:30.072-04:00 DEBUG 93785 --- [    Test worker] o.s.b.f.s.DefaultListableBeanFactory     : Creating shared instance of singleton bean 'mvcValidator'
?[0m?[0;34m2024-07-18T17:39:30.074-04:00 DEBUG 93785 --- [    Test worker] o.s.b.f.s.DefaultListableBeanFactory     : Autowiring by type from bean name 'requestMappingHandlerAdapter' via factory method to bean named 'mvcContentNegotiationManager'
?[0m?[0;34m2024-07-18T17:39:30.074-04:00 DEBUG 93785 --- [    Test worker] o.s.b.f.s.DefaultListableBeanFactory     : Autowiring by type from bean name 'requestMappingHandlerAdapter' via factory method to bean named 'mvcConversionService'
?[0m?[0;34m2024-07-18T17:39:30.074-04:00 DEBUG 93785 --- [    Test worker] o.s.b.f.s.DefaultListableBeanFactory     : Autowiring by type from bean name 'requestMappingHandlerAdapter' via factory method to bean named 'mvcValidator'
?[0m?[0;34m2024-07-18T17:39:30.074-04:00 DEBUG 93785 --- [    Test worker] o.s.b.f.s.DefaultListableBeanFactory     : Creating shared instance of singleton bean 'sortResolver'
?[0m?[0;34m2024-07-18T17:39:30.075-04:00 DEBUG 93785 --- [    Test worker] o.s.b.f.s.DefaultListableBeanFactory     : Creating shared instance of singleton bean 'sortCustomizer'
?[0m?[0;34m2024-07-18T17:39:30.075-04:00 DEBUG 93785 --- [    Test worker] o.s.b.f.s.DefaultListableBeanFactory     : Creating shared instance of singleton bean 'org.springframework.boot.autoconfigure.data.web.SpringDataWebAutoConfiguration'
?[0m?[0;34m2024-07-18T17:39:30.076-04:00 DEBUG 93785 --- [    Test worker] o.s.b.f.s.DefaultListableBeanFactory     : Creating shared instance of singleton bean 'spring.data.web-org.springframework.boot.autoconfigure.data.web.SpringDataWebProperties'
?[0m?[0;34m2024-07-18T17:39:30.077-04:00 DEBUG 93785 --- [    Test worker] o.s.b.f.s.DefaultListableBeanFactory     : Autowiring by type from bean name 'org.springframework.boot.autoconfigure.data.web.SpringDataWebAutoConfiguration' via constructor to bean named 'spring.data.web-org.springframework.boot.autoconfigure.data.web.SpringDataWebProperties'
?[0m?[0;34m2024-07-18T17:39:30.078-04:00 DEBUG 93785 --- [    Test worker] o.s.b.f.s.DefaultListableBeanFactory     : Creating shared instance of singleton bean 'pageableResolver'
?[0m?[0;34m2024-07-18T17:39:30.079-04:00 DEBUG 93785 --- [    Test worker] o.s.b.f.s.DefaultListableBeanFactory     : Creating shared instance of singleton bean 'pageableCustomizer'
?[0m?[0;34m2024-07-18T17:39:30.080-04:00 DEBUG 93785 --- [    Test worker] o.s.b.f.s.DefaultListableBeanFactory     : Creating shared instance of singleton bean 'applicationTaskExecutor'
?[0m?[0;34m2024-07-18T17:39:30.081-04:00 DEBUG 93785 --- [    Test worker] o.s.b.f.s.DefaultListableBeanFactory     : Autowiring by type from bean name 'applicationTaskExecutor' via factory method to bean named 'taskExecutorBuilder'
?[0m?[0;34m2024-07-18T17:39:30.081-04:00 DEBUG 93785 --- [    Test worker] o.s.s.concurrent.ThreadPoolTaskExecutor  : Initializing ExecutorService 'applicationTaskExecutor'
?[0m?[0;34m2024-07-18T17:39:30.086-04:00 DEBUG 93785 --- [    Test worker] s.w.s.m.m.a.RequestMappingHandlerAdapter : ControllerAdvice beans: 0 @ModelAttribute, 0 @InitBinder, 1 RequestBodyAdvice, 1 ResponseBodyAdvice
?[0m?[0;34m2024-07-18T17:39:30.087-04:00 DEBUG 93785 --- [    Test worker] o.s.b.f.s.DefaultListableBeanFactory     : Creating shared instance of singleton bean 'localeResolver'
?[0m?[0;34m2024-07-18T17:39:30.088-04:00 DEBUG 93785 --- [    Test worker] o.s.b.f.s.DefaultListableBeanFactory     : Creating shared instance of singleton bean 'themeResolver'
?[0m?[0;34m2024-07-18T17:39:30.089-04:00 DEBUG 93785 --- [    Test worker] o.s.b.f.s.DefaultListableBeanFactory     : Creating shared instance of singleton bean 'flashMapManager'
?[0m?[0;34m2024-07-18T17:39:30.090-04:00 DEBUG 93785 --- [    Test worker] o.s.b.f.s.DefaultListableBeanFactory     : Creating shared instance of singleton bean 'mvcPatternParser'
?[0m?[0;34m2024-07-18T17:39:30.090-04:00 DEBUG 93785 --- [    Test worker] o.s.b.f.s.DefaultListableBeanFactory     : Creating shared instance of singleton bean 'mvcUrlPathHelper'
?[0m?[0;34m2024-07-18T17:39:30.091-04:00 DEBUG 93785 --- [    Test worker] o.s.b.f.s.DefaultListableBeanFactory     : Creating shared instance of singleton bean 'mvcPathMatcher'
?[0m?[0;34m2024-07-18T17:39:30.091-04:00 DEBUG 93785 --- [    Test worker] o.s.b.f.s.DefaultListableBeanFactory     : Creating shared instance of singleton bean 'handlerFunctionAdapter'
?[0m?[0;34m2024-07-18T17:39:30.092-04:00 DEBUG 93785 --- [    Test worker] o.s.b.f.s.DefaultListableBeanFactory     : Creating shared instance of singleton bean 'mvcUriComponentsContributor'
?[0m?[0;34m2024-07-18T17:39:30.093-04:00 DEBUG 93785 --- [    Test worker] o.s.b.f.s.DefaultListableBeanFactory     : Autowiring by type from bean name 'mvcUriComponentsContributor' via factory method to bean named 'mvcConversionService'
?[0m?[0;34m2024-07-18T17:39:30.093-04:00 DEBUG 93785 --- [    Test worker] o.s.b.f.s.DefaultListableBeanFactory     : Autowiring by type from bean name 'mvcUriComponentsContributor' via factory method to bean named 'requestMappingHandlerAdapter'
?[0m?[0;34m2024-07-18T17:39:30.094-04:00 DEBUG 93785 --- [    Test worker] o.s.b.f.s.DefaultListableBeanFactory     : Creating shared instance of singleton bean 'httpRequestHandlerAdapter'
?[0m?[0;34m2024-07-18T17:39:30.094-04:00 DEBUG 93785 --- [    Test worker] o.s.b.f.s.DefaultListableBeanFactory     : Creating shared instance of singleton bean 'simpleControllerHandlerAdapter'
?[0m?[0;34m2024-07-18T17:39:30.095-04:00 DEBUG 93785 --- [    Test worker] o.s.b.f.s.DefaultListableBeanFactory     : Creating shared instance of singleton bean 'handlerExceptionResolver'
?[0m?[0;34m2024-07-18T17:39:30.095-04:00 DEBUG 93785 --- [    Test worker] o.s.b.f.s.DefaultListableBeanFactory     : Autowiring by type from bean name 'handlerExceptionResolver' via factory method to bean named 'mvcContentNegotiationManager'
?[0m?[0;34m2024-07-18T17:39:30.098-04:00 DEBUG 93785 --- [    Test worker] .m.m.a.ExceptionHandlerExceptionResolver : ControllerAdvice beans: 0 @ExceptionHandler, 1 ResponseBodyAdvice
?[0m?[0;34m2024-07-18T17:39:30.098-04:00 DEBUG 93785 --- [    Test worker] o.s.b.f.s.DefaultListableBeanFactory     : Creating shared instance of singleton bean 'mvcViewResolver'
?[0m?[0;34m2024-07-18T17:39:30.098-04:00 DEBUG 93785 --- [    Test worker] o.s.b.f.s.DefaultListableBeanFactory     : Autowiring by type from bean name 'mvcViewResolver' via factory method to bean named 'mvcContentNegotiationManager'
?[0m?[0;34m2024-07-18T17:39:30.100-04:00 DEBUG 93785 --- [    Test worker] o.s.b.f.s.DefaultListableBeanFactory     : Creating shared instance of singleton bean 'viewNameTranslator'
?[0m?[0;34m2024-07-18T17:39:30.100-04:00 DEBUG 93785 --- [    Test worker] o.s.b.f.s.DefaultListableBeanFactory     : Creating shared instance of singleton bean 'defaultViewResolver'
?[0m?[0;34m2024-07-18T17:39:30.102-04:00 DEBUG 93785 --- [    Test worker] o.s.b.f.s.DefaultListableBeanFactory     : Creating shared instance of singleton bean 'viewResolver'
?[0m?[0;34m2024-07-18T17:39:30.103-04:00 DEBUG 93785 --- [    Test worker] o.s.b.f.s.DefaultListableBeanFactory     : Autowiring by type from bean name 'viewResolver' via factory method to bean named 'org.springframework.beans.factory.support.DefaultListableBeanFactory@e36a4c1'
?[0m?[0;34m2024-07-18T17:39:30.104-04:00 DEBUG 93785 --- [    Test worker] o.s.b.f.s.DefaultListableBeanFactory     : Creating shared instance of singleton bean 'viewResolver'
?[0m?[0;34m2024-07-18T17:39:30.104-04:00 DEBUG 93785 --- [    Test worker] o.s.b.f.s.DefaultListableBeanFactory     : Creating shared instance of singleton bean 'org.springframework.boot.actuate.autoconfigure.audit.AuditEventsEndpointAutoConfiguration'
?[0m?[0;34m2024-07-18T17:39:30.105-04:00 DEBUG 93785 --- [    Test worker] o.s.b.f.s.DefaultListableBeanFactory     : Creating shared instance of singleton bean 'org.springframework.boot.autoconfigure.availability.ApplicationAvailabilityAutoConfiguration'
?[0m?[0;34m2024-07-18T17:39:30.105-04:00 DEBUG 93785 --- [    Test worker] o.s.b.f.s.DefaultListableBeanFactory     : Creating shared instance of singleton bean 'applicationAvailability'
?[0m?[0;34m2024-07-18T17:39:30.105-04:00 DEBUG 93785 --- [    Test worker] o.s.b.f.s.DefaultListableBeanFactory     : Creating shared instance of singleton bean 'org.springframework.boot.actuate.autoconfigure.availability.AvailabilityHealthContributorAutoConfiguration'
?[0m?[0;34m2024-07-18T17:39:30.106-04:00 DEBUG 93785 --- [    Test worker] o.s.b.f.s.DefaultListableBeanFactory     : Creating shared instance of singleton bean 'org.springframework.boot.autoconfigure.transaction.jta.JtaAutoConfiguration'
?[0m?[0;34m2024-07-18T17:39:30.106-04:00 DEBUG 93785 --- [    Test worker] o.s.b.f.s.DefaultListableBeanFactory     : Creating shared instance of singleton bean 'org.springframework.boot.autoconfigure.jdbc.DataSourceJmxConfiguration$Hikari'
?[0m?[0;34m2024-07-18T17:39:30.106-04:00 DEBUG 93785 --- [    Test worker] o.s.b.f.s.DefaultListableBeanFactory     : Autowiring by type from bean name 'org.springframework.boot.autoconfigure.jdbc.DataSourceJmxConfiguration$Hikari' via constructor to bean named 'dataSource'
?[0m?[0;34m2024-07-18T17:39:30.107-04:00 DEBUG 93785 --- [    Test worker] o.s.b.f.s.DefaultListableBeanFactory     : Creating shared instance of singleton bean 'org.springframework.boot.autoconfigure.jdbc.DataSourceJmxConfiguration'
?[0m?[0;34m2024-07-18T17:39:30.107-04:00 DEBUG 93785 --- [    Test worker] o.s.b.f.s.DefaultListableBeanFactory     : Creating shared instance of singleton bean 'org.springframework.boot.autoconfigure.jdbc.DataSourceAutoConfiguration$PooledDataSourceConfiguration'
?[0m?[0;34m2024-07-18T17:39:30.107-04:00 DEBUG 93785 --- [    Test worker] o.s.b.f.s.DefaultListableBeanFactory     : Creating shared instance of singleton bean 'org.springframework.boot.autoconfigure.jdbc.metadata.DataSourcePoolMetadataProvidersConfiguration'
?[0m?[0;34m2024-07-18T17:39:30.108-04:00 DEBUG 93785 --- [    Test worker] o.s.b.f.s.DefaultListableBeanFactory     : Creating shared instance of singleton bean 'org.springframework.boot.autoconfigure.jdbc.DataSourceAutoConfiguration'
?[0m?[0;34m2024-07-18T17:39:30.108-04:00 DEBUG 93785 --- [    Test worker] o.s.b.f.s.DefaultListableBeanFactory     : Creating shared instance of singleton bean 'org.springframework.boot.autoconfigure.orm.jpa.JpaBaseConfiguration$PersistenceManagedTypesConfiguration'
?[0m?[0;34m2024-07-18T17:39:30.108-04:00 DEBUG 93785 --- [    Test worker] o.s.b.f.s.DefaultListableBeanFactory     : Creating shared instance of singleton bean 'transactionManager'
?[0m?[0;34m2024-07-18T17:39:30.109-04:00 DEBUG 93785 --- [    Test worker] o.s.b.f.s.DefaultListableBeanFactory     : Creating shared instance of singleton bean 'platformTransactionManagerCustomizers'
?[0m?[0;34m2024-07-18T17:39:30.109-04:00 DEBUG 93785 --- [    Test worker] o.s.b.f.s.DefaultListableBeanFactory     : Creating shared instance of singleton bean 'org.springframework.boot.autoconfigure.transaction.TransactionAutoConfiguration'
?[0m?[0;34m2024-07-18T17:39:30.110-04:00 DEBUG 93785 --- [    Test worker] o.s.b.f.s.DefaultListableBeanFactory     : Creating shared instance of singleton bean 'spring.transaction-org.springframework.boot.autoconfigure.transaction.TransactionProperties'
?[0m?[0;34m2024-07-18T17:39:30.112-04:00 DEBUG 93785 --- [    Test worker] o.s.b.f.s.DefaultListableBeanFactory     : Creating shared instance of singleton bean 'org.springframework.boot.autoconfigure.orm.jpa.HibernateJpaAutoConfiguration'
?[0m?[0;34m2024-07-18T17:39:30.112-04:00 DEBUG 93785 --- [    Test worker] o.s.b.f.s.DefaultListableBeanFactory     : Creating shared instance of singleton bean 'org.springframework.boot.actuate.autoconfigure.web.servlet.ServletManagementContextAutoConfiguration'
?[0m?[0;34m2024-07-18T17:39:30.113-04:00 DEBUG 93785 --- [    Test worker] o.s.b.f.s.DefaultListableBeanFactory     : Creating shared instance of singleton bean 'servletWebChildContextFactory'
?[0m?[0;34m2024-07-18T17:39:30.113-04:00 DEBUG 93785 --- [    Test worker] o.s.b.f.s.DefaultListableBeanFactory     : Creating shared instance of singleton bean 'managementServletContext'
?[0m?[0;34m2024-07-18T17:39:30.114-04:00 DEBUG 93785 --- [    Test worker] o.s.b.f.s.DefaultListableBeanFactory     : Autowiring by type from bean name 'managementServletContext' via factory method to bean named 'management.endpoints.web-org.springframework.boot.actuate.autoconfigure.endpoint.web.WebEndpointProperties'
?[0m?[0;34m2024-07-18T17:39:30.114-04:00 DEBUG 93785 --- [    Test worker] o.s.b.f.s.DefaultListableBeanFactory     : Creating shared instance of singleton bean 'org.springframework.boot.actuate.autoconfigure.health.HealthEndpointAutoConfiguration'
?[0m?[0;34m2024-07-18T17:39:30.114-04:00 DEBUG 93785 --- [    Test worker] o.s.b.f.s.DefaultListableBeanFactory     : Creating shared instance of singleton bean 'org.springframework.boot.autoconfigure.info.ProjectInfoAutoConfiguration'
?[0m?[0;34m2024-07-18T17:39:30.115-04:00 DEBUG 93785 --- [    Test worker] o.s.b.f.s.DefaultListableBeanFactory     : Creating shared instance of singleton bean 'spring.info-org.springframework.boot.autoconfigure.info.ProjectInfoProperties'
?[0m?[0;34m2024-07-18T17:39:30.116-04:00 DEBUG 93785 --- [    Test worker] o.s.b.f.s.DefaultListableBeanFactory     : Autowiring by type from bean name 'org.springframework.boot.autoconfigure.info.ProjectInfoAutoConfiguration' via constructor to bean named 'spring.info-org.springframework.boot.autoconfigure.info.ProjectInfoProperties'
?[0m?[0;34m2024-07-18T17:39:30.116-04:00 DEBUG 93785 --- [    Test worker] o.s.b.f.s.DefaultListableBeanFactory     : Creating shared instance of singleton bean 'org.springframework.boot.actuate.autoconfigure.info.InfoContributorAutoConfiguration'
?[0m?[0;34m2024-07-18T17:39:30.117-04:00 DEBUG 93785 --- [    Test worker] o.s.b.f.s.DefaultListableBeanFactory     : Creating shared instance of singleton bean 'management.info-org.springframework.boot.actuate.autoconfigure.info.InfoContributorProperties'
?[0m?[0;34m2024-07-18T17:39:30.118-04:00 DEBUG 93785 --- [    Test worker] o.s.b.f.s.DefaultListableBeanFactory     : Creating shared instance of singleton bean 'pathMappedEndpoints'
?[0m?[0;34m2024-07-18T17:39:30.119-04:00 DEBUG 93785 --- [    Test worker] o.s.b.f.s.DefaultListableBeanFactory     : Autowiring by type from bean name 'pathMappedEndpoints' via factory method to bean named 'servletEndpointDiscoverer'
?[0m?[0;34m2024-07-18T17:39:30.119-04:00 DEBUG 93785 --- [    Test worker] o.s.b.f.s.DefaultListableBeanFactory     : Autowiring by type from bean name 'pathMappedEndpoints' via factory method to bean named 'webEndpointDiscoverer'
?[0m?[0;34m2024-07-18T17:39:30.119-04:00 DEBUG 93785 --- [    Test worker] o.s.b.f.s.DefaultListableBeanFactory     : Autowiring by type from bean name 'pathMappedEndpoints' via factory method to bean named 'controllerEndpointDiscoverer'
?[0m?[0;34m2024-07-18T17:39:30.120-04:00 DEBUG 93785 --- [    Test worker] o.s.b.f.s.DefaultListableBeanFactory     : Creating shared instance of singleton bean 'org.springframework.boot.actuate.autoconfigure.logging.LogFileWebEndpointAutoConfiguration'
?[0m?[0;34m2024-07-18T17:39:30.120-04:00 DEBUG 93785 --- [    Test worker] o.s.b.f.s.DefaultListableBeanFactory     : Creating shared instance of singleton bean 'management.endpoint.logfile-org.springframework.boot.actuate.autoconfigure.logging.LogFileWebEndpointProperties'
?[0m?[0;34m2024-07-18T17:39:30.121-04:00 DEBUG 93785 --- [    Test worker] o.s.b.f.s.DefaultListableBeanFactory     : Creating shared instance of singleton bean 'org.springframework.boot.actuate.autoconfigure.metrics.CompositeMeterRegistryAutoConfiguration'
?[0m?[0;34m2024-07-18T17:39:30.121-04:00 DEBUG 93785 --- [    Test worker] o.s.b.f.s.DefaultListableBeanFactory     : Creating shared instance of singleton bean 'org.springframework.boot.actuate.autoconfigure.metrics.JvmMetricsAutoConfiguration'
?[0m?[0;34m2024-07-18T17:39:30.122-04:00 DEBUG 93785 --- [    Test worker] o.s.b.f.s.DefaultListableBeanFactory     : Creating shared instance of singleton bean 'jvmGcMetrics'
?[0m?[0;34m2024-07-18T17:39:30.123-04:00 DEBUG 93785 --- [    Test worker] o.s.b.f.s.DefaultListableBeanFactory     : Creating shared instance of singleton bean 'jvmHeapPressureMetrics'
?[0m?[0;34m2024-07-18T17:39:30.124-04:00 DEBUG 93785 --- [    Test worker] o.s.b.f.s.DefaultListableBeanFactory     : Creating shared instance of singleton bean 'jvmMemoryMetrics'
?[0m?[0;34m2024-07-18T17:39:30.124-04:00 DEBUG 93785 --- [    Test worker] o.s.b.f.s.DefaultListableBeanFactory     : Creating shared instance of singleton bean 'jvmThreadMetrics'
?[0m?[0;34m2024-07-18T17:39:30.124-04:00 DEBUG 93785 --- [    Test worker] o.s.b.f.s.DefaultListableBeanFactory     : Creating shared instance of singleton bean 'classLoaderMetrics'
?[0m?[0;34m2024-07-18T17:39:30.125-04:00 DEBUG 93785 --- [    Test worker] o.s.b.f.s.DefaultListableBeanFactory     : Creating shared instance of singleton bean 'jvmInfoMetrics'
?[0m?[0;34m2024-07-18T17:39:30.125-04:00 DEBUG 93785 --- [    Test worker] o.s.b.f.s.DefaultListableBeanFactory     : Creating shared instance of singleton bean 'jvmCompilationMetrics'
?[0m?[0;34m2024-07-18T17:39:30.125-04:00 DEBUG 93785 --- [    Test worker] o.s.b.f.s.DefaultListableBeanFactory     : Creating shared instance of singleton bean 'org.springframework.boot.actuate.autoconfigure.metrics.LogbackMetricsAutoConfiguration'
?[0m?[0;34m2024-07-18T17:39:30.125-04:00 DEBUG 93785 --- [    Test worker] o.s.b.f.s.DefaultListableBeanFactory     : Creating shared instance of singleton bean 'logbackMetrics'
?[0m?[0;34m2024-07-18T17:39:30.126-04:00 DEBUG 93785 --- [    Test worker] o.s.b.f.s.DefaultListableBeanFactory     : Creating shared instance of singleton bean 'org.springframework.boot.actuate.autoconfigure.metrics.SystemMetricsAutoConfiguration'
?[0m?[0;34m2024-07-18T17:39:30.126-04:00 DEBUG 93785 --- [    Test worker] o.s.b.f.s.DefaultListableBeanFactory     : Creating shared instance of singleton bean 'uptimeMetrics'
?[0m?[0;34m2024-07-18T17:39:30.126-04:00 DEBUG 93785 --- [    Test worker] o.s.b.f.s.DefaultListableBeanFactory     : Creating shared instance of singleton bean 'processorMetrics'
?[0m?[0;34m2024-07-18T17:39:30.127-04:00 DEBUG 93785 --- [    Test worker] o.s.b.f.s.DefaultListableBeanFactory     : Creating shared instance of singleton bean 'fileDescriptorMetrics'
?[0m?[0;34m2024-07-18T17:39:30.128-04:00 DEBUG 93785 --- [    Test worker] o.s.b.f.s.DefaultListableBeanFactory     : Creating shared instance of singleton bean 'diskSpaceMetrics'
?[0m?[0;34m2024-07-18T17:39:30.128-04:00 DEBUG 93785 --- [    Test worker] o.s.b.f.s.DefaultListableBeanFactory     : Autowiring by type from bean name 'diskSpaceMetrics' via factory method to bean named 'management.metrics-org.springframework.boot.actuate.autoconfigure.metrics.MetricsProperties'
?[0m?[0;34m2024-07-18T17:39:30.128-04:00 DEBUG 93785 --- [    Test worker] o.s.b.f.s.DefaultListableBeanFactory     : Creating shared instance of singleton bean 'org.springframework.boot.actuate.autoconfigure.metrics.integration.IntegrationMetricsAutoConfiguration'
?[0m?[0;34m2024-07-18T17:39:30.129-04:00 DEBUG 93785 --- [    Test worker] o.s.b.f.s.DefaultListableBeanFactory     : Creating shared instance of singleton bean 'org.springframework.boot.actuate.autoconfigure.metrics.jdbc.DataSourcePoolMetricsAutoConfiguration$HikariDataSourceMetricsConfiguration'
?[0m?[0;34m2024-07-18T17:39:30.129-04:00 DEBUG 93785 --- [    Test worker] o.s.b.f.s.DefaultListableBeanFactory     : Creating shared instance of singleton bean 'hikariDataSourceMeterBinder'
?[0m?[0;34m2024-07-18T17:39:30.129-04:00 DEBUG 93785 --- [    Test worker] o.s.b.f.s.DefaultListableBeanFactory     : Creating shared instance of singleton bean 'org.springframework.boot.actuate.autoconfigure.metrics.jdbc.DataSourcePoolMetricsAutoConfiguration$DataSourcePoolMetadataMetricsConfiguration'
?[0m?[0;34m2024-07-18T17:39:30.129-04:00 DEBUG 93785 --- [    Test worker] o.s.b.f.s.DefaultListableBeanFactory     : Creating shared instance of singleton bean 'dataSourcePoolMetadataMeterBinder'
?[0m?[0;34m2024-07-18T17:39:30.129-04:00 DEBUG 93785 --- [    Test worker] o.s.b.f.s.DefaultListableBeanFactory     : Autowiring by type from bean name 'dataSourcePoolMetadataMeterBinder' via factory method to bean named 'dataSource'
?[0m?[0;34m2024-07-18T17:39:30.130-04:00 DEBUG 93785 --- [    Test worker] o.s.b.f.s.DefaultListableBeanFactory     : Creating shared instance of singleton bean 'org.springframework.boot.actuate.autoconfigure.metrics.jdbc.DataSourcePoolMetricsAutoConfiguration'
?[0m?[0;34m2024-07-18T17:39:30.130-04:00 DEBUG 93785 --- [    Test worker] o.s.b.f.s.DefaultListableBeanFactory     : Creating shared instance of singleton bean 'org.springframework.boot.actuate.autoconfigure.metrics.startup.StartupTimeMetricsListenerAutoConfiguration'
?[0m?[0;34m2024-07-18T17:39:30.130-04:00 DEBUG 93785 --- [    Test worker] o.s.b.f.s.DefaultListableBeanFactory     : Creating shared instance of singleton bean 'startupTimeMetrics'
?[0m?[0;34m2024-07-18T17:39:30.131-04:00 DEBUG 93785 --- [    Test worker] o.s.b.f.s.DefaultListableBeanFactory     : Autowiring by type from bean name 'startupTimeMetrics' via factory method to bean named 'simpleMeterRegistry'
?[0m?[0;34m2024-07-18T17:39:30.131-04:00 DEBUG 93785 --- [    Test worker] o.s.b.f.s.DefaultListableBeanFactory     : Creating shared instance of singleton bean 'org.springframework.boot.autoconfigure.task.TaskSchedulingAutoConfiguration'
?[0m?[0;34m2024-07-18T17:39:30.131-04:00 DEBUG 93785 --- [    Test worker] o.s.b.f.s.DefaultListableBeanFactory     : Creating shared instance of singleton bean 'taskSchedulerBuilder'
?[0m?[0;34m2024-07-18T17:39:30.132-04:00 DEBUG 93785 --- [    Test worker] o.s.b.f.s.DefaultListableBeanFactory     : Creating shared instance of singleton bean 'spring.task.scheduling-org.springframework.boot.autoconfigure.task.TaskSchedulingProperties'
?[0m?[0;34m2024-07-18T17:39:30.133-04:00 DEBUG 93785 --- [    Test worker] o.s.b.f.s.DefaultListableBeanFactory     : Autowiring by type from bean name 'taskSchedulerBuilder' via factory method to bean named 'spring.task.scheduling-org.springframework.boot.autoconfigure.task.TaskSchedulingProperties'
?[0m?[0;34m2024-07-18T17:39:30.134-04:00 DEBUG 93785 --- [    Test worker] o.s.b.f.s.DefaultListableBeanFactory     : Creating shared instance of singleton bean 'org.springframework.boot.actuate.autoconfigure.metrics.task.TaskExecutorMetricsAutoConfiguration'
?[0m?[0;34m2024-07-18T17:39:30.136-04:00 DEBUG 93785 --- [    Test worker] o.s.b.f.s.DefaultListableBeanFactory     : Creating shared instance of singleton bean 'org.springframework.boot.actuate.autoconfigure.metrics.web.tomcat.TomcatMetricsAutoConfiguration'
?[0m?[0;34m2024-07-18T17:39:30.136-04:00 DEBUG 93785 --- [    Test worker] o.s.b.f.s.DefaultListableBeanFactory     : Creating shared instance of singleton bean 'tomcatMetricsBinder'
?[0m?[0;34m2024-07-18T17:39:30.136-04:00 DEBUG 93785 --- [    Test worker] o.s.b.f.s.DefaultListableBeanFactory     : Autowiring by type from bean name 'tomcatMetricsBinder' via factory method to bean named 'simpleMeterRegistry'
?[0m?[0;34m2024-07-18T17:39:30.137-04:00 DEBUG 93785 --- [    Test worker] o.s.b.f.s.DefaultListableBeanFactory     : Creating shared instance of singleton bean 'org.springframework.boot.actuate.autoconfigure.observation.ObservationAutoConfiguration$MeterObservationHandlerConfiguration'
?[0m?[0;34m2024-07-18T17:39:30.138-04:00 DEBUG 93785 --- [    Test worker] o.s.b.f.s.DefaultListableBeanFactory     : Creating shared instance of singleton bean 'org.springframework.boot.autoconfigure.gson.GsonAutoConfiguration'
?[0m?[0;34m2024-07-18T17:39:30.138-04:00 DEBUG 93785 --- [    Test worker] o.s.b.f.s.DefaultListableBeanFactory     : Creating shared instance of singleton bean 'gsonBuilder'
?[0m?[0;34m2024-07-18T17:39:30.139-04:00 DEBUG 93785 --- [    Test worker] o.s.b.f.s.DefaultListableBeanFactory     : Creating shared instance of singleton bean 'standardGsonBuilderCustomizer'
?[0m?[0;34m2024-07-18T17:39:30.140-04:00 DEBUG 93785 --- [    Test worker] o.s.b.f.s.DefaultListableBeanFactory     : Creating shared instance of singleton bean 'spring.gson-org.springframework.boot.autoconfigure.gson.GsonProperties'
?[0m?[0;34m2024-07-18T17:39:30.145-04:00 DEBUG 93785 --- [    Test worker] o.s.b.f.s.DefaultListableBeanFactory     : Autowiring by type from bean name 'standardGsonBuilderCustomizer' via factory method to bean named 'spring.gson-org.springframework.boot.autoconfigure.gson.GsonProperties'
?[0m?[0;34m2024-07-18T17:39:30.145-04:00 DEBUG 93785 --- [    Test worker] o.s.b.f.s.DefaultListableBeanFactory     : Autowiring by type from bean name 'gsonBuilder' via factory method to bean named 'standardGsonBuilderCustomizer'
?[0m?[0;34m2024-07-18T17:39:30.147-04:00 DEBUG 93785 --- [    Test worker] o.s.b.f.s.DefaultListableBeanFactory     : Creating shared instance of singleton bean 'gson'
?[0m?[0;34m2024-07-18T17:39:30.147-04:00 DEBUG 93785 --- [    Test worker] o.s.b.f.s.DefaultListableBeanFactory     : Autowiring by type from bean name 'gson' via factory method to bean named 'gsonBuilder'
?[0m?[0;34m2024-07-18T17:39:30.148-04:00 DEBUG 93785 --- [    Test worker] o.s.b.f.s.DefaultListableBeanFactory     : Creating shared instance of singleton bean 'org.springframework.boot.autoconfigure.http.JacksonHttpMessageConvertersConfiguration'
?[0m?[0;34m2024-07-18T17:39:30.148-04:00 DEBUG 93785 --- [    Test worker] o.s.b.f.s.DefaultListableBeanFactory     : Creating shared instance of singleton bean 'org.springframework.boot.autoconfigure.http.GsonHttpMessageConvertersConfiguration'
?[0m?[0;34m2024-07-18T17:39:30.148-04:00 DEBUG 93785 --- [    Test worker] o.s.b.f.s.DefaultListableBeanFactory     : Creating shared instance of singleton bean 'org.springframework.boot.autoconfigure.web.client.RestTemplateAutoConfiguration'
?[0m?[0;34m2024-07-18T17:39:30.149-04:00 DEBUG 93785 --- [    Test worker] o.s.b.f.s.DefaultListableBeanFactory     : Creating shared instance of singleton bean 'org.springframework.boot.actuate.autoconfigure.observation.web.client.RestTemplateObservationConfiguration'
?[0m?[0;34m2024-07-18T17:39:30.150-04:00 DEBUG 93785 --- [    Test worker] o.s.b.f.s.DefaultListableBeanFactory     : Creating shared instance of singleton bean 'observationRestTemplateCustomizer'
?[0m?[0;34m2024-07-18T17:39:30.151-04:00 DEBUG 93785 --- [    Test worker] o.s.b.f.s.DefaultListableBeanFactory     : Autowiring by type from bean name 'observationRestTemplateCustomizer' via factory method to bean named 'observationRegistry'
?[0m?[0;34m2024-07-18T17:39:30.151-04:00 DEBUG 93785 --- [    Test worker] o.s.b.f.s.DefaultListableBeanFactory     : Autowiring by type from bean name 'observationRestTemplateCustomizer' via factory method to bean named 'management.observations-org.springframework.boot.actuate.autoconfigure.observation.ObservationProperties'
?[0m?[0;34m2024-07-18T17:39:30.151-04:00 DEBUG 93785 --- [    Test worker] o.s.b.f.s.DefaultListableBeanFactory     : Autowiring by type from bean name 'observationRestTemplateCustomizer' via factory method to bean named 'management.metrics-org.springframework.boot.actuate.autoconfigure.metrics.MetricsProperties'
?[0m?[0;34m2024-07-18T17:39:30.152-04:00 DEBUG 93785 --- [    Test worker] o.s.b.f.s.DefaultListableBeanFactory     : Creating shared instance of singleton bean 'org.springframework.boot.actuate.autoconfigure.observation.web.client.HttpClientObservationsAutoConfiguration'
?[0m?[0;34m2024-07-18T17:39:30.153-04:00 DEBUG 93785 --- [    Test worker] o.s.b.f.s.DefaultListableBeanFactory     : Creating shared instance of singleton bean 'org.springframework.boot.actuate.autoconfigure.web.exchanges.HttpExchangesEndpointAutoConfiguration'
?[0m?[0;34m2024-07-18T17:39:30.153-04:00 DEBUG 93785 --- [    Test worker] o.s.b.f.s.DefaultListableBeanFactory     : Creating shared instance of singleton bean 'org.springframework.boot.autoconfigure.aop.AopAutoConfiguration$AspectJAutoProxyingConfiguration$CglibAutoProxyConfiguration'
?[0m?[0;34m2024-07-18T17:39:30.153-04:00 DEBUG 93785 --- [    Test worker] o.s.b.f.s.DefaultListableBeanFactory     : Creating shared instance of singleton bean 'org.springframework.boot.autoconfigure.aop.AopAutoConfiguration$AspectJAutoProxyingConfiguration'
?[0m?[0;34m2024-07-18T17:39:30.154-04:00 DEBUG 93785 --- [    Test worker] o.s.b.f.s.DefaultListableBeanFactory     : Creating shared instance of singleton bean 'org.springframework.boot.autoconfigure.aop.AopAutoConfiguration'
?[0m?[0;34m2024-07-18T17:39:30.154-04:00 DEBUG 93785 --- [    Test worker] o.s.b.f.s.DefaultListableBeanFactory     : Creating shared instance of singleton bean 'org.springframework.boot.autoconfigure.context.ConfigurationPropertiesAutoConfiguration'
?[0m?[0;34m2024-07-18T17:39:30.155-04:00 DEBUG 93785 --- [    Test worker] o.s.b.f.s.DefaultListableBeanFactory     : Creating shared instance of singleton bean 'org.springframework.boot.autoconfigure.context.LifecycleAutoConfiguration'
?[0m?[0;34m2024-07-18T17:39:30.155-04:00 DEBUG 93785 --- [    Test worker] o.s.b.f.s.DefaultListableBeanFactory     : Creating shared instance of singleton bean 'lifecycleProcessor'
?[0m?[0;34m2024-07-18T17:39:30.156-04:00 DEBUG 93785 --- [    Test worker] o.s.b.f.s.DefaultListableBeanFactory     : Creating shared instance of singleton bean 'spring.lifecycle-org.springframework.boot.autoconfigure.context.LifecycleProperties'
?[0m?[0;34m2024-07-18T17:39:30.157-04:00 DEBUG 93785 --- [    Test worker] o.s.b.f.s.DefaultListableBeanFactory     : Autowiring by type from bean name 'lifecycleProcessor' via factory method to bean named 'spring.lifecycle-org.springframework.boot.autoconfigure.context.LifecycleProperties'
?[0m?[0;34m2024-07-18T17:39:30.158-04:00 DEBUG 93785 --- [    Test worker] o.s.b.f.s.DefaultListableBeanFactory     : Creating shared instance of singleton bean 'org.springframework.boot.autoconfigure.dao.PersistenceExceptionTranslationAutoConfiguration'
?[0m?[0;34m2024-07-18T17:39:30.158-04:00 DEBUG 93785 --- [    Test worker] o.s.b.f.s.DefaultListableBeanFactory     : Creating shared instance of singleton bean 'org.springframework.boot.autoconfigure.data.jpa.JpaRepositoriesAutoConfiguration'
?[0m?[0;34m2024-07-18T17:39:30.159-04:00 DEBUG 93785 --- [    Test worker] o.s.b.f.s.DefaultListableBeanFactory     : Creating shared instance of singleton bean 'org.springframework.data.jpa.util.JpaMetamodelCacheCleanup'
?[0m?[0;34m2024-07-18T17:39:30.159-04:00 DEBUG 93785 --- [    Test worker] o.s.b.f.s.DefaultListableBeanFactory     : Creating shared instance of singleton bean 'org.springframework.data.jpa.repository.support.JpaEvaluationContextExtension'
?[0m?[0;34m2024-07-18T17:39:30.160-04:00 DEBUG 93785 --- [    Test worker] o.s.b.f.s.DefaultListableBeanFactory     : Creating shared instance of singleton bean 'data-jpa.repository-aot-processor#0'
?[0m?[0;34m2024-07-18T17:39:30.162-04:00 DEBUG 93785 --- [    Test worker] o.s.b.f.s.DefaultListableBeanFactory     : Creating shared instance of singleton bean 'org.springframework.data.web.config.ProjectingArgumentResolverRegistrar'
?[0m?[0;34m2024-07-18T17:39:30.162-04:00 DEBUG 93785 --- [    Test worker] o.s.b.f.s.DefaultListableBeanFactory     : Creating shared instance of singleton bean 'org.springframework.boot.autoconfigure.jdbc.JdbcTemplateConfiguration'
?[0m?[0;34m2024-07-18T17:39:30.162-04:00 DEBUG 93785 --- [    Test worker] o.s.b.f.s.DefaultListableBeanFactory     : Creating shared instance of singleton bean 'jdbcTemplate'
?[0m?[0;34m2024-07-18T17:39:30.163-04:00 DEBUG 93785 --- [    Test worker] o.s.b.f.s.DefaultListableBeanFactory     : Creating shared instance of singleton bean 'spring.jdbc-org.springframework.boot.autoconfigure.jdbc.JdbcProperties'
?[0m?[0;34m2024-07-18T17:39:30.164-04:00 DEBUG 93785 --- [    Test worker] o.s.b.f.s.DefaultListableBeanFactory     : Autowiring by type from bean name 'jdbcTemplate' via factory method to bean named 'dataSource'
?[0m?[0;34m2024-07-18T17:39:30.164-04:00 DEBUG 93785 --- [    Test worker] o.s.b.f.s.DefaultListableBeanFactory     : Autowiring by type from bean name 'jdbcTemplate' via factory method to bean named 'spring.jdbc-org.springframework.boot.autoconfigure.jdbc.JdbcProperties'
?[0m?[0;34m2024-07-18T17:39:30.168-04:00 DEBUG 93785 --- [    Test worker] o.s.b.f.s.DefaultListableBeanFactory     : Creating shared instance of singleton bean 'org.springframework.boot.autoconfigure.jdbc.NamedParameterJdbcTemplateConfiguration'
?[0m?[0;34m2024-07-18T17:39:30.169-04:00 DEBUG 93785 --- [    Test worker] o.s.b.f.s.DefaultListableBeanFactory     : Creating shared instance of singleton bean 'namedParameterJdbcTemplate'
?[0m?[0;34m2024-07-18T17:39:30.169-04:00 DEBUG 93785 --- [    Test worker] o.s.b.f.s.DefaultListableBeanFactory     : Autowiring by type from bean name 'namedParameterJdbcTemplate' via factory method to bean named 'jdbcTemplate'
?[0m?[0;34m2024-07-18T17:39:30.171-04:00 DEBUG 93785 --- [    Test worker] o.s.b.f.s.DefaultListableBeanFactory     : Creating shared instance of singleton bean 'org.springframework.boot.autoconfigure.jdbc.JdbcTemplateAutoConfiguration'
?[0m?[0;34m2024-07-18T17:39:30.172-04:00 DEBUG 93785 --- [    Test worker] o.s.b.f.s.DefaultListableBeanFactory     : Creating shared instance of singleton bean 'org.springframework.boot.autoconfigure.security.servlet.SpringBootWebSecurityConfiguration'
?[0m?[0;34m2024-07-18T17:39:30.172-04:00 DEBUG 93785 --- [    Test worker] o.s.b.f.s.DefaultListableBeanFactory     : Creating shared instance of singleton bean 'org.springframework.boot.autoconfigure.sql.init.SqlInitializationAutoConfiguration'
?[0m?[0;34m2024-07-18T17:39:30.173-04:00 DEBUG 93785 --- [    Test worker] o.s.b.f.s.DefaultListableBeanFactory     : Creating shared instance of singleton bean 'org.springframework.boot.autoconfigure.jdbc.DataSourceTransactionManagerAutoConfiguration$JdbcTransactionManagerConfiguration'
?[0m?[0;34m2024-07-18T17:39:30.173-04:00 DEBUG 93785 --- [    Test worker] o.s.b.f.s.DefaultListableBeanFactory     : Creating shared instance of singleton bean 'org.springframework.boot.autoconfigure.jdbc.DataSourceTransactionManagerAutoConfiguration'
?[0m?[0;34m2024-07-18T17:39:30.174-04:00 DEBUG 93785 --- [    Test worker] o.s.b.f.s.DefaultListableBeanFactory     : Creating shared instance of singleton bean 'org.springframework.boot.autoconfigure.transaction.TransactionAutoConfiguration$EnableTransactionManagementConfiguration$CglibAutoProxyConfiguration'
?[0m?[0;34m2024-07-18T17:39:30.174-04:00 DEBUG 93785 --- [    Test worker] o.s.b.f.s.DefaultListableBeanFactory     : Creating shared instance of singleton bean 'org.springframework.boot.autoconfigure.transaction.TransactionAutoConfiguration$EnableTransactionManagementConfiguration'
?[0m?[0;34m2024-07-18T17:39:30.175-04:00 DEBUG 93785 --- [    Test worker] o.s.b.f.s.DefaultListableBeanFactory     : Creating shared instance of singleton bean 'org.springframework.boot.autoconfigure.transaction.TransactionAutoConfiguration$TransactionTemplateConfiguration'
?[0m?[0;34m2024-07-18T17:39:30.175-04:00 DEBUG 93785 --- [    Test worker] o.s.b.f.s.DefaultListableBeanFactory     : Creating shared instance of singleton bean 'transactionTemplate'
?[0m?[0;34m2024-07-18T17:39:30.177-04:00 DEBUG 93785 --- [    Test worker] o.s.b.f.s.DefaultListableBeanFactory     : Autowiring by type from bean name 'transactionTemplate' via factory method to bean named 'transactionManager'
?[0m?[0;34m2024-07-18T17:39:30.177-04:00 DEBUG 93785 --- [    Test worker] o.s.b.f.s.DefaultListableBeanFactory     : Creating shared instance of singleton bean 'org.springframework.boot.autoconfigure.web.embedded.EmbeddedWebServerFactoryCustomizerAutoConfiguration'
?[0m?[0;34m2024-07-18T17:39:30.178-04:00 DEBUG 93785 --- [    Test worker] o.s.b.f.s.DefaultListableBeanFactory     : Creating shared instance of singleton bean 'multipartResolver'
?[0m?[0;34m2024-07-18T17:39:30.179-04:00 DEBUG 93785 --- [    Test worker] o.s.b.f.s.DefaultListableBeanFactory     : Creating shared instance of singleton bean 'org.springframework.boot.actuate.autoconfigure.security.servlet.SecurityRequestMatchersManagementContextConfiguration$MvcRequestMatcherConfiguration'
?[0m?[0;34m2024-07-18T17:39:30.179-04:00 DEBUG 93785 --- [    Test worker] o.s.b.f.s.DefaultListableBeanFactory     : Creating shared instance of singleton bean 'requestMatcherProvider'
?[0m?[0;34m2024-07-18T17:39:30.180-04:00 DEBUG 93785 --- [    Test worker] o.s.b.f.s.DefaultListableBeanFactory     : Autowiring by type from bean name 'requestMatcherProvider' via factory method to bean named 'dispatcherServletRegistration'
?[0m?[0;34m2024-07-18T17:39:30.181-04:00 DEBUG 93785 --- [    Test worker] o.s.b.f.s.DefaultListableBeanFactory     : Creating shared instance of singleton bean 'org.springframework.boot.actuate.autoconfigure.security.servlet.SecurityRequestMatchersManagementContextConfiguration'
?[0m?[0;34m2024-07-18T17:39:30.182-04:00 DEBUG 93785 --- [    Test worker] o.s.b.f.s.DefaultListableBeanFactory     : Creating shared instance of singleton bean 'org.springframework.boot.actuate.autoconfigure.web.server.ManagementContextAutoConfiguration$SameManagementContextConfiguration$EnableSameManagementContextConfiguration'
?[0m?[0;34m2024-07-18T17:39:30.182-04:00 DEBUG 93785 --- [    Test worker] o.s.b.f.s.DefaultListableBeanFactory     : Creating shared instance of singleton bean 'org.springframework.boot.actuate.autoconfigure.web.server.ManagementContextAutoConfiguration$SameManagementContextConfiguration'
?[0m?[0;34m2024-07-18T17:39:30.183-04:00 DEBUG 93785 --- [    Test worker] o.s.b.f.s.DefaultListableBeanFactory     : Autowiring by type from bean name 'org.springframework.boot.actuate.autoconfigure.web.server.ManagementContextAutoConfiguration$SameManagementContextConfiguration' via constructor to bean named 'environment'
?[0m?[0;34m2024-07-18T17:39:30.184-04:00 DEBUG 93785 --- [    Test worker] o.s.b.f.s.DefaultListableBeanFactory     : Creating shared instance of singleton bean 'org.springframework.boot.actuate.autoconfigure.web.server.ManagementContextAutoConfiguration'
?[0m?[0;34m2024-07-18T17:39:30.184-04:00 DEBUG 93785 --- [    Test worker] o.s.b.f.s.DefaultListableBeanFactory     : Creating shared instance of singleton bean 'management.server-org.springframework.boot.actuate.autoconfigure.web.server.ManagementServerProperties'
?[0m?[0;34m2024-07-18T17:39:30.200-04:00 DEBUG 93785 --- [    Test worker] o.s.c.support.DefaultLifecycleProcessor  : Starting beans in phase -2147483647
?[0m?[0;34m2024-07-18T17:39:30.200-04:00 DEBUG 93785 --- [    Test worker] o.s.c.support.DefaultLifecycleProcessor  : Successfully started bean 'springBootLoggingLifecycle'
?[0m?[0;34m2024-07-18T17:39:30.200-04:00 DEBUG 93785 --- [    Test worker] o.s.c.support.DefaultLifecycleProcessor  : Starting beans in phase 2147481599
?[0;34m2024-07-18T17:39:30.204-04:00 DEBUG 93785 --- [-28852-Acceptor] o.apache.tomcat.util.threads.LimitLatch  : Counting up[http-nio-28852-Acceptor] latch=0
?[0m?[0;34m2024-07-18T17:39:30.204-04:00  INFO 93785 --- [    Test worker] o.s.b.w.embedded.tomcat.TomcatWebServer  : Tomcat started on port(s): 28852 (http) with context path ''
?[0m?[0;34m2024-07-18T17:39:30.205-04:00 DEBUG 93785 --- [    Test worker] o.s.c.support.DefaultLifecycleProcessor  : Successfully started bean 'webServerStartStop'
?[0m?[0;34m2024-07-18T17:39:30.205-04:00 DEBUG 93785 --- [    Test worker] o.s.c.support.DefaultLifecycleProcessor  : Starting beans in phase 2147482623
?[0m?[0;34m2024-07-18T17:39:30.205-04:00 DEBUG 93785 --- [    Test worker] o.s.c.support.DefaultLifecycleProcessor  : Successfully started bean 'webServerGracefulShutdown'
?[0m?[0;34m2024-07-18T17:39:30.219-04:00 DEBUG 93785 --- [    Test worker] .s.b.a.l.ConditionEvaluationReportLogger : 
?[0m?[0;34m
?[0m?[0;34m
?[0m?[0;34m============================
?[0m?[0;34mCONDITIONS EVALUATION REPORT
?[0m?[0;34m============================
?[0m?[0;34m
?[0m?[0;34m
?[0m?[0;34mPositive matches:
?[0m?[0;34m-----------------
?[0m?[0;34m
?[0m?[0;34m   AopAutoConfiguration matched:
?[0m?[0;34m      - @ConditionalOnProperty (spring.aop.auto=true) matched (OnPropertyCondition)
?[0m?[0;34m
?[0m?[0;34m   AopAutoConfiguration.AspectJAutoProxyingConfiguration matched:
?[0m?[0;34m      - @ConditionalOnClass found required class 'org.aspectj.weaver.Advice' (OnClassCondition)
?[0m?[0;34m
?[0m?[0;34m   AopAutoConfiguration.AspectJAutoProxyingConfiguration.CglibAutoProxyConfiguration matched:
?[0m?[0;34m      - @ConditionalOnProperty (spring.aop.proxy-target-class=true) matched (OnPropertyCondition)
?[0m?[0;34m
?[0m?[0;34m   AuditEventsEndpointAutoConfiguration matched:
?[0m?[0;34m      - @ConditionalOnAvailableEndpoint marked as exposed by a 'management.endpoints.web.exposure' property (OnAvailableEndpointCondition)
?[0m?[0;34m
?[0m?[0;34m   BeansEndpointAutoConfiguration matched:
?[0m?[0;34m      - @ConditionalOnAvailableEndpoint marked as exposed by a 'management.endpoints.web.exposure' property (OnAvailableEndpointCondition)
?[0m?[0;34m
?[0m?[0;34m   BeansEndpointAutoConfiguration#beansEndpoint matched:
?[0m?[0;34m      - @ConditionalOnMissingBean (types: org.springframework.boot.actuate.beans.BeansEndpoint; SearchStrategy: all) did not find any beans (OnBeanCondition)
?[0m?[0;34m
?[0m?[0;34m   CacheMeterBinderProvidersConfiguration matched:
?[0m?[0;34m      - @ConditionalOnClass found required class 'io.micrometer.core.instrument.binder.MeterBinder' (OnClassCondition)
?[0m?[0;34m
?[0m?[0;34m   CachesEndpointAutoConfiguration matched:
?[0m?[0;34m      - @ConditionalOnClass found required class 'org.springframework.cache.CacheManager' (OnClassCondition)
?[0m?[0;34m      - @ConditionalOnAvailableEndpoint marked as exposed by a 'management.endpoints.web.exposure' property (OnAvailableEndpointCondition)
?[0m?[0;34m
?[0m?[0;34m   CachesEndpointAutoConfiguration#cachesEndpoint matched:
?[0m?[0;34m      - @ConditionalOnMissingBean (types: org.springframework.boot.actuate.cache.CachesEndpoint; SearchStrategy: all) did not find any beans (OnBeanCondition)
?[0m?[0;34m
?[0m?[0;34m   CachesEndpointAutoConfiguration#cachesEndpointWebExtension matched:
?[0m?[0;34m      - @ConditionalOnBean (types: org.springframework.boot.actuate.cache.CachesEndpoint; SearchStrategy: all) found bean 'cachesEndpoint'; @ConditionalOnMissingBean (types: org.springframework.boot.actuate.cache.CachesEndpointWebExtension; SearchStrategy: all) did not find any beans (OnBeanCondition)
?[0m?[0;34m      - @ConditionalOnAvailableEndpoint marked as exposed by a 'management.endpoints.web.exposure' property (OnAvailableEndpointCondition)
?[0m?[0;34m
?[0m?[0;34m   CompositeMeterRegistryAutoConfiguration matched:
?[0m?[0;34m      - @ConditionalOnClass found required class 'io.micrometer.core.instrument.composite.CompositeMeterRegistry' (OnClassCondition)
?[0m?[0;34m
?[0m?[0;34m   ConditionsReportEndpointAutoConfiguration matched:
?[0m?[0;34m      - @ConditionalOnAvailableEndpoint marked as exposed by a 'management.endpoints.web.exposure' property (OnAvailableEndpointCondition)
?[0m?[0;34m
?[0m?[0;34m   ConditionsReportEndpointAutoConfiguration#conditionsReportEndpoint matched:
?[0m?[0;34m      - @ConditionalOnMissingBean (types: org.springframework.boot.actuate.autoconfigure.condition.ConditionsReportEndpoint; SearchStrategy: current) did not find any beans (OnBeanCondition)
?[0m?[0;34m
?[0m?[0;34m   ConfigurationPropertiesReportEndpointAutoConfiguration matched:
?[0m?[0;34m      - @ConditionalOnAvailableEndpoint marked as exposed by a 'management.endpoints.web.exposure' property (OnAvailableEndpointCondition)
?[0m?[0;34m
?[0m?[0;34m   ConfigurationPropertiesReportEndpointAutoConfiguration#configurationPropertiesReportEndpoint matched:
?[0m?[0;34m      - @ConditionalOnMissingBean (types: org.springframework.boot.actuate.context.properties.ConfigurationPropertiesReportEndpoint; SearchStrategy: all) did not find any beans (OnBeanCondition)
?[0m?[0;34m
?[0m?[0;34m   ConfigurationPropertiesReportEndpointAutoConfiguration#configurationPropertiesReportEndpointWebExtension matched:
?[0m?[0;34m      - @ConditionalOnBean (types: org.springframework.boot.actuate.context.properties.ConfigurationPropertiesReportEndpoint; SearchStrategy: all) found bean 'configurationPropertiesReportEndpoint'; @ConditionalOnMissingBean (types: org.springframework.boot.actuate.context.properties.ConfigurationPropertiesReportEndpointWebExtension; SearchStrategy: all) did not find any beans (OnBeanCondition)
?[0m?[0;34m      - @ConditionalOnAvailableEndpoint marked as exposed by a 'management.endpoints.web.exposure' property (OnAvailableEndpointCondition)
?[0m?[0;34m
?[0m?[0;34m   DataSourceAutoConfiguration matched:
?[0m?[0;34m      - @ConditionalOnClass found required classes 'javax.sql.DataSource', 'org.springframework.jdbc.datasource.embedded.EmbeddedDatabaseType' (OnClassCondition)
?[0m?[0;34m      - @ConditionalOnMissingBean (types: io.r2dbc.spi.ConnectionFactory; SearchStrategy: all) did not find any beans (OnBeanCondition)
?[0m?[0;34m
?[0m?[0;34m   DataSourceAutoConfiguration.PooledDataSourceConfiguration matched:
?[0m?[0;34m      - AnyNestedCondition 1 matched 1 did not; NestedCondition on DataSourceAutoConfiguration.PooledDataSourceCondition.PooledDataSourceAvailable PooledDataSource found supported DataSource; NestedCondition on DataSourceAutoConfiguration.PooledDataSourceCondition.ExplicitType @ConditionalOnProperty (spring.datasource.type) did not find property 'type' (DataSourceAutoConfiguration.PooledDataSourceCondition)
?[0m?[0;34m      - @ConditionalOnMissingBean (types: javax.sql.DataSource,javax.sql.XADataSource; SearchStrategy: all) did not find any beans (OnBeanCondition)
?[0m?[0;34m
?[0m?[0;34m   DataSourceConfiguration.Hikari matched:
?[0m?[0;34m      - @ConditionalOnClass found required class 'com.zaxxer.hikari.HikariDataSource' (OnClassCondition)
?[0m?[0;34m      - @ConditionalOnProperty (spring.datasource.type=com.zaxxer.hikari.HikariDataSource) matched (OnPropertyCondition)
?[0m?[0;34m      - @ConditionalOnMissingBean (types: javax.sql.DataSource; SearchStrategy: all) did not find any beans (OnBeanCondition)
?[0m?[0;34m
?[0m?[0;34m   DataSourceHealthContributorAutoConfiguration matched:
?[0m?[0;34m      - @ConditionalOnClass found required classes 'org.springframework.jdbc.core.JdbcTemplate', 'org.springframework.jdbc.datasource.lookup.AbstractRoutingDataSource' (OnClassCondition)
?[0m?[0;34m      - @ConditionalOnEnabledHealthIndicator management.health.defaults.enabled is considered true (OnEnabledHealthIndicatorCondition)
?[0m?[0;34m      - @ConditionalOnBean (types: javax.sql.DataSource; SearchStrategy: all) found bean 'dataSource' (OnBeanCondition)
?[0m?[0;34m
?[0m?[0;34m   DataSourceHealthContributorAutoConfiguration#dbHealthContributor matched:
?[0m?[0;34m      - @ConditionalOnMissingBean (names: dbHealthIndicator,dbHealthContributor; SearchStrategy: all) did not find any beans (OnBeanCondition)
?[0m?[0;34m
?[0m?[0;34m   DataSourceInitializationConfiguration matched:
?[0m?[0;34m      - @ConditionalOnClass found required class 'org.springframework.jdbc.datasource.init.DatabasePopulator' (OnClassCondition)
?[0m?[0;34m      - @ConditionalOnSingleCandidate (types: javax.sql.DataSource; SearchStrategy: all) found a single bean 'dataSource'; @ConditionalOnMissingBean (types: org.springframework.boot.autoconfigure.sql.init.SqlDataSourceScriptDatabaseInitializer,org.springframework.boot.autoconfigure.sql.init.SqlR2dbcScriptDatabaseInitializer; SearchStrategy: all) did not find any beans (OnBeanCondition)
?[0m?[0;34m
?[0m?[0;34m   DataSourceJmxConfiguration matched:
?[0m?[0;34m      - @ConditionalOnProperty (spring.jmx.enabled=true) matched (OnPropertyCondition)
?[0m?[0;34m
?[0m?[0;34m   DataSourceJmxConfiguration.Hikari matched:
?[0m?[0;34m      - @ConditionalOnClass found required class 'com.zaxxer.hikari.HikariDataSource' (OnClassCondition)
?[0m?[0;34m      - @ConditionalOnSingleCandidate (types: javax.sql.DataSource; SearchStrategy: all) found a single bean 'dataSource' (OnBeanCondition)
?[0m?[0;34m
?[0m?[0;34m   DataSourcePoolMetadataProvidersConfiguration.HikariPoolDataSourceMetadataProviderConfiguration matched:
?[0m?[0;34m      - @ConditionalOnClass found required class 'com.zaxxer.hikari.HikariDataSource' (OnClassCondition)
?[0m?[0;34m
?[0m?[0;34m   DataSourcePoolMetricsAutoConfiguration matched:
?[0m?[0;34m      - @ConditionalOnClass found required classes 'javax.sql.DataSource', 'io.micrometer.core.instrument.MeterRegistry' (OnClassCondition)
?[0m?[0;34m      - @ConditionalOnBean (types: javax.sql.DataSource,io.micrometer.core.instrument.MeterRegistry; SearchStrategy: all) found beans 'simpleMeterRegistry', 'dataSource' (OnBeanCondition)
?[0m?[0;34m
?[0m?[0;34m   DataSourcePoolMetricsAutoConfiguration.DataSourcePoolMetadataMetricsConfiguration matched:
?[0m?[0;34m      - @ConditionalOnBean (types: org.springframework.boot.jdbc.metadata.DataSourcePoolMetadataProvider; SearchStrategy: all) found bean 'hikariPoolDataSourceMetadataProvider' (OnBeanCondition)
?[0m?[0;34m
?[0m?[0;34m   DataSourcePoolMetricsAutoConfiguration.HikariDataSourceMetricsConfiguration matched:
?[0m?[0;34m      - @ConditionalOnClass found required class 'com.zaxxer.hikari.HikariDataSource' (OnClassCondition)
?[0m?[0;34m
?[0m?[0;34m   DataSourceTransactionManagerAutoConfiguration matched:
?[0m?[0;34m      - @ConditionalOnClass found required classes 'org.springframework.jdbc.core.JdbcTemplate', 'org.springframework.transaction.TransactionManager' (OnClassCondition)
?[0m?[0;34m
?[0m?[0;34m   DataSourceTransactionManagerAutoConfiguration.JdbcTransactionManagerConfiguration matched:
?[0m?[0;34m      - @ConditionalOnSingleCandidate (types: javax.sql.DataSource; SearchStrategy: all) found a single bean 'dataSource' (OnBeanCondition)
?[0m?[0;34m
?[0m?[0;34m   DiskSpaceHealthContributorAutoConfiguration matched:
?[0m?[0;34m      - @ConditionalOnEnabledHealthIndicator management.health.defaults.enabled is considered true (OnEnabledHealthIndicatorCondition)
?[0m?[0;34m
?[0m?[0;34m   DiskSpaceHealthContributorAutoConfiguration#diskSpaceHealthIndicator matched:
?[0m?[0;34m      - @ConditionalOnMissingBean (names: diskSpaceHealthIndicator; SearchStrategy: all) did not find any beans (OnBeanCondition)
?[0m?[0;34m
?[0m?[0;34m   DispatcherServletAutoConfiguration matched:
?[0m?[0;34m      - @ConditionalOnClass found required class 'org.springframework.web.servlet.DispatcherServlet' (OnClassCondition)
?[0m?[0;34m      - found 'session' scope (OnWebApplicationCondition)
?[0m?[0;34m
?[0m?[0;34m   DispatcherServletAutoConfiguration.DispatcherServletConfiguration matched:
?[0m?[0;34m      - @ConditionalOnClass found required class 'jakarta.servlet.ServletRegistration' (OnClassCondition)
?[0m?[0;34m      - Default DispatcherServlet did not find dispatcher servlet beans (DispatcherServletAutoConfiguration.DefaultDispatcherServletCondition)
?[0m?[0;34m
?[0m?[0;34m   DispatcherServletAutoConfiguration.DispatcherServletRegistrationConfiguration matched:
?[0m?[0;34m      - @ConditionalOnClass found required class 'jakarta.servlet.ServletRegistration' (OnClassCondition)
?[0m?[0;34m      - DispatcherServlet Registration did not find servlet registration bean (DispatcherServletAutoConfiguration.DispatcherServletRegistrationCondition)
?[0m?[0;34m
?[0m?[0;34m   DispatcherServletAutoConfiguration.DispatcherServletRegistrationConfiguration#dispatcherServletRegistration matched:
?[0m?[0;34m      - @ConditionalOnBean (names: dispatcherServlet types: org.springframework.web.servlet.DispatcherServlet; SearchStrategy: all) found bean 'dispatcherServlet' (OnBeanCondition)
?[0m?[0;34m
?[0m?[0;34m   EmbeddedWebServerFactoryCustomizerAutoConfiguration matched:
?[0m?[0;34m      - @ConditionalOnWebApplication (required) found 'session' scope (OnWebApplicationCondition)
?[0m?[0;34m
?[0m?[0;34m   EmbeddedWebServerFactoryCustomizerAutoConfiguration.TomcatWebServerFactoryCustomizerConfiguration matched:
?[0m?[0;34m      - @ConditionalOnClass found required classes 'org.apache.catalina.startup.Tomcat', 'org.apache.coyote.UpgradeProtocol' (OnClassCondition)
?[0m?[0;34m
?[0m?[0;34m   EndpointAutoConfiguration#endpointCachingOperationInvokerAdvisor matched:
?[0m?[0;34m      - @ConditionalOnMissingBean (types: org.springframework.boot.actuate.endpoint.invoker.cache.CachingOperationInvokerAdvisor; SearchStrategy: all) did not find any beans (OnBeanCondition)
?[0m?[0;34m
?[0m?[0;34m   EndpointAutoConfiguration#endpointOperationParameterMapper matched:
?[0m?[0;34m      - @ConditionalOnMissingBean (types: org.springframework.boot.actuate.endpoint.invoke.ParameterValueMapper; SearchStrategy: all) did not find any beans (OnBeanCondition)
?[0m?[0;34m
?[0m?[0;34m   EnvironmentEndpointAutoConfiguration matched:
?[0m?[0;34m      - @ConditionalOnAvailableEndpoint marked as exposed by a 'management.endpoints.web.exposure' property (OnAvailableEndpointCondition)
?[0m?[0;34m
?[0m?[0;34m   EnvironmentEndpointAutoConfiguration#environmentEndpoint matched:
?[0m?[0;34m      - @ConditionalOnMissingBean (types: org.springframework.boot.actuate.env.EnvironmentEndpoint; SearchStrategy: all) did not find any beans (OnBeanCondition)
?[0m?[0;34m
?[0m?[0;34m   EnvironmentEndpointAutoConfiguration#environmentEndpointWebExtension matched:
?[0m?[0;34m      - @ConditionalOnBean (types: org.springframework.boot.actuate.env.EnvironmentEndpoint; SearchStrategy: all) found bean 'environmentEndpoint'; @ConditionalOnMissingBean (types: org.springframework.boot.actuate.env.EnvironmentEndpointWebExtension; SearchStrategy: all) did not find any beans (OnBeanCondition)
?[0m?[0;34m      - @ConditionalOnAvailableEndpoint marked as exposed by a 'management.endpoints.web.exposure' property (OnAvailableEndpointCondition)
?[0m?[0;34m
?[0m?[0;34m   ErrorMvcAutoConfiguration matched:
?[0m?[0;34m      - @ConditionalOnClass found required classes 'jakarta.servlet.Servlet', 'org.springframework.web.servlet.DispatcherServlet' (OnClassCondition)
?[0m?[0;34m      - found 'session' scope (OnWebApplicationCondition)
?[0m?[0;34m
?[0m?[0;34m   ErrorMvcAutoConfiguration#basicErrorController matched:
?[0m?[0;34m      - @ConditionalOnMissingBean (types: org.springframework.boot.web.servlet.error.ErrorController; SearchStrategy: current) did not find any beans (OnBeanCondition)
?[0m?[0;34m
?[0m?[0;34m   ErrorMvcAutoConfiguration#errorAttributes matched:
?[0m?[0;34m      - @ConditionalOnMissingBean (types: org.springframework.boot.web.servlet.error.ErrorAttributes; SearchStrategy: current) did not find any beans (OnBeanCondition)
?[0m?[0;34m
?[0m?[0;34m   ErrorMvcAutoConfiguration.DefaultErrorViewResolverConfiguration#conventionErrorViewResolver matched:
?[0m?[0;34m      - @ConditionalOnBean (types: org.springframework.web.servlet.DispatcherServlet; SearchStrategy: all) found bean 'dispatcherServlet'; @ConditionalOnMissingBean (types: org.springframework.boot.autoconfigure.web.servlet.error.ErrorViewResolver; SearchStrategy: all) did not find any beans (OnBeanCondition)
?[0m?[0;34m
?[0m?[0;34m   ErrorMvcAutoConfiguration.WhitelabelErrorViewConfiguration matched:
?[0m?[0;34m      - @ConditionalOnProperty (server.error.whitelabel.enabled) matched (OnPropertyCondition)
?[0m?[0;34m      - ErrorTemplate Missing did not find error template view (ErrorMvcAutoConfiguration.ErrorTemplateMissingCondition)
?[0m?[0;34m
?[0m?[0;34m   ErrorMvcAutoConfiguration.WhitelabelErrorViewConfiguration#beanNameViewResolver matched:
?[0m?[0;34m      - @ConditionalOnMissingBean (types: org.springframework.web.servlet.view.BeanNameViewResolver; SearchStrategy: all) did not find any beans (OnBeanCondition)
?[0m?[0;34m
?[0m?[0;34m   ErrorMvcAutoConfiguration.WhitelabelErrorViewConfiguration#defaultErrorView matched:
?[0m?[0;34m      - @ConditionalOnMissingBean (names: error; SearchStrategy: all) did not find any beans (OnBeanCondition)
?[0m?[0;34m
?[0m?[0;34m   GenericCacheConfiguration matched:
?[0m?[0;34m      - Cache org.springframework.boot.autoconfigure.cache.GenericCacheConfiguration automatic cache type (CacheCondition)
?[0m?[0;34m
?[0m?[0;34m   GsonAutoConfiguration matched:
?[0m?[0;34m      - @ConditionalOnClass found required class 'com.google.gson.Gson' (OnClassCondition)
?[0m?[0;34m
?[0m?[0;34m   GsonAutoConfiguration#gson matched:
?[0m?[0;34m      - @ConditionalOnMissingBean (types: com.google.gson.Gson; SearchStrategy: all) did not find any beans (OnBeanCondition)
?[0m?[0;34m
?[0m?[0;34m   GsonAutoConfiguration#gsonBuilder matched:
?[0m?[0;34m      - @ConditionalOnMissingBean (types: com.google.gson.GsonBuilder; SearchStrategy: all) did not find any beans (OnBeanCondition)
?[0m?[0;34m
?[0m?[0;34m   GsonHttpMessageConvertersConfiguration matched:
?[0m?[0;34m      - @ConditionalOnClass found required class 'com.google.gson.Gson' (OnClassCondition)
?[0m?[0;34m
?[0m?[0;34m   H2ConsoleAutoConfiguration matched:
?[0m?[0;34m      - @ConditionalOnClass found required class 'org.h2.server.web.JakartaWebServlet' (OnClassCondition)
?[0m?[0;34m      - found 'session' scope (OnWebApplicationCondition)
?[0m?[0;34m      - @ConditionalOnProperty (spring.h2.console.enabled=true) matched (OnPropertyCondition)
?[0m?[0;34m
?[0m?[0;34m   HealthContributorAutoConfiguration#pingHealthContributor matched:
?[0m?[0;34m      - @ConditionalOnEnabledHealthIndicator management.health.defaults.enabled is considered true (OnEnabledHealthIndicatorCondition)
?[0m?[0;34m
?[0m?[0;34m   HealthEndpointAutoConfiguration matched:
?[0m?[0;34m      - @ConditionalOnAvailableEndpoint marked as exposed by a 'management.endpoints.web.exposure' property (OnAvailableEndpointCondition)
?[0m?[0;34m
?[0m?[0;34m   HealthEndpointConfiguration#healthContributorRegistry matched:
?[0m?[0;34m      - @ConditionalOnMissingBean (types: org.springframework.boot.actuate.health.HealthContributorRegistry; SearchStrategy: all) did not find any beans (OnBeanCondition)
?[0m?[0;34m
?[0m?[0;34m   HealthEndpointConfiguration#healthEndpoint matched:
?[0m?[0;34m      - @ConditionalOnMissingBean (types: org.springframework.boot.actuate.health.HealthEndpoint; SearchStrategy: all) did not find any beans (OnBeanCondition)
?[0m?[0;34m
?[0m?[0;34m   HealthEndpointConfiguration#healthEndpointGroups matched:
?[0m?[0;34m      - @ConditionalOnMissingBean (types: org.springframework.boot.actuate.health.HealthEndpointGroups; SearchStrategy: all) did not find any beans (OnBeanCondition)
?[0m?[0;34m
?[0m?[0;34m   HealthEndpointConfiguration#healthHttpCodeStatusMapper matched:
?[0m?[0;34m      - @ConditionalOnMissingBean (types: org.springframework.boot.actuate.health.HttpCodeStatusMapper; SearchStrategy: all) did not find any beans (OnBeanCondition)
?[0m?[0;34m
?[0m?[0;34m   HealthEndpointConfiguration#healthStatusAggregator matched:
?[0m?[0;34m      - @ConditionalOnMissingBean (types: org.springframework.boot.actuate.health.StatusAggregator; SearchStrategy: all) did not find any beans (OnBeanCondition)
?[0m?[0;34m
?[0m?[0;34m   HealthEndpointWebExtensionConfiguration matched:
?[0m?[0;34m      - found 'session' scope (OnWebApplicationCondition)
?[0m?[0;34m      - @ConditionalOnAvailableEndpoint marked as exposed by a 'management.endpoints.web.exposure' property (OnAvailableEndpointCondition)
?[0m?[0;34m      - @ConditionalOnBean (types: org.springframework.boot.actuate.health.HealthEndpoint; SearchStrategy: all) found bean 'healthEndpoint' (OnBeanCondition)
?[0m?[0;34m
?[0m?[0;34m   HealthEndpointWebExtensionConfiguration#healthEndpointWebExtension matched:
?[0m?[0;34m      - @ConditionalOnMissingBean (types: org.springframework.boot.actuate.health.HealthEndpointWebExtension; SearchStrategy: all) did not find any beans (OnBeanCondition)
?[0m?[0;34m
?[0m?[0;34m   HealthEndpointWebExtensionConfiguration.MvcAdditionalHealthEndpointPathsConfiguration matched:
?[0m?[0;34m      - @ConditionalOnAvailableEndpoint marked as exposed by a 'management.endpoints.web.exposure' property (OnAvailableEndpointCondition)
?[0m?[0;34m      - @ConditionalOnBean (types: org.springframework.web.servlet.DispatcherServlet; SearchStrategy: all) found bean 'dispatcherServlet' (OnBeanCondition)
?[0m?[0;34m
?[0m?[0;34m   HeapDumpWebEndpointAutoConfiguration matched:
?[0m?[0;34m      - @ConditionalOnAvailableEndpoint marked as exposed by a 'management.endpoints.web.exposure' property (OnAvailableEndpointCondition)
?[0m?[0;34m
?[0m?[0;34m   HeapDumpWebEndpointAutoConfiguration#heapDumpWebEndpoint matched:
?[0m?[0;34m      - @ConditionalOnMissingBean (types: org.springframework.boot.actuate.management.HeapDumpWebEndpoint; SearchStrategy: all) did not find any beans (OnBeanCondition)
?[0m?[0;34m
?[0m?[0;34m   HibernateJpaAutoConfiguration matched:
?[0m?[0;34m      - @ConditionalOnClass found required classes 'org.springframework.orm.jpa.LocalContainerEntityManagerFactoryBean', 'jakarta.persistence.EntityManager', 'org.hibernate.engine.spi.SessionImplementor' (OnClassCondition)
?[0m?[0;34m
?[0m?[0;34m   HibernateJpaConfiguration matched:
?[0m?[0;34m      - @ConditionalOnSingleCandidate (types: javax.sql.DataSource; SearchStrategy: all) found a single bean 'dataSource' (OnBeanCondition)
?[0m?[0;34m
?[0m?[0;34m   HttpClientObservationsAutoConfiguration matched:
?[0m?[0;34m      - @ConditionalOnClass found required class 'io.micrometer.observation.Observation' (OnClassCondition)
?[0m?[0;34m      - @ConditionalOnBean (types: io.micrometer.observation.ObservationRegistry; SearchStrategy: all) found bean 'observationRegistry' (OnBeanCondition)
?[0m?[0;34m
?[0m?[0;34m   HttpClientObservationsAutoConfiguration.MeterFilterConfiguration matched:
?[0m?[0;34m      - @ConditionalOnClass found required class 'io.micrometer.core.instrument.MeterRegistry' (OnClassCondition)
?[0m?[0;34m      - @ConditionalOnBean (types: io.micrometer.core.instrument.MeterRegistry; SearchStrategy: all) found bean 'simpleMeterRegistry' (OnBeanCondition)
?[0m?[0;34m
?[0m?[0;34m   HttpEncodingAutoConfiguration matched:
?[0m?[0;34m      - @ConditionalOnClass found required class 'org.springframework.web.filter.CharacterEncodingFilter' (OnClassCondition)
?[0m?[0;34m      - found 'session' scope (OnWebApplicationCondition)
?[0m?[0;34m      - @ConditionalOnProperty (server.servlet.encoding.enabled) matched (OnPropertyCondition)
?[0m?[0;34m
?[0m?[0;34m   HttpEncodingAutoConfiguration#characterEncodingFilter matched:
?[0m?[0;34m      - @ConditionalOnMissingBean (types: org.springframework.web.filter.CharacterEncodingFilter; SearchStrategy: all) did not find any beans (OnBeanCondition)
?[0m?[0;34m
?[0m?[0;34m   HttpExchangesEndpointAutoConfiguration matched:
?[0m?[0;34m      - @ConditionalOnAvailableEndpoint marked as exposed by a 'management.endpoints.web.exposure' property (OnAvailableEndpointCondition)
?[0m?[0;34m
?[0m?[0;34m   HttpMessageConvertersAutoConfiguration matched:
?[0m?[0;34m      - @ConditionalOnClass found required class 'org.springframework.http.converter.HttpMessageConverter' (OnClassCondition)
?[0m?[0;34m      - NoneNestedConditions 0 matched 1 did not; NestedCondition on HttpMessageConvertersAutoConfiguration.NotReactiveWebApplicationCondition.ReactiveWebApplication did not find reactive web application classes (HttpMessageConvertersAutoConfiguration.NotReactiveWebApplicationCondition)
?[0m?[0;34m
?[0m?[0;34m   HttpMessageConvertersAutoConfiguration#messageConverters matched:
?[0m?[0;34m      - @ConditionalOnMissingBean (types: org.springframework.boot.autoconfigure.http.HttpMessageConverters; SearchStrategy: all) did not find any beans (OnBeanCondition)
?[0m?[0;34m
?[0m?[0;34m   HttpMessageConvertersAutoConfiguration.StringHttpMessageConverterConfiguration matched:
?[0m?[0;34m      - @ConditionalOnClass found required class 'org.springframework.http.converter.StringHttpMessageConverter' (OnClassCondition)
?[0m?[0;34m
?[0m?[0;34m   HttpMessageConvertersAutoConfiguration.StringHttpMessageConverterConfiguration#stringHttpMessageConverter matched:
?[0m?[0;34m      - @ConditionalOnMissingBean (types: org.springframework.http.converter.StringHttpMessageConverter; SearchStrategy: all) did not find any beans (OnBeanCondition)
?[0m?[0;34m
?[0m?[0;34m   InfoEndpointAutoConfiguration matched:
?[0m?[0;34m      - @ConditionalOnAvailableEndpoint marked as exposed by a 'management.endpoints.web.exposure' property (OnAvailableEndpointCondition)
?[0m?[0;34m
?[0m?[0;34m   InfoEndpointAutoConfiguration#infoEndpoint matched:
?[0m?[0;34m      - @ConditionalOnMissingBean (types: org.springframework.boot.actuate.info.InfoEndpoint; SearchStrategy: all) did not find any beans (OnBeanCondition)
?[0m?[0;34m
?[0m?[0;34m   JacksonAutoConfiguration matched:
?[0m?[0;34m      - @ConditionalOnClass found required class 'com.fasterxml.jackson.databind.ObjectMapper' (OnClassCondition)
?[0m?[0;34m
?[0m?[0;34m   JacksonAutoConfiguration.Jackson2ObjectMapperBuilderCustomizerConfiguration matched:
?[0m?[0;34m      - @ConditionalOnClass found required class 'org.springframework.http.converter.json.Jackson2ObjectMapperBuilder' (OnClassCondition)
?[0m?[0;34m
?[0m?[0;34m   JacksonAutoConfiguration.JacksonObjectMapperBuilderConfiguration matched:
?[0m?[0;34m      - @ConditionalOnClass found required class 'org.springframework.http.converter.json.Jackson2ObjectMapperBuilder' (OnClassCondition)
?[0m?[0;34m
?[0m?[0;34m   JacksonAutoConfiguration.JacksonObjectMapperBuilderConfiguration#jacksonObjectMapperBuilder matched:
?[0m?[0;34m      - @ConditionalOnMissingBean (types: org.springframework.http.converter.json.Jackson2ObjectMapperBuilder; SearchStrategy: all) did not find any beans (OnBeanCondition)
?[0m?[0;34m
?[0m?[0;34m   JacksonAutoConfiguration.JacksonObjectMapperConfiguration matched:
?[0m?[0;34m      - @ConditionalOnClass found required class 'org.springframework.http.converter.json.Jackson2ObjectMapperBuilder' (OnClassCondition)
?[0m?[0;34m
?[0m?[0;34m   JacksonAutoConfiguration.JacksonObjectMapperConfiguration#jacksonObjectMapper matched:
?[0m?[0;34m      - @ConditionalOnMissingBean (types: com.fasterxml.jackson.databind.ObjectMapper; SearchStrategy: all) did not find any beans (OnBeanCondition)
?[0m?[0;34m
?[0m?[0;34m   JacksonAutoConfiguration.ParameterNamesModuleConfiguration matched:
?[0m?[0;34m      - @ConditionalOnClass found required class 'com.fasterxml.jackson.module.paramnames.ParameterNamesModule' (OnClassCondition)
?[0m?[0;34m
?[0m?[0;34m   JacksonAutoConfiguration.ParameterNamesModuleConfiguration#parameterNamesModule matched:
?[0m?[0;34m      - @ConditionalOnMissingBean (types: com.fasterxml.jackson.module.paramnames.ParameterNamesModule; SearchStrategy: all) did not find any beans (OnBeanCondition)
?[0m?[0;34m
?[0m?[0;34m   JacksonEndpointAutoConfiguration#endpointObjectMapper matched:
?[0m?[0;34m      - @ConditionalOnClass found required classes 'com.fasterxml.jackson.databind.ObjectMapper', 'org.springframework.http.converter.json.Jackson2ObjectMapperBuilder' (OnClassCondition)
?[0m?[0;34m      - @ConditionalOnProperty (management.endpoints.jackson.isolated-object-mapper) matched (OnPropertyCondition)
?[0m?[0;34m
?[0m?[0;34m   JacksonHttpMessageConvertersConfiguration.MappingJackson2HttpMessageConverterConfiguration matched:
?[0m?[0;34m      - @ConditionalOnClass found required class 'com.fasterxml.jackson.databind.ObjectMapper' (OnClassCondition)
?[0m?[0;34m      - @ConditionalOnProperty (spring.mvc.converters.preferred-json-mapper=jackson) matched (OnPropertyCondition)
?[0m?[0;34m      - @ConditionalOnBean (types: com.fasterxml.jackson.databind.ObjectMapper; SearchStrategy: all) found bean 'jacksonObjectMapper' (OnBeanCondition)
?[0m?[0;34m
?[0m?[0;34m   JacksonHttpMessageConvertersConfiguration.MappingJackson2HttpMessageConverterConfiguration#mappingJackson2HttpMessageConverter matched:
?[0m?[0;34m      - @ConditionalOnMissingBean (types: org.springframework.http.converter.json.MappingJackson2HttpMessageConverter ignored: org.springframework.hateoas.server.mvc.TypeConstrainedMappingJackson2HttpMessageConverter,org.springframework.data.rest.webmvc.alps.AlpsJsonHttpMessageConverter; SearchStrategy: all) did not find any beans (OnBeanCondition)
?[0m?[0;34m
?[0m?[0;34m   JdbcTemplateAutoConfiguration matched:
?[0m?[0;34m      - @ConditionalOnClass found required classes 'javax.sql.DataSource', 'org.springframework.jdbc.core.JdbcTemplate' (OnClassCondition)
?[0m?[0;34m      - @ConditionalOnSingleCandidate (types: javax.sql.DataSource; SearchStrategy: all) found a single bean 'dataSource' (OnBeanCondition)
?[0m?[0;34m
?[0m?[0;34m   JdbcTemplateConfiguration matched:
?[0m?[0;34m      - @ConditionalOnMissingBean (types: org.springframework.jdbc.core.JdbcOperations; SearchStrategy: all) did not find any beans (OnBeanCondition)
?[0m?[0;34m
?[0m?[0;34m   JpaBaseConfiguration#entityManagerFactory matched:
?[0m?[0;34m      - @ConditionalOnMissingBean (types: org.springframework.orm.jpa.LocalContainerEntityManagerFactoryBean,jakarta.persistence.EntityManagerFactory; SearchStrategy: all) did not find any beans (OnBeanCondition)
?[0m?[0;34m
?[0m?[0;34m   JpaBaseConfiguration#entityManagerFactoryBuilder matched:
?[0m?[0;34m      - @ConditionalOnMissingBean (types: org.springframework.boot.orm.jpa.EntityManagerFactoryBuilder; SearchStrategy: all) did not find any beans (OnBeanCondition)
?[0m?[0;34m
?[0m?[0;34m   JpaBaseConfiguration#jpaVendorAdapter matched:
?[0m?[0;34m      - @ConditionalOnMissingBean (types: org.springframework.orm.jpa.JpaVendorAdapter; SearchStrategy: all) did not find any beans (OnBeanCondition)
?[0m?[0;34m
?[0m?[0;34m   JpaBaseConfiguration#transactionManager matched:
?[0m?[0;34m      - @ConditionalOnMissingBean (types: org.springframework.transaction.TransactionManager; SearchStrategy: all) did not find any beans (OnBeanCondition)
?[0m?[0;34m
?[0m?[0;34m   JpaBaseConfiguration.JpaWebConfiguration matched:
?[0m?[0;34m      - @ConditionalOnClass found required class 'org.springframework.web.servlet.config.annotation.WebMvcConfigurer' (OnClassCondition)
?[0m?[0;34m      - found 'session' scope (OnWebApplicationCondition)
?[0m?[0;34m      - @ConditionalOnProperty (spring.jpa.open-in-view=true) matched (OnPropertyCondition)
?[0m?[0;34m      - @ConditionalOnMissingBean (types: org.springframework.orm.jpa.support.OpenEntityManagerInViewInterceptor,org.springframework.orm.jpa.support.OpenEntityManagerInViewFilter; SearchStrategy: all) did not find any beans (OnBeanCondition)
?[0m?[0;34m
?[0m?[0;34m   JpaBaseConfiguration.PersistenceManagedTypesConfiguration matched:
?[0m?[0;34m      - @ConditionalOnMissingBean (types: org.springframework.orm.jpa.LocalContainerEntityManagerFactoryBean,jakarta.persistence.EntityManagerFactory; SearchStrategy: all) did not find any beans (OnBeanCondition)
?[0m?[0;34m
?[0m?[0;34m   JpaBaseConfiguration.PersistenceManagedTypesConfiguration#persistenceManagedTypes matched:
?[0m?[0;34m      - @ConditionalOnMissingBean (types: org.springframework.orm.jpa.persistenceunit.PersistenceManagedTypes; SearchStrategy: all) did not find any beans (OnBeanCondition)
?[0m?[0;34m
?[0m?[0;34m   JpaRepositoriesAutoConfiguration matched:
?[0m?[0;34m      - @ConditionalOnClass found required class 'org.springframework.data.jpa.repository.JpaRepository' (OnClassCondition)
?[0m?[0;34m      - @ConditionalOnProperty (spring.data.jpa.repositories.enabled=true) matched (OnPropertyCondition)
?[0m?[0;34m      - @ConditionalOnBean (types: javax.sql.DataSource; SearchStrategy: all) found bean 'dataSource'; @ConditionalOnMissingBean (types: org.springframework.data.jpa.repository.support.JpaRepositoryFactoryBean,org.springframework.data.jpa.repository.config.JpaRepositoryConfigExtension; SearchStrategy: all) did not find any beans (OnBeanCondition)
?[0m?[0;34m
?[0m?[0;34m   JtaAutoConfiguration matched:
?[0m?[0;34m      - @ConditionalOnClass found required class 'jakarta.transaction.Transaction' (OnClassCondition)
?[0m?[0;34m      - @ConditionalOnProperty (spring.jta.enabled) matched (OnPropertyCondition)
?[0m?[0;34m
?[0m?[0;34m   JvmMetricsAutoConfiguration matched:
?[0m?[0;34m      - @ConditionalOnClass found required class 'io.micrometer.core.instrument.MeterRegistry' (OnClassCondition)
?[0m?[0;34m      - @ConditionalOnBean (types: io.micrometer.core.instrument.MeterRegistry; SearchStrategy: all) found bean 'simpleMeterRegistry' (OnBeanCondition)
?[0m?[0;34m
?[0m?[0;34m   JvmMetricsAutoConfiguration#classLoaderMetrics matched:
?[0m?[0;34m      - @ConditionalOnMissingBean (types: io.micrometer.core.instrument.binder.jvm.ClassLoaderMetrics; SearchStrategy: all) did not find any beans (OnBeanCondition)
?[0m?[0;34m
?[0m?[0;34m   JvmMetricsAutoConfiguration#jvmCompilationMetrics matched:
?[0m?[0;34m      - @ConditionalOnMissingBean (types: io.micrometer.core.instrument.binder.jvm.JvmCompilationMetrics; SearchStrategy: all) did not find any beans (OnBeanCondition)
?[0m?[0;34m
?[0m?[0;34m   JvmMetricsAutoConfiguration#jvmGcMetrics matched:
?[0m?[0;34m      - @ConditionalOnMissingBean (types: io.micrometer.core.instrument.binder.jvm.JvmGcMetrics; SearchStrategy: all) did not find any beans (OnBeanCondition)
?[0m?[0;34m
?[0m?[0;34m   JvmMetricsAutoConfiguration#jvmHeapPressureMetrics matched:
?[0m?[0;34m      - @ConditionalOnMissingBean (types: io.micrometer.core.instrument.binder.jvm.JvmHeapPressureMetrics; SearchStrategy: all) did not find any beans (OnBeanCondition)
?[0m?[0;34m
?[0m?[0;34m   JvmMetricsAutoConfiguration#jvmInfoMetrics matched:
?[0m?[0;34m      - @ConditionalOnMissingBean (types: io.micrometer.core.instrument.binder.jvm.JvmInfoMetrics; SearchStrategy: all) did not find any beans (OnBeanCondition)
?[0m?[0;34m
?[0m?[0;34m   JvmMetricsAutoConfiguration#jvmMemoryMetrics matched:
?[0m?[0;34m      - @ConditionalOnMissingBean (types: io.micrometer.core.instrument.binder.jvm.JvmMemoryMetrics; SearchStrategy: all) did not find any beans (OnBeanCondition)
?[0m?[0;34m
?[0m?[0;34m   JvmMetricsAutoConfiguration#jvmThreadMetrics matched:
?[0m?[0;34m      - @ConditionalOnMissingBean (types: io.micrometer.core.instrument.binder.jvm.JvmThreadMetrics; SearchStrategy: all) did not find any beans (OnBeanCondition)
?[0m?[0;34m
?[0m?[0;34m   LifecycleAutoConfiguration#defaultLifecycleProcessor matched:
?[0m?[0;34m      - @ConditionalOnMissingBean (names: lifecycleProcessor; SearchStrategy: current) did not find any beans (OnBeanCondition)
?[0m?[0;34m
?[0m?[0;34m   LogFileWebEndpointAutoConfiguration matched:
?[0m?[0;34m      - @ConditionalOnAvailableEndpoint marked as exposed by a 'management.endpoints.web.exposure' property (OnAvailableEndpointCondition)
?[0m?[0;34m
?[0m?[0;34m   LogbackMetricsAutoConfiguration matched:
?[0m?[0;34m      - @ConditionalOnClass found required classes 'io.micrometer.core.instrument.MeterRegistry', 'ch.qos.logback.classic.LoggerContext', 'org.slf4j.LoggerFactory' (OnClassCondition)
?[0m?[0;34m      - LogbackLoggingCondition ILoggerFactory is a Logback LoggerContext (LogbackMetricsAutoConfiguration.LogbackLoggingCondition)
?[0m?[0;34m      - @ConditionalOnBean (types: io.micrometer.core.instrument.MeterRegistry; SearchStrategy: all) found bean 'simpleMeterRegistry' (OnBeanCondition)
?[0m?[0;34m
?[0m?[0;34m   LogbackMetricsAutoConfiguration#logbackMetrics matched:
?[0m?[0;34m      - @ConditionalOnMissingBean (types: io.micrometer.core.instrument.binder.logging.LogbackMetrics; SearchStrategy: all) did not find any beans (OnBeanCondition)
?[0m?[0;34m
?[0m?[0;34m   LoggersEndpointAutoConfiguration matched:
?[0m?[0;34m      - @ConditionalOnAvailableEndpoint marked as exposed by a 'management.endpoints.web.exposure' property (OnAvailableEndpointCondition)
?[0m?[0;34m
?[0m?[0;34m   LoggersEndpointAutoConfiguration#loggersEndpoint matched:
?[0m?[0;34m      - Logging System enabled (LoggersEndpointAutoConfiguration.OnEnabledLoggingSystemCondition)
?[0m?[0;34m      - @ConditionalOnBean (types: org.springframework.boot.logging.LoggingSystem; SearchStrategy: all) found bean 'springBootLoggingSystem'; @ConditionalOnMissingBean (types: org.springframework.boot.actuate.logging.LoggersEndpoint; SearchStrategy: all) did not find any beans (OnBeanCondition)
?[0m?[0;34m
?[0m?[0;34m   ManagementContextAutoConfiguration.SameManagementContextConfiguration matched:
?[0m?[0;34m      - Management Port actual port type (SAME) matched required type (OnManagementPortCondition)
?[0m?[0;34m
?[0m?[0;34m   MappingsEndpointAutoConfiguration matched:
?[0m?[0;34m      - @ConditionalOnAvailableEndpoint marked as exposed by a 'management.endpoints.web.exposure' property (OnAvailableEndpointCondition)
?[0m?[0;34m
?[0m?[0;34m   MappingsEndpointAutoConfiguration.ServletWebConfiguration matched:
?[0m?[0;34m      - found 'session' scope (OnWebApplicationCondition)
?[0m?[0;34m
?[0m?[0;34m   MappingsEndpointAutoConfiguration.ServletWebConfiguration.SpringMvcConfiguration matched:
?[0m?[0;34m      - @ConditionalOnClass found required class 'org.springframework.web.servlet.DispatcherServlet' (OnClassCondition)
?[0m?[0;34m      - @ConditionalOnBean (types: org.springframework.web.servlet.DispatcherServlet; SearchStrategy: all) found bean 'dispatcherServlet' (OnBeanCondition)
?[0m?[0;34m
?[0m?[0;34m   MetricsAutoConfiguration matched:
?[0m?[0;34m      - @ConditionalOnClass found required class 'io.micrometer.core.annotation.Timed' (OnClassCondition)
?[0m?[0;34m
?[0m?[0;34m   MetricsAutoConfiguration#micrometerClock matched:
?[0m?[0;34m      - @ConditionalOnMissingBean (types: io.micrometer.core.instrument.Clock; SearchStrategy: all) did not find any beans (OnBeanCondition)
?[0m?[0;34m
?[0m?[0;34m   MetricsEndpointAutoConfiguration matched:
?[0m?[0;34m      - @ConditionalOnClass found required class 'io.micrometer.core.annotation.Timed' (OnClassCondition)
?[0m?[0;34m      - @ConditionalOnAvailableEndpoint marked as exposed by a 'management.endpoints.web.exposure' property (OnAvailableEndpointCondition)
?[0m?[0;34m
?[0m?[0;34m   MetricsEndpointAutoConfiguration#metricsEndpoint matched:
?[0m?[0;34m      - @ConditionalOnBean (types: io.micrometer.core.instrument.MeterRegistry; SearchStrategy: all) found bean 'simpleMeterRegistry'; @ConditionalOnMissingBean (types: org.springframework.boot.actuate.metrics.MetricsEndpoint; SearchStrategy: all) did not find any beans (OnBeanCondition)
?[0m?[0;34m
?[0m?[0;34m   MultipartAutoConfiguration matched:
?[0m?[0;34m      - @ConditionalOnClass found required classes 'jakarta.servlet.Servlet', 'org.springframework.web.multipart.support.StandardServletMultipartResolver', 'jakarta.servlet.MultipartConfigElement' (OnClassCondition)
?[0m?[0;34m      - found 'session' scope (OnWebApplicationCondition)
?[0m?[0;34m      - @ConditionalOnProperty (spring.servlet.multipart.enabled) matched (OnPropertyCondition)
?[0m?[0;34m
?[0m?[0;34m   MultipartAutoConfiguration#multipartConfigElement matched:
?[0m?[0;34m      - @ConditionalOnMissingBean (types: jakarta.servlet.MultipartConfigElement; SearchStrategy: all) did not find any beans (OnBeanCondition)
?[0m?[0;34m
?[0m?[0;34m   MultipartAutoConfiguration#multipartResolver matched:
?[0m?[0;34m      - @ConditionalOnMissingBean (types: org.springframework.web.multipart.MultipartResolver; SearchStrategy: all) did not find any beans (OnBeanCondition)
?[0m?[0;34m
?[0m?[0;34m   NamedParameterJdbcTemplateConfiguration matched:
?[0m?[0;34m      - @ConditionalOnSingleCandidate (types: org.springframework.jdbc.core.JdbcTemplate; SearchStrategy: all) found a single bean 'jdbcTemplate'; @ConditionalOnMissingBean (types: org.springframework.jdbc.core.namedparam.NamedParameterJdbcOperations; SearchStrategy: all) did not find any beans (OnBeanCondition)
?[0m?[0;34m
?[0m?[0;34m   NoOpCacheConfiguration matched:
?[0m?[0;34m      - Cache org.springframework.boot.autoconfigure.cache.NoOpCacheConfiguration automatic cache type (CacheCondition)
?[0m?[0;34m
?[0m?[0;34m   ObservationAutoConfiguration matched:
?[0m?[0;34m      - @ConditionalOnClass found required class 'io.micrometer.observation.ObservationRegistry' (OnClassCondition)
?[0m?[0;34m
?[0m?[0;34m   ObservationAutoConfiguration#observationRegistry matched:
?[0m?[0;34m      - @ConditionalOnMissingBean (types: io.micrometer.observation.ObservationRegistry; SearchStrategy: all) did not find any beans (OnBeanCondition)
?[0m?[0;34m
?[0m?[0;34m   ObservationAutoConfiguration.MeterObservationHandlerConfiguration matched:
?[0m?[0;34m      - @ConditionalOnBean (types: io.micrometer.core.instrument.MeterRegistry; SearchStrategy: all) found bean 'simpleMeterRegistry'; @ConditionalOnMissingBean (types: io.micrometer.core.instrument.observation.MeterObservationHandler; SearchStrategy: all) did not find any beans (OnBeanCondition)
?[0m?[0;34m
?[0m?[0;34m   ObservationAutoConfiguration.MeterObservationHandlerConfiguration.OnlyMetricsMeterObservationHandlerConfiguration matched:
?[0m?[0;34m      - @ConditionalOnMissingBean (types: io.micrometer.tracing.Tracer; SearchStrategy: all) did not find any beans (OnBeanCondition)
?[0m?[0;34m
?[0m?[0;34m   ObservationAutoConfiguration.OnlyMetricsConfiguration matched:
?[0m?[0;34m      - @ConditionalOnClass found required class 'io.micrometer.core.instrument.MeterRegistry'; @ConditionalOnMissingClass did not find unwanted class 'io.micrometer.tracing.Tracer' (OnClassCondition)
?[0m?[0;34m
?[0m?[0;34m   PersistenceExceptionTranslationAutoConfiguration matched:
?[0m?[0;34m      - @ConditionalOnClass found required class 'org.springframework.dao.annotation.PersistenceExceptionTranslationPostProcessor' (OnClassCondition)
?[0m?[0;34m
?[0m?[0;34m   PersistenceExceptionTranslationAutoConfiguration#persistenceExceptionTranslationPostProcessor matched:
?[0m?[0;34m      - @ConditionalOnProperty (spring.dao.exceptiontranslation.enabled) matched (OnPropertyCondition)
?[0m?[0;34m      - @ConditionalOnMissingBean (types: org.springframework.dao.annotation.PersistenceExceptionTranslationPostProcessor; SearchStrategy: all) did not find any beans (OnBeanCondition)
?[0m?[0;34m
?[0m?[0;34m   PropertyPlaceholderAutoConfiguration#propertySourcesPlaceholderConfigurer matched:
?[0m?[0;34m      - @ConditionalOnMissingBean (types: org.springframework.context.support.PropertySourcesPlaceholderConfigurer; SearchStrategy: current) did not find any beans (OnBeanCondition)
?[0m?[0;34m
?[0m?[0;34m   RepositoryMetricsAutoConfiguration matched:
?[0m?[0;34m      - @ConditionalOnClass found required class 'org.springframework.data.repository.Repository' (OnClassCondition)
?[0m?[0;34m      - @ConditionalOnBean (types: io.micrometer.core.instrument.MeterRegistry; SearchStrategy: all) found bean 'simpleMeterRegistry' (OnBeanCondition)
?[0m?[0;34m
?[0m?[0;34m   RepositoryMetricsAutoConfiguration#metricsRepositoryMethodInvocationListener matched:
?[0m?[0;34m      - @ConditionalOnMissingBean (types: org.springframework.boot.actuate.metrics.data.MetricsRepositoryMethodInvocationListener; SearchStrategy: all) did not find any beans (OnBeanCondition)
?[0m?[0;34m
?[0m?[0;34m   RepositoryMetricsAutoConfiguration#repositoryTagsProvider matched:
?[0m?[0;34m      - @ConditionalOnMissingBean (types: org.springframework.boot.actuate.metrics.data.RepositoryTagsProvider; SearchStrategy: all) did not find any beans (OnBeanCondition)
?[0m?[0;34m
?[0m?[0;34m   RestTemplateAutoConfiguration matched:
?[0m?[0;34m      - @ConditionalOnClass found required class 'org.springframework.web.client.RestTemplate' (OnClassCondition)
?[0m?[0;34m      - NoneNestedConditions 0 matched 1 did not; NestedCondition on RestTemplateAutoConfiguration.NotReactiveWebApplicationCondition.ReactiveWebApplication did not find reactive web application classes (RestTemplateAutoConfiguration.NotReactiveWebApplicationCondition)
?[0m?[0;34m
?[0m?[0;34m   RestTemplateAutoConfiguration#restTemplateBuilder matched:
?[0m?[0;34m      - @ConditionalOnMissingBean (types: org.springframework.boot.web.client.RestTemplateBuilder; SearchStrategy: all) did not find any beans (OnBeanCondition)
?[0m?[0;34m
?[0m?[0;34m   RestTemplateAutoConfiguration#restTemplateBuilderConfigurer matched:
?[0m?[0;34m      - @ConditionalOnMissingBean (types: org.springframework.boot.autoconfigure.web.client.RestTemplateBuilderConfigurer; SearchStrategy: all) did not find any beans (OnBeanCondition)
?[0m?[0;34m
?[0m?[0;34m   RestTemplateObservationConfiguration matched:
?[0m?[0;34m      - @ConditionalOnClass found required class 'org.springframework.web.client.RestTemplate' (OnClassCondition)
?[0m?[0;34m      - @ConditionalOnBean (types: org.springframework.boot.web.client.RestTemplateBuilder; SearchStrategy: all) found bean 'restTemplateBuilder' (OnBeanCondition)
?[0m?[0;34m
?[0m?[0;34m   ScheduledTasksEndpointAutoConfiguration matched:
?[0m?[0;34m      - @ConditionalOnAvailableEndpoint marked as exposed by a 'management.endpoints.web.exposure' property (OnAvailableEndpointCondition)
?[0m?[0;34m
?[0m?[0;34m   ScheduledTasksEndpointAutoConfiguration#scheduledTasksEndpoint matched:
?[0m?[0;34m      - @ConditionalOnMissingBean (types: org.springframework.boot.actuate.scheduling.ScheduledTasksEndpoint; SearchStrategy: all) did not find any beans (OnBeanCondition)
?[0m?[0;34m
?[0m?[0;34m   SecurityAutoConfiguration matched:
?[0m?[0;34m      - @ConditionalOnClass found required class 'org.springframework.security.authentication.DefaultAuthenticationEventPublisher' (OnClassCondition)
?[0m?[0;34m
?[0m?[0;34m   SecurityAutoConfiguration#authenticationEventPublisher matched:
?[0m?[0;34m      - @ConditionalOnMissingBean (types: org.springframework.security.authentication.AuthenticationEventPublisher; SearchStrategy: all) did not find any beans (OnBeanCondition)
?[0m?[0;34m
?[0m?[0;34m   SecurityFilterAutoConfiguration matched:
?[0m?[0;34m      - @ConditionalOnClass found required classes 'org.springframework.security.web.context.AbstractSecurityWebApplicationInitializer', 'org.springframework.security.config.http.SessionCreationPolicy' (OnClassCondition)
?[0m?[0;34m      - found 'session' scope (OnWebApplicationCondition)
?[0m?[0;34m
?[0m?[0;34m   SecurityFilterAutoConfiguration#securityFilterChainRegistration matched:
?[0m?[0;34m      - @ConditionalOnBean (names: springSecurityFilterChain; SearchStrategy: all) found bean 'springSecurityFilterChain' (OnBeanCondition)
?[0m?[0;34m
?[0m?[0;34m   SecurityRequestMatchersManagementContextConfiguration matched:
?[0m?[0;34m      - @ConditionalOnClass found required class 'org.springframework.security.web.util.matcher.RequestMatcher' (OnClassCondition)
?[0m?[0;34m      - found 'session' scope (OnWebApplicationCondition)
?[0m?[0;34m
?[0m?[0;34m   SecurityRequestMatchersManagementContextConfiguration.MvcRequestMatcherConfiguration matched:
?[0m?[0;34m      - @ConditionalOnClass found required class 'org.springframework.web.servlet.DispatcherServlet' (OnClassCondition)
?[0m?[0;34m      - @ConditionalOnBean (types: org.springframework.boot.autoconfigure.web.servlet.DispatcherServletPath; SearchStrategy: all) found bean 'dispatcherServletRegistration' (OnBeanCondition)
?[0m?[0;34m
?[0m?[0;34m   SecurityRequestMatchersManagementContextConfiguration.MvcRequestMatcherConfiguration#requestMatcherProvider matched:
?[0m?[0;34m      - @ConditionalOnClass found required class 'org.springframework.web.servlet.DispatcherServlet' (OnClassCondition)
?[0m?[0;34m      - @ConditionalOnMissingBean (types: org.springframework.boot.autoconfigure.security.servlet.RequestMatcherProvider; SearchStrategy: all) did not find any beans (OnBeanCondition)
?[0m?[0;34m
?[0m?[0;34m   ServletEndpointManagementContextConfiguration matched:
?[0m?[0;34m      - found 'session' scope (OnWebApplicationCondition)
?[0m?[0;34m
?[0m?[0;34m   ServletEndpointManagementContextConfiguration.WebMvcServletEndpointManagementContextConfiguration matched:
?[0m?[0;34m      - @ConditionalOnClass found required class 'org.springframework.web.servlet.DispatcherServlet' (OnClassCondition)
?[0m?[0;34m
?[0m?[0;34m   ServletManagementContextAutoConfiguration matched:
?[0m?[0;34m      - @ConditionalOnClass found required class 'jakarta.servlet.Servlet' (OnClassCondition)
?[0m?[0;34m      - found 'session' scope (OnWebApplicationCondition)
?[0m?[0;34m
?[0m?[0;34m   ServletWebServerFactoryAutoConfiguration matched:
?[0m?[0;34m      - @ConditionalOnClass found required class 'jakarta.servlet.ServletRequest' (OnClassCondition)
?[0m?[0;34m      - found 'session' scope (OnWebApplicationCondition)
?[0m?[0;34m
?[0m?[0;34m   ServletWebServerFactoryAutoConfiguration#tomcatServletWebServerFactoryCustomizer matched:
?[0m?[0;34m      - @ConditionalOnClass found required class 'org.apache.catalina.startup.Tomcat' (OnClassCondition)
?[0m?[0;34m
?[0m?[0;34m   ServletWebServerFactoryConfiguration.EmbeddedTomcat matched:
?[0m?[0;34m      - @ConditionalOnClass found required classes 'jakarta.servlet.Servlet', 'org.apache.catalina.startup.Tomcat', 'org.apache.coyote.UpgradeProtocol' (OnClassCondition)
?[0m?[0;34m      - @ConditionalOnMissingBean (types: org.springframework.boot.web.servlet.server.ServletWebServerFactory; SearchStrategy: current) did not find any beans (OnBeanCondition)
?[0m?[0;34m
?[0m?[0;34m   ShutdownEndpointAutoConfiguration matched:
?[0m?[0;34m      - @ConditionalOnAvailableEndpoint marked as exposed by a 'management.endpoints.web.exposure' property (OnAvailableEndpointCondition)
?[0m?[0;34m
?[0m?[0;34m   ShutdownEndpointAutoConfiguration#shutdownEndpoint matched:
?[0m?[0;34m      - @ConditionalOnMissingBean (types: org.springframework.boot.actuate.context.ShutdownEndpoint; SearchStrategy: all) did not find any beans (OnBeanCondition)
?[0m?[0;34m
?[0m?[0;34m   SimpleCacheConfiguration matched:
?[0m?[0;34m      - Cache org.springframework.boot.autoconfigure.cache.SimpleCacheConfiguration automatic cache type (CacheCondition)
?[0m?[0;34m
?[0m?[0;34m   SimpleMetricsExportAutoConfiguration matched:
?[0m?[0;34m      - @ConditionalOnEnabledMetricsExport management.defaults.metrics.export.enabled is considered true (OnMetricsExportEnabledCondition)
?[0m?[0;34m      - @ConditionalOnBean (types: io.micrometer.core.instrument.Clock; SearchStrategy: all) found bean 'micrometerClock'; @ConditionalOnMissingBean (types: io.micrometer.core.instrument.MeterRegistry; SearchStrategy: all) did not find any beans (OnBeanCondition)
?[0m?[0;34m
?[0m?[0;34m   SimpleMetricsExportAutoConfiguration#simpleConfig matched:
?[0m?[0;34m      - @ConditionalOnMissingBean (types: io.micrometer.core.instrument.simple.SimpleConfig; SearchStrategy: all) did not find any beans (OnBeanCondition)
?[0m?[0;34m
?[0m?[0;34m   SpringBootWebSecurityConfiguration matched:
?[0m?[0;34m      - found 'session' scope (OnWebApplicationCondition)
?[0m?[0;34m
?[0m?[0;34m   SpringDataWebAutoConfiguration matched:
?[0m?[0;34m      - @ConditionalOnClass found required classes 'org.springframework.data.web.PageableHandlerMethodArgumentResolver', 'org.springframework.web.servlet.config.annotation.WebMvcConfigurer' (OnClassCondition)
?[0m?[0;34m      - found 'session' scope (OnWebApplicationCondition)
?[0m?[0;34m      - @ConditionalOnMissingBean (types: org.springframework.data.web.PageableHandlerMethodArgumentResolver; SearchStrategy: all) did not find any beans (OnBeanCondition)
?[0m?[0;34m
?[0m?[0;34m   SpringDataWebAutoConfiguration#pageableCustomizer matched:
?[0m?[0;34m      - @ConditionalOnMissingBean (types: org.springframework.data.web.config.PageableHandlerMethodArgumentResolverCustomizer; SearchStrategy: all) did not find any beans (OnBeanCondition)
?[0m?[0;34m
?[0m?[0;34m   SpringDataWebAutoConfiguration#sortCustomizer matched:
?[0m?[0;34m      - @ConditionalOnMissingBean (types: org.springframework.data.web.config.SortHandlerMethodArgumentResolverCustomizer; SearchStrategy: all) did not find any beans (OnBeanCondition)
?[0m?[0;34m
?[0m?[0;34m   SqlInitializationAutoConfiguration matched:
?[0m?[0;34m      - @ConditionalOnProperty (spring.sql.init.enabled) matched (OnPropertyCondition)
?[0m?[0;34m      - NoneNestedConditions 0 matched 1 did not; NestedCondition on SqlInitializationAutoConfiguration.SqlInitializationModeCondition.ModeIsNever @ConditionalOnProperty (spring.sql.init.mode=never) did not find property 'mode' (SqlInitializationAutoConfiguration.SqlInitializationModeCondition)
?[0m?[0;34m
?[0m?[0;34m   StartupTimeMetricsListenerAutoConfiguration matched:
?[0m?[0;34m      - @ConditionalOnClass found required class 'io.micrometer.core.instrument.MeterRegistry' (OnClassCondition)
?[0m?[0;34m      - @ConditionalOnBean (types: io.micrometer.core.instrument.MeterRegistry; SearchStrategy: all) found bean 'simpleMeterRegistry' (OnBeanCondition)
?[0m?[0;34m
?[0m?[0;34m   StartupTimeMetricsListenerAutoConfiguration#startupTimeMetrics matched:
?[0m?[0;34m      - @ConditionalOnMissingBean (types: org.springframework.boot.actuate.metrics.startup.StartupTimeMetricsListener; SearchStrategy: all) did not find any beans (OnBeanCondition)
?[0m?[0;34m
?[0m?[0;34m   SystemMetricsAutoConfiguration matched:
?[0m?[0;34m      - @ConditionalOnClass found required class 'io.micrometer.core.instrument.MeterRegistry' (OnClassCondition)
?[0m?[0;34m      - @ConditionalOnBean (types: io.micrometer.core.instrument.MeterRegistry; SearchStrategy: all) found bean 'simpleMeterRegistry' (OnBeanCondition)
?[0m?[0;34m
?[0m?[0;34m   SystemMetricsAutoConfiguration#diskSpaceMetrics matched:
?[0m?[0;34m      - @ConditionalOnMissingBean (types: org.springframework.boot.actuate.metrics.system.DiskSpaceMetricsBinder; SearchStrategy: all) did not find any beans (OnBeanCondition)
?[0m?[0;34m
?[0m?[0;34m   SystemMetricsAutoConfiguration#fileDescriptorMetrics matched:
?[0m?[0;34m      - @ConditionalOnMissingBean (types: io.micrometer.core.instrument.binder.system.FileDescriptorMetrics; SearchStrategy: all) did not find any beans (OnBeanCondition)
?[0m?[0;34m
?[0m?[0;34m   SystemMetricsAutoConfiguration#processorMetrics matched:
?[0m?[0;34m      - @ConditionalOnMissingBean (types: io.micrometer.core.instrument.binder.system.ProcessorMetrics; SearchStrategy: all) did not find any beans (OnBeanCondition)
?[0m?[0;34m
?[0m?[0;34m   SystemMetricsAutoConfiguration#uptimeMetrics matched:
?[0m?[0;34m      - @ConditionalOnMissingBean (types: io.micrometer.core.instrument.binder.system.UptimeMetrics; SearchStrategy: all) did not find any beans (OnBeanCondition)
?[0m?[0;34m
?[0m?[0;34m   TaskExecutionAutoConfiguration matched:
?[0m?[0;34m      - @ConditionalOnClass found required class 'org.springframework.scheduling.concurrent.ThreadPoolTaskExecutor' (OnClassCondition)
?[0m?[0;34m
?[0m?[0;34m   TaskExecutionAutoConfiguration#applicationTaskExecutor matched:
?[0m?[0;34m      - @ConditionalOnMissingBean (types: java.util.concurrent.Executor; SearchStrategy: all) did not find any beans (OnBeanCondition)
?[0m?[0;34m
?[0m?[0;34m   TaskExecutionAutoConfiguration#taskExecutorBuilder matched:
?[0m?[0;34m      - @ConditionalOnMissingBean (types: org.springframework.boot.task.TaskExecutorBuilder; SearchStrategy: all) did not find any beans (OnBeanCondition)
?[0m?[0;34m
?[0m?[0;34m   TaskExecutorMetricsAutoConfiguration matched:
?[0m?[0;34m      - @ConditionalOnClass found required class 'io.micrometer.core.instrument.binder.jvm.ExecutorServiceMetrics' (OnClassCondition)
?[0m?[0;34m      - @ConditionalOnBean (types: java.util.concurrent.Executor,io.micrometer.core.instrument.MeterRegistry; SearchStrategy: all) found beans 'applicationTaskExecutor', 'simpleMeterRegistry' (OnBeanCondition)
?[0m?[0;34m
?[0m?[0;34m   TaskSchedulingAutoConfiguration matched:
?[0m?[0;34m      - @ConditionalOnClass found required class 'org.springframework.scheduling.concurrent.ThreadPoolTaskScheduler' (OnClassCondition)
?[0m?[0;34m
?[0m?[0;34m   TaskSchedulingAutoConfiguration#taskSchedulerBuilder matched:
?[0m?[0;34m      - @ConditionalOnMissingBean (types: org.springframework.boot.task.TaskSchedulerBuilder; SearchStrategy: all) did not find any beans (OnBeanCondition)
?[0m?[0;34m
?[0m?[0;34m   ThreadDumpEndpointAutoConfiguration matched:
?[0m?[0;34m      - @ConditionalOnAvailableEndpoint marked as exposed by a 'management.endpoints.web.exposure' property (OnAvailableEndpointCondition)
?[0m?[0;34m
?[0m?[0;34m   ThreadDumpEndpointAutoConfiguration#dumpEndpoint matched:
?[0m?[0;34m      - @ConditionalOnMissingBean (types: org.springframework.boot.actuate.management.ThreadDumpEndpoint; SearchStrategy: all) did not find any beans (OnBeanCondition)
?[0m?[0;34m
?[0m?[0;34m   TomcatMetricsAutoConfiguration matched:
?[0m?[0;34m      - @ConditionalOnClass found required classes 'io.micrometer.core.instrument.binder.tomcat.TomcatMetrics', 'org.apache.catalina.Manager' (OnClassCondition)
?[0m?[0;34m      - @ConditionalOnWebApplication (required) found 'session' scope (OnWebApplicationCondition)
?[0m?[0;34m
?[0m?[0;34m   TomcatMetricsAutoConfiguration#tomcatMetricsBinder matched:
?[0m?[0;34m      - @ConditionalOnBean (types: io.micrometer.core.instrument.MeterRegistry; SearchStrategy: all) found bean 'simpleMeterRegistry'; @ConditionalOnMissingBean (types: io.micrometer.core.instrument.binder.tomcat.TomcatMetrics,org.springframework.boot.actuate.metrics.web.tomcat.TomcatMetricsBinder; SearchStrategy: all) did not find any beans (OnBeanCondition)
?[0m?[0;34m
?[0m?[0;34m   TransactionAutoConfiguration matched:
?[0m?[0;34m      - @ConditionalOnClass found required class 'org.springframework.transaction.PlatformTransactionManager' (OnClassCondition)
?[0m?[0;34m
?[0m?[0;34m   TransactionAutoConfiguration#platformTransactionManagerCustomizers matched:
?[0m?[0;34m      - @ConditionalOnMissingBean (types: org.springframework.boot.autoconfigure.transaction.TransactionManagerCustomizers; SearchStrategy: all) did not find any beans (OnBeanCondition)
?[0m?[0;34m
?[0m?[0;34m   TransactionAutoConfiguration.EnableTransactionManagementConfiguration matched:
?[0m?[0;34m      - @ConditionalOnBean (types: org.springframework.transaction.TransactionManager; SearchStrategy: all) found bean 'transactionManager'; @ConditionalOnMissingBean (types: org.springframework.transaction.annotation.AbstractTransactionManagementConfiguration; SearchStrategy: all) did not find any beans (OnBeanCondition)
?[0m?[0;34m
?[0m?[0;34m   TransactionAutoConfiguration.EnableTransactionManagementConfiguration.CglibAutoProxyConfiguration matched:
?[0m?[0;34m      - @ConditionalOnProperty (spring.aop.proxy-target-class=true) matched (OnPropertyCondition)
?[0m?[0;34m
?[0m?[0;34m   TransactionAutoConfiguration.TransactionTemplateConfiguration matched:
?[0m?[0;34m      - @ConditionalOnSingleCandidate (types: org.springframework.transaction.PlatformTransactionManager; SearchStrategy: all) found a single bean 'transactionManager' (OnBeanCondition)
?[0m?[0;34m
?[0m?[0;34m   TransactionAutoConfiguration.TransactionTemplateConfiguration#transactionTemplate matched:
?[0m?[0;34m      - @ConditionalOnMissingBean (types: org.springframework.transaction.support.TransactionOperations; SearchStrategy: all) did not find any beans (OnBeanCondition)
?[0m?[0;34m
?[0m?[0;34m   WebEndpointAutoConfiguration matched:
?[0m?[0;34m      - @ConditionalOnWebApplication (required) found 'session' scope (OnWebApplicationCondition)
?[0m?[0;34m
?[0m?[0;34m   WebEndpointAutoConfiguration#controllerEndpointDiscoverer matched:
?[0m?[0;34m      - @ConditionalOnMissingBean (types: org.springframework.boot.actuate.endpoint.web.annotation.ControllerEndpointsSupplier; SearchStrategy: all) did not find any beans (OnBeanCondition)
?[0m?[0;34m
?[0m?[0;34m   WebEndpointAutoConfiguration#endpointMediaTypes matched:
?[0m?[0;34m      - @ConditionalOnMissingBean (types: org.springframework.boot.actuate.endpoint.web.EndpointMediaTypes; SearchStrategy: all) did not find any beans (OnBeanCondition)
?[0m?[0;34m
?[0m?[0;34m   WebEndpointAutoConfiguration#pathMappedEndpoints matched:
?[0m?[0;34m      - @ConditionalOnMissingBean (types: org.springframework.boot.actuate.endpoint.web.PathMappedEndpoints; SearchStrategy: all) did not find any beans (OnBeanCondition)
?[0m?[0;34m
?[0m?[0;34m   WebEndpointAutoConfiguration#webEndpointDiscoverer matched:
?[0m?[0;34m      - @ConditionalOnMissingBean (types: org.springframework.boot.actuate.endpoint.web.WebEndpointsSupplier; SearchStrategy: all) did not find any beans (OnBeanCondition)
?[0m?[0;34m
?[0m?[0;34m   WebEndpointAutoConfiguration.WebEndpointServletConfiguration matched:
?[0m?[0;34m      - found 'session' scope (OnWebApplicationCondition)
?[0m?[0;34m
?[0m?[0;34m   WebEndpointAutoConfiguration.WebEndpointServletConfiguration#servletEndpointDiscoverer matched:
?[0m?[0;34m      - @ConditionalOnMissingBean (types: org.springframework.boot.actuate.endpoint.web.annotation.ServletEndpointsSupplier; SearchStrategy: all) did not find any beans (OnBeanCondition)
?[0m?[0;34m
?[0m?[0;34m   WebMvcAutoConfiguration matched:
?[0m?[0;34m      - @ConditionalOnClass found required classes 'jakarta.servlet.Servlet', 'org.springframework.web.servlet.DispatcherServlet', 'org.springframework.web.servlet.config.annotation.WebMvcConfigurer' (OnClassCondition)
?[0m?[0;34m      - found 'session' scope (OnWebApplicationCondition)
?[0m?[0;34m      - @ConditionalOnMissingBean (types: org.springframework.web.servlet.config.annotation.WebMvcConfigurationSupport; SearchStrategy: all) did not find any beans (OnBeanCondition)
?[0m?[0;34m
?[0m?[0;34m   WebMvcAutoConfiguration#formContentFilter matched:
?[0m?[0;34m      - @ConditionalOnProperty (spring.mvc.formcontent.filter.enabled) matched (OnPropertyCondition)
?[0m?[0;34m      - @ConditionalOnMissingBean (types: org.springframework.web.filter.FormContentFilter; SearchStrategy: all) did not find any beans (OnBeanCondition)
?[0m?[0;34m
?[0m?[0;34m   WebMvcAutoConfiguration.EnableWebMvcConfiguration#flashMapManager matched:
?[0m?[0;34m      - @ConditionalOnMissingBean (names: flashMapManager; SearchStrategy: all) did not find any beans (OnBeanCondition)
?[0m?[0;34m
?[0m?[0;34m   WebMvcAutoConfiguration.EnableWebMvcConfiguration#localeResolver matched:
?[0m?[0;34m      - @ConditionalOnMissingBean (names: localeResolver; SearchStrategy: all) did not find any beans (OnBeanCondition)
?[0m?[0;34m
?[0m?[0;34m   WebMvcAutoConfiguration.EnableWebMvcConfiguration#themeResolver matched:
?[0m?[0;34m      - @ConditionalOnMissingBean (names: themeResolver; SearchStrategy: all) did not find any beans (OnBeanCondition)
?[0m?[0;34m
?[0m?[0;34m   WebMvcAutoConfiguration.WebMvcAutoConfigurationAdapter#defaultViewResolver matched:
?[0m?[0;34m      - @ConditionalOnMissingBean (types: org.springframework.web.servlet.view.InternalResourceViewResolver; SearchStrategy: all) did not find any beans (OnBeanCondition)
?[0m?[0;34m
?[0m?[0;34m   WebMvcAutoConfiguration.WebMvcAutoConfigurationAdapter#requestContextFilter matched:
?[0m?[0;34m      - @ConditionalOnMissingBean (types: org.springframework.web.context.request.RequestContextListener,org.springframework.web.filter.RequestContextFilter; SearchStrategy: all) did not find any beans (OnBeanCondition)
?[0m?[0;34m
?[0m?[0;34m   WebMvcAutoConfiguration.WebMvcAutoConfigurationAdapter#viewResolver matched:
?[0m?[0;34m      - @ConditionalOnBean (types: org.springframework.web.servlet.ViewResolver; SearchStrategy: all) found beans 'defaultViewResolver', 'beanNameViewResolver', 'mvcViewResolver'; @ConditionalOnMissingBean (names: viewResolver types: org.springframework.web.servlet.view.ContentNegotiatingViewResolver; SearchStrategy: all) did not find any beans (OnBeanCondition)
?[0m?[0;34m
?[0m?[0;34m   WebMvcEndpointManagementContextConfiguration matched:
?[0m?[0;34m      - @ConditionalOnClass found required class 'org.springframework.web.servlet.DispatcherServlet' (OnClassCondition)
?[0m?[0;34m      - found 'session' scope (OnWebApplicationCondition)
?[0m?[0;34m      - @ConditionalOnBean (types: org.springframework.web.servlet.DispatcherServlet,org.springframework.boot.actuate.endpoint.web.WebEndpointsSupplier; SearchStrategy: all) found beans 'webEndpointDiscoverer', 'dispatcherServlet' (OnBeanCondition)
?[0m?[0;34m
?[0m?[0;34m   WebMvcEndpointManagementContextConfiguration#controllerEndpointHandlerMapping matched:
?[0m?[0;34m      - @ConditionalOnMissingBean (types: org.springframework.boot.actuate.endpoint.web.servlet.ControllerEndpointHandlerMapping; SearchStrategy: all) did not find any beans (OnBeanCondition)
?[0m?[0;34m
?[0m?[0;34m   WebMvcEndpointManagementContextConfiguration#endpointObjectMapperWebMvcConfigurer matched:
?[0m?[0;34m      - @ConditionalOnBean (types: org.springframework.boot.actuate.endpoint.jackson.EndpointObjectMapper; SearchStrategy: all) found bean 'endpointObjectMapper' (OnBeanCondition)
?[0m?[0;34m
?[0m?[0;34m   WebMvcEndpointManagementContextConfiguration#webEndpointServletHandlerMapping matched:
?[0m?[0;34m      - @ConditionalOnMissingBean (types: org.springframework.boot.actuate.endpoint.web.servlet.WebMvcEndpointHandlerMapping; SearchStrategy: all) did not find any beans (OnBeanCondition)
?[0m?[0;34m
?[0m?[0;34m   WebMvcObservationAutoConfiguration matched:
?[0m?[0;34m      - @ConditionalOnClass found required classes 'org.springframework.web.servlet.DispatcherServlet', 'io.micrometer.observation.Observation' (OnClassCondition)
?[0m?[0;34m      - found 'session' scope (OnWebApplicationCondition)
?[0m?[0;34m      - @ConditionalOnBean (types: io.micrometer.observation.ObservationRegistry; SearchStrategy: all) found bean 'observationRegistry' (OnBeanCondition)
?[0m?[0;34m
?[0m?[0;34m   WebMvcObservationAutoConfiguration#webMvcObservationFilter matched:
?[0m?[0;34m      - @ConditionalOnMissingBean (types: org.springframework.web.filter.ServerHttpObservationFilter; SearchStrategy: all) did not find any beans (OnBeanCondition)
?[0m?[0;34m
?[0m?[0;34m   WebMvcObservationAutoConfiguration.MeterFilterConfiguration matched:
?[0m?[0;34m      - @ConditionalOnClass found required class 'io.micrometer.core.instrument.MeterRegistry' (OnClassCondition)
?[0m?[0;34m      - @ConditionalOnBean (types: io.micrometer.core.instrument.MeterRegistry; SearchStrategy: all) found bean 'simpleMeterRegistry' (OnBeanCondition)
?[0m?[0;34m
?[0m?[0;34m   WebSocketServletAutoConfiguration matched:
?[0m?[0;34m      - @ConditionalOnClass found required classes 'jakarta.servlet.Servlet', 'jakarta.websocket.server.ServerContainer' (OnClassCondition)
?[0m?[0;34m      - found 'session' scope (OnWebApplicationCondition)
?[0m?[0;34m
?[0m?[0;34m   WebSocketServletAutoConfiguration.TomcatWebSocketConfiguration matched:
?[0m?[0;34m      - @ConditionalOnClass found required classes 'org.apache.catalina.startup.Tomcat', 'org.apache.tomcat.websocket.server.WsSci' (OnClassCondition)
?[0m?[0;34m
?[0m?[0;34m   WebSocketServletAutoConfiguration.TomcatWebSocketConfiguration#websocketServletWebServerCustomizer matched:
?[0m?[0;34m      - @ConditionalOnMissingBean (names: websocketServletWebServerCustomizer; SearchStrategy: all) did not find any beans (OnBeanCondition)
?[0m?[0;34m
?[0m?[0;34m
?[0m?[0;34mNegative matches:
?[0m?[0;34m-----------------
?[0m?[0;34m
?[0m?[0;34m   AopAutoConfiguration.AspectJAutoProxyingConfiguration.JdkDynamicAutoProxyConfiguration:
?[0m?[0;34m      Did not match:
?[0m?[0;34m         - @ConditionalOnProperty (spring.aop.proxy-target-class=false) did not find property 'proxy-target-class' (OnPropertyCondition)
?[0m?[0;34m
?[0m?[0;34m   AopAutoConfiguration.ClassProxyingConfiguration:
?[0m?[0;34m      Did not match:
?[0m?[0;34m         - @ConditionalOnMissingClass found unwanted class 'org.aspectj.weaver.Advice' (OnClassCondition)
?[0m?[0;34m
?[0m?[0;34m   AppOpticsMetricsExportAutoConfiguration:
?[0m?[0;34m      Did not match:
?[0m?[0;34m         - @ConditionalOnClass did not find required class 'io.micrometer.appoptics.AppOpticsMeterRegistry' (OnClassCondition)
?[0m?[0;34m
?[0m?[0;34m   ArtemisAutoConfiguration:
?[0m?[0;34m      Did not match:
?[0m?[0;34m         - @ConditionalOnClass did not find required class 'jakarta.jms.ConnectionFactory' (OnClassCondition)
?[0m?[0;34m
?[0m?[0;34m   AtlasMetricsExportAutoConfiguration:
?[0m?[0;34m      Did not match:
?[0m?[0;34m         - @ConditionalOnClass did not find required class 'io.micrometer.atlas.AtlasMeterRegistry' (OnClassCondition)
?[0m?[0;34m
?[0m?[0;34m   AuditAutoConfiguration:
?[0m?[0;34m      Did not match:
?[0m?[0;34m         - @ConditionalOnBean (types: org.springframework.boot.actuate.audit.AuditEventRepository; SearchStrategy: all) did not find any beans of type org.springframework.boot.actuate.audit.AuditEventRepository (OnBeanCondition)
?[0m?[0;34m      Matched:
?[0m?[0;34m         - @ConditionalOnProperty (management.auditevents.enabled) matched (OnPropertyCondition)
?[0m?[0;34m
?[0m?[0;34m   AuditEventsEndpointAutoConfiguration#auditEventsEndpoint:
?[0m?[0;34m      Did not match:
?[0m?[0;34m         - @ConditionalOnBean (types: org.springframework.boot.actuate.audit.AuditEventRepository; SearchStrategy: all) did not find any beans of type org.springframework.boot.actuate.audit.AuditEventRepository (OnBeanCondition)
?[0m?[0;34m
?[0m?[0;34m   AvailabilityHealthContributorAutoConfiguration#livenessStateHealthIndicator:
?[0m?[0;34m      Did not match:
?[0m?[0;34m         - @ConditionalOnProperty (management.health.livenessstate.enabled=true) did not find property 'enabled' (OnPropertyCondition)
?[0m?[0;34m
?[0m?[0;34m   AvailabilityHealthContributorAutoConfiguration#readinessStateHealthIndicator:
?[0m?[0;34m      Did not match:
?[0m?[0;34m         - @ConditionalOnProperty (management.health.readinessstate.enabled=true) did not find property 'enabled' (OnPropertyCondition)
?[0m?[0;34m
?[0m?[0;34m   AvailabilityProbesAutoConfiguration:
?[0m?[0;34m      Did not match:
?[0m?[0;34m         - Probes availability not running on a supported cloud platform (AvailabilityProbesAutoConfiguration.ProbesCondition)
?[0m?[0;34m
?[0m?[0;34m   BatchAutoConfiguration:
?[0m?[0;34m      Did not match:
?[0m?[0;34m         - @ConditionalOnClass did not find required class 'org.springframework.batch.core.launch.JobLauncher' (OnClassCondition)
?[0m?[0;34m
?[0m?[0;34m   BraveAutoConfiguration:
?[0m?[0;34m      Did not match:
?[0m?[0;34m         - @ConditionalOnClass did not find required class 'brave.Tracer' (OnClassCondition)
?[0m?[0;34m
?[0m?[0;34m   Cache2kCacheConfiguration:
?[0m?[0;34m      Did not match:
?[0m?[0;34m         - @ConditionalOnClass did not find required class 'org.cache2k.Cache2kBuilder' (OnClassCondition)
?[0m?[0;34m
?[0m?[0;34m   CacheAutoConfiguration:
?[0m?[0;34m      Did not match:
?[0m?[0;34m         - @ConditionalOnBean (types: org.springframework.cache.interceptor.CacheAspectSupport; SearchStrategy: all) did not find any beans of type org.springframework.cache.interceptor.CacheAspectSupport (OnBeanCondition)
?[0m?[0;34m      Matched:
?[0m?[0;34m         - @ConditionalOnClass found required class 'org.springframework.cache.CacheManager' (OnClassCondition)
?[0m?[0;34m
?[0m?[0;34m   CacheAutoConfiguration.CacheManagerEntityManagerFactoryDependsOnPostProcessor:
?[0m?[0;34m      Did not match:
?[0m?[0;34m         - Ancestor org.springframework.boot.autoconfigure.cache.CacheAutoConfiguration did not match (ConditionEvaluationReport.AncestorsMatchedCondition)
?[0m?[0;34m      Matched:
?[0m?[0;34m         - @ConditionalOnClass found required class 'org.springframework.orm.jpa.LocalContainerEntityManagerFactoryBean' (OnClassCondition)
?[0m?[0;34m
?[0m?[0;34m   CacheMeterBinderProvidersConfiguration.Cache2kCacheMeterBinderProviderConfiguration:
?[0m?[0;34m      Did not match:
?[0m?[0;34m         - @ConditionalOnClass did not find required classes 'org.cache2k.Cache2kBuilder', 'org.cache2k.extra.spring.SpringCache2kCache', 'org.cache2k.extra.micrometer.Cache2kCacheMetrics' (OnClassCondition)
?[0m?[0;34m
?[0m?[0;34m   CacheMeterBinderProvidersConfiguration.CaffeineCacheMeterBinderProviderConfiguration:
?[0m?[0;34m      Did not match:
?[0m?[0;34m         - @ConditionalOnClass did not find required classes 'org.springframework.cache.caffeine.CaffeineCache', 'com.github.benmanes.caffeine.cache.Cache' (OnClassCondition)
?[0m?[0;34m
?[0m?[0;34m   CacheMeterBinderProvidersConfiguration.HazelcastCacheMeterBinderProviderConfiguration:
?[0m?[0;34m      Did not match:
?[0m?[0;34m         - @ConditionalOnClass did not find required classes 'com.hazelcast.spring.cache.HazelcastCache', 'com.hazelcast.core.Hazelcast' (OnClassCondition)
?[0m?[0;34m
?[0m?[0;34m   CacheMeterBinderProvidersConfiguration.JCacheCacheMeterBinderProviderConfiguration:
?[0m?[0;34m      Did not match:
?[0m?[0;34m         - @ConditionalOnClass did not find required classes 'org.springframework.cache.jcache.JCacheCache', 'javax.cache.CacheManager' (OnClassCondition)
?[0m?[0;34m
?[0m?[0;34m   CacheMeterBinderProvidersConfiguration.RedisCacheMeterBinderProviderConfiguration:
?[0m?[0;34m      Did not match:
?[0m?[0;34m         - @ConditionalOnClass did not find required class 'org.springframework.data.redis.cache.RedisCache' (OnClassCondition)
?[0m?[0;34m
?[0m?[0;34m   CacheMetricsAutoConfiguration:
?[0m?[0;34m      Did not match:
?[0m?[0;34m         - @ConditionalOnBean (types: org.springframework.cache.CacheManager; SearchStrategy: all) did not find any beans of type org.springframework.cache.CacheManager (OnBeanCondition)
?[0m?[0;34m
?[0m?[0;34m   CaffeineCacheConfiguration:
?[0m?[0;34m      Did not match:
?[0m?[0;34m         - @ConditionalOnClass did not find required class 'com.github.benmanes.caffeine.cache.Caffeine' (OnClassCondition)
?[0m?[0;34m
?[0m?[0;34m   CassandraAutoConfiguration:
?[0m?[0;34m      Did not match:
?[0m?[0;34m         - @ConditionalOnClass did not find required class 'com.datastax.oss.driver.api.core.CqlSession' (OnClassCondition)
?[0m?[0;34m
?[0m?[0;34m   CassandraDataAutoConfiguration:
?[0m?[0;34m      Did not match:
?[0m?[0;34m         - @ConditionalOnClass did not find required class 'com.datastax.oss.driver.api.core.CqlSession' (OnClassCondition)
?[0m?[0;34m
?[0m?[0;34m   CassandraHealthContributorAutoConfiguration:
?[0m?[0;34m      Did not match:
?[0m?[0;34m         - @ConditionalOnClass did not find required class 'com.datastax.oss.driver.api.core.CqlSession' (OnClassCondition)
?[0m?[0;34m
?[0m?[0;34m   CassandraReactiveDataAutoConfiguration:
?[0m?[0;34m      Did not match:
?[0m?[0;34m         - @ConditionalOnClass did not find required class 'com.datastax.oss.driver.api.core.CqlSession' (OnClassCondition)
?[0m?[0;34m
?[0m?[0;34m   CassandraReactiveHealthContributorAutoConfiguration:
?[0m?[0;34m      Did not match:
?[0m?[0;34m         - @ConditionalOnClass did not find required class 'com.datastax.oss.driver.api.core.CqlSession' (OnClassCondition)
?[0m?[0;34m
?[0m?[0;34m   CassandraReactiveRepositoriesAutoConfiguration:
?[0m?[0;34m      Did not match:
?[0m?[0;34m         - @ConditionalOnClass did not find required class 'org.springframework.data.cassandra.ReactiveSession' (OnClassCondition)
?[0m?[0;34m
?[0m?[0;34m   CassandraRepositoriesAutoConfiguration:
?[0m?[0;34m      Did not match:
?[0m?[0;34m         - @ConditionalOnClass did not find required class 'com.datastax.oss.driver.api.core.CqlSession' (OnClassCondition)
?[0m?[0;34m
?[0m?[0;34m   ClientHttpConnectorAutoConfiguration:
?[0m?[0;34m      Did not match:
?[0m?[0;34m         - @ConditionalOnClass did not find required class 'org.springframework.web.reactive.function.client.WebClient' (OnClassCondition)
?[0m?[0;34m
?[0m?[0;34m   CloudFoundryActuatorAutoConfiguration:
?[0m?[0;34m      Did not match:
?[0m?[0;34m         - @ConditionalOnCloudPlatform did not find CLOUD_FOUNDRY (OnCloudPlatformCondition)
?[0m?[0;34m      Matched:
?[0m?[0;34m         - @ConditionalOnClass found required class 'org.springframework.web.servlet.DispatcherServlet' (OnClassCondition)
?[0m?[0;34m         - found 'session' scope (OnWebApplicationCondition)
?[0m?[0;34m         - @ConditionalOnProperty (management.cloudfoundry.enabled) matched (OnPropertyCondition)
?[0m?[0;34m
?[0m?[0;34m   CodecsAutoConfiguration:
?[0m?[0;34m      Did not match:
?[0m?[0;34m         - @ConditionalOnClass did not find required class 'org.springframework.web.reactive.function.client.WebClient' (OnClassCondition)
?[0m?[0;34m
?[0m?[0;34m   CompositeMeterRegistryConfiguration:
?[0m?[0;34m      Did not match:
?[0m?[0;34m         - NoneNestedConditions 1 matched 1 did not; NestedCondition on CompositeMeterRegistryConfiguration.MultipleNonPrimaryMeterRegistriesCondition.SingleInjectableMeterRegistry @ConditionalOnSingleCandidate (types: io.micrometer.core.instrument.MeterRegistry; SearchStrategy: all) found a single bean 'simpleMeterRegistry'; NestedCondition on CompositeMeterRegistryConfiguration.MultipleNonPrimaryMeterRegistriesCondition.NoMeterRegistryCondition @ConditionalOnMissingBean (types: io.micrometer.core.instrument.MeterRegistry; SearchStrategy: all) found beans of type 'io.micrometer.core.instrument.MeterRegistry' simpleMeterRegistry (CompositeMeterRegistryConfiguration.MultipleNonPrimaryMeterRegistriesCondition)
?[0m?[0;34m
?[0m?[0;34m   ConnectionFactoryHealthContributorAutoConfiguration:
?[0m?[0;34m      Did not match:
?[0m?[0;34m         - @ConditionalOnClass did not find required class 'io.r2dbc.spi.ConnectionFactory' (OnClassCondition)
?[0m?[0;34m
?[0m?[0;34m   ConnectionPoolMetricsAutoConfiguration:
?[0m?[0;34m      Did not match:
?[0m?[0;34m         - @ConditionalOnClass did not find required class 'io.r2dbc.pool.ConnectionPool' (OnClassCondition)
?[0m?[0;34m
?[0m?[0;34m   CouchbaseAutoConfiguration:
?[0m?[0;34m      Did not match:
?[0m?[0;34m         - @ConditionalOnClass did not find required class 'com.couchbase.client.java.Cluster' (OnClassCondition)
?[0m?[0;34m
?[0m?[0;34m   CouchbaseCacheConfiguration:
?[0m?[0;34m      Did not match:
?[0m?[0;34m         - @ConditionalOnClass did not find required class 'com.couchbase.client.java.Cluster' (OnClassCondition)
?[0m?[0;34m
?[0m?[0;34m   CouchbaseDataAutoConfiguration:
?[0m?[0;34m      Did not match:
?[0m?[0;34m         - @ConditionalOnClass did not find required class 'com.couchbase.client.java.Bucket' (OnClassCondition)
?[0m?[0;34m
?[0m?[0;34m   CouchbaseHealthContributorAutoConfiguration:
?[0m?[0;34m      Did not match:
?[0m?[0;34m         - @ConditionalOnClass did not find required class 'com.couchbase.client.java.Cluster' (OnClassCondition)
?[0m?[0;34m
?[0m?[0;34m   CouchbaseReactiveDataAutoConfiguration:
?[0m?[0;34m      Did not match:
?[0m?[0;34m         - @ConditionalOnClass did not find required class 'com.couchbase.client.java.Cluster' (OnClassCondition)
?[0m?[0;34m
?[0m?[0;34m   CouchbaseReactiveHealthContributorAutoConfiguration:
?[0m?[0;34m      Did not match:
?[0m?[0;34m         - @ConditionalOnClass did not find required class 'com.couchbase.client.java.Cluster' (OnClassCondition)
?[0m?[0;34m
?[0m?[0;34m   CouchbaseReactiveRepositoriesAutoConfiguration:
?[0m?[0;34m      Did not match:
?[0m?[0;34m         - @ConditionalOnClass did not find required class 'com.couchbase.client.java.Cluster' (OnClassCondition)
?[0m?[0;34m
?[0m?[0;34m   CouchbaseRepositoriesAutoConfiguration:
?[0m?[0;34m      Did not match:
?[0m?[0;34m         - @ConditionalOnClass did not find required class 'com.couchbase.client.java.Bucket' (OnClassCondition)
?[0m?[0;34m
?[0m?[0;34m   DataSourceAutoConfiguration.EmbeddedDatabaseConfiguration:
?[0m?[0;34m      Did not match:
?[0m?[0;34m         - EmbeddedDataSource spring.datasource.url is set (DataSourceAutoConfiguration.EmbeddedDatabaseCondition)
?[0m?[0;34m
?[0m?[0;34m   DataSourceConfiguration.Dbcp2:
?[0m?[0;34m      Did not match:
?[0m?[0;34m         - @ConditionalOnClass did not find required class 'org.apache.commons.dbcp2.BasicDataSource' (OnClassCondition)
?[0m?[0;34m
?[0m?[0;34m   DataSourceConfiguration.Generic:
?[0m?[0;34m      Did not match:
?[0m?[0;34m         - @ConditionalOnProperty (spring.datasource.type) did not find property 'spring.datasource.type' (OnPropertyCondition)
?[0m?[0;34m
?[0m?[0;34m   DataSourceConfiguration.OracleUcp:
?[0m?[0;34m      Did not match:
?[0m?[0;34m         - @ConditionalOnClass did not find required classes 'oracle.ucp.jdbc.PoolDataSourceImpl', 'oracle.jdbc.OracleConnection' (OnClassCondition)
?[0m?[0;34m
?[0m?[0;34m   DataSourceConfiguration.Tomcat:
?[0m?[0;34m      Did not match:
?[0m?[0;34m         - @ConditionalOnClass did not find required class 'org.apache.tomcat.jdbc.pool.DataSource' (OnClassCondition)
?[0m?[0;34m
?[0m?[0;34m   DataSourceJmxConfiguration.TomcatDataSourceJmxConfiguration:
?[0m?[0;34m      Did not match:
?[0m?[0;34m         - @ConditionalOnClass did not find required class 'org.apache.tomcat.jdbc.pool.DataSourceProxy' (OnClassCondition)
?[0m?[0;34m
?[0m?[0;34m   DataSourcePoolMetadataProvidersConfiguration.CommonsDbcp2PoolDataSourceMetadataProviderConfiguration:
?[0m?[0;34m      Did not match:
?[0m?[0;34m         - @ConditionalOnClass did not find required class 'org.apache.commons.dbcp2.BasicDataSource' (OnClassCondition)
?[0m?[0;34m
?[0m?[0;34m   DataSourcePoolMetadataProvidersConfiguration.OracleUcpPoolDataSourceMetadataProviderConfiguration:
?[0m?[0;34m      Did not match:
?[0m?[0;34m         - @ConditionalOnClass did not find required classes 'oracle.ucp.jdbc.PoolDataSource', 'oracle.jdbc.OracleConnection' (OnClassCondition)
?[0m?[0;34m
?[0m?[0;34m   DataSourcePoolMetadataProvidersConfiguration.TomcatDataSourcePoolMetadataProviderConfiguration:
?[0m?[0;34m      Did not match:
?[0m?[0;34m         - @ConditionalOnClass did not find required class 'org.apache.tomcat.jdbc.pool.DataSource' (OnClassCondition)
?[0m?[0;34m
?[0m?[0;34m   DataSourceTransactionManagerAutoConfiguration.JdbcTransactionManagerConfiguration#transactionManager:
?[0m?[0;34m      Did not match:
?[0m?[0;34m         - @ConditionalOnMissingBean (types: org.springframework.transaction.TransactionManager; SearchStrategy: all) found beans of type 'org.springframework.transaction.TransactionManager' transactionManager (OnBeanCondition)
?[0m?[0;34m
?[0m?[0;34m   DatadogMetricsExportAutoConfiguration:
?[0m?[0;34m      Did not match:
?[0m?[0;34m         - @ConditionalOnClass did not find required class 'io.micrometer.datadog.DatadogMeterRegistry' (OnClassCondition)
?[0m?[0;34m
?[0m?[0;34m   DispatcherServletAutoConfiguration.DispatcherServletConfiguration#multipartResolver:
?[0m?[0;34m      Did not match:
?[0m?[0;34m         - @ConditionalOnBean (types: org.springframework.web.multipart.MultipartResolver; SearchStrategy: all) did not find any beans of type org.springframework.web.multipart.MultipartResolver (OnBeanCondition)
?[0m?[0;34m
?[0m?[0;34m   DynatraceMetricsExportAutoConfiguration:
?[0m?[0;34m      Did not match:
?[0m?[0;34m         - @ConditionalOnClass did not find required class 'io.micrometer.dynatrace.DynatraceMeterRegistry' (OnClassCondition)
?[0m?[0;34m
?[0m?[0;34m   ElasticMetricsExportAutoConfiguration:
?[0m?[0;34m      Did not match:
?[0m?[0;34m         - @ConditionalOnClass did not find required class 'io.micrometer.elastic.ElasticMeterRegistry' (OnClassCondition)
?[0m?[0;34m
?[0m?[0;34m   ElasticsearchClientAutoConfiguration:
?[0m?[0;34m      Did not match:
?[0m?[0;34m         - @ConditionalOnClass did not find required class 'co.elastic.clients.elasticsearch.ElasticsearchClient' (OnClassCondition)
?[0m?[0;34m
?[0m?[0;34m   ElasticsearchDataAutoConfiguration:
?[0m?[0;34m      Did not match:
?[0m?[0;34m         - @ConditionalOnClass did not find required class 'org.springframework.data.elasticsearch.client.elc.ElasticsearchTemplate' (OnClassCondition)
?[0m?[0;34m
?[0m?[0;34m   ElasticsearchReactiveHealthContributorAutoConfiguration:
?[0m?[0;34m      Did not match:
?[0m?[0;34m         - @ConditionalOnClass did not find required class 'reactor.core.publisher.Flux' (OnClassCondition)
?[0m?[0;34m
?[0m?[0;34m   ElasticsearchRepositoriesAutoConfiguration:
?[0m?[0;34m      Did not match:
?[0m?[0;34m         - @ConditionalOnClass did not find required class 'org.springframework.data.elasticsearch.repository.ElasticsearchRepository' (OnClassCondition)
?[0m?[0;34m
?[0m?[0;34m   ElasticsearchRestClientAutoConfiguration:
?[0m?[0;34m      Did not match:
?[0m?[0;34m         - @ConditionalOnClass did not find required class 'org.elasticsearch.client.RestClientBuilder' (OnClassCondition)
?[0m?[0;34m
?[0m?[0;34m   ElasticsearchRestHealthContributorAutoConfiguration:
?[0m?[0;34m      Did not match:
?[0m?[0;34m         - @ConditionalOnClass did not find required class 'org.elasticsearch.client.RestClient' (OnClassCondition)
?[0m?[0;34m
?[0m?[0;34m   EmbeddedLdapAutoConfiguration:
?[0m?[0;34m      Did not match:
?[0m?[0;34m         - @ConditionalOnClass did not find required class 'com.unboundid.ldap.listener.InMemoryDirectoryServer' (OnClassCondition)
?[0m?[0;34m
?[0m?[0;34m   EmbeddedWebServerFactoryCustomizerAutoConfiguration.JettyWebServerFactoryCustomizerConfiguration:
?[0m?[0;34m      Did not match:
?[0m?[0;34m         - @ConditionalOnClass did not find required classes 'org.eclipse.jetty.server.Server', 'org.eclipse.jetty.util.Loader', 'org.eclipse.jetty.webapp.WebAppContext' (OnClassCondition)
?[0m?[0;34m
?[0m?[0;34m   EmbeddedWebServerFactoryCustomizerAutoConfiguration.NettyWebServerFactoryCustomizerConfiguration:
?[0m?[0;34m      Did not match:
?[0m?[0;34m         - @ConditionalOnClass did not find required class 'reactor.netty.http.server.HttpServer' (OnClassCondition)
?[0m?[0;34m
?[0m?[0;34m   EmbeddedWebServerFactoryCustomizerAutoConfiguration.UndertowWebServerFactoryCustomizerConfiguration:
?[0m?[0;34m      Did not match:
?[0m?[0;34m         - @ConditionalOnClass did not find required classes 'io.undertow.Undertow', 'org.xnio.SslClientAuthMode' (OnClassCondition)
?[0m?[0;34m
?[0m?[0;34m   ErrorWebFluxAutoConfiguration:
?[0m?[0;34m      Did not match:
?[0m?[0;34m         - @ConditionalOnClass did not find required class 'org.springframework.web.reactive.config.WebFluxConfigurer' (OnClassCondition)
?[0m?[0;34m
?[0m?[0;34m   FlywayAutoConfiguration:
?[0m?[0;34m      Did not match:
?[0m?[0;34m         - @ConditionalOnClass did not find required class 'org.flywaydb.core.Flyway' (OnClassCondition)
?[0m?[0;34m
?[0m?[0;34m   FlywayEndpointAutoConfiguration:
?[0m?[0;34m      Did not match:
?[0m?[0;34m         - @ConditionalOnClass did not find required class 'org.flywaydb.core.Flyway' (OnClassCondition)
?[0m?[0;34m
?[0m?[0;34m   FreeMarkerAutoConfiguration:
?[0m?[0;34m      Did not match:
?[0m?[0;34m         - @ConditionalOnClass did not find required class 'freemarker.template.Configuration' (OnClassCondition)
?[0m?[0;34m
?[0m?[0;34m   GangliaMetricsExportAutoConfiguration:
?[0m?[0;34m      Did not match:
?[0m?[0;34m         - @ConditionalOnClass did not find required class 'io.micrometer.ganglia.GangliaMeterRegistry' (OnClassCondition)
?[0m?[0;34m
?[0m?[0;34m   GraphQlAutoConfiguration:
?[0m?[0;34m      Did not match:
?[0m?[0;34m         - @ConditionalOnClass did not find required class 'graphql.GraphQL' (OnClassCondition)
?[0m?[0;34m
?[0m?[0;34m   GraphQlObservationAutoConfiguration:
?[0m?[0;34m      Did not match:
?[0m?[0;34m         - @ConditionalOnClass did not find required class 'graphql.GraphQL' (OnClassCondition)
?[0m?[0;34m
?[0m?[0;34m   GraphQlQueryByExampleAutoConfiguration:
?[0m?[0;34m      Did not match:
?[0m?[0;34m         - @ConditionalOnClass did not find required class 'graphql.GraphQL' (OnClassCondition)
?[0m?[0;34m
?[0m?[0;34m   GraphQlQuerydslAutoConfiguration:
?[0m?[0;34m      Did not match:
?[0m?[0;34m         - @ConditionalOnClass did not find required class 'graphql.GraphQL' (OnClassCondition)
?[0m?[0;34m
?[0m?[0;34m   GraphQlRSocketAutoConfiguration:
?[0m?[0;34m      Did not match:
?[0m?[0;34m         - @ConditionalOnClass did not find required class 'graphql.GraphQL' (OnClassCondition)
?[0m?[0;34m
?[0m?[0;34m   GraphQlReactiveQueryByExampleAutoConfiguration:
?[0m?[0;34m      Did not match:
?[0m?[0;34m         - @ConditionalOnClass did not find required class 'graphql.GraphQL' (OnClassCondition)
?[0m?[0;34m
?[0m?[0;34m   GraphQlReactiveQuerydslAutoConfiguration:
?[0m?[0;34m      Did not match:
?[0m?[0;34m         - @ConditionalOnClass did not find required class 'graphql.GraphQL' (OnClassCondition)
?[0m?[0;34m
?[0m?[0;34m   GraphQlWebFluxAutoConfiguration:
?[0m?[0;34m      Did not match:
?[0m?[0;34m         - @ConditionalOnClass did not find required class 'graphql.GraphQL' (OnClassCondition)
?[0m?[0;34m
?[0m?[0;34m   GraphQlWebFluxSecurityAutoConfiguration:
?[0m?[0;34m      Did not match:
?[0m?[0;34m         - @ConditionalOnClass did not find required class 'graphql.GraphQL' (OnClassCondition)
?[0m?[0;34m
?[0m?[0;34m   GraphQlWebMvcAutoConfiguration:
?[0m?[0;34m      Did not match:
?[0m?[0;34m         - @ConditionalOnClass did not find required class 'graphql.GraphQL' (OnClassCondition)
?[0m?[0;34m
?[0m?[0;34m   GraphQlWebMvcSecurityAutoConfiguration:
?[0m?[0;34m      Did not match:
?[0m?[0;34m         - @ConditionalOnClass did not find required class 'graphql.GraphQL' (OnClassCondition)
?[0m?[0;34m
?[0m?[0;34m   GraphiteMetricsExportAutoConfiguration:
?[0m?[0;34m      Did not match:
?[0m?[0;34m         - @ConditionalOnClass did not find required class 'io.micrometer.graphite.GraphiteMeterRegistry' (OnClassCondition)
?[0m?[0;34m
?[0m?[0;34m   GroovyTemplateAutoConfiguration:
?[0m?[0;34m      Did not match:
?[0m?[0;34m         - @ConditionalOnClass did not find required class 'groovy.text.markup.MarkupTemplateEngine' (OnClassCondition)
?[0m?[0;34m
?[0m?[0;34m   GsonHttpMessageConvertersConfiguration.GsonHttpMessageConverterConfiguration:
?[0m?[0;34m      Did not match:
?[0m?[0;34m         - AnyNestedCondition 0 matched 2 did not; NestedCondition on GsonHttpMessageConvertersConfiguration.PreferGsonOrJacksonAndJsonbUnavailableCondition.JacksonJsonbUnavailable NoneNestedConditions 1 matched 1 did not; NestedCondition on GsonHttpMessageConvertersConfiguration.JacksonAndJsonbUnavailableCondition.JsonbPreferred @ConditionalOnProperty (spring.mvc.converters.preferred-json-mapper=jsonb) did not find property 'spring.mvc.converters.preferred-json-mapper'; NestedCondition on GsonHttpMessageConvertersConfiguration.JacksonAndJsonbUnavailableCondition.JacksonAvailable @ConditionalOnBean (types: org.springframework.http.converter.json.MappingJackson2HttpMessageConverter; SearchStrategy: all) found bean 'mappingJackson2HttpMessageConverter'; NestedCondition on GsonHttpMessageConvertersConfiguration.PreferGsonOrJacksonAndJsonbUnavailableCondition.GsonPreferred @ConditionalOnProperty (spring.mvc.converters.preferred-json-mapper=gson) did not find property 'spring.mvc.converters.preferred-json-mapper' (GsonHttpMessageConvertersConfiguration.PreferGsonOrJacksonAndJsonbUnavailableCondition)
?[0m?[0;34m
?[0m?[0;34m   HazelcastAutoConfiguration:
?[0m?[0;34m      Did not match:
?[0m?[0;34m         - @ConditionalOnClass did not find required class 'com.hazelcast.core.HazelcastInstance' (OnClassCondition)
?[0m?[0;34m
?[0m?[0;34m   HazelcastCacheConfiguration:
?[0m?[0;34m      Did not match:
?[0m?[0;34m         - @ConditionalOnClass did not find required class 'com.hazelcast.core.HazelcastInstance' (OnClassCondition)
?[0m?[0;34m
?[0m?[0;34m   HazelcastHealthContributorAutoConfiguration:
?[0m?[0;34m      Did not match:
?[0m?[0;34m         - @ConditionalOnClass did not find required class 'com.hazelcast.core.HazelcastInstance' (OnClassCondition)
?[0m?[0;34m
?[0m?[0;34m   HazelcastJpaDependencyAutoConfiguration:
?[0m?[0;34m      Did not match:
?[0m?[0;34m         - @ConditionalOnClass did not find required class 'com.hazelcast.core.HazelcastInstance' (OnClassCondition)
?[0m?[0;34m
?[0m?[0;34m   HealthEndpointReactiveWebExtensionConfiguration:
?[0m?[0;34m      Did not match:
?[0m?[0;34m         - did not find reactive web application classes (OnWebApplicationCondition)
?[0m?[0;34m
?[0m?[0;34m   HealthEndpointWebExtensionConfiguration.JerseyAdditionalHealthEndpointPathsConfiguration:
?[0m?[0;34m      Did not match:
?[0m?[0;34m         - @ConditionalOnClass did not find required class 'org.glassfish.jersey.server.ResourceConfig' (OnClassCondition)
?[0m?[0;34m
?[0m?[0;34m   HibernateMetricsAutoConfiguration:
?[0m?[0;34m      Did not match:
?[0m?[0;34m         - @ConditionalOnClass did not find required class 'org.hibernate.stat.HibernateMetrics' (OnClassCondition)
?[0m?[0;34m
?[0m?[0;34m   HttpExchangesAutoConfiguration:
?[0m?[0;34m      Did not match:
?[0m?[0;34m         - @ConditionalOnBean (types: org.springframework.boot.actuate.web.exchanges.HttpExchangeRepository; SearchStrategy: all) did not find any beans of type org.springframework.boot.actuate.web.exchanges.HttpExchangeRepository (OnBeanCondition)
?[0m?[0;34m      Matched:
?[0m?[0;34m         - @ConditionalOnWebApplication (required) found 'session' scope (OnWebApplicationCondition)
?[0m?[0;34m         - @ConditionalOnProperty (management.httpexchanges.recording.enabled) matched (OnPropertyCondition)
?[0m?[0;34m
?[0m?[0;34m   HttpExchangesAutoConfiguration.ReactiveHttpExchangesConfiguration:
?[0m?[0;34m      Did not match:
?[0m?[0;34m         - did not find reactive web application classes (OnWebApplicationCondition)
?[0m?[0;34m         - Ancestor org.springframework.boot.actuate.autoconfigure.web.exchanges.HttpExchangesAutoConfiguration did not match (ConditionEvaluationReport.AncestorsMatchedCondition)
?[0m?[0;34m
?[0m?[0;34m   HttpExchangesAutoConfiguration.ServletHttpExchangesConfiguration:
?[0m?[0;34m      Did not match:
?[0m?[0;34m         - Ancestor org.springframework.boot.actuate.autoconfigure.web.exchanges.HttpExchangesAutoConfiguration did not match (ConditionEvaluationReport.AncestorsMatchedCondition)
?[0m?[0;34m      Matched:
?[0m?[0;34m         - found 'session' scope (OnWebApplicationCondition)
?[0m?[0;34m
?[0m?[0;34m   HttpExchangesEndpointAutoConfiguration#httpExchangesEndpoint:
?[0m?[0;34m      Did not match:
?[0m?[0;34m         - @ConditionalOnBean (types: org.springframework.boot.actuate.web.exchanges.HttpExchangeRepository; SearchStrategy: all) did not find any beans of type org.springframework.boot.actuate.web.exchanges.HttpExchangeRepository (OnBeanCondition)
?[0m?[0;34m
?[0m?[0;34m   HttpHandlerAutoConfiguration:
?[0m?[0;34m      Did not match:
?[0m?[0;34m         - @ConditionalOnClass did not find required class 'org.springframework.web.reactive.DispatcherHandler' (OnClassCondition)
?[0m?[0;34m
?[0m?[0;34m   HumioMetricsExportAutoConfiguration:
?[0m?[0;34m      Did not match:
?[0m?[0;34m         - @ConditionalOnClass did not find required class 'io.micrometer.humio.HumioMeterRegistry' (OnClassCondition)
?[0m?[0;34m
?[0m?[0;34m   HypermediaAutoConfiguration:
?[0m?[0;34m      Did not match:
?[0m?[0;34m         - @ConditionalOnClass did not find required class 'org.springframework.hateoas.EntityModel' (OnClassCondition)
?[0m?[0;34m
?[0m?[0;34m   InfinispanCacheConfiguration:
?[0m?[0;34m      Did not match:
?[0m?[0;34m         - @ConditionalOnClass did not find required class 'org.infinispan.spring.embedded.provider.SpringEmbeddedCacheManager' (OnClassCondition)
?[0m?[0;34m
?[0m?[0;34m   InfluxDbAutoConfiguration:
?[0m?[0;34m      Did not match:
?[0m?[0;34m         - @ConditionalOnClass did not find required class 'org.influxdb.InfluxDB' (OnClassCondition)
?[0m?[0;34m
?[0m?[0;34m   InfluxDbHealthContributorAutoConfiguration:
?[0m?[0;34m      Did not match:
?[0m?[0;34m         - @ConditionalOnClass did not find required class 'org.influxdb.InfluxDB' (OnClassCondition)
?[0m?[0;34m
?[0m?[0;34m   InfluxMetricsExportAutoConfiguration:
?[0m?[0;34m      Did not match:
?[0m?[0;34m         - @ConditionalOnClass did not find required class 'io.micrometer.influx.InfluxMeterRegistry' (OnClassCondition)
?[0m?[0;34m
?[0m?[0;34m   InfoContributorAutoConfiguration#buildInfoContributor:
?[0m?[0;34m      Did not match:
?[0m?[0;34m         - @ConditionalOnSingleCandidate (types: org.springframework.boot.info.BuildProperties; SearchStrategy: all) did not find any beans (OnBeanCondition)
?[0m?[0;34m      Matched:
?[0m?[0;34m         - @ConditionalOnEnabledInfoContributor management.info.defaults.enabled is considered true (OnEnabledInfoContributorCondition)
?[0m?[0;34m
?[0m?[0;34m   InfoContributorAutoConfiguration#envInfoContributor:
?[0m?[0;34m      Did not match:
?[0m?[0;34m         - @ConditionalOnEnabledInfoContributor management.info.env.enabled is not true (OnEnabledInfoContributorCondition)
?[0m?[0;34m
?[0m?[0;34m   InfoContributorAutoConfiguration#gitInfoContributor:
?[0m?[0;34m      Did not match:
?[0m?[0;34m         - @ConditionalOnSingleCandidate (types: org.springframework.boot.info.GitProperties; SearchStrategy: all) did not find any beans (OnBeanCondition)
?[0m?[0;34m      Matched:
?[0m?[0;34m         - @ConditionalOnEnabledInfoContributor management.info.defaults.enabled is considered true (OnEnabledInfoContributorCondition)
?[0m?[0;34m
?[0m?[0;34m   InfoContributorAutoConfiguration#javaInfoContributor:
?[0m?[0;34m      Did not match:
?[0m?[0;34m         - @ConditionalOnEnabledInfoContributor management.info.java.enabled is not true (OnEnabledInfoContributorCondition)
?[0m?[0;34m
?[0m?[0;34m   InfoContributorAutoConfiguration#osInfoContributor:
?[0m?[0;34m      Did not match:
?[0m?[0;34m         - @ConditionalOnEnabledInfoContributor management.info.os.enabled is not true (OnEnabledInfoContributorCondition)
?[0m?[0;34m
?[0m?[0;34m   IntegrationAutoConfiguration:
?[0m?[0;34m      Did not match:
?[0m?[0;34m         - @ConditionalOnClass did not find required class 'org.springframework.integration.config.EnableIntegration' (OnClassCondition)
?[0m?[0;34m
?[0m?[0;34m   IntegrationGraphEndpointAutoConfiguration:
?[0m?[0;34m      Did not match:
?[0m?[0;34m         - @ConditionalOnClass did not find required class 'org.springframework.integration.graph.IntegrationGraphServer' (OnClassCondition)
?[0m?[0;34m
?[0m?[0;34m   JCacheCacheConfiguration:
?[0m?[0;34m      Did not match:
?[0m?[0;34m         - @ConditionalOnClass did not find required class 'javax.cache.Caching' (OnClassCondition)
?[0m?[0;34m
?[0m?[0;34m   JacksonHttpMessageConvertersConfiguration.MappingJackson2XmlHttpMessageConverterConfiguration:
?[0m?[0;34m      Did not match:
?[0m?[0;34m         - @ConditionalOnClass did not find required class 'com.fasterxml.jackson.dataformat.xml.XmlMapper' (OnClassCondition)
?[0m?[0;34m
?[0m?[0;34m   JdbcRepositoriesAutoConfiguration:
?[0m?[0;34m      Did not match:
?[0m?[0;34m         - @ConditionalOnClass did not find required class 'org.springframework.data.jdbc.repository.config.AbstractJdbcConfiguration' (OnClassCondition)
?[0m?[0;34m
?[0m?[0;34m   JerseyAutoConfiguration:
?[0m?[0;34m      Did not match:
?[0m?[0;34m         - @ConditionalOnClass did not find required class 'org.glassfish.jersey.server.spring.SpringComponentProvider' (OnClassCondition)
?[0m?[0;34m
?[0m?[0;34m   JerseySameManagementContextConfiguration:
?[0m?[0;34m      Did not match:
?[0m?[0;34m         - @ConditionalOnClass did not find required class 'org.glassfish.jersey.server.ResourceConfig' (OnClassCondition)
?[0m?[0;34m
?[0m?[0;34m   JerseyServerMetricsAutoConfiguration:
?[0m?[0;34m      Did not match:
?[0m?[0;34m         - @ConditionalOnClass did not find required class 'io.micrometer.core.instrument.binder.jersey.server.MetricsApplicationEventListener' (OnClassCondition)
?[0m?[0;34m
?[0m?[0;34m   JerseyWebEndpointManagementContextConfiguration:
?[0m?[0;34m      Did not match:
?[0m?[0;34m         - @ConditionalOnClass did not find required class 'org.glassfish.jersey.server.ResourceConfig' (OnClassCondition)
?[0m?[0;34m
?[0m?[0;34m   JettyMetricsAutoConfiguration:
?[0m?[0;34m      Did not match:
?[0m?[0;34m         - @ConditionalOnClass did not find required class 'org.eclipse.jetty.server.Server' (OnClassCondition)
?[0m?[0;34m
?[0m?[0;34m   JmsAutoConfiguration:
?[0m?[0;34m      Did not match:
?[0m?[0;34m         - @ConditionalOnClass did not find required class 'jakarta.jms.Message' (OnClassCondition)
?[0m?[0;34m
?[0m?[0;34m   JmsHealthContributorAutoConfiguration:
?[0m?[0;34m      Did not match:
?[0m?[0;34m         - @ConditionalOnClass did not find required class 'jakarta.jms.ConnectionFactory' (OnClassCondition)
?[0m?[0;34m
?[0m?[0;34m   JmxAutoConfiguration:
?[0m?[0;34m      Did not match:
?[0m?[0;34m         - @ConditionalOnProperty (spring.jmx.enabled=true) did not find property 'enabled' (OnPropertyCondition)
?[0m?[0;34m      Matched:
?[0m?[0;34m         - @ConditionalOnClass found required class 'org.springframework.jmx.export.MBeanExporter' (OnClassCondition)
?[0m?[0;34m
?[0m?[0;34m   JmxEndpointAutoConfiguration:
?[0m?[0;34m      Did not match:
?[0m?[0;34m         - @ConditionalOnProperty (spring.jmx.enabled=true) did not find property 'enabled' (OnPropertyCondition)
?[0m?[0;34m
?[0m?[0;34m   JmxMetricsExportAutoConfiguration:
?[0m?[0;34m      Did not match:
?[0m?[0;34m         - @ConditionalOnClass did not find required class 'io.micrometer.jmx.JmxMeterRegistry' (OnClassCondition)
?[0m?[0;34m
?[0m?[0;34m   JndiConnectionFactoryAutoConfiguration:
?[0m?[0;34m      Did not match:
?[0m?[0;34m         - @ConditionalOnClass did not find required class 'org.springframework.jms.core.JmsTemplate' (OnClassCondition)
?[0m?[0;34m
?[0m?[0;34m   JndiDataSourceAutoConfiguration:
?[0m?[0;34m      Did not match:
?[0m?[0;34m         - @ConditionalOnProperty (spring.datasource.jndi-name) did not find property 'jndi-name' (OnPropertyCondition)
?[0m?[0;34m      Matched:
?[0m?[0;34m         - @ConditionalOnClass found required classes 'javax.sql.DataSource', 'org.springframework.jdbc.datasource.embedded.EmbeddedDatabaseType' (OnClassCondition)
?[0m?[0;34m
?[0m?[0;34m   JndiJtaConfiguration:
?[0m?[0;34m      Did not match:
?[0m?[0;34m         - @ConditionalOnJndi JNDI environment is not available (OnJndiCondition)
?[0m?[0;34m      Matched:
?[0m?[0;34m         - @ConditionalOnClass found required class 'org.springframework.transaction.jta.JtaTransactionManager' (OnClassCondition)
?[0m?[0;34m
?[0m?[0;34m   JooqAutoConfiguration:
?[0m?[0;34m      Did not match:
?[0m?[0;34m         - @ConditionalOnClass did not find required class 'org.jooq.DSLContext' (OnClassCondition)
?[0m?[0;34m
?[0m?[0;34m   JpaRepositoriesAutoConfiguration#entityManagerFactoryBootstrapExecutorCustomizer:
?[0m?[0;34m      Did not match:
?[0m?[0;34m         - AnyNestedCondition 0 matched 2 did not; NestedCondition on JpaRepositoriesAutoConfiguration.BootstrapExecutorCondition.LazyBootstrapMode @ConditionalOnProperty (spring.data.jpa.repositories.bootstrap-mode=lazy) did not find property 'bootstrap-mode'; NestedCondition on JpaRepositoriesAutoConfiguration.BootstrapExecutorCondition.DeferredBootstrapMode @ConditionalOnProperty (spring.data.jpa.repositories.bootstrap-mode=deferred) did not find property 'bootstrap-mode' (JpaRepositoriesAutoConfiguration.BootstrapExecutorCondition)
?[0m?[0;34m
?[0m?[0;34m   JsonbAutoConfiguration:
?[0m?[0;34m      Did not match:
?[0m?[0;34m         - @ConditionalOnClass did not find required class 'jakarta.json.bind.Jsonb' (OnClassCondition)
?[0m?[0;34m
?[0m?[0;34m   JsonbHttpMessageConvertersConfiguration:
?[0m?[0;34m      Did not match:
?[0m?[0;34m         - @ConditionalOnClass did not find required class 'jakarta.json.bind.Jsonb' (OnClassCondition)
?[0m?[0;34m
?[0m?[0;34m   KafkaAutoConfiguration:
?[0m?[0;34m      Did not match:
?[0m?[0;34m         - @ConditionalOnClass did not find required class 'org.springframework.kafka.core.KafkaTemplate' (OnClassCondition)
?[0m?[0;34m
?[0m?[0;34m   KafkaMetricsAutoConfiguration:
?[0m?[0;34m      Did not match:
?[0m?[0;34m         - @ConditionalOnClass did not find required class 'org.springframework.kafka.core.ProducerFactory' (OnClassCondition)
?[0m?[0;34m
?[0m?[0;34m   KairosMetricsExportAutoConfiguration:
?[0m?[0;34m      Did not match:
?[0m?[0;34m         - @ConditionalOnClass did not find required class 'io.micrometer.kairos.KairosMeterRegistry' (OnClassCondition)
?[0m?[0;34m
?[0m?[0;34m   LdapAutoConfiguration:
?[0m?[0;34m      Did not match:
?[0m?[0;34m         - @ConditionalOnClass did not find required class 'org.springframework.ldap.core.ContextSource' (OnClassCondition)
?[0m?[0;34m
?[0m?[0;34m   LdapHealthContributorAutoConfiguration:
?[0m?[0;34m      Did not match:
?[0m?[0;34m         - @ConditionalOnClass did not find required class 'org.springframework.ldap.core.LdapOperations' (OnClassCondition)
?[0m?[0;34m
?[0m?[0;34m   LdapRepositoriesAutoConfiguration:
?[0m?[0;34m      Did not match:
?[0m?[0;34m         - @ConditionalOnClass did not find required class 'org.springframework.data.ldap.repository.LdapRepository' (OnClassCondition)
?[0m?[0;34m
?[0m?[0;34m   LettuceMetricsAutoConfiguration:
?[0m?[0;34m      Did not match:
?[0m?[0;34m         - @ConditionalOnClass did not find required class 'io.lettuce.core.metrics.MicrometerCommandLatencyRecorder' (OnClassCondition)
?[0m?[0;34m
?[0m?[0;34m   LiquibaseAutoConfiguration:
?[0m?[0;34m      Did not match:
?[0m?[0;34m         - @ConditionalOnClass did not find required class 'liquibase.change.DatabaseChange' (OnClassCondition)
?[0m?[0;34m
?[0m?[0;34m   LiquibaseEndpointAutoConfiguration:
?[0m?[0;34m      Did not match:
?[0m?[0;34m         - @ConditionalOnClass did not find required class 'liquibase.integration.spring.SpringLiquibase' (OnClassCondition)
?[0m?[0;34m
?[0m?[0;34m   Log4J2MetricsAutoConfiguration:
?[0m?[0;34m      Did not match:
?[0m?[0;34m         - @ConditionalOnClass did not find required class 'org.apache.logging.log4j.core.LoggerContext' (OnClassCondition)
?[0m?[0;34m
?[0m?[0;34m   LogFileWebEndpointAutoConfiguration#logFileWebEndpoint:
?[0m?[0;34m      Did not match:
?[0m?[0;34m         - Log File did not find logging file (LogFileWebEndpointAutoConfiguration.LogFileCondition)
?[0m?[0;34m
?[0m?[0;34m   MailHealthContributorAutoConfiguration:
?[0m?[0;34m      Did not match:
?[0m?[0;34m         - @ConditionalOnClass did not find required class 'org.springframework.mail.javamail.JavaMailSenderImpl' (OnClassCondition)
?[0m?[0;34m
?[0m?[0;34m   MailSenderAutoConfiguration:
?[0m?[0;34m      Did not match:
?[0m?[0;34m         - @ConditionalOnClass did not find required class 'jakarta.mail.internet.MimeMessage' (OnClassCondition)
?[0m?[0;34m
?[0m?[0;34m   MailSenderValidatorAutoConfiguration:
?[0m?[0;34m      Did not match:
?[0m?[0;34m         - @ConditionalOnSingleCandidate did not find required type 'org.springframework.mail.javamail.JavaMailSenderImpl' (OnBeanCondition)
?[0m?[0;34m
?[0m?[0;34m   ManagementContextAutoConfiguration.DifferentManagementContextConfiguration:
?[0m?[0;34m      Did not match:
?[0m?[0;34m         - Management Port actual port type (SAME) did not match required type (DIFFERENT) (OnManagementPortCondition)
?[0m?[0;34m
?[0m?[0;34m   ManagementWebSecurityAutoConfiguration:
?[0m?[0;34m      Did not match:
?[0m?[0;34m         - AllNestedConditions 1 matched 1 did not; NestedCondition on DefaultWebSecurityCondition.Beans @ConditionalOnMissingBean (types: org.springframework.security.web.SecurityFilterChain; SearchStrategy: all) found beans of type 'org.springframework.security.web.SecurityFilterChain' securityFilterChain; NestedCondition on DefaultWebSecurityCondition.Classes @ConditionalOnClass found required classes 'org.springframework.security.web.SecurityFilterChain', 'org.springframework.security.config.annotation.web.builders.HttpSecurity' (DefaultWebSecurityCondition)
?[0m?[0;34m      Matched:
?[0m?[0;34m         - found 'session' scope (OnWebApplicationCondition)
?[0m?[0;34m
?[0m?[0;34m   MappingsEndpointAutoConfiguration.ReactiveWebConfiguration:
?[0m?[0;34m      Did not match:
?[0m?[0;34m         - @ConditionalOnClass did not find required class 'org.springframework.web.reactive.DispatcherHandler' (OnClassCondition)
?[0m?[0;34m
?[0m?[0;34m   MessageSourceAutoConfiguration:
?[0m?[0;34m      Did not match:
?[0m?[0;34m         - ResourceBundle did not find bundle with basename messages (MessageSourceAutoConfiguration.ResourceBundleCondition)
?[0m?[0;34m
?[0m?[0;34m   MicrometerTracingAutoConfiguration:
?[0m?[0;34m      Did not match:
?[0m?[0;34m         - @ConditionalOnClass did not find required class 'io.micrometer.tracing.Tracer' (OnClassCondition)
?[0m?[0;34m
?[0m?[0;34m   MongoAutoConfiguration:
?[0m?[0;34m      Did not match:
?[0m?[0;34m         - @ConditionalOnClass did not find required class 'com.mongodb.client.MongoClient' (OnClassCondition)
?[0m?[0;34m
?[0m?[0;34m   MongoDataAutoConfiguration:
?[0m?[0;34m      Did not match:
?[0m?[0;34m         - @ConditionalOnClass did not find required class 'com.mongodb.client.MongoClient' (OnClassCondition)
?[0m?[0;34m
?[0m?[0;34m   MongoHealthContributorAutoConfiguration:
?[0m?[0;34m      Did not match:
?[0m?[0;34m         - @ConditionalOnClass did not find required class 'org.springframework.data.mongodb.core.MongoTemplate' (OnClassCondition)
?[0m?[0;34m
?[0m?[0;34m   MongoMetricsAutoConfiguration:
?[0m?[0;34m      Did not match:
?[0m?[0;34m         - @ConditionalOnClass did not find required class 'com.mongodb.MongoClientSettings' (OnClassCondition)
?[0m?[0;34m
?[0m?[0;34m   MongoReactiveAutoConfiguration:
?[0m?[0;34m      Did not match:
?[0m?[0;34m         - @ConditionalOnClass did not find required class 'com.mongodb.reactivestreams.client.MongoClient' (OnClassCondition)
?[0m?[0;34m
?[0m?[0;34m   MongoReactiveDataAutoConfiguration:
?[0m?[0;34m      Did not match:
?[0m?[0;34m         - @ConditionalOnClass did not find required class 'com.mongodb.reactivestreams.client.MongoClient' (OnClassCondition)
?[0m?[0;34m
?[0m?[0;34m   MongoReactiveHealthContributorAutoConfiguration:
?[0m?[0;34m      Did not match:
?[0m?[0;34m         - @ConditionalOnClass did not find required class 'reactor.core.publisher.Flux' (OnClassCondition)
?[0m?[0;34m
?[0m?[0;34m   MongoReactiveRepositoriesAutoConfiguration:
?[0m?[0;34m      Did not match:
?[0m?[0;34m         - @ConditionalOnClass did not find required class 'com.mongodb.reactivestreams.client.MongoClient' (OnClassCondition)
?[0m?[0;34m
?[0m?[0;34m   MongoRepositoriesAutoConfiguration:
?[0m?[0;34m      Did not match:
?[0m?[0;34m         - @ConditionalOnClass did not find required class 'com.mongodb.client.MongoClient' (OnClassCondition)
?[0m?[0;34m
?[0m?[0;34m   MustacheAutoConfiguration:
?[0m?[0;34m      Did not match:
?[0m?[0;34m         - @ConditionalOnClass did not find required class 'com.samskivert.mustache.Mustache' (OnClassCondition)
?[0m?[0;34m
?[0m?[0;34m   Neo4jAutoConfiguration:
?[0m?[0;34m      Did not match:
?[0m?[0;34m         - @ConditionalOnClass did not find required class 'org.neo4j.driver.Driver' (OnClassCondition)
?[0m?[0;34m
?[0m?[0;34m   Neo4jDataAutoConfiguration:
?[0m?[0;34m      Did not match:
?[0m?[0;34m         - @ConditionalOnClass did not find required class 'org.neo4j.driver.Driver' (OnClassCondition)
?[0m?[0;34m
?[0m?[0;34m   Neo4jHealthContributorAutoConfiguration:
?[0m?[0;34m      Did not match:
?[0m?[0;34m         - @ConditionalOnClass did not find required class 'org.neo4j.driver.Driver' (OnClassCondition)
?[0m?[0;34m
?[0m?[0;34m   Neo4jReactiveDataAutoConfiguration:
?[0m?[0;34m      Did not match:
?[0m?[0;34m         - @ConditionalOnClass did not find required class 'org.neo4j.driver.Driver' (OnClassCondition)
?[0m?[0;34m
?[0m?[0;34m   Neo4jReactiveRepositoriesAutoConfiguration:
?[0m?[0;34m      Did not match:
?[0m?[0;34m         - @ConditionalOnClass did not find required class 'org.neo4j.driver.Driver' (OnClassCondition)
?[0m?[0;34m
?[0m?[0;34m   Neo4jRepositoriesAutoConfiguration:
?[0m?[0;34m      Did not match:
?[0m?[0;34m         - @ConditionalOnClass did not find required class 'org.neo4j.driver.Driver' (OnClassCondition)
?[0m?[0;34m
?[0m?[0;34m   NettyAutoConfiguration:
?[0m?[0;34m      Did not match:
?[0m?[0;34m         - @ConditionalOnClass did not find required class 'io.netty.util.NettyRuntime' (OnClassCondition)
?[0m?[0;34m
?[0m?[0;34m   NewRelicMetricsExportAutoConfiguration:
?[0m?[0;34m      Did not match:
?[0m?[0;34m         - @ConditionalOnClass did not find required class 'io.micrometer.newrelic.NewRelicMeterRegistry' (OnClassCondition)
?[0m?[0;34m
?[0m?[0;34m   NoOpMeterRegistryConfiguration:
?[0m?[0;34m      Did not match:
?[0m?[0;34m         - @ConditionalOnMissingBean (types: io.micrometer.core.instrument.MeterRegistry; SearchStrategy: all) found beans of type 'io.micrometer.core.instrument.MeterRegistry' simpleMeterRegistry (OnBeanCondition)
?[0m?[0;34m
?[0m?[0;34m   OAuth2ClientAutoConfiguration:
?[0m?[0;34m      Did not match:
?[0m?[0;34m         - @ConditionalOnClass did not find required class 'org.springframework.security.oauth2.client.registration.ClientRegistration' (OnClassCondition)
?[0m?[0;34m
?[0m?[0;34m   OAuth2ResourceServerAutoConfiguration:
?[0m?[0;34m      Did not match:
?[0m?[0;34m         - @ConditionalOnClass did not find required class 'org.springframework.security.oauth2.server.resource.authentication.BearerTokenAuthenticationToken' (OnClassCondition)
?[0m?[0;34m
?[0m?[0;34m   ObservationAutoConfiguration.MeterObservationHandlerConfiguration.TracingAndMetricsObservationHandlerConfiguration:
?[0m?[0;34m      Did not match:
?[0m?[0;34m         - @ConditionalOnBean did not find required type 'io.micrometer.tracing.Tracer' (OnBeanCondition)
?[0m?[0;34m         - @ConditionalOnBean (types: io.micrometer.tracing.Tracer; SearchStrategy: all) did not find any beans of type io.micrometer.tracing.Tracer (OnBeanCondition)
?[0m?[0;34m
?[0m?[0;34m   ObservationAutoConfiguration.MetricsWithTracingConfiguration:
?[0m?[0;34m      Did not match:
?[0m?[0;34m         - @ConditionalOnClass did not find required class 'io.micrometer.tracing.Tracer' (OnClassCondition)
?[0m?[0;34m
?[0m?[0;34m   ObservationAutoConfiguration.OnlyTracingConfiguration:
?[0m?[0;34m      Did not match:
?[0m?[0;34m         - @ConditionalOnClass did not find required class 'io.micrometer.tracing.Tracer' (OnClassCondition)
?[0m?[0;34m
?[0m?[0;34m   OpenTelemetryAutoConfiguration:
?[0m?[0;34m      Did not match:
?[0m?[0;34m         - @ConditionalOnClass did not find required class 'io.micrometer.tracing.otel.bridge.OtelTracer' (OnClassCondition)
?[0m?[0;34m
?[0m?[0;34m   OtlpMetricsExportAutoConfiguration:
?[0m?[0;34m      Did not match:
?[0m?[0;34m         - @ConditionalOnClass did not find required class 'io.micrometer.registry.otlp.OtlpMeterRegistry' (OnClassCondition)
?[0m?[0;34m
?[0m?[0;34m   ProjectInfoAutoConfiguration#buildProperties:
?[0m?[0;34m      Did not match:
?[0m?[0;34m         - @ConditionalOnResource did not find resource '${spring.info.build.location:classpath:META-INF/build-info.properties}' (OnResourceCondition)
?[0m?[0;34m
?[0m?[0;34m   ProjectInfoAutoConfiguration#gitProperties:
?[0m?[0;34m      Did not match:
?[0m?[0;34m         - GitResource did not find git info at classpath:git.properties (ProjectInfoAutoConfiguration.GitResourceAvailableCondition)
?[0m?[0;34m
?[0m?[0;34m   PrometheusExemplarsAutoConfiguration:
?[0m?[0;34m      Did not match:
?[0m?[0;34m         - @ConditionalOnClass did not find required class 'io.micrometer.tracing.Tracer' (OnClassCondition)
?[0m?[0;34m
?[0m?[0;34m   PrometheusMetricsExportAutoConfiguration:
?[0m?[0;34m      Did not match:
?[0m?[0;34m         - @ConditionalOnClass did not find required class 'io.micrometer.prometheus.PrometheusMeterRegistry' (OnClassCondition)
?[0m?[0;34m
?[0m?[0;34m   QuartzAutoConfiguration:
?[0m?[0;34m      Did not match:
?[0m?[0;34m         - @ConditionalOnClass did not find required class 'org.quartz.Scheduler' (OnClassCondition)
?[0m?[0;34m
?[0m?[0;34m   QuartzEndpointAutoConfiguration:
?[0m?[0;34m      Did not match:
?[0m?[0;34m         - @ConditionalOnClass did not find required class 'org.quartz.Scheduler' (OnClassCondition)
?[0m?[0;34m
?[0m?[0;34m   R2dbcAutoConfiguration:
?[0m?[0;34m      Did not match:
?[0m?[0;34m         - @ConditionalOnClass did not find required class 'io.r2dbc.spi.ConnectionFactory' (OnClassCondition)
?[0m?[0;34m
?[0m?[0;34m   R2dbcDataAutoConfiguration:
?[0m?[0;34m      Did not match:
?[0m?[0;34m         - @ConditionalOnClass did not find required class 'org.springframework.data.r2dbc.core.R2dbcEntityTemplate' (OnClassCondition)
?[0m?[0;34m
?[0m?[0;34m   R2dbcInitializationConfiguration:
?[0m?[0;34m      Did not match:
?[0m?[0;34m         - @ConditionalOnClass did not find required classes 'io.r2dbc.spi.ConnectionFactory', 'org.springframework.r2dbc.connection.init.DatabasePopulator' (OnClassCondition)
?[0m?[0;34m
?[0m?[0;34m   R2dbcRepositoriesAutoConfiguration:
?[0m?[0;34m      Did not match:
?[0m?[0;34m         - @ConditionalOnClass did not find required class 'io.r2dbc.spi.ConnectionFactory' (OnClassCondition)
?[0m?[0;34m
?[0m?[0;34m   R2dbcTransactionManagerAutoConfiguration:
?[0m?[0;34m      Did not match:
?[0m?[0;34m         - @ConditionalOnClass did not find required class 'org.springframework.r2dbc.connection.R2dbcTransactionManager' (OnClassCondition)
?[0m?[0;34m
?[0m?[0;34m   RSocketGraphQlClientAutoConfiguration:
?[0m?[0;34m      Did not match:
?[0m?[0;34m         - @ConditionalOnClass did not find required class 'graphql.GraphQL' (OnClassCondition)
?[0m?[0;34m
?[0m?[0;34m   RSocketMessagingAutoConfiguration:
?[0m?[0;34m      Did not match:
?[0m?[0;34m         - @ConditionalOnClass did not find required class 'io.rsocket.RSocket' (OnClassCondition)
?[0m?[0;34m
?[0m?[0;34m   RSocketRequesterAutoConfiguration:
?[0m?[0;34m      Did not match:
?[0m?[0;34m         - @ConditionalOnClass did not find required class 'io.rsocket.RSocket' (OnClassCondition)
?[0m?[0;34m
?[0m?[0;34m   RSocketSecurityAutoConfiguration:
?[0m?[0;34m      Did not match:
?[0m?[0;34m         - @ConditionalOnClass did not find required class 'org.springframework.security.rsocket.core.SecuritySocketAcceptorInterceptor' (OnClassCondition)
?[0m?[0;34m
?[0m?[0;34m   RSocketServerAutoConfiguration:
?[0m?[0;34m      Did not match:
?[0m?[0;34m         - @ConditionalOnClass did not find required class 'io.rsocket.core.RSocketServer' (OnClassCondition)
?[0m?[0;34m
?[0m?[0;34m   RSocketStrategiesAutoConfiguration:
?[0m?[0;34m      Did not match:
?[0m?[0;34m         - @ConditionalOnClass did not find required class 'io.netty.buffer.PooledByteBufAllocator' (OnClassCondition)
?[0m?[0;34m
?[0m?[0;34m   RabbitAutoConfiguration:
?[0m?[0;34m      Did not match:
?[0m?[0;34m         - @ConditionalOnClass did not find required class 'com.rabbitmq.client.Channel' (OnClassCondition)
?[0m?[0;34m
?[0m?[0;34m   RabbitHealthContributorAutoConfiguration:
?[0m?[0;34m      Did not match:
?[0m?[0;34m         - @ConditionalOnClass did not find required class 'org.springframework.amqp.rabbit.core.RabbitTemplate' (OnClassCondition)
?[0m?[0;34m
?[0m?[0;34m   RabbitMetricsAutoConfiguration:
?[0m?[0;34m      Did not match:
?[0m?[0;34m         - @ConditionalOnClass did not find required class 'com.rabbitmq.client.ConnectionFactory' (OnClassCondition)
?[0m?[0;34m
?[0m?[0;34m   ReactiveCloudFoundryActuatorAutoConfiguration:
?[0m?[0;34m      Did not match:
?[0m?[0;34m         - @ConditionalOnWebApplication did not find reactive web application classes (OnWebApplicationCondition)
?[0m?[0;34m
?[0m?[0;34m   ReactiveElasticsearchClientAutoConfiguration:
?[0m?[0;34m      Did not match:
?[0m?[0;34m         - @ConditionalOnClass did not find required class 'co.elastic.clients.transport.ElasticsearchTransport' (OnClassCondition)
?[0m?[0;34m
?[0m?[0;34m   ReactiveElasticsearchRepositoriesAutoConfiguration:
?[0m?[0;34m      Did not match:
?[0m?[0;34m         - @ConditionalOnClass did not find required class 'org.springframework.data.elasticsearch.client.elc.ReactiveElasticsearchClient' (OnClassCondition)
?[0m?[0;34m
?[0m?[0;34m   ReactiveHealthEndpointConfiguration:
?[0m?[0;34m      Did not match:
?[0m?[0;34m         - @ConditionalOnClass did not find required class 'reactor.core.publisher.Flux' (OnClassCondition)
?[0m?[0;34m
?[0m?[0;34m   ReactiveManagementContextAutoConfiguration:
?[0m?[0;34m      Did not match:
?[0m?[0;34m         - @ConditionalOnClass did not find required class 'reactor.core.publisher.Flux' (OnClassCondition)
?[0m?[0;34m
?[0m?[0;34m   ReactiveManagementWebSecurityAutoConfiguration:
?[0m?[0;34m      Did not match:
?[0m?[0;34m         - @ConditionalOnWebApplication did not find reactive web application classes (OnWebApplicationCondition)
?[0m?[0;34m
?[0m?[0;34m   ReactiveMultipartAutoConfiguration:
?[0m?[0;34m      Did not match:
?[0m?[0;34m         - @ConditionalOnClass did not find required class 'org.springframework.web.reactive.config.WebFluxConfigurer' (OnClassCondition)
?[0m?[0;34m
?[0m?[0;34m   ReactiveOAuth2ClientAutoConfiguration:
?[0m?[0;34m      Did not match:
?[0m?[0;34m         - @ConditionalOnClass did not find required class 'reactor.core.publisher.Flux' (OnClassCondition)
?[0m?[0;34m
?[0m?[0;34m   ReactiveOAuth2ResourceServerAutoConfiguration:
?[0m?[0;34m      Did not match:
?[0m?[0;34m         - @ConditionalOnWebApplication did not find reactive web application classes (OnWebApplicationCondition)
?[0m?[0;34m
?[0m?[0;34m   ReactiveSecurityAutoConfiguration:
?[0m?[0;34m      Did not match:
?[0m?[0;34m         - @ConditionalOnClass did not find required class 'reactor.core.publisher.Flux' (OnClassCondition)
?[0m?[0;34m
?[0m?[0;34m   ReactiveUserDetailsServiceAutoConfiguration:
?[0m?[0;34m      Did not match:
?[0m?[0;34m         - AnyNestedCondition 0 matched 2 did not; NestedCondition on ReactiveUserDetailsServiceAutoConfiguration.ReactiveUserDetailsServiceCondition.ReactiveWebApplicationCondition did not find reactive web application classes; NestedCondition on ReactiveUserDetailsServiceAutoConfiguration.ReactiveUserDetailsServiceCondition.RSocketSecurityEnabledCondition @ConditionalOnBean (types: org.springframework.messaging.rsocket.annotation.support.RSocketMessageHandler; SearchStrategy: all) did not find any beans of type org.springframework.messaging.rsocket.annotation.support.RSocketMessageHandler (ReactiveUserDetailsServiceAutoConfiguration.ReactiveUserDetailsServiceCondition)
?[0m?[0;34m      Matched:
?[0m?[0;34m         - @ConditionalOnClass found required class 'org.springframework.security.authentication.ReactiveAuthenticationManager' (OnClassCondition)
?[0m?[0;34m
?[0m?[0;34m   ReactiveWebServerFactoryAutoConfiguration:
?[0m?[0;34m      Did not match:
?[0m?[0;34m         - @ConditionalOnWebApplication did not find reactive web application classes (OnWebApplicationCondition)
?[0m?[0;34m
?[0m?[0;34m   RedisAutoConfiguration:
?[0m?[0;34m      Did not match:
?[0m?[0;34m         - @ConditionalOnClass did not find required class 'org.springframework.data.redis.core.RedisOperations' (OnClassCondition)
?[0m?[0;34m
?[0m?[0;34m   RedisCacheConfiguration:
?[0m?[0;34m      Did not match:
?[0m?[0;34m         - @ConditionalOnClass did not find required class 'org.springframework.data.redis.connection.RedisConnectionFactory' (OnClassCondition)
?[0m?[0;34m
?[0m?[0;34m   RedisHealthContributorAutoConfiguration:
?[0m?[0;34m      Did not match:
?[0m?[0;34m         - @ConditionalOnClass did not find required class 'org.springframework.data.redis.connection.RedisConnectionFactory' (OnClassCondition)
?[0m?[0;34m
?[0m?[0;34m   RedisReactiveAutoConfiguration:
?[0m?[0;34m      Did not match:
?[0m?[0;34m         - @ConditionalOnClass did not find required class 'reactor.core.publisher.Flux' (OnClassCondition)
?[0m?[0;34m
?[0m?[0;34m   RedisReactiveHealthContributorAutoConfiguration:
?[0m?[0;34m      Did not match:
?[0m?[0;34m         - @ConditionalOnClass did not find required class 'reactor.core.publisher.Flux' (OnClassCondition)
?[0m?[0;34m
?[0m?[0;34m   RedisRepositoriesAutoConfiguration:
?[0m?[0;34m      Did not match:
?[0m?[0;34m         - @ConditionalOnClass did not find required class 'org.springframework.data.redis.repository.configuration.EnableRedisRepositories' (OnClassCondition)
?[0m?[0;34m
?[0m?[0;34m   RepositoryRestMvcAutoConfiguration:
?[0m?[0;34m      Did not match:
?[0m?[0;34m         - @ConditionalOnClass did not find required class 'org.springframework.data.rest.webmvc.config.RepositoryRestMvcConfiguration' (OnClassCondition)
?[0m?[0;34m
?[0m?[0;34m   Saml2RelyingPartyAutoConfiguration:
?[0m?[0;34m      Did not match:
?[0m?[0;34m         - @ConditionalOnClass did not find required class 'org.springframework.security.saml2.provider.service.registration.RelyingPartyRegistrationRepository' (OnClassCondition)
?[0m?[0;34m
?[0m?[0;34m   SecurityDataConfiguration:
?[0m?[0;34m      Did not match:
?[0m?[0;34m         - @ConditionalOnClass did not find required class 'org.springframework.security.data.repository.query.SecurityEvaluationContextExtension' (OnClassCondition)
?[0m?[0;34m
?[0m?[0;34m   SecurityRequestMatchersManagementContextConfiguration.JerseyRequestMatcherConfiguration:
?[0m?[0;34m      Did not match:
?[0m?[0;34m         - @ConditionalOnClass did not find required class 'org.glassfish.jersey.server.ResourceConfig' (OnClassCondition)
?[0m?[0;34m
?[0m?[0;34m   SendGridAutoConfiguration:
?[0m?[0;34m      Did not match:
?[0m?[0;34m         - @ConditionalOnClass did not find required class 'com.sendgrid.SendGrid' (OnClassCondition)
?[0m?[0;34m
?[0m?[0;34m   ServletEndpointManagementContextConfiguration.JerseyServletEndpointManagementContextConfiguration:
?[0m?[0;34m      Did not match:
?[0m?[0;34m         - @ConditionalOnClass did not find required class 'org.glassfish.jersey.server.ResourceConfig' (OnClassCondition)
?[0m?[0;34m
?[0m?[0;34m   ServletManagementContextAutoConfiguration.ApplicationContextFilterConfiguration:
?[0m?[0;34m      Did not match:
?[0m?[0;34m         - @ConditionalOnProperty (management.server.add-application-context-header=true) did not find property 'add-application-context-header' (OnPropertyCondition)
?[0m?[0;34m
?[0m?[0;34m   ServletWebServerFactoryAutoConfiguration.ForwardedHeaderFilterConfiguration:
?[0m?[0;34m      Did not match:
?[0m?[0;34m         - @ConditionalOnProperty (server.forward-headers-strategy=framework) did not find property 'server.forward-headers-strategy' (OnPropertyCondition)
?[0m?[0;34m
?[0m?[0;34m   ServletWebServerFactoryConfiguration.EmbeddedJetty:
?[0m?[0;34m      Did not match:
?[0m?[0;34m         - @ConditionalOnClass did not find required classes 'org.eclipse.jetty.server.Server', 'org.eclipse.jetty.util.Loader', 'org.eclipse.jetty.webapp.WebAppContext' (OnClassCondition)
?[0m?[0;34m
?[0m?[0;34m   ServletWebServerFactoryConfiguration.EmbeddedUndertow:
?[0m?[0;34m      Did not match:
?[0m?[0;34m         - @ConditionalOnClass did not find required classes 'io.undertow.Undertow', 'org.xnio.SslClientAuthMode' (OnClassCondition)
?[0m?[0;34m
?[0m?[0;34m   SessionAutoConfiguration:
?[0m?[0;34m      Did not match:
?[0m?[0;34m         - @ConditionalOnClass did not find required class 'org.springframework.session.Session' (OnClassCondition)
?[0m?[0;34m
?[0m?[0;34m   SessionsEndpointAutoConfiguration:
?[0m?[0;34m      Did not match:
?[0m?[0;34m         - @ConditionalOnClass did not find required class 'org.springframework.session.FindByIndexNameSessionRepository' (OnClassCondition)
?[0m?[0;34m
?[0m?[0;34m   SignalFxMetricsExportAutoConfiguration:
?[0m?[0;34m      Did not match:
?[0m?[0;34m         - @ConditionalOnClass did not find required class 'io.micrometer.signalfx.SignalFxMeterRegistry' (OnClassCondition)
?[0m?[0;34m
?[0m?[0;34m   SpringApplicationAdminJmxAutoConfiguration:
?[0m?[0;34m      Did not match:
?[0m?[0;34m         - @ConditionalOnProperty (spring.application.admin.enabled=true) did not find property 'enabled' (OnPropertyCondition)
?[0m?[0;34m
?[0m?[0;34m   SpringBootWebSecurityConfiguration.SecurityFilterChainConfiguration:
?[0m?[0;34m      Did not match:
?[0m?[0;34m         - AllNestedConditions 1 matched 1 did not; NestedCondition on DefaultWebSecurityCondition.Beans @ConditionalOnMissingBean (types: org.springframework.security.web.SecurityFilterChain; SearchStrategy: all) found beans of type 'org.springframework.security.web.SecurityFilterChain' securityFilterChain; NestedCondition on DefaultWebSecurityCondition.Classes @ConditionalOnClass found required classes 'org.springframework.security.web.SecurityFilterChain', 'org.springframework.security.config.annotation.web.builders.HttpSecurity' (DefaultWebSecurityCondition)
?[0m?[0;34m
?[0m?[0;34m   SpringBootWebSecurityConfiguration.WebSecurityEnablerConfiguration:
?[0m?[0;34m      Did not match:
?[0m?[0;34m         - @ConditionalOnMissingBean (names: springSecurityFilterChain; SearchStrategy: all) found beans named springSecurityFilterChain (OnBeanCondition)
?[0m?[0;34m      Matched:
?[0m?[0;34m         - @ConditionalOnClass found required class 'org.springframework.security.config.annotation.web.configuration.EnableWebSecurity' (OnClassCondition)
?[0m?[0;34m
?[0m?[0;34m   StackdriverMetricsExportAutoConfiguration:
?[0m?[0;34m      Did not match:
?[0m?[0;34m         - @ConditionalOnClass did not find required class 'io.micrometer.stackdriver.StackdriverMeterRegistry' (OnClassCondition)
?[0m?[0;34m
?[0m?[0;34m   StartupEndpointAutoConfiguration:
?[0m?[0;34m      Did not match:
?[0m?[0;34m         - ApplicationStartup configured applicationStartup is of type class org.springframework.core.metrics.DefaultApplicationStartup, expected BufferingApplicationStartup. (StartupEndpointAutoConfiguration.ApplicationStartupCondition)
?[0m?[0;34m
?[0m?[0;34m   StatsdMetricsExportAutoConfiguration:
?[0m?[0;34m      Did not match:
?[0m?[0;34m         - @ConditionalOnClass did not find required class 'io.micrometer.statsd.StatsdMeterRegistry' (OnClassCondition)
?[0m?[0;34m
?[0m?[0;34m   TaskSchedulingAutoConfiguration#scheduledBeanLazyInitializationExcludeFilter:
?[0m?[0;34m      Did not match:
?[0m?[0;34m         - @ConditionalOnBean (names: org.springframework.context.annotation.internalScheduledAnnotationProcessor; SearchStrategy: all) did not find any beans named org.springframework.context.annotation.internalScheduledAnnotationProcessor (OnBeanCondition)
?[0m?[0;34m
?[0m?[0;34m   TaskSchedulingAutoConfiguration#taskScheduler:
?[0m?[0;34m      Did not match:
?[0m?[0;34m         - @ConditionalOnBean (names: org.springframework.context.annotation.internalScheduledAnnotationProcessor; SearchStrategy: all) did not find any beans named org.springframework.context.annotation.internalScheduledAnnotationProcessor (OnBeanCondition)
?[0m?[0;34m
?[0m?[0;34m   ThymeleafAutoConfiguration:
?[0m?[0;34m      Did not match:
?[0m?[0;34m         - @ConditionalOnClass did not find required class 'org.thymeleaf.spring6.SpringTemplateEngine' (OnClassCondition)
?[0m?[0;34m
?[0m?[0;34m   TransactionAutoConfiguration#transactionalOperator:
?[0m?[0;34m      Did not match:
?[0m?[0;34m         - @ConditionalOnSingleCandidate (types: org.springframework.transaction.ReactiveTransactionManager; SearchStrategy: all) did not find any beans (OnBeanCondition)
?[0m?[0;34m
?[0m?[0;34m   TransactionAutoConfiguration.EnableTransactionManagementConfiguration.JdkDynamicAutoProxyConfiguration:
?[0m?[0;34m      Did not match:
?[0m?[0;34m         - @ConditionalOnProperty (spring.aop.proxy-target-class=false) did not find property 'proxy-target-class' (OnPropertyCondition)
?[0m?[0;34m
?[0m?[0;34m   UserDetailsServiceAutoConfiguration:
?[0m?[0;34m      Did not match:
?[0m?[0;34m         - @ConditionalOnMissingBean (types: org.springframework.security.authentication.AuthenticationManager,org.springframework.security.authentication.AuthenticationProvider,org.springframework.security.core.userdetails.UserDetailsService,org.springframework.security.authentication.AuthenticationManagerResolver,org.springframework.security.oauth2.jwt.JwtDecoder,org.springframework.security.oauth2.server.resource.introspection.OpaqueTokenIntrospector,org.springframework.security.oauth2.client.registration.ClientRegistrationRepository,org.springframework.security.saml2.provider.service.registration.RelyingPartyRegistrationRepository; SearchStrategy: all) found beans of type 'org.springframework.security.core.userdetails.UserDetailsService' customUserDetailsService (OnBeanCondition)
?[0m?[0;34m      Matched:
?[0m?[0;34m         - @ConditionalOnClass found required class 'org.springframework.security.authentication.AuthenticationManager' (OnClassCondition)
?[0m?[0;34m
?[0m?[0;34m   ValidationAutoConfiguration:
?[0m?[0;34m      Did not match:
?[0m?[0;34m         - @ConditionalOnClass did not find required class 'jakarta.validation.executable.ExecutableValidator' (OnClassCondition)
?[0m?[0;34m
?[0m?[0;34m   WavefrontAutoConfiguration:
?[0m?[0;34m      Did not match:
?[0m?[0;34m         - @ConditionalOnClass did not find required class 'com.wavefront.sdk.common.application.ApplicationTags' (OnClassCondition)
?[0m?[0;34m
?[0m?[0;34m   WavefrontMetricsExportAutoConfiguration:
?[0m?[0;34m      Did not match:
?[0m?[0;34m         - @ConditionalOnClass did not find required class 'com.wavefront.sdk.common.WavefrontSender' (OnClassCondition)
?[0m?[0;34m
?[0m?[0;34m   WavefrontTracingAutoConfiguration:
?[0m?[0;34m      Did not match:
?[0m?[0;34m         - @ConditionalOnClass did not find required class 'com.wavefront.sdk.common.WavefrontSender' (OnClassCondition)
?[0m?[0;34m
?[0m?[0;34m   WebClientAutoConfiguration:
?[0m?[0;34m      Did not match:
?[0m?[0;34m         - @ConditionalOnClass did not find required class 'org.springframework.web.reactive.function.client.WebClient' (OnClassCondition)
?[0m?[0;34m
?[0m?[0;34m   WebClientObservationConfiguration:
?[0m?[0;34m      Did not match:
?[0m?[0;34m         - @ConditionalOnClass did not find required class 'org.springframework.web.reactive.function.client.WebClient' (OnClassCondition)
?[0m?[0;34m
?[0m?[0;34m   WebFluxAutoConfiguration:
?[0m?[0;34m      Did not match:
?[0m?[0;34m         - @ConditionalOnClass did not find required class 'org.springframework.web.reactive.config.WebFluxConfigurer' (OnClassCondition)
?[0m?[0;34m
?[0m?[0;34m   WebFluxEndpointManagementContextConfiguration:
?[0m?[0;34m      Did not match:
?[0m?[0;34m         - @ConditionalOnClass did not find required class 'org.springframework.web.reactive.DispatcherHandler' (OnClassCondition)
?[0m?[0;34m
?[0m?[0;34m   WebFluxObservationAutoConfiguration:
?[0m?[0;34m      Did not match:
?[0m?[0;34m         - @ConditionalOnWebApplication did not find reactive web application classes (OnWebApplicationCondition)
?[0m?[0;34m
?[0m?[0;34m   WebMvcAutoConfiguration#hiddenHttpMethodFilter:
?[0m?[0;34m      Did not match:
?[0m?[0;34m         - @ConditionalOnProperty (spring.mvc.hiddenmethod.filter.enabled) did not find property 'enabled' (OnPropertyCondition)
?[0m?[0;34m
?[0m?[0;34m   WebMvcAutoConfiguration.ProblemDetailsErrorHandlingConfiguration:
?[0m?[0;34m      Did not match:
?[0m?[0;34m         - @ConditionalOnProperty (spring.mvc.problemdetails.enabled=true) did not find property 'enabled' (OnPropertyCondition)
?[0m?[0;34m
?[0m?[0;34m   WebMvcAutoConfiguration.ResourceChainCustomizerConfiguration:
?[0m?[0;34m      Did not match:
?[0m?[0;34m         - @ConditionalOnEnabledResourceChain did not find class org.webjars.WebJarAssetLocator (OnEnabledResourceChainCondition)
?[0m?[0;34m
?[0m?[0;34m   WebMvcAutoConfiguration.WebMvcAutoConfigurationAdapter#beanNameViewResolver:
?[0m?[0;34m      Did not match:
?[0m?[0;34m         - @ConditionalOnMissingBean (types: org.springframework.web.servlet.view.BeanNameViewResolver; SearchStrategy: all) found beans of type 'org.springframework.web.servlet.view.BeanNameViewResolver' beanNameViewResolver (OnBeanCondition)
?[0m?[0;34m
?[0m?[0;34m   WebMvcEndpointManagementContextConfiguration#managementHealthEndpointWebMvcHandlerMapping:
?[0m?[0;34m      Did not match:
?[0m?[0;34m         - Management Port actual port type (SAME) did not match required type (DIFFERENT) (OnManagementPortCondition)
?[0m?[0;34m
?[0m?[0;34m   WebServiceTemplateAutoConfiguration:
?[0m?[0;34m      Did not match:
?[0m?[0;34m         - @ConditionalOnClass did not find required class 'org.springframework.oxm.Marshaller' (OnClassCondition)
?[0m?[0;34m
?[0m?[0;34m   WebServicesAutoConfiguration:
?[0m?[0;34m      Did not match:
?[0m?[0;34m         - @ConditionalOnClass did not find required class 'org.springframework.ws.transport.http.MessageDispatcherServlet' (OnClassCondition)
?[0m?[0;34m
?[0m?[0;34m   WebSessionIdResolverAutoConfiguration:
?[0m?[0;34m      Did not match:
?[0m?[0;34m         - @ConditionalOnClass did not find required class 'reactor.core.publisher.Mono' (OnClassCondition)
?[0m?[0;34m
?[0m?[0;34m   WebSocketMessagingAutoConfiguration:
?[0m?[0;34m      Did not match:
?[0m?[0;34m         - @ConditionalOnClass did not find required class 'org.springframework.web.socket.config.annotation.WebSocketMessageBrokerConfigurer' (OnClassCondition)
?[0m?[0;34m
?[0m?[0;34m   WebSocketReactiveAutoConfiguration:
?[0m?[0;34m      Did not match:
?[0m?[0;34m         - @ConditionalOnWebApplication did not find reactive web application classes (OnWebApplicationCondition)
?[0m?[0;34m
?[0m?[0;34m   WebSocketServletAutoConfiguration.JettyWebSocketConfiguration:
?[0m?[0;34m      Did not match:
?[0m?[0;34m         - @ConditionalOnClass did not find required class 'org.eclipse.jetty.websocket.jakarta.server.config.JakartaWebSocketServletContainerInitializer' (OnClassCondition)
?[0m?[0;34m
?[0m?[0;34m   WebSocketServletAutoConfiguration.UndertowWebSocketConfiguration:
?[0m?[0;34m      Did not match:
?[0m?[0;34m         - @ConditionalOnClass did not find required class 'io.undertow.websockets.jsr.Bootstrap' (OnClassCondition)
?[0m?[0;34m
?[0m?[0;34m   XADataSourceAutoConfiguration:
?[0m?[0;34m      Did not match:
?[0m?[0;34m         - @ConditionalOnBean (types: org.springframework.boot.jdbc.XADataSourceWrapper; SearchStrategy: all) did not find any beans of type org.springframework.boot.jdbc.XADataSourceWrapper (OnBeanCondition)
?[0m?[0;34m      Matched:
?[0m?[0;34m         - @ConditionalOnClass found required classes 'javax.sql.DataSource', 'jakarta.transaction.TransactionManager', 'org.springframework.jdbc.datasource.embedded.EmbeddedDatabaseType' (OnClassCondition)
?[0m?[0;34m
?[0m?[0;34m   ZipkinAutoConfiguration:
?[0m?[0;34m      Did not match:
?[0m?[0;34m         - @ConditionalOnClass did not find required class 'zipkin2.reporter.Sender' (OnClassCondition)
?[0m?[0;34m
?[0m?[0;34m
?[0m?[0;34mExclusions:
?[0m?[0;34m-----------
?[0m?[0;34m
?[0m?[0;34m    None
?[0m?[0;34m
?[0m?[0;34m
?[0m?[0;34mUnconditional classes:
?[0m?[0;34m----------------------
?[0m?[0;34m
?[0m?[0;34m    org.springframework.boot.autoconfigure.context.ConfigurationPropertiesAutoConfiguration
?[0m?[0;34m
?[0m?[0;34m    org.springframework.boot.actuate.autoconfigure.availability.AvailabilityHealthContributorAutoConfiguration
?[0m?[0;34m
?[0m?[0;34m    org.springframework.boot.actuate.autoconfigure.info.InfoContributorAutoConfiguration
?[0m?[0;34m
?[0m?[0;34m    org.springframework.boot.autoconfigure.context.PropertyPlaceholderAutoConfiguration
?[0m?[0;34m
?[0m?[0;34m    org.springframework.boot.autoconfigure.context.LifecycleAutoConfiguration
?[0m?[0;34m
?[0m?[0;34m    org.springframework.boot.actuate.autoconfigure.metrics.integration.IntegrationMetricsAutoConfiguration
?[0m?[0;34m
?[0m?[0;34m    org.springframework.boot.actuate.autoconfigure.endpoint.EndpointAutoConfiguration
?[0m?[0;34m
?[0m?[0;34m    org.springframework.boot.actuate.autoconfigure.web.server.ManagementContextAutoConfiguration
?[0m?[0;34m
?[0m?[0;34m    org.springframework.boot.actuate.autoconfigure.health.HealthContributorAutoConfiguration
?[0m?[0;34m
?[0m?[0;34m    org.springframework.boot.actuate.autoconfigure.endpoint.jackson.JacksonEndpointAutoConfiguration
?[0m?[0;34m
?[0m?[0;34m    org.springframework.boot.autoconfigure.availability.ApplicationAvailabilityAutoConfiguration
?[0m?[0;34m
?[0m?[0;34m    org.springframework.boot.autoconfigure.info.ProjectInfoAutoConfiguration
?[0m?[0;34m
?[0m?[0;34m
?[0m?[0;34m
?[0m?[0;34m2024-07-18T17:39:30.314-04:00  INFO 93785 --- [    Test worker] antifraud.AntiFraudApplication           : Started AntiFraudApplication in 1.792 seconds (process running for 21.72)
?[0m?[0;34m2024-07-18T17:39:30.316-04:00 DEBUG 93785 --- [    Test worker] o.s.b.a.ApplicationAvailabilityBean      : Application availability state LivenessState changed to CORRECT
?[0m?[0;34m2024-07-18T17:39:30.321-04:00 DEBUG 93785 --- [    Test worker] o.s.b.a.ApplicationAvailabilityBean      : Application availability state ReadinessState changed to ACCEPTING_TRAFFIC
?[0m?[1;31m
Start test 9?[0m
?[0;34mTest case
?[0m?[0;34mTesting api: '/api/auth/list'
?[0m?[0;34mExpectations: 'After restart user must exist'
?[0m?[0;34m-----
?[0m?[0;34m2024-07-18T17:39:30.325-04:00 DEBUG 93785 --- [    Test worker] jdk.event.security                       : X509Certificate: Alg:SHA256withRSA, Serial:570a119742c4e3cc, Subject:CN=Actalis Authentication Root CA, O=Actalis S.p.A./03358520967, L=Milan, C=IT, Issuer:CN=Actalis Authentication Root CA, O=Actalis S.p.A./03358520967, L=Milan, C=IT, Key type:RSA, Length:4096, Cert Id:1729119956, Valid from:9/22/11, 7:22 AM, Valid until:9/22/30, 7:22 AM
?[0m?[0;34m2024-07-18T17:39:30.326-04:00 DEBUG 93785 --- [    Test worker] jdk.event.security                       : X509Certificate: Alg:SHA1withRSA, Serial:1, Subject:CN=AddTrust External CA Root, OU=AddTrust External TTP Network, O=AddTrust AB, C=SE, Issuer:CN=AddTrust External CA Root, OU=AddTrust External TTP Network, O=AddTrust AB, C=SE, Key type:RSA, Length:2048, Cert Id:-326352672, Valid from:5/30/00, 6:48 AM, Valid until:5/30/20, 6:48 AM
?[0m?[0;34m2024-07-18T17:39:30.328-04:00 DEBUG 93785 --- [    Test worker] jdk.event.security                       : X509Certificate: Alg:SHA1withRSA, Serial:1, Subject:CN=AddTrust Qualified CA Root, OU=AddTrust TTP Network, O=AddTrust AB, C=SE, Issuer:CN=AddTrust Qualified CA Root, OU=AddTrust TTP Network, O=AddTrust AB, C=SE, Key type:RSA, Length:2048, Cert Id:607365522, Valid from:5/30/00, 6:44 AM, Valid until:5/30/20, 6:44 AM
?[0m?[0;34m2024-07-18T17:39:30.329-04:00 DEBUG 93785 --- [    Test worker] jdk.event.security                       : X509Certificate: Alg:SHA256withRSA, Serial:7777062726a9b17c, Subject:CN=AffirmTrust Commercial, O=AffirmTrust, C=US, Issuer:CN=AffirmTrust Commercial, O=AffirmTrust, C=US, Key type:RSA, Length:2048, Cert Id:630485644, Valid from:1/29/10, 9:06 AM, Valid until:12/31/30, 9:06 AM
?[0m?[0;34m2024-07-18T17:39:30.330-04:00 DEBUG 93785 --- [    Test worker] jdk.event.security                       : X509Certificate: Alg:SHA1withRSA, Serial:7c4f04391cd4992d, Subject:CN=AffirmTrust Networking, O=AffirmTrust, C=US, Issuer:CN=AffirmTrust Networking, O=AffirmTrust, C=US, Key type:RSA, Length:2048, Cert Id:651670175, Valid from:1/29/10, 9:08 AM, Valid until:12/31/30, 9:08 AM
?[0m?[0;34m2024-07-18T17:39:30.334-04:00 DEBUG 93785 --- [    Test worker] jdk.event.security                       : X509Certificate: Alg:SHA384withRSA, Serial:6d8c1446b1a60aee, Subject:CN=AffirmTrust Premium, O=AffirmTrust, C=US, Issuer:CN=AffirmTrust Premium, O=AffirmTrust, C=US, Key type:RSA, Length:4096, Cert Id:-2130283955, Valid from:1/29/10, 9:10 AM, Valid until:12/31/40, 9:10 AM
?[0m?[0;34m2024-07-18T17:39:30.334-04:00 DEBUG 93785 --- [    Test worker] jdk.event.security                       : X509Certificate: Alg:SHA384withECDSA, Serial:7497258ac73f7a54, Subject:CN=AffirmTrust Premium ECC, O=AffirmTrust, C=US, Issuer:CN=AffirmTrust Premium ECC, O=AffirmTrust, C=US, Key type:EC, Length:384, Cert Id:-2080363786, Valid from:1/29/10, 9:20 AM, Valid until:12/31/40, 9:20 AM
?[0m?[0;34m2024-07-18T17:39:30.337-04:00 DEBUG 93785 --- [    Test worker] jdk.event.security                       : X509Certificate: Alg:SHA256withRSA, Serial:66c9fcf99bf8c0a39e2f0788a43e696365bca, Subject:CN=Amazon Root CA 1, O=Amazon, C=US, Issuer:CN=Amazon Root CA 1, O=Amazon, C=US, Key type:RSA, Length:2048, Cert Id:-1472444962, Valid from:5/25/15, 8:00 PM, Valid until:1/16/38, 7:00 PM
?[0m?[0;34m2024-07-18T17:39:30.338-04:00 DEBUG 93785 --- [    Test worker] jdk.event.security                       : X509Certificate: Alg:SHA384withRSA, Serial:66c9fd29635869f0a0fe58678f85b26bb8a37, Subject:CN=Amazon Root CA 2, O=Amazon, C=US, Issuer:CN=Amazon Root CA 2, O=Amazon, C=US, Key type:RSA, Length:4096, Cert Id:-1766132388, Valid from:5/25/15, 8:00 PM, Valid until:5/25/40, 8:00 PM
?[0m?[0;34m2024-07-18T17:39:30.340-04:00 DEBUG 93785 --- [    Test worker] jdk.event.security                       : X509Certificate: Alg:SHA256withECDSA, Serial:66c9fd5749736663f3b0b9ad9e89e7603f24a, Subject:CN=Amazon Root CA 3, O=Amazon, C=US, Issuer:CN=Amazon Root CA 3, O=Amazon, C=US, Key type:EC, Length:256, Cert Id:-1562287523, Valid from:5/25/15, 8:00 PM, Valid until:5/25/40, 8:00 PM
?[0m?[0;34m2024-07-18T17:39:30.341-04:00 DEBUG 93785 --- [    Test worker] jdk.event.security                       : X509Certificate: Alg:SHA384withECDSA, Serial:66c9fd7c1bb104c2943e5717b7b2cc81ac10e, Subject:CN=Amazon Root CA 4, O=Amazon, C=US, Issuer:CN=Amazon Root CA 4, O=Amazon, C=US, Key type:EC, Length:384, Cert Id:-1654272513, Valid from:5/25/15, 8:00 PM, Valid until:5/25/40, 8:00 PM
?[0m?[0;34m2024-07-18T17:39:30.342-04:00 DEBUG 93785 --- [    Test worker] jdk.event.security                       : X509Certificate: Alg:SHA1withRSA, Serial:20000b9, Subject:CN=Baltimore CyberTrust Root, OU=CyberTrust, O=Baltimore, C=IE, Issuer:CN=Baltimore CyberTrust Root, OU=CyberTrust, O=Baltimore, C=IE, Key type:RSA, Length:2048, Cert Id:1425294543, Valid from:5/12/00, 2:46 PM, Valid until:5/12/25, 7:59 PM
?[0m?[0;34m2024-07-18T17:39:30.343-04:00 DEBUG 93785 --- [    Test worker] jdk.event.security                       : X509Certificate: Alg:SHA256withRSA, Serial:2, Subject:CN=Buypass Class 2 Root CA, O=Buypass AS-983163327, C=NO, Issuer:CN=Buypass Class 2 Root CA, O=Buypass AS-983163327, C=NO, Key type:RSA, Length:4096, Cert Id:969960563, Valid from:10/26/10, 4:38 AM, Valid until:10/26/40, 4:38 AM
?[0m?[0;34m2024-07-18T17:39:30.345-04:00 DEBUG 93785 --- [    Test worker] jdk.event.security                       : X509Certificate: Alg:SHA256withRSA, Serial:2, Subject:CN=Buypass Class 3 Root CA, O=Buypass AS-983163327, C=NO, Issuer:CN=Buypass Class 3 Root CA, O=Buypass AS-983163327, C=NO, Key type:RSA, Length:4096, Cert Id:1264269967, Valid from:10/26/10, 4:28 AM, Valid until:10/26/40, 4:28 AM
?[0m?[0;34m2024-07-18T17:39:30.346-04:00 DEBUG 93785 --- [    Test worker] jdk.event.security                       : X509Certificate: Alg:SHA1withRSA, Serial:a3da427ea4b1aeda, Subject:CN=Chambers of Commerce Root - 2008, O=AC Camerfirma S.A., SERIALNUMBER=A82743287, L=Madrid (see current address at www.camerfirma.com/address), C=EU, Issuer:CN=Chambers of Commerce Root - 2008, O=AC Camerfirma S.A., SERIALNUMBER=A82743287, L=Madrid (see current address at www.camerfirma.com/address), C=EU, Key type:RSA, Length:4096, Cert Id:-28263924, Valid from:8/1/08, 8:29 AM, Valid until:7/31/38, 8:29 AM
?[0m?[0;34m2024-07-18T17:39:30.348-04:00 DEBUG 93785 --- [    Test worker] jdk.event.security                       : X509Certificate: Alg:SHA1withRSA, Serial:0, Subject:CN=Chambers of Commerce Root, OU=http://www.chambersign.org, O=AC Camerfirma SA CIF A82743287, C=EU, Issuer:CN=Chambers of Commerce Root, OU=http://www.chambersign.org, O=AC Camerfirma SA CIF A82743287, C=EU, Key type:RSA, Length:2048, Cert Id:1827306452, Valid from:9/30/03, 12:13 PM, Valid until:9/30/37, 12:13 PM
?[0m?[0;34m2024-07-18T17:39:30.349-04:00 DEBUG 93785 --- [    Test worker] jdk.event.security                       : X509Certificate: Alg:SHA1withRSA, Serial:c9cdd3e9d57d23ce, Subject:CN=Global Chambersign Root - 2008, O=AC Camerfirma S.A., SERIALNUMBER=A82743287, L=Madrid (see current address at www.camerfirma.com/address), C=EU, Issuer:CN=Global Chambersign Root - 2008, O=AC Camerfirma S.A., SERIALNUMBER=A82743287, L=Madrid (see current address at www.camerfirma.com/address), C=EU, Key type:RSA, Length:4096, Cert Id:1271252776, Valid from:8/1/08, 8:31 AM, Valid until:7/31/38, 8:31 AM
?[0m?[0;34m2024-07-18T17:39:30.350-04:00 DEBUG 93785 --- [    Test worker] jdk.event.security                       : X509Certificate: Alg:SHA384withECDSA, Serial:62533b1470333275cf98d9ab9bfccf8, Subject:CN=Certainly Root E1, O=Certainly, C=US, Issuer:CN=Certainly Root E1, O=Certainly, C=US, Key type:EC, Length:384, Cert Id:792571453, Valid from:3/31/21, 8:00 PM, Valid until:3/31/46, 8:00 PM
?[0m?[0;34m2024-07-18T17:39:30.351-04:00 DEBUG 93785 --- [    Test worker] jdk.event.security                       : X509Certificate: Alg:SHA256withRSA, Serial:8e0ff94b907168653354f4d44439b7e0, Subject:CN=Certainly Root R1, O=Certainly, C=US, Issuer:CN=Certainly Root R1, O=Certainly, C=US, Key type:RSA, Length:4096, Cert Id:-2039008761, Valid from:3/31/21, 8:00 PM, Valid until:3/31/46, 8:00 PM
?[0m?[0;34m2024-07-18T17:39:30.353-04:00 DEBUG 93785 --- [    Test worker] jdk.event.security                       : X509Certificate: Alg:SHA1withRSA, Serial:fedce3010fc948ff, Subject:CN=Certigna, O=Dhimyotis, C=FR, Issuer:CN=Certigna, O=Dhimyotis, C=FR, Key type:RSA, Length:2048, Cert Id:-788091456, Valid from:6/29/07, 11:13 AM, Valid until:6/29/27, 11:13 AM
?[0m?[0;34m2024-07-18T17:39:30.353-04:00 DEBUG 93785 --- [    Test worker] jdk.event.security                       : X509Certificate: Alg:SHA256withRSA, Serial:cae91b89f155030da3e6416dc4e3a6e1, Subject:CN=Certigna Root CA, OU=0002 48146308100036, O=Dhimyotis, C=FR, Issuer:CN=Certigna Root CA, OU=0002 48146308100036, O=Dhimyotis, C=FR, Key type:RSA, Length:4096, Cert Id:356684591, Valid from:10/1/13, 4:32 AM, Valid until:10/1/33, 4:32 AM
?[0m?[0;34m2024-07-18T17:39:30.355-04:00 DEBUG 93785 --- [    Test worker] jdk.event.security                       : X509Certificate: Alg:SHA1withRSA, Serial:10020, Subject:CN=Certum CA, O=Unizeto Sp. z o.o., C=PL, Issuer:CN=Certum CA, O=Unizeto Sp. z o.o., C=PL, Key type:RSA, Length:2048, Cert Id:-744451266, Valid from:6/11/02, 6:46 AM, Valid until:6/11/27, 6:46 AM
?[0m?[0;34m2024-07-18T17:39:30.356-04:00 DEBUG 93785 --- [    Test worker] jdk.event.security                       : X509Certificate: Alg:SHA1withRSA, Serial:444c0, Subject:CN=Certum Trusted Network CA, OU=Certum Certification Authority, O=Unizeto Technologies S.A., C=PL, Issuer:CN=Certum Trusted Network CA, OU=Certum Certification Authority, O=Unizeto Technologies S.A., C=PL, Key type:RSA, Length:2048, Cert Id:2014002193, Valid from:10/22/08, 8:07 AM, Valid until:12/31/29, 7:07 AM
?[0m?[0;34m2024-07-18T17:39:30.357-04:00 DEBUG 93785 --- [    Test worker] jdk.event.security                       : X509Certificate: Alg:SHA1withRSA, Serial:15c8bd65475cafb897005ee406d2bc9d, Subject:OU=ePKI Root Certification Authority, O="Chunghwa Telecom Co., Ltd.", C=TW, Issuer:OU=ePKI Root Certification Authority, O="Chunghwa Telecom Co., Ltd.", C=TW, Key type:RSA, Length:4096, Cert Id:-662636137, Valid from:12/19/04, 9:31 PM, Valid until:12/19/34, 9:31 PM
?[0m?[0;34m2024-07-18T17:39:30.357-04:00 DEBUG 93785 --- [    Test worker] jdk.event.security                       : X509Certificate: Alg:SHA1withRSA, Serial:1, Subject:CN=AAA Certificate Services, O=Comodo CA Limited, L=Salford, ST=Greater Manchester, C=GB, Issuer:CN=AAA Certificate Services, O=Comodo CA Limited, L=Salford, ST=Greater Manchester, C=GB, Key type:RSA, Length:2048, Cert Id:-1197580894, Valid from:12/31/03, 7:00 PM, Valid until:12/31/28, 6:59 PM
?[0m?[0;34m2024-07-18T17:39:30.359-04:00 DEBUG 93785 --- [    Test worker] jdk.event.security                       : X509Certificate: Alg:SHA384withECDSA, Serial:1f47afaa62007050544c019e9b63992a, Subject:CN=COMODO ECC Certification Authority, O=COMODO CA Limited, L=Salford, ST=Greater Manchester, C=GB, Issuer:CN=COMODO ECC Certification Authority, O=COMODO CA Limited, L=Salford, ST=Greater Manchester, C=GB, Key type:EC, Length:384, Cert Id:1146488932, Valid from:3/5/08, 7:00 PM, Valid until:1/18/38, 6:59 PM
?[0m?[0;34m2024-07-18T17:39:30.360-04:00 DEBUG 93785 --- [    Test worker] jdk.event.security                       : X509Certificate: Alg:SHA384withRSA, Serial:4caaf9cadb636fe01ff74ed85b03869d, Subject:CN=COMODO RSA Certification Authority, O=COMODO CA Limited, L=Salford, ST=Greater Manchester, C=GB, Issuer:CN=COMODO RSA Certification Authority, O=COMODO CA Limited, L=Salford, ST=Greater Manchester, C=GB, Key type:RSA, Length:4096, Cert Id:1769425049, Valid from:1/18/10, 7:00 PM, Valid until:1/18/38, 6:59 PM
?[0m?[0;34m2024-07-18T17:39:30.361-04:00 DEBUG 93785 --- [    Test worker] jdk.event.security                       : X509Certificate: Alg:SHA256withRSA, Serial:b931c3ad63967ea6723bfc3af9af44b, Subject:CN=DigiCert Assured ID Root G2, OU=www.digicert.com, O=DigiCert Inc, C=US, Issuer:CN=DigiCert Assured ID Root G2, OU=www.digicert.com, O=DigiCert Inc, C=US, Key type:RSA, Length:2048, Cert Id:-385398383, Valid from:8/1/13, 8:00 AM, Valid until:1/15/38, 7:00 AM
?[0m?[0;34m2024-07-18T17:39:30.361-04:00 DEBUG 93785 --- [    Test worker] jdk.event.security                       : X509Certificate: Alg:SHA384withECDSA, Serial:ba15afa1ddfa0b54944afcd24a06cec, Subject:CN=DigiCert Assured ID Root G3, OU=www.digicert.com, O=DigiCert Inc, C=US, Issuer:CN=DigiCert Assured ID Root G3, OU=www.digicert.com, O=DigiCert Inc, C=US, Key type:EC, Length:384, Cert Id:-645537245, Valid from:8/1/13, 8:00 AM, Valid until:1/15/38, 7:00 AM
?[0m?[0;34m2024-07-18T17:39:30.362-04:00 DEBUG 93785 --- [    Test worker] jdk.event.security                       : X509Certificate: Alg:SHA1withRSA, Serial:ce7e0e517d846fe8fe560fc1bf03039, Subject:CN=DigiCert Assured ID Root CA, OU=www.digicert.com, O=DigiCert Inc, C=US, Issuer:CN=DigiCert Assured ID Root CA, OU=www.digicert.com, O=DigiCert Inc, C=US, Key type:RSA, Length:2048, Cert Id:-860404528, Valid from:11/9/06, 7:00 PM, Valid until:11/9/31, 7:00 PM
?[0m?[0;34m2024-07-18T17:39:30.363-04:00 DEBUG 93785 --- [    Test worker] jdk.event.security                       : X509Certificate: Alg:SHA384withECDSA, Serial:3698fe712d519f3ced0fdb7b1643011, Subject:CN=DigiCert CS ECC P384 Root G5, O="DigiCert, Inc.", C=US, Issuer:CN=DigiCert CS ECC P384 Root G5, O="DigiCert, Inc.", C=US, Key type:EC, Length:384, Cert Id:381797637, Valid from:1/14/21, 7:00 PM, Valid until:1/14/46, 6:59 PM
?[0m?[0;34m2024-07-18T17:39:30.363-04:00 DEBUG 93785 --- [    Test worker] jdk.event.security                       : X509Certificate: Alg:SHA384withRSA, Serial:6cee131be6d55c807f7c0c7fb44e620, Subject:CN=DigiCert CS RSA4096 Root G5, O="DigiCert, Inc.", C=US, Issuer:CN=DigiCert CS RSA4096 Root G5, O="DigiCert, Inc.", C=US, Key type:RSA, Length:4096, Cert Id:1193514382, Valid from:1/14/21, 7:00 PM, Valid until:1/14/46, 6:59 PM
?[0m?[0;34m2024-07-18T17:39:30.363-04:00 DEBUG 93785 --- [    Test worker] jdk.event.security                       : X509Certificate: Alg:SHA1withRSA, Serial:83be056904246b1a1756ac95991c74a, Subject:CN=DigiCert Global Root CA, OU=www.digicert.com, O=DigiCert Inc, C=US, Issuer:CN=DigiCert Global Root CA, OU=www.digicert.com, O=DigiCert Inc, C=US, Key type:RSA, Length:2048, Cert Id:1341898239, Valid from:11/9/06, 7:00 PM, Valid until:11/9/31, 7:00 PM
?[0m?[0;34m2024-07-18T17:39:30.364-04:00 DEBUG 93785 --- [    Test worker] jdk.event.security                       : X509Certificate: Alg:SHA256withRSA, Serial:33af1e6a711a9a0bb2864b11d09fae5, Subject:CN=DigiCert Global Root G2, OU=www.digicert.com, O=DigiCert Inc, C=US, Issuer:CN=DigiCert Global Root G2, OU=www.digicert.com, O=DigiCert Inc, C=US, Key type:RSA, Length:2048, Cert Id:1136084297, Valid from:8/1/13, 8:00 AM, Valid until:1/15/38, 7:00 AM
?[0m?[0;34m2024-07-18T17:39:30.364-04:00 DEBUG 93785 --- [    Test worker] jdk.event.security                       : X509Certificate: Alg:SHA384withECDSA, Serial:55556bcf25ea43535c3a40fd5ab4572, Subject:CN=DigiCert Global Root G3, OU=www.digicert.com, O=DigiCert Inc, C=US, Issuer:CN=DigiCert Global Root G3, OU=www.digicert.com, O=DigiCert Inc, C=US, Key type:EC, Length:384, Cert Id:-795968543, Valid from:8/1/13, 8:00 AM, Valid until:1/15/38, 7:00 AM
?[0m?[0;34m2024-07-18T17:39:30.366-04:00 DEBUG 93785 --- [    Test worker] jdk.event.security                       : X509Certificate: Alg:SHA1withRSA, Serial:2ac5c266a0b409b8f0b79f2ae462577, Subject:CN=DigiCert High Assurance EV Root CA, OU=www.digicert.com, O=DigiCert Inc, C=US, Issuer:CN=DigiCert High Assurance EV Root CA, OU=www.digicert.com, O=DigiCert Inc, C=US, Key type:RSA, Length:2048, Cert Id:-1410680354, Valid from:11/9/06, 7:00 PM, Valid until:11/9/31, 7:00 PM
?[0m?[0;34m2024-07-18T17:39:30.367-04:00 DEBUG 93785 --- [    Test worker] jdk.event.security                       : X509Certificate: Alg:SHA384withECDSA, Serial:9e09365acf7d9c8b93e1c0b042a2ef3, Subject:CN=DigiCert TLS ECC P384 Root G5, O="DigiCert, Inc.", C=US, Issuer:CN=DigiCert TLS ECC P384 Root G5, O="DigiCert, Inc.", C=US, Key type:EC, Length:384, Cert Id:-354195278, Valid from:1/14/21, 7:00 PM, Valid until:1/14/46, 6:59 PM
?[0m?[0;34m2024-07-18T17:39:30.369-04:00 DEBUG 93785 --- [    Test worker] jdk.event.security                       : X509Certificate: Alg:SHA384withRSA, Serial:8f9b478a8fa7eda6a333789de7ccf8a, Subject:CN=DigiCert TLS RSA4096 Root G5, O="DigiCert, Inc.", C=US, Issuer:CN=DigiCert TLS RSA4096 Root G5, O="DigiCert, Inc.", C=US, Key type:RSA, Length:4096, Cert Id:165956757, Valid from:1/14/21, 7:00 PM, Valid until:1/14/46, 6:59 PM
?[0m?[0;34m2024-07-18T17:39:30.369-04:00 DEBUG 93785 --- [    Test worker] jdk.event.security                       : X509Certificate: Alg:SHA384withRSA, Serial:59b1b579e8e2132e23907bda777755c, Subject:CN=DigiCert Trusted Root G4, OU=www.digicert.com, O=DigiCert Inc, C=US, Issuer:CN=DigiCert Trusted Root G4, OU=www.digicert.com, O=DigiCert Inc, C=US, Key type:RSA, Length:4096, Cert Id:1057369358, Valid from:8/1/13, 8:00 AM, Valid until:1/15/38, 7:00 AM
?[0m?[0;34m2024-07-18T17:39:30.371-04:00 DEBUG 93785 --- [    Test worker] jdk.event.security                       : X509Certificate: Alg:SHA256withRSA, Serial:983f3, Subject:CN=D-TRUST Root Class 3 CA 2 2009, O=D-Trust GmbH, C=DE, Issuer:CN=D-TRUST Root Class 3 CA 2 2009, O=D-Trust GmbH, C=DE, Key type:RSA, Length:2048, Cert Id:1430153102, Valid from:11/5/09, 3:35 AM, Valid until:11/5/29, 3:35 AM
?[0m?[0;34m2024-07-18T17:39:30.373-04:00 DEBUG 93785 --- [    Test worker] jdk.event.security                       : X509Certificate: Alg:SHA256withRSA, Serial:983f4, Subject:CN=D-TRUST Root Class 3 CA 2 EV 2009, O=D-Trust GmbH, C=DE, Issuer:CN=D-TRUST Root Class 3 CA 2 EV 2009, O=D-Trust GmbH, C=DE, Key type:RSA, Length:2048, Cert Id:971313728, Valid from:11/5/09, 3:50 AM, Valid until:11/5/29, 3:50 AM
?[0m?[0;34m2024-07-18T17:39:30.375-04:00 DEBUG 93785 --- [    Test worker] jdk.event.security                       : X509Certificate: Alg:SHA384withECDSA, Serial:3cf607a968700eda8b84, Subject:CN=emSign ECC Root CA - G3, O=eMudhra Technologies Limited, OU=emSign PKI, C=IN, Issuer:CN=emSign ECC Root CA - G3, O=eMudhra Technologies Limited, OU=emSign PKI, C=IN, Key type:EC, Length:384, Cert Id:-462931589, Valid from:2/18/18, 1:30 PM, Valid until:2/18/43, 1:30 PM
?[0m?[0;34m2024-07-18T17:39:30.376-04:00 DEBUG 93785 --- [    Test worker] jdk.event.security                       : X509Certificate: Alg:SHA256withRSA, Serial:31f5e4620c6c58edd6d8, Subject:CN=emSign Root CA - G1, O=eMudhra Technologies Limited, OU=emSign PKI, C=IN, Issuer:CN=emSign Root CA - G1, O=eMudhra Technologies Limited, OU=emSign PKI, C=IN, Key type:RSA, Length:2048, Cert Id:392709196, Valid from:2/18/18, 1:30 PM, Valid until:2/18/43, 1:30 PM
?[0m?[0;34m2024-07-18T17:39:30.376-04:00 DEBUG 93785 --- [    Test worker] jdk.event.security                       : X509Certificate: Alg:SHA384withRSA, Serial:864dbf0fe35ed77d8ed8, Subject:CN=emSign Root CA - G2, O=eMudhra Technologies Limited, OU=emSign PKI, C=IN, Issuer:CN=emSign Root CA - G2, O=eMudhra Technologies Limited, OU=emSign PKI, C=IN, Key type:RSA, Length:4096, Cert Id:-921027170, Valid from:2/18/18, 1:30 PM, Valid until:2/18/43, 1:30 PM
?[0m?[0;34m2024-07-18T17:39:30.377-04:00 DEBUG 93785 --- [    Test worker] jdk.event.security                       : X509Certificate: Alg:SHA1withRSA, Serial:3863def8, Subject:CN=Entrust.net Certification Authority (2048), OU=(c) 1999 Entrust.net Limited, OU=www.entrust.net/CPS_2048 incorp. by ref. (limits liab.), O=Entrust.net, Issuer:CN=Entrust.net Certification Authority (2048), OU=(c) 1999 Entrust.net Limited, OU=www.entrust.net/CPS_2048 incorp. by ref. (limits liab.), O=Entrust.net, Key type:RSA, Length:2048, Cert Id:-328536082, Valid from:12/24/99, 12:50 PM, Valid until:7/24/29, 10:15 AM
?[0m?[0;34m2024-07-18T17:39:30.377-04:00 DEBUG 93785 --- [    Test worker] jdk.event.security                       : X509Certificate: Alg:SHA1withRSA, Serial:456b5054, Subject:CN=Entrust Root Certification Authority, OU="(c) 2006 Entrust, Inc.", OU=www.entrust.net/CPS is incorporated by reference, O="Entrust, Inc.", C=US, Issuer:CN=Entrust Root Certification Authority, OU="(c) 2006 Entrust, Inc.", OU=www.entrust.net/CPS is incorporated by reference, O="Entrust, Inc.", C=US, Key type:RSA, Length:2048, Cert Id:-1261404096, Valid from:11/27/06, 3:23 PM, Valid until:11/27/26, 3:53 PM
?[0m?[0;34m2024-07-18T17:39:30.377-04:00 DEBUG 93785 --- [    Test worker] jdk.event.security                       : X509Certificate: Alg:SHA384withECDSA, Serial:a68b79290000000050d091f9, Subject:CN=Entrust Root Certification Authority - EC1, OU="(c) 2012 Entrust, Inc. - for authorized use only", OU=See www.entrust.net/legal-terms, O="Entrust, Inc.", C=US, Issuer:CN=Entrust Root Certification Authority - EC1, OU="(c) 2012 Entrust, Inc. - for authorized use only", OU=See www.entrust.net/legal-terms, O="Entrust, Inc.", C=US, Key type:EC, Length:384, Cert Id:924514073, Valid from:12/18/12, 10:25 AM, Valid until:12/18/37, 10:55 AM
?[0m?[0;34m2024-07-18T17:39:30.378-04:00 DEBUG 93785 --- [    Test worker] jdk.event.security                       : X509Certificate: Alg:SHA256withRSA, Serial:4a538c28, Subject:CN=Entrust Root Certification Authority - G2, OU="(c) 2009 Entrust, Inc. - for authorized use only", OU=See www.entrust.net/legal-terms, O="Entrust, Inc.", C=US, Issuer:CN=Entrust Root Certification Authority - G2, OU="(c) 2009 Entrust, Inc. - for authorized use only", OU=See www.entrust.net/legal-terms, O="Entrust, Inc.", C=US, Key type:RSA, Length:2048, Cert Id:1936920337, Valid from:7/7/09, 1:25 PM, Valid until:12/7/30, 12:55 PM
?[0m?[0;34m2024-07-18T17:39:30.379-04:00 DEBUG 93785 --- [    Test worker] jdk.event.security                       : X509Certificate: Alg:SHA256withRSA, Serial:d9b5437fafa9390f000000005565ad58, Subject:CN=Entrust Root Certification Authority - G4, OU="(c) 2015 Entrust, Inc. - for authorized use only", OU=See www.entrust.net/legal-terms, O="Entrust, Inc.", C=US, Issuer:CN=Entrust Root Certification Authority - G4, OU="(c) 2015 Entrust, Inc. - for authorized use only", OU=See www.entrust.net/legal-terms, O="Entrust, Inc.", C=US, Key type:RSA, Length:4096, Cert Id:1368037548, Valid from:5/27/15, 7:11 AM, Valid until:12/27/37, 6:41 AM
?[0m?[0;34m2024-07-18T17:39:30.379-04:00 DEBUG 93785 --- [    Test worker] jdk.event.security                       : X509Certificate: Alg:SHA1withRSA, Serial:23456, Subject:CN=GeoTrust Global CA, O=GeoTrust Inc., C=US, Issuer:CN=GeoTrust Global CA, O=GeoTrust Inc., C=US, Key type:RSA, Length:2048, Cert Id:-2028617374, Valid from:5/21/02, 12:00 AM, Valid until:5/21/22, 12:00 AM
?[0m?[0;34m2024-07-18T17:39:30.381-04:00 DEBUG 93785 --- [    Test worker] jdk.event.security                       : X509Certificate: Alg:SHA1withRSA, Serial:18acb56afd69b6153a636cafdafac4a1, Subject:CN=GeoTrust Primary Certification Authority, O=GeoTrust Inc., C=US, Issuer:CN=GeoTrust Primary Certification Authority, O=GeoTrust Inc., C=US, Key type:RSA, Length:2048, Cert Id:-965345157, Valid from:11/26/06, 7:00 PM, Valid until:7/16/36, 7:59 PM
?[0m?[0;34m2024-07-18T17:39:30.382-04:00 DEBUG 93785 --- [    Test worker] jdk.event.security                       : X509Certificate: Alg:SHA384withECDSA, Serial:3cb2f4480a00e2feeb243b5e603ec36b, Subject:CN=GeoTrust Primary Certification Authority - G2, OU=(c) 2007 GeoTrust Inc. - For authorized use only, O=GeoTrust Inc., C=US, Issuer:CN=GeoTrust Primary Certification Authority - G2, OU=(c) 2007 GeoTrust Inc. - For authorized use only, O=GeoTrust Inc., C=US, Key type:EC, Length:384, Cert Id:-1114303822, Valid from:11/4/07, 7:00 PM, Valid until:1/18/38, 6:59 PM
?[0m?[0;34m2024-07-18T17:39:30.388-04:00 DEBUG 93785 --- [    Test worker] jdk.event.security                       : X509Certificate: Alg:SHA256withRSA, Serial:15ac6e9419b2794b41f627a9c3180f1f, Subject:CN=GeoTrust Primary Certification Authority - G3, OU=(c) 2008 GeoTrust Inc. - For authorized use only, O=GeoTrust Inc., C=US, Issuer:CN=GeoTrust Primary Certification Authority - G3, OU=(c) 2008 GeoTrust Inc. - For authorized use only, O=GeoTrust Inc., C=US, Key type:RSA, Length:2048, Cert Id:-1330153758, Valid from:4/1/08, 8:00 PM, Valid until:12/1/37, 6:59 PM
?[0m?[0;34m2024-07-18T17:39:30.389-04:00 DEBUG 93785 --- [    Test worker] jdk.event.security                       : X509Certificate: Alg:SHA1withRSA, Serial:1, Subject:CN=GeoTrust Universal CA, O=GeoTrust Inc., C=US, Issuer:CN=GeoTrust Universal CA, O=GeoTrust Inc., C=US, Key type:RSA, Length:4096, Cert Id:313566089, Valid from:3/4/04, 12:00 AM, Valid until:3/4/29, 12:00 AM
?[0m?[0;34m2024-07-18T17:39:30.389-04:00 DEBUG 93785 --- [    Test worker] jdk.event.security                       : X509Certificate: Alg:SHA1withRSA, Serial:40000000001154b5ac394, Subject:CN=GlobalSign Root CA, OU=Root CA, O=GlobalSign nv-sa, C=BE, Issuer:CN=GlobalSign Root CA, OU=Root CA, O=GlobalSign nv-sa, C=BE, Key type:RSA, Length:2048, Cert Id:536948034, Valid from:9/1/98, 8:00 AM, Valid until:1/28/28, 7:00 AM
?[0m?[0;34m2024-07-18T17:39:30.390-04:00 DEBUG 93785 --- [    Test worker] jdk.event.security                       : X509Certificate: Alg:SHA256withECDSA, Serial:2a38a41c960a04de42b228a50be8349802, Subject:CN=GlobalSign, O=GlobalSign, OU=GlobalSign ECC Root CA - R4, Issuer:CN=GlobalSign, O=GlobalSign, OU=GlobalSign ECC Root CA - R4, Key type:EC, Length:256, Cert Id:-1923273545, Valid from:11/12/12, 7:00 PM, Valid until:1/18/38, 10:14 PM
?[0m?[0;34m2024-07-18T17:39:30.392-04:00 DEBUG 93785 --- [    Test worker] jdk.event.security                       : X509Certificate: Alg:SHA384withECDSA, Serial:605949e0262ebb55f90a778a71f94ad86c, Subject:CN=GlobalSign, O=GlobalSign, OU=GlobalSign ECC Root CA - R5, Issuer:CN=GlobalSign, O=GlobalSign, OU=GlobalSign ECC Root CA - R5, Key type:EC, Length:384, Cert Id:1997048439, Valid from:11/12/12, 7:00 PM, Valid until:1/18/38, 10:14 PM
?[0m?[0;34m2024-07-18T17:39:30.393-04:00 DEBUG 93785 --- [    Test worker] jdk.event.security                       : X509Certificate: Alg:SHA256withRSA, Serial:4000000000121585308a2, Subject:CN=GlobalSign, O=GlobalSign, OU=GlobalSign Root CA - R3, Issuer:CN=GlobalSign, O=GlobalSign, OU=GlobalSign Root CA - R3, Key type:RSA, Length:2048, Cert Id:733875591, Valid from:3/18/09, 6:00 AM, Valid until:3/18/29, 6:00 AM
?[0m?[0;34m2024-07-18T17:39:30.394-04:00 DEBUG 93785 --- [    Test worker] jdk.event.security                       : X509Certificate: Alg:SHA384withRSA, Serial:45e6bb038333c3856548e6ff4551, Subject:CN=GlobalSign, O=GlobalSign, OU=GlobalSign Root CA - R6, Issuer:CN=GlobalSign, O=GlobalSign, OU=GlobalSign Root CA - R6, Key type:RSA, Length:4096, Cert Id:-506627753, Valid from:12/9/14, 7:00 PM, Valid until:12/9/34, 7:00 PM
?[0m?[0;34m2024-07-18T17:39:30.394-04:00 DEBUG 93785 --- [    Test worker] jdk.event.security                       : X509Certificate: Alg:SHA1withRSA, Serial:0, Subject:OU=Go Daddy Class 2 Certification Authority, O="The Go Daddy Group, Inc.", C=US, Issuer:OU=Go Daddy Class 2 Certification Authority, O="The Go Daddy Group, Inc.", C=US, Key type:RSA, Length:2048, Cert Id:-271444299, Valid from:6/29/04, 1:06 PM, Valid until:6/29/34, 1:06 PM
?[0m?[0;34m2024-07-18T17:39:30.395-04:00 DEBUG 93785 --- [    Test worker] jdk.event.security                       : X509Certificate: Alg:SHA256withRSA, Serial:0, Subject:CN=Go Daddy Root Certificate Authority - G2, O="GoDaddy.com, Inc.", L=Scottsdale, ST=Arizona, C=US, Issuer:CN=Go Daddy Root Certificate Authority - G2, O="GoDaddy.com, Inc.", L=Scottsdale, ST=Arizona, C=US, Key type:RSA, Length:2048, Cert Id:439600313, Valid from:8/31/09, 8:00 PM, Valid until:12/31/37, 6:59 PM
?[0m?[0;34m2024-07-18T17:39:30.395-04:00 DEBUG 93785 --- [    Test worker] jdk.event.security                       : X509Certificate: Alg:SHA384withRSA, Serial:203e5936f31b01349886ba217, Subject:CN=GTS Root R1, O=Google Trust Services LLC, C=US, Issuer:CN=GTS Root R1, O=Google Trust Services LLC, C=US, Key type:RSA, Length:4096, Cert Id:657172038, Valid from:6/21/16, 8:00 PM, Valid until:6/21/36, 8:00 PM
?[0m?[0;34m2024-07-18T17:39:30.396-04:00 DEBUG 93785 --- [    Test worker] jdk.event.security                       : X509Certificate: Alg:SHA384withRSA, Serial:203e5aec58d04251aab1125aa, Subject:CN=GTS Root R2, O=Google Trust Services LLC, C=US, Issuer:CN=GTS Root R2, O=Google Trust Services LLC, C=US, Key type:RSA, Length:4096, Cert Id:948387669, Valid from:6/21/16, 8:00 PM, Valid until:6/21/36, 8:00 PM
?[0m?[0;34m2024-07-18T17:39:30.396-04:00 DEBUG 93785 --- [    Test worker] jdk.event.security                       : X509Certificate: Alg:SHA384withECDSA, Serial:203e5b882eb20f825276d3d66, Subject:CN=GTS Root R3, O=Google Trust Services LLC, C=US, Issuer:CN=GTS Root R3, O=Google Trust Services LLC, C=US, Key type:EC, Length:384, Cert Id:1163081155, Valid from:6/21/16, 8:00 PM, Valid until:6/21/36, 8:00 PM
?[0m?[0;34m2024-07-18T17:39:30.397-04:00 DEBUG 93785 --- [    Test worker] jdk.event.security                       : X509Certificate: Alg:SHA384withECDSA, Serial:203e5c068ef631a9c72905052, Subject:CN=GTS Root R4, O=Google Trust Services LLC, C=US, Issuer:CN=GTS Root R4, O=Google Trust Services LLC, C=US, Key type:EC, Length:384, Cert Id:1326433111, Valid from:6/21/16, 8:00 PM, Valid until:6/21/36, 8:00 PM
?[0m?[0;34m2024-07-18T17:39:30.398-04:00 DEBUG 93785 --- [    Test worker] jdk.event.security                       : X509Certificate: Alg:SHA256withECDSA, Serial:0, Subject:CN=Hellenic Academic and Research Institutions ECC RootCA 2015, O=Hellenic Academic and Research Institutions Cert. Authority, L=Athens, C=GR, Issuer:CN=Hellenic Academic and Research Institutions ECC RootCA 2015, O=Hellenic Academic and Research Institutions Cert. Authority, L=Athens, C=GR, Key type:EC, Length:384, Cert Id:513613456, Valid from:7/7/15, 6:37 AM, Valid until:6/30/40, 6:37 AM
?[0m?[0;34m2024-07-18T17:39:30.398-04:00 DEBUG 93785 --- [    Test worker] jdk.event.security                       : X509Certificate: Alg:SHA256withRSA, Serial:0, Subject:CN=Hellenic Academic and Research Institutions RootCA 2015, O=Hellenic Academic and Research Institutions Cert. Authority, L=Athens, C=GR, Issuer:CN=Hellenic Academic and Research Institutions RootCA 2015, O=Hellenic Academic and Research Institutions Cert. Authority, L=Athens, C=GR, Key type:RSA, Length:4096, Cert Id:-802976731, Valid from:7/7/15, 6:11 AM, Valid until:6/30/40, 6:11 AM
?[0m?[0;34m2024-07-18T17:39:30.400-04:00 DEBUG 93785 --- [    Test worker] jdk.event.security                       : X509Certificate: Alg:SHA256withRSA, Serial:a0142800000014523c844b500000002, Subject:CN=IdenTrust Commercial Root CA 1, O=IdenTrust, C=US, Issuer:CN=IdenTrust Commercial Root CA 1, O=IdenTrust, C=US, Key type:RSA, Length:4096, Cert Id:1232565210, Valid from:1/16/14, 1:12 PM, Valid until:1/16/34, 1:12 PM
?[0m?[0;34m2024-07-18T17:39:30.400-04:00 DEBUG 93785 --- [    Test worker] jdk.event.security                       : X509Certificate: Alg:SHA256withRSA, Serial:a0142800000014523cf467c00000002, Subject:CN=IdenTrust Public Sector Root CA 1, O=IdenTrust, C=US, Issuer:CN=IdenTrust Public Sector Root CA 1, O=IdenTrust, C=US, Key type:RSA, Length:4096, Cert Id:2123370772, Valid from:1/16/14, 12:53 PM, Valid until:1/16/34, 12:53 PM
?[0m?[0;34m2024-07-18T17:39:30.401-04:00 DEBUG 93785 --- [    Test worker] jdk.event.security                       : X509Certificate: Alg:SHA256withRSA, Serial:8210cfb0d240e3594463e0bb63828b00, Subject:CN=ISRG Root X1, O=Internet Security Research Group, C=US, Issuer:CN=ISRG Root X1, O=Internet Security Research Group, C=US, Key type:RSA, Length:4096, Cert Id:1521974916, Valid from:6/4/15, 7:04 AM, Valid until:6/4/35, 7:04 AM
?[0m?[0;34m2024-07-18T17:39:30.401-04:00 DEBUG 93785 --- [    Test worker] jdk.event.security                       : X509Certificate: Alg:SHA384withECDSA, Serial:41d29dd172eaeea780c12c6ce92f8752, Subject:CN=ISRG Root X2, O=Internet Security Research Group, C=US, Issuer:CN=ISRG Root X2, O=Internet Security Research Group, C=US, Key type:EC, Length:384, Cert Id:-896325052, Valid from:9/3/20, 8:00 PM, Valid until:9/17/40, 12:00 PM
?[0m?[0;34m2024-07-18T17:39:30.402-04:00 DEBUG 93785 --- [    Test worker] jdk.event.security                       : X509Certificate: Alg:SHA256withRSA, Serial:a7ea6df4b449eda6a24859ee6b815d3167fbbb1, Subject:CN=LuxTrust Global Root 2, O=LuxTrust S.A., C=LU, Issuer:CN=LuxTrust Global Root 2, O=LuxTrust S.A., C=LU, Key type:RSA, Length:4096, Cert Id:-1239330694, Valid from:3/5/15, 8:21 AM, Valid until:3/5/35, 8:21 AM
?[0m?[0;34m2024-07-18T17:39:30.402-04:00 DEBUG 93785 --- [    Test worker] jdk.event.security                       : X509Certificate: Alg:SHA256withRSA, Serial:bb8, Subject:CN=LuxTrust Global Root, O=LuxTrust s.a., C=LU, Issuer:CN=LuxTrust Global Root, O=LuxTrust s.a., C=LU, Key type:RSA, Length:2048, Cert Id:1714819687, Valid from:3/17/11, 5:51 AM, Valid until:3/17/21, 5:51 AM
?[0m?[0;34m2024-07-18T17:39:30.402-04:00 DEBUG 93785 --- [    Test worker] jdk.event.security                       : X509Certificate: Alg:SHA384withECDSA, Serial:66f23daf87de8bb14aea0c573101c2ec, Subject:CN=Microsoft ECC Root Certificate Authority 2017, O=Microsoft Corporation, C=US, Issuer:CN=Microsoft ECC Root Certificate Authority 2017, O=Microsoft Corporation, C=US, Key type:EC, Length:384, Cert Id:-1054206011, Valid from:12/18/19, 6:06 PM, Valid until:7/18/42, 7:16 PM
?[0m?[0;34m2024-07-18T17:39:30.403-04:00 DEBUG 93785 --- [    Test worker] jdk.event.security                       : X509Certificate: Alg:SHA384withRSA, Serial:1ed397095fd8b4b347701eaabe7f45b3, Subject:CN=Microsoft RSA Root Certificate Authority 2017, O=Microsoft Corporation, C=US, Issuer:CN=Microsoft RSA Root Certificate Authority 2017, O=Microsoft Corporation, C=US, Key type:RSA, Length:4096, Cert Id:-1446618248, Valid from:12/18/19, 5:51 PM, Valid until:7/18/42, 7:00 PM
?[0m?[0;34m2024-07-18T17:39:30.403-04:00 DEBUG 93785 --- [    Test worker] jdk.event.security                       : X509Certificate: Alg:SHA1withRSA, Serial:3ab6508b, Subject:CN=QuoVadis Root Certification Authority, OU=Root Certification Authority, O=QuoVadis Limited, C=BM, Issuer:CN=QuoVadis Root Certification Authority, OU=Root Certification Authority, O=QuoVadis Limited, C=BM, Key type:RSA, Length:2048, Cert Id:-1882405602, Valid from:3/19/01, 1:33 PM, Valid until:3/17/21, 2:33 PM
?[0m?[0;34m2024-07-18T17:39:30.404-04:00 DEBUG 93785 --- [    Test worker] jdk.event.security                       : X509Certificate: Alg:SHA256withRSA, Serial:78585f2ead2c194be3370735341328b596d46593, Subject:CN=QuoVadis Root CA 1 G3, O=QuoVadis Limited, C=BM, Issuer:CN=QuoVadis Root CA 1 G3, O=QuoVadis Limited, C=BM, Key type:RSA, Length:4096, Cert Id:-762436034, Valid from:1/12/12, 12:27 PM, Valid until:1/12/42, 12:27 PM
?[0m?[0;34m2024-07-18T17:39:30.404-04:00 DEBUG 93785 --- [    Test worker] jdk.event.security                       : X509Certificate: Alg:SHA1withRSA, Serial:509, Subject:CN=QuoVadis Root CA 2, O=QuoVadis Limited, C=BM, Issuer:CN=QuoVadis Root CA 2, O=QuoVadis Limited, C=BM, Key type:RSA, Length:4096, Cert Id:338250116, Valid from:11/24/06, 1:27 PM, Valid until:11/24/31, 1:23 PM
?[0m?[0;34m2024-07-18T17:39:30.404-04:00 DEBUG 93785 --- [    Test worker] jdk.event.security                       : X509Certificate: Alg:SHA256withRSA, Serial:445734245b81899b35f2ceb82b3b5ba726f07528, Subject:CN=QuoVadis Root CA 2 G3, O=QuoVadis Limited, C=BM, Issuer:CN=QuoVadis Root CA 2 G3, O=QuoVadis Limited, C=BM, Key type:RSA, Length:4096, Cert Id:696763521, Valid from:1/12/12, 1:59 PM, Valid until:1/12/42, 1:59 PM
?[0m?[0;34m2024-07-18T17:39:30.404-04:00 DEBUG 93785 --- [    Test worker] jdk.event.security                       : X509Certificate: Alg:SHA1withRSA, Serial:5c6, Subject:CN=QuoVadis Root CA 3, O=QuoVadis Limited, C=BM, Issuer:CN=QuoVadis Root CA 3, O=QuoVadis Limited, C=BM, Key type:RSA, Length:4096, Cert Id:1470392860, Valid from:11/24/06, 2:11 PM, Valid until:11/24/31, 2:06 PM
?[0m?[0;34m2024-07-18T17:39:30.405-04:00 DEBUG 93785 --- [    Test worker] jdk.event.security                       : X509Certificate: Alg:SHA256withRSA, Serial:2ef59b0228a7db7affd5a3a9eebd03a0cf126a1d, Subject:CN=QuoVadis Root CA 3 G3, O=QuoVadis Limited, C=BM, Issuer:CN=QuoVadis Root CA 3 G3, O=QuoVadis Limited, C=BM, Key type:RSA, Length:4096, Cert Id:-705622991, Valid from:1/12/12, 3:26 PM, Valid until:1/12/42, 3:26 PM
?[0m?[0;34m2024-07-18T17:39:30.405-04:00 DEBUG 93785 --- [    Test worker] jdk.event.security                       : X509Certificate: Alg:SHA256withRSA, Serial:0, Subject:OU=Security Communication RootCA2, O="SECOM Trust Systems CO.,LTD.", C=JP, Issuer:OU=Security Communication RootCA2, O="SECOM Trust Systems CO.,LTD.", C=JP, Key type:RSA, Length:2048, Cert Id:1521072570, Valid from:5/29/09, 1:00 AM, Valid until:5/29/29, 1:00 AM
?[0m?[0;34m2024-07-18T17:39:30.405-04:00 DEBUG 93785 --- [    Test worker] jdk.event.security                       : X509Certificate: Alg:SHA1withRSA, Serial:cf08e5c0816a5ad427ff0eb271859d0, Subject:CN=SecureTrust CA, O=SecureTrust Corporation, C=US, Issuer:CN=SecureTrust CA, O=SecureTrust Corporation, C=US, Key type:RSA, Length:2048, Cert Id:2034155325, Valid from:11/7/06, 2:31 PM, Valid until:12/31/29, 2:40 PM
?[0m?[0;34m2024-07-18T17:39:30.406-04:00 DEBUG 93785 --- [    Test worker] jdk.event.security                       : X509Certificate: Alg:SHA256withECDSA, Serial:75e6dfcbc1685ba8, Subject:CN=SSL.com Root Certification Authority ECC, O=SSL Corporation, L=Houston, ST=Texas, C=US, Issuer:CN=SSL.com Root Certification Authority ECC, O=SSL Corporation, L=Houston, ST=Texas, C=US, Key type:EC, Length:384, Cert Id:-1368293613, Valid from:2/12/16, 1:14 PM, Valid until:2/12/41, 1:14 PM
?[0m?[0;34m2024-07-18T17:39:30.406-04:00 DEBUG 93785 --- [    Test worker] jdk.event.security                       : X509Certificate: Alg:SHA256withRSA, Serial:56b629cd34bc78f6, Subject:CN=SSL.com EV Root Certification Authority RSA R2, O=SSL Corporation, L=Houston, ST=Texas, C=US, Issuer:CN=SSL.com EV Root Certification Authority RSA R2, O=SSL Corporation, L=Houston, ST=Texas, C=US, Key type:RSA, Length:4096, Cert Id:1381862403, Valid from:5/31/17, 2:14 PM, Valid until:5/30/42, 2:14 PM
?[0m?[0;34m2024-07-18T17:39:30.406-04:00 DEBUG 93785 --- [    Test worker] jdk.event.security                       : X509Certificate: Alg:SHA256withRSA, Serial:7b2c9bd316803299, Subject:CN=SSL.com Root Certification Authority RSA, O=SSL Corporation, L=Houston, ST=Texas, C=US, Issuer:CN=SSL.com Root Certification Authority RSA, O=SSL Corporation, L=Houston, ST=Texas, C=US, Key type:RSA, Length:4096, Cert Id:156725711, Valid from:2/12/16, 12:39 PM, Valid until:2/12/41, 12:39 PM
?[0m?[0;34m2024-07-18T17:39:30.406-04:00 DEBUG 93785 --- [    Test worker] jdk.event.security                       : X509Certificate: Alg:SHA1withRSA, Serial:0, Subject:OU=Starfield Class 2 Certification Authority, O="Starfield Technologies, Inc.", C=US, Issuer:OU=Starfield Class 2 Certification Authority, O="Starfield Technologies, Inc.", C=US, Key type:RSA, Length:2048, Cert Id:1825617644, Valid from:6/29/04, 1:39 PM, Valid until:6/29/34, 1:39 PM
?[0m?[0;34m2024-07-18T17:39:30.407-04:00 DEBUG 93785 --- [    Test worker] jdk.event.security                       : X509Certificate: Alg:SHA256withRSA, Serial:0, Subject:CN=Starfield Root Certificate Authority - G2, O="Starfield Technologies, Inc.", L=Scottsdale, ST=Arizona, C=US, Issuer:CN=Starfield Root Certificate Authority - G2, O="Starfield Technologies, Inc.", L=Scottsdale, ST=Arizona, C=US, Key type:RSA, Length:2048, Cert Id:-1026641587, Valid from:8/31/09, 8:00 PM, Valid until:12/31/37, 6:59 PM
?[0m?[0;34m2024-07-18T17:39:30.407-04:00 DEBUG 93785 --- [    Test worker] jdk.event.security                       : X509Certificate: Alg:SHA256withRSA, Serial:0, Subject:CN=Starfield Services Root Certificate Authority - G2, O="Starfield Technologies, Inc.", L=Scottsdale, ST=Arizona, C=US, Issuer:CN=Starfield Services Root Certificate Authority - G2, O="Starfield Technologies, Inc.", L=Scottsdale, ST=Arizona, C=US, Key type:RSA, Length:2048, Cert Id:1964785574, Valid from:8/31/09, 8:00 PM, Valid until:12/31/37, 6:59 PM
?[0m?[0;34m2024-07-18T17:39:30.408-04:00 DEBUG 93785 --- [    Test worker] jdk.event.security                       : X509Certificate: Alg:SHA1withRSA, Serial:bb401c43f55e4fb0, Subject:CN=SwissSign Gold CA - G2, O=SwissSign AG, C=CH, Issuer:CN=SwissSign Gold CA - G2, O=SwissSign AG, C=CH, Key type:RSA, Length:4096, Cert Id:1516221943, Valid from:10/25/06, 4:30 AM, Valid until:10/25/36, 4:30 AM
?[0m?[0;34m2024-07-18T17:39:30.408-04:00 DEBUG 93785 --- [    Test worker] jdk.event.security                       : X509Certificate: Alg:SHA1withRSA, Serial:4eb200670c035d4f, Subject:CN=SwissSign Platinum CA - G2, O=SwissSign AG, C=CH, Issuer:CN=SwissSign Platinum CA - G2, O=SwissSign AG, C=CH, Key type:RSA, Length:4096, Cert Id:771312514, Valid from:10/25/06, 4:36 AM, Valid until:10/25/36, 4:36 AM
?[0m?[0;34m2024-07-18T17:39:30.408-04:00 DEBUG 93785 --- [    Test worker] jdk.event.security                       : X509Certificate: Alg:SHA1withRSA, Serial:4f1bd42f54bb2f4b, Subject:CN=SwissSign Silver CA - G2, O=SwissSign AG, C=CH, Issuer:CN=SwissSign Silver CA - G2, O=SwissSign AG, C=CH, Key type:RSA, Length:4096, Cert Id:126726124, Valid from:10/25/06, 4:32 AM, Valid until:10/25/36, 4:32 AM
?[0m?[0;34m2024-07-18T17:39:30.408-04:00 DEBUG 93785 --- [    Test worker] jdk.event.security                       : X509Certificate: Alg:SHA256withRSA, Serial:1675f27d6fe7ae3e4acbe095b059e, Subject:CN=Telia Root CA v2, O=Telia Finland Oyj, C=FI, Issuer:CN=Telia Root CA v2, O=Telia Finland Oyj, C=FI, Key type:RSA, Length:4096, Cert Id:-821903320, Valid from:11/29/18, 6:55 AM, Valid until:11/29/43, 6:55 AM
?[0m?[0;34m2024-07-18T17:39:30.409-04:00 DEBUG 93785 --- [    Test worker] jdk.event.security                       : X509Certificate: Alg:SHA1withRSA, Serial:95be16a0f72e46f17b398272fa8bcd96, Subject:CN=TeliaSonera Root CA v1, O=TeliaSonera, Issuer:CN=TeliaSonera Root CA v1, O=TeliaSonera, Key type:RSA, Length:4096, Cert Id:1495358374, Valid from:10/18/07, 8:00 AM, Valid until:10/18/32, 8:00 AM
?[0m?[0;34m2024-07-18T17:39:30.409-04:00 DEBUG 93785 --- [    Test worker] jdk.event.security                       : X509Certificate: Alg:SHA1withRSA, Serial:344ed55720d5edec49f42fce37db2b6d, Subject:CN=thawte Primary Root CA, OU="(c) 2006 thawte, Inc. - For authorized use only", OU=Certification Services Division, O="thawte, Inc.", C=US, Issuer:CN=thawte Primary Root CA, OU="(c) 2006 thawte, Inc. - For authorized use only", OU=Certification Services Division, O="thawte, Inc.", C=US, Key type:RSA, Length:2048, Cert Id:643000026, Valid from:11/16/06, 7:00 PM, Valid until:7/16/36, 7:59 PM
?[0m?[0;34m2024-07-18T17:39:30.410-04:00 DEBUG 93785 --- [    Test worker] jdk.event.security                       : X509Certificate: Alg:SHA384withECDSA, Serial:35fc265cd9844fc93d263d579baed756, Subject:CN=thawte Primary Root CA - G2, OU="(c) 2007 thawte, Inc. - For authorized use only", O="thawte, Inc.", C=US, Issuer:CN=thawte Primary Root CA - G2, OU="(c) 2007 thawte, Inc. - For authorized use only", O="thawte, Inc.", C=US, Key type:EC, Length:384, Cert Id:2068083090, Valid from:11/4/07, 7:00 PM, Valid until:1/18/38, 6:59 PM
?[0m?[0;34m2024-07-18T17:39:30.411-04:00 DEBUG 93785 --- [    Test worker] jdk.event.security                       : X509Certificate: Alg:SHA256withRSA, Serial:600197b746a7eab4b49ad64b2ff790fb, Subject:CN=thawte Primary Root CA - G3, OU="(c) 2008 thawte, Inc. - For authorized use only", OU=Certification Services Division, O="thawte, Inc.", C=US, Issuer:CN=thawte Primary Root CA - G3, OU="(c) 2008 thawte, Inc. - For authorized use only", OU=Certification Services Division, O="thawte, Inc.", C=US, Key type:RSA, Length:2048, Cert Id:1032730720, Valid from:4/1/08, 8:00 PM, Valid until:12/1/37, 6:59 PM
?[0m?[0;34m2024-07-18T17:39:30.411-04:00 DEBUG 93785 --- [    Test worker] jdk.event.security                       : X509Certificate: Alg:SHA256withRSA, Serial:1, Subject:CN=T-TeleSec GlobalRoot Class 2, OU=T-Systems Trust Center, O=T-Systems Enterprise Services GmbH, C=DE, Issuer:CN=T-TeleSec GlobalRoot Class 2, OU=T-Systems Trust Center, O=T-Systems Enterprise Services GmbH, C=DE, Key type:RSA, Length:2048, Cert Id:-1238464039, Valid from:10/1/08, 6:40 AM, Valid until:10/1/33, 7:59 PM
?[0m?[0;34m2024-07-18T17:39:30.411-04:00 DEBUG 93785 --- [    Test worker] jdk.event.security                       : X509Certificate: Alg:SHA256withRSA, Serial:1, Subject:CN=T-TeleSec GlobalRoot Class 3, OU=T-Systems Trust Center, O=T-Systems Enterprise Services GmbH, C=DE, Issuer:CN=T-TeleSec GlobalRoot Class 3, OU=T-Systems Trust Center, O=T-Systems Enterprise Services GmbH, C=DE, Key type:RSA, Length:2048, Cert Id:1894096264, Valid from:10/1/08, 6:29 AM, Valid until:10/1/33, 7:59 PM
?[0m?[0;34m2024-07-18T17:39:30.411-04:00 DEBUG 93785 --- [    Test worker] jdk.event.security                       : X509Certificate: Alg:SHA256withRSA, Serial:cbe, Subject:CN=TWCA Global Root CA, OU=Root CA, O=TAIWAN-CA, C=TW, Issuer:CN=TWCA Global Root CA, OU=Root CA, O=TAIWAN-CA, C=TW, Key type:RSA, Length:4096, Cert Id:861175838, Valid from:6/27/12, 2:28 AM, Valid until:12/31/30, 10:59 AM
?[0m?[0;34m2024-07-18T17:39:30.411-04:00 DEBUG 93785 --- [    Test worker] jdk.event.security                       : X509Certificate: Alg:SHA384withECDSA, Serial:5c8b99c55a94c5d27156decd8980cc26, Subject:CN=USERTrust ECC Certification Authority, O=The USERTRUST Network, L=Jersey City, ST=New Jersey, C=US, Issuer:CN=USERTrust ECC Certification Authority, O=The USERTRUST Network, L=Jersey City, ST=New Jersey, C=US, Key type:EC, Length:384, Cert Id:-965679910, Valid from:1/31/10, 7:00 PM, Valid until:1/18/38, 6:59 PM
?[0m?[0;34m2024-07-18T17:39:30.412-04:00 DEBUG 93785 --- [    Test worker] jdk.event.security                       : X509Certificate: Alg:SHA384withRSA, Serial:1fd6d30fca3ca51a81bbc640e35032d, Subject:CN=USERTrust RSA Certification Authority, O=The USERTRUST Network, L=Jersey City, ST=New Jersey, C=US, Issuer:CN=USERTrust RSA Certification Authority, O=The USERTRUST Network, L=Jersey City, ST=New Jersey, C=US, Key type:RSA, Length:4096, Cert Id:-347365895, Valid from:1/31/10, 7:00 PM, Valid until:1/18/38, 6:59 PM
?[0m?[0;34m2024-07-18T17:39:30.412-04:00 DEBUG 93785 --- [    Test worker] jdk.event.security                       : X509Certificate: Alg:SHA1withRSA, Serial:44be0c8b500024b411d3362de0b35f1b, Subject:CN=UTN-USERFirst-Object, OU=http://www.usertrust.com, O=The USERTRUST Network, L=Salt Lake City, ST=UT, C=US, Issuer:CN=UTN-USERFirst-Object, OU=http://www.usertrust.com, O=The USERTRUST Network, L=Salt Lake City, ST=UT, C=US, Key type:RSA, Length:2048, Cert Id:-297053428, Valid from:7/9/99, 2:31 PM, Valid until:7/9/19, 2:40 PM
?[0m?[0;34m2024-07-18T17:39:30.412-04:00 DEBUG 93785 --- [    Test worker] jdk.event.security                       : X509Certificate: Alg:SHA1withRSA, Serial:9b7e0649a33e62b9d5ee90487129ef57, Subject:CN=VeriSign Class 3 Public Primary Certification Authority - G3, OU="(c) 1999 VeriSign, Inc. - For authorized use only", OU=VeriSign Trust Network, O="VeriSign, Inc.", C=US, Issuer:CN=VeriSign Class 3 Public Primary Certification Authority - G3, OU="(c) 1999 VeriSign, Inc. - For authorized use only", OU=VeriSign Trust Network, O="VeriSign, Inc.", C=US, Key type:RSA, Length:2048, Cert Id:2057300190, Valid from:9/30/99, 8:00 PM, Valid until:7/16/36, 7:59 PM
?[0m?[0;34m2024-07-18T17:39:30.412-04:00 DEBUG 93785 --- [    Test worker] jdk.event.security                       : X509Certificate: Alg:SHA384withECDSA, Serial:2f80fe238c0e220f486712289187acb3, Subject:CN=VeriSign Class 3 Public Primary Certification Authority - G4, OU="(c) 2007 VeriSign, Inc. - For authorized use only", OU=VeriSign Trust Network, O="VeriSign, Inc.", C=US, Issuer:CN=VeriSign Class 3 Public Primary Certification Authority - G4, OU="(c) 2007 VeriSign, Inc. - For authorized use only", OU=VeriSign Trust Network, O="VeriSign, Inc.", C=US, Key type:EC, Length:384, Cert Id:-131493977, Valid from:11/4/07, 7:00 PM, Valid until:1/18/38, 6:59 PM
?[0m?[0;34m2024-07-18T17:39:30.412-04:00 DEBUG 93785 --- [    Test worker] jdk.event.security                       : X509Certificate: Alg:SHA1withRSA, Serial:18dad19e267de8bb4a2158cdcc6b3b4a, Subject:CN=VeriSign Class 3 Public Primary Certification Authority - G5, OU="(c) 2006 VeriSign, Inc. - For authorized use only", OU=VeriSign Trust Network, O="VeriSign, Inc.", C=US, Issuer:CN=VeriSign Class 3 Public Primary Certification Authority - G5, OU="(c) 2006 VeriSign, Inc. - For authorized use only", OU=VeriSign Trust Network, O="VeriSign, Inc.", C=US, Key type:RSA, Length:2048, Cert Id:303010488, Valid from:11/7/06, 7:00 PM, Valid until:7/16/36, 7:59 PM
?[0m?[0;34m2024-07-18T17:39:30.413-04:00 DEBUG 93785 --- [    Test worker] jdk.event.security                       : X509Certificate: Alg:SHA256withRSA, Serial:401ac46421b31321030ebbe4121ac51d, Subject:CN=VeriSign Universal Root Certification Authority, OU="(c) 2008 VeriSign, Inc. - For authorized use only", OU=VeriSign Trust Network, O="VeriSign, Inc.", C=US, Issuer:CN=VeriSign Universal Root Certification Authority, OU="(c) 2008 VeriSign, Inc. - For authorized use only", OU=VeriSign Trust Network, O="VeriSign, Inc.", C=US, Key type:RSA, Length:2048, Cert Id:-1976681486, Valid from:4/1/08, 8:00 PM, Valid until:12/1/37, 6:59 PM
?[0m?[0;34m2024-07-18T17:39:30.413-04:00 DEBUG 93785 --- [    Test worker] jdk.event.security                       : X509Certificate: Alg:SHA1withRSA, Serial:50946cec18ead59c4dd597ef758fa0ad, Subject:CN=XRamp Global Certification Authority, O=XRamp Security Services Inc, OU=www.xrampsecurity.com, C=US, Issuer:CN=XRamp Global Certification Authority, O=XRamp Security Services Inc, OU=www.xrampsecurity.com, C=US, Key type:RSA, Length:2048, Cert Id:-952474086, Valid from:11/1/04, 12:14 PM, Valid until:1/1/35, 12:37 AM
?[0m?[0;34m2024-07-18T17:39:30.414-04:00 DEBUG 93785 --- [    Test worker] o.a.h.client.protocol.RequestAddCookies  : CookieSpec selected: default
?[0m?[0;34m2024-07-18T17:39:30.414-04:00 DEBUG 93785 --- [    Test worker] o.a.h.client.protocol.RequestAuthCache   : Auth cache not set in the context
?[0m?[0;34m2024-07-18T17:39:30.414-04:00 DEBUG 93785 --- [    Test worker] h.i.c.PoolingHttpClientConnectionManager : Connection request: [route: {}->http://localhost:28852][total available: 0; route allocated: 0 of 2; total allocated: 0 of 20]
?[0m?[0;34m2024-07-18T17:39:30.415-04:00 DEBUG 93785 --- [    Test worker] h.i.c.PoolingHttpClientConnectionManager : Connection leased: [id: 8][route: {}->http://localhost:28852][total available: 0; route allocated: 1 of 2; total allocated: 1 of 20]
?[0m?[0;34m2024-07-18T17:39:30.415-04:00 DEBUG 93785 --- [    Test worker] o.a.http.impl.execchain.MainClientExec   : Opening connection {}->http://localhost:28852
?[0m?[0;34m2024-07-18T17:39:30.415-04:00 DEBUG 93785 --- [    Test worker] .i.c.DefaultHttpClientConnectionOperator : Connecting to localhost/127.0.0.1:28852
?[0m?[0;34m2024-07-18T17:39:30.415-04:00 DEBUG 93785 --- [-28852-Acceptor] o.apache.tomcat.util.threads.LimitLatch  : Counting up[http-nio-28852-Acceptor] latch=1
?[0m?[0;34m2024-07-18T17:39:30.416-04:00 DEBUG 93785 --- [    Test worker] .i.c.DefaultHttpClientConnectionOperator : Connection established 127.0.0.1:62459<->127.0.0.1:28852
?[0m?[0;34m2024-07-18T17:39:30.416-04:00 DEBUG 93785 --- [    Test worker] o.a.http.impl.execchain.MainClientExec   : Executing request GET /api/auth/list HTTP/1.1
?[0m?[0;34m2024-07-18T17:39:30.416-04:00 DEBUG 93785 --- [    Test worker] o.a.http.impl.execchain.MainClientExec   : Proxy auth state: UNCHALLENGED
?[0m?[0;34m2024-07-18T17:39:30.416-04:00 DEBUG 93785 --- [    Test worker] org.apache.http.headers                  : http-outgoing-8 >> GET /api/auth/list HTTP/1.1
?[0m?[0;34m2024-07-18T17:39:30.416-04:00 DEBUG 93785 --- [    Test worker] org.apache.http.headers                  : http-outgoing-8 >> Authorization: Basic am9obmRvZTE6b01vYTNWdnFuTHhX
?[0m?[0;34m2024-07-18T17:39:30.416-04:00 DEBUG 93785 --- [    Test worker] org.apache.http.headers                  : http-outgoing-8 >> Host: localhost:28852
?[0m?[0;34m2024-07-18T17:39:30.416-04:00 DEBUG 93785 --- [    Test worker] org.apache.http.headers                  : http-outgoing-8 >> Connection: Keep-Alive
?[0m?[0;34m2024-07-18T17:39:30.416-04:00 DEBUG 93785 --- [    Test worker] org.apache.http.headers                  : http-outgoing-8 >> User-Agent: Apache-HttpClient/4.5.14 (Java/17.0.11)
?[0m?[0;34m2024-07-18T17:39:30.416-04:00 DEBUG 93785 --- [    Test worker] org.apache.http.headers                  : http-outgoing-8 >> Accept-Encoding: gzip,deflate
?[0m?[0;34m2024-07-18T17:39:30.416-04:00 DEBUG 93785 --- [    Test worker] org.apache.http.wire                     : http-outgoing-8 >> "GET /api/auth/list HTTP/1.1[\r][\n]"
?[0m?[0;34m2024-07-18T17:39:30.416-04:00 DEBUG 93785 --- [    Test worker] org.apache.http.wire                     : http-outgoing-8 >> "Authorization: Basic am9obmRvZTE6b01vYTNWdnFuTHhX[\r][\n]"
?[0m?[0;34m2024-07-18T17:39:30.416-04:00 DEBUG 93785 --- [    Test worker] org.apache.http.wire                     : http-outgoing-8 >> "Host: localhost:28852[\r][\n]"
?[0m?[0;34m2024-07-18T17:39:30.416-04:00 DEBUG 93785 --- [    Test worker] org.apache.http.wire                     : http-outgoing-8 >> "Connection: Keep-Alive[\r][\n]"
?[0m?[0;34m2024-07-18T17:39:30.416-04:00 DEBUG 93785 --- [    Test worker] org.apache.http.wire                     : http-outgoing-8 >> "User-Agent: Apache-HttpClient/4.5.14 (Java/17.0.11)[\r][\n]"
?[0m?[0;34m2024-07-18T17:39:30.416-04:00 DEBUG 93785 --- [    Test worker] org.apache.http.wire                     : http-outgoing-8 >> "Accept-Encoding: gzip,deflate[\r][\n]"
?[0m?[0;34m2024-07-18T17:39:30.416-04:00 DEBUG 93785 --- [    Test worker] org.apache.http.wire                     : http-outgoing-8 >> "[\r][\n]"
?[0;34m2024-07-18T17:39:30.417-04:00 DEBUG 93785 --- [io-28852-exec-1] o.a.coyote.http11.Http11InputBuffer      : Before fill(): parsingHeader: [true], parsingRequestLine: [true], parsingRequestLinePhase: [0], parsingRequestLineStart: [0], byteBuffer.position(): [0], byteBuffer.limit(): [0], end: [0]
?[0m?[0;34m2024-07-18T17:39:30.417-04:00 DEBUG 93785 --- [io-28852-exec-1] o.a.tomcat.util.net.SocketWrapperBase    : Socket: [org.apache.tomcat.util.net.NioEndpoint$NioSocketWrapper@76dea729:org.apache.tomcat.util.net.NioChannel@78195782:java.nio.channels.SocketChannel[connected local=localhost/127.0.0.1:28852 remote=/127.0.0.1:62459]], Read from buffer: [0]
?[0m?[0;34m2024-07-18T17:39:30.417-04:00 DEBUG 93785 --- [io-28852-exec-1] org.apache.tomcat.util.net.NioEndpoint   : Socket: [org.apache.tomcat.util.net.NioEndpoint$NioSocketWrapper@76dea729:org.apache.tomcat.util.net.NioChannel@78195782:java.nio.channels.SocketChannel[connected local=localhost/127.0.0.1:28852 remote=/127.0.0.1:62459]], Read direct from socket: [213]
?[0m?[0;34m2024-07-18T17:39:30.417-04:00 DEBUG 93785 --- [io-28852-exec-1] o.a.coyote.http11.Http11InputBuffer      : Received [GET /api/auth/list HTTP/1.1
?[0m?[0;34mAuthorization: Basic am9obmRvZTE6b01vYTNWdnFuTHhX
?[0m?[0;34mHost: localhost:28852
?[0m?[0;34mConnection: Keep-Alive
?[0m?[0;34mUser-Agent: Apache-HttpClient/4.5.14 (Java/17.0.11)
?[0m?[0;34mAccept-Encoding: gzip,deflate
?[0m?[0;34m
?[0m?[0;34m]
?[0m?[0;34m2024-07-18T17:39:30.418-04:00 DEBUG 93785 --- [io-28852-exec-1] org.apache.tomcat.util.http.Parameters   : Set query string encoding to UTF-8
?[0m?[0;34m2024-07-18T17:39:30.418-04:00 DEBUG 93785 --- [io-28852-exec-1] o.a.c.authenticator.AuthenticatorBase    : Security checking request GET /api/auth/list
?[0m?[0;34m2024-07-18T17:39:30.418-04:00 DEBUG 93785 --- [io-28852-exec-1] org.apache.catalina.realm.RealmBase      :   No applicable constraints defined
?[0m?[0;34m2024-07-18T17:39:30.418-04:00 DEBUG 93785 --- [io-28852-exec-1] o.a.c.authenticator.AuthenticatorBase    : Not subject to any constraint
?[0m?[0;34m2024-07-18T17:39:30.418-04:00  INFO 93785 --- [io-28852-exec-1] o.a.c.c.C.[Tomcat].[localhost].[/]       : Initializing Spring DispatcherServlet 'dispatcherServlet'
?[0m?[0;34m2024-07-18T17:39:30.418-04:00  INFO 93785 --- [io-28852-exec-1] o.s.web.servlet.DispatcherServlet        : Initializing Servlet 'dispatcherServlet'
?[0m?[0;34m2024-07-18T17:39:30.418-04:00 DEBUG 93785 --- [io-28852-exec-1] o.s.web.servlet.DispatcherServlet        : Detected StandardServletMultipartResolver
?[0m?[0;34m2024-07-18T17:39:30.418-04:00 DEBUG 93785 --- [io-28852-exec-1] o.s.web.servlet.DispatcherServlet        : Detected AcceptHeaderLocaleResolver
?[0m?[0;34m2024-07-18T17:39:30.418-04:00 DEBUG 93785 --- [io-28852-exec-1] o.s.web.servlet.DispatcherServlet        : Detected FixedThemeResolver
?[0m?[0;34m2024-07-18T17:39:30.424-04:00 DEBUG 93785 --- [io-28852-exec-1] o.s.web.servlet.DispatcherServlet        : Detected org.springframework.web.servlet.view.DefaultRequestToViewNameTranslator@16ea56ab
?[0m?[0;34m2024-07-18T17:39:30.425-04:00 DEBUG 93785 --- [io-28852-exec-1] o.s.web.servlet.DispatcherServlet        : Detected org.springframework.web.servlet.support.SessionFlashMapManager@4eb34397
?[0m?[0;34m2024-07-18T17:39:30.425-04:00 DEBUG 93785 --- [io-28852-exec-1] o.s.web.servlet.DispatcherServlet        : enableLoggingRequestDetails='false': request parameters and headers will be masked to prevent unsafe logging of potentially sensitive data
?[0m?[0;34m2024-07-18T17:39:30.425-04:00  INFO 93785 --- [io-28852-exec-1] o.s.web.servlet.DispatcherServlet        : Completed initialization in 7 ms
?[0m?[0;34m2024-07-18T17:39:30.426-04:00 DEBUG 93785 --- [io-28852-exec-1] o.s.security.web.FilterChainProxy        : Securing GET /api/auth/list
?[0m?[0;34m2024-07-18T17:39:30.526-04:00 DEBUG 93785 --- [io-28852-exec-1] tor$SharedEntityManagerInvocationHandler : Creating new EntityManager for shared EntityManager invocation
?[0m?[0;34m2024-07-18T17:39:30.527-04:00 DEBUG 93785 --- [io-28852-exec-1] org.hibernate.orm.sql.ast.create         : Created new SQL alias : u1_0
?[0m?[0;34m2024-07-18T17:39:30.527-04:00 DEBUG 93785 --- [io-28852-exec-1] org.hibernate.orm.sql.ast.create         : Registration of TableGroup [StandardTableGroup(antifraud.model.User(215006388881946))] with identifierForTableGroup [antifraud.model.User] for NavigablePath [antifraud.model.User] 
?[0m?[0;34m2024-07-18T17:39:30.528-04:00 DEBUG 93785 --- [io-28852-exec-1] o.h.q.sqm.sql.BaseSqmToSqlAstConverter   : Determining mapping-model type for SqmParameter : org.hibernate.query.sqm.tree.expression.SqmJpaCriteriaParameterWrapper@595d8a83
?[0m?[0;34m2024-07-18T17:39:30.528-04:00 DEBUG 93785 --- [io-28852-exec-1] org.hibernate.orm.results.graph.AST      : DomainResult Graph:
?[0m?[0;34m \-EntityResultImpl [antifraud.model.User(215006388881946)]
?[0m?[0;34m |  +-BasicFetch [antifraud.model.User(215006388881946).name]
?[0m?[0;34m |  +-BasicFetch [antifraud.model.User(215006388881946).password]
?[0m?[0;34m |  \-BasicFetch [antifraud.model.User(215006388881946).username]
?[0m?[0;34m
?[0m?[0;34m2024-07-18T17:39:30.528-04:00 DEBUG 93785 --- [io-28852-exec-1] org.hibernate.orm.sql.ast.tree           : SQL AST Tree:
?[0m?[0;34m    SelectStatement {
?[0m?[0;34m      FromClause {
?[0m?[0;34m        StandardTableGroup (u1 : antifraud.model.User(215006388881946)) {
?[0m?[0;34m          primaryTableReference : app_user as u1_0
?[0m?[0;34m        }
?[0m?[0;34m      }
?[0m?[0;34m    }
?[0m?[0;34m
?[0m?[0;34m2024-07-18T17:39:30.528-04:00 DEBUG 93785 --- [io-28852-exec-1] org.hibernate.orm.sql.exec               : Skipping reading Query result cache data: cache-enabled = false, cache-mode = NORMAL
?[0m?[0;34m2024-07-18T17:39:30.528-04:00 DEBUG 93785 --- [io-28852-exec-1] org.hibernate.orm.results                : Initializer list
?[0m?[0;34m2024-07-18T17:39:30.529-04:00 DEBUG 93785 --- [io-28852-exec-1] org.hibernate.orm.results                :     antifraud.model.User(215006388881946) -> EntityResultInitializer(antifraud.model.User(215006388881946))@266126203 (SingleTableEntityPersister(antifraud.model.User))
?[0m?[0;34m2024-07-18T17:39:30.529-04:00 DEBUG 93785 --- [io-28852-exec-1] org.hibernate.SQL                        : select u1_0.id,u1_0.name,u1_0.password,u1_0.username from app_user u1_0 where upper(u1_0.username)=upper(?)
?[0m?[0;34m2024-07-18T17:39:30.627-04:00 DEBUG 93785 --- [io-28852-exec-1] o.s.s.a.dao.DaoAuthenticationProvider    : Failed to find user 'johndoe1'
?[0m?[0;34m2024-07-18T17:39:30.628-04:00 DEBUG 93785 --- [io-28852-exec-1] o.a.c.loader.WebappClassLoaderBase       :     findClass(jdk.internal.reflect.GeneratedMethodAccessor12)
?[0m?[0;34m2024-07-18T17:39:30.628-04:00 DEBUG 93785 --- [io-28852-exec-1] o.a.c.loader.WebappClassLoaderBase       :     --> Returning ClassNotFoundException
?[0m?[0;34m2024-07-18T17:39:30.627-04:00 DEBUG 93785 --- [io-28852-exec-1] o.s.s.w.a.www.BasicAuthenticationFilter  : Failed to process authentication request
?[0m?[0;34m
?[0m?[0;34morg.springframework.security.authentication.BadCredentialsException: Bad credentials
?[0m?[0;34m	at org.springframework.security.authentication.dao.AbstractUserDetailsAuthenticationProvider.authenticate(AbstractUserDetailsAuthenticationProvider.java:141) ~[spring-security-core-6.0.1.jar:6.0.1]
?[0m?[0;34m	at org.springframework.security.authentication.ProviderManager.authenticate(ProviderManager.java:182) ~[spring-security-core-6.0.1.jar:6.0.1]
?[0m?[0;34m	at org.springframework.security.authentication.ProviderManager.authenticate(ProviderManager.java:201) ~[spring-security-core-6.0.1.jar:6.0.1]
?[0m?[0;34m	at org.springframework.security.authentication.ObservationAuthenticationManager.lambda$authenticate$1(ObservationAuthenticationManager.java:53) ~[spring-security-core-6.0.1.jar:6.0.1]
?[0m?[0;34m	at io.micrometer.observation.Observation.observe(Observation.java:559) ~[micrometer-observation-1.10.3.jar:1.10.3]
?[0m?[0;34m	at org.springframework.security.authentication.ObservationAuthenticationManager.authenticate(ObservationAuthenticationManager.java:52) ~[spring-security-core-6.0.1.jar:6.0.1]
?[0m?[0;34m	at org.springframework.security.web.authentication.www.BasicAuthenticationFilter.doFilterInternal(BasicAuthenticationFilter.java:176) ~[spring-security-web-6.0.1.jar:6.0.1]
?[0m?[0;34m	at org.springframework.web.filter.OncePerRequestFilter.doFilter(OncePerRequestFilter.java:116) ~[spring-web-6.0.4.jar:6.0.4]
?[0m?[0;34m	at org.springframework.security.web.ObservationFilterChainDecorator$ObservationFilter.wrapFilter(ObservationFilterChainDecorator.java:186) ~[spring-security-web-6.0.1.jar:6.0.1]
?[0m?[0;34m	at org.springframework.security.web.ObservationFilterChainDecorator$ObservationFilter.doFilter(ObservationFilterChainDecorator.java:173) ~[spring-security-web-6.0.1.jar:6.0.1]
?[0m?[0;34m	at org.springframework.security.web.ObservationFilterChainDecorator$VirtualFilterChain.doFilter(ObservationFilterChainDecorator.java:134) ~[spring-security-web-6.0.1.jar:6.0.1]
?[0m?[0;34m	at org.springframework.security.web.authentication.logout.LogoutFilter.doFilter(LogoutFilter.java:107) ~[spring-security-web-6.0.1.jar:6.0.1]
?[0m?[0;34m	at org.springframework.security.web.authentication.logout.LogoutFilter.doFilter(LogoutFilter.java:93) ~[spring-security-web-6.0.1.jar:6.0.1]
?[0m?[0;34m	at org.springframework.security.web.ObservationFilterChainDecorator$ObservationFilter.wrapFilter(ObservationFilterChainDecorator.java:186) ~[spring-security-web-6.0.1.jar:6.0.1]
?[0m?[0;34m	at org.springframework.security.web.ObservationFilterChainDecorator$ObservationFilter.doFilter(ObservationFilterChainDecorator.java:173) ~[spring-security-web-6.0.1.jar:6.0.1]
?[0m?[0;34m	at org.springframework.security.web.ObservationFilterChainDecorator$VirtualFilterChain.doFilter(ObservationFilterChainDecorator.java:134) ~[spring-security-web-6.0.1.jar:6.0.1]
?[0m?[0;34m	at org.springframework.security.web.header.HeaderWriterFilter.doHeadersAfter(HeaderWriterFilter.java:90) ~[spring-security-web-6.0.1.jar:6.0.1]
?[0m?[0;34m	at org.springframework.security.web.header.HeaderWriterFilter.doFilterInternal(HeaderWriterFilter.java:75) ~[spring-security-web-6.0.1.jar:6.0.1]
?[0m?[0;34m	at org.springframework.web.filter.OncePerRequestFilter.doFilter(OncePerRequestFilter.java:116) ~[spring-web-6.0.4.jar:6.0.4]
?[0m?[0;34m	at org.springframework.security.web.ObservationFilterChainDecorator$ObservationFilter.wrapFilter(ObservationFilterChainDecorator.java:186) ~[spring-security-web-6.0.1.jar:6.0.1]
?[0m?[0;34m	at org.springframework.security.web.ObservationFilterChainDecorator$ObservationFilter.doFilter(ObservationFilterChainDecorator.java:173) ~[spring-security-web-6.0.1.jar:6.0.1]
?[0m?[0;34m	at org.springframework.security.web.ObservationFilterChainDecorator$VirtualFilterChain.doFilter(ObservationFilterChainDecorator.java:134) ~[spring-security-web-6.0.1.jar:6.0.1]
?[0m?[0;34m	at org.springframework.security.web.context.SecurityContextHolderFilter.doFilter(SecurityContextHolderFilter.java:82) ~[spring-security-web-6.0.1.jar:6.0.1]
?[0m?[0;34m	at org.springframework.security.web.context.SecurityContextHolderFilter.doFilter(SecurityContextHolderFilter.java:69) ~[spring-security-web-6.0.1.jar:6.0.1]
?[0m?[0;34m	at org.springframework.security.web.ObservationFilterChainDecorator$ObservationFilter.wrapFilter(ObservationFilterChainDecorator.java:186) ~[spring-security-web-6.0.1.jar:6.0.1]
?[0m?[0;34m	at org.springframework.security.web.ObservationFilterChainDecorator$ObservationFilter.doFilter(ObservationFilterChainDecorator.java:173) ~[spring-security-web-6.0.1.jar:6.0.1]
?[0m?[0;34m	at org.springframework.security.web.ObservationFilterChainDecorator$VirtualFilterChain.doFilter(ObservationFilterChainDecorator.java:134) ~[spring-security-web-6.0.1.jar:6.0.1]
?[0m?[0;34m	at org.springframework.security.web.context.request.async.WebAsyncManagerIntegrationFilter.doFilterInternal(WebAsyncManagerIntegrationFilter.java:62) ~[spring-security-web-6.0.1.jar:6.0.1]
?[0m?[0;34m	at org.springframework.web.filter.OncePerRequestFilter.doFilter(OncePerRequestFilter.java:116) ~[spring-web-6.0.4.jar:6.0.4]
?[0m?[0;34m	at org.springframework.security.web.ObservationFilterChainDecorator$ObservationFilter.wrapFilter(ObservationFilterChainDecorator.java:186) ~[spring-security-web-6.0.1.jar:6.0.1]
?[0m?[0;34m	at org.springframework.security.web.ObservationFilterChainDecorator$ObservationFilter.doFilter(ObservationFilterChainDecorator.java:173) ~[spring-security-web-6.0.1.jar:6.0.1]
?[0m?[0;34m	at org.springframework.security.web.ObservationFilterChainDecorator$VirtualFilterChain.doFilter(ObservationFilterChainDecorator.java:134) ~[spring-security-web-6.0.1.jar:6.0.1]
?[0m?[0;34m	at org.springframework.security.web.session.DisableEncodeUrlFilter.doFilterInternal(DisableEncodeUrlFilter.java:42) ~[spring-security-web-6.0.1.jar:6.0.1]
?[0m?[0;34m	at org.springframework.web.filter.OncePerRequestFilter.doFilter(OncePerRequestFilter.java:116) ~[spring-web-6.0.4.jar:6.0.4]
?[0m?[0;34m	at org.springframework.security.web.ObservationFilterChainDecorator$ObservationFilter.wrapFilter(ObservationFilterChainDecorator.java:186) ~[spring-security-web-6.0.1.jar:6.0.1]
?[0m?[0;34m	at org.springframework.security.web.ObservationFilterChainDecorator$AroundFilterObservation$SimpleAroundFilterObservation.lambda$wrap$0(ObservationFilterChainDecorator.java:280) ~[spring-security-web-6.0.1.jar:6.0.1]
?[0m?[0;34m	at org.springframework.security.web.ObservationFilterChainDecorator$ObservationFilter.doFilter(ObservationFilterChainDecorator.java:170) ~[spring-security-web-6.0.1.jar:6.0.1]
?[0m?[0;34m	at org.springframework.security.web.ObservationFilterChainDecorator$VirtualFilterChain.doFilter(ObservationFilterChainDecorator.java:134) ~[spring-security-web-6.0.1.jar:6.0.1]
?[0m?[0;34m	at org.springframework.security.web.FilterChainProxy.doFilterInternal(FilterChainProxy.java:233) ~[spring-security-web-6.0.1.jar:6.0.1]
?[0m?[0;34m	at org.springframework.security.web.FilterChainProxy.doFilter(FilterChainProxy.java:191) ~[spring-security-web-6.0.1.jar:6.0.1]
?[0m?[0;34m	at org.springframework.web.filter.DelegatingFilterProxy.invokeDelegate(DelegatingFilterProxy.java:351) ~[spring-web-6.0.4.jar:6.0.4]
?[0m?[0;34m	at org.springframework.web.filter.DelegatingFilterProxy.doFilter(DelegatingFilterProxy.java:267) ~[spring-web-6.0.4.jar:6.0.4]
?[0m?[0;34m	at jdk.internal.reflect.GeneratedMethodAccessor12.invoke(Unknown Source) ~[na:na]
?[0m?[0;34m	at java.base/jdk.internal.reflect.DelegatingMethodAccessorImpl.invoke(DelegatingMethodAccessorImpl.java:43) ~[na:na]
?[0m?[0;34m	at java.base/java.lang.reflect.Method.invoke(Method.java:568) ~[na:na]
?[0m?[0;34m	at org.apache.catalina.security.SecurityUtil.lambda$execute$0(SecurityUtil.java:281) ~[tomcat-embed-core-10.1.5.jar:10.1.5]
?[0m?[0;34m	at java.base/java.security.AccessController.doPrivileged(AccessController.java:712) ~[na:na]
?[0m?[0;34m	at java.base/javax.security.auth.Subject.doAsPrivileged(Subject.java:584) ~[na:na]
?[0m?[0;34m	at org.apache.catalina.security.SecurityUtil.execute(SecurityUtil.java:312) ~[tomcat-embed-core-10.1.5.jar:10.1.5]
?[0m?[0;34m	at org.apache.catalina.security.SecurityUtil.doAsPrivilege(SecurityUtil.java:254) ~[tomcat-embed-core-10.1.5.jar:10.1.5]
?[0m?[0;34m	at org.apache.catalina.core.ApplicationFilterChain.internalDoFilter(ApplicationFilterChain.java:183) ~[tomcat-embed-core-10.1.5.jar:10.1.5]
?[0m?[0;34m	at org.apache.catalina.core.ApplicationFilterChain.lambda$doFilter$0(ApplicationFilterChain.java:141) ~[tomcat-embed-core-10.1.5.jar:10.1.5]
?[0m?[0;34m	at java.base/java.security.AccessController.doPrivileged(AccessController.java:569) ~[na:na]
?[0m?[0;34m	at org.apache.catalina.core.ApplicationFilterChain.doFilter(ApplicationFilterChain.java:139) ~[tomcat-embed-core-10.1.5.jar:10.1.5]
?[0m?[0;34m	at org.springframework.web.filter.RequestContextFilter.doFilterInternal(RequestContextFilter.java:100) ~[spring-web-6.0.4.jar:6.0.4]
?[0m?[0;34m	at org.springframework.web.filter.OncePerRequestFilter.doFilter(OncePerRequestFilter.java:116) ~[spring-web-6.0.4.jar:6.0.4]
?[0m?[0;34m	at jdk.internal.reflect.GeneratedMethodAccessor12.invoke(Unknown Source) ~[na:na]
?[0m?[0;34m	at java.base/jdk.internal.reflect.DelegatingMethodAccessorImpl.invoke(DelegatingMethodAccessorImpl.java:43) ~[na:na]
?[0m?[0;34m	at java.base/java.lang.reflect.Method.invoke(Method.java:568) ~[na:na]
?[0m?[0;34m	at org.apache.catalina.security.SecurityUtil.lambda$execute$0(SecurityUtil.java:281) ~[tomcat-embed-core-10.1.5.jar:10.1.5]
?[0m?[0;34m	at java.base/java.security.AccessController.doPrivileged(AccessController.java:712) ~[na:na]
?[0m?[0;34m	at java.base/javax.security.auth.Subject.doAsPrivileged(Subject.java:584) ~[na:na]
?[0m?[0;34m	at org.apache.catalina.security.SecurityUtil.execute(SecurityUtil.java:312) ~[tomcat-embed-core-10.1.5.jar:10.1.5]
?[0m?[0;34m	at org.apache.catalina.security.SecurityUtil.doAsPrivilege(SecurityUtil.java:254) ~[tomcat-embed-core-10.1.5.jar:10.1.5]
?[0m?[0;34m	at org.apache.catalina.core.ApplicationFilterChain.internalDoFilter(ApplicationFilterChain.java:183) ~[tomcat-embed-core-10.1.5.jar:10.1.5]
?[0m?[0;34m	at org.apache.catalina.core.ApplicationFilterChain.lambda$doFilter$0(ApplicationFilterChain.java:141) ~[tomcat-embed-core-10.1.5.jar:10.1.5]
?[0m?[0;34m	at java.base/java.security.AccessController.doPrivileged(AccessController.java:569) ~[na:na]
?[0m?[0;34m	at org.apache.catalina.core.ApplicationFilterChain.doFilter(ApplicationFilterChain.java:139) ~[tomcat-embed-core-10.1.5.jar:10.1.5]
?[0m?[0;34m	at org.springframework.web.filter.FormContentFilter.doFilterInternal(FormContentFilter.java:93) ~[spring-web-6.0.4.jar:6.0.4]
?[0m?[0;34m	at org.springframework.web.filter.OncePerRequestFilter.doFilter(OncePerRequestFilter.java:116) ~[spring-web-6.0.4.jar:6.0.4]
?[0m?[0;34m	at jdk.internal.reflect.GeneratedMethodAccessor12.invoke(Unknown Source) ~[na:na]
?[0m?[0;34m	at java.base/jdk.internal.reflect.DelegatingMethodAccessorImpl.invoke(DelegatingMethodAccessorImpl.java:43) ~[na:na]
?[0m?[0;34m	at java.base/java.lang.reflect.Method.invoke(Method.java:568) ~[na:na]
?[0m?[0;34m	at org.apache.catalina.security.SecurityUtil.lambda$execute$0(SecurityUtil.java:281) ~[tomcat-embed-core-10.1.5.jar:10.1.5]
?[0m?[0;34m	at java.base/java.security.AccessController.doPrivileged(AccessController.java:712) ~[na:na]
?[0m?[0;34m	at java.base/javax.security.auth.Subject.doAsPrivileged(Subject.java:584) ~[na:na]
?[0m?[0;34m	at org.apache.catalina.security.SecurityUtil.execute(SecurityUtil.java:312) ~[tomcat-embed-core-10.1.5.jar:10.1.5]
?[0m?[0;34m	at org.apache.catalina.security.SecurityUtil.doAsPrivilege(SecurityUtil.java:254) ~[tomcat-embed-core-10.1.5.jar:10.1.5]
?[0m?[0;34m	at org.apache.catalina.core.ApplicationFilterChain.internalDoFilter(ApplicationFilterChain.java:183) ~[tomcat-embed-core-10.1.5.jar:10.1.5]
?[0m?[0;34m	at org.apache.catalina.core.ApplicationFilterChain.lambda$doFilter$0(ApplicationFilterChain.java:141) ~[tomcat-embed-core-10.1.5.jar:10.1.5]
?[0m?[0;34m	at java.base/java.security.AccessController.doPrivileged(AccessController.java:569) ~[na:na]
?[0m?[0;34m	at org.apache.catalina.core.ApplicationFilterChain.doFilter(ApplicationFilterChain.java:139) ~[tomcat-embed-core-10.1.5.jar:10.1.5]
?[0m?[0;34m	at org.springframework.web.filter.ServerHttpObservationFilter.doFilterInternal(ServerHttpObservationFilter.java:109) ~[spring-web-6.0.4.jar:6.0.4]
?[0m?[0;34m	at org.springframework.web.filter.OncePerRequestFilter.doFilter(OncePerRequestFilter.java:116) ~[spring-web-6.0.4.jar:6.0.4]
?[0m?[0;34m	at jdk.internal.reflect.GeneratedMethodAccessor12.invoke(Unknown Source) ~[na:na]
?[0m?[0;34m	at java.base/jdk.internal.reflect.DelegatingMethodAccessorImpl.invoke(DelegatingMethodAccessorImpl.java:43) ~[na:na]
?[0m?[0;34m	at java.base/java.lang.reflect.Method.invoke(Method.java:568) ~[na:na]
?[0m?[0;34m	at org.apache.catalina.security.SecurityUtil.lambda$execute$0(SecurityUtil.java:281) ~[tomcat-embed-core-10.1.5.jar:10.1.5]
?[0m?[0;34m	at java.base/java.security.AccessController.doPrivileged(AccessController.java:712) ~[na:na]
?[0m?[0;34m	at java.base/javax.security.auth.Subject.doAsPrivileged(Subject.java:584) ~[na:na]
?[0m?[0;34m	at org.apache.catalina.security.SecurityUtil.execute(SecurityUtil.java:312) ~[tomcat-embed-core-10.1.5.jar:10.1.5]
?[0m?[0;34m	at org.apache.catalina.security.SecurityUtil.doAsPrivilege(SecurityUtil.java:254) ~[tomcat-embed-core-10.1.5.jar:10.1.5]
?[0m?[0;34m	at org.apache.catalina.core.ApplicationFilterChain.internalDoFilter(ApplicationFilterChain.java:183) ~[tomcat-embed-core-10.1.5.jar:10.1.5]
?[0m?[0;34m	at org.apache.catalina.core.ApplicationFilterChain.lambda$doFilter$0(ApplicationFilterChain.java:141) ~[tomcat-embed-core-10.1.5.jar:10.1.5]
?[0m?[0;34m	at java.base/java.security.AccessController.doPrivileged(AccessController.java:569) ~[na:na]
?[0m?[0;34m	at org.apache.catalina.core.ApplicationFilterChain.doFilter(ApplicationFilterChain.java:139) ~[tomcat-embed-core-10.1.5.jar:10.1.5]
?[0m?[0;34m	at org.springframework.web.filter.CharacterEncodingFilter.doFilterInternal(CharacterEncodingFilter.java:201) ~[spring-web-6.0.4.jar:6.0.4]
?[0m?[0;34m	at org.springframework.web.filter.OncePerRequestFilter.doFilter(OncePerRequestFilter.java:116) ~[spring-web-6.0.4.jar:6.0.4]
?[0m?[0;34m	at jdk.internal.reflect.GeneratedMethodAccessor12.invoke(Unknown Source) ~[na:na]
?[0m?[0;34m	at java.base/jdk.internal.reflect.DelegatingMethodAccessorImpl.invoke(DelegatingMethodAccessorImpl.java:43) ~[na:na]
?[0m?[0;34m	at java.base/java.lang.reflect.Method.invoke(Method.java:568) ~[na:na]
?[0m?[0;34m	at org.apache.catalina.security.SecurityUtil.lambda$execute$0(SecurityUtil.java:281) ~[tomcat-embed-core-10.1.5.jar:10.1.5]
?[0m?[0;34m	at java.base/java.security.AccessController.doPrivileged(AccessController.java:712) ~[na:na]
?[0m?[0;34m	at java.base/javax.security.auth.Subject.doAsPrivileged(Subject.java:584) ~[na:na]
?[0m?[0;34m	at org.apache.catalina.security.SecurityUtil.execute(SecurityUtil.java:312) ~[tomcat-embed-core-10.1.5.jar:10.1.5]
?[0m?[0;34m	at org.apache.catalina.security.SecurityUtil.doAsPrivilege(SecurityUtil.java:254) ~[tomcat-embed-core-10.1.5.jar:10.1.5]
?[0m?[0;34m	at org.apache.catalina.core.ApplicationFilterChain.internalDoFilter(ApplicationFilterChain.java:183) ~[tomcat-embed-core-10.1.5.jar:10.1.5]
?[0m?[0;34m	at org.apache.catalina.core.ApplicationFilterChain.lambda$doFilter$0(ApplicationFilterChain.java:141) ~[tomcat-embed-core-10.1.5.jar:10.1.5]
?[0m?[0;34m	at java.base/java.security.AccessController.doPrivileged(AccessController.java:569) ~[na:na]
?[0m?[0;34m	at org.apache.catalina.core.ApplicationFilterChain.doFilter(ApplicationFilterChain.java:139) ~[tomcat-embed-core-10.1.5.jar:10.1.5]
?[0m?[0;34m	at org.apache.catalina.core.StandardWrapperValve.invoke(StandardWrapperValve.java:177) ~[tomcat-embed-core-10.1.5.jar:10.1.5]
?[0m?[0;34m	at org.apache.catalina.core.StandardContextValve.invoke(StandardContextValve.java:97) ~[tomcat-embed-core-10.1.5.jar:10.1.5]
?[0m?[0;34m	at org.apache.catalina.authenticator.AuthenticatorBase.invoke(AuthenticatorBase.java:542) ~[tomcat-embed-core-10.1.5.jar:10.1.5]
?[0m?[0;34m	at org.apache.catalina.core.StandardHostValve.invoke(StandardHostValve.java:119) ~[tomcat-embed-core-10.1.5.jar:10.1.5]
?[0m?[0;34m	at org.apache.catalina.valves.ErrorReportValve.invoke(ErrorReportValve.java:92) ~[tomcat-embed-core-10.1.5.jar:10.1.5]
?[0m?[0;34m	at org.apache.catalina.core.StandardEngineValve.invoke(StandardEngineValve.java:78) ~[tomcat-embed-core-10.1.5.jar:10.1.5]
?[0m?[0;34m	at org.apache.catalina.connector.CoyoteAdapter.service(CoyoteAdapter.java:357) ~[tomcat-embed-core-10.1.5.jar:10.1.5]
?[0m?[0;34m	at org.apache.coyote.http11.Http11Processor.service(Http11Processor.java:400) ~[tomcat-embed-core-10.1.5.jar:10.1.5]
?[0m?[0;34m	at org.apache.coyote.AbstractProcessorLight.process(AbstractProcessorLight.java:65) ~[tomcat-embed-core-10.1.5.jar:10.1.5]
?[0m?[0;34m	at org.apache.coyote.AbstractProtocol$ConnectionHandler.process(AbstractProtocol.java:859) ~[tomcat-embed-core-10.1.5.jar:10.1.5]
?[0m?[0;34m	at org.apache.tomcat.util.net.NioEndpoint$SocketProcessor.doRun(NioEndpoint.java:1734) ~[tomcat-embed-core-10.1.5.jar:10.1.5]
?[0m?[0;34m	at org.apache.tomcat.util.net.SocketProcessorBase.run(SocketProcessorBase.java:52) ~[tomcat-embed-core-10.1.5.jar:10.1.5]
?[0m?[0;34m	at org.apache.tomcat.util.threads.ThreadPoolExecutor.runWorker(ThreadPoolExecutor.java:1191) ~[tomcat-embed-core-10.1.5.jar:10.1.5]
?[0m?[0;34m	at org.apache.tomcat.util.threads.ThreadPoolExecutor$Worker.run(ThreadPoolExecutor.java:659) ~[tomcat-embed-core-10.1.5.jar:10.1.5]
?[0m?[0;34m	at org.apache.tomcat.util.threads.TaskThread$WrappingRunnable.run(TaskThread.java:61) ~[tomcat-embed-core-10.1.5.jar:10.1.5]
?[0m?[0;34m	at java.base/java.lang.Thread.run(Thread.java:840) ~[na:na]
?[0m?[0;34m
?[0m?[0;34m2024-07-18T17:39:30.634-04:00 DEBUG 93785 --- [io-28852-exec-1] s.w.a.DelegatingAuthenticationEntryPoint : Trying to match using RequestHeaderRequestMatcher [expectedHeaderName=X-Requested-With, expectedHeaderValue=XMLHttpRequest]
?[0m?[0;34m2024-07-18T17:39:30.635-04:00 DEBUG 93785 --- [io-28852-exec-1] s.w.a.DelegatingAuthenticationEntryPoint : No match found. Using default entry point org.springframework.security.web.authentication.www.BasicAuthenticationEntryPoint@38cc43b0
?[0m?[0;34m2024-07-18T17:39:30.637-04:00 DEBUG 93785 --- [io-28852-exec-1] o.a.c.c.C.[Tomcat].[localhost]           : Processing ErrorPage[errorCode=0, location=/error]
?[0m?[0;34m2024-07-18T17:39:30.638-04:00 DEBUG 93785 --- [io-28852-exec-1] o.s.security.web.FilterChainProxy        : Securing GET /error
?[0m?[0;34m2024-07-18T17:39:30.639-04:00 DEBUG 93785 --- [io-28852-exec-1] org.apache.tomcat.util.http.Parameters   : Set encoding to UTF-8
?[0m?[0;34m2024-07-18T17:39:30.640-04:00 DEBUG 93785 --- [io-28852-exec-1] o.s.s.w.a.AnonymousAuthenticationFilter  : Set SecurityContextHolder to anonymous SecurityContext
?[0m?[0;34m2024-07-18T17:39:30.641-04:00 DEBUG 93785 --- [io-28852-exec-1] s.w.s.m.m.a.RequestMappingHandlerMapping : Mapped to org.springframework.boot.autoconfigure.web.servlet.error.BasicErrorController#error(HttpServletRequest)
?[0m?[0;34m2024-07-18T17:39:30.642-04:00 DEBUG 93785 --- [io-28852-exec-1] s.w.s.m.m.a.RequestMappingHandlerMapping : Mapped to org.springframework.boot.autoconfigure.web.servlet.error.BasicErrorController#error(HttpServletRequest)
?[0m?[0;34m2024-07-18T17:39:30.645-04:00 DEBUG 93785 --- [io-28852-exec-1] s.w.s.m.m.a.RequestMappingHandlerMapping : Mapped to org.springframework.boot.autoconfigure.web.servlet.error.BasicErrorController#error(HttpServletRequest)
?[0m?[0;34m2024-07-18T17:39:30.646-04:00 DEBUG 93785 --- [io-28852-exec-1] o.s.s.w.a.i.FilterSecurityInterceptor    : Failed to authorize filter invocation [GET /error] with attributes [authenticated]
?[0m?[0;34m2024-07-18T17:39:30.649-04:00 DEBUG 93785 --- [io-28852-exec-1] o.s.s.w.s.HttpSessionRequestCache        : Saved request http://localhost:28852/error?continue to session
?[0m?[0;34m2024-07-18T17:39:30.650-04:00 DEBUG 93785 --- [io-28852-exec-1] o.a.c.c.C.[.[.[/].[dispatcherServlet]    :  Disabling the response for further output
?[0m?[0;34m2024-07-18T17:39:30.651-04:00 DEBUG 93785 --- [    Test worker] org.apache.http.wire                     : http-outgoing-8 << "HTTP/1.1 401 [\r][\n]"
?[0m?[0;34m2024-07-18T17:39:30.651-04:00 DEBUG 93785 --- [    Test worker] org.apache.http.wire                     : http-outgoing-8 << "WWW-Authenticate: Basic realm="Realm"[\r][\n]"
?[0m?[0;34m2024-07-18T17:39:30.651-04:00 DEBUG 93785 --- [    Test worker] org.apache.http.wire                     : http-outgoing-8 << "X-Content-Type-Options: nosniff[\r][\n]"
?[0m?[0;34m2024-07-18T17:39:30.651-04:00 DEBUG 93785 --- [    Test worker] org.apache.http.wire                     : http-outgoing-8 << "X-XSS-Protection: 0[\r][\n]"
?[0m?[0;34m2024-07-18T17:39:30.651-04:00 DEBUG 93785 --- [    Test worker] org.apache.http.wire                     : http-outgoing-8 << "Cache-Control: no-cache, no-store, max-age=0, must-revalidate[\r][\n]"
?[0m?[0;34m2024-07-18T17:39:30.651-04:00 DEBUG 93785 --- [    Test worker] org.apache.http.wire                     : http-outgoing-8 << "Pragma: no-cache[\r][\n]"
?[0m?[0;34m2024-07-18T17:39:30.652-04:00 DEBUG 93785 --- [    Test worker] org.apache.http.wire                     : http-outgoing-8 << "Expires: 0[\r][\n]"
?[0m?[0;34m2024-07-18T17:39:30.652-04:00 DEBUG 93785 --- [    Test worker] org.apache.http.wire                     : http-outgoing-8 << "Set-Cookie: JSESSIONID=829304ECD50C6CC6E81E12070608FE91; Path=/; HttpOnly[\r][\n]"
?[0m?[0;34m2024-07-18T17:39:30.652-04:00 DEBUG 93785 --- [    Test worker] org.apache.http.wire                     : http-outgoing-8 << "Content-Length: 0[\r][\n]"
?[0m?[0;34m2024-07-18T17:39:30.652-04:00 DEBUG 93785 --- [    Test worker] org.apache.http.wire                     : http-outgoing-8 << "Date: Thu, 18 Jul 2024 21:39:30 GMT[\r][\n]"
?[0m?[0;34m2024-07-18T17:39:30.652-04:00 DEBUG 93785 --- [    Test worker] org.apache.http.wire                     : http-outgoing-8 << "Keep-Alive: timeout=60[\r][\n]"
?[0m?[0;34m2024-07-18T17:39:30.652-04:00 DEBUG 93785 --- [    Test worker] org.apache.http.wire                     : http-outgoing-8 << "Connection: keep-alive[\r][\n]"
?[0m?[0;34m2024-07-18T17:39:30.652-04:00 DEBUG 93785 --- [    Test worker] org.apache.http.wire                     : http-outgoing-8 << "[\r][\n]"
?[0m?[0;34m2024-07-18T17:39:30.652-04:00 DEBUG 93785 --- [    Test worker] org.apache.http.headers                  : http-outgoing-8 << HTTP/1.1 401 
?[0m?[0;34m2024-07-18T17:39:30.653-04:00 DEBUG 93785 --- [    Test worker] org.apache.http.headers                  : http-outgoing-8 << WWW-Authenticate: Basic realm="Realm"
?[0m?[0;34m2024-07-18T17:39:30.653-04:00 DEBUG 93785 --- [    Test worker] org.apache.http.headers                  : http-outgoing-8 << X-Content-Type-Options: nosniff
?[0m?[0;34m2024-07-18T17:39:30.653-04:00 DEBUG 93785 --- [    Test worker] org.apache.http.headers                  : http-outgoing-8 << X-XSS-Protection: 0
?[0m?[0;34m2024-07-18T17:39:30.653-04:00 DEBUG 93785 --- [    Test worker] org.apache.http.headers                  : http-outgoing-8 << Cache-Control: no-cache, no-store, max-age=0, must-revalidate
?[0m?[0;34m2024-07-18T17:39:30.653-04:00 DEBUG 93785 --- [    Test worker] org.apache.http.headers                  : http-outgoing-8 << Pragma: no-cache
?[0m?[0;34m2024-07-18T17:39:30.653-04:00 DEBUG 93785 --- [    Test worker] org.apache.http.headers                  : http-outgoing-8 << Expires: 0
?[0m?[0;34m2024-07-18T17:39:30.653-04:00 DEBUG 93785 --- [    Test worker] org.apache.http.headers                  : http-outgoing-8 << Set-Cookie: JSESSIONID=829304ECD50C6CC6E81E12070608FE91; Path=/; HttpOnly
?[0m?[0;34m2024-07-18T17:39:30.653-04:00 DEBUG 93785 --- [    Test worker] org.apache.http.headers                  : http-outgoing-8 << Content-Length: 0
?[0m?[0;34m2024-07-18T17:39:30.653-04:00 DEBUG 93785 --- [    Test worker] org.apache.http.headers                  : http-outgoing-8 << Date: Thu, 18 Jul 2024 21:39:30 GMT
?[0m?[0;34m2024-07-18T17:39:30.653-04:00 DEBUG 93785 --- [    Test worker] org.apache.http.headers                  : http-outgoing-8 << Keep-Alive: timeout=60
?[0m?[0;34m2024-07-18T17:39:30.653-04:00 DEBUG 93785 --- [    Test worker] org.apache.http.headers                  : http-outgoing-8 << Connection: keep-alive
?[0m?[0;34m2024-07-18T17:39:30.654-04:00 DEBUG 93785 --- [    Test worker] o.a.http.impl.execchain.MainClientExec   : Connection can be kept alive for 60000 MILLISECONDS
?[0m?[0;34m2024-07-18T17:39:30.654-04:00 DEBUG 93785 --- [    Test worker] o.a.http.impl.auth.HttpAuthenticator     : Authentication required
?[0m?[0;34m2024-07-18T17:39:30.654-04:00 DEBUG 93785 --- [    Test worker] o.a.http.impl.auth.HttpAuthenticator     : localhost:28852 requested authentication
?[0m?[0;34m2024-07-18T17:39:30.654-04:00 DEBUG 93785 --- [    Test worker] o.a.h.i.c.TargetAuthenticationStrategy   : Authentication schemes in the order of preference: [Negotiate, Kerberos, NTLM, CredSSP, Digest, Basic]
?[0m?[0;34m2024-07-18T17:39:30.654-04:00 DEBUG 93785 --- [    Test worker] o.a.h.i.c.TargetAuthenticationStrategy   : Challenge for Negotiate authentication scheme not available
?[0m?[0;34m2024-07-18T17:39:30.654-04:00 DEBUG 93785 --- [    Test worker] o.a.h.i.c.TargetAuthenticationStrategy   : Challenge for Kerberos authentication scheme not available
?[0m?[0;34m2024-07-18T17:39:30.655-04:00 DEBUG 93785 --- [    Test worker] o.a.h.i.c.TargetAuthenticationStrategy   : Challenge for NTLM authentication scheme not available
?[0m?[0;34m2024-07-18T17:39:30.655-04:00 DEBUG 93785 --- [    Test worker] o.a.h.i.c.TargetAuthenticationStrategy   : Challenge for CredSSP authentication scheme not available
?[0m?[0;34m2024-07-18T17:39:30.655-04:00 DEBUG 93785 --- [    Test worker] o.a.h.i.c.TargetAuthenticationStrategy   : Challenge for Digest authentication scheme not available
?[0m?[0;34m2024-07-18T17:39:30.655-04:00 DEBUG 93785 --- [    Test worker] h.i.c.PoolingHttpClientConnectionManager : Connection [id: 8][route: {}->http://localhost:28852] can be kept alive for 60.0 seconds
?[0m?[0;34m2024-07-18T17:39:30.655-04:00 DEBUG 93785 --- [    Test worker] h.i.c.DefaultManagedHttpClientConnection : http-outgoing-8: set socket timeout to 0
?[0m?[0;34m2024-07-18T17:39:30.655-04:00 DEBUG 93785 --- [    Test worker] h.i.c.PoolingHttpClientConnectionManager : Connection released: [id: 8][route: {}->http://localhost:28852][total available: 1; route allocated: 1 of 2; total allocated: 1 of 20]
?[0m?[0;34m2024-07-18T17:39:30.655-04:00 DEBUG 93785 --- [    Test worker] o.a.h.c.protocol.ResponseProcessCookies  : Cookie accepted [JSESSIONID="829304ECD50C6CC6E81E12070608FE91", version:0, domain:localhost, path:/, expiry:null]
?[0m?[0;34m2024-07-18T17:39:30.655-04:00 DEBUG 93785 --- [    Test worker] o.a.http.impl.execchain.MainClientExec   : Cancelling request execution
?[0m?[0;34m2024-07-18T17:39:30.656-04:00 DEBUG 93785 --- [io-28852-exec-1] o.a.coyote.http11.Http11InputBuffer      : Before fill(): parsingHeader: [true], parsingRequestLine: [true], parsingRequestLinePhase: [0], parsingRequestLineStart: [0], byteBuffer.position(): [0], byteBuffer.limit(): [0], end: [213]
?[0m?[0;34m2024-07-18T17:39:30.656-04:00 DEBUG 93785 --- [io-28852-exec-1] o.a.tomcat.util.net.SocketWrapperBase    : Socket: [org.apache.tomcat.util.net.NioEndpoint$NioSocketWrapper@76dea729:org.apache.tomcat.util.net.NioChannel@78195782:java.nio.channels.SocketChannel[connected local=localhost/127.0.0.1:28852 remote=/127.0.0.1:62459]], Read from buffer: [0]
?[0m?[0;34m2024-07-18T17:39:30.656-04:00 DEBUG 93785 --- [io-28852-exec-1] org.apache.tomcat.util.net.NioEndpoint   : Socket: [org.apache.tomcat.util.net.NioEndpoint$NioSocketWrapper@76dea729:org.apache.tomcat.util.net.NioChannel@78195782:java.nio.channels.SocketChannel[connected local=localhost/127.0.0.1:28852 remote=/127.0.0.1:62459]], Read direct from socket: [0]
?[0m?[0;34m2024-07-18T17:39:30.656-04:00 DEBUG 93785 --- [io-28852-exec-1] o.a.coyote.http11.Http11InputBuffer      : Received []
?[0m?[0;34m2024-07-18T17:39:30.657-04:00 DEBUG 93785 --- [io-28852-exec-1] o.apache.coyote.http11.Http11Processor   : Socket: [org.apache.tomcat.util.net.NioEndpoint$NioSocketWrapper@76dea729:org.apache.tomcat.util.net.NioChannel@78195782:java.nio.channels.SocketChannel[connected local=localhost/127.0.0.1:28852 remote=/127.0.0.1:62459]], Status in: [OPEN_READ], State out: [OPEN]
?[0m?[0;34m2024-07-18T17:39:30.658-04:00 DEBUG 93785 --- [io-28852-exec-1] org.apache.tomcat.util.net.NioEndpoint   : Registered read interest for [org.apache.tomcat.util.net.NioEndpoint$NioSocketWrapper@76dea729:org.apache.tomcat.util.net.NioChannel@78195782:java.nio.channels.SocketChannel[connected local=localhost/127.0.0.1:28852 remote=/127.0.0.1:62459]]
?[0m2024-07-18T17:39:30.666-04:00 DEBUG 93785 --- [    Test worker] o.a.h.client.protocol.RequestAddCookies  : CookieSpec selected: default
2024-07-18T17:39:30.666-04:00 DEBUG 93785 --- [    Test worker] o.a.h.client.protocol.RequestAuthCache   : Auth cache not set in the context
2024-07-18T17:39:30.667-04:00 DEBUG 93785 --- [    Test worker] h.i.c.PoolingHttpClientConnectionManager : Connection request: [route: {}->http://localhost:28852][total available: 0; route allocated: 0 of 2; total allocated: 0 of 20]
2024-07-18T17:39:30.667-04:00 DEBUG 93785 --- [    Test worker] h.i.c.PoolingHttpClientConnectionManager : Connection leased: [id: 9][route: {}->http://localhost:28852][total available: 0; route allocated: 1 of 2; total allocated: 1 of 20]
2024-07-18T17:39:30.667-04:00 DEBUG 93785 --- [    Test worker] o.a.http.impl.execchain.MainClientExec   : Opening connection {}->http://localhost:28852
2024-07-18T17:39:30.668-04:00 DEBUG 93785 --- [    Test worker] .i.c.DefaultHttpClientConnectionOperator : Connecting to localhost/127.0.0.1:28852
2024-07-18T17:39:30.668-04:00 DEBUG 93785 --- [    Test worker] .i.c.DefaultHttpClientConnectionOperator : Connection established 127.0.0.1:62460<->127.0.0.1:28852
2024-07-18T17:39:30.668-04:00 DEBUG 93785 --- [    Test worker] o.a.http.impl.execchain.MainClientExec   : Executing request POST /actuator/shutdown HTTP/1.1
?[0m2024-07-18T17:39:30.668-04:00 DEBUG 93785 --- [-28852-Acceptor] o.apache.tomcat.util.threads.LimitLatch  : Counting up[http-nio-28852-Acceptor] latch=2
2024-07-18T17:39:30.668-04:00 DEBUG 93785 --- [    Test worker] o.a.http.impl.execchain.MainClientExec   : Target auth state: UNCHALLENGED
2024-07-18T17:39:30.668-04:00 DEBUG 93785 --- [    Test worker] o.a.http.impl.execchain.MainClientExec   : Proxy auth state: UNCHALLENGED
2024-07-18T17:39:30.669-04:00 DEBUG 93785 --- [    Test worker] org.apache.http.headers                  : http-outgoing-9 >> POST /actuator/shutdown HTTP/1.1
2024-07-18T17:39:30.669-04:00 DEBUG 93785 --- [    Test worker] org.apache.http.headers                  : http-outgoing-9 >> Content-Type: application/json
2024-07-18T17:39:30.669-04:00 DEBUG 93785 --- [    Test worker] org.apache.http.headers                  : http-outgoing-9 >> Content-Length: 0
2024-07-18T17:39:30.669-04:00 DEBUG 93785 --- [    Test worker] org.apache.http.headers                  : http-outgoing-9 >> Host: localhost:28852
2024-07-18T17:39:30.669-04:00 DEBUG 93785 --- [    Test worker] org.apache.http.headers                  : http-outgoing-9 >> Connection: Keep-Alive
2024-07-18T17:39:30.669-04:00 DEBUG 93785 --- [    Test worker] org.apache.http.headers                  : http-outgoing-9 >> User-Agent: Apache-HttpClient/4.5.14 (Java/17.0.11)
2024-07-18T17:39:30.669-04:00 DEBUG 93785 --- [    Test worker] org.apache.http.headers                  : http-outgoing-9 >> Accept-Encoding: gzip,deflate
2024-07-18T17:39:30.669-04:00 DEBUG 93785 --- [    Test worker] org.apache.http.wire                     : http-outgoing-9 >> "POST /actuator/shutdown HTTP/1.1[\r][\n]"
2024-07-18T17:39:30.669-04:00 DEBUG 93785 --- [    Test worker] org.apache.http.wire                     : http-outgoing-9 >> "Content-Type: application/json[\r][\n]"
2024-07-18T17:39:30.670-04:00 DEBUG 93785 --- [    Test worker] org.apache.http.wire                     : http-outgoing-9 >> "Content-Length: 0[\r][\n]"
2024-07-18T17:39:30.670-04:00 DEBUG 93785 --- [    Test worker] org.apache.http.wire                     : http-outgoing-9 >> "Host: localhost:28852[\r][\n]"
2024-07-18T17:39:30.670-04:00 DEBUG 93785 --- [    Test worker] org.apache.http.wire                     : http-outgoing-9 >> "Connection: Keep-Alive[\r][\n]"
2024-07-18T17:39:30.670-04:00 DEBUG 93785 --- [    Test worker] org.apache.http.wire                     : http-outgoing-9 >> "User-Agent: Apache-HttpClient/4.5.14 (Java/17.0.11)[\r][\n]"
2024-07-18T17:39:30.670-04:00 DEBUG 93785 --- [    Test worker] org.apache.http.wire                     : http-outgoing-9 >> "Accept-Encoding: gzip,deflate[\r][\n]"
2024-07-18T17:39:30.670-04:00 DEBUG 93785 --- [    Test worker] org.apache.http.wire                     : http-outgoing-9 >> "[\r][\n]"
2024-07-18T17:39:30.670-04:00 DEBUG 93785 --- [io-28852-exec-2] o.a.coyote.http11.Http11InputBuffer      : Before fill(): parsingHeader: [true], parsingRequestLine: [true], parsingRequestLinePhase: [0], parsingRequestLineStart: [0], byteBuffer.position(): [0], byteBuffer.limit(): [0], end: [213]
2024-07-18T17:39:30.670-04:00 DEBUG 93785 --- [io-28852-exec-2] o.a.tomcat.util.net.SocketWrapperBase    : Socket: [org.apache.tomcat.util.net.NioEndpoint$NioSocketWrapper@cf7347c:org.apache.tomcat.util.net.NioChannel@230db92:java.nio.channels.SocketChannel[connected local=/127.0.0.1:28852 remote=/127.0.0.1:62460]], Read from buffer: [0]
2024-07-18T17:39:30.671-04:00 DEBUG 93785 --- [io-28852-exec-2] org.apache.tomcat.util.net.NioEndpoint   : Socket: [org.apache.tomcat.util.net.NioEndpoint$NioSocketWrapper@cf7347c:org.apache.tomcat.util.net.NioChannel@230db92:java.nio.channels.SocketChannel[connected local=/127.0.0.1:28852 remote=/127.0.0.1:62460]], Read direct from socket: [218]
2024-07-18T17:39:30.671-04:00 DEBUG 93785 --- [io-28852-exec-2] o.a.coyote.http11.Http11InputBuffer      : Received [POST /actuator/shutdown HTTP/1.1
Content-Type: application/json
Content-Length: 0
Host: localhost:28852
Connection: Keep-Alive
User-Agent: Apache-HttpClient/4.5.14 (Java/17.0.11)
Accept-Encoding: gzip,deflate

]
2024-07-18T17:39:30.671-04:00 DEBUG 93785 --- [io-28852-exec-2] o.a.c.authenticator.AuthenticatorBase    : Security checking request POST /actuator/shutdown
2024-07-18T17:39:30.671-04:00 DEBUG 93785 --- [io-28852-exec-2] org.apache.catalina.realm.RealmBase      :   No applicable constraints defined
2024-07-18T17:39:30.671-04:00 DEBUG 93785 --- [io-28852-exec-2] o.a.c.authenticator.AuthenticatorBase    : Not subject to any constraint
2024-07-18T17:39:30.672-04:00 DEBUG 93785 --- [io-28852-exec-2] o.s.security.web.FilterChainProxy        : Securing POST /actuator/shutdown
2024-07-18T17:39:30.673-04:00 DEBUG 93785 --- [io-28852-exec-2] org.apache.tomcat.util.http.Parameters   : Set encoding to UTF-8
2024-07-18T17:39:30.673-04:00 DEBUG 93785 --- [io-28852-exec-2] o.s.s.w.a.AnonymousAuthenticationFilter  : Set SecurityContextHolder to anonymous SecurityContext
2024-07-18T17:39:30.674-04:00 DEBUG 93785 --- [io-28852-exec-2] s.b.a.e.w.s.WebMvcEndpointHandlerMapping : Mapped to Actuator web endpoint 'shutdown'
2024-07-18T17:39:30.674-04:00 DEBUG 93785 --- [io-28852-exec-2] s.b.a.e.w.s.WebMvcEndpointHandlerMapping : Mapped to Actuator web endpoint 'shutdown'
2024-07-18T17:39:30.674-04:00 DEBUG 93785 --- [io-28852-exec-2] o.s.s.w.a.i.FilterSecurityInterceptor    : Authorized filter invocation [POST /actuator/shutdown] with attributes [permitAll]
2024-07-18T17:39:30.675-04:00 DEBUG 93785 --- [io-28852-exec-2] o.s.security.web.FilterChainProxy        : Secured POST /actuator/shutdown
2024-07-18T17:39:30.675-04:00 DEBUG 93785 --- [io-28852-exec-2] o.s.web.servlet.DispatcherServlet        : POST "/actuator/shutdown", parameters={}
2024-07-18T17:39:30.675-04:00 DEBUG 93785 --- [io-28852-exec-2] s.b.a.e.w.s.WebMvcEndpointHandlerMapping : Mapped to Actuator web endpoint 'shutdown'
2024-07-18T17:39:30.677-04:00 DEBUG 93785 --- [io-28852-exec-2] m.m.a.RequestResponseBodyMethodProcessor : Read "application/json;charset=UTF-8" to []
2024-07-18T17:39:30.677-04:00 DEBUG 93785 --- [io-28852-exec-2] m.m.a.RequestResponseBodyMethodProcessor : Using 'application/vnd.spring-boot.actuator.v3+json', given [*/*] and supported [application/vnd.spring-boot.actuator.v3+json, application/vnd.spring-boot.actuator.v2+json, application/json]
2024-07-18T17:39:30.678-04:00 DEBUG 93785 --- [io-28852-exec-2] m.m.a.RequestResponseBodyMethodProcessor : Writing [org.springframework.boot.actuate.context.ShutdownEndpoint$ShutdownDescriptor@4d634e1f]
2024-07-18T17:39:30.679-04:00 DEBUG 93785 --- [    Test worker] org.apache.http.wire                     : http-outgoing-9 << "HTTP/1.1 200 [\r][\n]"
2024-07-18T17:39:30.679-04:00 DEBUG 93785 --- [io-28852-exec-2] o.s.web.servlet.DispatcherServlet        : Completed 200 OK
2024-07-18T17:39:30.680-04:00 DEBUG 93785 --- [    Test worker] org.apache.http.wire                     : http-outgoing-9 << "X-Content-Type-Options: nosniff[\r][\n]"
2024-07-18T17:39:30.680-04:00 DEBUG 93785 --- [    Test worker] org.apache.http.wire                     : http-outgoing-9 << "X-XSS-Protection: 0[\r][\n]"
2024-07-18T17:39:30.680-04:00 DEBUG 93785 --- [    Test worker] org.apache.http.wire                     : http-outgoing-9 << "Cache-Control: no-cache, no-store, max-age=0, must-revalidate[\r][\n]"
2024-07-18T17:39:30.680-04:00 DEBUG 93785 --- [    Test worker] org.apache.http.wire                     : http-outgoing-9 << "Pragma: no-cache[\r][\n]"
2024-07-18T17:39:30.680-04:00 DEBUG 93785 --- [    Test worker] org.apache.http.wire                     : http-outgoing-9 << "Expires: 0[\r][\n]"
2024-07-18T17:39:30.680-04:00 DEBUG 93785 --- [    Test worker] org.apache.http.wire                     : http-outgoing-9 << "Content-Type: application/vnd.spring-boot.actuator.v3+json[\r][\n]"
2024-07-18T17:39:30.680-04:00 DEBUG 93785 --- [    Test worker] org.apache.http.wire                     : http-outgoing-9 << "Transfer-Encoding: chunked[\r][\n]"
2024-07-18T17:39:30.680-04:00 DEBUG 93785 --- [    Test worker] org.apache.http.wire                     : http-outgoing-9 << "Date: Thu, 18 Jul 2024 21:39:30 GMT[\r][\n]"
2024-07-18T17:39:30.680-04:00 DEBUG 93785 --- [    Test worker] org.apache.http.wire                     : http-outgoing-9 << "Keep-Alive: timeout=60[\r][\n]"
2024-07-18T17:39:30.681-04:00 DEBUG 93785 --- [    Test worker] org.apache.http.wire                     : http-outgoing-9 << "Connection: keep-alive[\r][\n]"
2024-07-18T17:39:30.681-04:00 DEBUG 93785 --- [io-28852-exec-2] o.a.coyote.http11.Http11InputBuffer      : Before fill(): parsingHeader: [true], parsingRequestLine: [true], parsingRequestLinePhase: [0], parsingRequestLineStart: [0], byteBuffer.position(): [0], byteBuffer.limit(): [0], end: [218]
2024-07-18T17:39:30.681-04:00 DEBUG 93785 --- [    Test worker] org.apache.http.wire                     : http-outgoing-9 << "[\r][\n]"
2024-07-18T17:39:30.681-04:00 DEBUG 93785 --- [    Test worker] org.apache.http.wire                     : http-outgoing-9 << "23[\r][\n]"
2024-07-18T17:39:30.681-04:00 DEBUG 93785 --- [io-28852-exec-2] o.a.tomcat.util.net.SocketWrapperBase    : Socket: [org.apache.tomcat.util.net.NioEndpoint$NioSocketWrapper@cf7347c:org.apache.tomcat.util.net.NioChannel@230db92:java.nio.channels.SocketChannel[connected local=/127.0.0.1:28852 remote=/127.0.0.1:62460]], Read from buffer: [0]
2024-07-18T17:39:30.681-04:00 DEBUG 93785 --- [io-28852-exec-2] org.apache.tomcat.util.net.NioEndpoint   : Socket: [org.apache.tomcat.util.net.NioEndpoint$NioSocketWrapper@cf7347c:org.apache.tomcat.util.net.NioChannel@230db92:java.nio.channels.SocketChannel[connected local=/127.0.0.1:28852 remote=/127.0.0.1:62460]], Read direct from socket: [0]
2024-07-18T17:39:30.681-04:00 DEBUG 93785 --- [io-28852-exec-2] o.a.coyote.http11.Http11InputBuffer      : Received []
2024-07-18T17:39:30.681-04:00 DEBUG 93785 --- [    Test worker] org.apache.http.wire                     : http-outgoing-9 << "{"message":"Shutting down, bye..."}[\r][\n]"
2024-07-18T17:39:30.681-04:00 DEBUG 93785 --- [io-28852-exec-2] o.apache.coyote.http11.Http11Processor   : Socket: [org.apache.tomcat.util.net.NioEndpoint$NioSocketWrapper@cf7347c:org.apache.tomcat.util.net.NioChannel@230db92:java.nio.channels.SocketChannel[connected local=/127.0.0.1:28852 remote=/127.0.0.1:62460]], Status in: [OPEN_READ], State out: [OPEN]
2024-07-18T17:39:30.681-04:00 DEBUG 93785 --- [io-28852-exec-2] org.apache.tomcat.util.net.NioEndpoint   : Registered read interest for [org.apache.tomcat.util.net.NioEndpoint$NioSocketWrapper@cf7347c:org.apache.tomcat.util.net.NioChannel@230db92:java.nio.channels.SocketChannel[connected local=/127.0.0.1:28852 remote=/127.0.0.1:62460]]
2024-07-18T17:39:30.681-04:00 DEBUG 93785 --- [    Test worker] org.apache.http.headers                  : http-outgoing-9 << HTTP/1.1 200 
2024-07-18T17:39:30.682-04:00 DEBUG 93785 --- [    Test worker] org.apache.http.headers                  : http-outgoing-9 << X-Content-Type-Options: nosniff
2024-07-18T17:39:30.682-04:00 DEBUG 93785 --- [    Test worker] org.apache.http.headers                  : http-outgoing-9 << X-XSS-Protection: 0
2024-07-18T17:39:30.682-04:00 DEBUG 93785 --- [    Test worker] org.apache.http.headers                  : http-outgoing-9 << Cache-Control: no-cache, no-store, max-age=0, must-revalidate
2024-07-18T17:39:30.682-04:00 DEBUG 93785 --- [    Test worker] org.apache.http.headers                  : http-outgoing-9 << Pragma: no-cache
2024-07-18T17:39:30.682-04:00 DEBUG 93785 --- [    Test worker] org.apache.http.headers                  : http-outgoing-9 << Expires: 0
2024-07-18T17:39:30.682-04:00 DEBUG 93785 --- [    Test worker] org.apache.http.headers                  : http-outgoing-9 << Content-Type: application/vnd.spring-boot.actuator.v3+json
2024-07-18T17:39:30.682-04:00 DEBUG 93785 --- [    Test worker] org.apache.http.headers                  : http-outgoing-9 << Transfer-Encoding: chunked
2024-07-18T17:39:30.682-04:00 DEBUG 93785 --- [    Test worker] org.apache.http.headers                  : http-outgoing-9 << Date: Thu, 18 Jul 2024 21:39:30 GMT
2024-07-18T17:39:30.682-04:00 DEBUG 93785 --- [    Test worker] org.apache.http.headers                  : http-outgoing-9 << Keep-Alive: timeout=60
2024-07-18T17:39:30.682-04:00 DEBUG 93785 --- [    Test worker] org.apache.http.headers                  : http-outgoing-9 << Connection: keep-alive
2024-07-18T17:39:30.683-04:00 DEBUG 93785 --- [    Test worker] o.a.http.impl.execchain.MainClientExec   : Connection can be kept alive for 60000 MILLISECONDS
2024-07-18T17:39:30.683-04:00 DEBUG 93785 --- [    Test worker] org.apache.http.wire                     : http-outgoing-9 << "0[\r][\n]"
2024-07-18T17:39:30.683-04:00 DEBUG 93785 --- [    Test worker] org.apache.http.wire                     : http-outgoing-9 << "[\r][\n]"
2024-07-18T17:39:30.683-04:00 DEBUG 93785 --- [    Test worker] h.i.c.PoolingHttpClientConnectionManager : Connection [id: 9][route: {}->http://localhost:28852] can be kept alive for 60.0 seconds
2024-07-18T17:39:30.683-04:00 DEBUG 93785 --- [    Test worker] h.i.c.DefaultManagedHttpClientConnection : http-outgoing-9: set socket timeout to 0
2024-07-18T17:39:30.683-04:00 DEBUG 93785 --- [    Test worker] h.i.c.PoolingHttpClientConnectionManager : Connection released: [id: 9][route: {}->http://localhost:28852][total available: 1; route allocated: 1 of 2; total allocated: 1 of 20]
2024-07-18T17:39:30.683-04:00 DEBUG 93785 --- [    Test worker] o.a.http.impl.execchain.MainClientExec   : Cancelling request execution
]]></system-out>
  <system-err><![CDATA[]]></system-err>
</testsuite>
